Dataset is sst, undersample is False, aug mode is None, geo is 0.5, small_label is 1 small_prop is 0.5, balance_seed is 2
Training epoch 0 | loss: 0.64765 - accuracy: 0.64494
Validating epoch 0 | loss: 0.53086 - accuracy: 0.78899
Training epoch 1 | loss: 0.53144 - accuracy: 0.77327
Validating epoch 1 | loss: 0.52375 - accuracy: 0.7844
Training epoch 2 | loss: 0.51753 - accuracy: 0.78555
Validating epoch 2 | loss: 0.50749 - accuracy: 0.80046
Training epoch 3 | loss: 0.50278 - accuracy: 0.80694
Validating epoch 3 | loss: 0.52503 - accuracy: 0.78096
Training epoch 4 | loss: 0.48669 - accuracy: 0.81893
Validating epoch 4 | loss: 0.51029 - accuracy: 0.79358
Training epoch 5 | loss: 0.46832 - accuracy: 0.83728
Validating epoch 5 | loss: 0.50669 - accuracy: 0.79702
Training epoch 6 | loss: 0.46281 - accuracy: 0.8461
Validating epoch 6 | loss: 0.5087 - accuracy: 0.80275
Training epoch 7 | loss: 0.46165 - accuracy: 0.8448
Validating epoch 7 | loss: 0.51172 - accuracy: 0.79817
Training epoch 8 | loss: 0.44625 - accuracy: 0.86113
Validating epoch 8 | loss: 0.5016 - accuracy: 0.80619
Training epoch 9 | loss: 0.44828 - accuracy: 0.85939
Validating epoch 9 | loss: 0.50206 - accuracy: 0.8039
Training epoch 10 | loss: 0.43556 - accuracy: 0.87688
Validating epoch 10 | loss: 0.50782 - accuracy: 0.79931
Training epoch 11 | loss: 0.42985 - accuracy: 0.88526
Validating epoch 11 | loss: 0.50676 - accuracy: 0.80046
Training epoch 12 | loss: 0.41938 - accuracy: 0.89249
Validating epoch 12 | loss: 0.49905 - accuracy: 0.80963
Training epoch 13 | loss: 0.42527 - accuracy: 0.88425
Validating epoch 13 | loss: 0.5061 - accuracy: 0.80619
Training epoch 14 | loss: 0.4077 - accuracy: 0.9026
Validating epoch 14 | loss: 0.50564 - accuracy: 0.80275
Training epoch 15 | loss: 0.40694 - accuracy: 0.90332
Validating epoch 15 | loss: 0.50961 - accuracy: 0.80275
Training epoch 16 | loss: 0.39886 - accuracy: 0.91243
Validating epoch 16 | loss: 0.51292 - accuracy: 0.79472
Training epoch 17 | loss: 0.39824 - accuracy: 0.91503
Validating epoch 17 | loss: 0.50513 - accuracy: 0.80619
Training epoch 18 | loss: 0.4038 - accuracy: 0.90939
Validating epoch 18 | loss: 0.50151 - accuracy: 0.80849
Training epoch 19 | loss: 0.39538 - accuracy: 0.91575
Validating epoch 19 | loss: 0.50418 - accuracy: 0.80849
Training epoch 20 | loss: 0.38982 - accuracy: 0.92182
Validating epoch 20 | loss: 0.50738 - accuracy: 0.80505
Training epoch 21 | loss: 0.39319 - accuracy: 0.92052
Validating epoch 21 | loss: 0.51217 - accuracy: 0.80161
Training epoch 22 | loss: 0.39195 - accuracy: 0.91908
Validating epoch 22 | loss: 0.50521 - accuracy: 0.80619
Training epoch 23 | loss: 0.38654 - accuracy: 0.92457
Validating epoch 23 | loss: 0.50978 - accuracy: 0.80046
Training epoch 24 | loss: 0.38171 - accuracy: 0.92991
Validating epoch 24 | loss: 0.49996 - accuracy: 0.80963
Training epoch 25 | loss: 0.37685 - accuracy: 0.93772
Validating epoch 25 | loss: 0.50324 - accuracy: 0.80849
Training epoch 26 | loss: 0.37316 - accuracy: 0.93887
Validating epoch 26 | loss: 0.5015 - accuracy: 0.81078
Training epoch 27 | loss: 0.39098 - accuracy: 0.92081
Validating epoch 27 | loss: 0.51058 - accuracy: 0.80046
Training epoch 28 | loss: 0.39167 - accuracy: 0.91893
Validating epoch 28 | loss: 0.50366 - accuracy: 0.81078
Training epoch 29 | loss: 0.37722 - accuracy: 0.93468
Validating epoch 29 | loss: 0.52061 - accuracy: 0.79128
Training epoch 30 | loss: 0.39497 - accuracy: 0.91532
Validating epoch 30 | loss: 0.50063 - accuracy: 0.81078
Training epoch 31 | loss: 0.38547 - accuracy: 0.93006
Validating epoch 31 | loss: 0.50927 - accuracy: 0.8039
Training epoch 32 | loss: 0.38591 - accuracy: 0.92847
Validating epoch 32 | loss: 0.513 - accuracy: 0.79587
Training epoch 33 | loss: 0.38263 - accuracy: 0.93092
Validating epoch 33 | loss: 0.50413 - accuracy: 0.80849
Training epoch 34 | loss: 0.36684 - accuracy: 0.9461
Validating epoch 34 | loss: 0.50523 - accuracy: 0.80849
Training epoch 35 | loss: 0.37105 - accuracy: 0.94263
Validating epoch 35 | loss: 0.50978 - accuracy: 0.79931
Training epoch 36 | loss: 0.37211 - accuracy: 0.94451
Validating epoch 36 | loss: 0.50063 - accuracy: 0.81307
Training epoch 37 | loss: 0.36448 - accuracy: 0.94783
Validating epoch 37 | loss: 0.51041 - accuracy: 0.80275
Training epoch 38 | loss: 0.364 - accuracy: 0.94841
Validating epoch 38 | loss: 0.5044 - accuracy: 0.80619
Training epoch 39 | loss: 0.3661 - accuracy: 0.94639
Validating epoch 39 | loss: 0.51061 - accuracy: 0.80046
Training epoch 40 | loss: 0.3628 - accuracy: 0.94957
Validating epoch 40 | loss: 0.52939 - accuracy: 0.78211
Training epoch 41 | loss: 0.37317 - accuracy: 0.94118
Validating epoch 41 | loss: 0.51055 - accuracy: 0.80275
Training epoch 42 | loss: 0.36788 - accuracy: 0.94422
Validating epoch 42 | loss: 0.52087 - accuracy: 0.79128
Training epoch 43 | loss: 0.36273 - accuracy: 0.94913
Validating epoch 43 | loss: 0.50178 - accuracy: 0.81307
Training epoch 44 | loss: 0.35955 - accuracy: 0.95289
Validating epoch 44 | loss: 0.5107 - accuracy: 0.80275
Training epoch 45 | loss: 0.35765 - accuracy: 0.9552
Validating epoch 45 | loss: 0.51029 - accuracy: 0.8039
Training epoch 46 | loss: 0.35862 - accuracy: 0.95376
Validating epoch 46 | loss: 0.50904 - accuracy: 0.8039
Training epoch 47 | loss: 0.36177 - accuracy: 0.95058
Validating epoch 47 | loss: 0.49815 - accuracy: 0.81307
Training epoch 48 | loss: 0.36894 - accuracy: 0.94509
Validating epoch 48 | loss: 0.50151 - accuracy: 0.81193
Training epoch 49 | loss: 0.37428 - accuracy: 0.93974
Validating epoch 49 | loss: 0.51305 - accuracy: 0.79931
Training epoch 50 | loss: 0.36382 - accuracy: 0.95
Validating epoch 50 | loss: 0.51248 - accuracy: 0.79931
Training epoch 51 | loss: 0.35908 - accuracy: 0.95347
Validating epoch 51 | loss: 0.51476 - accuracy: 0.79702
Training epoch 52 | loss: 0.35733 - accuracy: 0.9552
Validating epoch 52 | loss: 0.51424 - accuracy: 0.79931
Training epoch 53 | loss: 0.35918 - accuracy: 0.95332
Validating epoch 53 | loss: 0.50781 - accuracy: 0.80275
Training epoch 54 | loss: 0.36713 - accuracy: 0.94827
Validating epoch 54 | loss: 0.51416 - accuracy: 0.79587
Training epoch 55 | loss: 0.38197 - accuracy: 0.92905
Validating epoch 55 | loss: 0.53098 - accuracy: 0.78096
Training epoch 56 | loss: 0.36622 - accuracy: 0.94595
Validating epoch 56 | loss: 0.51254 - accuracy: 0.79931
Training epoch 57 | loss: 0.36059 - accuracy: 0.95159
Validating epoch 57 | loss: 0.51092 - accuracy: 0.80161
Training epoch 58 | loss: 0.35847 - accuracy: 0.95405
Validating epoch 58 | loss: 0.50372 - accuracy: 0.80849
Training epoch 59 | loss: 0.35729 - accuracy: 0.9552
Validating epoch 59 | loss: 0.51159 - accuracy: 0.79931
Training epoch 60 | loss: 0.35815 - accuracy: 0.95636
Validating epoch 60 | loss: 0.50566 - accuracy: 0.80505
Training epoch 61 | loss: 0.35681 - accuracy: 0.95549
Validating epoch 61 | loss: 0.50404 - accuracy: 0.80734
Training epoch 62 | loss: 0.35818 - accuracy: 0.95434
Validating epoch 62 | loss: 0.50349 - accuracy: 0.81078
Training epoch 63 | loss: 0.35441 - accuracy: 0.95795
Validating epoch 63 | loss: 0.50293 - accuracy: 0.80734
Training epoch 64 | loss: 0.35626 - accuracy: 0.95578
Validating epoch 64 | loss: 0.51178 - accuracy: 0.80161
Training epoch 65 | loss: 0.36377 - accuracy: 0.95058
Validating epoch 65 | loss: 0.50808 - accuracy: 0.80505
Training epoch 66 | loss: 0.36451 - accuracy: 0.94942
Validating epoch 66 | loss: 0.51023 - accuracy: 0.80275
Training epoch 67 | loss: 0.3582 - accuracy: 0.95665
Validating epoch 67 | loss: 0.51029 - accuracy: 0.80046
Training epoch 68 | loss: 0.35545 - accuracy: 0.95723
Validating epoch 68 | loss: 0.51103 - accuracy: 0.80046
Training epoch 69 | loss: 0.36461 - accuracy: 0.94769
Validating epoch 69 | loss: 0.5115 - accuracy: 0.80046
Training epoch 70 | loss: 0.36367 - accuracy: 0.94827
Validating epoch 70 | loss: 0.50986 - accuracy: 0.80275
Training epoch 71 | loss: 0.35762 - accuracy: 0.95477
Validating epoch 71 | loss: 0.51355 - accuracy: 0.79931
Training epoch 72 | loss: 0.35567 - accuracy: 0.95665
Validating epoch 72 | loss: 0.51195 - accuracy: 0.80046
Training epoch 73 | loss: 0.35699 - accuracy: 0.95535
Validating epoch 73 | loss: 0.51236 - accuracy: 0.80046
Training epoch 74 | loss: 0.35762 - accuracy: 0.95723
Validating epoch 74 | loss: 0.51049 - accuracy: 0.80046
Training epoch 75 | loss: 0.35759 - accuracy: 0.95477
Validating epoch 75 | loss: 0.49828 - accuracy: 0.81422
Training epoch 76 | loss: 0.35675 - accuracy: 0.95795
Validating epoch 76 | loss: 0.50461 - accuracy: 0.80619
Training epoch 77 | loss: 0.35618 - accuracy: 0.95824
Validating epoch 77 | loss: 0.50283 - accuracy: 0.81078
Training epoch 78 | loss: 0.36128 - accuracy: 0.95101
Validating epoch 78 | loss: 0.50383 - accuracy: 0.80849
Training epoch 79 | loss: 0.36234 - accuracy: 0.95434
Validating epoch 79 | loss: 0.49763 - accuracy: 0.81193
Training epoch 80 | loss: 0.35556 - accuracy: 0.95708
Validating epoch 80 | loss: 0.50138 - accuracy: 0.81078
Training epoch 81 | loss: 0.35444 - accuracy: 0.9578
Validating epoch 81 | loss: 0.51131 - accuracy: 0.80161
Training epoch 82 | loss: 0.3752 - accuracy: 0.93873
Validating epoch 82 | loss: 0.52766 - accuracy: 0.7844
Training epoch 83 | loss: 0.38827 - accuracy: 0.9224
Validating epoch 83 | loss: 0.52003 - accuracy: 0.79243
Training epoch 84 | loss: 0.36372 - accuracy: 0.9487
Validating epoch 84 | loss: 0.52077 - accuracy: 0.79243
Training epoch 85 | loss: 0.35526 - accuracy: 0.95708
Validating epoch 85 | loss: 0.51139 - accuracy: 0.80046
Training epoch 86 | loss: 0.35515 - accuracy: 0.95737
Validating epoch 86 | loss: 0.51596 - accuracy: 0.79702
Training epoch 87 | loss: 0.35767 - accuracy: 0.9591
Validating epoch 87 | loss: 0.52379 - accuracy: 0.79014
Training epoch 88 | loss: 0.35526 - accuracy: 0.95679
Validating epoch 88 | loss: 0.51535 - accuracy: 0.79817
Training epoch 89 | loss: 0.35518 - accuracy: 0.95723
Validating epoch 89 | loss: 0.51753 - accuracy: 0.79587
Training epoch 90 | loss: 0.36098 - accuracy: 0.95101
Validating epoch 90 | loss: 0.51099 - accuracy: 0.80161
Training epoch 91 | loss: 0.35755 - accuracy: 0.95708
Validating epoch 91 | loss: 0.51634 - accuracy: 0.79702
Training epoch 92 | loss: 0.35567 - accuracy: 0.9591
Validating epoch 92 | loss: 0.51262 - accuracy: 0.80046
Training epoch 93 | loss: 0.35836 - accuracy: 0.95824
Validating epoch 93 | loss: 0.51691 - accuracy: 0.79472
Training epoch 94 | loss: 0.35062 - accuracy: 0.96214
Validating epoch 94 | loss: 0.51444 - accuracy: 0.79817
Training epoch 95 | loss: 0.35133 - accuracy: 0.96113
Validating epoch 95 | loss: 0.51924 - accuracy: 0.79358
Training epoch 96 | loss: 0.35381 - accuracy: 0.96098
Validating epoch 96 | loss: 0.51814 - accuracy: 0.79472
Training epoch 97 | loss: 0.35362 - accuracy: 0.96113
Validating epoch 97 | loss: 0.51869 - accuracy: 0.79243
Training epoch 98 | loss: 0.35054 - accuracy: 0.96228
Validating epoch 98 | loss: 0.51917 - accuracy: 0.79358
Training epoch 99 | loss: 0.35608 - accuracy: 0.95621
Validating epoch 99 | loss: 0.51735 - accuracy: 0.79472
Dataset is sst, undersample is True, aug mode is None, geo is 0.5, small_label is 1 small_prop is 0.5, balance_seed is 2
Training epoch 0 | loss: 0.68929 - accuracy: 0.56593
Validating epoch 0 | loss: 0.67047 - accuracy: 0.72706
Training epoch 1 | loss: 0.62546 - accuracy: 0.72548
Validating epoch 1 | loss: 0.58833 - accuracy: 0.72133
Training epoch 2 | loss: 0.55268 - accuracy: 0.75928
Validating epoch 2 | loss: 0.53053 - accuracy: 0.78211
Training epoch 3 | loss: 0.52679 - accuracy: 0.78753
Validating epoch 3 | loss: 0.54615 - accuracy: 0.75803
Training epoch 4 | loss: 0.5206 - accuracy: 0.78781
Validating epoch 4 | loss: 0.54236 - accuracy: 0.76147
Training epoch 5 | loss: 0.51103 - accuracy: 0.79945
Validating epoch 5 | loss: 0.51286 - accuracy: 0.79472
Training epoch 6 | loss: 0.48515 - accuracy: 0.82271
Validating epoch 6 | loss: 0.51341 - accuracy: 0.79243
Training epoch 7 | loss: 0.47574 - accuracy: 0.83296
Validating epoch 7 | loss: 0.52021 - accuracy: 0.7867
Training epoch 8 | loss: 0.47377 - accuracy: 0.83989
Validating epoch 8 | loss: 0.50572 - accuracy: 0.80161
Training epoch 9 | loss: 0.4795 - accuracy: 0.83352
Validating epoch 9 | loss: 0.53298 - accuracy: 0.77752
Training epoch 10 | loss: 0.47817 - accuracy: 0.83269
Validating epoch 10 | loss: 0.50887 - accuracy: 0.8039
Training epoch 11 | loss: 0.45526 - accuracy: 0.85235
Validating epoch 11 | loss: 0.50559 - accuracy: 0.80046
Training epoch 12 | loss: 0.44308 - accuracy: 0.86731
Validating epoch 12 | loss: 0.5156 - accuracy: 0.79358
Training epoch 13 | loss: 0.45464 - accuracy: 0.85457
Validating epoch 13 | loss: 0.51773 - accuracy: 0.79128
Training epoch 14 | loss: 0.43182 - accuracy: 0.87812
Validating epoch 14 | loss: 0.51228 - accuracy: 0.79587
Training epoch 15 | loss: 0.42896 - accuracy: 0.88144
Validating epoch 15 | loss: 0.50969 - accuracy: 0.79931
Training epoch 16 | loss: 0.42219 - accuracy: 0.88753
Validating epoch 16 | loss: 0.50613 - accuracy: 0.80619
Training epoch 17 | loss: 0.41956 - accuracy: 0.89058
Validating epoch 17 | loss: 0.51093 - accuracy: 0.80046
Training epoch 18 | loss: 0.40942 - accuracy: 0.90083
Validating epoch 18 | loss: 0.52551 - accuracy: 0.78211
Training epoch 19 | loss: 0.41611 - accuracy: 0.89391
Validating epoch 19 | loss: 0.51907 - accuracy: 0.78784
Training epoch 20 | loss: 0.40603 - accuracy: 0.90554
Validating epoch 20 | loss: 0.51045 - accuracy: 0.79817
Training epoch 21 | loss: 0.40581 - accuracy: 0.90859
Validating epoch 21 | loss: 0.5295 - accuracy: 0.78326
Training epoch 22 | loss: 0.47545 - accuracy: 0.83352
Validating epoch 22 | loss: 0.50127 - accuracy: 0.80505
Training epoch 23 | loss: 0.40218 - accuracy: 0.90803
Validating epoch 23 | loss: 0.5202 - accuracy: 0.79014
Training epoch 24 | loss: 0.39368 - accuracy: 0.91994
Validating epoch 24 | loss: 0.5088 - accuracy: 0.80161
Training epoch 25 | loss: 0.41059 - accuracy: 0.90055
Validating epoch 25 | loss: 0.50945 - accuracy: 0.80275
Training epoch 26 | loss: 0.41461 - accuracy: 0.89668
Validating epoch 26 | loss: 0.50683 - accuracy: 0.8039
Training epoch 27 | loss: 0.40847 - accuracy: 0.90139
Validating epoch 27 | loss: 0.50034 - accuracy: 0.81193
Training epoch 28 | loss: 0.39634 - accuracy: 0.91884
Validating epoch 28 | loss: 0.50941 - accuracy: 0.8039
Training epoch 29 | loss: 0.40864 - accuracy: 0.9036
Validating epoch 29 | loss: 0.51212 - accuracy: 0.79931
Training epoch 30 | loss: 0.41616 - accuracy: 0.89418
Validating epoch 30 | loss: 0.51356 - accuracy: 0.79472
Training epoch 31 | loss: 0.39214 - accuracy: 0.9205
Validating epoch 31 | loss: 0.51458 - accuracy: 0.79702
Training epoch 32 | loss: 0.38582 - accuracy: 0.92659
Validating epoch 32 | loss: 0.5017 - accuracy: 0.81078
Training epoch 33 | loss: 0.38379 - accuracy: 0.92936
Validating epoch 33 | loss: 0.5057 - accuracy: 0.80505
Training epoch 34 | loss: 0.38027 - accuracy: 0.93158
Validating epoch 34 | loss: 0.5057 - accuracy: 0.80619
Training epoch 35 | loss: 0.39089 - accuracy: 0.92327
Validating epoch 35 | loss: 0.52067 - accuracy: 0.79014
Training epoch 36 | loss: 0.3805 - accuracy: 0.93213
Validating epoch 36 | loss: 0.51175 - accuracy: 0.80046
Training epoch 37 | loss: 0.3812 - accuracy: 0.93296
Validating epoch 37 | loss: 0.5215 - accuracy: 0.78899
Training epoch 38 | loss: 0.38839 - accuracy: 0.9277
Validating epoch 38 | loss: 0.50698 - accuracy: 0.80619
Training epoch 39 | loss: 0.37964 - accuracy: 0.9338
Validating epoch 39 | loss: 0.50658 - accuracy: 0.80505
Training epoch 40 | loss: 0.37499 - accuracy: 0.93878
Validating epoch 40 | loss: 0.51421 - accuracy: 0.79817
Training epoch 41 | loss: 0.38104 - accuracy: 0.93352
Validating epoch 41 | loss: 0.50377 - accuracy: 0.80849
Training epoch 42 | loss: 0.37245 - accuracy: 0.94017
Validating epoch 42 | loss: 0.49924 - accuracy: 0.81422
Training epoch 43 | loss: 0.37491 - accuracy: 0.93934
Validating epoch 43 | loss: 0.50916 - accuracy: 0.80275
Training epoch 44 | loss: 0.37275 - accuracy: 0.94211
Validating epoch 44 | loss: 0.50389 - accuracy: 0.80849
Training epoch 45 | loss: 0.36898 - accuracy: 0.94404
Validating epoch 45 | loss: 0.50395 - accuracy: 0.80849
Training epoch 46 | loss: 0.37008 - accuracy: 0.94238
Validating epoch 46 | loss: 0.50974 - accuracy: 0.8039
Training epoch 47 | loss: 0.37321 - accuracy: 0.94072
Validating epoch 47 | loss: 0.51134 - accuracy: 0.80046
Training epoch 48 | loss: 0.3679 - accuracy: 0.9446
Validating epoch 48 | loss: 0.50604 - accuracy: 0.80734
Training epoch 49 | loss: 0.36934 - accuracy: 0.94432
Validating epoch 49 | loss: 0.50484 - accuracy: 0.80849
Training epoch 50 | loss: 0.38156 - accuracy: 0.93047
Validating epoch 50 | loss: 0.51107 - accuracy: 0.80046
Training epoch 51 | loss: 0.3781 - accuracy: 0.9338
Validating epoch 51 | loss: 0.51455 - accuracy: 0.79817
Training epoch 52 | loss: 0.36972 - accuracy: 0.94432
Validating epoch 52 | loss: 0.50883 - accuracy: 0.80275
Training epoch 53 | loss: 0.37659 - accuracy: 0.93573
Validating epoch 53 | loss: 0.49958 - accuracy: 0.81193
Training epoch 54 | loss: 0.37006 - accuracy: 0.94349
Validating epoch 54 | loss: 0.49837 - accuracy: 0.81422
Training epoch 55 | loss: 0.3693 - accuracy: 0.94571
Validating epoch 55 | loss: 0.50436 - accuracy: 0.80734
Training epoch 56 | loss: 0.36609 - accuracy: 0.9482
Validating epoch 56 | loss: 0.49814 - accuracy: 0.81193
Training epoch 57 | loss: 0.36646 - accuracy: 0.94626
Validating epoch 57 | loss: 0.50603 - accuracy: 0.80619
Training epoch 58 | loss: 0.36802 - accuracy: 0.94571
Validating epoch 58 | loss: 0.50193 - accuracy: 0.81193
Training epoch 59 | loss: 0.37321 - accuracy: 0.93906
Validating epoch 59 | loss: 0.51779 - accuracy: 0.79358
Training epoch 60 | loss: 0.38967 - accuracy: 0.92161
Validating epoch 60 | loss: 0.52149 - accuracy: 0.79014
Training epoch 61 | loss: 0.38109 - accuracy: 0.93213
Validating epoch 61 | loss: 0.51522 - accuracy: 0.79817
Training epoch 62 | loss: 0.37849 - accuracy: 0.93823
Validating epoch 62 | loss: 0.50781 - accuracy: 0.80505
Training epoch 63 | loss: 0.37393 - accuracy: 0.94044
Validating epoch 63 | loss: 0.50761 - accuracy: 0.80275
Training epoch 64 | loss: 0.36741 - accuracy: 0.9446
Validating epoch 64 | loss: 0.51268 - accuracy: 0.79931
Training epoch 65 | loss: 0.36633 - accuracy: 0.94626
Validating epoch 65 | loss: 0.50905 - accuracy: 0.80275
Training epoch 66 | loss: 0.36691 - accuracy: 0.9482
Validating epoch 66 | loss: 0.50607 - accuracy: 0.80619
Training epoch 67 | loss: 0.36669 - accuracy: 0.9446
Validating epoch 67 | loss: 0.51786 - accuracy: 0.79358
Training epoch 68 | loss: 0.36666 - accuracy: 0.94432
Validating epoch 68 | loss: 0.51274 - accuracy: 0.79817
Training epoch 69 | loss: 0.36564 - accuracy: 0.94709
Validating epoch 69 | loss: 0.51046 - accuracy: 0.8039
Training epoch 70 | loss: 0.36649 - accuracy: 0.94709
Validating epoch 70 | loss: 0.50431 - accuracy: 0.80963
Training epoch 71 | loss: 0.36283 - accuracy: 0.94875
Validating epoch 71 | loss: 0.51151 - accuracy: 0.80046
Training epoch 72 | loss: 0.35962 - accuracy: 0.95263
Validating epoch 72 | loss: 0.50414 - accuracy: 0.80734
Training epoch 73 | loss: 0.35738 - accuracy: 0.95457
Validating epoch 73 | loss: 0.5061 - accuracy: 0.80619
Training epoch 74 | loss: 0.36096 - accuracy: 0.95319
Validating epoch 74 | loss: 0.50219 - accuracy: 0.81078
Training epoch 75 | loss: 0.36311 - accuracy: 0.95235
Validating epoch 75 | loss: 0.5081 - accuracy: 0.80275
Training epoch 76 | loss: 0.35972 - accuracy: 0.95457
Validating epoch 76 | loss: 0.51225 - accuracy: 0.79702
Training epoch 77 | loss: 0.36179 - accuracy: 0.95125
Validating epoch 77 | loss: 0.50735 - accuracy: 0.80505
Training epoch 78 | loss: 0.36512 - accuracy: 0.94875
Validating epoch 78 | loss: 0.51285 - accuracy: 0.80046
Training epoch 79 | loss: 0.359 - accuracy: 0.95263
Validating epoch 79 | loss: 0.50494 - accuracy: 0.81078
Training epoch 80 | loss: 0.36052 - accuracy: 0.95485
Validating epoch 80 | loss: 0.50773 - accuracy: 0.80619
Training epoch 81 | loss: 0.3682 - accuracy: 0.94737
Validating epoch 81 | loss: 0.52359 - accuracy: 0.79014
Training epoch 82 | loss: 0.36993 - accuracy: 0.9446
Validating epoch 82 | loss: 0.51465 - accuracy: 0.79817
Training epoch 83 | loss: 0.36025 - accuracy: 0.95152
Validating epoch 83 | loss: 0.5117 - accuracy: 0.80505
Training epoch 84 | loss: 0.35549 - accuracy: 0.95679
Validating epoch 84 | loss: 0.5058 - accuracy: 0.80734
Training epoch 85 | loss: 0.35727 - accuracy: 0.95402
Validating epoch 85 | loss: 0.51879 - accuracy: 0.79587
Training epoch 86 | loss: 0.36198 - accuracy: 0.9518
Validating epoch 86 | loss: 0.50204 - accuracy: 0.81078
Training epoch 87 | loss: 0.3631 - accuracy: 0.94931
Validating epoch 87 | loss: 0.51784 - accuracy: 0.79587
Training epoch 88 | loss: 0.36417 - accuracy: 0.9482
Validating epoch 88 | loss: 0.51693 - accuracy: 0.79472
Training epoch 89 | loss: 0.35898 - accuracy: 0.95457
Validating epoch 89 | loss: 0.50355 - accuracy: 0.81078
Training epoch 90 | loss: 0.35871 - accuracy: 0.95457
Validating epoch 90 | loss: 0.504 - accuracy: 0.80963
Training epoch 91 | loss: 0.35563 - accuracy: 0.95623
Validating epoch 91 | loss: 0.50203 - accuracy: 0.80849
Training epoch 92 | loss: 0.35686 - accuracy: 0.95596
Validating epoch 92 | loss: 0.50426 - accuracy: 0.80849
Training epoch 93 | loss: 0.35618 - accuracy: 0.95817
Validating epoch 93 | loss: 0.50222 - accuracy: 0.81193
Training epoch 94 | loss: 0.3552 - accuracy: 0.95928
Validating epoch 94 | loss: 0.50824 - accuracy: 0.80505
Training epoch 95 | loss: 0.35566 - accuracy: 0.95845
Validating epoch 95 | loss: 0.50943 - accuracy: 0.80161
Training epoch 96 | loss: 0.35588 - accuracy: 0.95845
Validating epoch 96 | loss: 0.50467 - accuracy: 0.80619
Training epoch 97 | loss: 0.35646 - accuracy: 0.95762
Validating epoch 97 | loss: 0.50652 - accuracy: 0.80619
Training epoch 98 | loss: 0.35291 - accuracy: 0.96039
Validating epoch 98 | loss: 0.5063 - accuracy: 0.80505
Training epoch 99 | loss: 0.3528 - accuracy: 0.96066
Validating epoch 99 | loss: 0.50522 - accuracy: 0.80619
Dataset is sst, undersample is False, aug mode is trans, geo is 0.3, small_label is 1 small_prop is 0.5, balance_seed is 2
Training epoch 0 | loss: 0.65887 - accuracy: 0.6052
Validating epoch 0 | loss: 0.58926 - accuracy: 0.73165
Training epoch 1 | loss: 0.5338 - accuracy: 0.7763
Validating epoch 1 | loss: 0.51984 - accuracy: 0.7844
Training epoch 2 | loss: 0.5137 - accuracy: 0.79118
Validating epoch 2 | loss: 0.55237 - accuracy: 0.75688
Training epoch 3 | loss: 0.51218 - accuracy: 0.80217
Validating epoch 3 | loss: 0.5175 - accuracy: 0.79243
Training epoch 4 | loss: 0.49068 - accuracy: 0.8104
Validating epoch 4 | loss: 0.51506 - accuracy: 0.78899
Training epoch 5 | loss: 0.48709 - accuracy: 0.82139
Validating epoch 5 | loss: 0.50585 - accuracy: 0.80505
Training epoch 6 | loss: 0.48228 - accuracy: 0.82775
Validating epoch 6 | loss: 0.50729 - accuracy: 0.79817
Training epoch 7 | loss: 0.48241 - accuracy: 0.82514
Validating epoch 7 | loss: 0.50902 - accuracy: 0.80161
Training epoch 8 | loss: 0.46832 - accuracy: 0.83974
Validating epoch 8 | loss: 0.50442 - accuracy: 0.80275
Training epoch 9 | loss: 0.46406 - accuracy: 0.84191
Validating epoch 9 | loss: 0.51183 - accuracy: 0.79243
Training epoch 10 | loss: 0.45871 - accuracy: 0.84899
Validating epoch 10 | loss: 0.50166 - accuracy: 0.80046
Training epoch 11 | loss: 0.44992 - accuracy: 0.85809
Validating epoch 11 | loss: 0.51054 - accuracy: 0.79931
Training epoch 12 | loss: 0.46214 - accuracy: 0.84697
Validating epoch 12 | loss: 0.5074 - accuracy: 0.79931
Training epoch 13 | loss: 0.44936 - accuracy: 0.86171
Validating epoch 13 | loss: 0.50344 - accuracy: 0.80619
Training epoch 14 | loss: 0.44435 - accuracy: 0.8698
Validating epoch 14 | loss: 0.52626 - accuracy: 0.78555
Training epoch 15 | loss: 0.47186 - accuracy: 0.83454
Validating epoch 15 | loss: 0.51669 - accuracy: 0.79358
Training epoch 16 | loss: 0.44227 - accuracy: 0.86821
Validating epoch 16 | loss: 0.50227 - accuracy: 0.80849
Training epoch 17 | loss: 0.44203 - accuracy: 0.86272
Validating epoch 17 | loss: 0.49601 - accuracy: 0.80734
Training epoch 18 | loss: 0.4269 - accuracy: 0.88454
Validating epoch 18 | loss: 0.49437 - accuracy: 0.81537
Training epoch 19 | loss: 0.45005 - accuracy: 0.86171
Validating epoch 19 | loss: 0.50383 - accuracy: 0.8039
Training epoch 20 | loss: 0.42157 - accuracy: 0.88786
Validating epoch 20 | loss: 0.50721 - accuracy: 0.79817
Training epoch 21 | loss: 0.41922 - accuracy: 0.89133
Validating epoch 21 | loss: 0.49962 - accuracy: 0.80619
Training epoch 22 | loss: 0.41096 - accuracy: 0.89841
Validating epoch 22 | loss: 0.5056 - accuracy: 0.80161
Training epoch 23 | loss: 0.41112 - accuracy: 0.89769
Validating epoch 23 | loss: 0.52278 - accuracy: 0.7844
Training epoch 24 | loss: 0.40902 - accuracy: 0.90188
Validating epoch 24 | loss: 0.49235 - accuracy: 0.81766
Training epoch 25 | loss: 0.40604 - accuracy: 0.90621
Validating epoch 25 | loss: 0.50045 - accuracy: 0.80849
Training epoch 26 | loss: 0.40755 - accuracy: 0.90347
Validating epoch 26 | loss: 0.50057 - accuracy: 0.80849
Training epoch 27 | loss: 0.40363 - accuracy: 0.90694
Validating epoch 27 | loss: 0.50505 - accuracy: 0.80734
Training epoch 28 | loss: 0.4024 - accuracy: 0.91113
Validating epoch 28 | loss: 0.51242 - accuracy: 0.79702
Training epoch 29 | loss: 0.42469 - accuracy: 0.88786
Validating epoch 29 | loss: 0.49611 - accuracy: 0.80963
Training epoch 30 | loss: 0.39527 - accuracy: 0.91431
Validating epoch 30 | loss: 0.496 - accuracy: 0.81307
Training epoch 31 | loss: 0.39412 - accuracy: 0.91908
Validating epoch 31 | loss: 0.50644 - accuracy: 0.8039
Training epoch 32 | loss: 0.4013 - accuracy: 0.91301
Validating epoch 32 | loss: 0.50062 - accuracy: 0.80734
Training epoch 33 | loss: 0.4046 - accuracy: 0.90853
Validating epoch 33 | loss: 0.50419 - accuracy: 0.80619
Training epoch 34 | loss: 0.39552 - accuracy: 0.91647
Validating epoch 34 | loss: 0.5003 - accuracy: 0.81307
Training epoch 35 | loss: 0.3868 - accuracy: 0.92659
Validating epoch 35 | loss: 0.50473 - accuracy: 0.8039
Training epoch 36 | loss: 0.3835 - accuracy: 0.9302
Validating epoch 36 | loss: 0.4989 - accuracy: 0.80849
Training epoch 37 | loss: 0.38515 - accuracy: 0.9263
Validating epoch 37 | loss: 0.50671 - accuracy: 0.80619
Training epoch 38 | loss: 0.39001 - accuracy: 0.91965
Validating epoch 38 | loss: 0.49557 - accuracy: 0.81651
Training epoch 39 | loss: 0.38596 - accuracy: 0.92746
Validating epoch 39 | loss: 0.50217 - accuracy: 0.80849
Training epoch 40 | loss: 0.38381 - accuracy: 0.93136
Validating epoch 40 | loss: 0.52534 - accuracy: 0.78326
Training epoch 41 | loss: 0.39572 - accuracy: 0.91445
Validating epoch 41 | loss: 0.50927 - accuracy: 0.8039
Training epoch 42 | loss: 0.38581 - accuracy: 0.92587
Validating epoch 42 | loss: 0.51326 - accuracy: 0.79587
Training epoch 43 | loss: 0.38491 - accuracy: 0.92558
Validating epoch 43 | loss: 0.50356 - accuracy: 0.80849
Training epoch 44 | loss: 0.37629 - accuracy: 0.93829
Validating epoch 44 | loss: 0.50205 - accuracy: 0.80963
Training epoch 45 | loss: 0.37727 - accuracy: 0.93584
Validating epoch 45 | loss: 0.50439 - accuracy: 0.80505
Training epoch 46 | loss: 0.37913 - accuracy: 0.93454
Validating epoch 46 | loss: 0.50327 - accuracy: 0.80619
Training epoch 47 | loss: 0.3797 - accuracy: 0.93396
Validating epoch 47 | loss: 0.51387 - accuracy: 0.79472
Training epoch 48 | loss: 0.3863 - accuracy: 0.92442
Validating epoch 48 | loss: 0.50733 - accuracy: 0.80275
Training epoch 49 | loss: 0.37641 - accuracy: 0.93786
Validating epoch 49 | loss: 0.5298 - accuracy: 0.78211
Training epoch 50 | loss: 0.37778 - accuracy: 0.93338
Validating epoch 50 | loss: 0.50992 - accuracy: 0.80046
Training epoch 51 | loss: 0.37145 - accuracy: 0.94003
Validating epoch 51 | loss: 0.50771 - accuracy: 0.80505
Training epoch 52 | loss: 0.37012 - accuracy: 0.94191
Validating epoch 52 | loss: 0.51574 - accuracy: 0.79817
Training epoch 53 | loss: 0.37246 - accuracy: 0.93887
Validating epoch 53 | loss: 0.50436 - accuracy: 0.80963
Training epoch 54 | loss: 0.36903 - accuracy: 0.9435
Validating epoch 54 | loss: 0.51075 - accuracy: 0.79817
Training epoch 55 | loss: 0.37296 - accuracy: 0.94032
Validating epoch 55 | loss: 0.50665 - accuracy: 0.80505
Training epoch 56 | loss: 0.38615 - accuracy: 0.9276
Validating epoch 56 | loss: 0.50662 - accuracy: 0.80849
Training epoch 57 | loss: 0.37166 - accuracy: 0.93945
Validating epoch 57 | loss: 0.5079 - accuracy: 0.8039
Training epoch 58 | loss: 0.37521 - accuracy: 0.93569
Validating epoch 58 | loss: 0.51951 - accuracy: 0.79472
Training epoch 59 | loss: 0.37263 - accuracy: 0.94162
Validating epoch 59 | loss: 0.52243 - accuracy: 0.78784
Training epoch 60 | loss: 0.37283 - accuracy: 0.94017
Validating epoch 60 | loss: 0.52014 - accuracy: 0.78899
Training epoch 61 | loss: 0.3663 - accuracy: 0.94509
Validating epoch 61 | loss: 0.51523 - accuracy: 0.79472
Training epoch 62 | loss: 0.36551 - accuracy: 0.94855
Validating epoch 62 | loss: 0.5196 - accuracy: 0.79128
Training epoch 63 | loss: 0.38345 - accuracy: 0.92905
Validating epoch 63 | loss: 0.51209 - accuracy: 0.79931
Training epoch 64 | loss: 0.3735 - accuracy: 0.9409
Validating epoch 64 | loss: 0.50956 - accuracy: 0.80275
Training epoch 65 | loss: 0.36748 - accuracy: 0.94798
Validating epoch 65 | loss: 0.50209 - accuracy: 0.81078
Training epoch 66 | loss: 0.36652 - accuracy: 0.9474
Validating epoch 66 | loss: 0.50111 - accuracy: 0.80734
Training epoch 67 | loss: 0.36525 - accuracy: 0.94841
Validating epoch 67 | loss: 0.50685 - accuracy: 0.8039
Training epoch 68 | loss: 0.36106 - accuracy: 0.95101
Validating epoch 68 | loss: 0.50575 - accuracy: 0.80161
Training epoch 69 | loss: 0.35829 - accuracy: 0.95376
Validating epoch 69 | loss: 0.51728 - accuracy: 0.79358
Training epoch 70 | loss: 0.35835 - accuracy: 0.95592
Validating epoch 70 | loss: 0.51006 - accuracy: 0.8039
Training epoch 71 | loss: 0.35899 - accuracy: 0.95303
Validating epoch 71 | loss: 0.50904 - accuracy: 0.79931
Training epoch 72 | loss: 0.36302 - accuracy: 0.94899
Validating epoch 72 | loss: 0.5075 - accuracy: 0.80505
Training epoch 73 | loss: 0.36666 - accuracy: 0.94552
Validating epoch 73 | loss: 0.51959 - accuracy: 0.79243
Training epoch 74 | loss: 0.36175 - accuracy: 0.95029
Validating epoch 74 | loss: 0.526 - accuracy: 0.7844
Training epoch 75 | loss: 0.36168 - accuracy: 0.95231
Validating epoch 75 | loss: 0.51913 - accuracy: 0.79472
Training epoch 76 | loss: 0.35924 - accuracy: 0.95289
Validating epoch 76 | loss: 0.51732 - accuracy: 0.79243
Training epoch 77 | loss: 0.36141 - accuracy: 0.94957
Validating epoch 77 | loss: 0.50717 - accuracy: 0.80275
Training epoch 78 | loss: 0.35968 - accuracy: 0.95246
Validating epoch 78 | loss: 0.52573 - accuracy: 0.78211
Training epoch 79 | loss: 0.35939 - accuracy: 0.95217
Validating epoch 79 | loss: 0.51477 - accuracy: 0.79702
Training epoch 80 | loss: 0.35826 - accuracy: 0.95347
Validating epoch 80 | loss: 0.5119 - accuracy: 0.80046
Training epoch 81 | loss: 0.35554 - accuracy: 0.95708
Validating epoch 81 | loss: 0.51952 - accuracy: 0.79243
Training epoch 82 | loss: 0.36477 - accuracy: 0.94725
Validating epoch 82 | loss: 0.50661 - accuracy: 0.8039
Training epoch 83 | loss: 0.36165 - accuracy: 0.95477
Validating epoch 83 | loss: 0.50487 - accuracy: 0.80505
Training epoch 84 | loss: 0.35623 - accuracy: 0.95578
Validating epoch 84 | loss: 0.51121 - accuracy: 0.80046
Training epoch 85 | loss: 0.35306 - accuracy: 0.96185
Validating epoch 85 | loss: 0.51428 - accuracy: 0.79931
Training epoch 86 | loss: 0.35287 - accuracy: 0.95925
Validating epoch 86 | loss: 0.51654 - accuracy: 0.79587
Training epoch 87 | loss: 0.35542 - accuracy: 0.95925
Validating epoch 87 | loss: 0.50884 - accuracy: 0.80505
Training epoch 88 | loss: 0.35931 - accuracy: 0.95159
Validating epoch 88 | loss: 0.50956 - accuracy: 0.80046
Training epoch 89 | loss: 0.36115 - accuracy: 0.95072
Validating epoch 89 | loss: 0.50256 - accuracy: 0.80963
Training epoch 90 | loss: 0.36015 - accuracy: 0.95303
Validating epoch 90 | loss: 0.52686 - accuracy: 0.78555
Training epoch 91 | loss: 0.37067 - accuracy: 0.94061
Validating epoch 91 | loss: 0.51832 - accuracy: 0.79358
Training epoch 92 | loss: 0.35837 - accuracy: 0.95419
Validating epoch 92 | loss: 0.51531 - accuracy: 0.79358
Training epoch 93 | loss: 0.35885 - accuracy: 0.9552
Validating epoch 93 | loss: 0.52685 - accuracy: 0.7844
Training epoch 94 | loss: 0.35909 - accuracy: 0.95303
Validating epoch 94 | loss: 0.51132 - accuracy: 0.80161
Training epoch 95 | loss: 0.35599 - accuracy: 0.95621
Validating epoch 95 | loss: 0.5277 - accuracy: 0.78555
Training epoch 96 | loss: 0.3577 - accuracy: 0.95679
Validating epoch 96 | loss: 0.5138 - accuracy: 0.79472
Training epoch 97 | loss: 0.35354 - accuracy: 0.95882
Validating epoch 97 | loss: 0.5152 - accuracy: 0.79587
Training epoch 98 | loss: 0.35304 - accuracy: 0.95882
Validating epoch 98 | loss: 0.52224 - accuracy: 0.79014
Training epoch 99 | loss: 0.3595 - accuracy: 0.95477
Validating epoch 99 | loss: 0.50558 - accuracy: 0.80849
Dataset is sst, undersample is False, aug mode is trans, geo is 0.4, small_label is 1 small_prop is 0.5, balance_seed is 2
Training epoch 0 | loss: 0.66588 - accuracy: 0.58497
Validating epoch 0 | loss: 0.56135 - accuracy: 0.77638
Training epoch 1 | loss: 0.54607 - accuracy: 0.76199
Validating epoch 1 | loss: 0.56051 - accuracy: 0.73509
Training epoch 2 | loss: 0.52665 - accuracy: 0.77962
Validating epoch 2 | loss: 0.51728 - accuracy: 0.7867
Training epoch 3 | loss: 0.49574 - accuracy: 0.81301
Validating epoch 3 | loss: 0.51803 - accuracy: 0.79358
Training epoch 4 | loss: 0.49445 - accuracy: 0.81171
Validating epoch 4 | loss: 0.51798 - accuracy: 0.7867
Training epoch 5 | loss: 0.47843 - accuracy: 0.82558
Validating epoch 5 | loss: 0.50685 - accuracy: 0.79702
Training epoch 6 | loss: 0.47627 - accuracy: 0.83382
Validating epoch 6 | loss: 0.50524 - accuracy: 0.8039
Training epoch 7 | loss: 0.46581 - accuracy: 0.8396
Validating epoch 7 | loss: 0.50265 - accuracy: 0.80734
Training epoch 8 | loss: 0.4604 - accuracy: 0.85101
Validating epoch 8 | loss: 0.49716 - accuracy: 0.81078
Training epoch 9 | loss: 0.45112 - accuracy: 0.85809
Validating epoch 9 | loss: 0.51987 - accuracy: 0.78899
Training epoch 10 | loss: 0.45269 - accuracy: 0.85419
Validating epoch 10 | loss: 0.52622 - accuracy: 0.77867
Training epoch 11 | loss: 0.44265 - accuracy: 0.86387
Validating epoch 11 | loss: 0.51354 - accuracy: 0.79587
Training epoch 12 | loss: 0.43527 - accuracy: 0.87486
Validating epoch 12 | loss: 0.49896 - accuracy: 0.81422
Training epoch 13 | loss: 0.43539 - accuracy: 0.87587
Validating epoch 13 | loss: 0.50295 - accuracy: 0.80275
Training epoch 14 | loss: 0.43885 - accuracy: 0.87254
Validating epoch 14 | loss: 0.50737 - accuracy: 0.79817
Training epoch 15 | loss: 0.43683 - accuracy: 0.87688
Validating epoch 15 | loss: 0.50658 - accuracy: 0.79587
Training epoch 16 | loss: 0.43 - accuracy: 0.88251
Validating epoch 16 | loss: 0.50287 - accuracy: 0.80619
Training epoch 17 | loss: 0.4176 - accuracy: 0.89176
Validating epoch 17 | loss: 0.50348 - accuracy: 0.80505
Training epoch 18 | loss: 0.41044 - accuracy: 0.9013
Validating epoch 18 | loss: 0.50202 - accuracy: 0.80849
Training epoch 19 | loss: 0.42153 - accuracy: 0.88714
Validating epoch 19 | loss: 0.50877 - accuracy: 0.79931
Training epoch 20 | loss: 0.41047 - accuracy: 0.89841
Validating epoch 20 | loss: 0.52288 - accuracy: 0.78555
Training epoch 21 | loss: 0.42121 - accuracy: 0.88671
Validating epoch 21 | loss: 0.51294 - accuracy: 0.79931
Training epoch 22 | loss: 0.40369 - accuracy: 0.90795
Validating epoch 22 | loss: 0.51599 - accuracy: 0.78899
Training epoch 23 | loss: 0.39629 - accuracy: 0.91416
Validating epoch 23 | loss: 0.52372 - accuracy: 0.78326
Training epoch 24 | loss: 0.3997 - accuracy: 0.90954
Validating epoch 24 | loss: 0.50291 - accuracy: 0.80619
Training epoch 25 | loss: 0.40532 - accuracy: 0.90795
Validating epoch 25 | loss: 0.49975 - accuracy: 0.81193
Training epoch 26 | loss: 0.39336 - accuracy: 0.91734
Validating epoch 26 | loss: 0.50498 - accuracy: 0.80505
Training epoch 27 | loss: 0.40867 - accuracy: 0.90029
Validating epoch 27 | loss: 0.51343 - accuracy: 0.79587
Training epoch 28 | loss: 0.39194 - accuracy: 0.91908
Validating epoch 28 | loss: 0.50904 - accuracy: 0.79817
Training epoch 29 | loss: 0.38718 - accuracy: 0.92327
Validating epoch 29 | loss: 0.51687 - accuracy: 0.79243
Training epoch 30 | loss: 0.39072 - accuracy: 0.92153
Validating epoch 30 | loss: 0.5176 - accuracy: 0.79702
Training epoch 31 | loss: 0.40057 - accuracy: 0.91199
Validating epoch 31 | loss: 0.51562 - accuracy: 0.79243
Training epoch 32 | loss: 0.42661 - accuracy: 0.88584
Validating epoch 32 | loss: 0.51026 - accuracy: 0.79931
Training epoch 33 | loss: 0.39433 - accuracy: 0.92038
Validating epoch 33 | loss: 0.51194 - accuracy: 0.79817
Training epoch 34 | loss: 0.38319 - accuracy: 0.92731
Validating epoch 34 | loss: 0.52166 - accuracy: 0.78555
Training epoch 35 | loss: 0.3812 - accuracy: 0.92977
Validating epoch 35 | loss: 0.51397 - accuracy: 0.79358
Training epoch 36 | loss: 0.38245 - accuracy: 0.93092
Validating epoch 36 | loss: 0.51558 - accuracy: 0.79472
Training epoch 37 | loss: 0.37467 - accuracy: 0.93728
Validating epoch 37 | loss: 0.5123 - accuracy: 0.79702
Training epoch 38 | loss: 0.37301 - accuracy: 0.93945
Validating epoch 38 | loss: 0.52013 - accuracy: 0.78899
Training epoch 39 | loss: 0.39344 - accuracy: 0.91879
Validating epoch 39 | loss: 0.51621 - accuracy: 0.79128
Training epoch 40 | loss: 0.38428 - accuracy: 0.9289
Validating epoch 40 | loss: 0.52033 - accuracy: 0.79128
Training epoch 41 | loss: 0.36946 - accuracy: 0.9422
Validating epoch 41 | loss: 0.5109 - accuracy: 0.79931
Training epoch 42 | loss: 0.3749 - accuracy: 0.94205
Validating epoch 42 | loss: 0.5165 - accuracy: 0.79358
Training epoch 43 | loss: 0.37862 - accuracy: 0.93439
Validating epoch 43 | loss: 0.51702 - accuracy: 0.78899
Training epoch 44 | loss: 0.36817 - accuracy: 0.94422
Validating epoch 44 | loss: 0.51615 - accuracy: 0.79587
Training epoch 45 | loss: 0.37462 - accuracy: 0.93945
Validating epoch 45 | loss: 0.51153 - accuracy: 0.79931
Training epoch 46 | loss: 0.38217 - accuracy: 0.92832
Validating epoch 46 | loss: 0.51697 - accuracy: 0.79358
Training epoch 47 | loss: 0.37216 - accuracy: 0.94147
Validating epoch 47 | loss: 0.51456 - accuracy: 0.79702
Training epoch 48 | loss: 0.36672 - accuracy: 0.94725
Validating epoch 48 | loss: 0.51951 - accuracy: 0.79243
Training epoch 49 | loss: 0.36549 - accuracy: 0.94668
Validating epoch 49 | loss: 0.52051 - accuracy: 0.78784
Training epoch 50 | loss: 0.36514 - accuracy: 0.94682
Validating epoch 50 | loss: 0.51442 - accuracy: 0.79587
Training epoch 51 | loss: 0.3664 - accuracy: 0.94538
Validating epoch 51 | loss: 0.51108 - accuracy: 0.80161
Training epoch 52 | loss: 0.36959 - accuracy: 0.94465
Validating epoch 52 | loss: 0.50923 - accuracy: 0.80275
Training epoch 53 | loss: 0.37199 - accuracy: 0.93988
Validating epoch 53 | loss: 0.52021 - accuracy: 0.79014
Training epoch 54 | loss: 0.36329 - accuracy: 0.94928
Validating epoch 54 | loss: 0.51738 - accuracy: 0.79472
Training epoch 55 | loss: 0.36665 - accuracy: 0.94942
Validating epoch 55 | loss: 0.51726 - accuracy: 0.79472
Training epoch 56 | loss: 0.36205 - accuracy: 0.95
Validating epoch 56 | loss: 0.50869 - accuracy: 0.8039
Training epoch 57 | loss: 0.36699 - accuracy: 0.94509
Validating epoch 57 | loss: 0.53474 - accuracy: 0.77752
Training epoch 58 | loss: 0.37034 - accuracy: 0.94118
Validating epoch 58 | loss: 0.52213 - accuracy: 0.79014
Training epoch 59 | loss: 0.36935 - accuracy: 0.94436
Validating epoch 59 | loss: 0.51694 - accuracy: 0.79472
Training epoch 60 | loss: 0.36224 - accuracy: 0.95
Validating epoch 60 | loss: 0.5063 - accuracy: 0.80619
Training epoch 61 | loss: 0.37438 - accuracy: 0.93685
Validating epoch 61 | loss: 0.51233 - accuracy: 0.79931
Training epoch 62 | loss: 0.36633 - accuracy: 0.94581
Validating epoch 62 | loss: 0.51995 - accuracy: 0.79014
Training epoch 63 | loss: 0.36291 - accuracy: 0.94928
Validating epoch 63 | loss: 0.51222 - accuracy: 0.80161
Training epoch 64 | loss: 0.36806 - accuracy: 0.94769
Validating epoch 64 | loss: 0.51144 - accuracy: 0.79817
Training epoch 65 | loss: 0.37985 - accuracy: 0.93266
Validating epoch 65 | loss: 0.52385 - accuracy: 0.78899
Training epoch 66 | loss: 0.36595 - accuracy: 0.94812
Validating epoch 66 | loss: 0.52536 - accuracy: 0.7867
Training epoch 67 | loss: 0.36256 - accuracy: 0.94913
Validating epoch 67 | loss: 0.52441 - accuracy: 0.78326
Training epoch 68 | loss: 0.36036 - accuracy: 0.9513
Validating epoch 68 | loss: 0.53052 - accuracy: 0.77982
Training epoch 69 | loss: 0.37311 - accuracy: 0.94032
Validating epoch 69 | loss: 0.5208 - accuracy: 0.79358
Training epoch 70 | loss: 0.36159 - accuracy: 0.95058
Validating epoch 70 | loss: 0.53212 - accuracy: 0.78096
Training epoch 71 | loss: 0.35842 - accuracy: 0.95347
Validating epoch 71 | loss: 0.51948 - accuracy: 0.79243
Training epoch 72 | loss: 0.36324 - accuracy: 0.95116
Validating epoch 72 | loss: 0.52314 - accuracy: 0.79128
Training epoch 73 | loss: 0.35834 - accuracy: 0.95376
Validating epoch 73 | loss: 0.52452 - accuracy: 0.7867
Training epoch 74 | loss: 0.35543 - accuracy: 0.95708
Validating epoch 74 | loss: 0.52508 - accuracy: 0.78555
Training epoch 75 | loss: 0.36055 - accuracy: 0.95173
Validating epoch 75 | loss: 0.52417 - accuracy: 0.78899
Training epoch 76 | loss: 0.36453 - accuracy: 0.94913
Validating epoch 76 | loss: 0.52533 - accuracy: 0.78784
Training epoch 77 | loss: 0.35808 - accuracy: 0.95434
Validating epoch 77 | loss: 0.52904 - accuracy: 0.78326
Training epoch 78 | loss: 0.36038 - accuracy: 0.95376
Validating epoch 78 | loss: 0.52871 - accuracy: 0.78211
Training epoch 79 | loss: 0.36173 - accuracy: 0.9487
Validating epoch 79 | loss: 0.52711 - accuracy: 0.78326
Training epoch 80 | loss: 0.35842 - accuracy: 0.95376
Validating epoch 80 | loss: 0.52157 - accuracy: 0.79014
Training epoch 81 | loss: 0.36037 - accuracy: 0.95376
Validating epoch 81 | loss: 0.51911 - accuracy: 0.79358
Training epoch 82 | loss: 0.35443 - accuracy: 0.95824
Validating epoch 82 | loss: 0.52539 - accuracy: 0.7867
Training epoch 83 | loss: 0.35791 - accuracy: 0.95419
Validating epoch 83 | loss: 0.51656 - accuracy: 0.79472
Training epoch 84 | loss: 0.35921 - accuracy: 0.9526
Validating epoch 84 | loss: 0.52586 - accuracy: 0.7867
Training epoch 85 | loss: 0.36185 - accuracy: 0.95231
Validating epoch 85 | loss: 0.51838 - accuracy: 0.79243
Training epoch 86 | loss: 0.35419 - accuracy: 0.9578
Validating epoch 86 | loss: 0.53405 - accuracy: 0.77638
Training epoch 87 | loss: 0.35858 - accuracy: 0.95318
Validating epoch 87 | loss: 0.5215 - accuracy: 0.79128
Training epoch 88 | loss: 0.35278 - accuracy: 0.95983
Validating epoch 88 | loss: 0.51992 - accuracy: 0.79128
Training epoch 89 | loss: 0.35505 - accuracy: 0.95665
Validating epoch 89 | loss: 0.51769 - accuracy: 0.79243
Training epoch 90 | loss: 0.35754 - accuracy: 0.95491
Validating epoch 90 | loss: 0.52979 - accuracy: 0.78211
Training epoch 91 | loss: 0.35543 - accuracy: 0.95694
Validating epoch 91 | loss: 0.53115 - accuracy: 0.78211
Training epoch 92 | loss: 0.35328 - accuracy: 0.95896
Validating epoch 92 | loss: 0.52766 - accuracy: 0.78211
Training epoch 93 | loss: 0.35465 - accuracy: 0.95766
Validating epoch 93 | loss: 0.52712 - accuracy: 0.7844
Training epoch 94 | loss: 0.35205 - accuracy: 0.96055
Validating epoch 94 | loss: 0.52679 - accuracy: 0.78326
Training epoch 95 | loss: 0.35439 - accuracy: 0.95809
Validating epoch 95 | loss: 0.53327 - accuracy: 0.77638
Training epoch 96 | loss: 0.35205 - accuracy: 0.96012
Validating epoch 96 | loss: 0.53505 - accuracy: 0.77523
Training epoch 97 | loss: 0.35426 - accuracy: 0.96026
Validating epoch 97 | loss: 0.52454 - accuracy: 0.78555
Training epoch 98 | loss: 0.35361 - accuracy: 0.95853
Validating epoch 98 | loss: 0.53031 - accuracy: 0.78211
Training epoch 99 | loss: 0.35475 - accuracy: 0.95766
Validating epoch 99 | loss: 0.53946 - accuracy: 0.77064
Dataset is sst, undersample is False, aug mode is trans, geo is 0.5, small_label is 1 small_prop is 0.5, balance_seed is 2
Training epoch 0 | loss: 0.66662 - accuracy: 0.58743
Validating epoch 0 | loss: 0.57214 - accuracy: 0.77523
Training epoch 1 | loss: 0.54717 - accuracy: 0.76777
Validating epoch 1 | loss: 0.56164 - accuracy: 0.74885
Training epoch 2 | loss: 0.52482 - accuracy: 0.78035
Validating epoch 2 | loss: 0.51368 - accuracy: 0.79243
Training epoch 3 | loss: 0.49433 - accuracy: 0.80867
Validating epoch 3 | loss: 0.5025 - accuracy: 0.80505
Training epoch 4 | loss: 0.48227 - accuracy: 0.82442
Validating epoch 4 | loss: 0.52251 - accuracy: 0.78096
Training epoch 5 | loss: 0.48432 - accuracy: 0.82327
Validating epoch 5 | loss: 0.50153 - accuracy: 0.8039
Training epoch 6 | loss: 0.47275 - accuracy: 0.83309
Validating epoch 6 | loss: 0.50858 - accuracy: 0.79931
Training epoch 7 | loss: 0.4712 - accuracy: 0.83685
Validating epoch 7 | loss: 0.49623 - accuracy: 0.81078
Training epoch 8 | loss: 0.45821 - accuracy: 0.84884
Validating epoch 8 | loss: 0.49044 - accuracy: 0.81881
Training epoch 9 | loss: 0.44865 - accuracy: 0.86257
Validating epoch 9 | loss: 0.51847 - accuracy: 0.78784
Training epoch 10 | loss: 0.44514 - accuracy: 0.8646
Validating epoch 10 | loss: 0.49807 - accuracy: 0.81307
Training epoch 11 | loss: 0.4391 - accuracy: 0.87023
Validating epoch 11 | loss: 0.52749 - accuracy: 0.78211
Training epoch 12 | loss: 0.43882 - accuracy: 0.87081
Validating epoch 12 | loss: 0.50141 - accuracy: 0.80505
Training epoch 13 | loss: 0.43461 - accuracy: 0.87457
Validating epoch 13 | loss: 0.50374 - accuracy: 0.80275
Training epoch 14 | loss: 0.43211 - accuracy: 0.87558
Validating epoch 14 | loss: 0.50683 - accuracy: 0.8039
Training epoch 15 | loss: 0.42031 - accuracy: 0.89133
Validating epoch 15 | loss: 0.51209 - accuracy: 0.79702
Training epoch 16 | loss: 0.41921 - accuracy: 0.88829
Validating epoch 16 | loss: 0.50036 - accuracy: 0.80849
Training epoch 17 | loss: 0.41388 - accuracy: 0.90029
Validating epoch 17 | loss: 0.50029 - accuracy: 0.80619
Training epoch 18 | loss: 0.41069 - accuracy: 0.90405
Validating epoch 18 | loss: 0.50644 - accuracy: 0.80046
Training epoch 19 | loss: 0.41765 - accuracy: 0.89595
Validating epoch 19 | loss: 0.49662 - accuracy: 0.81651
Training epoch 20 | loss: 0.41071 - accuracy: 0.90058
Validating epoch 20 | loss: 0.51203 - accuracy: 0.79587
Training epoch 21 | loss: 0.40609 - accuracy: 0.90564
Validating epoch 21 | loss: 0.51348 - accuracy: 0.79472
Training epoch 22 | loss: 0.39748 - accuracy: 0.91329
Validating epoch 22 | loss: 0.49943 - accuracy: 0.81193
Training epoch 23 | loss: 0.39415 - accuracy: 0.91864
Validating epoch 23 | loss: 0.50118 - accuracy: 0.81078
Training epoch 24 | loss: 0.39707 - accuracy: 0.91257
Validating epoch 24 | loss: 0.50083 - accuracy: 0.81078
Training epoch 25 | loss: 0.39309 - accuracy: 0.92081
Validating epoch 25 | loss: 0.49222 - accuracy: 0.81766
Training epoch 26 | loss: 0.39825 - accuracy: 0.91199
Validating epoch 26 | loss: 0.50663 - accuracy: 0.80505
Training epoch 27 | loss: 0.4164 - accuracy: 0.89408
Validating epoch 27 | loss: 0.53025 - accuracy: 0.78096
Training epoch 28 | loss: 0.40395 - accuracy: 0.90491
Validating epoch 28 | loss: 0.50339 - accuracy: 0.80505
Training epoch 29 | loss: 0.38947 - accuracy: 0.92124
Validating epoch 29 | loss: 0.49834 - accuracy: 0.81422
Training epoch 30 | loss: 0.38827 - accuracy: 0.92413
Validating epoch 30 | loss: 0.49935 - accuracy: 0.81307
Training epoch 31 | loss: 0.39102 - accuracy: 0.91908
Validating epoch 31 | loss: 0.49599 - accuracy: 0.81422
Training epoch 32 | loss: 0.38632 - accuracy: 0.92659
Validating epoch 32 | loss: 0.5117 - accuracy: 0.79817
Training epoch 33 | loss: 0.38332 - accuracy: 0.93194
Validating epoch 33 | loss: 0.52125 - accuracy: 0.78899
Training epoch 34 | loss: 0.3997 - accuracy: 0.91315
Validating epoch 34 | loss: 0.5046 - accuracy: 0.80505
Training epoch 35 | loss: 0.38483 - accuracy: 0.92587
Validating epoch 35 | loss: 0.51059 - accuracy: 0.79587
Training epoch 36 | loss: 0.37866 - accuracy: 0.93266
Validating epoch 36 | loss: 0.51905 - accuracy: 0.78899
Training epoch 37 | loss: 0.38198 - accuracy: 0.92977
Validating epoch 37 | loss: 0.51711 - accuracy: 0.79472
Training epoch 38 | loss: 0.37803 - accuracy: 0.93728
Validating epoch 38 | loss: 0.507 - accuracy: 0.80619
Training epoch 39 | loss: 0.38244 - accuracy: 0.93309
Validating epoch 39 | loss: 0.503 - accuracy: 0.80734
Training epoch 40 | loss: 0.37824 - accuracy: 0.93569
Validating epoch 40 | loss: 0.50669 - accuracy: 0.80161
Training epoch 41 | loss: 0.37181 - accuracy: 0.9409
Validating epoch 41 | loss: 0.51248 - accuracy: 0.79931
Training epoch 42 | loss: 0.40005 - accuracy: 0.91387
Validating epoch 42 | loss: 0.50709 - accuracy: 0.80849
Training epoch 43 | loss: 0.37085 - accuracy: 0.94147
Validating epoch 43 | loss: 0.51108 - accuracy: 0.79817
Training epoch 44 | loss: 0.37615 - accuracy: 0.93555
Validating epoch 44 | loss: 0.51334 - accuracy: 0.79931
Training epoch 45 | loss: 0.36813 - accuracy: 0.94393
Validating epoch 45 | loss: 0.51682 - accuracy: 0.79358
Training epoch 46 | loss: 0.36991 - accuracy: 0.94205
Validating epoch 46 | loss: 0.53211 - accuracy: 0.77752
Training epoch 47 | loss: 0.39067 - accuracy: 0.92052
Validating epoch 47 | loss: 0.50288 - accuracy: 0.80734
Training epoch 48 | loss: 0.37463 - accuracy: 0.93642
Validating epoch 48 | loss: 0.50816 - accuracy: 0.80275
Training epoch 49 | loss: 0.3735 - accuracy: 0.94046
Validating epoch 49 | loss: 0.51118 - accuracy: 0.79817
Training epoch 50 | loss: 0.37816 - accuracy: 0.93772
Validating epoch 50 | loss: 0.50327 - accuracy: 0.80963
Training epoch 51 | loss: 0.37252 - accuracy: 0.93858
Validating epoch 51 | loss: 0.50972 - accuracy: 0.80161
Training epoch 52 | loss: 0.36444 - accuracy: 0.94754
Validating epoch 52 | loss: 0.50229 - accuracy: 0.81078
Training epoch 53 | loss: 0.36841 - accuracy: 0.94798
Validating epoch 53 | loss: 0.4975 - accuracy: 0.81537
Training epoch 54 | loss: 0.36882 - accuracy: 0.94494
Validating epoch 54 | loss: 0.5117 - accuracy: 0.80046
Training epoch 55 | loss: 0.36992 - accuracy: 0.94191
Validating epoch 55 | loss: 0.49913 - accuracy: 0.81193
Training epoch 56 | loss: 0.36176 - accuracy: 0.95101
Validating epoch 56 | loss: 0.50421 - accuracy: 0.80849
Training epoch 57 | loss: 0.36508 - accuracy: 0.94682
Validating epoch 57 | loss: 0.49829 - accuracy: 0.81537
Training epoch 58 | loss: 0.37684 - accuracy: 0.93454
Validating epoch 58 | loss: 0.51136 - accuracy: 0.79817
Training epoch 59 | loss: 0.36392 - accuracy: 0.94827
Validating epoch 59 | loss: 0.5014 - accuracy: 0.81193
Training epoch 60 | loss: 0.36597 - accuracy: 0.94841
Validating epoch 60 | loss: 0.51282 - accuracy: 0.79817
Training epoch 61 | loss: 0.37045 - accuracy: 0.94581
Validating epoch 61 | loss: 0.50768 - accuracy: 0.8039
Training epoch 62 | loss: 0.36991 - accuracy: 0.94205
Validating epoch 62 | loss: 0.5116 - accuracy: 0.79817
Training epoch 63 | loss: 0.35842 - accuracy: 0.95361
Validating epoch 63 | loss: 0.50266 - accuracy: 0.80734
Training epoch 64 | loss: 0.36536 - accuracy: 0.94668
Validating epoch 64 | loss: 0.5172 - accuracy: 0.79358
Training epoch 65 | loss: 0.35987 - accuracy: 0.95419
Validating epoch 65 | loss: 0.51762 - accuracy: 0.79472
Training epoch 66 | loss: 0.35982 - accuracy: 0.95448
Validating epoch 66 | loss: 0.51547 - accuracy: 0.79817
Training epoch 67 | loss: 0.36398 - accuracy: 0.95145
Validating epoch 67 | loss: 0.5096 - accuracy: 0.80161
Training epoch 68 | loss: 0.38184 - accuracy: 0.92977
Validating epoch 68 | loss: 0.50391 - accuracy: 0.80505
Training epoch 69 | loss: 0.36991 - accuracy: 0.94075
Validating epoch 69 | loss: 0.50352 - accuracy: 0.80619
Training epoch 70 | loss: 0.3623 - accuracy: 0.95246
Validating epoch 70 | loss: 0.49651 - accuracy: 0.81537
Training epoch 71 | loss: 0.36137 - accuracy: 0.95332
Validating epoch 71 | loss: 0.51022 - accuracy: 0.79817
Training epoch 72 | loss: 0.3598 - accuracy: 0.95231
Validating epoch 72 | loss: 0.51128 - accuracy: 0.79931
Training epoch 73 | loss: 0.35438 - accuracy: 0.95809
Validating epoch 73 | loss: 0.50406 - accuracy: 0.80849
Training epoch 74 | loss: 0.36768 - accuracy: 0.94552
Validating epoch 74 | loss: 0.52141 - accuracy: 0.79243
Training epoch 75 | loss: 0.35895 - accuracy: 0.95318
Validating epoch 75 | loss: 0.51199 - accuracy: 0.79587
Training epoch 76 | loss: 0.36312 - accuracy: 0.95087
Validating epoch 76 | loss: 0.50952 - accuracy: 0.80505
Training epoch 77 | loss: 0.35583 - accuracy: 0.95621
Validating epoch 77 | loss: 0.51165 - accuracy: 0.79931
Training epoch 78 | loss: 0.35579 - accuracy: 0.95882
Validating epoch 78 | loss: 0.50728 - accuracy: 0.80505
Training epoch 79 | loss: 0.35576 - accuracy: 0.95708
Validating epoch 79 | loss: 0.52083 - accuracy: 0.78899
Training epoch 80 | loss: 0.36048 - accuracy: 0.95145
Validating epoch 80 | loss: 0.51901 - accuracy: 0.79128
Training epoch 81 | loss: 0.36102 - accuracy: 0.95145
Validating epoch 81 | loss: 0.52071 - accuracy: 0.78899
Training epoch 82 | loss: 0.35858 - accuracy: 0.95318
Validating epoch 82 | loss: 0.51461 - accuracy: 0.79817
Training epoch 83 | loss: 0.3568 - accuracy: 0.95506
Validating epoch 83 | loss: 0.50676 - accuracy: 0.80505
Training epoch 84 | loss: 0.35488 - accuracy: 0.95694
Validating epoch 84 | loss: 0.5206 - accuracy: 0.79243
Training epoch 85 | loss: 0.3564 - accuracy: 0.95592
Validating epoch 85 | loss: 0.50637 - accuracy: 0.80619
Training epoch 86 | loss: 0.35214 - accuracy: 0.9604
Validating epoch 86 | loss: 0.5034 - accuracy: 0.80734
Training epoch 87 | loss: 0.3587 - accuracy: 0.95564
Validating epoch 87 | loss: 0.51493 - accuracy: 0.79472
Training epoch 88 | loss: 0.35538 - accuracy: 0.96142
Validating epoch 88 | loss: 0.50543 - accuracy: 0.80734
Training epoch 89 | loss: 0.36222 - accuracy: 0.94957
Validating epoch 89 | loss: 0.50685 - accuracy: 0.8039
Training epoch 90 | loss: 0.35742 - accuracy: 0.95506
Validating epoch 90 | loss: 0.51065 - accuracy: 0.80275
Training epoch 91 | loss: 0.35659 - accuracy: 0.95578
Validating epoch 91 | loss: 0.49719 - accuracy: 0.81422
Training epoch 92 | loss: 0.35899 - accuracy: 0.9552
Validating epoch 92 | loss: 0.508 - accuracy: 0.80505
Training epoch 93 | loss: 0.35911 - accuracy: 0.95246
Validating epoch 93 | loss: 0.50946 - accuracy: 0.80161
Training epoch 94 | loss: 0.35584 - accuracy: 0.95665
Validating epoch 94 | loss: 0.49714 - accuracy: 0.81766
Training epoch 95 | loss: 0.35568 - accuracy: 0.95636
Validating epoch 95 | loss: 0.50343 - accuracy: 0.80849
Training epoch 96 | loss: 0.35806 - accuracy: 0.95607
Validating epoch 96 | loss: 0.50721 - accuracy: 0.80505
Training epoch 97 | loss: 0.35466 - accuracy: 0.95737
Validating epoch 97 | loss: 0.51252 - accuracy: 0.80046
Training epoch 98 | loss: 0.34999 - accuracy: 0.96272
Validating epoch 98 | loss: 0.49986 - accuracy: 0.81193
Training epoch 99 | loss: 0.35309 - accuracy: 0.96185
Validating epoch 99 | loss: 0.49921 - accuracy: 0.81307
Dataset is sst, undersample is False, aug mode is trans, geo is 0.6, small_label is 1 small_prop is 0.5, balance_seed is 2
Training epoch 0 | loss: 0.6571 - accuracy: 0.60795
Validating epoch 0 | loss: 0.53342 - accuracy: 0.79128
Training epoch 1 | loss: 0.53416 - accuracy: 0.77211
Validating epoch 1 | loss: 0.52597 - accuracy: 0.78326
Training epoch 2 | loss: 0.50516 - accuracy: 0.80188
Validating epoch 2 | loss: 0.54074 - accuracy: 0.76491
Training epoch 3 | loss: 0.50244 - accuracy: 0.80535
Validating epoch 3 | loss: 0.51125 - accuracy: 0.79472
Training epoch 4 | loss: 0.48643 - accuracy: 0.82023
Validating epoch 4 | loss: 0.5166 - accuracy: 0.79243
Training epoch 5 | loss: 0.47799 - accuracy: 0.82934
Validating epoch 5 | loss: 0.52192 - accuracy: 0.7867
Training epoch 6 | loss: 0.47104 - accuracy: 0.83526
Validating epoch 6 | loss: 0.51243 - accuracy: 0.79358
Training epoch 7 | loss: 0.46734 - accuracy: 0.84408
Validating epoch 7 | loss: 0.51045 - accuracy: 0.79587
Training epoch 8 | loss: 0.46372 - accuracy: 0.84465
Validating epoch 8 | loss: 0.51756 - accuracy: 0.78899
Training epoch 9 | loss: 0.45369 - accuracy: 0.85303
Validating epoch 9 | loss: 0.51953 - accuracy: 0.7844
Training epoch 10 | loss: 0.45351 - accuracy: 0.85939
Validating epoch 10 | loss: 0.50559 - accuracy: 0.80619
Training epoch 11 | loss: 0.45152 - accuracy: 0.85997
Validating epoch 11 | loss: 0.50611 - accuracy: 0.80161
Training epoch 12 | loss: 0.43797 - accuracy: 0.87182
Validating epoch 12 | loss: 0.53189 - accuracy: 0.77523
Training epoch 13 | loss: 0.43449 - accuracy: 0.87413
Validating epoch 13 | loss: 0.51667 - accuracy: 0.78784
Training epoch 14 | loss: 0.43663 - accuracy: 0.87789
Validating epoch 14 | loss: 0.52392 - accuracy: 0.78784
Training epoch 15 | loss: 0.42639 - accuracy: 0.88483
Validating epoch 15 | loss: 0.51099 - accuracy: 0.79817
Training epoch 16 | loss: 0.41673 - accuracy: 0.89624
Validating epoch 16 | loss: 0.51608 - accuracy: 0.79014
Training epoch 17 | loss: 0.41224 - accuracy: 0.89812
Validating epoch 17 | loss: 0.51889 - accuracy: 0.79014
Training epoch 18 | loss: 0.42262 - accuracy: 0.88685
Validating epoch 18 | loss: 0.51362 - accuracy: 0.79128
Training epoch 19 | loss: 0.40766 - accuracy: 0.90289
Validating epoch 19 | loss: 0.51649 - accuracy: 0.79472
Training epoch 20 | loss: 0.405 - accuracy: 0.9065
Validating epoch 20 | loss: 0.5252 - accuracy: 0.77867
Training epoch 21 | loss: 0.40351 - accuracy: 0.90838
Validating epoch 21 | loss: 0.51651 - accuracy: 0.79472
Training epoch 22 | loss: 0.40177 - accuracy: 0.9104
Validating epoch 22 | loss: 0.51098 - accuracy: 0.79931
Training epoch 23 | loss: 0.39682 - accuracy: 0.91691
Validating epoch 23 | loss: 0.51118 - accuracy: 0.79931
Training epoch 24 | loss: 0.40278 - accuracy: 0.90939
Validating epoch 24 | loss: 0.51971 - accuracy: 0.78784
Training epoch 25 | loss: 0.40732 - accuracy: 0.90621
Validating epoch 25 | loss: 0.51114 - accuracy: 0.79702
Training epoch 26 | loss: 0.40309 - accuracy: 0.91387
Validating epoch 26 | loss: 0.51015 - accuracy: 0.80275
Training epoch 27 | loss: 0.38731 - accuracy: 0.92645
Validating epoch 27 | loss: 0.51475 - accuracy: 0.79358
Training epoch 28 | loss: 0.38881 - accuracy: 0.92413
Validating epoch 28 | loss: 0.51672 - accuracy: 0.79243
Training epoch 29 | loss: 0.38261 - accuracy: 0.92919
Validating epoch 29 | loss: 0.51289 - accuracy: 0.79472
Training epoch 30 | loss: 0.38556 - accuracy: 0.92818
Validating epoch 30 | loss: 0.51105 - accuracy: 0.79702
Training epoch 31 | loss: 0.38062 - accuracy: 0.93035
Validating epoch 31 | loss: 0.50637 - accuracy: 0.8039
Training epoch 32 | loss: 0.37985 - accuracy: 0.93107
Validating epoch 32 | loss: 0.51366 - accuracy: 0.79472
Training epoch 33 | loss: 0.38427 - accuracy: 0.9315
Validating epoch 33 | loss: 0.50725 - accuracy: 0.80505
Training epoch 34 | loss: 0.38285 - accuracy: 0.92948
Validating epoch 34 | loss: 0.51318 - accuracy: 0.79472
Training epoch 35 | loss: 0.38316 - accuracy: 0.93078
Validating epoch 35 | loss: 0.50735 - accuracy: 0.80734
Training epoch 36 | loss: 0.37474 - accuracy: 0.93598
Validating epoch 36 | loss: 0.51212 - accuracy: 0.79587
Training epoch 37 | loss: 0.37647 - accuracy: 0.93714
Validating epoch 37 | loss: 0.5118 - accuracy: 0.79931
Training epoch 38 | loss: 0.38587 - accuracy: 0.92803
Validating epoch 38 | loss: 0.50612 - accuracy: 0.80505
Training epoch 39 | loss: 0.3826 - accuracy: 0.92905
Validating epoch 39 | loss: 0.51591 - accuracy: 0.79472
Training epoch 40 | loss: 0.38049 - accuracy: 0.93295
Validating epoch 40 | loss: 0.50175 - accuracy: 0.81078
Training epoch 41 | loss: 0.37789 - accuracy: 0.93512
Validating epoch 41 | loss: 0.50844 - accuracy: 0.8039
Training epoch 42 | loss: 0.37523 - accuracy: 0.93801
Validating epoch 42 | loss: 0.51538 - accuracy: 0.79243
Training epoch 43 | loss: 0.37364 - accuracy: 0.93988
Validating epoch 43 | loss: 0.51265 - accuracy: 0.79817
Training epoch 44 | loss: 0.37553 - accuracy: 0.9354
Validating epoch 44 | loss: 0.52014 - accuracy: 0.79243
Training epoch 45 | loss: 0.37137 - accuracy: 0.94017
Validating epoch 45 | loss: 0.51115 - accuracy: 0.80046
Training epoch 46 | loss: 0.37736 - accuracy: 0.93685
Validating epoch 46 | loss: 0.51167 - accuracy: 0.79931
Training epoch 47 | loss: 0.37956 - accuracy: 0.93179
Validating epoch 47 | loss: 0.50348 - accuracy: 0.80734
Training epoch 48 | loss: 0.37033 - accuracy: 0.94335
Validating epoch 48 | loss: 0.50888 - accuracy: 0.80275
Training epoch 49 | loss: 0.36908 - accuracy: 0.94306
Validating epoch 49 | loss: 0.51796 - accuracy: 0.79128
Training epoch 50 | loss: 0.36616 - accuracy: 0.94581
Validating epoch 50 | loss: 0.5172 - accuracy: 0.79587
Training epoch 51 | loss: 0.36481 - accuracy: 0.94754
Validating epoch 51 | loss: 0.51043 - accuracy: 0.80275
Training epoch 52 | loss: 0.37162 - accuracy: 0.94205
Validating epoch 52 | loss: 0.51701 - accuracy: 0.79472
Training epoch 53 | loss: 0.37122 - accuracy: 0.94032
Validating epoch 53 | loss: 0.51133 - accuracy: 0.80275
Training epoch 54 | loss: 0.36576 - accuracy: 0.94566
Validating epoch 54 | loss: 0.51319 - accuracy: 0.79587
Training epoch 55 | loss: 0.36435 - accuracy: 0.94783
Validating epoch 55 | loss: 0.51224 - accuracy: 0.80275
Training epoch 56 | loss: 0.36058 - accuracy: 0.95159
Validating epoch 56 | loss: 0.51298 - accuracy: 0.79702
Training epoch 57 | loss: 0.364 - accuracy: 0.95058
Validating epoch 57 | loss: 0.51311 - accuracy: 0.79702
Training epoch 58 | loss: 0.36104 - accuracy: 0.95347
Validating epoch 58 | loss: 0.51184 - accuracy: 0.79587
Training epoch 59 | loss: 0.36314 - accuracy: 0.95318
Validating epoch 59 | loss: 0.51419 - accuracy: 0.79702
Training epoch 60 | loss: 0.37012 - accuracy: 0.94393
Validating epoch 60 | loss: 0.51241 - accuracy: 0.80161
Training epoch 61 | loss: 0.37504 - accuracy: 0.93685
Validating epoch 61 | loss: 0.51893 - accuracy: 0.79358
Training epoch 62 | loss: 0.37586 - accuracy: 0.93497
Validating epoch 62 | loss: 0.51153 - accuracy: 0.80046
Training epoch 63 | loss: 0.36097 - accuracy: 0.95058
Validating epoch 63 | loss: 0.50406 - accuracy: 0.80619
Training epoch 64 | loss: 0.365 - accuracy: 0.94913
Validating epoch 64 | loss: 0.51182 - accuracy: 0.80161
Training epoch 65 | loss: 0.36259 - accuracy: 0.94928
Validating epoch 65 | loss: 0.50466 - accuracy: 0.80734
Training epoch 66 | loss: 0.36204 - accuracy: 0.95405
Validating epoch 66 | loss: 0.50893 - accuracy: 0.80161
Training epoch 67 | loss: 0.36613 - accuracy: 0.94798
Validating epoch 67 | loss: 0.50203 - accuracy: 0.81307
Training epoch 68 | loss: 0.38039 - accuracy: 0.93049
Validating epoch 68 | loss: 0.50374 - accuracy: 0.80505
Training epoch 69 | loss: 0.36565 - accuracy: 0.94566
Validating epoch 69 | loss: 0.49573 - accuracy: 0.81537
Training epoch 70 | loss: 0.36031 - accuracy: 0.95217
Validating epoch 70 | loss: 0.49703 - accuracy: 0.81422
Training epoch 71 | loss: 0.3569 - accuracy: 0.95795
Validating epoch 71 | loss: 0.49578 - accuracy: 0.81537
Training epoch 72 | loss: 0.35586 - accuracy: 0.95737
Validating epoch 72 | loss: 0.49767 - accuracy: 0.81537
Training epoch 73 | loss: 0.37547 - accuracy: 0.93512
Validating epoch 73 | loss: 0.50308 - accuracy: 0.80734
Training epoch 74 | loss: 0.36868 - accuracy: 0.94711
Validating epoch 74 | loss: 0.50362 - accuracy: 0.80619
Training epoch 75 | loss: 0.36146 - accuracy: 0.95029
Validating epoch 75 | loss: 0.49904 - accuracy: 0.81193
Training epoch 76 | loss: 0.35898 - accuracy: 0.95275
Validating epoch 76 | loss: 0.50091 - accuracy: 0.80963
Training epoch 77 | loss: 0.3561 - accuracy: 0.95621
Validating epoch 77 | loss: 0.50341 - accuracy: 0.80734
Training epoch 78 | loss: 0.35559 - accuracy: 0.95636
Validating epoch 78 | loss: 0.50645 - accuracy: 0.80161
Training epoch 79 | loss: 0.35826 - accuracy: 0.95853
Validating epoch 79 | loss: 0.50222 - accuracy: 0.81193
Training epoch 80 | loss: 0.35533 - accuracy: 0.95679
Validating epoch 80 | loss: 0.49817 - accuracy: 0.81307
Training epoch 81 | loss: 0.3582 - accuracy: 0.95549
Validating epoch 81 | loss: 0.5034 - accuracy: 0.80963
Training epoch 82 | loss: 0.36031 - accuracy: 0.9539
Validating epoch 82 | loss: 0.50627 - accuracy: 0.80849
Training epoch 83 | loss: 0.36215 - accuracy: 0.95202
Validating epoch 83 | loss: 0.51448 - accuracy: 0.79702
Training epoch 84 | loss: 0.37031 - accuracy: 0.94133
Validating epoch 84 | loss: 0.50364 - accuracy: 0.80734
Training epoch 85 | loss: 0.35841 - accuracy: 0.95318
Validating epoch 85 | loss: 0.51777 - accuracy: 0.79358
Training epoch 86 | loss: 0.35582 - accuracy: 0.9565
Validating epoch 86 | loss: 0.50967 - accuracy: 0.80275
Training epoch 87 | loss: 0.35494 - accuracy: 0.95766
Validating epoch 87 | loss: 0.51333 - accuracy: 0.79931
Training epoch 88 | loss: 0.35787 - accuracy: 0.95665
Validating epoch 88 | loss: 0.52173 - accuracy: 0.79243
Training epoch 89 | loss: 0.37068 - accuracy: 0.94104
Validating epoch 89 | loss: 0.50955 - accuracy: 0.80161
Training epoch 90 | loss: 0.35738 - accuracy: 0.95477
Validating epoch 90 | loss: 0.5128 - accuracy: 0.79817
Training epoch 91 | loss: 0.35626 - accuracy: 0.9578
Validating epoch 91 | loss: 0.50106 - accuracy: 0.81193
Training epoch 92 | loss: 0.35825 - accuracy: 0.9539
Validating epoch 92 | loss: 0.50628 - accuracy: 0.80619
Training epoch 93 | loss: 0.36142 - accuracy: 0.95275
Validating epoch 93 | loss: 0.50574 - accuracy: 0.80849
Training epoch 94 | loss: 0.35091 - accuracy: 0.96142
Validating epoch 94 | loss: 0.5053 - accuracy: 0.80734
Training epoch 95 | loss: 0.35311 - accuracy: 0.9591
Validating epoch 95 | loss: 0.50519 - accuracy: 0.80734
Training epoch 96 | loss: 0.35154 - accuracy: 0.96084
Validating epoch 96 | loss: 0.5064 - accuracy: 0.8039
Training epoch 97 | loss: 0.35329 - accuracy: 0.96113
Validating epoch 97 | loss: 0.50162 - accuracy: 0.81307
Training epoch 98 | loss: 0.34724 - accuracy: 0.96575
Validating epoch 98 | loss: 0.50851 - accuracy: 0.80275
Training epoch 99 | loss: 0.35435 - accuracy: 0.9578
Validating epoch 99 | loss: 0.51466 - accuracy: 0.79817
Dataset is sst, undersample is False, aug mode is trans, geo is 0.7, small_label is 1 small_prop is 0.5, balance_seed is 2
Training epoch 0 | loss: 0.65264 - accuracy: 0.61272
Validating epoch 0 | loss: 0.56999 - accuracy: 0.77179
Training epoch 1 | loss: 0.53387 - accuracy: 0.77616
Validating epoch 1 | loss: 0.50997 - accuracy: 0.79817
Training epoch 2 | loss: 0.50448 - accuracy: 0.80159
Validating epoch 2 | loss: 0.52116 - accuracy: 0.7844
Training epoch 3 | loss: 0.51169 - accuracy: 0.79538
Validating epoch 3 | loss: 0.51316 - accuracy: 0.79931
Training epoch 4 | loss: 0.48356 - accuracy: 0.8237
Validating epoch 4 | loss: 0.51194 - accuracy: 0.80046
Training epoch 5 | loss: 0.4749 - accuracy: 0.83786
Validating epoch 5 | loss: 0.49999 - accuracy: 0.81078
Training epoch 6 | loss: 0.46024 - accuracy: 0.84725
Validating epoch 6 | loss: 0.53448 - accuracy: 0.77752
Training epoch 7 | loss: 0.47738 - accuracy: 0.82861
Validating epoch 7 | loss: 0.51356 - accuracy: 0.79358
Training epoch 8 | loss: 0.45738 - accuracy: 0.85087
Validating epoch 8 | loss: 0.51227 - accuracy: 0.79702
Training epoch 9 | loss: 0.45337 - accuracy: 0.85434
Validating epoch 9 | loss: 0.50421 - accuracy: 0.80619
Training epoch 10 | loss: 0.45059 - accuracy: 0.85968
Validating epoch 10 | loss: 0.50512 - accuracy: 0.80505
Training epoch 11 | loss: 0.44189 - accuracy: 0.86908
Validating epoch 11 | loss: 0.50307 - accuracy: 0.80275
Training epoch 12 | loss: 0.42834 - accuracy: 0.88237
Validating epoch 12 | loss: 0.50145 - accuracy: 0.80619
Training epoch 13 | loss: 0.42558 - accuracy: 0.88439
Validating epoch 13 | loss: 0.50613 - accuracy: 0.80046
Training epoch 14 | loss: 0.42426 - accuracy: 0.88945
Validating epoch 14 | loss: 0.51062 - accuracy: 0.79931
Training epoch 15 | loss: 0.41709 - accuracy: 0.89191
Validating epoch 15 | loss: 0.50927 - accuracy: 0.80046
Training epoch 16 | loss: 0.41921 - accuracy: 0.89292
Validating epoch 16 | loss: 0.50309 - accuracy: 0.80849
Training epoch 17 | loss: 0.41411 - accuracy: 0.8987
Validating epoch 17 | loss: 0.50607 - accuracy: 0.80161
Training epoch 18 | loss: 0.41473 - accuracy: 0.89552
Validating epoch 18 | loss: 0.50177 - accuracy: 0.80619
Training epoch 19 | loss: 0.40841 - accuracy: 0.90275
Validating epoch 19 | loss: 0.4979 - accuracy: 0.80963
Training epoch 20 | loss: 0.41152 - accuracy: 0.90578
Validating epoch 20 | loss: 0.49923 - accuracy: 0.80963
Training epoch 21 | loss: 0.40476 - accuracy: 0.90809
Validating epoch 21 | loss: 0.50867 - accuracy: 0.80046
Training epoch 22 | loss: 0.3943 - accuracy: 0.91676
Validating epoch 22 | loss: 0.50758 - accuracy: 0.80275
Training epoch 23 | loss: 0.40472 - accuracy: 0.90882
Validating epoch 23 | loss: 0.49972 - accuracy: 0.81307
Training epoch 24 | loss: 0.43313 - accuracy: 0.87645
Validating epoch 24 | loss: 0.49184 - accuracy: 0.81651
Training epoch 25 | loss: 0.40613 - accuracy: 0.90405
Validating epoch 25 | loss: 0.49823 - accuracy: 0.81078
Training epoch 26 | loss: 0.40511 - accuracy: 0.90853
Validating epoch 26 | loss: 0.49462 - accuracy: 0.81422
Training epoch 27 | loss: 0.39661 - accuracy: 0.91445
Validating epoch 27 | loss: 0.49531 - accuracy: 0.81537
Training epoch 28 | loss: 0.39685 - accuracy: 0.91936
Validating epoch 28 | loss: 0.49486 - accuracy: 0.81995
Training epoch 29 | loss: 0.39601 - accuracy: 0.91517
Validating epoch 29 | loss: 0.49702 - accuracy: 0.81307
Training epoch 30 | loss: 0.3889 - accuracy: 0.92225
Validating epoch 30 | loss: 0.4911 - accuracy: 0.8211
Training epoch 31 | loss: 0.38513 - accuracy: 0.92616
Validating epoch 31 | loss: 0.51604 - accuracy: 0.79358
Training epoch 32 | loss: 0.39913 - accuracy: 0.91199
Validating epoch 32 | loss: 0.49456 - accuracy: 0.81651
Training epoch 33 | loss: 0.38011 - accuracy: 0.93136
Validating epoch 33 | loss: 0.48565 - accuracy: 0.82569
Training epoch 34 | loss: 0.37765 - accuracy: 0.93497
Validating epoch 34 | loss: 0.48857 - accuracy: 0.82339
Training epoch 35 | loss: 0.38361 - accuracy: 0.92962
Validating epoch 35 | loss: 0.49419 - accuracy: 0.81537
Training epoch 36 | loss: 0.39728 - accuracy: 0.91734
Validating epoch 36 | loss: 0.49215 - accuracy: 0.81995
Training epoch 37 | loss: 0.38486 - accuracy: 0.92572
Validating epoch 37 | loss: 0.5047 - accuracy: 0.80734
Training epoch 38 | loss: 0.38773 - accuracy: 0.92601
Validating epoch 38 | loss: 0.50091 - accuracy: 0.81078
Training epoch 39 | loss: 0.38148 - accuracy: 0.92977
Validating epoch 39 | loss: 0.50023 - accuracy: 0.80963
Training epoch 40 | loss: 0.38119 - accuracy: 0.9328
Validating epoch 40 | loss: 0.49723 - accuracy: 0.81651
Training epoch 41 | loss: 0.38189 - accuracy: 0.9302
Validating epoch 41 | loss: 0.50424 - accuracy: 0.80734
Training epoch 42 | loss: 0.39097 - accuracy: 0.92197
Validating epoch 42 | loss: 0.49745 - accuracy: 0.81422
Training epoch 43 | loss: 0.38259 - accuracy: 0.9354
Validating epoch 43 | loss: 0.48669 - accuracy: 0.82454
Training epoch 44 | loss: 0.3783 - accuracy: 0.93584
Validating epoch 44 | loss: 0.4886 - accuracy: 0.82339
Training epoch 45 | loss: 0.37772 - accuracy: 0.93598
Validating epoch 45 | loss: 0.50064 - accuracy: 0.81193
Training epoch 46 | loss: 0.36829 - accuracy: 0.94364
Validating epoch 46 | loss: 0.48744 - accuracy: 0.82339
Training epoch 47 | loss: 0.36888 - accuracy: 0.94277
Validating epoch 47 | loss: 0.49039 - accuracy: 0.82339
Training epoch 48 | loss: 0.36762 - accuracy: 0.9448
Validating epoch 48 | loss: 0.48593 - accuracy: 0.82683
Training epoch 49 | loss: 0.37018 - accuracy: 0.94277
Validating epoch 49 | loss: 0.48729 - accuracy: 0.82569
Training epoch 50 | loss: 0.37856 - accuracy: 0.93338
Validating epoch 50 | loss: 0.49251 - accuracy: 0.8211
Training epoch 51 | loss: 0.4239 - accuracy: 0.88569
Validating epoch 51 | loss: 0.51916 - accuracy: 0.79243
Training epoch 52 | loss: 0.38977 - accuracy: 0.92081
Validating epoch 52 | loss: 0.49638 - accuracy: 0.81307
Training epoch 53 | loss: 0.37507 - accuracy: 0.93627
Validating epoch 53 | loss: 0.48913 - accuracy: 0.8211
Training epoch 54 | loss: 0.36698 - accuracy: 0.9448
Validating epoch 54 | loss: 0.49713 - accuracy: 0.81537
Training epoch 55 | loss: 0.37212 - accuracy: 0.94176
Validating epoch 55 | loss: 0.49067 - accuracy: 0.82225
Training epoch 56 | loss: 0.37016 - accuracy: 0.94364
Validating epoch 56 | loss: 0.50071 - accuracy: 0.81307
Training epoch 57 | loss: 0.37136 - accuracy: 0.94263
Validating epoch 57 | loss: 0.4936 - accuracy: 0.81651
Training epoch 58 | loss: 0.36309 - accuracy: 0.94942
Validating epoch 58 | loss: 0.49566 - accuracy: 0.81422
Training epoch 59 | loss: 0.36778 - accuracy: 0.94451
Validating epoch 59 | loss: 0.49404 - accuracy: 0.81766
Training epoch 60 | loss: 0.36543 - accuracy: 0.9461
Validating epoch 60 | loss: 0.49226 - accuracy: 0.81766
Training epoch 61 | loss: 0.36569 - accuracy: 0.94711
Validating epoch 61 | loss: 0.51025 - accuracy: 0.80161
Training epoch 62 | loss: 0.37222 - accuracy: 0.9396
Validating epoch 62 | loss: 0.52013 - accuracy: 0.79014
Training epoch 63 | loss: 0.37352 - accuracy: 0.93685
Validating epoch 63 | loss: 0.50594 - accuracy: 0.80505
Training epoch 64 | loss: 0.37022 - accuracy: 0.9422
Validating epoch 64 | loss: 0.5029 - accuracy: 0.80963
Training epoch 65 | loss: 0.36754 - accuracy: 0.94436
Validating epoch 65 | loss: 0.50176 - accuracy: 0.81078
Training epoch 66 | loss: 0.36694 - accuracy: 0.94566
Validating epoch 66 | loss: 0.49802 - accuracy: 0.81537
Training epoch 67 | loss: 0.36286 - accuracy: 0.95101
Validating epoch 67 | loss: 0.49684 - accuracy: 0.81651
Training epoch 68 | loss: 0.36299 - accuracy: 0.95072
Validating epoch 68 | loss: 0.49028 - accuracy: 0.82339
Training epoch 69 | loss: 0.35764 - accuracy: 0.9539
Validating epoch 69 | loss: 0.49524 - accuracy: 0.81537
Training epoch 70 | loss: 0.36071 - accuracy: 0.95087
Validating epoch 70 | loss: 0.49409 - accuracy: 0.81881
Training epoch 71 | loss: 0.36185 - accuracy: 0.95217
Validating epoch 71 | loss: 0.50333 - accuracy: 0.80849
Training epoch 72 | loss: 0.35964 - accuracy: 0.95231
Validating epoch 72 | loss: 0.49031 - accuracy: 0.82225
Training epoch 73 | loss: 0.35987 - accuracy: 0.95231
Validating epoch 73 | loss: 0.50056 - accuracy: 0.81193
Training epoch 74 | loss: 0.36449 - accuracy: 0.95
Validating epoch 74 | loss: 0.52212 - accuracy: 0.79014
Training epoch 75 | loss: 0.36904 - accuracy: 0.94494
Validating epoch 75 | loss: 0.49313 - accuracy: 0.8211
Training epoch 76 | loss: 0.35678 - accuracy: 0.95578
Validating epoch 76 | loss: 0.5058 - accuracy: 0.80619
Training epoch 77 | loss: 0.3609 - accuracy: 0.95318
Validating epoch 77 | loss: 0.50829 - accuracy: 0.80505
Training epoch 78 | loss: 0.35958 - accuracy: 0.95448
Validating epoch 78 | loss: 0.49984 - accuracy: 0.81307
Training epoch 79 | loss: 0.35937 - accuracy: 0.95491
Validating epoch 79 | loss: 0.49746 - accuracy: 0.81651
Training epoch 80 | loss: 0.3606 - accuracy: 0.95145
Validating epoch 80 | loss: 0.50068 - accuracy: 0.81193
Training epoch 81 | loss: 0.35491 - accuracy: 0.95708
Validating epoch 81 | loss: 0.49459 - accuracy: 0.81537
Training epoch 82 | loss: 0.36105 - accuracy: 0.95087
Validating epoch 82 | loss: 0.50349 - accuracy: 0.80849
Training epoch 83 | loss: 0.35846 - accuracy: 0.95361
Validating epoch 83 | loss: 0.50461 - accuracy: 0.80734
Training epoch 84 | loss: 0.35723 - accuracy: 0.95506
Validating epoch 84 | loss: 0.49928 - accuracy: 0.81422
Training epoch 85 | loss: 0.35808 - accuracy: 0.9539
Validating epoch 85 | loss: 0.49996 - accuracy: 0.81193
Training epoch 86 | loss: 0.35378 - accuracy: 0.95867
Validating epoch 86 | loss: 0.49649 - accuracy: 0.81651
Training epoch 87 | loss: 0.35249 - accuracy: 0.95997
Validating epoch 87 | loss: 0.50196 - accuracy: 0.80849
Training epoch 88 | loss: 0.35601 - accuracy: 0.9565
Validating epoch 88 | loss: 0.50286 - accuracy: 0.81078
Training epoch 89 | loss: 0.35956 - accuracy: 0.95275
Validating epoch 89 | loss: 0.50643 - accuracy: 0.80734
Training epoch 90 | loss: 0.35824 - accuracy: 0.95405
Validating epoch 90 | loss: 0.50901 - accuracy: 0.80275
Training epoch 91 | loss: 0.36096 - accuracy: 0.95087
Validating epoch 91 | loss: 0.50209 - accuracy: 0.80963
Training epoch 92 | loss: 0.36849 - accuracy: 0.9435
Validating epoch 92 | loss: 0.50622 - accuracy: 0.80505
Training epoch 93 | loss: 0.35862 - accuracy: 0.95347
Validating epoch 93 | loss: 0.49725 - accuracy: 0.81422
Training epoch 94 | loss: 0.35534 - accuracy: 0.95679
Validating epoch 94 | loss: 0.51924 - accuracy: 0.79358
Training epoch 95 | loss: 0.35913 - accuracy: 0.95506
Validating epoch 95 | loss: 0.48978 - accuracy: 0.82454
Training epoch 96 | loss: 0.35772 - accuracy: 0.95462
Validating epoch 96 | loss: 0.49641 - accuracy: 0.81651
Training epoch 97 | loss: 0.3573 - accuracy: 0.95491
Validating epoch 97 | loss: 0.49467 - accuracy: 0.81881
Training epoch 98 | loss: 0.35647 - accuracy: 0.9578
Validating epoch 98 | loss: 0.48999 - accuracy: 0.82339
Training epoch 99 | loss: 0.35882 - accuracy: 0.95332
Validating epoch 99 | loss: 0.49465 - accuracy: 0.81881
Dataset is sst, undersample is False, aug mode is trans, geo is 0.8, small_label is 1 small_prop is 0.5, balance_seed is 2
Training epoch 0 | loss: 0.66264 - accuracy: 0.59162
Validating epoch 0 | loss: 0.618 - accuracy: 0.69037
Training epoch 1 | loss: 0.54203 - accuracy: 0.76676
Validating epoch 1 | loss: 0.51746 - accuracy: 0.79472
Training epoch 2 | loss: 0.51425 - accuracy: 0.79003
Validating epoch 2 | loss: 0.50587 - accuracy: 0.80505
Training epoch 3 | loss: 0.49635 - accuracy: 0.8078
Validating epoch 3 | loss: 0.51246 - accuracy: 0.79243
Training epoch 4 | loss: 0.48161 - accuracy: 0.82428
Validating epoch 4 | loss: 0.50356 - accuracy: 0.8039
Training epoch 5 | loss: 0.47819 - accuracy: 0.82977
Validating epoch 5 | loss: 0.5029 - accuracy: 0.80619
Training epoch 6 | loss: 0.46776 - accuracy: 0.84147
Validating epoch 6 | loss: 0.48918 - accuracy: 0.81881
Training epoch 7 | loss: 0.45599 - accuracy: 0.85462
Validating epoch 7 | loss: 0.48885 - accuracy: 0.81995
Training epoch 8 | loss: 0.44097 - accuracy: 0.87124
Validating epoch 8 | loss: 0.48968 - accuracy: 0.82339
Training epoch 9 | loss: 0.43134 - accuracy: 0.87991
Validating epoch 9 | loss: 0.51092 - accuracy: 0.79931
Training epoch 10 | loss: 0.44471 - accuracy: 0.86806
Validating epoch 10 | loss: 0.49368 - accuracy: 0.81651
Training epoch 11 | loss: 0.43651 - accuracy: 0.87832
Validating epoch 11 | loss: 0.4928 - accuracy: 0.81766
Training epoch 12 | loss: 0.42374 - accuracy: 0.88757
Validating epoch 12 | loss: 0.49696 - accuracy: 0.81537
Training epoch 13 | loss: 0.431 - accuracy: 0.87746
Validating epoch 13 | loss: 0.50553 - accuracy: 0.80161
Training epoch 14 | loss: 0.41875 - accuracy: 0.89393
Validating epoch 14 | loss: 0.51084 - accuracy: 0.80046
Training epoch 15 | loss: 0.42592 - accuracy: 0.88223
Validating epoch 15 | loss: 0.49755 - accuracy: 0.81307
Training epoch 16 | loss: 0.40338 - accuracy: 0.91026
Validating epoch 16 | loss: 0.50692 - accuracy: 0.8039
Training epoch 17 | loss: 0.40144 - accuracy: 0.90983
Validating epoch 17 | loss: 0.49953 - accuracy: 0.80963
Training epoch 18 | loss: 0.39521 - accuracy: 0.91676
Validating epoch 18 | loss: 0.50694 - accuracy: 0.80619
Training epoch 19 | loss: 0.39635 - accuracy: 0.9172
Validating epoch 19 | loss: 0.51323 - accuracy: 0.79702
Training epoch 20 | loss: 0.40478 - accuracy: 0.90592
Validating epoch 20 | loss: 0.50921 - accuracy: 0.80275
Training epoch 21 | loss: 0.39186 - accuracy: 0.92009
Validating epoch 21 | loss: 0.50608 - accuracy: 0.80275
Training epoch 22 | loss: 0.39492 - accuracy: 0.91835
Validating epoch 22 | loss: 0.51565 - accuracy: 0.79587
Training epoch 23 | loss: 0.39884 - accuracy: 0.91431
Validating epoch 23 | loss: 0.49267 - accuracy: 0.81881
Training epoch 24 | loss: 0.39062 - accuracy: 0.92124
Validating epoch 24 | loss: 0.50765 - accuracy: 0.79817
Training epoch 25 | loss: 0.39652 - accuracy: 0.91445
Validating epoch 25 | loss: 0.51092 - accuracy: 0.79817
Training epoch 26 | loss: 0.39131 - accuracy: 0.92211
Validating epoch 26 | loss: 0.5148 - accuracy: 0.79931
Training epoch 27 | loss: 0.41751 - accuracy: 0.89176
Validating epoch 27 | loss: 0.49916 - accuracy: 0.81422
Training epoch 28 | loss: 0.39191 - accuracy: 0.91951
Validating epoch 28 | loss: 0.52155 - accuracy: 0.79014
Training epoch 29 | loss: 0.44929 - accuracy: 0.86156
Validating epoch 29 | loss: 0.51684 - accuracy: 0.79358
Training epoch 30 | loss: 0.3942 - accuracy: 0.92052
Validating epoch 30 | loss: 0.51662 - accuracy: 0.79358
Training epoch 31 | loss: 0.40422 - accuracy: 0.9052
Validating epoch 31 | loss: 0.50949 - accuracy: 0.80275
Training epoch 32 | loss: 0.38675 - accuracy: 0.92601
Validating epoch 32 | loss: 0.50715 - accuracy: 0.80619
Training epoch 33 | loss: 0.39121 - accuracy: 0.92153
Validating epoch 33 | loss: 0.51184 - accuracy: 0.79931
Training epoch 34 | loss: 0.39025 - accuracy: 0.92254
Validating epoch 34 | loss: 0.52088 - accuracy: 0.78899
Training epoch 35 | loss: 0.38233 - accuracy: 0.92948
Validating epoch 35 | loss: 0.50468 - accuracy: 0.80734
Training epoch 36 | loss: 0.3809 - accuracy: 0.93078
Validating epoch 36 | loss: 0.50785 - accuracy: 0.80619
Training epoch 37 | loss: 0.37613 - accuracy: 0.93829
Validating epoch 37 | loss: 0.49341 - accuracy: 0.81995
Training epoch 38 | loss: 0.38512 - accuracy: 0.92876
Validating epoch 38 | loss: 0.517 - accuracy: 0.79587
Training epoch 39 | loss: 0.37939 - accuracy: 0.93468
Validating epoch 39 | loss: 0.51586 - accuracy: 0.79702
Training epoch 40 | loss: 0.38111 - accuracy: 0.93035
Validating epoch 40 | loss: 0.50961 - accuracy: 0.80161
Training epoch 41 | loss: 0.37548 - accuracy: 0.93887
Validating epoch 41 | loss: 0.50838 - accuracy: 0.8039
Training epoch 42 | loss: 0.37069 - accuracy: 0.94118
Validating epoch 42 | loss: 0.52035 - accuracy: 0.79243
Training epoch 43 | loss: 0.3711 - accuracy: 0.94075
Validating epoch 43 | loss: 0.50766 - accuracy: 0.8039
Training epoch 44 | loss: 0.37523 - accuracy: 0.94046
Validating epoch 44 | loss: 0.50987 - accuracy: 0.80161
Training epoch 45 | loss: 0.37612 - accuracy: 0.93699
Validating epoch 45 | loss: 0.51586 - accuracy: 0.79472
Training epoch 46 | loss: 0.37385 - accuracy: 0.9422
Validating epoch 46 | loss: 0.51734 - accuracy: 0.79702
Training epoch 47 | loss: 0.3757 - accuracy: 0.93569
Validating epoch 47 | loss: 0.51416 - accuracy: 0.79817
Training epoch 48 | loss: 0.37319 - accuracy: 0.93829
Validating epoch 48 | loss: 0.50405 - accuracy: 0.80734
Training epoch 49 | loss: 0.3775 - accuracy: 0.93873
Validating epoch 49 | loss: 0.49884 - accuracy: 0.81537
Training epoch 50 | loss: 0.3744 - accuracy: 0.93974
Validating epoch 50 | loss: 0.50444 - accuracy: 0.80734
Training epoch 51 | loss: 0.37238 - accuracy: 0.93945
Validating epoch 51 | loss: 0.50129 - accuracy: 0.80849
Training epoch 52 | loss: 0.36923 - accuracy: 0.94494
Validating epoch 52 | loss: 0.50342 - accuracy: 0.80963
Training epoch 53 | loss: 0.36762 - accuracy: 0.94465
Validating epoch 53 | loss: 0.50912 - accuracy: 0.80161
Training epoch 54 | loss: 0.37317 - accuracy: 0.94075
Validating epoch 54 | loss: 0.50587 - accuracy: 0.80734
Training epoch 55 | loss: 0.37036 - accuracy: 0.94118
Validating epoch 55 | loss: 0.49494 - accuracy: 0.81537
Training epoch 56 | loss: 0.37056 - accuracy: 0.94364
Validating epoch 56 | loss: 0.49892 - accuracy: 0.81307
Training epoch 57 | loss: 0.37097 - accuracy: 0.94321
Validating epoch 57 | loss: 0.50238 - accuracy: 0.80963
Training epoch 58 | loss: 0.36716 - accuracy: 0.94725
Validating epoch 58 | loss: 0.49492 - accuracy: 0.81766
Training epoch 59 | loss: 0.39442 - accuracy: 0.92081
Validating epoch 59 | loss: 0.53014 - accuracy: 0.78326
Training epoch 60 | loss: 0.38279 - accuracy: 0.93092
Validating epoch 60 | loss: 0.51805 - accuracy: 0.79587
Training epoch 61 | loss: 0.37741 - accuracy: 0.93353
Validating epoch 61 | loss: 0.5123 - accuracy: 0.79817
Training epoch 62 | loss: 0.36683 - accuracy: 0.94523
Validating epoch 62 | loss: 0.52397 - accuracy: 0.7867
Training epoch 63 | loss: 0.36824 - accuracy: 0.9461
Validating epoch 63 | loss: 0.51046 - accuracy: 0.80275
Training epoch 64 | loss: 0.37627 - accuracy: 0.93584
Validating epoch 64 | loss: 0.50721 - accuracy: 0.80046
Training epoch 65 | loss: 0.37402 - accuracy: 0.94162
Validating epoch 65 | loss: 0.51176 - accuracy: 0.80046
Training epoch 66 | loss: 0.36631 - accuracy: 0.94566
Validating epoch 66 | loss: 0.50625 - accuracy: 0.80505
Training epoch 67 | loss: 0.36425 - accuracy: 0.94769
Validating epoch 67 | loss: 0.5022 - accuracy: 0.80619
Training epoch 68 | loss: 0.36305 - accuracy: 0.94899
Validating epoch 68 | loss: 0.49708 - accuracy: 0.81651
Training epoch 69 | loss: 0.36784 - accuracy: 0.94408
Validating epoch 69 | loss: 0.5115 - accuracy: 0.80046
Training epoch 70 | loss: 0.36187 - accuracy: 0.95043
Validating epoch 70 | loss: 0.50816 - accuracy: 0.80161
Training epoch 71 | loss: 0.36706 - accuracy: 0.94668
Validating epoch 71 | loss: 0.5212 - accuracy: 0.79128
Training epoch 72 | loss: 0.36286 - accuracy: 0.94928
Validating epoch 72 | loss: 0.50552 - accuracy: 0.8039
Training epoch 73 | loss: 0.36285 - accuracy: 0.94942
Validating epoch 73 | loss: 0.50501 - accuracy: 0.80849
Training epoch 74 | loss: 0.36396 - accuracy: 0.94798
Validating epoch 74 | loss: 0.50243 - accuracy: 0.81193
Training epoch 75 | loss: 0.36424 - accuracy: 0.94754
Validating epoch 75 | loss: 0.50144 - accuracy: 0.81193
Training epoch 76 | loss: 0.36127 - accuracy: 0.9513
Validating epoch 76 | loss: 0.49667 - accuracy: 0.81651
Training epoch 77 | loss: 0.36427 - accuracy: 0.94754
Validating epoch 77 | loss: 0.5025 - accuracy: 0.81078
Training epoch 78 | loss: 0.36209 - accuracy: 0.95289
Validating epoch 78 | loss: 0.49998 - accuracy: 0.81422
Training epoch 79 | loss: 0.36861 - accuracy: 0.94422
Validating epoch 79 | loss: 0.51743 - accuracy: 0.79702
Training epoch 80 | loss: 0.36621 - accuracy: 0.94566
Validating epoch 80 | loss: 0.51101 - accuracy: 0.80046
Training epoch 81 | loss: 0.37247 - accuracy: 0.9396
Validating epoch 81 | loss: 0.51596 - accuracy: 0.79702
Training epoch 82 | loss: 0.36376 - accuracy: 0.94841
Validating epoch 82 | loss: 0.51725 - accuracy: 0.79472
Training epoch 83 | loss: 0.36122 - accuracy: 0.95347
Validating epoch 83 | loss: 0.50811 - accuracy: 0.80505
Training epoch 84 | loss: 0.35779 - accuracy: 0.95434
Validating epoch 84 | loss: 0.51058 - accuracy: 0.80275
Training epoch 85 | loss: 0.36562 - accuracy: 0.9461
Validating epoch 85 | loss: 0.50733 - accuracy: 0.80619
Training epoch 86 | loss: 0.36316 - accuracy: 0.94855
Validating epoch 86 | loss: 0.52231 - accuracy: 0.79128
Training epoch 87 | loss: 0.35978 - accuracy: 0.95246
Validating epoch 87 | loss: 0.50979 - accuracy: 0.80275
Training epoch 88 | loss: 0.35973 - accuracy: 0.95246
Validating epoch 88 | loss: 0.50836 - accuracy: 0.80505
Training epoch 89 | loss: 0.36016 - accuracy: 0.95405
Validating epoch 89 | loss: 0.50555 - accuracy: 0.80619
Training epoch 90 | loss: 0.35719 - accuracy: 0.95491
Validating epoch 90 | loss: 0.5135 - accuracy: 0.79931
Training epoch 91 | loss: 0.36152 - accuracy: 0.95043
Validating epoch 91 | loss: 0.51051 - accuracy: 0.80046
Training epoch 92 | loss: 0.35693 - accuracy: 0.95549
Validating epoch 92 | loss: 0.50709 - accuracy: 0.8039
Training epoch 93 | loss: 0.35775 - accuracy: 0.95434
Validating epoch 93 | loss: 0.49927 - accuracy: 0.81307
Training epoch 94 | loss: 0.35829 - accuracy: 0.95419
Validating epoch 94 | loss: 0.50671 - accuracy: 0.80505
Training epoch 95 | loss: 0.35458 - accuracy: 0.95766
Validating epoch 95 | loss: 0.51054 - accuracy: 0.79931
Training epoch 96 | loss: 0.36213 - accuracy: 0.94986
Validating epoch 96 | loss: 0.50643 - accuracy: 0.80734
Training epoch 97 | loss: 0.35666 - accuracy: 0.95795
Validating epoch 97 | loss: 0.50149 - accuracy: 0.81078
Training epoch 98 | loss: 0.35959 - accuracy: 0.95448
Validating epoch 98 | loss: 0.51258 - accuracy: 0.80046
Training epoch 99 | loss: 0.35505 - accuracy: 0.95708
Validating epoch 99 | loss: 0.51632 - accuracy: 0.79702
Dataset is sst, undersample is False, aug mode is trans, geo is 0.9, small_label is 1 small_prop is 0.5, balance_seed is 2
Training epoch 0 | loss: 0.66891 - accuracy: 0.59422
Validating epoch 0 | loss: 0.56645 - accuracy: 0.76606
Training epoch 1 | loss: 0.55034 - accuracy: 0.75838
Validating epoch 1 | loss: 0.5193 - accuracy: 0.78096
Training epoch 2 | loss: 0.51073 - accuracy: 0.79639
Validating epoch 2 | loss: 0.54696 - accuracy: 0.75459
Training epoch 3 | loss: 0.50818 - accuracy: 0.8
Validating epoch 3 | loss: 0.51774 - accuracy: 0.7867
Training epoch 4 | loss: 0.48134 - accuracy: 0.82428
Validating epoch 4 | loss: 0.53449 - accuracy: 0.76835
Training epoch 5 | loss: 0.47503 - accuracy: 0.83382
Validating epoch 5 | loss: 0.50881 - accuracy: 0.79472
Training epoch 6 | loss: 0.46102 - accuracy: 0.84509
Validating epoch 6 | loss: 0.50206 - accuracy: 0.80619
Training epoch 7 | loss: 0.45399 - accuracy: 0.85491
Validating epoch 7 | loss: 0.49867 - accuracy: 0.81651
Training epoch 8 | loss: 0.44875 - accuracy: 0.86517
Validating epoch 8 | loss: 0.5017 - accuracy: 0.80963
Training epoch 9 | loss: 0.44482 - accuracy: 0.86199
Validating epoch 9 | loss: 0.4954 - accuracy: 0.81078
Training epoch 10 | loss: 0.43942 - accuracy: 0.86835
Validating epoch 10 | loss: 0.50072 - accuracy: 0.80734
Training epoch 11 | loss: 0.4295 - accuracy: 0.87948
Validating epoch 11 | loss: 0.50721 - accuracy: 0.80161
Training epoch 12 | loss: 0.43178 - accuracy: 0.87818
Validating epoch 12 | loss: 0.50614 - accuracy: 0.8039
Training epoch 13 | loss: 0.42065 - accuracy: 0.89552
Validating epoch 13 | loss: 0.50112 - accuracy: 0.80275
Training epoch 14 | loss: 0.41981 - accuracy: 0.89205
Validating epoch 14 | loss: 0.5078 - accuracy: 0.79817
Training epoch 15 | loss: 0.40876 - accuracy: 0.90116
Validating epoch 15 | loss: 0.5159 - accuracy: 0.79587
Training epoch 16 | loss: 0.41002 - accuracy: 0.9026
Validating epoch 16 | loss: 0.51319 - accuracy: 0.79931
Training epoch 17 | loss: 0.41408 - accuracy: 0.89841
Validating epoch 17 | loss: 0.51817 - accuracy: 0.79587
Training epoch 18 | loss: 0.40467 - accuracy: 0.90723
Validating epoch 18 | loss: 0.50813 - accuracy: 0.8039
Training epoch 19 | loss: 0.39905 - accuracy: 0.91416
Validating epoch 19 | loss: 0.5162 - accuracy: 0.79128
Training epoch 20 | loss: 0.3953 - accuracy: 0.91416
Validating epoch 20 | loss: 0.51084 - accuracy: 0.79702
Training epoch 21 | loss: 0.39532 - accuracy: 0.9172
Validating epoch 21 | loss: 0.51742 - accuracy: 0.79014
Training epoch 22 | loss: 0.38691 - accuracy: 0.92413
Validating epoch 22 | loss: 0.51215 - accuracy: 0.80275
Training epoch 23 | loss: 0.3844 - accuracy: 0.92746
Validating epoch 23 | loss: 0.50461 - accuracy: 0.80275
Training epoch 24 | loss: 0.41067 - accuracy: 0.9013
Validating epoch 24 | loss: 0.52664 - accuracy: 0.78096
Training epoch 25 | loss: 0.40465 - accuracy: 0.90997
Validating epoch 25 | loss: 0.50566 - accuracy: 0.80619
Training epoch 26 | loss: 0.39642 - accuracy: 0.91835
Validating epoch 26 | loss: 0.49983 - accuracy: 0.81078
Training epoch 27 | loss: 0.38119 - accuracy: 0.93324
Validating epoch 27 | loss: 0.50544 - accuracy: 0.8039
Training epoch 28 | loss: 0.38692 - accuracy: 0.92442
Validating epoch 28 | loss: 0.51598 - accuracy: 0.79702
Training epoch 29 | loss: 0.38625 - accuracy: 0.9302
Validating epoch 29 | loss: 0.50848 - accuracy: 0.8039
Training epoch 30 | loss: 0.3928 - accuracy: 0.92124
Validating epoch 30 | loss: 0.50653 - accuracy: 0.8039
Training epoch 31 | loss: 0.42372 - accuracy: 0.88613
Validating epoch 31 | loss: 0.51377 - accuracy: 0.79702
Training epoch 32 | loss: 0.39192 - accuracy: 0.92341
Validating epoch 32 | loss: 0.50227 - accuracy: 0.80963
Training epoch 33 | loss: 0.38249 - accuracy: 0.93136
Validating epoch 33 | loss: 0.51176 - accuracy: 0.80046
Training epoch 34 | loss: 0.37811 - accuracy: 0.93367
Validating epoch 34 | loss: 0.5049 - accuracy: 0.80963
Training epoch 35 | loss: 0.37137 - accuracy: 0.94061
Validating epoch 35 | loss: 0.50854 - accuracy: 0.8039
Training epoch 36 | loss: 0.37255 - accuracy: 0.93916
Validating epoch 36 | loss: 0.50228 - accuracy: 0.81193
Training epoch 37 | loss: 0.37081 - accuracy: 0.94176
Validating epoch 37 | loss: 0.50902 - accuracy: 0.80275
Training epoch 38 | loss: 0.36995 - accuracy: 0.94408
Validating epoch 38 | loss: 0.50891 - accuracy: 0.8039
Training epoch 39 | loss: 0.37949 - accuracy: 0.93136
Validating epoch 39 | loss: 0.51904 - accuracy: 0.79128
Training epoch 40 | loss: 0.37232 - accuracy: 0.9396
Validating epoch 40 | loss: 0.5189 - accuracy: 0.79243
Training epoch 41 | loss: 0.36699 - accuracy: 0.94523
Validating epoch 41 | loss: 0.52018 - accuracy: 0.79243
Training epoch 42 | loss: 0.37171 - accuracy: 0.93988
Validating epoch 42 | loss: 0.5184 - accuracy: 0.79243
Training epoch 43 | loss: 0.37772 - accuracy: 0.93569
Validating epoch 43 | loss: 0.52044 - accuracy: 0.79014
Training epoch 44 | loss: 0.37736 - accuracy: 0.93627
Validating epoch 44 | loss: 0.51757 - accuracy: 0.79358
Training epoch 45 | loss: 0.37189 - accuracy: 0.9422
Validating epoch 45 | loss: 0.50916 - accuracy: 0.79931
Training epoch 46 | loss: 0.36236 - accuracy: 0.94971
Validating epoch 46 | loss: 0.50435 - accuracy: 0.80734
Training epoch 47 | loss: 0.35893 - accuracy: 0.95303
Validating epoch 47 | loss: 0.50748 - accuracy: 0.80505
Training epoch 48 | loss: 0.36192 - accuracy: 0.95029
Validating epoch 48 | loss: 0.50332 - accuracy: 0.80734
Training epoch 49 | loss: 0.36187 - accuracy: 0.95058
Validating epoch 49 | loss: 0.5014 - accuracy: 0.81078
Training epoch 50 | loss: 0.36091 - accuracy: 0.95173
Validating epoch 50 | loss: 0.50042 - accuracy: 0.81307
Training epoch 51 | loss: 0.38068 - accuracy: 0.93006
Validating epoch 51 | loss: 0.51546 - accuracy: 0.79702
Training epoch 52 | loss: 0.37321 - accuracy: 0.93902
Validating epoch 52 | loss: 0.5154 - accuracy: 0.79702
Training epoch 53 | loss: 0.36407 - accuracy: 0.94769
Validating epoch 53 | loss: 0.50776 - accuracy: 0.80505
Training epoch 54 | loss: 0.36409 - accuracy: 0.94812
Validating epoch 54 | loss: 0.51767 - accuracy: 0.79587
Training epoch 55 | loss: 0.3742 - accuracy: 0.9396
Validating epoch 55 | loss: 0.52017 - accuracy: 0.7867
Training epoch 56 | loss: 0.36145 - accuracy: 0.95303
Validating epoch 56 | loss: 0.50212 - accuracy: 0.80963
Training epoch 57 | loss: 0.36725 - accuracy: 0.94393
Validating epoch 57 | loss: 0.52492 - accuracy: 0.7844
Training epoch 58 | loss: 0.36341 - accuracy: 0.94855
Validating epoch 58 | loss: 0.50746 - accuracy: 0.80505
Training epoch 59 | loss: 0.36136 - accuracy: 0.95087
Validating epoch 59 | loss: 0.51044 - accuracy: 0.80275
Training epoch 60 | loss: 0.36571 - accuracy: 0.94798
Validating epoch 60 | loss: 0.51577 - accuracy: 0.79358
Training epoch 61 | loss: 0.37244 - accuracy: 0.93873
Validating epoch 61 | loss: 0.51225 - accuracy: 0.79587
Training epoch 62 | loss: 0.36027 - accuracy: 0.95202
Validating epoch 62 | loss: 0.50278 - accuracy: 0.80849
Training epoch 63 | loss: 0.35849 - accuracy: 0.95419
Validating epoch 63 | loss: 0.50542 - accuracy: 0.80849
Training epoch 64 | loss: 0.35659 - accuracy: 0.95592
Validating epoch 64 | loss: 0.5142 - accuracy: 0.79817
Training epoch 65 | loss: 0.36157 - accuracy: 0.95217
Validating epoch 65 | loss: 0.51722 - accuracy: 0.79358
Training epoch 66 | loss: 0.35582 - accuracy: 0.95665
Validating epoch 66 | loss: 0.51311 - accuracy: 0.79931
Training epoch 67 | loss: 0.35741 - accuracy: 0.95477
Validating epoch 67 | loss: 0.51009 - accuracy: 0.80275
Training epoch 68 | loss: 0.36258 - accuracy: 0.94928
Validating epoch 68 | loss: 0.5024 - accuracy: 0.80963
Training epoch 69 | loss: 0.35982 - accuracy: 0.95477
Validating epoch 69 | loss: 0.52388 - accuracy: 0.78784
Training epoch 70 | loss: 0.37156 - accuracy: 0.9409
Validating epoch 70 | loss: 0.54303 - accuracy: 0.7695
Training epoch 71 | loss: 0.39466 - accuracy: 0.91561
Validating epoch 71 | loss: 0.53381 - accuracy: 0.77982
Training epoch 72 | loss: 0.36173 - accuracy: 0.95246
Validating epoch 72 | loss: 0.51984 - accuracy: 0.79243
Training epoch 73 | loss: 0.35966 - accuracy: 0.95275
Validating epoch 73 | loss: 0.50844 - accuracy: 0.80161
Training epoch 74 | loss: 0.35965 - accuracy: 0.95202
Validating epoch 74 | loss: 0.51669 - accuracy: 0.79472
Training epoch 75 | loss: 0.36068 - accuracy: 0.9539
Validating epoch 75 | loss: 0.52221 - accuracy: 0.79014
Training epoch 76 | loss: 0.35782 - accuracy: 0.95405
Validating epoch 76 | loss: 0.51547 - accuracy: 0.79702
Training epoch 77 | loss: 0.3561 - accuracy: 0.95636
Validating epoch 77 | loss: 0.51548 - accuracy: 0.79587
Training epoch 78 | loss: 0.35664 - accuracy: 0.95578
Validating epoch 78 | loss: 0.50455 - accuracy: 0.80619
Training epoch 79 | loss: 0.36162 - accuracy: 0.9552
Validating epoch 79 | loss: 0.51435 - accuracy: 0.79817
Training epoch 80 | loss: 0.36044 - accuracy: 0.95173
Validating epoch 80 | loss: 0.50057 - accuracy: 0.81078
Training epoch 81 | loss: 0.35439 - accuracy: 0.95809
Validating epoch 81 | loss: 0.5041 - accuracy: 0.80734
Training epoch 82 | loss: 0.35377 - accuracy: 0.95853
Validating epoch 82 | loss: 0.50767 - accuracy: 0.80161
Training epoch 83 | loss: 0.35401 - accuracy: 0.95838
Validating epoch 83 | loss: 0.5189 - accuracy: 0.79358
Training epoch 84 | loss: 0.35733 - accuracy: 0.95462
Validating epoch 84 | loss: 0.52316 - accuracy: 0.79014
Training epoch 85 | loss: 0.36332 - accuracy: 0.95058
Validating epoch 85 | loss: 0.52028 - accuracy: 0.79128
Training epoch 86 | loss: 0.36156 - accuracy: 0.95014
Validating epoch 86 | loss: 0.51986 - accuracy: 0.79128
Training epoch 87 | loss: 0.35714 - accuracy: 0.95506
Validating epoch 87 | loss: 0.52521 - accuracy: 0.7844
Training epoch 88 | loss: 0.36263 - accuracy: 0.94928
Validating epoch 88 | loss: 0.53076 - accuracy: 0.77982
Training epoch 89 | loss: 0.35559 - accuracy: 0.95708
Validating epoch 89 | loss: 0.51425 - accuracy: 0.79817
Training epoch 90 | loss: 0.35689 - accuracy: 0.95535
Validating epoch 90 | loss: 0.51496 - accuracy: 0.79817
Training epoch 91 | loss: 0.35434 - accuracy: 0.95809
Validating epoch 91 | loss: 0.51756 - accuracy: 0.79472
Training epoch 92 | loss: 0.3603 - accuracy: 0.95173
Validating epoch 92 | loss: 0.53053 - accuracy: 0.78211
Training epoch 93 | loss: 0.35468 - accuracy: 0.9578
Validating epoch 93 | loss: 0.50841 - accuracy: 0.80161
Training epoch 94 | loss: 0.35689 - accuracy: 0.95708
Validating epoch 94 | loss: 0.50363 - accuracy: 0.80849
Training epoch 95 | loss: 0.35599 - accuracy: 0.95882
Validating epoch 95 | loss: 0.50861 - accuracy: 0.8039
Training epoch 96 | loss: 0.35339 - accuracy: 0.96098
Validating epoch 96 | loss: 0.51188 - accuracy: 0.79931
Training epoch 97 | loss: 0.35482 - accuracy: 0.95751
Validating epoch 97 | loss: 0.51551 - accuracy: 0.79702
Training epoch 98 | loss: 0.35264 - accuracy: 0.96199
Validating epoch 98 | loss: 0.51102 - accuracy: 0.80161
Training epoch 99 | loss: 0.37033 - accuracy: 0.94379
Validating epoch 99 | loss: 0.51286 - accuracy: 0.80046
