Dataset is sst, undersample is False, aug mode is None, geo is 0.5, small_label is 1 small_prop is 0.5, balance_seed is 0
Training epoch 0 | loss: 0.65204 - accuracy: 0.63757
Validating epoch 0 | loss: 0.52628 - accuracy: 0.79817
Training epoch 1 | loss: 0.54086 - accuracy: 0.7685
Validating epoch 1 | loss: 0.51005 - accuracy: 0.79014
Training epoch 2 | loss: 0.5005 - accuracy: 0.80434
Validating epoch 2 | loss: 0.51153 - accuracy: 0.79931
Training epoch 3 | loss: 0.49314 - accuracy: 0.82009
Validating epoch 3 | loss: 0.52168 - accuracy: 0.78326
Training epoch 4 | loss: 0.50008 - accuracy: 0.80462
Validating epoch 4 | loss: 0.50054 - accuracy: 0.80275
Training epoch 5 | loss: 0.47675 - accuracy: 0.83382
Validating epoch 5 | loss: 0.5033 - accuracy: 0.8039
Training epoch 6 | loss: 0.45305 - accuracy: 0.85564
Validating epoch 6 | loss: 0.50302 - accuracy: 0.80849
Training epoch 7 | loss: 0.46614 - accuracy: 0.84408
Validating epoch 7 | loss: 0.50876 - accuracy: 0.79817
Training epoch 8 | loss: 0.46349 - accuracy: 0.84523
Validating epoch 8 | loss: 0.50119 - accuracy: 0.80849
Training epoch 9 | loss: 0.44801 - accuracy: 0.86243
Validating epoch 9 | loss: 0.49463 - accuracy: 0.81651
Training epoch 10 | loss: 0.45235 - accuracy: 0.85867
Validating epoch 10 | loss: 0.51711 - accuracy: 0.79243
Training epoch 11 | loss: 0.43638 - accuracy: 0.87486
Validating epoch 11 | loss: 0.49649 - accuracy: 0.81307
Training epoch 12 | loss: 0.43706 - accuracy: 0.87587
Validating epoch 12 | loss: 0.51795 - accuracy: 0.79014
Training epoch 13 | loss: 0.46475 - accuracy: 0.84162
Validating epoch 13 | loss: 0.48862 - accuracy: 0.82454
Training epoch 14 | loss: 0.43725 - accuracy: 0.87428
Validating epoch 14 | loss: 0.50365 - accuracy: 0.80275
Training epoch 15 | loss: 0.4183 - accuracy: 0.89205
Validating epoch 15 | loss: 0.50151 - accuracy: 0.81078
Training epoch 16 | loss: 0.41375 - accuracy: 0.89668
Validating epoch 16 | loss: 0.49951 - accuracy: 0.81307
Training epoch 17 | loss: 0.4064 - accuracy: 0.9052
Validating epoch 17 | loss: 0.49693 - accuracy: 0.81651
Training epoch 18 | loss: 0.40406 - accuracy: 0.90983
Validating epoch 18 | loss: 0.50569 - accuracy: 0.8039
Training epoch 19 | loss: 0.40848 - accuracy: 0.90434
Validating epoch 19 | loss: 0.50939 - accuracy: 0.8039
Training epoch 20 | loss: 0.40397 - accuracy: 0.90708
Validating epoch 20 | loss: 0.52664 - accuracy: 0.7867
Training epoch 21 | loss: 0.40542 - accuracy: 0.90723
Validating epoch 21 | loss: 0.50974 - accuracy: 0.79817
Training epoch 22 | loss: 0.39779 - accuracy: 0.91561
Validating epoch 22 | loss: 0.51894 - accuracy: 0.79472
Training epoch 23 | loss: 0.42879 - accuracy: 0.88382
Validating epoch 23 | loss: 0.51368 - accuracy: 0.79817
Training epoch 24 | loss: 0.39509 - accuracy: 0.91893
Validating epoch 24 | loss: 0.50064 - accuracy: 0.81307
Training epoch 25 | loss: 0.39316 - accuracy: 0.91908
Validating epoch 25 | loss: 0.50731 - accuracy: 0.80619
Training epoch 26 | loss: 0.42087 - accuracy: 0.88902
Validating epoch 26 | loss: 0.51843 - accuracy: 0.79358
Training epoch 27 | loss: 0.4026 - accuracy: 0.90939
Validating epoch 27 | loss: 0.50215 - accuracy: 0.80963
Training epoch 28 | loss: 0.39815 - accuracy: 0.91257
Validating epoch 28 | loss: 0.5015 - accuracy: 0.80849
Training epoch 29 | loss: 0.38709 - accuracy: 0.92529
Validating epoch 29 | loss: 0.50365 - accuracy: 0.80963
Training epoch 30 | loss: 0.38547 - accuracy: 0.92847
Validating epoch 30 | loss: 0.50358 - accuracy: 0.80963
Training epoch 31 | loss: 0.37953 - accuracy: 0.93483
Validating epoch 31 | loss: 0.51182 - accuracy: 0.80046
Training epoch 32 | loss: 0.37981 - accuracy: 0.93425
Validating epoch 32 | loss: 0.50015 - accuracy: 0.81307
Training epoch 33 | loss: 0.38445 - accuracy: 0.92673
Validating epoch 33 | loss: 0.51089 - accuracy: 0.80046
Training epoch 34 | loss: 0.37896 - accuracy: 0.93309
Validating epoch 34 | loss: 0.50119 - accuracy: 0.81537
Training epoch 35 | loss: 0.40953 - accuracy: 0.90029
Validating epoch 35 | loss: 0.51 - accuracy: 0.80275
Training epoch 36 | loss: 0.38711 - accuracy: 0.9237
Validating epoch 36 | loss: 0.49777 - accuracy: 0.81651
Training epoch 37 | loss: 0.38776 - accuracy: 0.92355
Validating epoch 37 | loss: 0.50713 - accuracy: 0.80734
Training epoch 38 | loss: 0.38331 - accuracy: 0.9289
Validating epoch 38 | loss: 0.50025 - accuracy: 0.81307
Training epoch 39 | loss: 0.3745 - accuracy: 0.93772
Validating epoch 39 | loss: 0.50195 - accuracy: 0.80963
Training epoch 40 | loss: 0.38061 - accuracy: 0.93035
Validating epoch 40 | loss: 0.50337 - accuracy: 0.81078
Training epoch 41 | loss: 0.37714 - accuracy: 0.93699
Validating epoch 41 | loss: 0.50538 - accuracy: 0.80619
Training epoch 42 | loss: 0.37111 - accuracy: 0.94133
Validating epoch 42 | loss: 0.50564 - accuracy: 0.80849
Training epoch 43 | loss: 0.37212 - accuracy: 0.94205
Validating epoch 43 | loss: 0.51307 - accuracy: 0.79931
Training epoch 44 | loss: 0.36823 - accuracy: 0.94393
Validating epoch 44 | loss: 0.50114 - accuracy: 0.81307
Training epoch 45 | loss: 0.36764 - accuracy: 0.94465
Validating epoch 45 | loss: 0.50221 - accuracy: 0.81193
Training epoch 46 | loss: 0.36726 - accuracy: 0.94494
Validating epoch 46 | loss: 0.49855 - accuracy: 0.81537
Training epoch 47 | loss: 0.36968 - accuracy: 0.94234
Validating epoch 47 | loss: 0.49486 - accuracy: 0.81881
Training epoch 48 | loss: 0.36641 - accuracy: 0.94581
Validating epoch 48 | loss: 0.50173 - accuracy: 0.81193
Training epoch 49 | loss: 0.36846 - accuracy: 0.94364
Validating epoch 49 | loss: 0.512 - accuracy: 0.80046
Training epoch 50 | loss: 0.38194 - accuracy: 0.93208
Validating epoch 50 | loss: 0.50762 - accuracy: 0.80275
Training epoch 51 | loss: 0.38899 - accuracy: 0.92399
Validating epoch 51 | loss: 0.50137 - accuracy: 0.81307
Training epoch 52 | loss: 0.37881 - accuracy: 0.93497
Validating epoch 52 | loss: 0.51145 - accuracy: 0.80046
Training epoch 53 | loss: 0.37116 - accuracy: 0.94061
Validating epoch 53 | loss: 0.51586 - accuracy: 0.79931
Training epoch 54 | loss: 0.38101 - accuracy: 0.93483
Validating epoch 54 | loss: 0.49851 - accuracy: 0.81537
Training epoch 55 | loss: 0.3699 - accuracy: 0.9422
Validating epoch 55 | loss: 0.51207 - accuracy: 0.80161
Training epoch 56 | loss: 0.36832 - accuracy: 0.94379
Validating epoch 56 | loss: 0.50427 - accuracy: 0.80849
Training epoch 57 | loss: 0.36639 - accuracy: 0.9461
Validating epoch 57 | loss: 0.50616 - accuracy: 0.80734
Training epoch 58 | loss: 0.36604 - accuracy: 0.94595
Validating epoch 58 | loss: 0.523 - accuracy: 0.78784
Training epoch 59 | loss: 0.37308 - accuracy: 0.9409
Validating epoch 59 | loss: 0.49712 - accuracy: 0.81651
Training epoch 60 | loss: 0.38226 - accuracy: 0.92919
Validating epoch 60 | loss: 0.51408 - accuracy: 0.80046
Training epoch 61 | loss: 0.38103 - accuracy: 0.93237
Validating epoch 61 | loss: 0.49904 - accuracy: 0.81537
Training epoch 62 | loss: 0.37305 - accuracy: 0.93858
Validating epoch 62 | loss: 0.51859 - accuracy: 0.79358
Training epoch 63 | loss: 0.37407 - accuracy: 0.93801
Validating epoch 63 | loss: 0.50606 - accuracy: 0.80734
Training epoch 64 | loss: 0.36565 - accuracy: 0.94855
Validating epoch 64 | loss: 0.50066 - accuracy: 0.81651
Training epoch 65 | loss: 0.36635 - accuracy: 0.94812
Validating epoch 65 | loss: 0.51007 - accuracy: 0.8039
Training epoch 66 | loss: 0.40412 - accuracy: 0.90882
Validating epoch 66 | loss: 0.53275 - accuracy: 0.78211
Training epoch 67 | loss: 0.39795 - accuracy: 0.91488
Validating epoch 67 | loss: 0.50324 - accuracy: 0.80963
Training epoch 68 | loss: 0.3759 - accuracy: 0.93584
Validating epoch 68 | loss: 0.50523 - accuracy: 0.80734
Training epoch 69 | loss: 0.3771 - accuracy: 0.9341
Validating epoch 69 | loss: 0.52293 - accuracy: 0.78899
Training epoch 70 | loss: 0.36685 - accuracy: 0.94494
Validating epoch 70 | loss: 0.51048 - accuracy: 0.80161
Training epoch 71 | loss: 0.36311 - accuracy: 0.94913
Validating epoch 71 | loss: 0.50115 - accuracy: 0.81307
Training epoch 72 | loss: 0.3631 - accuracy: 0.94913
Validating epoch 72 | loss: 0.5141 - accuracy: 0.79702
Training epoch 73 | loss: 0.36322 - accuracy: 0.94928
Validating epoch 73 | loss: 0.51426 - accuracy: 0.79931
Training epoch 74 | loss: 0.38182 - accuracy: 0.92919
Validating epoch 74 | loss: 0.5189 - accuracy: 0.79472
Training epoch 75 | loss: 0.37049 - accuracy: 0.94147
Validating epoch 75 | loss: 0.50219 - accuracy: 0.81307
Training epoch 76 | loss: 0.36126 - accuracy: 0.95101
Validating epoch 76 | loss: 0.50737 - accuracy: 0.80619
Training epoch 77 | loss: 0.36438 - accuracy: 0.94986
Validating epoch 77 | loss: 0.50261 - accuracy: 0.81193
Training epoch 78 | loss: 0.36382 - accuracy: 0.9487
Validating epoch 78 | loss: 0.51979 - accuracy: 0.79358
Training epoch 79 | loss: 0.35985 - accuracy: 0.9526
Validating epoch 79 | loss: 0.5108 - accuracy: 0.8039
Training epoch 80 | loss: 0.35941 - accuracy: 0.95303
Validating epoch 80 | loss: 0.5126 - accuracy: 0.80161
Training epoch 81 | loss: 0.36141 - accuracy: 0.95072
Validating epoch 81 | loss: 0.5102 - accuracy: 0.80505
Training epoch 82 | loss: 0.36489 - accuracy: 0.95173
Validating epoch 82 | loss: 0.50702 - accuracy: 0.80734
Training epoch 83 | loss: 0.36294 - accuracy: 0.94884
Validating epoch 83 | loss: 0.51277 - accuracy: 0.80046
Training epoch 84 | loss: 0.36232 - accuracy: 0.95275
Validating epoch 84 | loss: 0.53024 - accuracy: 0.7844
Training epoch 85 | loss: 0.36363 - accuracy: 0.94855
Validating epoch 85 | loss: 0.51629 - accuracy: 0.79702
Training epoch 86 | loss: 0.36026 - accuracy: 0.95217
Validating epoch 86 | loss: 0.51782 - accuracy: 0.79817
Training epoch 87 | loss: 0.35991 - accuracy: 0.95448
Validating epoch 87 | loss: 0.51378 - accuracy: 0.79931
Training epoch 88 | loss: 0.35787 - accuracy: 0.95462
Validating epoch 88 | loss: 0.51225 - accuracy: 0.80161
Training epoch 89 | loss: 0.35701 - accuracy: 0.95549
Validating epoch 89 | loss: 0.49567 - accuracy: 0.81881
Training epoch 90 | loss: 0.37007 - accuracy: 0.94624
Validating epoch 90 | loss: 0.51144 - accuracy: 0.80046
Training epoch 91 | loss: 0.36432 - accuracy: 0.94769
Validating epoch 91 | loss: 0.51171 - accuracy: 0.8039
Training epoch 92 | loss: 0.36332 - accuracy: 0.9513
Validating epoch 92 | loss: 0.50836 - accuracy: 0.80505
Training epoch 93 | loss: 0.36129 - accuracy: 0.9552
Validating epoch 93 | loss: 0.50717 - accuracy: 0.80619
Training epoch 94 | loss: 0.35923 - accuracy: 0.95535
Validating epoch 94 | loss: 0.50141 - accuracy: 0.81307
Training epoch 95 | loss: 0.36233 - accuracy: 0.95419
Validating epoch 95 | loss: 0.50341 - accuracy: 0.81307
Training epoch 96 | loss: 0.36131 - accuracy: 0.95072
Validating epoch 96 | loss: 0.52229 - accuracy: 0.79243
Training epoch 97 | loss: 0.36257 - accuracy: 0.94942
Validating epoch 97 | loss: 0.50299 - accuracy: 0.81078
Training epoch 98 | loss: 0.35816 - accuracy: 0.95434
Validating epoch 98 | loss: 0.50727 - accuracy: 0.80734
Training epoch 99 | loss: 0.35866 - accuracy: 0.95376
Validating epoch 99 | loss: 0.50826 - accuracy: 0.80734
Dataset is sst, undersample is True, aug mode is None, geo is 0.5, small_label is 1 small_prop is 0.5, balance_seed is 0
Training epoch 0 | loss: 0.69068 - accuracy: 0.56039
Validating epoch 0 | loss: 0.67342 - accuracy: 0.7305
Training epoch 1 | loss: 0.62047 - accuracy: 0.72576
Validating epoch 1 | loss: 0.54864 - accuracy: 0.76261
Training epoch 2 | loss: 0.54777 - accuracy: 0.7626
Validating epoch 2 | loss: 0.51769 - accuracy: 0.78899
Training epoch 3 | loss: 0.51957 - accuracy: 0.78338
Validating epoch 3 | loss: 0.52136 - accuracy: 0.78096
Training epoch 4 | loss: 0.51328 - accuracy: 0.79529
Validating epoch 4 | loss: 0.52838 - accuracy: 0.77982
Training epoch 5 | loss: 0.50531 - accuracy: 0.80332
Validating epoch 5 | loss: 0.51306 - accuracy: 0.79587
Training epoch 6 | loss: 0.48803 - accuracy: 0.81884
Validating epoch 6 | loss: 0.51072 - accuracy: 0.79243
Training epoch 7 | loss: 0.47274 - accuracy: 0.83823
Validating epoch 7 | loss: 0.51364 - accuracy: 0.79472
Training epoch 8 | loss: 0.45975 - accuracy: 0.84875
Validating epoch 8 | loss: 0.51115 - accuracy: 0.79931
Training epoch 9 | loss: 0.45667 - accuracy: 0.85845
Validating epoch 9 | loss: 0.51184 - accuracy: 0.79931
Training epoch 10 | loss: 0.46669 - accuracy: 0.84238
Validating epoch 10 | loss: 0.52466 - accuracy: 0.78784
Training epoch 11 | loss: 0.47069 - accuracy: 0.8385
Validating epoch 11 | loss: 0.52175 - accuracy: 0.7867
Training epoch 12 | loss: 0.47959 - accuracy: 0.82909
Validating epoch 12 | loss: 0.50413 - accuracy: 0.80619
Training epoch 13 | loss: 0.44954 - accuracy: 0.8651
Validating epoch 13 | loss: 0.50553 - accuracy: 0.80505
Training epoch 14 | loss: 0.44266 - accuracy: 0.86648
Validating epoch 14 | loss: 0.52607 - accuracy: 0.78555
Training epoch 15 | loss: 0.43711 - accuracy: 0.87313
Validating epoch 15 | loss: 0.52589 - accuracy: 0.77523
Training epoch 16 | loss: 0.43675 - accuracy: 0.87479
Validating epoch 16 | loss: 0.52268 - accuracy: 0.7844
Training epoch 17 | loss: 0.43377 - accuracy: 0.87784
Validating epoch 17 | loss: 0.51201 - accuracy: 0.79472
Training epoch 18 | loss: 0.45779 - accuracy: 0.8518
Validating epoch 18 | loss: 0.52345 - accuracy: 0.77982
Training epoch 19 | loss: 0.43465 - accuracy: 0.87424
Validating epoch 19 | loss: 0.50826 - accuracy: 0.80275
Training epoch 20 | loss: 0.42782 - accuracy: 0.88089
Validating epoch 20 | loss: 0.52365 - accuracy: 0.78784
Training epoch 21 | loss: 0.43799 - accuracy: 0.87479
Validating epoch 21 | loss: 0.49982 - accuracy: 0.80963
Training epoch 22 | loss: 0.42268 - accuracy: 0.89003
Validating epoch 22 | loss: 0.50813 - accuracy: 0.80275
Training epoch 23 | loss: 0.42132 - accuracy: 0.88947
Validating epoch 23 | loss: 0.5131 - accuracy: 0.79358
Training epoch 24 | loss: 0.40419 - accuracy: 0.90693
Validating epoch 24 | loss: 0.50142 - accuracy: 0.81307
Training epoch 25 | loss: 0.41809 - accuracy: 0.89252
Validating epoch 25 | loss: 0.50664 - accuracy: 0.80619
Training epoch 26 | loss: 0.40663 - accuracy: 0.90416
Validating epoch 26 | loss: 0.50257 - accuracy: 0.8039
Training epoch 27 | loss: 0.40087 - accuracy: 0.9108
Validating epoch 27 | loss: 0.50044 - accuracy: 0.81078
Training epoch 28 | loss: 0.39974 - accuracy: 0.91385
Validating epoch 28 | loss: 0.50396 - accuracy: 0.80734
Training epoch 29 | loss: 0.40195 - accuracy: 0.90914
Validating epoch 29 | loss: 0.49995 - accuracy: 0.81422
Training epoch 30 | loss: 0.39969 - accuracy: 0.91607
Validating epoch 30 | loss: 0.49771 - accuracy: 0.81422
Training epoch 31 | loss: 0.39474 - accuracy: 0.91496
Validating epoch 31 | loss: 0.49273 - accuracy: 0.81881
Training epoch 32 | loss: 0.39308 - accuracy: 0.91828
Validating epoch 32 | loss: 0.49908 - accuracy: 0.81422
Training epoch 33 | loss: 0.40298 - accuracy: 0.91163
Validating epoch 33 | loss: 0.49869 - accuracy: 0.80963
Training epoch 34 | loss: 0.39604 - accuracy: 0.91994
Validating epoch 34 | loss: 0.49827 - accuracy: 0.81193
Training epoch 35 | loss: 0.39516 - accuracy: 0.9169
Validating epoch 35 | loss: 0.50452 - accuracy: 0.80619
Training epoch 36 | loss: 0.391 - accuracy: 0.92327
Validating epoch 36 | loss: 0.50376 - accuracy: 0.80734
Training epoch 37 | loss: 0.38382 - accuracy: 0.93019
Validating epoch 37 | loss: 0.49635 - accuracy: 0.81422
Training epoch 38 | loss: 0.38193 - accuracy: 0.93102
Validating epoch 38 | loss: 0.49693 - accuracy: 0.81651
Training epoch 39 | loss: 0.37974 - accuracy: 0.93352
Validating epoch 39 | loss: 0.49937 - accuracy: 0.81307
Training epoch 40 | loss: 0.38179 - accuracy: 0.93075
Validating epoch 40 | loss: 0.50619 - accuracy: 0.80734
Training epoch 41 | loss: 0.38889 - accuracy: 0.9241
Validating epoch 41 | loss: 0.50267 - accuracy: 0.80734
Training epoch 42 | loss: 0.38075 - accuracy: 0.93019
Validating epoch 42 | loss: 0.50579 - accuracy: 0.80619
Training epoch 43 | loss: 0.38317 - accuracy: 0.92881
Validating epoch 43 | loss: 0.50343 - accuracy: 0.80963
Training epoch 44 | loss: 0.38266 - accuracy: 0.92992
Validating epoch 44 | loss: 0.50349 - accuracy: 0.81193
Training epoch 45 | loss: 0.38175 - accuracy: 0.93324
Validating epoch 45 | loss: 0.51748 - accuracy: 0.79128
Training epoch 46 | loss: 0.39014 - accuracy: 0.92465
Validating epoch 46 | loss: 0.51885 - accuracy: 0.79128
Training epoch 47 | loss: 0.38604 - accuracy: 0.92825
Validating epoch 47 | loss: 0.50666 - accuracy: 0.80505
Training epoch 48 | loss: 0.38256 - accuracy: 0.92964
Validating epoch 48 | loss: 0.51333 - accuracy: 0.79817
Training epoch 49 | loss: 0.38365 - accuracy: 0.92909
Validating epoch 49 | loss: 0.49428 - accuracy: 0.81766
Training epoch 50 | loss: 0.38706 - accuracy: 0.92798
Validating epoch 50 | loss: 0.51838 - accuracy: 0.79358
Training epoch 51 | loss: 0.39369 - accuracy: 0.91856
Validating epoch 51 | loss: 0.50158 - accuracy: 0.81307
Training epoch 52 | loss: 0.38633 - accuracy: 0.92742
Validating epoch 52 | loss: 0.50107 - accuracy: 0.81307
Training epoch 53 | loss: 0.38309 - accuracy: 0.92992
Validating epoch 53 | loss: 0.50743 - accuracy: 0.80505
Training epoch 54 | loss: 0.39779 - accuracy: 0.91413
Validating epoch 54 | loss: 0.5003 - accuracy: 0.81422
Training epoch 55 | loss: 0.38498 - accuracy: 0.93075
Validating epoch 55 | loss: 0.49793 - accuracy: 0.81537
Training epoch 56 | loss: 0.38058 - accuracy: 0.93241
Validating epoch 56 | loss: 0.50674 - accuracy: 0.80505
Training epoch 57 | loss: 0.37913 - accuracy: 0.93407
Validating epoch 57 | loss: 0.51232 - accuracy: 0.79817
Training epoch 58 | loss: 0.41045 - accuracy: 0.89917
Validating epoch 58 | loss: 0.50398 - accuracy: 0.80849
Training epoch 59 | loss: 0.40292 - accuracy: 0.90886
Validating epoch 59 | loss: 0.49716 - accuracy: 0.81537
Training epoch 60 | loss: 0.39551 - accuracy: 0.91524
Validating epoch 60 | loss: 0.50331 - accuracy: 0.80963
Training epoch 61 | loss: 0.41982 - accuracy: 0.89418
Validating epoch 61 | loss: 0.53989 - accuracy: 0.76835
Training epoch 62 | loss: 0.39703 - accuracy: 0.9144
Validating epoch 62 | loss: 0.50555 - accuracy: 0.80505
Training epoch 63 | loss: 0.37771 - accuracy: 0.93324
Validating epoch 63 | loss: 0.50405 - accuracy: 0.81078
Training epoch 64 | loss: 0.37537 - accuracy: 0.9374
Validating epoch 64 | loss: 0.50253 - accuracy: 0.80963
Training epoch 65 | loss: 0.36936 - accuracy: 0.941
Validating epoch 65 | loss: 0.50869 - accuracy: 0.8039
Training epoch 66 | loss: 0.37263 - accuracy: 0.94044
Validating epoch 66 | loss: 0.5017 - accuracy: 0.80963
Training epoch 67 | loss: 0.37165 - accuracy: 0.94321
Validating epoch 67 | loss: 0.50692 - accuracy: 0.8039
Training epoch 68 | loss: 0.37042 - accuracy: 0.94211
Validating epoch 68 | loss: 0.51081 - accuracy: 0.79931
Training epoch 69 | loss: 0.37817 - accuracy: 0.93463
Validating epoch 69 | loss: 0.49557 - accuracy: 0.81766
Training epoch 70 | loss: 0.37617 - accuracy: 0.93518
Validating epoch 70 | loss: 0.49899 - accuracy: 0.81193
Training epoch 71 | loss: 0.37435 - accuracy: 0.94377
Validating epoch 71 | loss: 0.50806 - accuracy: 0.80505
Training epoch 72 | loss: 0.36762 - accuracy: 0.94571
Validating epoch 72 | loss: 0.50611 - accuracy: 0.80619
Training epoch 73 | loss: 0.37266 - accuracy: 0.94211
Validating epoch 73 | loss: 0.50885 - accuracy: 0.8039
Training epoch 74 | loss: 0.40645 - accuracy: 0.90665
Validating epoch 74 | loss: 0.5076 - accuracy: 0.80963
Training epoch 75 | loss: 0.37776 - accuracy: 0.93712
Validating epoch 75 | loss: 0.51137 - accuracy: 0.80046
Training epoch 76 | loss: 0.38483 - accuracy: 0.9277
Validating epoch 76 | loss: 0.50843 - accuracy: 0.80275
Training epoch 77 | loss: 0.36923 - accuracy: 0.94349
Validating epoch 77 | loss: 0.50342 - accuracy: 0.80849
Training epoch 78 | loss: 0.36879 - accuracy: 0.9446
Validating epoch 78 | loss: 0.50224 - accuracy: 0.80963
Training epoch 79 | loss: 0.3818 - accuracy: 0.93186
Validating epoch 79 | loss: 0.50482 - accuracy: 0.80734
Training epoch 80 | loss: 0.3693 - accuracy: 0.94183
Validating epoch 80 | loss: 0.50618 - accuracy: 0.80734
Training epoch 81 | loss: 0.37235 - accuracy: 0.93878
Validating epoch 81 | loss: 0.50844 - accuracy: 0.80275
Training epoch 82 | loss: 0.37108 - accuracy: 0.94183
Validating epoch 82 | loss: 0.50505 - accuracy: 0.80849
Training epoch 83 | loss: 0.36565 - accuracy: 0.94681
Validating epoch 83 | loss: 0.52582 - accuracy: 0.7867
Training epoch 84 | loss: 0.36503 - accuracy: 0.94903
Validating epoch 84 | loss: 0.50916 - accuracy: 0.8039
Training epoch 85 | loss: 0.37103 - accuracy: 0.94709
Validating epoch 85 | loss: 0.50636 - accuracy: 0.80619
Training epoch 86 | loss: 0.36674 - accuracy: 0.94681
Validating epoch 86 | loss: 0.50634 - accuracy: 0.80505
Training epoch 87 | loss: 0.36349 - accuracy: 0.95069
Validating epoch 87 | loss: 0.50887 - accuracy: 0.8039
Training epoch 88 | loss: 0.36126 - accuracy: 0.95069
Validating epoch 88 | loss: 0.5075 - accuracy: 0.8039
Training epoch 89 | loss: 0.36057 - accuracy: 0.95152
Validating epoch 89 | loss: 0.50478 - accuracy: 0.80734
Training epoch 90 | loss: 0.36267 - accuracy: 0.95125
Validating epoch 90 | loss: 0.51443 - accuracy: 0.79702
Training epoch 91 | loss: 0.36141 - accuracy: 0.9518
Validating epoch 91 | loss: 0.51978 - accuracy: 0.79128
Training epoch 92 | loss: 0.36749 - accuracy: 0.94626
Validating epoch 92 | loss: 0.50951 - accuracy: 0.80275
Training epoch 93 | loss: 0.36138 - accuracy: 0.95069
Validating epoch 93 | loss: 0.50915 - accuracy: 0.80275
Training epoch 94 | loss: 0.36631 - accuracy: 0.94654
Validating epoch 94 | loss: 0.51175 - accuracy: 0.79931
Training epoch 95 | loss: 0.36471 - accuracy: 0.9482
Validating epoch 95 | loss: 0.51434 - accuracy: 0.79817
Training epoch 96 | loss: 0.36679 - accuracy: 0.94571
Validating epoch 96 | loss: 0.50502 - accuracy: 0.80963
Training epoch 97 | loss: 0.37266 - accuracy: 0.93795
Validating epoch 97 | loss: 0.51415 - accuracy: 0.80046
Training epoch 98 | loss: 0.3675 - accuracy: 0.94626
Validating epoch 98 | loss: 0.51172 - accuracy: 0.80046
Training epoch 99 | loss: 0.36736 - accuracy: 0.94792
Validating epoch 99 | loss: 0.51313 - accuracy: 0.79817
Dataset is sst, undersample is False, aug mode is trans, geo is 0.3, small_label is 1 small_prop is 0.5, balance_seed is 0
Training epoch 0 | loss: 0.66272 - accuracy: 0.59436
Validating epoch 0 | loss: 0.58267 - accuracy: 0.72592
Training epoch 1 | loss: 0.53419 - accuracy: 0.77182
Validating epoch 1 | loss: 0.53196 - accuracy: 0.76835
Training epoch 2 | loss: 0.52645 - accuracy: 0.7815
Validating epoch 2 | loss: 0.51106 - accuracy: 0.79587
Training epoch 3 | loss: 0.51226 - accuracy: 0.79335
Validating epoch 3 | loss: 0.50895 - accuracy: 0.80505
Training epoch 4 | loss: 0.48844 - accuracy: 0.81517
Validating epoch 4 | loss: 0.52377 - accuracy: 0.77408
Training epoch 5 | loss: 0.48695 - accuracy: 0.81994
Validating epoch 5 | loss: 0.50761 - accuracy: 0.79931
Training epoch 6 | loss: 0.46901 - accuracy: 0.83829
Validating epoch 6 | loss: 0.50214 - accuracy: 0.80963
Training epoch 7 | loss: 0.46835 - accuracy: 0.84364
Validating epoch 7 | loss: 0.50867 - accuracy: 0.79702
Training epoch 8 | loss: 0.46563 - accuracy: 0.84234
Validating epoch 8 | loss: 0.50664 - accuracy: 0.79243
Training epoch 9 | loss: 0.46198 - accuracy: 0.84451
Validating epoch 9 | loss: 0.51375 - accuracy: 0.79587
Training epoch 10 | loss: 0.45695 - accuracy: 0.85116
Validating epoch 10 | loss: 0.51579 - accuracy: 0.79472
Training epoch 11 | loss: 0.44534 - accuracy: 0.86156
Validating epoch 11 | loss: 0.51357 - accuracy: 0.79358
Training epoch 12 | loss: 0.44515 - accuracy: 0.8659
Validating epoch 12 | loss: 0.50697 - accuracy: 0.80161
Training epoch 13 | loss: 0.44773 - accuracy: 0.86503
Validating epoch 13 | loss: 0.51583 - accuracy: 0.79358
Training epoch 14 | loss: 0.42919 - accuracy: 0.88092
Validating epoch 14 | loss: 0.50212 - accuracy: 0.80505
Training epoch 15 | loss: 0.43084 - accuracy: 0.87645
Validating epoch 15 | loss: 0.51997 - accuracy: 0.78555
Training epoch 16 | loss: 0.43211 - accuracy: 0.88223
Validating epoch 16 | loss: 0.51278 - accuracy: 0.79587
Training epoch 17 | loss: 0.43089 - accuracy: 0.87688
Validating epoch 17 | loss: 0.4991 - accuracy: 0.81078
Training epoch 18 | loss: 0.41764 - accuracy: 0.89422
Validating epoch 18 | loss: 0.49894 - accuracy: 0.81078
Training epoch 19 | loss: 0.42055 - accuracy: 0.89147
Validating epoch 19 | loss: 0.50042 - accuracy: 0.80963
Training epoch 20 | loss: 0.43528 - accuracy: 0.87197
Validating epoch 20 | loss: 0.49968 - accuracy: 0.81078
Training epoch 21 | loss: 0.41364 - accuracy: 0.90029
Validating epoch 21 | loss: 0.50427 - accuracy: 0.80505
Training epoch 22 | loss: 0.40576 - accuracy: 0.9039
Validating epoch 22 | loss: 0.5026 - accuracy: 0.8039
Training epoch 23 | loss: 0.40542 - accuracy: 0.9078
Validating epoch 23 | loss: 0.48964 - accuracy: 0.81995
Training epoch 24 | loss: 0.40083 - accuracy: 0.90983
Validating epoch 24 | loss: 0.49829 - accuracy: 0.81078
Training epoch 25 | loss: 0.40005 - accuracy: 0.90997
Validating epoch 25 | loss: 0.49784 - accuracy: 0.81307
Training epoch 26 | loss: 0.40083 - accuracy: 0.90838
Validating epoch 26 | loss: 0.4997 - accuracy: 0.80849
Training epoch 27 | loss: 0.39962 - accuracy: 0.91228
Validating epoch 27 | loss: 0.50885 - accuracy: 0.80275
Training epoch 28 | loss: 0.39707 - accuracy: 0.9172
Validating epoch 28 | loss: 0.50118 - accuracy: 0.80963
Training epoch 29 | loss: 0.39356 - accuracy: 0.92283
Validating epoch 29 | loss: 0.51499 - accuracy: 0.79587
Training epoch 30 | loss: 0.41979 - accuracy: 0.88916
Validating epoch 30 | loss: 0.49749 - accuracy: 0.81537
Training epoch 31 | loss: 0.39253 - accuracy: 0.91864
Validating epoch 31 | loss: 0.50265 - accuracy: 0.80849
Training epoch 32 | loss: 0.39189 - accuracy: 0.92023
Validating epoch 32 | loss: 0.50696 - accuracy: 0.80619
Training epoch 33 | loss: 0.39142 - accuracy: 0.92153
Validating epoch 33 | loss: 0.50754 - accuracy: 0.80275
Training epoch 34 | loss: 0.38652 - accuracy: 0.92645
Validating epoch 34 | loss: 0.51461 - accuracy: 0.79587
Training epoch 35 | loss: 0.40053 - accuracy: 0.91214
Validating epoch 35 | loss: 0.49872 - accuracy: 0.81193
Training epoch 36 | loss: 0.3849 - accuracy: 0.92673
Validating epoch 36 | loss: 0.49854 - accuracy: 0.81193
Training epoch 37 | loss: 0.38238 - accuracy: 0.92818
Validating epoch 37 | loss: 0.5058 - accuracy: 0.8039
Training epoch 38 | loss: 0.38113 - accuracy: 0.93035
Validating epoch 38 | loss: 0.49687 - accuracy: 0.81422
Training epoch 39 | loss: 0.37561 - accuracy: 0.93728
Validating epoch 39 | loss: 0.51601 - accuracy: 0.79472
Training epoch 40 | loss: 0.37773 - accuracy: 0.93338
Validating epoch 40 | loss: 0.50441 - accuracy: 0.80734
Training epoch 41 | loss: 0.37662 - accuracy: 0.93512
Validating epoch 41 | loss: 0.55129 - accuracy: 0.76032
Training epoch 42 | loss: 0.3814 - accuracy: 0.92962
Validating epoch 42 | loss: 0.5102 - accuracy: 0.80046
Training epoch 43 | loss: 0.38301 - accuracy: 0.9276
Validating epoch 43 | loss: 0.52277 - accuracy: 0.78899
Training epoch 44 | loss: 0.37372 - accuracy: 0.93844
Validating epoch 44 | loss: 0.51462 - accuracy: 0.79587
Training epoch 45 | loss: 0.37904 - accuracy: 0.93295
Validating epoch 45 | loss: 0.5435 - accuracy: 0.76835
Training epoch 46 | loss: 0.41676 - accuracy: 0.8935
Validating epoch 46 | loss: 0.51344 - accuracy: 0.79702
Training epoch 47 | loss: 0.38405 - accuracy: 0.92717
Validating epoch 47 | loss: 0.51025 - accuracy: 0.8039
Training epoch 48 | loss: 0.37865 - accuracy: 0.93324
Validating epoch 48 | loss: 0.50882 - accuracy: 0.8039
Training epoch 49 | loss: 0.37027 - accuracy: 0.94364
Validating epoch 49 | loss: 0.51209 - accuracy: 0.80046
Training epoch 50 | loss: 0.39701 - accuracy: 0.91329
Validating epoch 50 | loss: 0.51241 - accuracy: 0.79931
Training epoch 51 | loss: 0.37363 - accuracy: 0.93931
Validating epoch 51 | loss: 0.52183 - accuracy: 0.78784
Training epoch 52 | loss: 0.37073 - accuracy: 0.94277
Validating epoch 52 | loss: 0.49851 - accuracy: 0.81193
Training epoch 53 | loss: 0.36816 - accuracy: 0.94653
Validating epoch 53 | loss: 0.49653 - accuracy: 0.81422
Training epoch 54 | loss: 0.36534 - accuracy: 0.9487
Validating epoch 54 | loss: 0.51237 - accuracy: 0.79931
Training epoch 55 | loss: 0.36972 - accuracy: 0.94321
Validating epoch 55 | loss: 0.51489 - accuracy: 0.79702
Training epoch 56 | loss: 0.38239 - accuracy: 0.93107
Validating epoch 56 | loss: 0.50668 - accuracy: 0.8039
Training epoch 57 | loss: 0.36663 - accuracy: 0.94465
Validating epoch 57 | loss: 0.49606 - accuracy: 0.81537
Training epoch 58 | loss: 0.36724 - accuracy: 0.94408
Validating epoch 58 | loss: 0.51368 - accuracy: 0.79931
Training epoch 59 | loss: 0.36418 - accuracy: 0.94986
Validating epoch 59 | loss: 0.49285 - accuracy: 0.81995
Training epoch 60 | loss: 0.36236 - accuracy: 0.95246
Validating epoch 60 | loss: 0.51015 - accuracy: 0.80275
Training epoch 61 | loss: 0.35901 - accuracy: 0.95275
Validating epoch 61 | loss: 0.51395 - accuracy: 0.79931
Training epoch 62 | loss: 0.36162 - accuracy: 0.95014
Validating epoch 62 | loss: 0.52101 - accuracy: 0.79358
Training epoch 63 | loss: 0.38342 - accuracy: 0.92645
Validating epoch 63 | loss: 0.51068 - accuracy: 0.80046
Training epoch 64 | loss: 0.36703 - accuracy: 0.94668
Validating epoch 64 | loss: 0.51564 - accuracy: 0.79472
Training epoch 65 | loss: 0.36615 - accuracy: 0.95087
Validating epoch 65 | loss: 0.50308 - accuracy: 0.80849
Training epoch 66 | loss: 0.3662 - accuracy: 0.94827
Validating epoch 66 | loss: 0.53053 - accuracy: 0.77982
Training epoch 67 | loss: 0.4197 - accuracy: 0.89277
Validating epoch 67 | loss: 0.52205 - accuracy: 0.78899
Training epoch 68 | loss: 0.37462 - accuracy: 0.93699
Validating epoch 68 | loss: 0.51052 - accuracy: 0.79587
Training epoch 69 | loss: 0.37796 - accuracy: 0.93569
Validating epoch 69 | loss: 0.50504 - accuracy: 0.80619
Training epoch 70 | loss: 0.39026 - accuracy: 0.9198
Validating epoch 70 | loss: 0.50046 - accuracy: 0.81193
Training epoch 71 | loss: 0.37077 - accuracy: 0.94436
Validating epoch 71 | loss: 0.49577 - accuracy: 0.81422
Training epoch 72 | loss: 0.36893 - accuracy: 0.94335
Validating epoch 72 | loss: 0.49399 - accuracy: 0.81766
Training epoch 73 | loss: 0.36441 - accuracy: 0.94986
Validating epoch 73 | loss: 0.50452 - accuracy: 0.80734
Training epoch 74 | loss: 0.36159 - accuracy: 0.95491
Validating epoch 74 | loss: 0.4967 - accuracy: 0.81537
Training epoch 75 | loss: 0.36136 - accuracy: 0.95303
Validating epoch 75 | loss: 0.50526 - accuracy: 0.80963
Training epoch 76 | loss: 0.35425 - accuracy: 0.95795
Validating epoch 76 | loss: 0.51186 - accuracy: 0.80046
Training epoch 77 | loss: 0.35439 - accuracy: 0.95795
Validating epoch 77 | loss: 0.51004 - accuracy: 0.8039
Training epoch 78 | loss: 0.35331 - accuracy: 0.95896
Validating epoch 78 | loss: 0.51159 - accuracy: 0.80046
Training epoch 79 | loss: 0.35616 - accuracy: 0.95766
Validating epoch 79 | loss: 0.50669 - accuracy: 0.80619
Training epoch 80 | loss: 0.35646 - accuracy: 0.95838
Validating epoch 80 | loss: 0.49437 - accuracy: 0.81651
Training epoch 81 | loss: 0.35343 - accuracy: 0.96113
Validating epoch 81 | loss: 0.49629 - accuracy: 0.81537
Training epoch 82 | loss: 0.35903 - accuracy: 0.95318
Validating epoch 82 | loss: 0.48706 - accuracy: 0.82569
Training epoch 83 | loss: 0.35963 - accuracy: 0.95434
Validating epoch 83 | loss: 0.48864 - accuracy: 0.82339
Training epoch 84 | loss: 0.35427 - accuracy: 0.95795
Validating epoch 84 | loss: 0.50658 - accuracy: 0.80734
Training epoch 85 | loss: 0.35219 - accuracy: 0.96026
Validating epoch 85 | loss: 0.50516 - accuracy: 0.80849
Training epoch 86 | loss: 0.35391 - accuracy: 0.96055
Validating epoch 86 | loss: 0.50317 - accuracy: 0.80963
Training epoch 87 | loss: 0.36245 - accuracy: 0.94986
Validating epoch 87 | loss: 0.49535 - accuracy: 0.81651
Training epoch 88 | loss: 0.37645 - accuracy: 0.93627
Validating epoch 88 | loss: 0.51487 - accuracy: 0.79702
Training epoch 89 | loss: 0.35992 - accuracy: 0.95145
Validating epoch 89 | loss: 0.49312 - accuracy: 0.8211
Training epoch 90 | loss: 0.35196 - accuracy: 0.96098
Validating epoch 90 | loss: 0.51365 - accuracy: 0.80046
Training epoch 91 | loss: 0.34944 - accuracy: 0.96286
Validating epoch 91 | loss: 0.52378 - accuracy: 0.78899
Training epoch 92 | loss: 0.356 - accuracy: 0.95607
Validating epoch 92 | loss: 0.50774 - accuracy: 0.80505
Training epoch 93 | loss: 0.34916 - accuracy: 0.96286
Validating epoch 93 | loss: 0.51257 - accuracy: 0.79931
Training epoch 94 | loss: 0.35545 - accuracy: 0.95636
Validating epoch 94 | loss: 0.508 - accuracy: 0.80505
Training epoch 95 | loss: 0.34805 - accuracy: 0.96445
Validating epoch 95 | loss: 0.51626 - accuracy: 0.79702
Training epoch 96 | loss: 0.34706 - accuracy: 0.96604
Validating epoch 96 | loss: 0.51452 - accuracy: 0.79587
Training epoch 97 | loss: 0.34872 - accuracy: 0.96373
Validating epoch 97 | loss: 0.50485 - accuracy: 0.80849
Training epoch 98 | loss: 0.34704 - accuracy: 0.96517
Validating epoch 98 | loss: 0.50335 - accuracy: 0.81078
Training epoch 99 | loss: 0.34787 - accuracy: 0.96445
Validating epoch 99 | loss: 0.50029 - accuracy: 0.80963
Dataset is sst, undersample is False, aug mode is trans, geo is 0.4, small_label is 1 small_prop is 0.5, balance_seed is 0
Training epoch 0 | loss: 0.65985 - accuracy: 0.59292
Validating epoch 0 | loss: 0.5445 - accuracy: 0.77523
Training epoch 1 | loss: 0.57628 - accuracy: 0.72746
Validating epoch 1 | loss: 0.56467 - accuracy: 0.73624
Training epoch 2 | loss: 0.527 - accuracy: 0.78035
Validating epoch 2 | loss: 0.51259 - accuracy: 0.79702
Training epoch 3 | loss: 0.50658 - accuracy: 0.79523
Validating epoch 3 | loss: 0.52261 - accuracy: 0.7844
Training epoch 4 | loss: 0.50392 - accuracy: 0.80405
Validating epoch 4 | loss: 0.50632 - accuracy: 0.80275
Training epoch 5 | loss: 0.48869 - accuracy: 0.81835
Validating epoch 5 | loss: 0.50541 - accuracy: 0.79817
Training epoch 6 | loss: 0.48575 - accuracy: 0.82428
Validating epoch 6 | loss: 0.5141 - accuracy: 0.79472
Training epoch 7 | loss: 0.46832 - accuracy: 0.83916
Validating epoch 7 | loss: 0.50048 - accuracy: 0.81307
Training epoch 8 | loss: 0.46574 - accuracy: 0.84321
Validating epoch 8 | loss: 0.5126 - accuracy: 0.79817
Training epoch 9 | loss: 0.46547 - accuracy: 0.84234
Validating epoch 9 | loss: 0.50703 - accuracy: 0.79817
Training epoch 10 | loss: 0.46607 - accuracy: 0.84249
Validating epoch 10 | loss: 0.49371 - accuracy: 0.81537
Training epoch 11 | loss: 0.45235 - accuracy: 0.85376
Validating epoch 11 | loss: 0.53409 - accuracy: 0.77408
Training epoch 12 | loss: 0.45241 - accuracy: 0.8552
Validating epoch 12 | loss: 0.50002 - accuracy: 0.80734
Training epoch 13 | loss: 0.45291 - accuracy: 0.85564
Validating epoch 13 | loss: 0.50688 - accuracy: 0.79702
Training epoch 14 | loss: 0.44412 - accuracy: 0.86315
Validating epoch 14 | loss: 0.49372 - accuracy: 0.81307
Training epoch 15 | loss: 0.43509 - accuracy: 0.87673
Validating epoch 15 | loss: 0.48911 - accuracy: 0.81995
Training epoch 16 | loss: 0.42888 - accuracy: 0.88208
Validating epoch 16 | loss: 0.49242 - accuracy: 0.81651
Training epoch 17 | loss: 0.44254 - accuracy: 0.86474
Validating epoch 17 | loss: 0.49758 - accuracy: 0.80963
Training epoch 18 | loss: 0.43742 - accuracy: 0.87038
Validating epoch 18 | loss: 0.4965 - accuracy: 0.81422
Training epoch 19 | loss: 0.42693 - accuracy: 0.88179
Validating epoch 19 | loss: 0.49421 - accuracy: 0.81422
Training epoch 20 | loss: 0.42388 - accuracy: 0.89032
Validating epoch 20 | loss: 0.51712 - accuracy: 0.79014
Training epoch 21 | loss: 0.43263 - accuracy: 0.87731
Validating epoch 21 | loss: 0.49824 - accuracy: 0.80963
Training epoch 22 | loss: 0.42676 - accuracy: 0.88757
Validating epoch 22 | loss: 0.50666 - accuracy: 0.80046
Training epoch 23 | loss: 0.41707 - accuracy: 0.89234
Validating epoch 23 | loss: 0.50041 - accuracy: 0.80963
Training epoch 24 | loss: 0.41295 - accuracy: 0.89566
Validating epoch 24 | loss: 0.49946 - accuracy: 0.81078
Training epoch 25 | loss: 0.40528 - accuracy: 0.9052
Validating epoch 25 | loss: 0.49595 - accuracy: 0.81651
Training epoch 26 | loss: 0.40283 - accuracy: 0.90665
Validating epoch 26 | loss: 0.49275 - accuracy: 0.81881
Training epoch 27 | loss: 0.40065 - accuracy: 0.91171
Validating epoch 27 | loss: 0.50528 - accuracy: 0.80275
Training epoch 28 | loss: 0.40366 - accuracy: 0.91373
Validating epoch 28 | loss: 0.49945 - accuracy: 0.80619
Training epoch 29 | loss: 0.40928 - accuracy: 0.90318
Validating epoch 29 | loss: 0.51533 - accuracy: 0.79243
Training epoch 30 | loss: 0.40588 - accuracy: 0.90535
Validating epoch 30 | loss: 0.50105 - accuracy: 0.81078
Training epoch 31 | loss: 0.4015 - accuracy: 0.91503
Validating epoch 31 | loss: 0.52201 - accuracy: 0.78784
Training epoch 32 | loss: 0.40237 - accuracy: 0.90939
Validating epoch 32 | loss: 0.49767 - accuracy: 0.81307
Training epoch 33 | loss: 0.38697 - accuracy: 0.925
Validating epoch 33 | loss: 0.50258 - accuracy: 0.80505
Training epoch 34 | loss: 0.386 - accuracy: 0.92818
Validating epoch 34 | loss: 0.49596 - accuracy: 0.81651
Training epoch 35 | loss: 0.38465 - accuracy: 0.92803
Validating epoch 35 | loss: 0.49395 - accuracy: 0.81881
Training epoch 36 | loss: 0.38922 - accuracy: 0.92327
Validating epoch 36 | loss: 0.49275 - accuracy: 0.81766
Training epoch 37 | loss: 0.41994 - accuracy: 0.88988
Validating epoch 37 | loss: 0.48759 - accuracy: 0.82454
Training epoch 38 | loss: 0.38712 - accuracy: 0.9237
Validating epoch 38 | loss: 0.49738 - accuracy: 0.81422
Training epoch 39 | loss: 0.38228 - accuracy: 0.93092
Validating epoch 39 | loss: 0.49558 - accuracy: 0.81537
Training epoch 40 | loss: 0.38861 - accuracy: 0.92529
Validating epoch 40 | loss: 0.50534 - accuracy: 0.80505
Training epoch 41 | loss: 0.38196 - accuracy: 0.92847
Validating epoch 41 | loss: 0.51416 - accuracy: 0.80046
Training epoch 42 | loss: 0.382 - accuracy: 0.9315
Validating epoch 42 | loss: 0.50193 - accuracy: 0.80849
Training epoch 43 | loss: 0.37991 - accuracy: 0.93324
Validating epoch 43 | loss: 0.49934 - accuracy: 0.81193
Training epoch 44 | loss: 0.37517 - accuracy: 0.93584
Validating epoch 44 | loss: 0.5102 - accuracy: 0.80275
Training epoch 45 | loss: 0.37818 - accuracy: 0.93526
Validating epoch 45 | loss: 0.49582 - accuracy: 0.81651
Training epoch 46 | loss: 0.36731 - accuracy: 0.94509
Validating epoch 46 | loss: 0.50403 - accuracy: 0.80734
Training epoch 47 | loss: 0.37863 - accuracy: 0.93439
Validating epoch 47 | loss: 0.51691 - accuracy: 0.79472
Training epoch 48 | loss: 0.38132 - accuracy: 0.9315
Validating epoch 48 | loss: 0.50598 - accuracy: 0.80161
Training epoch 49 | loss: 0.38698 - accuracy: 0.92327
Validating epoch 49 | loss: 0.49825 - accuracy: 0.81307
Training epoch 50 | loss: 0.37467 - accuracy: 0.93858
Validating epoch 50 | loss: 0.50608 - accuracy: 0.80275
Training epoch 51 | loss: 0.36688 - accuracy: 0.94465
Validating epoch 51 | loss: 0.50061 - accuracy: 0.80963
Training epoch 52 | loss: 0.3753 - accuracy: 0.93815
Validating epoch 52 | loss: 0.50653 - accuracy: 0.80505
Training epoch 53 | loss: 0.38253 - accuracy: 0.92977
Validating epoch 53 | loss: 0.52598 - accuracy: 0.78784
Training epoch 54 | loss: 0.38153 - accuracy: 0.92977
Validating epoch 54 | loss: 0.50934 - accuracy: 0.80046
Training epoch 55 | loss: 0.3748 - accuracy: 0.93844
Validating epoch 55 | loss: 0.5092 - accuracy: 0.80275
Training epoch 56 | loss: 0.37053 - accuracy: 0.94538
Validating epoch 56 | loss: 0.49472 - accuracy: 0.8211
Training epoch 57 | loss: 0.36748 - accuracy: 0.94494
Validating epoch 57 | loss: 0.49824 - accuracy: 0.81537
Training epoch 58 | loss: 0.36776 - accuracy: 0.9435
Validating epoch 58 | loss: 0.49894 - accuracy: 0.81078
Training epoch 59 | loss: 0.37472 - accuracy: 0.93728
Validating epoch 59 | loss: 0.50926 - accuracy: 0.80161
Training epoch 60 | loss: 0.36909 - accuracy: 0.94321
Validating epoch 60 | loss: 0.51035 - accuracy: 0.79702
Training epoch 61 | loss: 0.36774 - accuracy: 0.94321
Validating epoch 61 | loss: 0.50455 - accuracy: 0.80505
Training epoch 62 | loss: 0.36737 - accuracy: 0.94436
Validating epoch 62 | loss: 0.51973 - accuracy: 0.79128
Training epoch 63 | loss: 0.36474 - accuracy: 0.94711
Validating epoch 63 | loss: 0.51105 - accuracy: 0.80046
Training epoch 64 | loss: 0.3612 - accuracy: 0.95072
Validating epoch 64 | loss: 0.51559 - accuracy: 0.79702
Training epoch 65 | loss: 0.3626 - accuracy: 0.94942
Validating epoch 65 | loss: 0.51793 - accuracy: 0.79358
Training epoch 66 | loss: 0.36196 - accuracy: 0.95332
Validating epoch 66 | loss: 0.52185 - accuracy: 0.78784
Training epoch 67 | loss: 0.38047 - accuracy: 0.92991
Validating epoch 67 | loss: 0.51272 - accuracy: 0.79931
Training epoch 68 | loss: 0.37385 - accuracy: 0.93988
Validating epoch 68 | loss: 0.51119 - accuracy: 0.79931
Training epoch 69 | loss: 0.36482 - accuracy: 0.94697
Validating epoch 69 | loss: 0.5118 - accuracy: 0.79817
Training epoch 70 | loss: 0.36278 - accuracy: 0.94957
Validating epoch 70 | loss: 0.51806 - accuracy: 0.79472
Training epoch 71 | loss: 0.36362 - accuracy: 0.94841
Validating epoch 71 | loss: 0.5172 - accuracy: 0.79243
Training epoch 72 | loss: 0.36622 - accuracy: 0.9474
Validating epoch 72 | loss: 0.50801 - accuracy: 0.80275
Training epoch 73 | loss: 0.36687 - accuracy: 0.94451
Validating epoch 73 | loss: 0.53297 - accuracy: 0.77752
Training epoch 74 | loss: 0.36029 - accuracy: 0.95145
Validating epoch 74 | loss: 0.51552 - accuracy: 0.79587
Training epoch 75 | loss: 0.36024 - accuracy: 0.95101
Validating epoch 75 | loss: 0.51607 - accuracy: 0.79358
Training epoch 76 | loss: 0.36051 - accuracy: 0.95116
Validating epoch 76 | loss: 0.50913 - accuracy: 0.80275
Training epoch 77 | loss: 0.35871 - accuracy: 0.95303
Validating epoch 77 | loss: 0.51713 - accuracy: 0.78899
Training epoch 78 | loss: 0.3585 - accuracy: 0.95795
Validating epoch 78 | loss: 0.51867 - accuracy: 0.79128
Training epoch 79 | loss: 0.36035 - accuracy: 0.95145
Validating epoch 79 | loss: 0.51595 - accuracy: 0.79472
Training epoch 80 | loss: 0.41393 - accuracy: 0.90101
Validating epoch 80 | loss: 0.51746 - accuracy: 0.79472
Training epoch 81 | loss: 0.38294 - accuracy: 0.92991
Validating epoch 81 | loss: 0.51679 - accuracy: 0.79358
Training epoch 82 | loss: 0.36638 - accuracy: 0.94783
Validating epoch 82 | loss: 0.51937 - accuracy: 0.79243
Training epoch 83 | loss: 0.36319 - accuracy: 0.94841
Validating epoch 83 | loss: 0.52411 - accuracy: 0.78555
Training epoch 84 | loss: 0.36071 - accuracy: 0.95145
Validating epoch 84 | loss: 0.51287 - accuracy: 0.79931
Training epoch 85 | loss: 0.3558 - accuracy: 0.95592
Validating epoch 85 | loss: 0.51056 - accuracy: 0.80505
Training epoch 86 | loss: 0.3563 - accuracy: 0.95578
Validating epoch 86 | loss: 0.51719 - accuracy: 0.79358
Training epoch 87 | loss: 0.35352 - accuracy: 0.95939
Validating epoch 87 | loss: 0.51348 - accuracy: 0.79817
Training epoch 88 | loss: 0.35169 - accuracy: 0.96084
Validating epoch 88 | loss: 0.5229 - accuracy: 0.79014
Training epoch 89 | loss: 0.35438 - accuracy: 0.95766
Validating epoch 89 | loss: 0.51218 - accuracy: 0.80275
Training epoch 90 | loss: 0.35384 - accuracy: 0.95809
Validating epoch 90 | loss: 0.51632 - accuracy: 0.79817
Training epoch 91 | loss: 0.35498 - accuracy: 0.95723
Validating epoch 91 | loss: 0.509 - accuracy: 0.80275
Training epoch 92 | loss: 0.37831 - accuracy: 0.93266
Validating epoch 92 | loss: 0.50378 - accuracy: 0.80849
Training epoch 93 | loss: 0.35773 - accuracy: 0.95434
Validating epoch 93 | loss: 0.51207 - accuracy: 0.80161
Training epoch 94 | loss: 0.35623 - accuracy: 0.95564
Validating epoch 94 | loss: 0.51282 - accuracy: 0.79587
Training epoch 95 | loss: 0.35615 - accuracy: 0.95867
Validating epoch 95 | loss: 0.50155 - accuracy: 0.81193
Training epoch 96 | loss: 0.3613 - accuracy: 0.95014
Validating epoch 96 | loss: 0.52379 - accuracy: 0.78555
Training epoch 97 | loss: 0.35588 - accuracy: 0.95867
Validating epoch 97 | loss: 0.51682 - accuracy: 0.79472
Training epoch 98 | loss: 0.3516 - accuracy: 0.96315
Validating epoch 98 | loss: 0.51295 - accuracy: 0.79702
Training epoch 99 | loss: 0.35081 - accuracy: 0.96156
Validating epoch 99 | loss: 0.51763 - accuracy: 0.79358
Dataset is sst, undersample is False, aug mode is trans, geo is 0.5, small_label is 1 small_prop is 0.5, balance_seed is 0
Training epoch 0 | loss: 0.66732 - accuracy: 0.57977
Validating epoch 0 | loss: 0.57468 - accuracy: 0.77408
Training epoch 1 | loss: 0.54367 - accuracy: 0.77124
Validating epoch 1 | loss: 0.51891 - accuracy: 0.7867
Training epoch 2 | loss: 0.5174 - accuracy: 0.78786
Validating epoch 2 | loss: 0.51908 - accuracy: 0.79014
Training epoch 3 | loss: 0.50085 - accuracy: 0.80173
Validating epoch 3 | loss: 0.53751 - accuracy: 0.7672
Training epoch 4 | loss: 0.49217 - accuracy: 0.81358
Validating epoch 4 | loss: 0.51411 - accuracy: 0.79587
Training epoch 5 | loss: 0.47882 - accuracy: 0.82832
Validating epoch 5 | loss: 0.51166 - accuracy: 0.79358
Training epoch 6 | loss: 0.48011 - accuracy: 0.82775
Validating epoch 6 | loss: 0.50975 - accuracy: 0.80161
Training epoch 7 | loss: 0.4766 - accuracy: 0.82977
Validating epoch 7 | loss: 0.49904 - accuracy: 0.80849
Training epoch 8 | loss: 0.46513 - accuracy: 0.84306
Validating epoch 8 | loss: 0.49534 - accuracy: 0.81422
Training epoch 9 | loss: 0.4506 - accuracy: 0.85867
Validating epoch 9 | loss: 0.49959 - accuracy: 0.81193
Training epoch 10 | loss: 0.45709 - accuracy: 0.84971
Validating epoch 10 | loss: 0.4961 - accuracy: 0.80849
Training epoch 11 | loss: 0.44406 - accuracy: 0.86272
Validating epoch 11 | loss: 0.49546 - accuracy: 0.81307
Training epoch 12 | loss: 0.44595 - accuracy: 0.86777
Validating epoch 12 | loss: 0.50781 - accuracy: 0.80505
Training epoch 13 | loss: 0.43865 - accuracy: 0.86864
Validating epoch 13 | loss: 0.51591 - accuracy: 0.79358
Training epoch 14 | loss: 0.43692 - accuracy: 0.87688
Validating epoch 14 | loss: 0.51478 - accuracy: 0.79128
Training epoch 15 | loss: 0.46383 - accuracy: 0.84711
Validating epoch 15 | loss: 0.50702 - accuracy: 0.79817
Training epoch 16 | loss: 0.43676 - accuracy: 0.87413
Validating epoch 16 | loss: 0.52123 - accuracy: 0.79014
Training epoch 17 | loss: 0.42728 - accuracy: 0.88844
Validating epoch 17 | loss: 0.50692 - accuracy: 0.80046
Training epoch 18 | loss: 0.42064 - accuracy: 0.89147
Validating epoch 18 | loss: 0.50398 - accuracy: 0.8039
Training epoch 19 | loss: 0.41917 - accuracy: 0.89046
Validating epoch 19 | loss: 0.51483 - accuracy: 0.79702
Training epoch 20 | loss: 0.43018 - accuracy: 0.87702
Validating epoch 20 | loss: 0.51183 - accuracy: 0.79817
Training epoch 21 | loss: 0.41537 - accuracy: 0.8935
Validating epoch 21 | loss: 0.50272 - accuracy: 0.80963
Training epoch 22 | loss: 0.41224 - accuracy: 0.89942
Validating epoch 22 | loss: 0.50382 - accuracy: 0.80505
Training epoch 23 | loss: 0.41315 - accuracy: 0.89725
Validating epoch 23 | loss: 0.50228 - accuracy: 0.80734
Training epoch 24 | loss: 0.40667 - accuracy: 0.90549
Validating epoch 24 | loss: 0.50918 - accuracy: 0.8039
Training epoch 25 | loss: 0.40507 - accuracy: 0.90679
Validating epoch 25 | loss: 0.51116 - accuracy: 0.79931
Training epoch 26 | loss: 0.40382 - accuracy: 0.90621
Validating epoch 26 | loss: 0.5047 - accuracy: 0.80619
Training epoch 27 | loss: 0.39542 - accuracy: 0.91474
Validating epoch 27 | loss: 0.50833 - accuracy: 0.80161
Training epoch 28 | loss: 0.38889 - accuracy: 0.92225
Validating epoch 28 | loss: 0.51054 - accuracy: 0.80046
Training epoch 29 | loss: 0.39682 - accuracy: 0.91835
Validating epoch 29 | loss: 0.51085 - accuracy: 0.79702
Training epoch 30 | loss: 0.39229 - accuracy: 0.91908
Validating epoch 30 | loss: 0.53939 - accuracy: 0.7695
Training epoch 31 | loss: 0.45138 - accuracy: 0.8578
Validating epoch 31 | loss: 0.53458 - accuracy: 0.77638
Training epoch 32 | loss: 0.4132 - accuracy: 0.89624
Validating epoch 32 | loss: 0.50511 - accuracy: 0.80505
Training epoch 33 | loss: 0.39619 - accuracy: 0.91691
Validating epoch 33 | loss: 0.50286 - accuracy: 0.81078
Training epoch 34 | loss: 0.38804 - accuracy: 0.92341
Validating epoch 34 | loss: 0.50745 - accuracy: 0.80619
Training epoch 35 | loss: 0.3974 - accuracy: 0.91315
Validating epoch 35 | loss: 0.52363 - accuracy: 0.78899
Training epoch 36 | loss: 0.38676 - accuracy: 0.925
Validating epoch 36 | loss: 0.5166 - accuracy: 0.79243
Training epoch 37 | loss: 0.38684 - accuracy: 0.9263
Validating epoch 37 | loss: 0.51118 - accuracy: 0.79817
Training epoch 38 | loss: 0.38896 - accuracy: 0.92355
Validating epoch 38 | loss: 0.5146 - accuracy: 0.79472
Training epoch 39 | loss: 0.38134 - accuracy: 0.93092
Validating epoch 39 | loss: 0.51388 - accuracy: 0.79472
Training epoch 40 | loss: 0.38123 - accuracy: 0.93237
Validating epoch 40 | loss: 0.50878 - accuracy: 0.79931
Training epoch 41 | loss: 0.38532 - accuracy: 0.92514
Validating epoch 41 | loss: 0.5027 - accuracy: 0.80849
Training epoch 42 | loss: 0.3792 - accuracy: 0.93627
Validating epoch 42 | loss: 0.50814 - accuracy: 0.80505
Training epoch 43 | loss: 0.37449 - accuracy: 0.93916
Validating epoch 43 | loss: 0.50622 - accuracy: 0.80505
Training epoch 44 | loss: 0.37215 - accuracy: 0.94147
Validating epoch 44 | loss: 0.51354 - accuracy: 0.80046
Training epoch 45 | loss: 0.37264 - accuracy: 0.93858
Validating epoch 45 | loss: 0.51629 - accuracy: 0.79587
Training epoch 46 | loss: 0.37083 - accuracy: 0.94104
Validating epoch 46 | loss: 0.51625 - accuracy: 0.79358
Training epoch 47 | loss: 0.36723 - accuracy: 0.9448
Validating epoch 47 | loss: 0.49953 - accuracy: 0.81307
Training epoch 48 | loss: 0.36946 - accuracy: 0.9422
Validating epoch 48 | loss: 0.50465 - accuracy: 0.80619
Training epoch 49 | loss: 0.3666 - accuracy: 0.94465
Validating epoch 49 | loss: 0.50852 - accuracy: 0.8039
Training epoch 50 | loss: 0.36735 - accuracy: 0.94639
Validating epoch 50 | loss: 0.50216 - accuracy: 0.80849
Training epoch 51 | loss: 0.36773 - accuracy: 0.9474
Validating epoch 51 | loss: 0.50892 - accuracy: 0.80046
Training epoch 52 | loss: 0.38161 - accuracy: 0.93338
Validating epoch 52 | loss: 0.53334 - accuracy: 0.77752
Training epoch 53 | loss: 0.38026 - accuracy: 0.93454
Validating epoch 53 | loss: 0.52294 - accuracy: 0.79358
Training epoch 54 | loss: 0.40245 - accuracy: 0.90867
Validating epoch 54 | loss: 0.53054 - accuracy: 0.77867
Training epoch 55 | loss: 0.40173 - accuracy: 0.9091
Validating epoch 55 | loss: 0.5122 - accuracy: 0.80046
Training epoch 56 | loss: 0.37544 - accuracy: 0.93584
Validating epoch 56 | loss: 0.50387 - accuracy: 0.81078
Training epoch 57 | loss: 0.36469 - accuracy: 0.94653
Validating epoch 57 | loss: 0.50825 - accuracy: 0.80619
Training epoch 58 | loss: 0.36755 - accuracy: 0.94884
Validating epoch 58 | loss: 0.50801 - accuracy: 0.80505
Training epoch 59 | loss: 0.36538 - accuracy: 0.94841
Validating epoch 59 | loss: 0.50778 - accuracy: 0.8039
Training epoch 60 | loss: 0.3667 - accuracy: 0.94769
Validating epoch 60 | loss: 0.51348 - accuracy: 0.79587
Training epoch 61 | loss: 0.36407 - accuracy: 0.94711
Validating epoch 61 | loss: 0.50522 - accuracy: 0.80849
Training epoch 62 | loss: 0.35803 - accuracy: 0.95405
Validating epoch 62 | loss: 0.51421 - accuracy: 0.79587
Training epoch 63 | loss: 0.3633 - accuracy: 0.95116
Validating epoch 63 | loss: 0.51131 - accuracy: 0.80275
Training epoch 64 | loss: 0.36159 - accuracy: 0.95029
Validating epoch 64 | loss: 0.52513 - accuracy: 0.7844
Training epoch 65 | loss: 0.36514 - accuracy: 0.94639
Validating epoch 65 | loss: 0.50202 - accuracy: 0.80963
Training epoch 66 | loss: 0.36719 - accuracy: 0.94451
Validating epoch 66 | loss: 0.51432 - accuracy: 0.80046
Training epoch 67 | loss: 0.36388 - accuracy: 0.94812
Validating epoch 67 | loss: 0.51153 - accuracy: 0.80275
Training epoch 68 | loss: 0.36104 - accuracy: 0.95289
Validating epoch 68 | loss: 0.50998 - accuracy: 0.80161
Training epoch 69 | loss: 0.35976 - accuracy: 0.95217
Validating epoch 69 | loss: 0.51852 - accuracy: 0.79587
Training epoch 70 | loss: 0.36526 - accuracy: 0.9526
Validating epoch 70 | loss: 0.51247 - accuracy: 0.80046
Training epoch 71 | loss: 0.36603 - accuracy: 0.94769
Validating epoch 71 | loss: 0.51409 - accuracy: 0.79702
Training epoch 72 | loss: 0.36989 - accuracy: 0.9461
Validating epoch 72 | loss: 0.54809 - accuracy: 0.76376
Training epoch 73 | loss: 0.3647 - accuracy: 0.94725
Validating epoch 73 | loss: 0.51442 - accuracy: 0.79587
Training epoch 74 | loss: 0.35951 - accuracy: 0.95231
Validating epoch 74 | loss: 0.5204 - accuracy: 0.79358
Training epoch 75 | loss: 0.36711 - accuracy: 0.94899
Validating epoch 75 | loss: 0.51056 - accuracy: 0.79931
Training epoch 76 | loss: 0.35717 - accuracy: 0.95506
Validating epoch 76 | loss: 0.51782 - accuracy: 0.79243
Training epoch 77 | loss: 0.36468 - accuracy: 0.94957
Validating epoch 77 | loss: 0.52123 - accuracy: 0.79128
Training epoch 78 | loss: 0.35496 - accuracy: 0.95896
Validating epoch 78 | loss: 0.51232 - accuracy: 0.80046
Training epoch 79 | loss: 0.36856 - accuracy: 0.94523
Validating epoch 79 | loss: 0.52542 - accuracy: 0.7867
Training epoch 80 | loss: 0.35979 - accuracy: 0.95188
Validating epoch 80 | loss: 0.5265 - accuracy: 0.7844
Training epoch 81 | loss: 0.36634 - accuracy: 0.94711
Validating epoch 81 | loss: 0.51881 - accuracy: 0.79243
Training epoch 82 | loss: 0.35921 - accuracy: 0.95506
Validating epoch 82 | loss: 0.51606 - accuracy: 0.79587
Training epoch 83 | loss: 0.35862 - accuracy: 0.95318
Validating epoch 83 | loss: 0.52123 - accuracy: 0.79128
Training epoch 84 | loss: 0.36281 - accuracy: 0.94884
Validating epoch 84 | loss: 0.5187 - accuracy: 0.79358
Training epoch 85 | loss: 0.36687 - accuracy: 0.94451
Validating epoch 85 | loss: 0.52614 - accuracy: 0.7867
Training epoch 86 | loss: 0.35571 - accuracy: 0.95636
Validating epoch 86 | loss: 0.50485 - accuracy: 0.80849
Training epoch 87 | loss: 0.35198 - accuracy: 0.96272
Validating epoch 87 | loss: 0.50933 - accuracy: 0.80275
Training epoch 88 | loss: 0.35051 - accuracy: 0.96431
Validating epoch 88 | loss: 0.51277 - accuracy: 0.79817
Training epoch 89 | loss: 0.35472 - accuracy: 0.95737
Validating epoch 89 | loss: 0.51844 - accuracy: 0.79472
Training epoch 90 | loss: 0.35385 - accuracy: 0.95853
Validating epoch 90 | loss: 0.52323 - accuracy: 0.78784
Training epoch 91 | loss: 0.34629 - accuracy: 0.96662
Validating epoch 91 | loss: 0.51013 - accuracy: 0.80161
Training epoch 92 | loss: 0.35062 - accuracy: 0.96127
Validating epoch 92 | loss: 0.51237 - accuracy: 0.80161
Training epoch 93 | loss: 0.34851 - accuracy: 0.96416
Validating epoch 93 | loss: 0.51343 - accuracy: 0.80161
Training epoch 94 | loss: 0.34917 - accuracy: 0.96344
Validating epoch 94 | loss: 0.51525 - accuracy: 0.79817
Training epoch 95 | loss: 0.35129 - accuracy: 0.96113
Validating epoch 95 | loss: 0.50973 - accuracy: 0.8039
Training epoch 96 | loss: 0.3558 - accuracy: 0.95607
Validating epoch 96 | loss: 0.51904 - accuracy: 0.79358
Training epoch 97 | loss: 0.3556 - accuracy: 0.95679
Validating epoch 97 | loss: 0.50913 - accuracy: 0.8039
Training epoch 98 | loss: 0.35527 - accuracy: 0.9591
Validating epoch 98 | loss: 0.50381 - accuracy: 0.80963
Training epoch 99 | loss: 0.35055 - accuracy: 0.96199
Validating epoch 99 | loss: 0.52808 - accuracy: 0.78211
Dataset is sst, undersample is False, aug mode is trans, geo is 0.6, small_label is 1 small_prop is 0.5, balance_seed is 0
Training epoch 0 | loss: 0.66284 - accuracy: 0.58092
Validating epoch 0 | loss: 0.61921 - accuracy: 0.7156
Training epoch 1 | loss: 0.55092 - accuracy: 0.75882
Validating epoch 1 | loss: 0.5228 - accuracy: 0.7844
Training epoch 2 | loss: 0.50831 - accuracy: 0.79884
Validating epoch 2 | loss: 0.51575 - accuracy: 0.7844
Training epoch 3 | loss: 0.50903 - accuracy: 0.79494
Validating epoch 3 | loss: 0.5103 - accuracy: 0.78784
Training epoch 4 | loss: 0.49563 - accuracy: 0.80867
Validating epoch 4 | loss: 0.51539 - accuracy: 0.79128
Training epoch 5 | loss: 0.49188 - accuracy: 0.81532
Validating epoch 5 | loss: 0.60381 - accuracy: 0.70642
Training epoch 6 | loss: 0.76067 - accuracy: 0.54725
Validating epoch 6 | loss: 0.72366 - accuracy: 0.57798
Training epoch 7 | loss: 0.62014 - accuracy: 0.68468
Validating epoch 7 | loss: 0.54444 - accuracy: 0.76835
Training epoch 8 | loss: 0.51975 - accuracy: 0.78309
Validating epoch 8 | loss: 0.5094 - accuracy: 0.79702
Training epoch 9 | loss: 0.50262 - accuracy: 0.80376
Validating epoch 9 | loss: 0.50633 - accuracy: 0.80161
Training epoch 10 | loss: 0.48208 - accuracy: 0.82384
Validating epoch 10 | loss: 0.50986 - accuracy: 0.79817
Training epoch 11 | loss: 0.47835 - accuracy: 0.83165
Validating epoch 11 | loss: 0.50161 - accuracy: 0.80734
Training epoch 12 | loss: 0.46777 - accuracy: 0.83858
Validating epoch 12 | loss: 0.49785 - accuracy: 0.81537
Training epoch 13 | loss: 0.46094 - accuracy: 0.84913
Validating epoch 13 | loss: 0.4955 - accuracy: 0.81193
Training epoch 14 | loss: 0.46387 - accuracy: 0.84855
Validating epoch 14 | loss: 0.52459 - accuracy: 0.77294
Training epoch 15 | loss: 0.45708 - accuracy: 0.85275
Validating epoch 15 | loss: 0.51871 - accuracy: 0.78326
Training epoch 16 | loss: 0.45585 - accuracy: 0.85145
Validating epoch 16 | loss: 0.53812 - accuracy: 0.76835
Training epoch 17 | loss: 0.46339 - accuracy: 0.84205
Validating epoch 17 | loss: 0.5094 - accuracy: 0.78326
Training epoch 18 | loss: 0.4457 - accuracy: 0.86763
Validating epoch 18 | loss: 0.50731 - accuracy: 0.79128
Training epoch 19 | loss: 0.43439 - accuracy: 0.87283
Validating epoch 19 | loss: 0.49775 - accuracy: 0.81193
Training epoch 20 | loss: 0.43254 - accuracy: 0.8776
Validating epoch 20 | loss: 0.48998 - accuracy: 0.81422
Training epoch 21 | loss: 0.4266 - accuracy: 0.88699
Validating epoch 21 | loss: 0.49363 - accuracy: 0.81422
Training epoch 22 | loss: 0.42819 - accuracy: 0.88223
Validating epoch 22 | loss: 0.49279 - accuracy: 0.81995
Training epoch 23 | loss: 0.43061 - accuracy: 0.88324
Validating epoch 23 | loss: 0.49511 - accuracy: 0.80849
Training epoch 24 | loss: 0.42169 - accuracy: 0.88685
Validating epoch 24 | loss: 0.48411 - accuracy: 0.82683
Training epoch 25 | loss: 0.41479 - accuracy: 0.89682
Validating epoch 25 | loss: 0.48781 - accuracy: 0.8211
Training epoch 26 | loss: 0.41585 - accuracy: 0.89465
Validating epoch 26 | loss: 0.48954 - accuracy: 0.81537
Training epoch 27 | loss: 0.41311 - accuracy: 0.89942
Validating epoch 27 | loss: 0.49112 - accuracy: 0.82225
Training epoch 28 | loss: 0.40715 - accuracy: 0.90246
Validating epoch 28 | loss: 0.49538 - accuracy: 0.81422
Training epoch 29 | loss: 0.41434 - accuracy: 0.89783
Validating epoch 29 | loss: 0.49304 - accuracy: 0.81881
Training epoch 30 | loss: 0.4046 - accuracy: 0.90766
Validating epoch 30 | loss: 0.49741 - accuracy: 0.81307
Training epoch 31 | loss: 0.40537 - accuracy: 0.90448
Validating epoch 31 | loss: 0.49287 - accuracy: 0.81422
Training epoch 32 | loss: 0.40241 - accuracy: 0.90723
Validating epoch 32 | loss: 0.48751 - accuracy: 0.8211
Training epoch 33 | loss: 0.39497 - accuracy: 0.91575
Validating epoch 33 | loss: 0.49312 - accuracy: 0.81766
Training epoch 34 | loss: 0.39934 - accuracy: 0.91546
Validating epoch 34 | loss: 0.4738 - accuracy: 0.83945
Training epoch 35 | loss: 0.39445 - accuracy: 0.91792
Validating epoch 35 | loss: 0.50039 - accuracy: 0.80963
Training epoch 36 | loss: 0.40162 - accuracy: 0.91026
Validating epoch 36 | loss: 0.48754 - accuracy: 0.82225
Training epoch 37 | loss: 0.38707 - accuracy: 0.9237
Validating epoch 37 | loss: 0.49404 - accuracy: 0.81537
Training epoch 38 | loss: 0.39062 - accuracy: 0.92254
Validating epoch 38 | loss: 0.50852 - accuracy: 0.79817
Training epoch 39 | loss: 0.39485 - accuracy: 0.91691
Validating epoch 39 | loss: 0.48583 - accuracy: 0.82339
Training epoch 40 | loss: 0.38793 - accuracy: 0.92832
Validating epoch 40 | loss: 0.48632 - accuracy: 0.82454
Training epoch 41 | loss: 0.38609 - accuracy: 0.92731
Validating epoch 41 | loss: 0.48441 - accuracy: 0.82798
Training epoch 42 | loss: 0.39433 - accuracy: 0.91691
Validating epoch 42 | loss: 0.48972 - accuracy: 0.81881
Training epoch 43 | loss: 0.39684 - accuracy: 0.9172
Validating epoch 43 | loss: 0.49263 - accuracy: 0.81651
Training epoch 44 | loss: 0.38632 - accuracy: 0.92673
Validating epoch 44 | loss: 0.50028 - accuracy: 0.80619
Training epoch 45 | loss: 0.38521 - accuracy: 0.92529
Validating epoch 45 | loss: 0.49318 - accuracy: 0.81766
Training epoch 46 | loss: 0.38044 - accuracy: 0.93353
Validating epoch 46 | loss: 0.50103 - accuracy: 0.81193
Training epoch 47 | loss: 0.37669 - accuracy: 0.93497
Validating epoch 47 | loss: 0.49761 - accuracy: 0.81422
Training epoch 48 | loss: 0.37563 - accuracy: 0.93555
Validating epoch 48 | loss: 0.49531 - accuracy: 0.81766
Training epoch 49 | loss: 0.37409 - accuracy: 0.93627
Validating epoch 49 | loss: 0.49373 - accuracy: 0.81995
Training epoch 50 | loss: 0.3737 - accuracy: 0.94003
Validating epoch 50 | loss: 0.48946 - accuracy: 0.81995
Training epoch 51 | loss: 0.36995 - accuracy: 0.94234
Validating epoch 51 | loss: 0.48556 - accuracy: 0.8211
Training epoch 52 | loss: 0.3669 - accuracy: 0.9448
Validating epoch 52 | loss: 0.49764 - accuracy: 0.81193
Training epoch 53 | loss: 0.37333 - accuracy: 0.94292
Validating epoch 53 | loss: 0.4874 - accuracy: 0.82454
Training epoch 54 | loss: 0.37147 - accuracy: 0.94162
Validating epoch 54 | loss: 0.50221 - accuracy: 0.80505
Training epoch 55 | loss: 0.37366 - accuracy: 0.94118
Validating epoch 55 | loss: 0.48937 - accuracy: 0.82339
Training epoch 56 | loss: 0.36902 - accuracy: 0.94552
Validating epoch 56 | loss: 0.49647 - accuracy: 0.81766
Training epoch 57 | loss: 0.3722 - accuracy: 0.93902
Validating epoch 57 | loss: 0.5185 - accuracy: 0.79587
Training epoch 58 | loss: 0.36928 - accuracy: 0.9422
Validating epoch 58 | loss: 0.49756 - accuracy: 0.81078
Training epoch 59 | loss: 0.36656 - accuracy: 0.94523
Validating epoch 59 | loss: 0.50408 - accuracy: 0.8039
Training epoch 60 | loss: 0.36091 - accuracy: 0.95159
Validating epoch 60 | loss: 0.4966 - accuracy: 0.81537
Training epoch 61 | loss: 0.3798 - accuracy: 0.93324
Validating epoch 61 | loss: 0.50003 - accuracy: 0.80963
Training epoch 62 | loss: 0.37773 - accuracy: 0.93598
Validating epoch 62 | loss: 0.48978 - accuracy: 0.8211
Training epoch 63 | loss: 0.3719 - accuracy: 0.94176
Validating epoch 63 | loss: 0.49126 - accuracy: 0.81881
Training epoch 64 | loss: 0.37039 - accuracy: 0.94104
Validating epoch 64 | loss: 0.51783 - accuracy: 0.79472
Training epoch 65 | loss: 0.37381 - accuracy: 0.93699
Validating epoch 65 | loss: 0.52538 - accuracy: 0.78326
Training epoch 66 | loss: 0.3779 - accuracy: 0.93786
Validating epoch 66 | loss: 0.49386 - accuracy: 0.81193
Training epoch 67 | loss: 0.38554 - accuracy: 0.92529
Validating epoch 67 | loss: 0.50409 - accuracy: 0.80505
Training epoch 68 | loss: 0.37592 - accuracy: 0.93425
Validating epoch 68 | loss: 0.49805 - accuracy: 0.81422
Training epoch 69 | loss: 0.36609 - accuracy: 0.94783
Validating epoch 69 | loss: 0.49825 - accuracy: 0.81078
Training epoch 70 | loss: 0.36247 - accuracy: 0.94942
Validating epoch 70 | loss: 0.48704 - accuracy: 0.82225
Training epoch 71 | loss: 0.36452 - accuracy: 0.94971
Validating epoch 71 | loss: 0.48842 - accuracy: 0.81881
Training epoch 72 | loss: 0.36164 - accuracy: 0.95043
Validating epoch 72 | loss: 0.49547 - accuracy: 0.81193
Training epoch 73 | loss: 0.36325 - accuracy: 0.95014
Validating epoch 73 | loss: 0.49022 - accuracy: 0.81537
Training epoch 74 | loss: 0.3708 - accuracy: 0.94133
Validating epoch 74 | loss: 0.48566 - accuracy: 0.82339
Training epoch 75 | loss: 0.35899 - accuracy: 0.95347
Validating epoch 75 | loss: 0.5054 - accuracy: 0.80161
Training epoch 76 | loss: 0.35981 - accuracy: 0.95217
Validating epoch 76 | loss: 0.50659 - accuracy: 0.80619
Training epoch 77 | loss: 0.35747 - accuracy: 0.95491
Validating epoch 77 | loss: 0.49313 - accuracy: 0.81651
Training epoch 78 | loss: 0.35334 - accuracy: 0.95939
Validating epoch 78 | loss: 0.49478 - accuracy: 0.81537
Training epoch 79 | loss: 0.35994 - accuracy: 0.95173
Validating epoch 79 | loss: 0.51189 - accuracy: 0.79587
Training epoch 80 | loss: 0.3615 - accuracy: 0.95029
Validating epoch 80 | loss: 0.49133 - accuracy: 0.81766
Training epoch 81 | loss: 0.35451 - accuracy: 0.95795
Validating epoch 81 | loss: 0.49895 - accuracy: 0.81193
Training epoch 82 | loss: 0.35602 - accuracy: 0.95838
Validating epoch 82 | loss: 0.5007 - accuracy: 0.80619
Training epoch 83 | loss: 0.35733 - accuracy: 0.95723
Validating epoch 83 | loss: 0.50515 - accuracy: 0.8039
Training epoch 84 | loss: 0.35704 - accuracy: 0.95448
Validating epoch 84 | loss: 0.50497 - accuracy: 0.80734
Training epoch 85 | loss: 0.35596 - accuracy: 0.95621
Validating epoch 85 | loss: 0.513 - accuracy: 0.79817
Training epoch 86 | loss: 0.35645 - accuracy: 0.95737
Validating epoch 86 | loss: 0.49317 - accuracy: 0.81766
Training epoch 87 | loss: 0.36162 - accuracy: 0.95231
Validating epoch 87 | loss: 0.50392 - accuracy: 0.8039
Training epoch 88 | loss: 0.3534 - accuracy: 0.95867
Validating epoch 88 | loss: 0.50604 - accuracy: 0.80619
Training epoch 89 | loss: 0.3562 - accuracy: 0.95549
Validating epoch 89 | loss: 0.50604 - accuracy: 0.80619
Training epoch 90 | loss: 0.35214 - accuracy: 0.96026
Validating epoch 90 | loss: 0.49722 - accuracy: 0.81422
Training epoch 91 | loss: 0.35273 - accuracy: 0.95939
Validating epoch 91 | loss: 0.52597 - accuracy: 0.78326
Training epoch 92 | loss: 0.36479 - accuracy: 0.94754
Validating epoch 92 | loss: 0.50069 - accuracy: 0.80849
Training epoch 93 | loss: 0.35543 - accuracy: 0.95679
Validating epoch 93 | loss: 0.49949 - accuracy: 0.80963
Training epoch 94 | loss: 0.366 - accuracy: 0.9448
Validating epoch 94 | loss: 0.48839 - accuracy: 0.82454
Training epoch 95 | loss: 0.3552 - accuracy: 0.95723
Validating epoch 95 | loss: 0.47882 - accuracy: 0.83372
Training epoch 96 | loss: 0.35636 - accuracy: 0.95578
Validating epoch 96 | loss: 0.49527 - accuracy: 0.81537
Training epoch 97 | loss: 0.35998 - accuracy: 0.95231
Validating epoch 97 | loss: 0.49722 - accuracy: 0.81422
Training epoch 98 | loss: 0.36471 - accuracy: 0.94682
Validating epoch 98 | loss: 0.48373 - accuracy: 0.82454
Training epoch 99 | loss: 0.35259 - accuracy: 0.95939
Validating epoch 99 | loss: 0.51049 - accuracy: 0.79931
Dataset is sst, undersample is False, aug mode is trans, geo is 0.7, small_label is 1 small_prop is 0.5, balance_seed is 0
Training epoch 0 | loss: 0.65684 - accuracy: 0.60549
Validating epoch 0 | loss: 0.56942 - accuracy: 0.77294
Training epoch 1 | loss: 0.54582 - accuracy: 0.76517
Validating epoch 1 | loss: 0.51163 - accuracy: 0.79702
Training epoch 2 | loss: 0.51232 - accuracy: 0.79783
Validating epoch 2 | loss: 0.5156 - accuracy: 0.79931
Training epoch 3 | loss: 0.50952 - accuracy: 0.79451
Validating epoch 3 | loss: 0.52217 - accuracy: 0.78211
Training epoch 4 | loss: 0.49306 - accuracy: 0.81272
Validating epoch 4 | loss: 0.51186 - accuracy: 0.79472
Training epoch 5 | loss: 0.48791 - accuracy: 0.82023
Validating epoch 5 | loss: 0.51525 - accuracy: 0.79243
Training epoch 6 | loss: 0.47303 - accuracy: 0.8328
Validating epoch 6 | loss: 0.52963 - accuracy: 0.77982
Training epoch 7 | loss: 0.47101 - accuracy: 0.83439
Validating epoch 7 | loss: 0.51004 - accuracy: 0.79702
Training epoch 8 | loss: 0.4586 - accuracy: 0.84827
Validating epoch 8 | loss: 0.49911 - accuracy: 0.80505
Training epoch 9 | loss: 0.45406 - accuracy: 0.85535
Validating epoch 9 | loss: 0.5069 - accuracy: 0.80046
Training epoch 10 | loss: 0.45276 - accuracy: 0.86156
Validating epoch 10 | loss: 0.49914 - accuracy: 0.81193
Training epoch 11 | loss: 0.45398 - accuracy: 0.85983
Validating epoch 11 | loss: 0.50956 - accuracy: 0.79702
Training epoch 12 | loss: 0.46252 - accuracy: 0.84725
Validating epoch 12 | loss: 0.49171 - accuracy: 0.81307
Training epoch 13 | loss: 0.44442 - accuracy: 0.86561
Validating epoch 13 | loss: 0.49442 - accuracy: 0.81422
Training epoch 14 | loss: 0.43559 - accuracy: 0.87688
Validating epoch 14 | loss: 0.49006 - accuracy: 0.8211
Training epoch 15 | loss: 0.42888 - accuracy: 0.88165
Validating epoch 15 | loss: 0.51023 - accuracy: 0.80046
Training epoch 16 | loss: 0.42325 - accuracy: 0.88526
Validating epoch 16 | loss: 0.50034 - accuracy: 0.80849
Training epoch 17 | loss: 0.4197 - accuracy: 0.89046
Validating epoch 17 | loss: 0.49843 - accuracy: 0.81193
Training epoch 18 | loss: 0.42449 - accuracy: 0.88512
Validating epoch 18 | loss: 0.49303 - accuracy: 0.81307
Training epoch 19 | loss: 0.41979 - accuracy: 0.88786
Validating epoch 19 | loss: 0.51581 - accuracy: 0.79472
Training epoch 20 | loss: 0.42704 - accuracy: 0.88497
Validating epoch 20 | loss: 0.49526 - accuracy: 0.81307
Training epoch 21 | loss: 0.41846 - accuracy: 0.89465
Validating epoch 21 | loss: 0.50461 - accuracy: 0.80505
Training epoch 22 | loss: 0.41272 - accuracy: 0.89957
Validating epoch 22 | loss: 0.50678 - accuracy: 0.80046
Training epoch 23 | loss: 0.42878 - accuracy: 0.88309
Validating epoch 23 | loss: 0.48622 - accuracy: 0.82569
Training epoch 24 | loss: 0.40631 - accuracy: 0.90361
Validating epoch 24 | loss: 0.48657 - accuracy: 0.82339
Training epoch 25 | loss: 0.40621 - accuracy: 0.90405
Validating epoch 25 | loss: 0.48713 - accuracy: 0.82454
Training epoch 26 | loss: 0.40395 - accuracy: 0.90665
Validating epoch 26 | loss: 0.49099 - accuracy: 0.81766
Training epoch 27 | loss: 0.41777 - accuracy: 0.89162
Validating epoch 27 | loss: 0.49803 - accuracy: 0.81422
Training epoch 28 | loss: 0.40778 - accuracy: 0.90231
Validating epoch 28 | loss: 0.4957 - accuracy: 0.81766
Training epoch 29 | loss: 0.39843 - accuracy: 0.91387
Validating epoch 29 | loss: 0.48889 - accuracy: 0.82569
Training epoch 30 | loss: 0.39795 - accuracy: 0.91821
Validating epoch 30 | loss: 0.49032 - accuracy: 0.82339
Training epoch 31 | loss: 0.39065 - accuracy: 0.92023
Validating epoch 31 | loss: 0.49415 - accuracy: 0.81881
Training epoch 32 | loss: 0.39287 - accuracy: 0.91893
Validating epoch 32 | loss: 0.5156 - accuracy: 0.79587
Training epoch 33 | loss: 0.40631 - accuracy: 0.9065
Validating epoch 33 | loss: 0.50257 - accuracy: 0.80849
Training epoch 34 | loss: 0.40289 - accuracy: 0.90766
Validating epoch 34 | loss: 0.50347 - accuracy: 0.81078
Training epoch 35 | loss: 0.39112 - accuracy: 0.92254
Validating epoch 35 | loss: 0.50067 - accuracy: 0.80963
Training epoch 36 | loss: 0.395 - accuracy: 0.91821
Validating epoch 36 | loss: 0.49734 - accuracy: 0.81307
Training epoch 37 | loss: 0.38497 - accuracy: 0.92572
Validating epoch 37 | loss: 0.4912 - accuracy: 0.8211
Training epoch 38 | loss: 0.38846 - accuracy: 0.92688
Validating epoch 38 | loss: 0.49142 - accuracy: 0.8211
Training epoch 39 | loss: 0.38746 - accuracy: 0.92789
Validating epoch 39 | loss: 0.52829 - accuracy: 0.78211
Training epoch 40 | loss: 0.39766 - accuracy: 0.91272
Validating epoch 40 | loss: 0.50001 - accuracy: 0.81307
Training epoch 41 | loss: 0.38239 - accuracy: 0.9289
Validating epoch 41 | loss: 0.49023 - accuracy: 0.81881
Training epoch 42 | loss: 0.38023 - accuracy: 0.93165
Validating epoch 42 | loss: 0.4919 - accuracy: 0.8211
Training epoch 43 | loss: 0.38367 - accuracy: 0.93468
Validating epoch 43 | loss: 0.5006 - accuracy: 0.81307
Training epoch 44 | loss: 0.3883 - accuracy: 0.92558
Validating epoch 44 | loss: 0.53547 - accuracy: 0.77752
Training epoch 45 | loss: 0.39132 - accuracy: 0.92182
Validating epoch 45 | loss: 0.49717 - accuracy: 0.81537
Training epoch 46 | loss: 0.37461 - accuracy: 0.93743
Validating epoch 46 | loss: 0.49486 - accuracy: 0.81651
Training epoch 47 | loss: 0.3763 - accuracy: 0.93801
Validating epoch 47 | loss: 0.50042 - accuracy: 0.81537
Training epoch 48 | loss: 0.3814 - accuracy: 0.93064
Validating epoch 48 | loss: 0.49892 - accuracy: 0.81307
Training epoch 49 | loss: 0.43115 - accuracy: 0.87861
Validating epoch 49 | loss: 0.52367 - accuracy: 0.78899
Training epoch 50 | loss: 0.38951 - accuracy: 0.92182
Validating epoch 50 | loss: 0.49523 - accuracy: 0.81881
Training epoch 51 | loss: 0.39183 - accuracy: 0.91936
Validating epoch 51 | loss: 0.49613 - accuracy: 0.81537
Training epoch 52 | loss: 0.38359 - accuracy: 0.92717
Validating epoch 52 | loss: 0.51606 - accuracy: 0.79587
Training epoch 53 | loss: 0.37942 - accuracy: 0.93251
Validating epoch 53 | loss: 0.48762 - accuracy: 0.82454
Training epoch 54 | loss: 0.37859 - accuracy: 0.93382
Validating epoch 54 | loss: 0.50807 - accuracy: 0.8039
Training epoch 55 | loss: 0.37825 - accuracy: 0.93829
Validating epoch 55 | loss: 0.49961 - accuracy: 0.81537
Training epoch 56 | loss: 0.37165 - accuracy: 0.94249
Validating epoch 56 | loss: 0.4998 - accuracy: 0.81307
Training epoch 57 | loss: 0.37214 - accuracy: 0.94118
Validating epoch 57 | loss: 0.50986 - accuracy: 0.80275
Training epoch 58 | loss: 0.37429 - accuracy: 0.93974
Validating epoch 58 | loss: 0.50323 - accuracy: 0.80963
Training epoch 59 | loss: 0.37145 - accuracy: 0.94321
Validating epoch 59 | loss: 0.50057 - accuracy: 0.81078
Training epoch 60 | loss: 0.37602 - accuracy: 0.93569
Validating epoch 60 | loss: 0.50981 - accuracy: 0.79931
Training epoch 61 | loss: 0.37124 - accuracy: 0.93988
Validating epoch 61 | loss: 0.51031 - accuracy: 0.80505
Training epoch 62 | loss: 0.37018 - accuracy: 0.94191
Validating epoch 62 | loss: 0.50287 - accuracy: 0.81078
Training epoch 63 | loss: 0.36839 - accuracy: 0.94335
Validating epoch 63 | loss: 0.50417 - accuracy: 0.80734
Training epoch 64 | loss: 0.36925 - accuracy: 0.9422
Validating epoch 64 | loss: 0.50837 - accuracy: 0.80505
Training epoch 65 | loss: 0.37292 - accuracy: 0.93887
Validating epoch 65 | loss: 0.52086 - accuracy: 0.79014
Training epoch 66 | loss: 0.36923 - accuracy: 0.94697
Validating epoch 66 | loss: 0.50487 - accuracy: 0.80849
Training epoch 67 | loss: 0.37129 - accuracy: 0.94249
Validating epoch 67 | loss: 0.50901 - accuracy: 0.8039
Training epoch 68 | loss: 0.36897 - accuracy: 0.94494
Validating epoch 68 | loss: 0.50848 - accuracy: 0.80275
Training epoch 69 | loss: 0.36793 - accuracy: 0.94436
Validating epoch 69 | loss: 0.49716 - accuracy: 0.81537
Training epoch 70 | loss: 0.36618 - accuracy: 0.94581
Validating epoch 70 | loss: 0.51273 - accuracy: 0.79931
Training epoch 71 | loss: 0.367 - accuracy: 0.94523
Validating epoch 71 | loss: 0.52705 - accuracy: 0.78784
Training epoch 72 | loss: 0.36837 - accuracy: 0.9435
Validating epoch 72 | loss: 0.50568 - accuracy: 0.80849
Training epoch 73 | loss: 0.36626 - accuracy: 0.94552
Validating epoch 73 | loss: 0.49934 - accuracy: 0.81307
Training epoch 74 | loss: 0.36574 - accuracy: 0.9461
Validating epoch 74 | loss: 0.49392 - accuracy: 0.81995
Training epoch 75 | loss: 0.3652 - accuracy: 0.94682
Validating epoch 75 | loss: 0.49618 - accuracy: 0.81881
Training epoch 76 | loss: 0.36303 - accuracy: 0.94899
Validating epoch 76 | loss: 0.50311 - accuracy: 0.80849
Training epoch 77 | loss: 0.36444 - accuracy: 0.94769
Validating epoch 77 | loss: 0.49889 - accuracy: 0.81537
Training epoch 78 | loss: 0.36427 - accuracy: 0.94769
Validating epoch 78 | loss: 0.49034 - accuracy: 0.82225
Training epoch 79 | loss: 0.37095 - accuracy: 0.94277
Validating epoch 79 | loss: 0.49991 - accuracy: 0.81078
Training epoch 80 | loss: 0.37512 - accuracy: 0.9409
Validating epoch 80 | loss: 0.4962 - accuracy: 0.81651
Training epoch 81 | loss: 0.37002 - accuracy: 0.94595
Validating epoch 81 | loss: 0.49246 - accuracy: 0.8211
Training epoch 82 | loss: 0.37474 - accuracy: 0.94061
Validating epoch 82 | loss: 0.53308 - accuracy: 0.78096
Training epoch 83 | loss: 0.36131 - accuracy: 0.95087
Validating epoch 83 | loss: 0.4912 - accuracy: 0.8211
Training epoch 84 | loss: 0.36789 - accuracy: 0.94393
Validating epoch 84 | loss: 0.52382 - accuracy: 0.7867
Training epoch 85 | loss: 0.36906 - accuracy: 0.94321
Validating epoch 85 | loss: 0.49499 - accuracy: 0.81881
Training epoch 86 | loss: 0.36324 - accuracy: 0.94884
Validating epoch 86 | loss: 0.49374 - accuracy: 0.81881
Training epoch 87 | loss: 0.35862 - accuracy: 0.95361
Validating epoch 87 | loss: 0.49223 - accuracy: 0.81766
Training epoch 88 | loss: 0.36029 - accuracy: 0.95246
Validating epoch 88 | loss: 0.4992 - accuracy: 0.81307
Training epoch 89 | loss: 0.36482 - accuracy: 0.94812
Validating epoch 89 | loss: 0.51438 - accuracy: 0.79931
Training epoch 90 | loss: 0.39828 - accuracy: 0.91272
Validating epoch 90 | loss: 0.50922 - accuracy: 0.8039
Training epoch 91 | loss: 0.37511 - accuracy: 0.93656
Validating epoch 91 | loss: 0.50039 - accuracy: 0.81193
Training epoch 92 | loss: 0.37245 - accuracy: 0.93931
Validating epoch 92 | loss: 0.51383 - accuracy: 0.80046
Training epoch 93 | loss: 0.40976 - accuracy: 0.90202
Validating epoch 93 | loss: 0.49847 - accuracy: 0.81651
Training epoch 94 | loss: 0.36795 - accuracy: 0.94379
Validating epoch 94 | loss: 0.50094 - accuracy: 0.81078
Training epoch 95 | loss: 0.36304 - accuracy: 0.94827
Validating epoch 95 | loss: 0.50898 - accuracy: 0.80275
Training epoch 96 | loss: 0.36219 - accuracy: 0.95043
Validating epoch 96 | loss: 0.50627 - accuracy: 0.80619
Training epoch 97 | loss: 0.36039 - accuracy: 0.95188
Validating epoch 97 | loss: 0.5119 - accuracy: 0.79817
Training epoch 98 | loss: 0.3602 - accuracy: 0.95188
Validating epoch 98 | loss: 0.50675 - accuracy: 0.80505
Training epoch 99 | loss: 0.35882 - accuracy: 0.95303
Validating epoch 99 | loss: 0.50395 - accuracy: 0.80963
Dataset is sst, undersample is False, aug mode is trans, geo is 0.8, small_label is 1 small_prop is 0.5, balance_seed is 0
Training epoch 0 | loss: 0.65963 - accuracy: 0.60737
Validating epoch 0 | loss: 0.57094 - accuracy: 0.74541
Training epoch 1 | loss: 0.56296 - accuracy: 0.74639
Validating epoch 1 | loss: 0.52817 - accuracy: 0.78211
Training epoch 2 | loss: 0.52099 - accuracy: 0.78555
Validating epoch 2 | loss: 0.53009 - accuracy: 0.78096
Training epoch 3 | loss: 0.49979 - accuracy: 0.80419
Validating epoch 3 | loss: 0.51549 - accuracy: 0.79472
Training epoch 4 | loss: 0.49977 - accuracy: 0.80694
Validating epoch 4 | loss: 0.54269 - accuracy: 0.76376
Training epoch 5 | loss: 0.49373 - accuracy: 0.81156
Validating epoch 5 | loss: 0.49729 - accuracy: 0.80849
Training epoch 6 | loss: 0.47199 - accuracy: 0.83497
Validating epoch 6 | loss: 0.49621 - accuracy: 0.81193
Training epoch 7 | loss: 0.47107 - accuracy: 0.83772
Validating epoch 7 | loss: 0.49144 - accuracy: 0.81422
Training epoch 8 | loss: 0.4606 - accuracy: 0.85145
Validating epoch 8 | loss: 0.49282 - accuracy: 0.81651
Training epoch 9 | loss: 0.44998 - accuracy: 0.85838
Validating epoch 9 | loss: 0.5369 - accuracy: 0.77064
Training epoch 10 | loss: 0.4552 - accuracy: 0.85448
Validating epoch 10 | loss: 0.5359 - accuracy: 0.77179
Training epoch 11 | loss: 0.49839 - accuracy: 0.80188
Validating epoch 11 | loss: 0.51718 - accuracy: 0.79014
Training epoch 12 | loss: 0.46126 - accuracy: 0.84928
Validating epoch 12 | loss: 0.49513 - accuracy: 0.81537
Training epoch 13 | loss: 0.4418 - accuracy: 0.87355
Validating epoch 13 | loss: 0.49742 - accuracy: 0.81078
Training epoch 14 | loss: 0.42635 - accuracy: 0.88223
Validating epoch 14 | loss: 0.49249 - accuracy: 0.81537
Training epoch 15 | loss: 0.43294 - accuracy: 0.87673
Validating epoch 15 | loss: 0.5076 - accuracy: 0.79817
Training epoch 16 | loss: 0.43229 - accuracy: 0.88064
Validating epoch 16 | loss: 0.51141 - accuracy: 0.80275
Training epoch 17 | loss: 0.42783 - accuracy: 0.88136
Validating epoch 17 | loss: 0.49885 - accuracy: 0.81307
Training epoch 18 | loss: 0.42689 - accuracy: 0.88266
Validating epoch 18 | loss: 0.49039 - accuracy: 0.8211
Training epoch 19 | loss: 0.41425 - accuracy: 0.89798
Validating epoch 19 | loss: 0.4964 - accuracy: 0.8211
Training epoch 20 | loss: 0.41486 - accuracy: 0.89509
Validating epoch 20 | loss: 0.51082 - accuracy: 0.79358
Training epoch 21 | loss: 0.44205 - accuracy: 0.8659
Validating epoch 21 | loss: 0.50462 - accuracy: 0.80505
Training epoch 22 | loss: 0.42194 - accuracy: 0.89422
Validating epoch 22 | loss: 0.49928 - accuracy: 0.81307
Training epoch 23 | loss: 0.43485 - accuracy: 0.87832
Validating epoch 23 | loss: 0.50423 - accuracy: 0.80619
Training epoch 24 | loss: 0.4086 - accuracy: 0.90376
Validating epoch 24 | loss: 0.50349 - accuracy: 0.80734
Training epoch 25 | loss: 0.40606 - accuracy: 0.9052
Validating epoch 25 | loss: 0.49782 - accuracy: 0.81651
Training epoch 26 | loss: 0.41602 - accuracy: 0.89812
Validating epoch 26 | loss: 0.4989 - accuracy: 0.81078
Training epoch 27 | loss: 0.39857 - accuracy: 0.91127
Validating epoch 27 | loss: 0.4987 - accuracy: 0.81537
Training epoch 28 | loss: 0.39637 - accuracy: 0.9172
Validating epoch 28 | loss: 0.50208 - accuracy: 0.80734
Training epoch 29 | loss: 0.39313 - accuracy: 0.91835
Validating epoch 29 | loss: 0.50757 - accuracy: 0.80619
Training epoch 30 | loss: 0.39545 - accuracy: 0.91821
Validating epoch 30 | loss: 0.50411 - accuracy: 0.80734
Training epoch 31 | loss: 0.39893 - accuracy: 0.91676
Validating epoch 31 | loss: 0.50939 - accuracy: 0.80046
Training epoch 32 | loss: 0.40206 - accuracy: 0.90896
Validating epoch 32 | loss: 0.50466 - accuracy: 0.80849
Training epoch 33 | loss: 0.39466 - accuracy: 0.91821
Validating epoch 33 | loss: 0.50132 - accuracy: 0.80963
Training epoch 34 | loss: 0.41556 - accuracy: 0.89986
Validating epoch 34 | loss: 0.50306 - accuracy: 0.81078
Training epoch 35 | loss: 0.39914 - accuracy: 0.91156
Validating epoch 35 | loss: 0.51141 - accuracy: 0.79817
Training epoch 36 | loss: 0.40309 - accuracy: 0.90679
Validating epoch 36 | loss: 0.50217 - accuracy: 0.80849
Training epoch 37 | loss: 0.38769 - accuracy: 0.92457
Validating epoch 37 | loss: 0.50565 - accuracy: 0.80619
Training epoch 38 | loss: 0.39154 - accuracy: 0.91994
Validating epoch 38 | loss: 0.50856 - accuracy: 0.80275
Training epoch 39 | loss: 0.41014 - accuracy: 0.90246
Validating epoch 39 | loss: 0.51387 - accuracy: 0.79931
Training epoch 40 | loss: 0.39634 - accuracy: 0.91503
Validating epoch 40 | loss: 0.50872 - accuracy: 0.80275
Training epoch 41 | loss: 0.39247 - accuracy: 0.92081
Validating epoch 41 | loss: 0.50696 - accuracy: 0.80619
Training epoch 42 | loss: 0.38804 - accuracy: 0.92254
Validating epoch 42 | loss: 0.50141 - accuracy: 0.81078
Training epoch 43 | loss: 0.39024 - accuracy: 0.92341
Validating epoch 43 | loss: 0.49852 - accuracy: 0.81422
Training epoch 44 | loss: 0.38839 - accuracy: 0.92688
Validating epoch 44 | loss: 0.49519 - accuracy: 0.81881
Training epoch 45 | loss: 0.37867 - accuracy: 0.93251
Validating epoch 45 | loss: 0.50575 - accuracy: 0.8039
Training epoch 46 | loss: 0.38315 - accuracy: 0.93078
Validating epoch 46 | loss: 0.50022 - accuracy: 0.81078
Training epoch 47 | loss: 0.37927 - accuracy: 0.93208
Validating epoch 47 | loss: 0.49632 - accuracy: 0.81651
Training epoch 48 | loss: 0.37577 - accuracy: 0.93829
Validating epoch 48 | loss: 0.50066 - accuracy: 0.81307
Training epoch 49 | loss: 0.3769 - accuracy: 0.93931
Validating epoch 49 | loss: 0.49113 - accuracy: 0.81995
Training epoch 50 | loss: 0.38203 - accuracy: 0.93396
Validating epoch 50 | loss: 0.50612 - accuracy: 0.80505
Training epoch 51 | loss: 0.37457 - accuracy: 0.93699
Validating epoch 51 | loss: 0.49544 - accuracy: 0.81881
Training epoch 52 | loss: 0.37878 - accuracy: 0.93309
Validating epoch 52 | loss: 0.48935 - accuracy: 0.82454
Training epoch 53 | loss: 0.37319 - accuracy: 0.94104
Validating epoch 53 | loss: 0.49203 - accuracy: 0.81995
Training epoch 54 | loss: 0.37455 - accuracy: 0.93714
Validating epoch 54 | loss: 0.50312 - accuracy: 0.81078
Training epoch 55 | loss: 0.37072 - accuracy: 0.94335
Validating epoch 55 | loss: 0.49103 - accuracy: 0.8211
Training epoch 56 | loss: 0.36843 - accuracy: 0.94364
Validating epoch 56 | loss: 0.49288 - accuracy: 0.81881
Training epoch 57 | loss: 0.37614 - accuracy: 0.94003
Validating epoch 57 | loss: 0.49536 - accuracy: 0.81766
Training epoch 58 | loss: 0.3727 - accuracy: 0.9409
Validating epoch 58 | loss: 0.49884 - accuracy: 0.81193
Training epoch 59 | loss: 0.36684 - accuracy: 0.94769
Validating epoch 59 | loss: 0.5106 - accuracy: 0.80275
Training epoch 60 | loss: 0.36972 - accuracy: 0.94191
Validating epoch 60 | loss: 0.49533 - accuracy: 0.81422
Training epoch 61 | loss: 0.36805 - accuracy: 0.94422
Validating epoch 61 | loss: 0.48997 - accuracy: 0.82225
Training epoch 62 | loss: 0.37188 - accuracy: 0.94263
Validating epoch 62 | loss: 0.49285 - accuracy: 0.8211
Training epoch 63 | loss: 0.36809 - accuracy: 0.9435
Validating epoch 63 | loss: 0.49429 - accuracy: 0.81651
Training epoch 64 | loss: 0.36393 - accuracy: 0.94884
Validating epoch 64 | loss: 0.49067 - accuracy: 0.82339
Training epoch 65 | loss: 0.36297 - accuracy: 0.95145
Validating epoch 65 | loss: 0.49327 - accuracy: 0.81995
Training epoch 66 | loss: 0.36094 - accuracy: 0.95116
Validating epoch 66 | loss: 0.49012 - accuracy: 0.82339
Training epoch 67 | loss: 0.36096 - accuracy: 0.95145
Validating epoch 67 | loss: 0.48964 - accuracy: 0.82339
Training epoch 68 | loss: 0.36473 - accuracy: 0.9474
Validating epoch 68 | loss: 0.48959 - accuracy: 0.82339
Training epoch 69 | loss: 0.36551 - accuracy: 0.94624
Validating epoch 69 | loss: 0.49786 - accuracy: 0.81766
Training epoch 70 | loss: 0.39799 - accuracy: 0.91474
Validating epoch 70 | loss: 0.49791 - accuracy: 0.81651
Training epoch 71 | loss: 0.37238 - accuracy: 0.94162
Validating epoch 71 | loss: 0.5051 - accuracy: 0.80619
Training epoch 72 | loss: 0.37365 - accuracy: 0.93829
Validating epoch 72 | loss: 0.53944 - accuracy: 0.77064
Training epoch 73 | loss: 0.3782 - accuracy: 0.93526
Validating epoch 73 | loss: 0.49862 - accuracy: 0.81193
Training epoch 74 | loss: 0.37981 - accuracy: 0.9315
Validating epoch 74 | loss: 0.50384 - accuracy: 0.80619
Training epoch 75 | loss: 0.36425 - accuracy: 0.94812
Validating epoch 75 | loss: 0.49163 - accuracy: 0.81995
Training epoch 76 | loss: 0.36314 - accuracy: 0.94899
Validating epoch 76 | loss: 0.49812 - accuracy: 0.81422
Training epoch 77 | loss: 0.36336 - accuracy: 0.94899
Validating epoch 77 | loss: 0.50216 - accuracy: 0.81078
Training epoch 78 | loss: 0.36279 - accuracy: 0.9513
Validating epoch 78 | loss: 0.4991 - accuracy: 0.81078
Training epoch 79 | loss: 0.36439 - accuracy: 0.94769
Validating epoch 79 | loss: 0.49396 - accuracy: 0.81766
Training epoch 80 | loss: 0.36293 - accuracy: 0.94942
Validating epoch 80 | loss: 0.50511 - accuracy: 0.80734
Training epoch 81 | loss: 0.35964 - accuracy: 0.9552
Validating epoch 81 | loss: 0.51234 - accuracy: 0.79817
Training epoch 82 | loss: 0.35921 - accuracy: 0.95303
Validating epoch 82 | loss: 0.50584 - accuracy: 0.80619
Training epoch 83 | loss: 0.36465 - accuracy: 0.95116
Validating epoch 83 | loss: 0.50269 - accuracy: 0.80849
Training epoch 84 | loss: 0.35934 - accuracy: 0.95318
Validating epoch 84 | loss: 0.49621 - accuracy: 0.81537
Training epoch 85 | loss: 0.35664 - accuracy: 0.95592
Validating epoch 85 | loss: 0.50909 - accuracy: 0.80505
Training epoch 86 | loss: 0.36108 - accuracy: 0.95361
Validating epoch 86 | loss: 0.50396 - accuracy: 0.80849
Training epoch 87 | loss: 0.36577 - accuracy: 0.94841
Validating epoch 87 | loss: 0.5043 - accuracy: 0.80849
Training epoch 88 | loss: 0.35962 - accuracy: 0.95217
Validating epoch 88 | loss: 0.51743 - accuracy: 0.79587
Training epoch 89 | loss: 0.36183 - accuracy: 0.9526
Validating epoch 89 | loss: 0.50985 - accuracy: 0.80275
Training epoch 90 | loss: 0.36082 - accuracy: 0.95173
Validating epoch 90 | loss: 0.50601 - accuracy: 0.80619
Training epoch 91 | loss: 0.36188 - accuracy: 0.95043
Validating epoch 91 | loss: 0.51307 - accuracy: 0.80046
Training epoch 92 | loss: 0.37327 - accuracy: 0.93815
Validating epoch 92 | loss: 0.51311 - accuracy: 0.80161
Training epoch 93 | loss: 0.37161 - accuracy: 0.94003
Validating epoch 93 | loss: 0.5191 - accuracy: 0.79358
Training epoch 94 | loss: 0.36272 - accuracy: 0.95145
Validating epoch 94 | loss: 0.51507 - accuracy: 0.79472
Training epoch 95 | loss: 0.36879 - accuracy: 0.9448
Validating epoch 95 | loss: 0.50484 - accuracy: 0.80734
Training epoch 96 | loss: 0.3619 - accuracy: 0.9526
Validating epoch 96 | loss: 0.51848 - accuracy: 0.79472
Training epoch 97 | loss: 0.36472 - accuracy: 0.94942
Validating epoch 97 | loss: 0.49962 - accuracy: 0.81422
Training epoch 98 | loss: 0.3749 - accuracy: 0.93873
Validating epoch 98 | loss: 0.50778 - accuracy: 0.80275
Training epoch 99 | loss: 0.36167 - accuracy: 0.95
Validating epoch 99 | loss: 0.4966 - accuracy: 0.81766
Dataset is sst, undersample is False, aug mode is trans, geo is 0.9, small_label is 1 small_prop is 0.5, balance_seed is 0
Training epoch 0 | loss: 0.66891 - accuracy: 0.59003
Validating epoch 0 | loss: 0.5773 - accuracy: 0.74885
Training epoch 1 | loss: 0.53966 - accuracy: 0.76691
Validating epoch 1 | loss: 0.51837 - accuracy: 0.79014
Training epoch 2 | loss: 0.51551 - accuracy: 0.78974
Validating epoch 2 | loss: 0.51736 - accuracy: 0.78784
Training epoch 3 | loss: 0.49932 - accuracy: 0.80766
Validating epoch 3 | loss: 0.51025 - accuracy: 0.79931
Training epoch 4 | loss: 0.48786 - accuracy: 0.81662
Validating epoch 4 | loss: 0.50514 - accuracy: 0.80161
Training epoch 5 | loss: 0.49107 - accuracy: 0.8172
Validating epoch 5 | loss: 0.51168 - accuracy: 0.79358
Training epoch 6 | loss: 0.48603 - accuracy: 0.82254
Validating epoch 6 | loss: 0.5091 - accuracy: 0.79472
Training epoch 7 | loss: 0.46927 - accuracy: 0.8474
Validating epoch 7 | loss: 0.50362 - accuracy: 0.8039
Training epoch 8 | loss: 0.45939 - accuracy: 0.85188
Validating epoch 8 | loss: 0.51196 - accuracy: 0.79472
Training epoch 9 | loss: 0.46001 - accuracy: 0.84827
Validating epoch 9 | loss: 0.49793 - accuracy: 0.81307
Training epoch 10 | loss: 0.44201 - accuracy: 0.86647
Validating epoch 10 | loss: 0.49719 - accuracy: 0.81307
Training epoch 11 | loss: 0.43197 - accuracy: 0.87847
Validating epoch 11 | loss: 0.4957 - accuracy: 0.81766
Training epoch 12 | loss: 0.43264 - accuracy: 0.87558
Validating epoch 12 | loss: 0.49864 - accuracy: 0.81193
Training epoch 13 | loss: 0.42472 - accuracy: 0.88656
Validating epoch 13 | loss: 0.50999 - accuracy: 0.79702
Training epoch 14 | loss: 0.4245 - accuracy: 0.88685
Validating epoch 14 | loss: 0.49136 - accuracy: 0.8211
Training epoch 15 | loss: 0.41707 - accuracy: 0.89335
Validating epoch 15 | loss: 0.4996 - accuracy: 0.81307
Training epoch 16 | loss: 0.42125 - accuracy: 0.88916
Validating epoch 16 | loss: 0.51467 - accuracy: 0.79472
Training epoch 17 | loss: 0.41067 - accuracy: 0.9
Validating epoch 17 | loss: 0.48823 - accuracy: 0.82339
Training epoch 18 | loss: 0.4043 - accuracy: 0.90896
Validating epoch 18 | loss: 0.49151 - accuracy: 0.8211
Training epoch 19 | loss: 0.4018 - accuracy: 0.90882
Validating epoch 19 | loss: 0.51058 - accuracy: 0.79817
Training epoch 20 | loss: 0.40528 - accuracy: 0.90376
Validating epoch 20 | loss: 0.50434 - accuracy: 0.8039
Training epoch 21 | loss: 0.39868 - accuracy: 0.91474
Validating epoch 21 | loss: 0.51128 - accuracy: 0.80161
Training epoch 22 | loss: 0.40088 - accuracy: 0.90925
Validating epoch 22 | loss: 0.50326 - accuracy: 0.80963
Training epoch 23 | loss: 0.394 - accuracy: 0.91633
Validating epoch 23 | loss: 0.4954 - accuracy: 0.81766
Training epoch 24 | loss: 0.39594 - accuracy: 0.91734
Validating epoch 24 | loss: 0.50269 - accuracy: 0.80505
Training epoch 25 | loss: 0.38764 - accuracy: 0.92355
Validating epoch 25 | loss: 0.5174 - accuracy: 0.79243
Training epoch 26 | loss: 0.39129 - accuracy: 0.92225
Validating epoch 26 | loss: 0.49921 - accuracy: 0.81193
Training epoch 27 | loss: 0.39532 - accuracy: 0.92052
Validating epoch 27 | loss: 0.52377 - accuracy: 0.79014
Training epoch 28 | loss: 0.40001 - accuracy: 0.91026
Validating epoch 28 | loss: 0.48734 - accuracy: 0.82569
Training epoch 29 | loss: 0.39333 - accuracy: 0.91777
Validating epoch 29 | loss: 0.50043 - accuracy: 0.81193
Training epoch 30 | loss: 0.38961 - accuracy: 0.92399
Validating epoch 30 | loss: 0.51329 - accuracy: 0.79931
Training epoch 31 | loss: 0.39424 - accuracy: 0.9172
Validating epoch 31 | loss: 0.5081 - accuracy: 0.8039
Training epoch 32 | loss: 0.38701 - accuracy: 0.92688
Validating epoch 32 | loss: 0.51077 - accuracy: 0.80505
Training epoch 33 | loss: 0.37887 - accuracy: 0.93309
Validating epoch 33 | loss: 0.5079 - accuracy: 0.80505
Training epoch 34 | loss: 0.37736 - accuracy: 0.93483
Validating epoch 34 | loss: 0.50588 - accuracy: 0.80619
Training epoch 35 | loss: 0.38014 - accuracy: 0.93353
Validating epoch 35 | loss: 0.50639 - accuracy: 0.80849
Training epoch 36 | loss: 0.37752 - accuracy: 0.93902
Validating epoch 36 | loss: 0.51535 - accuracy: 0.79702
Training epoch 37 | loss: 0.37754 - accuracy: 0.93396
Validating epoch 37 | loss: 0.50447 - accuracy: 0.80619
Training epoch 38 | loss: 0.37475 - accuracy: 0.93714
Validating epoch 38 | loss: 0.50603 - accuracy: 0.80963
Training epoch 39 | loss: 0.37918 - accuracy: 0.93194
Validating epoch 39 | loss: 0.51335 - accuracy: 0.79587
Training epoch 40 | loss: 0.38032 - accuracy: 0.93382
Validating epoch 40 | loss: 0.52359 - accuracy: 0.78784
Training epoch 41 | loss: 0.38608 - accuracy: 0.92514
Validating epoch 41 | loss: 0.5209 - accuracy: 0.78899
Training epoch 42 | loss: 0.39014 - accuracy: 0.92312
Validating epoch 42 | loss: 0.52205 - accuracy: 0.78899
Training epoch 43 | loss: 0.37995 - accuracy: 0.93396
Validating epoch 43 | loss: 0.50572 - accuracy: 0.80734
Training epoch 44 | loss: 0.38787 - accuracy: 0.92572
Validating epoch 44 | loss: 0.50597 - accuracy: 0.80734
Training epoch 45 | loss: 0.385 - accuracy: 0.92861
Validating epoch 45 | loss: 0.5146 - accuracy: 0.79587
Training epoch 46 | loss: 0.37498 - accuracy: 0.93699
Validating epoch 46 | loss: 0.50245 - accuracy: 0.81078
Training epoch 47 | loss: 0.3723 - accuracy: 0.93988
Validating epoch 47 | loss: 0.501 - accuracy: 0.81078
Training epoch 48 | loss: 0.3753 - accuracy: 0.93627
Validating epoch 48 | loss: 0.50408 - accuracy: 0.81078
Training epoch 49 | loss: 0.37218 - accuracy: 0.94205
Validating epoch 49 | loss: 0.50948 - accuracy: 0.80046
Training epoch 50 | loss: 0.37373 - accuracy: 0.93757
Validating epoch 50 | loss: 0.50439 - accuracy: 0.80849
Training epoch 51 | loss: 0.37106 - accuracy: 0.94335
Validating epoch 51 | loss: 0.50332 - accuracy: 0.81193
Training epoch 52 | loss: 0.3674 - accuracy: 0.94494
Validating epoch 52 | loss: 0.50632 - accuracy: 0.80619
Training epoch 53 | loss: 0.36582 - accuracy: 0.94668
Validating epoch 53 | loss: 0.51128 - accuracy: 0.80275
Training epoch 54 | loss: 0.36577 - accuracy: 0.94639
Validating epoch 54 | loss: 0.49745 - accuracy: 0.81651
Training epoch 55 | loss: 0.36794 - accuracy: 0.94422
Validating epoch 55 | loss: 0.50519 - accuracy: 0.80734
Training epoch 56 | loss: 0.3702 - accuracy: 0.94639
Validating epoch 56 | loss: 0.51329 - accuracy: 0.80046
Training epoch 57 | loss: 0.36558 - accuracy: 0.94697
Validating epoch 57 | loss: 0.50761 - accuracy: 0.80734
Training epoch 58 | loss: 0.36452 - accuracy: 0.94783
Validating epoch 58 | loss: 0.51324 - accuracy: 0.79817
Training epoch 59 | loss: 0.36746 - accuracy: 0.94436
Validating epoch 59 | loss: 0.50705 - accuracy: 0.80161
Training epoch 60 | loss: 0.37019 - accuracy: 0.94393
Validating epoch 60 | loss: 0.51239 - accuracy: 0.80275
Training epoch 61 | loss: 0.36801 - accuracy: 0.94422
Validating epoch 61 | loss: 0.50736 - accuracy: 0.80619
Training epoch 62 | loss: 0.3697 - accuracy: 0.94436
Validating epoch 62 | loss: 0.501 - accuracy: 0.81307
Training epoch 63 | loss: 0.36559 - accuracy: 0.94884
Validating epoch 63 | loss: 0.49619 - accuracy: 0.81995
Training epoch 64 | loss: 0.36306 - accuracy: 0.94957
Validating epoch 64 | loss: 0.49934 - accuracy: 0.81307
Training epoch 65 | loss: 0.36512 - accuracy: 0.94639
Validating epoch 65 | loss: 0.50298 - accuracy: 0.81193
Training epoch 66 | loss: 0.36162 - accuracy: 0.95058
Validating epoch 66 | loss: 0.50458 - accuracy: 0.80963
Training epoch 67 | loss: 0.37719 - accuracy: 0.93613
Validating epoch 67 | loss: 0.51205 - accuracy: 0.79931
Training epoch 68 | loss: 0.37047 - accuracy: 0.94147
Validating epoch 68 | loss: 0.51475 - accuracy: 0.79817
Training epoch 69 | loss: 0.36565 - accuracy: 0.94639
Validating epoch 69 | loss: 0.51336 - accuracy: 0.79702
Training epoch 70 | loss: 0.36496 - accuracy: 0.94697
Validating epoch 70 | loss: 0.50992 - accuracy: 0.80161
Training epoch 71 | loss: 0.37832 - accuracy: 0.93526
Validating epoch 71 | loss: 0.50615 - accuracy: 0.80619
Training epoch 72 | loss: 0.37233 - accuracy: 0.93945
Validating epoch 72 | loss: 0.51739 - accuracy: 0.79472
Training epoch 73 | loss: 0.36361 - accuracy: 0.94841
Validating epoch 73 | loss: 0.50047 - accuracy: 0.81193
Training epoch 74 | loss: 0.36583 - accuracy: 0.94812
Validating epoch 74 | loss: 0.50553 - accuracy: 0.80963
Training epoch 75 | loss: 0.39512 - accuracy: 0.91618
Validating epoch 75 | loss: 0.50326 - accuracy: 0.80963
Training epoch 76 | loss: 0.37041 - accuracy: 0.94581
Validating epoch 76 | loss: 0.51396 - accuracy: 0.80046
Training epoch 77 | loss: 0.36477 - accuracy: 0.94769
Validating epoch 77 | loss: 0.50833 - accuracy: 0.80619
Training epoch 78 | loss: 0.3641 - accuracy: 0.94986
Validating epoch 78 | loss: 0.49953 - accuracy: 0.81422
Training epoch 79 | loss: 0.36287 - accuracy: 0.94928
Validating epoch 79 | loss: 0.50612 - accuracy: 0.80505
Training epoch 80 | loss: 0.36148 - accuracy: 0.95058
Validating epoch 80 | loss: 0.50217 - accuracy: 0.80849
Training epoch 81 | loss: 0.36025 - accuracy: 0.95159
Validating epoch 81 | loss: 0.50076 - accuracy: 0.81193
Training epoch 82 | loss: 0.35924 - accuracy: 0.95303
Validating epoch 82 | loss: 0.49601 - accuracy: 0.81651
Training epoch 83 | loss: 0.3684 - accuracy: 0.94523
Validating epoch 83 | loss: 0.50099 - accuracy: 0.81193
Training epoch 84 | loss: 0.36371 - accuracy: 0.95087
Validating epoch 84 | loss: 0.51288 - accuracy: 0.79817
Training epoch 85 | loss: 0.35937 - accuracy: 0.95303
Validating epoch 85 | loss: 0.5136 - accuracy: 0.79931
Training epoch 86 | loss: 0.35949 - accuracy: 0.95303
Validating epoch 86 | loss: 0.50375 - accuracy: 0.80619
Training epoch 87 | loss: 0.35657 - accuracy: 0.95607
Validating epoch 87 | loss: 0.50289 - accuracy: 0.81078
Training epoch 88 | loss: 0.35936 - accuracy: 0.95318
Validating epoch 88 | loss: 0.50455 - accuracy: 0.80619
Training epoch 89 | loss: 0.3569 - accuracy: 0.95549
Validating epoch 89 | loss: 0.50725 - accuracy: 0.80734
Training epoch 90 | loss: 0.35879 - accuracy: 0.95332
Validating epoch 90 | loss: 0.5135 - accuracy: 0.79931
Training epoch 91 | loss: 0.3586 - accuracy: 0.95621
Validating epoch 91 | loss: 0.5098 - accuracy: 0.80275
Training epoch 92 | loss: 0.356 - accuracy: 0.95636
Validating epoch 92 | loss: 0.49771 - accuracy: 0.81651
Training epoch 93 | loss: 0.36394 - accuracy: 0.94827
Validating epoch 93 | loss: 0.52027 - accuracy: 0.79472
Training epoch 94 | loss: 0.37637 - accuracy: 0.93526
Validating epoch 94 | loss: 0.50926 - accuracy: 0.80161
Training epoch 95 | loss: 0.35969 - accuracy: 0.9526
Validating epoch 95 | loss: 0.50622 - accuracy: 0.80849
Training epoch 96 | loss: 0.36174 - accuracy: 0.95029
Validating epoch 96 | loss: 0.50706 - accuracy: 0.80734
Training epoch 97 | loss: 0.35985 - accuracy: 0.95491
Validating epoch 97 | loss: 0.5047 - accuracy: 0.80963
Training epoch 98 | loss: 0.36105 - accuracy: 0.95332
Validating epoch 98 | loss: 0.51073 - accuracy: 0.80275
Training epoch 99 | loss: 0.35653 - accuracy: 0.95578
Validating epoch 99 | loss: 0.51812 - accuracy: 0.79243
