Dataset is sst, undersample is False, aug mode is None, geo is 0.5, small_label is 1 small_prop is 0.5, balance_seed is 4
Training epoch 0 | loss: 0.64571 - accuracy: 0.64725
Validating epoch 0 | loss: 0.5402 - accuracy: 0.76491
Training epoch 1 | loss: 0.53577 - accuracy: 0.76994
Validating epoch 1 | loss: 0.52299 - accuracy: 0.78555
Training epoch 2 | loss: 0.50604 - accuracy: 0.79841
Validating epoch 2 | loss: 0.50237 - accuracy: 0.80275
Training epoch 3 | loss: 0.49083 - accuracy: 0.81792
Validating epoch 3 | loss: 0.51163 - accuracy: 0.79587
Training epoch 4 | loss: 0.49489 - accuracy: 0.81763
Validating epoch 4 | loss: 0.50495 - accuracy: 0.80505
Training epoch 5 | loss: 0.47109 - accuracy: 0.83988
Validating epoch 5 | loss: 0.4984 - accuracy: 0.80963
Training epoch 6 | loss: 0.45842 - accuracy: 0.84957
Validating epoch 6 | loss: 0.5155 - accuracy: 0.79358
Training epoch 7 | loss: 0.46276 - accuracy: 0.84436
Validating epoch 7 | loss: 0.50796 - accuracy: 0.80275
Training epoch 8 | loss: 0.44582 - accuracy: 0.86084
Validating epoch 8 | loss: 0.50061 - accuracy: 0.81078
Training epoch 9 | loss: 0.44519 - accuracy: 0.86618
Validating epoch 9 | loss: 0.49727 - accuracy: 0.81193
Training epoch 10 | loss: 0.44118 - accuracy: 0.86517
Validating epoch 10 | loss: 0.50036 - accuracy: 0.80734
Training epoch 11 | loss: 0.42171 - accuracy: 0.88772
Validating epoch 11 | loss: 0.49391 - accuracy: 0.81651
Training epoch 12 | loss: 0.41832 - accuracy: 0.89422
Validating epoch 12 | loss: 0.49488 - accuracy: 0.81651
Training epoch 13 | loss: 0.41427 - accuracy: 0.89581
Validating epoch 13 | loss: 0.51207 - accuracy: 0.80046
Training epoch 14 | loss: 0.42444 - accuracy: 0.88613
Validating epoch 14 | loss: 0.50019 - accuracy: 0.81078
Training epoch 15 | loss: 0.40472 - accuracy: 0.90708
Validating epoch 15 | loss: 0.49751 - accuracy: 0.81422
Training epoch 16 | loss: 0.39958 - accuracy: 0.91228
Validating epoch 16 | loss: 0.51303 - accuracy: 0.80161
Training epoch 17 | loss: 0.41177 - accuracy: 0.90058
Validating epoch 17 | loss: 0.50564 - accuracy: 0.80275
Training epoch 18 | loss: 0.40127 - accuracy: 0.91012
Validating epoch 18 | loss: 0.51363 - accuracy: 0.79472
Training epoch 19 | loss: 0.39307 - accuracy: 0.91821
Validating epoch 19 | loss: 0.50447 - accuracy: 0.80963
Training epoch 20 | loss: 0.39322 - accuracy: 0.91806
Validating epoch 20 | loss: 0.5048 - accuracy: 0.80734
Training epoch 21 | loss: 0.40609 - accuracy: 0.90665
Validating epoch 21 | loss: 0.50945 - accuracy: 0.80161
Training epoch 22 | loss: 0.39922 - accuracy: 0.91431
Validating epoch 22 | loss: 0.50427 - accuracy: 0.80734
Training epoch 23 | loss: 0.39509 - accuracy: 0.9185
Validating epoch 23 | loss: 0.50165 - accuracy: 0.81307
Training epoch 24 | loss: 0.38853 - accuracy: 0.92355
Validating epoch 24 | loss: 0.49386 - accuracy: 0.8211
Training epoch 25 | loss: 0.39129 - accuracy: 0.92457
Validating epoch 25 | loss: 0.49278 - accuracy: 0.8211
Training epoch 26 | loss: 0.38315 - accuracy: 0.92847
Validating epoch 26 | loss: 0.49956 - accuracy: 0.81422
Training epoch 27 | loss: 0.39203 - accuracy: 0.91936
Validating epoch 27 | loss: 0.49026 - accuracy: 0.82225
Training epoch 28 | loss: 0.38476 - accuracy: 0.92688
Validating epoch 28 | loss: 0.49971 - accuracy: 0.81193
Training epoch 29 | loss: 0.3886 - accuracy: 0.92558
Validating epoch 29 | loss: 0.52264 - accuracy: 0.79014
Training epoch 30 | loss: 0.45735 - accuracy: 0.85029
Validating epoch 30 | loss: 0.50317 - accuracy: 0.80963
Training epoch 31 | loss: 0.40523 - accuracy: 0.90708
Validating epoch 31 | loss: 0.50292 - accuracy: 0.80849
Training epoch 32 | loss: 0.39067 - accuracy: 0.92269
Validating epoch 32 | loss: 0.48964 - accuracy: 0.82683
Training epoch 33 | loss: 0.38171 - accuracy: 0.93006
Validating epoch 33 | loss: 0.48973 - accuracy: 0.8211
Training epoch 34 | loss: 0.376 - accuracy: 0.9354
Validating epoch 34 | loss: 0.48747 - accuracy: 0.82569
Training epoch 35 | loss: 0.37389 - accuracy: 0.93815
Validating epoch 35 | loss: 0.49608 - accuracy: 0.81537
Training epoch 36 | loss: 0.36954 - accuracy: 0.94277
Validating epoch 36 | loss: 0.50082 - accuracy: 0.81078
Training epoch 37 | loss: 0.37271 - accuracy: 0.93916
Validating epoch 37 | loss: 0.50281 - accuracy: 0.80963
Training epoch 38 | loss: 0.36859 - accuracy: 0.94321
Validating epoch 38 | loss: 0.49166 - accuracy: 0.81995
Training epoch 39 | loss: 0.37081 - accuracy: 0.94364
Validating epoch 39 | loss: 0.49663 - accuracy: 0.81307
Training epoch 40 | loss: 0.36872 - accuracy: 0.94321
Validating epoch 40 | loss: 0.50542 - accuracy: 0.80849
Training epoch 41 | loss: 0.36956 - accuracy: 0.94292
Validating epoch 41 | loss: 0.50543 - accuracy: 0.80734
Training epoch 42 | loss: 0.37154 - accuracy: 0.93988
Validating epoch 42 | loss: 0.50045 - accuracy: 0.81307
Training epoch 43 | loss: 0.37818 - accuracy: 0.93295
Validating epoch 43 | loss: 0.51079 - accuracy: 0.80046
Training epoch 44 | loss: 0.36818 - accuracy: 0.94335
Validating epoch 44 | loss: 0.50001 - accuracy: 0.81078
Training epoch 45 | loss: 0.36684 - accuracy: 0.94783
Validating epoch 45 | loss: 0.5044 - accuracy: 0.80849
Training epoch 46 | loss: 0.37059 - accuracy: 0.94176
Validating epoch 46 | loss: 0.52914 - accuracy: 0.78096
Training epoch 47 | loss: 0.37107 - accuracy: 0.94133
Validating epoch 47 | loss: 0.50418 - accuracy: 0.80619
Training epoch 48 | loss: 0.36943 - accuracy: 0.94465
Validating epoch 48 | loss: 0.50459 - accuracy: 0.80505
Training epoch 49 | loss: 0.38226 - accuracy: 0.93223
Validating epoch 49 | loss: 0.51806 - accuracy: 0.79702
Training epoch 50 | loss: 0.37145 - accuracy: 0.94277
Validating epoch 50 | loss: 0.50834 - accuracy: 0.80505
Training epoch 51 | loss: 0.36387 - accuracy: 0.9487
Validating epoch 51 | loss: 0.49447 - accuracy: 0.81766
Training epoch 52 | loss: 0.37259 - accuracy: 0.94379
Validating epoch 52 | loss: 0.5073 - accuracy: 0.80505
Training epoch 53 | loss: 0.36459 - accuracy: 0.94783
Validating epoch 53 | loss: 0.51212 - accuracy: 0.80046
Training epoch 54 | loss: 0.36418 - accuracy: 0.94812
Validating epoch 54 | loss: 0.49991 - accuracy: 0.81193
Training epoch 55 | loss: 0.35957 - accuracy: 0.95303
Validating epoch 55 | loss: 0.49419 - accuracy: 0.81995
Training epoch 56 | loss: 0.36056 - accuracy: 0.95173
Validating epoch 56 | loss: 0.49915 - accuracy: 0.81078
Training epoch 57 | loss: 0.36166 - accuracy: 0.95087
Validating epoch 57 | loss: 0.50977 - accuracy: 0.80046
Training epoch 58 | loss: 0.35963 - accuracy: 0.95289
Validating epoch 58 | loss: 0.50935 - accuracy: 0.80161
Training epoch 59 | loss: 0.3625 - accuracy: 0.94986
Validating epoch 59 | loss: 0.49826 - accuracy: 0.81307
Training epoch 60 | loss: 0.36485 - accuracy: 0.94754
Validating epoch 60 | loss: 0.5142 - accuracy: 0.79817
Training epoch 61 | loss: 0.3633 - accuracy: 0.9487
Validating epoch 61 | loss: 0.49249 - accuracy: 0.8211
Training epoch 62 | loss: 0.36447 - accuracy: 0.94754
Validating epoch 62 | loss: 0.49348 - accuracy: 0.81995
Training epoch 63 | loss: 0.36643 - accuracy: 0.94566
Validating epoch 63 | loss: 0.5006 - accuracy: 0.81193
Training epoch 64 | loss: 0.37381 - accuracy: 0.93786
Validating epoch 64 | loss: 0.51643 - accuracy: 0.79587
Training epoch 65 | loss: 0.36553 - accuracy: 0.94682
Validating epoch 65 | loss: 0.50129 - accuracy: 0.81307
Training epoch 66 | loss: 0.36513 - accuracy: 0.94913
Validating epoch 66 | loss: 0.51443 - accuracy: 0.79702
Training epoch 67 | loss: 0.36162 - accuracy: 0.95275
Validating epoch 67 | loss: 0.50972 - accuracy: 0.80046
Training epoch 68 | loss: 0.35827 - accuracy: 0.95405
Validating epoch 68 | loss: 0.50189 - accuracy: 0.81078
Training epoch 69 | loss: 0.36196 - accuracy: 0.95058
Validating epoch 69 | loss: 0.50867 - accuracy: 0.80275
Training epoch 70 | loss: 0.36556 - accuracy: 0.9461
Validating epoch 70 | loss: 0.50561 - accuracy: 0.80849
Training epoch 71 | loss: 0.35811 - accuracy: 0.95419
Validating epoch 71 | loss: 0.50538 - accuracy: 0.80734
Training epoch 72 | loss: 0.3666 - accuracy: 0.94552
Validating epoch 72 | loss: 0.52336 - accuracy: 0.78784
Training epoch 73 | loss: 0.37275 - accuracy: 0.94003
Validating epoch 73 | loss: 0.522 - accuracy: 0.78899
Training epoch 74 | loss: 0.36733 - accuracy: 0.94422
Validating epoch 74 | loss: 0.50044 - accuracy: 0.81193
Training epoch 75 | loss: 0.36143 - accuracy: 0.95318
Validating epoch 75 | loss: 0.50827 - accuracy: 0.80161
Training epoch 76 | loss: 0.3886 - accuracy: 0.92225
Validating epoch 76 | loss: 0.50836 - accuracy: 0.8039
Training epoch 77 | loss: 0.36608 - accuracy: 0.94798
Validating epoch 77 | loss: 0.50012 - accuracy: 0.81193
Training epoch 78 | loss: 0.36316 - accuracy: 0.94899
Validating epoch 78 | loss: 0.52264 - accuracy: 0.79014
Training epoch 79 | loss: 0.36262 - accuracy: 0.95202
Validating epoch 79 | loss: 0.51541 - accuracy: 0.79817
Training epoch 80 | loss: 0.35541 - accuracy: 0.95708
Validating epoch 80 | loss: 0.50283 - accuracy: 0.81078
Training epoch 81 | loss: 0.35819 - accuracy: 0.95665
Validating epoch 81 | loss: 0.5107 - accuracy: 0.80161
Training epoch 82 | loss: 0.35612 - accuracy: 0.9565
Validating epoch 82 | loss: 0.49778 - accuracy: 0.81537
Training epoch 83 | loss: 0.35922 - accuracy: 0.95303
Validating epoch 83 | loss: 0.51172 - accuracy: 0.79817
Training epoch 84 | loss: 0.35657 - accuracy: 0.95564
Validating epoch 84 | loss: 0.49847 - accuracy: 0.81307
Training epoch 85 | loss: 0.35786 - accuracy: 0.95448
Validating epoch 85 | loss: 0.50325 - accuracy: 0.80963
Training epoch 86 | loss: 0.36271 - accuracy: 0.9539
Validating epoch 86 | loss: 0.51486 - accuracy: 0.79702
Training epoch 87 | loss: 0.35628 - accuracy: 0.95607
Validating epoch 87 | loss: 0.50766 - accuracy: 0.80734
Training epoch 88 | loss: 0.35443 - accuracy: 0.9578
Validating epoch 88 | loss: 0.50516 - accuracy: 0.80849
Training epoch 89 | loss: 0.3532 - accuracy: 0.95925
Validating epoch 89 | loss: 0.50608 - accuracy: 0.80619
Training epoch 90 | loss: 0.35281 - accuracy: 0.95954
Validating epoch 90 | loss: 0.5042 - accuracy: 0.80849
Training epoch 91 | loss: 0.35211 - accuracy: 0.96055
Validating epoch 91 | loss: 0.51347 - accuracy: 0.79702
Training epoch 92 | loss: 0.35693 - accuracy: 0.96012
Validating epoch 92 | loss: 0.50517 - accuracy: 0.80619
Training epoch 93 | loss: 0.35394 - accuracy: 0.96098
Validating epoch 93 | loss: 0.50427 - accuracy: 0.80734
Training epoch 94 | loss: 0.35716 - accuracy: 0.95766
Validating epoch 94 | loss: 0.50909 - accuracy: 0.80275
Training epoch 95 | loss: 0.35375 - accuracy: 0.95867
Validating epoch 95 | loss: 0.49468 - accuracy: 0.81881
Training epoch 96 | loss: 0.35599 - accuracy: 0.9565
Validating epoch 96 | loss: 0.49852 - accuracy: 0.81307
Training epoch 97 | loss: 0.36162 - accuracy: 0.95289
Validating epoch 97 | loss: 0.49577 - accuracy: 0.81766
Training epoch 98 | loss: 0.37571 - accuracy: 0.93613
Validating epoch 98 | loss: 0.52086 - accuracy: 0.79358
Training epoch 99 | loss: 0.37138 - accuracy: 0.9409
Validating epoch 99 | loss: 0.50411 - accuracy: 0.80734
Dataset is sst, undersample is True, aug mode is None, geo is 0.5, small_label is 1 small_prop is 0.5, balance_seed is 4
Training epoch 0 | loss: 0.68833 - accuracy: 0.58449
Validating epoch 0 | loss: 0.66507 - accuracy: 0.74427
Training epoch 1 | loss: 0.61519 - accuracy: 0.73518
Validating epoch 1 | loss: 0.54243 - accuracy: 0.77752
Training epoch 2 | loss: 0.54058 - accuracy: 0.77452
Validating epoch 2 | loss: 0.52704 - accuracy: 0.78211
Training epoch 3 | loss: 0.52081 - accuracy: 0.7892
Validating epoch 3 | loss: 0.50807 - accuracy: 0.80046
Training epoch 4 | loss: 0.50868 - accuracy: 0.80277
Validating epoch 4 | loss: 0.52205 - accuracy: 0.78326
Training epoch 5 | loss: 0.49869 - accuracy: 0.81247
Validating epoch 5 | loss: 0.52092 - accuracy: 0.78784
Training epoch 6 | loss: 0.47721 - accuracy: 0.82825
Validating epoch 6 | loss: 0.52802 - accuracy: 0.78096
Training epoch 7 | loss: 0.48198 - accuracy: 0.82992
Validating epoch 7 | loss: 0.51502 - accuracy: 0.79702
Training epoch 8 | loss: 0.463 - accuracy: 0.84321
Validating epoch 8 | loss: 0.53171 - accuracy: 0.78096
Training epoch 9 | loss: 0.46569 - accuracy: 0.84321
Validating epoch 9 | loss: 0.51741 - accuracy: 0.79472
Training epoch 10 | loss: 0.4533 - accuracy: 0.85762
Validating epoch 10 | loss: 0.51999 - accuracy: 0.78784
Training epoch 11 | loss: 0.45293 - accuracy: 0.85817
Validating epoch 11 | loss: 0.50662 - accuracy: 0.8039
Training epoch 12 | loss: 0.44253 - accuracy: 0.87091
Validating epoch 12 | loss: 0.52019 - accuracy: 0.79014
Training epoch 13 | loss: 0.43909 - accuracy: 0.87341
Validating epoch 13 | loss: 0.53754 - accuracy: 0.77294
Training epoch 14 | loss: 0.42882 - accuracy: 0.88172
Validating epoch 14 | loss: 0.52116 - accuracy: 0.78784
Training epoch 15 | loss: 0.42876 - accuracy: 0.88006
Validating epoch 15 | loss: 0.50865 - accuracy: 0.80046
Training epoch 16 | loss: 0.42628 - accuracy: 0.88753
Validating epoch 16 | loss: 0.52365 - accuracy: 0.7867
Training epoch 17 | loss: 0.4798 - accuracy: 0.82576
Validating epoch 17 | loss: 0.53018 - accuracy: 0.77982
Training epoch 18 | loss: 0.433 - accuracy: 0.87562
Validating epoch 18 | loss: 0.51867 - accuracy: 0.78784
Training epoch 19 | loss: 0.41861 - accuracy: 0.8928
Validating epoch 19 | loss: 0.51596 - accuracy: 0.79587
Training epoch 20 | loss: 0.41421 - accuracy: 0.89806
Validating epoch 20 | loss: 0.51395 - accuracy: 0.79358
Training epoch 21 | loss: 0.4145 - accuracy: 0.90194
Validating epoch 21 | loss: 0.51924 - accuracy: 0.79358
Training epoch 22 | loss: 0.42316 - accuracy: 0.8903
Validating epoch 22 | loss: 0.51193 - accuracy: 0.79931
Training epoch 23 | loss: 0.40017 - accuracy: 0.91219
Validating epoch 23 | loss: 0.50876 - accuracy: 0.80161
Training epoch 24 | loss: 0.39792 - accuracy: 0.91607
Validating epoch 24 | loss: 0.51308 - accuracy: 0.79702
Training epoch 25 | loss: 0.39871 - accuracy: 0.91551
Validating epoch 25 | loss: 0.51249 - accuracy: 0.79931
Training epoch 26 | loss: 0.39464 - accuracy: 0.92022
Validating epoch 26 | loss: 0.53225 - accuracy: 0.78211
Training epoch 27 | loss: 0.40796 - accuracy: 0.90332
Validating epoch 27 | loss: 0.53188 - accuracy: 0.77982
Training epoch 28 | loss: 0.40152 - accuracy: 0.91274
Validating epoch 28 | loss: 0.51121 - accuracy: 0.79587
Training epoch 29 | loss: 0.39222 - accuracy: 0.92327
Validating epoch 29 | loss: 0.54859 - accuracy: 0.76376
Training epoch 30 | loss: 0.39826 - accuracy: 0.91247
Validating epoch 30 | loss: 0.51818 - accuracy: 0.79472
Training epoch 31 | loss: 0.3933 - accuracy: 0.9205
Validating epoch 31 | loss: 0.52051 - accuracy: 0.79358
Training epoch 32 | loss: 0.38843 - accuracy: 0.92327
Validating epoch 32 | loss: 0.51741 - accuracy: 0.79358
Training epoch 33 | loss: 0.39878 - accuracy: 0.91163
Validating epoch 33 | loss: 0.50249 - accuracy: 0.80963
Training epoch 34 | loss: 0.39082 - accuracy: 0.92133
Validating epoch 34 | loss: 0.50393 - accuracy: 0.80963
Training epoch 35 | loss: 0.38688 - accuracy: 0.92798
Validating epoch 35 | loss: 0.5076 - accuracy: 0.80505
Training epoch 36 | loss: 0.41186 - accuracy: 0.9
Validating epoch 36 | loss: 0.5342 - accuracy: 0.77982
Training epoch 37 | loss: 0.40027 - accuracy: 0.91163
Validating epoch 37 | loss: 0.5069 - accuracy: 0.80849
Training epoch 38 | loss: 0.38504 - accuracy: 0.9277
Validating epoch 38 | loss: 0.50239 - accuracy: 0.80963
Training epoch 39 | loss: 0.38847 - accuracy: 0.92798
Validating epoch 39 | loss: 0.51653 - accuracy: 0.79358
Training epoch 40 | loss: 0.3985 - accuracy: 0.91191
Validating epoch 40 | loss: 0.51942 - accuracy: 0.79128
Training epoch 41 | loss: 0.4004 - accuracy: 0.90886
Validating epoch 41 | loss: 0.53125 - accuracy: 0.77638
Training epoch 42 | loss: 0.38545 - accuracy: 0.92715
Validating epoch 42 | loss: 0.51172 - accuracy: 0.79817
Training epoch 43 | loss: 0.38506 - accuracy: 0.9277
Validating epoch 43 | loss: 0.5178 - accuracy: 0.79587
Training epoch 44 | loss: 0.37967 - accuracy: 0.93075
Validating epoch 44 | loss: 0.51085 - accuracy: 0.80046
Training epoch 45 | loss: 0.38188 - accuracy: 0.92742
Validating epoch 45 | loss: 0.51017 - accuracy: 0.8039
Training epoch 46 | loss: 0.37962 - accuracy: 0.93435
Validating epoch 46 | loss: 0.5251 - accuracy: 0.78326
Training epoch 47 | loss: 0.37841 - accuracy: 0.9349
Validating epoch 47 | loss: 0.50928 - accuracy: 0.80275
Training epoch 48 | loss: 0.37208 - accuracy: 0.941
Validating epoch 48 | loss: 0.50986 - accuracy: 0.79931
Training epoch 49 | loss: 0.37471 - accuracy: 0.93712
Validating epoch 49 | loss: 0.51715 - accuracy: 0.79243
Training epoch 50 | loss: 0.37679 - accuracy: 0.93629
Validating epoch 50 | loss: 0.52501 - accuracy: 0.7867
Training epoch 51 | loss: 0.37459 - accuracy: 0.93767
Validating epoch 51 | loss: 0.51521 - accuracy: 0.79931
Training epoch 52 | loss: 0.37364 - accuracy: 0.93961
Validating epoch 52 | loss: 0.51668 - accuracy: 0.79702
Training epoch 53 | loss: 0.37596 - accuracy: 0.93657
Validating epoch 53 | loss: 0.50368 - accuracy: 0.80734
Training epoch 54 | loss: 0.37152 - accuracy: 0.94349
Validating epoch 54 | loss: 0.50676 - accuracy: 0.80619
Training epoch 55 | loss: 0.37043 - accuracy: 0.94294
Validating epoch 55 | loss: 0.51013 - accuracy: 0.80275
Training epoch 56 | loss: 0.36938 - accuracy: 0.94294
Validating epoch 56 | loss: 0.52571 - accuracy: 0.78784
Training epoch 57 | loss: 0.37676 - accuracy: 0.9349
Validating epoch 57 | loss: 0.5411 - accuracy: 0.77179
Training epoch 58 | loss: 0.37893 - accuracy: 0.93186
Validating epoch 58 | loss: 0.51012 - accuracy: 0.80275
Training epoch 59 | loss: 0.3702 - accuracy: 0.94349
Validating epoch 59 | loss: 0.52359 - accuracy: 0.79243
Training epoch 60 | loss: 0.37083 - accuracy: 0.94377
Validating epoch 60 | loss: 0.51121 - accuracy: 0.79931
Training epoch 61 | loss: 0.36993 - accuracy: 0.94377
Validating epoch 61 | loss: 0.52844 - accuracy: 0.78326
Training epoch 62 | loss: 0.3662 - accuracy: 0.94681
Validating epoch 62 | loss: 0.51151 - accuracy: 0.80046
Training epoch 63 | loss: 0.36582 - accuracy: 0.94792
Validating epoch 63 | loss: 0.51343 - accuracy: 0.79931
Training epoch 64 | loss: 0.36349 - accuracy: 0.94848
Validating epoch 64 | loss: 0.51295 - accuracy: 0.80046
Training epoch 65 | loss: 0.38306 - accuracy: 0.93241
Validating epoch 65 | loss: 0.56198 - accuracy: 0.75115
Training epoch 66 | loss: 0.41463 - accuracy: 0.89695
Validating epoch 66 | loss: 0.52077 - accuracy: 0.79243
Training epoch 67 | loss: 0.39496 - accuracy: 0.91607
Validating epoch 67 | loss: 0.51818 - accuracy: 0.79472
Training epoch 68 | loss: 0.37348 - accuracy: 0.9385
Validating epoch 68 | loss: 0.51716 - accuracy: 0.79358
Training epoch 69 | loss: 0.36866 - accuracy: 0.94488
Validating epoch 69 | loss: 0.51043 - accuracy: 0.80275
Training epoch 70 | loss: 0.37173 - accuracy: 0.94072
Validating epoch 70 | loss: 0.51766 - accuracy: 0.79472
Training epoch 71 | loss: 0.37149 - accuracy: 0.94488
Validating epoch 71 | loss: 0.51783 - accuracy: 0.79587
Training epoch 72 | loss: 0.38575 - accuracy: 0.92881
Validating epoch 72 | loss: 0.52565 - accuracy: 0.78555
Training epoch 73 | loss: 0.37111 - accuracy: 0.94044
Validating epoch 73 | loss: 0.50409 - accuracy: 0.80619
Training epoch 74 | loss: 0.36867 - accuracy: 0.94321
Validating epoch 74 | loss: 0.50699 - accuracy: 0.80619
Training epoch 75 | loss: 0.37018 - accuracy: 0.94155
Validating epoch 75 | loss: 0.52985 - accuracy: 0.78096
Training epoch 76 | loss: 0.3718 - accuracy: 0.94211
Validating epoch 76 | loss: 0.51854 - accuracy: 0.79587
Training epoch 77 | loss: 0.37084 - accuracy: 0.941
Validating epoch 77 | loss: 0.52264 - accuracy: 0.79014
Training epoch 78 | loss: 0.36579 - accuracy: 0.9482
Validating epoch 78 | loss: 0.51834 - accuracy: 0.79243
Training epoch 79 | loss: 0.36484 - accuracy: 0.95014
Validating epoch 79 | loss: 0.5258 - accuracy: 0.7867
Training epoch 80 | loss: 0.36338 - accuracy: 0.95125
Validating epoch 80 | loss: 0.52461 - accuracy: 0.7844
Training epoch 81 | loss: 0.36439 - accuracy: 0.9518
Validating epoch 81 | loss: 0.52467 - accuracy: 0.78899
Training epoch 82 | loss: 0.36124 - accuracy: 0.95208
Validating epoch 82 | loss: 0.52255 - accuracy: 0.78899
Training epoch 83 | loss: 0.36259 - accuracy: 0.95125
Validating epoch 83 | loss: 0.52539 - accuracy: 0.7844
Training epoch 84 | loss: 0.35919 - accuracy: 0.95291
Validating epoch 84 | loss: 0.52391 - accuracy: 0.78784
Training epoch 85 | loss: 0.35894 - accuracy: 0.95319
Validating epoch 85 | loss: 0.51873 - accuracy: 0.79128
Training epoch 86 | loss: 0.35998 - accuracy: 0.95319
Validating epoch 86 | loss: 0.52249 - accuracy: 0.7867
Training epoch 87 | loss: 0.35888 - accuracy: 0.95319
Validating epoch 87 | loss: 0.52228 - accuracy: 0.78555
Training epoch 88 | loss: 0.36116 - accuracy: 0.95291
Validating epoch 88 | loss: 0.51803 - accuracy: 0.79358
Training epoch 89 | loss: 0.3617 - accuracy: 0.95125
Validating epoch 89 | loss: 0.52118 - accuracy: 0.79243
Training epoch 90 | loss: 0.36031 - accuracy: 0.9518
Validating epoch 90 | loss: 0.52194 - accuracy: 0.79243
Training epoch 91 | loss: 0.36641 - accuracy: 0.95014
Validating epoch 91 | loss: 0.52656 - accuracy: 0.7867
Training epoch 92 | loss: 0.36754 - accuracy: 0.94321
Validating epoch 92 | loss: 0.53114 - accuracy: 0.78211
Training epoch 93 | loss: 0.36325 - accuracy: 0.94848
Validating epoch 93 | loss: 0.52283 - accuracy: 0.79014
Training epoch 94 | loss: 0.36518 - accuracy: 0.9482
Validating epoch 94 | loss: 0.53454 - accuracy: 0.77867
Training epoch 95 | loss: 0.38682 - accuracy: 0.92465
Validating epoch 95 | loss: 0.523 - accuracy: 0.79014
Training epoch 96 | loss: 0.38857 - accuracy: 0.92327
Validating epoch 96 | loss: 0.50697 - accuracy: 0.80734
Training epoch 97 | loss: 0.37958 - accuracy: 0.93241
Validating epoch 97 | loss: 0.50699 - accuracy: 0.8039
Training epoch 98 | loss: 0.37914 - accuracy: 0.93352
Validating epoch 98 | loss: 0.5102 - accuracy: 0.80046
Training epoch 99 | loss: 0.37011 - accuracy: 0.94515
Validating epoch 99 | loss: 0.50235 - accuracy: 0.81307
Dataset is sst, undersample is False, aug mode is trans, geo is 0.3, small_label is 1 small_prop is 0.5, balance_seed is 4
Training epoch 0 | loss: 0.66027 - accuracy: 0.59436
Validating epoch 0 | loss: 0.58698 - accuracy: 0.7156
Training epoch 1 | loss: 0.54109 - accuracy: 0.76503
Validating epoch 1 | loss: 0.53356 - accuracy: 0.76835
Training epoch 2 | loss: 0.53506 - accuracy: 0.76445
Validating epoch 2 | loss: 0.51993 - accuracy: 0.7867
Training epoch 3 | loss: 0.50316 - accuracy: 0.80405
Validating epoch 3 | loss: 0.52353 - accuracy: 0.78211
Training epoch 4 | loss: 0.49053 - accuracy: 0.81358
Validating epoch 4 | loss: 0.51789 - accuracy: 0.78555
Training epoch 5 | loss: 0.48884 - accuracy: 0.81936
Validating epoch 5 | loss: 0.51196 - accuracy: 0.79817
Training epoch 6 | loss: 0.48015 - accuracy: 0.82384
Validating epoch 6 | loss: 0.5099 - accuracy: 0.78899
Training epoch 7 | loss: 0.46962 - accuracy: 0.83714
Validating epoch 7 | loss: 0.50517 - accuracy: 0.80161
Training epoch 8 | loss: 0.47129 - accuracy: 0.83772
Validating epoch 8 | loss: 0.51048 - accuracy: 0.79243
Training epoch 9 | loss: 0.46292 - accuracy: 0.84249
Validating epoch 9 | loss: 0.512 - accuracy: 0.79243
Training epoch 10 | loss: 0.46439 - accuracy: 0.84263
Validating epoch 10 | loss: 0.5126 - accuracy: 0.79702
Training epoch 11 | loss: 0.46168 - accuracy: 0.85246
Validating epoch 11 | loss: 0.50318 - accuracy: 0.79817
Training epoch 12 | loss: 0.4427 - accuracy: 0.86893
Validating epoch 12 | loss: 0.5003 - accuracy: 0.80734
Training epoch 13 | loss: 0.44422 - accuracy: 0.86676
Validating epoch 13 | loss: 0.51068 - accuracy: 0.79243
Training epoch 14 | loss: 0.44042 - accuracy: 0.86893
Validating epoch 14 | loss: 0.5108 - accuracy: 0.79243
Training epoch 15 | loss: 0.42911 - accuracy: 0.87861
Validating epoch 15 | loss: 0.51504 - accuracy: 0.7867
Training epoch 16 | loss: 0.42527 - accuracy: 0.88772
Validating epoch 16 | loss: 0.50916 - accuracy: 0.80046
Training epoch 17 | loss: 0.43682 - accuracy: 0.87225
Validating epoch 17 | loss: 0.49406 - accuracy: 0.81422
Training epoch 18 | loss: 0.41779 - accuracy: 0.89321
Validating epoch 18 | loss: 0.5013 - accuracy: 0.81193
Training epoch 19 | loss: 0.42773 - accuracy: 0.88223
Validating epoch 19 | loss: 0.49935 - accuracy: 0.80963
Training epoch 20 | loss: 0.40591 - accuracy: 0.90462
Validating epoch 20 | loss: 0.51369 - accuracy: 0.7867
Training epoch 21 | loss: 0.41802 - accuracy: 0.89277
Validating epoch 21 | loss: 0.49328 - accuracy: 0.81766
Training epoch 22 | loss: 0.40627 - accuracy: 0.90289
Validating epoch 22 | loss: 0.49587 - accuracy: 0.81537
Training epoch 23 | loss: 0.4048 - accuracy: 0.90462
Validating epoch 23 | loss: 0.49823 - accuracy: 0.80963
Training epoch 24 | loss: 0.39626 - accuracy: 0.91618
Validating epoch 24 | loss: 0.496 - accuracy: 0.81078
Training epoch 25 | loss: 0.39928 - accuracy: 0.91026
Validating epoch 25 | loss: 0.49552 - accuracy: 0.81307
Training epoch 26 | loss: 0.3967 - accuracy: 0.9146
Validating epoch 26 | loss: 0.48496 - accuracy: 0.82798
Training epoch 27 | loss: 0.3909 - accuracy: 0.92081
Validating epoch 27 | loss: 0.49338 - accuracy: 0.81537
Training epoch 28 | loss: 0.39549 - accuracy: 0.91647
Validating epoch 28 | loss: 0.51616 - accuracy: 0.79587
Training epoch 29 | loss: 0.39414 - accuracy: 0.92038
Validating epoch 29 | loss: 0.51284 - accuracy: 0.79817
Training epoch 30 | loss: 0.395 - accuracy: 0.91691
Validating epoch 30 | loss: 0.49562 - accuracy: 0.81193
Training epoch 31 | loss: 0.38641 - accuracy: 0.92355
Validating epoch 31 | loss: 0.50139 - accuracy: 0.80734
Training epoch 32 | loss: 0.38727 - accuracy: 0.92587
Validating epoch 32 | loss: 0.50567 - accuracy: 0.80619
Training epoch 33 | loss: 0.38691 - accuracy: 0.92832
Validating epoch 33 | loss: 0.52584 - accuracy: 0.78096
Training epoch 34 | loss: 0.38231 - accuracy: 0.93121
Validating epoch 34 | loss: 0.51988 - accuracy: 0.78899
Training epoch 35 | loss: 0.38054 - accuracy: 0.93136
Validating epoch 35 | loss: 0.51009 - accuracy: 0.80161
Training epoch 36 | loss: 0.38518 - accuracy: 0.92572
Validating epoch 36 | loss: 0.50423 - accuracy: 0.80849
Training epoch 37 | loss: 0.37412 - accuracy: 0.93801
Validating epoch 37 | loss: 0.51551 - accuracy: 0.79472
Training epoch 38 | loss: 0.37444 - accuracy: 0.94104
Validating epoch 38 | loss: 0.4968 - accuracy: 0.81422
Training epoch 39 | loss: 0.37735 - accuracy: 0.93656
Validating epoch 39 | loss: 0.4974 - accuracy: 0.81307
Training epoch 40 | loss: 0.38877 - accuracy: 0.92182
Validating epoch 40 | loss: 0.50348 - accuracy: 0.80734
Training epoch 41 | loss: 0.37791 - accuracy: 0.93367
Validating epoch 41 | loss: 0.54093 - accuracy: 0.76376
Training epoch 42 | loss: 0.40153 - accuracy: 0.90809
Validating epoch 42 | loss: 0.49791 - accuracy: 0.81307
Training epoch 43 | loss: 0.37205 - accuracy: 0.93931
Validating epoch 43 | loss: 0.51167 - accuracy: 0.79702
Training epoch 44 | loss: 0.37051 - accuracy: 0.94162
Validating epoch 44 | loss: 0.50377 - accuracy: 0.80734
Training epoch 45 | loss: 0.36706 - accuracy: 0.94465
Validating epoch 45 | loss: 0.51135 - accuracy: 0.79931
Training epoch 46 | loss: 0.37237 - accuracy: 0.94162
Validating epoch 46 | loss: 0.51975 - accuracy: 0.79128
Training epoch 47 | loss: 0.37371 - accuracy: 0.93728
Validating epoch 47 | loss: 0.51445 - accuracy: 0.79817
Training epoch 48 | loss: 0.37287 - accuracy: 0.9396
Validating epoch 48 | loss: 0.50617 - accuracy: 0.80849
Training epoch 49 | loss: 0.36609 - accuracy: 0.94523
Validating epoch 49 | loss: 0.51028 - accuracy: 0.80161
Training epoch 50 | loss: 0.37219 - accuracy: 0.94176
Validating epoch 50 | loss: 0.5073 - accuracy: 0.8039
Training epoch 51 | loss: 0.36667 - accuracy: 0.94624
Validating epoch 51 | loss: 0.49952 - accuracy: 0.81307
Training epoch 52 | loss: 0.36862 - accuracy: 0.94364
Validating epoch 52 | loss: 0.51038 - accuracy: 0.8039
Training epoch 53 | loss: 0.3645 - accuracy: 0.9474
Validating epoch 53 | loss: 0.5182 - accuracy: 0.79358
Training epoch 54 | loss: 0.35912 - accuracy: 0.95318
Validating epoch 54 | loss: 0.51022 - accuracy: 0.80275
Training epoch 55 | loss: 0.36163 - accuracy: 0.95101
Validating epoch 55 | loss: 0.5095 - accuracy: 0.79931
Training epoch 56 | loss: 0.36532 - accuracy: 0.9461
Validating epoch 56 | loss: 0.50754 - accuracy: 0.80275
Training epoch 57 | loss: 0.35969 - accuracy: 0.95188
Validating epoch 57 | loss: 0.51008 - accuracy: 0.80275
Training epoch 58 | loss: 0.36025 - accuracy: 0.95188
Validating epoch 58 | loss: 0.5064 - accuracy: 0.8039
Training epoch 59 | loss: 0.381 - accuracy: 0.93064
Validating epoch 59 | loss: 0.52812 - accuracy: 0.78211
Training epoch 60 | loss: 0.40286 - accuracy: 0.90809
Validating epoch 60 | loss: 0.50725 - accuracy: 0.80161
Training epoch 61 | loss: 0.36977 - accuracy: 0.94379
Validating epoch 61 | loss: 0.50763 - accuracy: 0.80505
Training epoch 62 | loss: 0.36206 - accuracy: 0.95058
Validating epoch 62 | loss: 0.50902 - accuracy: 0.80161
Training epoch 63 | loss: 0.36093 - accuracy: 0.95058
Validating epoch 63 | loss: 0.50711 - accuracy: 0.8039
Training epoch 64 | loss: 0.36599 - accuracy: 0.94855
Validating epoch 64 | loss: 0.51667 - accuracy: 0.79472
Training epoch 65 | loss: 0.36284 - accuracy: 0.95116
Validating epoch 65 | loss: 0.51075 - accuracy: 0.79931
Training epoch 66 | loss: 0.36074 - accuracy: 0.95318
Validating epoch 66 | loss: 0.51256 - accuracy: 0.79931
Training epoch 67 | loss: 0.3619 - accuracy: 0.95405
Validating epoch 67 | loss: 0.5055 - accuracy: 0.8039
Training epoch 68 | loss: 0.35708 - accuracy: 0.95751
Validating epoch 68 | loss: 0.5092 - accuracy: 0.80619
Training epoch 69 | loss: 0.35766 - accuracy: 0.9539
Validating epoch 69 | loss: 0.51195 - accuracy: 0.80046
Training epoch 70 | loss: 0.35353 - accuracy: 0.95882
Validating epoch 70 | loss: 0.50245 - accuracy: 0.80734
Training epoch 71 | loss: 0.35905 - accuracy: 0.9539
Validating epoch 71 | loss: 0.50793 - accuracy: 0.80046
Training epoch 72 | loss: 0.37453 - accuracy: 0.93627
Validating epoch 72 | loss: 0.49372 - accuracy: 0.81537
Training epoch 73 | loss: 0.36002 - accuracy: 0.95188
Validating epoch 73 | loss: 0.50078 - accuracy: 0.81078
Training epoch 74 | loss: 0.36415 - accuracy: 0.94971
Validating epoch 74 | loss: 0.5181 - accuracy: 0.79243
Training epoch 75 | loss: 0.35854 - accuracy: 0.95361
Validating epoch 75 | loss: 0.52572 - accuracy: 0.78326
Training epoch 76 | loss: 0.36203 - accuracy: 0.95217
Validating epoch 76 | loss: 0.51108 - accuracy: 0.79817
Training epoch 77 | loss: 0.35656 - accuracy: 0.95954
Validating epoch 77 | loss: 0.50104 - accuracy: 0.81078
Training epoch 78 | loss: 0.35421 - accuracy: 0.95795
Validating epoch 78 | loss: 0.49669 - accuracy: 0.81307
Training epoch 79 | loss: 0.3503 - accuracy: 0.96228
Validating epoch 79 | loss: 0.49552 - accuracy: 0.81537
Training epoch 80 | loss: 0.34891 - accuracy: 0.96358
Validating epoch 80 | loss: 0.51841 - accuracy: 0.79243
Training epoch 81 | loss: 0.34682 - accuracy: 0.96561
Validating epoch 81 | loss: 0.5275 - accuracy: 0.78211
Training epoch 82 | loss: 0.35121 - accuracy: 0.96084
Validating epoch 82 | loss: 0.5162 - accuracy: 0.79358
Training epoch 83 | loss: 0.36535 - accuracy: 0.94827
Validating epoch 83 | loss: 0.51554 - accuracy: 0.79243
Training epoch 84 | loss: 0.35693 - accuracy: 0.95694
Validating epoch 84 | loss: 0.51282 - accuracy: 0.79931
Training epoch 85 | loss: 0.35593 - accuracy: 0.95578
Validating epoch 85 | loss: 0.49304 - accuracy: 0.81537
Training epoch 86 | loss: 0.35031 - accuracy: 0.96199
Validating epoch 86 | loss: 0.50731 - accuracy: 0.8039
Training epoch 87 | loss: 0.34743 - accuracy: 0.96503
Validating epoch 87 | loss: 0.52518 - accuracy: 0.78555
Training epoch 88 | loss: 0.35196 - accuracy: 0.95983
Validating epoch 88 | loss: 0.52488 - accuracy: 0.78899
Training epoch 89 | loss: 0.35258 - accuracy: 0.95983
Validating epoch 89 | loss: 0.51655 - accuracy: 0.79702
Training epoch 90 | loss: 0.34923 - accuracy: 0.96286
Validating epoch 90 | loss: 0.4973 - accuracy: 0.81307
Training epoch 91 | loss: 0.35255 - accuracy: 0.96214
Validating epoch 91 | loss: 0.4964 - accuracy: 0.81651
Training epoch 92 | loss: 0.35104 - accuracy: 0.96373
Validating epoch 92 | loss: 0.49324 - accuracy: 0.81766
Training epoch 93 | loss: 0.34944 - accuracy: 0.96199
Validating epoch 93 | loss: 0.49694 - accuracy: 0.81422
Training epoch 94 | loss: 0.34723 - accuracy: 0.96532
Validating epoch 94 | loss: 0.49895 - accuracy: 0.81307
Training epoch 95 | loss: 0.35024 - accuracy: 0.96199
Validating epoch 95 | loss: 0.49983 - accuracy: 0.81078
Training epoch 96 | loss: 0.34748 - accuracy: 0.96532
Validating epoch 96 | loss: 0.48924 - accuracy: 0.82225
Training epoch 97 | loss: 0.35531 - accuracy: 0.95621
Validating epoch 97 | loss: 0.49934 - accuracy: 0.81193
Training epoch 98 | loss: 0.34829 - accuracy: 0.96431
Validating epoch 98 | loss: 0.49717 - accuracy: 0.81422
Training epoch 99 | loss: 0.34789 - accuracy: 0.96445
Validating epoch 99 | loss: 0.54189 - accuracy: 0.7695
Dataset is sst, undersample is False, aug mode is trans, geo is 0.4, small_label is 1 small_prop is 0.5, balance_seed is 4
Training epoch 0 | loss: 0.66633 - accuracy: 0.58512
Validating epoch 0 | loss: 0.56553 - accuracy: 0.77982
Training epoch 1 | loss: 0.55873 - accuracy: 0.75145
Validating epoch 1 | loss: 0.53038 - accuracy: 0.77638
Training epoch 2 | loss: 0.51961 - accuracy: 0.78569
Validating epoch 2 | loss: 0.51581 - accuracy: 0.79014
Training epoch 3 | loss: 0.50807 - accuracy: 0.79942
Validating epoch 3 | loss: 0.52883 - accuracy: 0.77982
Training epoch 4 | loss: 0.50165 - accuracy: 0.80405
Validating epoch 4 | loss: 0.52792 - accuracy: 0.77752
Training epoch 5 | loss: 0.48712 - accuracy: 0.8211
Validating epoch 5 | loss: 0.50194 - accuracy: 0.80849
Training epoch 6 | loss: 0.48369 - accuracy: 0.8289
Validating epoch 6 | loss: 0.50345 - accuracy: 0.80161
Training epoch 7 | loss: 0.47474 - accuracy: 0.82948
Validating epoch 7 | loss: 0.50825 - accuracy: 0.80161
Training epoch 8 | loss: 0.46828 - accuracy: 0.84046
Validating epoch 8 | loss: 0.50143 - accuracy: 0.81078
Training epoch 9 | loss: 0.45182 - accuracy: 0.8552
Validating epoch 9 | loss: 0.50083 - accuracy: 0.80849
Training epoch 10 | loss: 0.4519 - accuracy: 0.85549
Validating epoch 10 | loss: 0.50726 - accuracy: 0.79702
Training epoch 11 | loss: 0.44646 - accuracy: 0.86445
Validating epoch 11 | loss: 0.51463 - accuracy: 0.78784
Training epoch 12 | loss: 0.44939 - accuracy: 0.86199
Validating epoch 12 | loss: 0.50508 - accuracy: 0.80046
Training epoch 13 | loss: 0.43938 - accuracy: 0.8685
Validating epoch 13 | loss: 0.50304 - accuracy: 0.80275
Training epoch 14 | loss: 0.43133 - accuracy: 0.87717
Validating epoch 14 | loss: 0.49476 - accuracy: 0.81537
Training epoch 15 | loss: 0.42419 - accuracy: 0.88873
Validating epoch 15 | loss: 0.50177 - accuracy: 0.81307
Training epoch 16 | loss: 0.42199 - accuracy: 0.88772
Validating epoch 16 | loss: 0.49587 - accuracy: 0.81307
Training epoch 17 | loss: 0.42997 - accuracy: 0.88078
Validating epoch 17 | loss: 0.48904 - accuracy: 0.81766
Training epoch 18 | loss: 0.41292 - accuracy: 0.89754
Validating epoch 18 | loss: 0.51433 - accuracy: 0.79587
Training epoch 19 | loss: 0.44801 - accuracy: 0.86055
Validating epoch 19 | loss: 0.50369 - accuracy: 0.80619
Training epoch 20 | loss: 0.41898 - accuracy: 0.89277
Validating epoch 20 | loss: 0.51463 - accuracy: 0.79128
Training epoch 21 | loss: 0.41806 - accuracy: 0.89263
Validating epoch 21 | loss: 0.5122 - accuracy: 0.79587
Training epoch 22 | loss: 0.40788 - accuracy: 0.9065
Validating epoch 22 | loss: 0.50295 - accuracy: 0.80734
Training epoch 23 | loss: 0.39339 - accuracy: 0.91734
Validating epoch 23 | loss: 0.49938 - accuracy: 0.80963
Training epoch 24 | loss: 0.39682 - accuracy: 0.91488
Validating epoch 24 | loss: 0.50302 - accuracy: 0.80505
Training epoch 25 | loss: 0.39965 - accuracy: 0.91171
Validating epoch 25 | loss: 0.51715 - accuracy: 0.79243
Training epoch 26 | loss: 0.3968 - accuracy: 0.91344
Validating epoch 26 | loss: 0.50422 - accuracy: 0.80734
Training epoch 27 | loss: 0.3998 - accuracy: 0.91098
Validating epoch 27 | loss: 0.50559 - accuracy: 0.8039
Training epoch 28 | loss: 0.39859 - accuracy: 0.91344
Validating epoch 28 | loss: 0.50825 - accuracy: 0.80046
Training epoch 29 | loss: 0.39239 - accuracy: 0.9172
Validating epoch 29 | loss: 0.51086 - accuracy: 0.80046
Training epoch 30 | loss: 0.38382 - accuracy: 0.93049
Validating epoch 30 | loss: 0.50417 - accuracy: 0.8039
Training epoch 31 | loss: 0.38249 - accuracy: 0.92919
Validating epoch 31 | loss: 0.51577 - accuracy: 0.79472
Training epoch 32 | loss: 0.38307 - accuracy: 0.92948
Validating epoch 32 | loss: 0.50736 - accuracy: 0.80046
Training epoch 33 | loss: 0.37794 - accuracy: 0.93324
Validating epoch 33 | loss: 0.5095 - accuracy: 0.80275
Training epoch 34 | loss: 0.37881 - accuracy: 0.9328
Validating epoch 34 | loss: 0.51174 - accuracy: 0.79702
Training epoch 35 | loss: 0.37421 - accuracy: 0.93902
Validating epoch 35 | loss: 0.51918 - accuracy: 0.79243
Training epoch 36 | loss: 0.37829 - accuracy: 0.93873
Validating epoch 36 | loss: 0.51273 - accuracy: 0.79817
Training epoch 37 | loss: 0.3778 - accuracy: 0.93425
Validating epoch 37 | loss: 0.51242 - accuracy: 0.79702
Training epoch 38 | loss: 0.39068 - accuracy: 0.92283
Validating epoch 38 | loss: 0.51395 - accuracy: 0.79931
Training epoch 39 | loss: 0.38134 - accuracy: 0.93006
Validating epoch 39 | loss: 0.5152 - accuracy: 0.79702
Training epoch 40 | loss: 0.40477 - accuracy: 0.9065
Validating epoch 40 | loss: 0.51375 - accuracy: 0.79358
Training epoch 41 | loss: 0.37865 - accuracy: 0.9328
Validating epoch 41 | loss: 0.50251 - accuracy: 0.81078
Training epoch 42 | loss: 0.37477 - accuracy: 0.93931
Validating epoch 42 | loss: 0.51265 - accuracy: 0.79702
Training epoch 43 | loss: 0.37628 - accuracy: 0.93728
Validating epoch 43 | loss: 0.51922 - accuracy: 0.78899
Training epoch 44 | loss: 0.3898 - accuracy: 0.92038
Validating epoch 44 | loss: 0.51313 - accuracy: 0.79587
Training epoch 45 | loss: 0.37558 - accuracy: 0.93526
Validating epoch 45 | loss: 0.50782 - accuracy: 0.80161
Training epoch 46 | loss: 0.36858 - accuracy: 0.94321
Validating epoch 46 | loss: 0.5087 - accuracy: 0.80161
Training epoch 47 | loss: 0.37592 - accuracy: 0.93598
Validating epoch 47 | loss: 0.51452 - accuracy: 0.79587
Training epoch 48 | loss: 0.36881 - accuracy: 0.94277
Validating epoch 48 | loss: 0.51652 - accuracy: 0.79128
Training epoch 49 | loss: 0.36539 - accuracy: 0.94653
Validating epoch 49 | loss: 0.51939 - accuracy: 0.78784
Training epoch 50 | loss: 0.36238 - accuracy: 0.94957
Validating epoch 50 | loss: 0.5172 - accuracy: 0.79243
Training epoch 51 | loss: 0.36608 - accuracy: 0.94538
Validating epoch 51 | loss: 0.52083 - accuracy: 0.79472
Training epoch 52 | loss: 0.37084 - accuracy: 0.94104
Validating epoch 52 | loss: 0.51028 - accuracy: 0.8039
Training epoch 53 | loss: 0.37528 - accuracy: 0.93569
Validating epoch 53 | loss: 0.50587 - accuracy: 0.80505
Training epoch 54 | loss: 0.3672 - accuracy: 0.9448
Validating epoch 54 | loss: 0.51724 - accuracy: 0.79472
Training epoch 55 | loss: 0.37917 - accuracy: 0.93309
Validating epoch 55 | loss: 0.51378 - accuracy: 0.79817
Training epoch 56 | loss: 0.36397 - accuracy: 0.94855
Validating epoch 56 | loss: 0.51488 - accuracy: 0.79702
Training epoch 57 | loss: 0.36015 - accuracy: 0.95217
Validating epoch 57 | loss: 0.5243 - accuracy: 0.7867
Training epoch 58 | loss: 0.36669 - accuracy: 0.94494
Validating epoch 58 | loss: 0.51606 - accuracy: 0.79702
Training epoch 59 | loss: 0.363 - accuracy: 0.94855
Validating epoch 59 | loss: 0.5231 - accuracy: 0.7867
Training epoch 60 | loss: 0.3617 - accuracy: 0.95231
Validating epoch 60 | loss: 0.51444 - accuracy: 0.79702
Training epoch 61 | loss: 0.36574 - accuracy: 0.94653
Validating epoch 61 | loss: 0.52028 - accuracy: 0.79014
Training epoch 62 | loss: 0.36549 - accuracy: 0.94855
Validating epoch 62 | loss: 0.50473 - accuracy: 0.80734
Training epoch 63 | loss: 0.35908 - accuracy: 0.95318
Validating epoch 63 | loss: 0.5147 - accuracy: 0.80046
Training epoch 64 | loss: 0.3883 - accuracy: 0.92457
Validating epoch 64 | loss: 0.51946 - accuracy: 0.79358
Training epoch 65 | loss: 0.36927 - accuracy: 0.94147
Validating epoch 65 | loss: 0.51306 - accuracy: 0.79587
Training epoch 66 | loss: 0.36019 - accuracy: 0.95405
Validating epoch 66 | loss: 0.51587 - accuracy: 0.79587
Training epoch 67 | loss: 0.3611 - accuracy: 0.95072
Validating epoch 67 | loss: 0.52429 - accuracy: 0.7867
Training epoch 68 | loss: 0.3622 - accuracy: 0.95188
Validating epoch 68 | loss: 0.52124 - accuracy: 0.78784
Training epoch 69 | loss: 0.35512 - accuracy: 0.95795
Validating epoch 69 | loss: 0.52157 - accuracy: 0.79243
Training epoch 70 | loss: 0.35716 - accuracy: 0.95477
Validating epoch 70 | loss: 0.5246 - accuracy: 0.78784
Training epoch 71 | loss: 0.35607 - accuracy: 0.95592
Validating epoch 71 | loss: 0.51699 - accuracy: 0.79587
Training epoch 72 | loss: 0.36251 - accuracy: 0.95087
Validating epoch 72 | loss: 0.51991 - accuracy: 0.79472
Training epoch 73 | loss: 0.38505 - accuracy: 0.92558
Validating epoch 73 | loss: 0.50995 - accuracy: 0.80046
Training epoch 74 | loss: 0.35936 - accuracy: 0.95173
Validating epoch 74 | loss: 0.51672 - accuracy: 0.79243
Training epoch 75 | loss: 0.35712 - accuracy: 0.95448
Validating epoch 75 | loss: 0.51566 - accuracy: 0.79587
Training epoch 76 | loss: 0.36044 - accuracy: 0.9539
Validating epoch 76 | loss: 0.52144 - accuracy: 0.79128
Training epoch 77 | loss: 0.3524 - accuracy: 0.95983
Validating epoch 77 | loss: 0.51366 - accuracy: 0.79702
Training epoch 78 | loss: 0.35822 - accuracy: 0.95838
Validating epoch 78 | loss: 0.52073 - accuracy: 0.79128
Training epoch 79 | loss: 0.35713 - accuracy: 0.95477
Validating epoch 79 | loss: 0.50918 - accuracy: 0.80275
Training epoch 80 | loss: 0.35207 - accuracy: 0.96012
Validating epoch 80 | loss: 0.51731 - accuracy: 0.79472
Training epoch 81 | loss: 0.35424 - accuracy: 0.95983
Validating epoch 81 | loss: 0.51335 - accuracy: 0.79702
Training epoch 82 | loss: 0.35988 - accuracy: 0.95217
Validating epoch 82 | loss: 0.50702 - accuracy: 0.80734
Training epoch 83 | loss: 0.3562 - accuracy: 0.95592
Validating epoch 83 | loss: 0.50398 - accuracy: 0.80619
Training epoch 84 | loss: 0.35122 - accuracy: 0.96344
Validating epoch 84 | loss: 0.50285 - accuracy: 0.80849
Training epoch 85 | loss: 0.35901 - accuracy: 0.95578
Validating epoch 85 | loss: 0.53701 - accuracy: 0.77294
Training epoch 86 | loss: 0.36049 - accuracy: 0.95347
Validating epoch 86 | loss: 0.52773 - accuracy: 0.78326
Training epoch 87 | loss: 0.35993 - accuracy: 0.95217
Validating epoch 87 | loss: 0.509 - accuracy: 0.8039
Training epoch 88 | loss: 0.35383 - accuracy: 0.95795
Validating epoch 88 | loss: 0.51416 - accuracy: 0.79702
Training epoch 89 | loss: 0.35131 - accuracy: 0.96084
Validating epoch 89 | loss: 0.52059 - accuracy: 0.79243
Training epoch 90 | loss: 0.3529 - accuracy: 0.95939
Validating epoch 90 | loss: 0.51218 - accuracy: 0.80046
Training epoch 91 | loss: 0.34973 - accuracy: 0.96243
Validating epoch 91 | loss: 0.51332 - accuracy: 0.79817
Training epoch 92 | loss: 0.34863 - accuracy: 0.96431
Validating epoch 92 | loss: 0.5135 - accuracy: 0.80046
Training epoch 93 | loss: 0.35022 - accuracy: 0.96199
Validating epoch 93 | loss: 0.52116 - accuracy: 0.79128
Training epoch 94 | loss: 0.34745 - accuracy: 0.96517
Validating epoch 94 | loss: 0.51803 - accuracy: 0.79587
Training epoch 95 | loss: 0.35475 - accuracy: 0.95737
Validating epoch 95 | loss: 0.52835 - accuracy: 0.78326
Training epoch 96 | loss: 0.35166 - accuracy: 0.9604
Validating epoch 96 | loss: 0.51373 - accuracy: 0.79587
Training epoch 97 | loss: 0.35346 - accuracy: 0.96098
Validating epoch 97 | loss: 0.49856 - accuracy: 0.81078
Training epoch 98 | loss: 0.35225 - accuracy: 0.96185
Validating epoch 98 | loss: 0.50614 - accuracy: 0.80619
Training epoch 99 | loss: 0.3528 - accuracy: 0.95983
Validating epoch 99 | loss: 0.51296 - accuracy: 0.80161
Dataset is sst, undersample is False, aug mode is trans, geo is 0.5, small_label is 1 small_prop is 0.5, balance_seed is 4
Training epoch 0 | loss: 0.6647 - accuracy: 0.58757
Validating epoch 0 | loss: 0.59884 - accuracy: 0.7156
Training epoch 1 | loss: 0.54767 - accuracy: 0.76445
Validating epoch 1 | loss: 0.52523 - accuracy: 0.77982
Training epoch 2 | loss: 0.51447 - accuracy: 0.78974
Validating epoch 2 | loss: 0.51445 - accuracy: 0.79243
Training epoch 3 | loss: 0.49835 - accuracy: 0.80766
Validating epoch 3 | loss: 0.52525 - accuracy: 0.77867
Training epoch 4 | loss: 0.49034 - accuracy: 0.81561
Validating epoch 4 | loss: 0.51843 - accuracy: 0.78899
Training epoch 5 | loss: 0.47538 - accuracy: 0.83136
Validating epoch 5 | loss: 0.52999 - accuracy: 0.78326
Training epoch 6 | loss: 0.47868 - accuracy: 0.82905
Validating epoch 6 | loss: 0.51517 - accuracy: 0.79128
Training epoch 7 | loss: 0.46982 - accuracy: 0.83468
Validating epoch 7 | loss: 0.5239 - accuracy: 0.77064
Training epoch 8 | loss: 0.46274 - accuracy: 0.84595
Validating epoch 8 | loss: 0.50221 - accuracy: 0.8039
Training epoch 9 | loss: 0.45323 - accuracy: 0.85751
Validating epoch 9 | loss: 0.49264 - accuracy: 0.81537
Training epoch 10 | loss: 0.44954 - accuracy: 0.86286
Validating epoch 10 | loss: 0.4957 - accuracy: 0.81307
Training epoch 11 | loss: 0.44605 - accuracy: 0.86272
Validating epoch 11 | loss: 0.49634 - accuracy: 0.81766
Training epoch 12 | loss: 0.43478 - accuracy: 0.87384
Validating epoch 12 | loss: 0.49416 - accuracy: 0.81422
Training epoch 13 | loss: 0.42849 - accuracy: 0.88035
Validating epoch 13 | loss: 0.49692 - accuracy: 0.81537
Training epoch 14 | loss: 0.44519 - accuracy: 0.86474
Validating epoch 14 | loss: 0.50245 - accuracy: 0.80505
Training epoch 15 | loss: 0.429 - accuracy: 0.88121
Validating epoch 15 | loss: 0.49993 - accuracy: 0.81078
Training epoch 16 | loss: 0.42536 - accuracy: 0.88396
Validating epoch 16 | loss: 0.52966 - accuracy: 0.78096
Training epoch 17 | loss: 0.42483 - accuracy: 0.8841
Validating epoch 17 | loss: 0.49308 - accuracy: 0.81651
Training epoch 18 | loss: 0.41407 - accuracy: 0.89653
Validating epoch 18 | loss: 0.49504 - accuracy: 0.81307
Training epoch 19 | loss: 0.41296 - accuracy: 0.90145
Validating epoch 19 | loss: 0.507 - accuracy: 0.79931
Training epoch 20 | loss: 0.4084 - accuracy: 0.90361
Validating epoch 20 | loss: 0.4929 - accuracy: 0.81651
Training epoch 21 | loss: 0.40633 - accuracy: 0.90694
Validating epoch 21 | loss: 0.51304 - accuracy: 0.79472
Training epoch 22 | loss: 0.402 - accuracy: 0.90853
Validating epoch 22 | loss: 0.49919 - accuracy: 0.80734
Training epoch 23 | loss: 0.40296 - accuracy: 0.90882
Validating epoch 23 | loss: 0.50497 - accuracy: 0.80505
Training epoch 24 | loss: 0.41025 - accuracy: 0.8987
Validating epoch 24 | loss: 0.49501 - accuracy: 0.81651
Training epoch 25 | loss: 0.39277 - accuracy: 0.91821
Validating epoch 25 | loss: 0.4972 - accuracy: 0.81193
Training epoch 26 | loss: 0.39843 - accuracy: 0.91301
Validating epoch 26 | loss: 0.50064 - accuracy: 0.81078
Training epoch 27 | loss: 0.40703 - accuracy: 0.90246
Validating epoch 27 | loss: 0.50063 - accuracy: 0.8039
Training epoch 28 | loss: 0.3986 - accuracy: 0.91647
Validating epoch 28 | loss: 0.50633 - accuracy: 0.8039
Training epoch 29 | loss: 0.39238 - accuracy: 0.92298
Validating epoch 29 | loss: 0.49919 - accuracy: 0.80849
Training epoch 30 | loss: 0.40731 - accuracy: 0.90289
Validating epoch 30 | loss: 0.50247 - accuracy: 0.80734
Training epoch 31 | loss: 0.39557 - accuracy: 0.91705
Validating epoch 31 | loss: 0.50165 - accuracy: 0.80619
Training epoch 32 | loss: 0.3866 - accuracy: 0.92413
Validating epoch 32 | loss: 0.49275 - accuracy: 0.81537
Training epoch 33 | loss: 0.38292 - accuracy: 0.92991
Validating epoch 33 | loss: 0.5048 - accuracy: 0.8039
Training epoch 34 | loss: 0.41819 - accuracy: 0.89263
Validating epoch 34 | loss: 0.49775 - accuracy: 0.80963
Training epoch 35 | loss: 0.3926 - accuracy: 0.91763
Validating epoch 35 | loss: 0.49731 - accuracy: 0.80734
Training epoch 36 | loss: 0.39024 - accuracy: 0.92254
Validating epoch 36 | loss: 0.50898 - accuracy: 0.80161
Training epoch 37 | loss: 0.37957 - accuracy: 0.93237
Validating epoch 37 | loss: 0.50255 - accuracy: 0.80734
Training epoch 38 | loss: 0.38745 - accuracy: 0.92789
Validating epoch 38 | loss: 0.51265 - accuracy: 0.79702
Training epoch 39 | loss: 0.38104 - accuracy: 0.93107
Validating epoch 39 | loss: 0.50915 - accuracy: 0.80046
Training epoch 40 | loss: 0.38023 - accuracy: 0.93309
Validating epoch 40 | loss: 0.4965 - accuracy: 0.81537
Training epoch 41 | loss: 0.37861 - accuracy: 0.93526
Validating epoch 41 | loss: 0.49972 - accuracy: 0.80963
Training epoch 42 | loss: 0.37429 - accuracy: 0.93743
Validating epoch 42 | loss: 0.49749 - accuracy: 0.81537
Training epoch 43 | loss: 0.38056 - accuracy: 0.93049
Validating epoch 43 | loss: 0.4989 - accuracy: 0.81193
Training epoch 44 | loss: 0.37457 - accuracy: 0.93772
Validating epoch 44 | loss: 0.50296 - accuracy: 0.80619
Training epoch 45 | loss: 0.37431 - accuracy: 0.9396
Validating epoch 45 | loss: 0.5073 - accuracy: 0.80619
Training epoch 46 | loss: 0.3844 - accuracy: 0.92905
Validating epoch 46 | loss: 0.5052 - accuracy: 0.80275
Training epoch 47 | loss: 0.38253 - accuracy: 0.93179
Validating epoch 47 | loss: 0.50494 - accuracy: 0.80619
Training epoch 48 | loss: 0.37447 - accuracy: 0.93728
Validating epoch 48 | loss: 0.50312 - accuracy: 0.80619
Training epoch 49 | loss: 0.47857 - accuracy: 0.83512
Validating epoch 49 | loss: 0.51193 - accuracy: 0.79587
Training epoch 50 | loss: 0.39551 - accuracy: 0.91474
Validating epoch 50 | loss: 0.50196 - accuracy: 0.80849
Training epoch 51 | loss: 0.37951 - accuracy: 0.93656
Validating epoch 51 | loss: 0.50522 - accuracy: 0.80619
Training epoch 52 | loss: 0.36995 - accuracy: 0.94162
Validating epoch 52 | loss: 0.51337 - accuracy: 0.79587
Training epoch 53 | loss: 0.3881 - accuracy: 0.92428
Validating epoch 53 | loss: 0.51419 - accuracy: 0.79702
Training epoch 54 | loss: 0.38149 - accuracy: 0.92962
Validating epoch 54 | loss: 0.50986 - accuracy: 0.80275
Training epoch 55 | loss: 0.37244 - accuracy: 0.93916
Validating epoch 55 | loss: 0.50733 - accuracy: 0.8039
Training epoch 56 | loss: 0.37311 - accuracy: 0.94046
Validating epoch 56 | loss: 0.50736 - accuracy: 0.8039
Training epoch 57 | loss: 0.37301 - accuracy: 0.94075
Validating epoch 57 | loss: 0.49796 - accuracy: 0.81422
Training epoch 58 | loss: 0.36586 - accuracy: 0.94624
Validating epoch 58 | loss: 0.53334 - accuracy: 0.78096
Training epoch 59 | loss: 0.37228 - accuracy: 0.94118
Validating epoch 59 | loss: 0.51158 - accuracy: 0.80046
Training epoch 60 | loss: 0.36977 - accuracy: 0.94393
Validating epoch 60 | loss: 0.50822 - accuracy: 0.8039
Training epoch 61 | loss: 0.36822 - accuracy: 0.94436
Validating epoch 61 | loss: 0.49809 - accuracy: 0.81193
Training epoch 62 | loss: 0.37636 - accuracy: 0.93439
Validating epoch 62 | loss: 0.49258 - accuracy: 0.81995
Training epoch 63 | loss: 0.36699 - accuracy: 0.9448
Validating epoch 63 | loss: 0.49794 - accuracy: 0.81422
Training epoch 64 | loss: 0.36367 - accuracy: 0.94841
Validating epoch 64 | loss: 0.50566 - accuracy: 0.80161
Training epoch 65 | loss: 0.36725 - accuracy: 0.94668
Validating epoch 65 | loss: 0.5144 - accuracy: 0.79587
Training epoch 66 | loss: 0.362 - accuracy: 0.94942
Validating epoch 66 | loss: 0.50327 - accuracy: 0.80734
Training epoch 67 | loss: 0.36211 - accuracy: 0.95
Validating epoch 67 | loss: 0.50799 - accuracy: 0.80161
Training epoch 68 | loss: 0.36013 - accuracy: 0.95202
Validating epoch 68 | loss: 0.50679 - accuracy: 0.80161
Training epoch 69 | loss: 0.35842 - accuracy: 0.95361
Validating epoch 69 | loss: 0.51045 - accuracy: 0.80161
Training epoch 70 | loss: 0.36475 - accuracy: 0.94971
Validating epoch 70 | loss: 0.52331 - accuracy: 0.78555
Training epoch 71 | loss: 0.36883 - accuracy: 0.94523
Validating epoch 71 | loss: 0.51086 - accuracy: 0.79817
Training epoch 72 | loss: 0.36504 - accuracy: 0.94639
Validating epoch 72 | loss: 0.51429 - accuracy: 0.79931
Training epoch 73 | loss: 0.36269 - accuracy: 0.94899
Validating epoch 73 | loss: 0.50899 - accuracy: 0.80505
Training epoch 74 | loss: 0.36119 - accuracy: 0.95058
Validating epoch 74 | loss: 0.5081 - accuracy: 0.8039
Training epoch 75 | loss: 0.357 - accuracy: 0.95564
Validating epoch 75 | loss: 0.5016 - accuracy: 0.80849
Training epoch 76 | loss: 0.3555 - accuracy: 0.95708
Validating epoch 76 | loss: 0.50838 - accuracy: 0.80505
Training epoch 77 | loss: 0.35991 - accuracy: 0.95217
Validating epoch 77 | loss: 0.50698 - accuracy: 0.8039
Training epoch 78 | loss: 0.35892 - accuracy: 0.95462
Validating epoch 78 | loss: 0.50618 - accuracy: 0.80505
Training epoch 79 | loss: 0.35696 - accuracy: 0.95506
Validating epoch 79 | loss: 0.50972 - accuracy: 0.80161
Training epoch 80 | loss: 0.35666 - accuracy: 0.9552
Validating epoch 80 | loss: 0.51014 - accuracy: 0.80046
Training epoch 81 | loss: 0.35501 - accuracy: 0.95723
Validating epoch 81 | loss: 0.50293 - accuracy: 0.80734
Training epoch 82 | loss: 0.36683 - accuracy: 0.94509
Validating epoch 82 | loss: 0.51209 - accuracy: 0.79702
Training epoch 83 | loss: 0.35391 - accuracy: 0.95838
Validating epoch 83 | loss: 0.51305 - accuracy: 0.80046
Training epoch 84 | loss: 0.35416 - accuracy: 0.95809
Validating epoch 84 | loss: 0.5133 - accuracy: 0.79817
Training epoch 85 | loss: 0.3532 - accuracy: 0.95983
Validating epoch 85 | loss: 0.50406 - accuracy: 0.80619
Training epoch 86 | loss: 0.35986 - accuracy: 0.95217
Validating epoch 86 | loss: 0.50439 - accuracy: 0.80734
Training epoch 87 | loss: 0.3614 - accuracy: 0.95506
Validating epoch 87 | loss: 0.52436 - accuracy: 0.7867
Training epoch 88 | loss: 0.35883 - accuracy: 0.9552
Validating epoch 88 | loss: 0.51946 - accuracy: 0.79243
Training epoch 89 | loss: 0.3547 - accuracy: 0.95766
Validating epoch 89 | loss: 0.51008 - accuracy: 0.80046
Training epoch 90 | loss: 0.36313 - accuracy: 0.95116
Validating epoch 90 | loss: 0.51954 - accuracy: 0.79243
Training epoch 91 | loss: 0.36407 - accuracy: 0.94783
Validating epoch 91 | loss: 0.51044 - accuracy: 0.8039
Training epoch 92 | loss: 0.35584 - accuracy: 0.95665
Validating epoch 92 | loss: 0.50822 - accuracy: 0.80505
Training epoch 93 | loss: 0.35528 - accuracy: 0.95694
Validating epoch 93 | loss: 0.51776 - accuracy: 0.79128
Training epoch 94 | loss: 0.35417 - accuracy: 0.95809
Validating epoch 94 | loss: 0.51454 - accuracy: 0.79587
Training epoch 95 | loss: 0.35479 - accuracy: 0.9578
Validating epoch 95 | loss: 0.50227 - accuracy: 0.80963
Training epoch 96 | loss: 0.36027 - accuracy: 0.95405
Validating epoch 96 | loss: 0.5126 - accuracy: 0.79817
Training epoch 97 | loss: 0.36274 - accuracy: 0.94928
Validating epoch 97 | loss: 0.51143 - accuracy: 0.79358
Training epoch 98 | loss: 0.35896 - accuracy: 0.95506
Validating epoch 98 | loss: 0.50986 - accuracy: 0.80161
Training epoch 99 | loss: 0.35627 - accuracy: 0.95592
Validating epoch 99 | loss: 0.51118 - accuracy: 0.80275
Dataset is sst, undersample is False, aug mode is trans, geo is 0.6, small_label is 1 small_prop is 0.5, balance_seed is 4
Training epoch 0 | loss: 0.65706 - accuracy: 0.6078
Validating epoch 0 | loss: 0.60019 - accuracy: 0.70757
Training epoch 1 | loss: 0.54781 - accuracy: 0.75925
Validating epoch 1 | loss: 0.58598 - accuracy: 0.71101
Training epoch 2 | loss: 0.51345 - accuracy: 0.78685
Validating epoch 2 | loss: 0.52113 - accuracy: 0.78326
Training epoch 3 | loss: 0.49981 - accuracy: 0.80361
Validating epoch 3 | loss: 0.52086 - accuracy: 0.78899
Training epoch 4 | loss: 0.48501 - accuracy: 0.82211
Validating epoch 4 | loss: 0.51009 - accuracy: 0.79472
Training epoch 5 | loss: 0.47309 - accuracy: 0.82991
Validating epoch 5 | loss: 0.50521 - accuracy: 0.8039
Training epoch 6 | loss: 0.46914 - accuracy: 0.83598
Validating epoch 6 | loss: 0.50777 - accuracy: 0.79931
Training epoch 7 | loss: 0.47325 - accuracy: 0.83454
Validating epoch 7 | loss: 0.51466 - accuracy: 0.79358
Training epoch 8 | loss: 0.44799 - accuracy: 0.86012
Validating epoch 8 | loss: 0.50412 - accuracy: 0.8039
Training epoch 9 | loss: 0.45558 - accuracy: 0.85275
Validating epoch 9 | loss: 0.50796 - accuracy: 0.79931
Training epoch 10 | loss: 0.44039 - accuracy: 0.87081
Validating epoch 10 | loss: 0.50403 - accuracy: 0.80849
Training epoch 11 | loss: 0.43996 - accuracy: 0.87283
Validating epoch 11 | loss: 0.51451 - accuracy: 0.79358
Training epoch 12 | loss: 0.43213 - accuracy: 0.87948
Validating epoch 12 | loss: 0.53981 - accuracy: 0.76606
Training epoch 13 | loss: 0.43183 - accuracy: 0.87601
Validating epoch 13 | loss: 0.50589 - accuracy: 0.79702
Training epoch 14 | loss: 0.42623 - accuracy: 0.88497
Validating epoch 14 | loss: 0.50714 - accuracy: 0.79817
Training epoch 15 | loss: 0.42692 - accuracy: 0.88728
Validating epoch 15 | loss: 0.50832 - accuracy: 0.79931
Training epoch 16 | loss: 0.42069 - accuracy: 0.89003
Validating epoch 16 | loss: 0.49969 - accuracy: 0.80963
Training epoch 17 | loss: 0.4106 - accuracy: 0.89928
Validating epoch 17 | loss: 0.52428 - accuracy: 0.7867
Training epoch 18 | loss: 0.40796 - accuracy: 0.90101
Validating epoch 18 | loss: 0.50175 - accuracy: 0.80963
Training epoch 19 | loss: 0.41435 - accuracy: 0.89913
Validating epoch 19 | loss: 0.50362 - accuracy: 0.8039
Training epoch 20 | loss: 0.41241 - accuracy: 0.89913
Validating epoch 20 | loss: 0.50567 - accuracy: 0.80505
Training epoch 21 | loss: 0.40172 - accuracy: 0.91069
Validating epoch 21 | loss: 0.51701 - accuracy: 0.78784
Training epoch 22 | loss: 0.40568 - accuracy: 0.90592
Validating epoch 22 | loss: 0.51131 - accuracy: 0.79817
Training epoch 23 | loss: 0.40118 - accuracy: 0.91142
Validating epoch 23 | loss: 0.50651 - accuracy: 0.80275
Training epoch 24 | loss: 0.40047 - accuracy: 0.91315
Validating epoch 24 | loss: 0.52494 - accuracy: 0.79014
Training epoch 25 | loss: 0.40715 - accuracy: 0.9078
Validating epoch 25 | loss: 0.52265 - accuracy: 0.7867
Training epoch 26 | loss: 0.40168 - accuracy: 0.91344
Validating epoch 26 | loss: 0.50708 - accuracy: 0.79817
Training epoch 27 | loss: 0.39271 - accuracy: 0.92038
Validating epoch 27 | loss: 0.50513 - accuracy: 0.80619
Training epoch 28 | loss: 0.38855 - accuracy: 0.92486
Validating epoch 28 | loss: 0.50592 - accuracy: 0.80505
Training epoch 29 | loss: 0.38696 - accuracy: 0.92413
Validating epoch 29 | loss: 0.50051 - accuracy: 0.80963
Training epoch 30 | loss: 0.38925 - accuracy: 0.92413
Validating epoch 30 | loss: 0.49718 - accuracy: 0.81422
Training epoch 31 | loss: 0.38811 - accuracy: 0.92298
Validating epoch 31 | loss: 0.49211 - accuracy: 0.81651
Training epoch 32 | loss: 0.39154 - accuracy: 0.91994
Validating epoch 32 | loss: 0.49464 - accuracy: 0.81766
Training epoch 33 | loss: 0.38284 - accuracy: 0.93035
Validating epoch 33 | loss: 0.4999 - accuracy: 0.81537
Training epoch 34 | loss: 0.38522 - accuracy: 0.92818
Validating epoch 34 | loss: 0.50841 - accuracy: 0.80275
Training epoch 35 | loss: 0.38482 - accuracy: 0.92645
Validating epoch 35 | loss: 0.50264 - accuracy: 0.80619
Training epoch 36 | loss: 0.37506 - accuracy: 0.93642
Validating epoch 36 | loss: 0.49731 - accuracy: 0.81307
Training epoch 37 | loss: 0.39098 - accuracy: 0.9224
Validating epoch 37 | loss: 0.49653 - accuracy: 0.81537
Training epoch 38 | loss: 0.38043 - accuracy: 0.93324
Validating epoch 38 | loss: 0.49542 - accuracy: 0.81651
Training epoch 39 | loss: 0.37272 - accuracy: 0.93931
Validating epoch 39 | loss: 0.49998 - accuracy: 0.81307
Training epoch 40 | loss: 0.37616 - accuracy: 0.93743
Validating epoch 40 | loss: 0.49249 - accuracy: 0.81995
Training epoch 41 | loss: 0.38034 - accuracy: 0.93338
Validating epoch 41 | loss: 0.50207 - accuracy: 0.80734
Training epoch 42 | loss: 0.38079 - accuracy: 0.93237
Validating epoch 42 | loss: 0.50325 - accuracy: 0.80619
Training epoch 43 | loss: 0.37504 - accuracy: 0.93699
Validating epoch 43 | loss: 0.49152 - accuracy: 0.81881
Training epoch 44 | loss: 0.37724 - accuracy: 0.93945
Validating epoch 44 | loss: 0.4954 - accuracy: 0.81766
Training epoch 45 | loss: 0.46039 - accuracy: 0.84942
Validating epoch 45 | loss: 0.50126 - accuracy: 0.81193
Training epoch 46 | loss: 0.41293 - accuracy: 0.9013
Validating epoch 46 | loss: 0.51248 - accuracy: 0.79702
Training epoch 47 | loss: 0.51123 - accuracy: 0.79639
Validating epoch 47 | loss: 0.51364 - accuracy: 0.79702
Training epoch 48 | loss: 0.40114 - accuracy: 0.91055
Validating epoch 48 | loss: 0.49885 - accuracy: 0.80849
Training epoch 49 | loss: 0.38773 - accuracy: 0.92312
Validating epoch 49 | loss: 0.49518 - accuracy: 0.81651
Training epoch 50 | loss: 0.3919 - accuracy: 0.92312
Validating epoch 50 | loss: 0.501 - accuracy: 0.80963
Training epoch 51 | loss: 0.38159 - accuracy: 0.93006
Validating epoch 51 | loss: 0.49816 - accuracy: 0.81651
Training epoch 52 | loss: 0.38372 - accuracy: 0.93237
Validating epoch 52 | loss: 0.49726 - accuracy: 0.80963
Training epoch 53 | loss: 0.37451 - accuracy: 0.93685
Validating epoch 53 | loss: 0.49777 - accuracy: 0.81193
Training epoch 54 | loss: 0.36934 - accuracy: 0.94292
Validating epoch 54 | loss: 0.49758 - accuracy: 0.81422
Training epoch 55 | loss: 0.36556 - accuracy: 0.94639
Validating epoch 55 | loss: 0.49229 - accuracy: 0.81881
Training epoch 56 | loss: 0.37039 - accuracy: 0.94451
Validating epoch 56 | loss: 0.49836 - accuracy: 0.81422
Training epoch 57 | loss: 0.38766 - accuracy: 0.92254
Validating epoch 57 | loss: 0.50189 - accuracy: 0.80849
Training epoch 58 | loss: 0.37602 - accuracy: 0.93844
Validating epoch 58 | loss: 0.50117 - accuracy: 0.80963
Training epoch 59 | loss: 0.36995 - accuracy: 0.94393
Validating epoch 59 | loss: 0.49554 - accuracy: 0.81651
Training epoch 60 | loss: 0.36567 - accuracy: 0.9461
Validating epoch 60 | loss: 0.52154 - accuracy: 0.79014
Training epoch 61 | loss: 0.36648 - accuracy: 0.94725
Validating epoch 61 | loss: 0.50065 - accuracy: 0.81078
Training epoch 62 | loss: 0.3724 - accuracy: 0.93902
Validating epoch 62 | loss: 0.50307 - accuracy: 0.80963
Training epoch 63 | loss: 0.37091 - accuracy: 0.94032
Validating epoch 63 | loss: 0.50011 - accuracy: 0.81307
Training epoch 64 | loss: 0.3636 - accuracy: 0.9487
Validating epoch 64 | loss: 0.51668 - accuracy: 0.79587
Training epoch 65 | loss: 0.36233 - accuracy: 0.94986
Validating epoch 65 | loss: 0.51087 - accuracy: 0.79817
Training epoch 66 | loss: 0.36193 - accuracy: 0.95217
Validating epoch 66 | loss: 0.5099 - accuracy: 0.80275
Training epoch 67 | loss: 0.36095 - accuracy: 0.95101
Validating epoch 67 | loss: 0.49844 - accuracy: 0.81422
Training epoch 68 | loss: 0.35963 - accuracy: 0.95231
Validating epoch 68 | loss: 0.52527 - accuracy: 0.78555
Training epoch 69 | loss: 0.3605 - accuracy: 0.95101
Validating epoch 69 | loss: 0.49885 - accuracy: 0.81193
Training epoch 70 | loss: 0.36219 - accuracy: 0.94986
Validating epoch 70 | loss: 0.50741 - accuracy: 0.80161
Training epoch 71 | loss: 0.36422 - accuracy: 0.94986
Validating epoch 71 | loss: 0.4973 - accuracy: 0.81307
Training epoch 72 | loss: 0.35576 - accuracy: 0.95607
Validating epoch 72 | loss: 0.49751 - accuracy: 0.81307
Training epoch 73 | loss: 0.35763 - accuracy: 0.95462
Validating epoch 73 | loss: 0.49665 - accuracy: 0.81651
Training epoch 74 | loss: 0.36222 - accuracy: 0.95188
Validating epoch 74 | loss: 0.49792 - accuracy: 0.81193
Training epoch 75 | loss: 0.35503 - accuracy: 0.95708
Validating epoch 75 | loss: 0.49094 - accuracy: 0.82225
Training epoch 76 | loss: 0.35365 - accuracy: 0.95896
Validating epoch 76 | loss: 0.52611 - accuracy: 0.78555
Training epoch 77 | loss: 0.35708 - accuracy: 0.95491
Validating epoch 77 | loss: 0.50157 - accuracy: 0.80963
Training epoch 78 | loss: 0.35783 - accuracy: 0.95636
Validating epoch 78 | loss: 0.49652 - accuracy: 0.81766
Training epoch 79 | loss: 0.35518 - accuracy: 0.95939
Validating epoch 79 | loss: 0.49865 - accuracy: 0.81422
Training epoch 80 | loss: 0.35379 - accuracy: 0.95853
Validating epoch 80 | loss: 0.51213 - accuracy: 0.80046
Training epoch 81 | loss: 0.35193 - accuracy: 0.96069
Validating epoch 81 | loss: 0.50216 - accuracy: 0.81193
Training epoch 82 | loss: 0.35351 - accuracy: 0.9591
Validating epoch 82 | loss: 0.5032 - accuracy: 0.80963
Training epoch 83 | loss: 0.35621 - accuracy: 0.95564
Validating epoch 83 | loss: 0.50323 - accuracy: 0.81078
Training epoch 84 | loss: 0.35749 - accuracy: 0.95694
Validating epoch 84 | loss: 0.50915 - accuracy: 0.80275
Training epoch 85 | loss: 0.35792 - accuracy: 0.95434
Validating epoch 85 | loss: 0.51386 - accuracy: 0.79931
Training epoch 86 | loss: 0.35973 - accuracy: 0.95217
Validating epoch 86 | loss: 0.51556 - accuracy: 0.79358
Training epoch 87 | loss: 0.35406 - accuracy: 0.95809
Validating epoch 87 | loss: 0.53252 - accuracy: 0.78096
Training epoch 88 | loss: 0.36529 - accuracy: 0.94668
Validating epoch 88 | loss: 0.51504 - accuracy: 0.79817
Training epoch 89 | loss: 0.35775 - accuracy: 0.95434
Validating epoch 89 | loss: 0.51064 - accuracy: 0.8039
Training epoch 90 | loss: 0.35939 - accuracy: 0.9526
Validating epoch 90 | loss: 0.51721 - accuracy: 0.79587
Training epoch 91 | loss: 0.36258 - accuracy: 0.94899
Validating epoch 91 | loss: 0.50765 - accuracy: 0.80505
Training epoch 92 | loss: 0.35481 - accuracy: 0.95723
Validating epoch 92 | loss: 0.49865 - accuracy: 0.81307
Training epoch 93 | loss: 0.35452 - accuracy: 0.95751
Validating epoch 93 | loss: 0.50399 - accuracy: 0.80619
Training epoch 94 | loss: 0.35177 - accuracy: 0.96026
Validating epoch 94 | loss: 0.50275 - accuracy: 0.80963
Training epoch 95 | loss: 0.35701 - accuracy: 0.95535
Validating epoch 95 | loss: 0.52423 - accuracy: 0.78784
Training epoch 96 | loss: 0.35974 - accuracy: 0.95246
Validating epoch 96 | loss: 0.49245 - accuracy: 0.82225
Training epoch 97 | loss: 0.35633 - accuracy: 0.95607
Validating epoch 97 | loss: 0.50875 - accuracy: 0.8039
Training epoch 98 | loss: 0.35669 - accuracy: 0.95477
Validating epoch 98 | loss: 0.49984 - accuracy: 0.80963
Training epoch 99 | loss: 0.35163 - accuracy: 0.96113
Validating epoch 99 | loss: 0.50822 - accuracy: 0.80505
Dataset is sst, undersample is False, aug mode is trans, geo is 0.7, small_label is 1 small_prop is 0.5, balance_seed is 4
Training epoch 0 | loss: 0.65796 - accuracy: 0.60361
Validating epoch 0 | loss: 0.61493 - accuracy: 0.71674
Training epoch 1 | loss: 0.54018 - accuracy: 0.76835
Validating epoch 1 | loss: 0.52359 - accuracy: 0.77867
Training epoch 2 | loss: 0.52973 - accuracy: 0.77803
Validating epoch 2 | loss: 0.51124 - accuracy: 0.8039
Training epoch 3 | loss: 0.51305 - accuracy: 0.79061
Validating epoch 3 | loss: 0.50411 - accuracy: 0.80849
Training epoch 4 | loss: 0.49262 - accuracy: 0.81561
Validating epoch 4 | loss: 0.50167 - accuracy: 0.80734
Training epoch 5 | loss: 0.47984 - accuracy: 0.82832
Validating epoch 5 | loss: 0.50452 - accuracy: 0.80161
Training epoch 6 | loss: 0.47864 - accuracy: 0.8302
Validating epoch 6 | loss: 0.52135 - accuracy: 0.78555
Training epoch 7 | loss: 0.47576 - accuracy: 0.8315
Validating epoch 7 | loss: 0.51069 - accuracy: 0.80046
Training epoch 8 | loss: 0.46685 - accuracy: 0.84335
Validating epoch 8 | loss: 0.50921 - accuracy: 0.79702
Training epoch 9 | loss: 0.45974 - accuracy: 0.85159
Validating epoch 9 | loss: 0.49386 - accuracy: 0.81995
Training epoch 10 | loss: 0.4441 - accuracy: 0.86604
Validating epoch 10 | loss: 0.50336 - accuracy: 0.80505
Training epoch 11 | loss: 0.444 - accuracy: 0.86908
Validating epoch 11 | loss: 0.49714 - accuracy: 0.81193
Training epoch 12 | loss: 0.43924 - accuracy: 0.87211
Validating epoch 12 | loss: 0.49241 - accuracy: 0.81995
Training epoch 13 | loss: 0.43537 - accuracy: 0.87789
Validating epoch 13 | loss: 0.50168 - accuracy: 0.80734
Training epoch 14 | loss: 0.428 - accuracy: 0.88251
Validating epoch 14 | loss: 0.50265 - accuracy: 0.80505
Training epoch 15 | loss: 0.45311 - accuracy: 0.85419
Validating epoch 15 | loss: 0.48975 - accuracy: 0.82225
Training epoch 16 | loss: 0.42474 - accuracy: 0.88425
Validating epoch 16 | loss: 0.4965 - accuracy: 0.80963
Training epoch 17 | loss: 0.41982 - accuracy: 0.8948
Validating epoch 17 | loss: 0.49475 - accuracy: 0.81193
Training epoch 18 | loss: 0.41741 - accuracy: 0.89263
Validating epoch 18 | loss: 0.49846 - accuracy: 0.81193
Training epoch 19 | loss: 0.41223 - accuracy: 0.89798
Validating epoch 19 | loss: 0.49902 - accuracy: 0.80734
Training epoch 20 | loss: 0.41297 - accuracy: 0.89754
Validating epoch 20 | loss: 0.50238 - accuracy: 0.80734
Training epoch 21 | loss: 0.41473 - accuracy: 0.89566
Validating epoch 21 | loss: 0.49767 - accuracy: 0.81193
Training epoch 22 | loss: 0.4031 - accuracy: 0.90838
Validating epoch 22 | loss: 0.50906 - accuracy: 0.80161
Training epoch 23 | loss: 0.41613 - accuracy: 0.90549
Validating epoch 23 | loss: 0.49102 - accuracy: 0.8211
Training epoch 24 | loss: 0.39964 - accuracy: 0.91098
Validating epoch 24 | loss: 0.50151 - accuracy: 0.80734
Training epoch 25 | loss: 0.40651 - accuracy: 0.90592
Validating epoch 25 | loss: 0.47768 - accuracy: 0.83486
Training epoch 26 | loss: 0.39626 - accuracy: 0.9146
Validating epoch 26 | loss: 0.49653 - accuracy: 0.81537
Training epoch 27 | loss: 0.39368 - accuracy: 0.9172
Validating epoch 27 | loss: 0.49328 - accuracy: 0.81881
Training epoch 28 | loss: 0.40098 - accuracy: 0.91214
Validating epoch 28 | loss: 0.48491 - accuracy: 0.82913
Training epoch 29 | loss: 0.39505 - accuracy: 0.91575
Validating epoch 29 | loss: 0.49781 - accuracy: 0.81537
Training epoch 30 | loss: 0.38936 - accuracy: 0.9211
Validating epoch 30 | loss: 0.49179 - accuracy: 0.8211
Training epoch 31 | loss: 0.38534 - accuracy: 0.92688
Validating epoch 31 | loss: 0.49523 - accuracy: 0.81766
Training epoch 32 | loss: 0.38998 - accuracy: 0.92384
Validating epoch 32 | loss: 0.50529 - accuracy: 0.80275
Training epoch 33 | loss: 0.39393 - accuracy: 0.91705
Validating epoch 33 | loss: 0.49939 - accuracy: 0.81193
Training epoch 34 | loss: 0.38624 - accuracy: 0.92471
Validating epoch 34 | loss: 0.4997 - accuracy: 0.80849
Training epoch 35 | loss: 0.39294 - accuracy: 0.92211
Validating epoch 35 | loss: 0.497 - accuracy: 0.81422
Training epoch 36 | loss: 0.3947 - accuracy: 0.91806
Validating epoch 36 | loss: 0.49463 - accuracy: 0.81537
Training epoch 37 | loss: 0.38103 - accuracy: 0.93092
Validating epoch 37 | loss: 0.49573 - accuracy: 0.81881
Training epoch 38 | loss: 0.37695 - accuracy: 0.93483
Validating epoch 38 | loss: 0.48235 - accuracy: 0.83142
Training epoch 39 | loss: 0.38664 - accuracy: 0.92471
Validating epoch 39 | loss: 0.49497 - accuracy: 0.81537
Training epoch 40 | loss: 0.38981 - accuracy: 0.92095
Validating epoch 40 | loss: 0.50307 - accuracy: 0.80619
Training epoch 41 | loss: 0.37935 - accuracy: 0.93468
Validating epoch 41 | loss: 0.49288 - accuracy: 0.81995
Training epoch 42 | loss: 0.3779 - accuracy: 0.93613
Validating epoch 42 | loss: 0.48833 - accuracy: 0.82225
Training epoch 43 | loss: 0.38209 - accuracy: 0.93627
Validating epoch 43 | loss: 0.49008 - accuracy: 0.82225
Training epoch 44 | loss: 0.38731 - accuracy: 0.92384
Validating epoch 44 | loss: 0.5087 - accuracy: 0.80275
Training epoch 45 | loss: 0.38008 - accuracy: 0.93237
Validating epoch 45 | loss: 0.49362 - accuracy: 0.81766
Training epoch 46 | loss: 0.38787 - accuracy: 0.92327
Validating epoch 46 | loss: 0.49647 - accuracy: 0.81193
Training epoch 47 | loss: 0.37551 - accuracy: 0.93627
Validating epoch 47 | loss: 0.48323 - accuracy: 0.82683
Training epoch 48 | loss: 0.37326 - accuracy: 0.93873
Validating epoch 48 | loss: 0.49809 - accuracy: 0.81537
Training epoch 49 | loss: 0.37526 - accuracy: 0.93728
Validating epoch 49 | loss: 0.49157 - accuracy: 0.82225
Training epoch 50 | loss: 0.37937 - accuracy: 0.93179
Validating epoch 50 | loss: 0.48947 - accuracy: 0.81995
Training epoch 51 | loss: 0.37385 - accuracy: 0.94162
Validating epoch 51 | loss: 0.50676 - accuracy: 0.80161
Training epoch 52 | loss: 0.37909 - accuracy: 0.93107
Validating epoch 52 | loss: 0.49828 - accuracy: 0.81422
Training epoch 53 | loss: 0.37597 - accuracy: 0.93555
Validating epoch 53 | loss: 0.49106 - accuracy: 0.8211
Training epoch 54 | loss: 0.37286 - accuracy: 0.93815
Validating epoch 54 | loss: 0.48972 - accuracy: 0.82339
Training epoch 55 | loss: 0.3753 - accuracy: 0.94234
Validating epoch 55 | loss: 0.48931 - accuracy: 0.82569
Training epoch 56 | loss: 0.36884 - accuracy: 0.94321
Validating epoch 56 | loss: 0.48692 - accuracy: 0.82569
Training epoch 57 | loss: 0.37038 - accuracy: 0.94408
Validating epoch 57 | loss: 0.48913 - accuracy: 0.82225
Training epoch 58 | loss: 0.36993 - accuracy: 0.94133
Validating epoch 58 | loss: 0.50519 - accuracy: 0.80619
Training epoch 59 | loss: 0.36638 - accuracy: 0.94538
Validating epoch 59 | loss: 0.49277 - accuracy: 0.81766
Training epoch 60 | loss: 0.37099 - accuracy: 0.9409
Validating epoch 60 | loss: 0.49527 - accuracy: 0.81766
Training epoch 61 | loss: 0.36705 - accuracy: 0.94725
Validating epoch 61 | loss: 0.49141 - accuracy: 0.82225
Training epoch 62 | loss: 0.3654 - accuracy: 0.94639
Validating epoch 62 | loss: 0.50964 - accuracy: 0.80275
Training epoch 63 | loss: 0.36536 - accuracy: 0.94624
Validating epoch 63 | loss: 0.48465 - accuracy: 0.82569
Training epoch 64 | loss: 0.36629 - accuracy: 0.94812
Validating epoch 64 | loss: 0.48881 - accuracy: 0.8211
Training epoch 65 | loss: 0.36414 - accuracy: 0.94841
Validating epoch 65 | loss: 0.48027 - accuracy: 0.83142
Training epoch 66 | loss: 0.36278 - accuracy: 0.94913
Validating epoch 66 | loss: 0.4841 - accuracy: 0.83028
Training epoch 67 | loss: 0.36511 - accuracy: 0.94624
Validating epoch 67 | loss: 0.48103 - accuracy: 0.83257
Training epoch 68 | loss: 0.36597 - accuracy: 0.94855
Validating epoch 68 | loss: 0.49078 - accuracy: 0.81995
Training epoch 69 | loss: 0.36365 - accuracy: 0.95087
Validating epoch 69 | loss: 0.49609 - accuracy: 0.81078
Training epoch 70 | loss: 0.37236 - accuracy: 0.94191
Validating epoch 70 | loss: 0.513 - accuracy: 0.79931
Training epoch 71 | loss: 0.373 - accuracy: 0.93858
Validating epoch 71 | loss: 0.49709 - accuracy: 0.81537
Training epoch 72 | loss: 0.36502 - accuracy: 0.94697
Validating epoch 72 | loss: 0.50862 - accuracy: 0.80505
Training epoch 73 | loss: 0.37072 - accuracy: 0.94104
Validating epoch 73 | loss: 0.49307 - accuracy: 0.81995
Training epoch 74 | loss: 0.36538 - accuracy: 0.94812
Validating epoch 74 | loss: 0.50881 - accuracy: 0.80505
Training epoch 75 | loss: 0.37117 - accuracy: 0.94075
Validating epoch 75 | loss: 0.49467 - accuracy: 0.81422
Training epoch 76 | loss: 0.36406 - accuracy: 0.94841
Validating epoch 76 | loss: 0.4924 - accuracy: 0.81995
Training epoch 77 | loss: 0.36201 - accuracy: 0.95246
Validating epoch 77 | loss: 0.49715 - accuracy: 0.81422
Training epoch 78 | loss: 0.36795 - accuracy: 0.94581
Validating epoch 78 | loss: 0.49671 - accuracy: 0.81422
Training epoch 79 | loss: 0.36423 - accuracy: 0.95014
Validating epoch 79 | loss: 0.48781 - accuracy: 0.82339
Training epoch 80 | loss: 0.35989 - accuracy: 0.95246
Validating epoch 80 | loss: 0.50113 - accuracy: 0.81078
Training epoch 81 | loss: 0.36167 - accuracy: 0.95072
Validating epoch 81 | loss: 0.49506 - accuracy: 0.81881
Training epoch 82 | loss: 0.36507 - accuracy: 0.95419
Validating epoch 82 | loss: 0.49654 - accuracy: 0.81537
Training epoch 83 | loss: 0.35921 - accuracy: 0.95289
Validating epoch 83 | loss: 0.4986 - accuracy: 0.81307
Training epoch 84 | loss: 0.36393 - accuracy: 0.94798
Validating epoch 84 | loss: 0.49644 - accuracy: 0.81651
Training epoch 85 | loss: 0.36492 - accuracy: 0.94682
Validating epoch 85 | loss: 0.51377 - accuracy: 0.79587
Training epoch 86 | loss: 0.36015 - accuracy: 0.95217
Validating epoch 86 | loss: 0.49358 - accuracy: 0.81651
Training epoch 87 | loss: 0.35387 - accuracy: 0.95853
Validating epoch 87 | loss: 0.50418 - accuracy: 0.80734
Training epoch 88 | loss: 0.35925 - accuracy: 0.95303
Validating epoch 88 | loss: 0.50048 - accuracy: 0.81307
Training epoch 89 | loss: 0.36954 - accuracy: 0.94147
Validating epoch 89 | loss: 0.50347 - accuracy: 0.80734
Training epoch 90 | loss: 0.36204 - accuracy: 0.94942
Validating epoch 90 | loss: 0.49557 - accuracy: 0.81766
Training epoch 91 | loss: 0.36563 - accuracy: 0.94812
Validating epoch 91 | loss: 0.49097 - accuracy: 0.81995
Training epoch 92 | loss: 0.36369 - accuracy: 0.95043
Validating epoch 92 | loss: 0.50942 - accuracy: 0.80275
Training epoch 93 | loss: 0.35558 - accuracy: 0.95679
Validating epoch 93 | loss: 0.5003 - accuracy: 0.81193
Training epoch 94 | loss: 0.35509 - accuracy: 0.95723
Validating epoch 94 | loss: 0.51734 - accuracy: 0.79358
Training epoch 95 | loss: 0.35624 - accuracy: 0.95824
Validating epoch 95 | loss: 0.50274 - accuracy: 0.81078
Training epoch 96 | loss: 0.35489 - accuracy: 0.95708
Validating epoch 96 | loss: 0.51103 - accuracy: 0.80161
Training epoch 97 | loss: 0.35485 - accuracy: 0.95766
Validating epoch 97 | loss: 0.50131 - accuracy: 0.81193
Training epoch 98 | loss: 0.35328 - accuracy: 0.9591
Validating epoch 98 | loss: 0.49823 - accuracy: 0.81537
Training epoch 99 | loss: 0.3582 - accuracy: 0.95578
Validating epoch 99 | loss: 0.50606 - accuracy: 0.80505
Dataset is sst, undersample is False, aug mode is trans, geo is 0.8, small_label is 1 small_prop is 0.5, balance_seed is 4
Training epoch 0 | loss: 0.66229 - accuracy: 0.5948
Validating epoch 0 | loss: 0.57502 - accuracy: 0.75803
Training epoch 1 | loss: 0.55285 - accuracy: 0.75506
Validating epoch 1 | loss: 0.52226 - accuracy: 0.77752
Training epoch 2 | loss: 0.51721 - accuracy: 0.78671
Validating epoch 2 | loss: 0.50036 - accuracy: 0.8039
Training epoch 3 | loss: 0.49251 - accuracy: 0.80939
Validating epoch 3 | loss: 0.50367 - accuracy: 0.80619
Training epoch 4 | loss: 0.4861 - accuracy: 0.8237
Validating epoch 4 | loss: 0.51654 - accuracy: 0.79014
Training epoch 5 | loss: 0.48758 - accuracy: 0.81936
Validating epoch 5 | loss: 0.50674 - accuracy: 0.80275
Training epoch 6 | loss: 0.47083 - accuracy: 0.83671
Validating epoch 6 | loss: 0.50733 - accuracy: 0.79931
Training epoch 7 | loss: 0.46935 - accuracy: 0.83931
Validating epoch 7 | loss: 0.49918 - accuracy: 0.81307
Training epoch 8 | loss: 0.46052 - accuracy: 0.85029
Validating epoch 8 | loss: 0.5004 - accuracy: 0.81078
Training epoch 9 | loss: 0.44859 - accuracy: 0.8591
Validating epoch 9 | loss: 0.49719 - accuracy: 0.81537
Training epoch 10 | loss: 0.44535 - accuracy: 0.86879
Validating epoch 10 | loss: 0.49235 - accuracy: 0.81537
Training epoch 11 | loss: 0.42986 - accuracy: 0.88035
Validating epoch 11 | loss: 0.49786 - accuracy: 0.81193
Training epoch 12 | loss: 0.43441 - accuracy: 0.87616
Validating epoch 12 | loss: 0.4947 - accuracy: 0.81537
Training epoch 13 | loss: 0.42993 - accuracy: 0.88136
Validating epoch 13 | loss: 0.50495 - accuracy: 0.80619
Training epoch 14 | loss: 0.43278 - accuracy: 0.8763
Validating epoch 14 | loss: 0.50543 - accuracy: 0.80505
Training epoch 15 | loss: 0.42341 - accuracy: 0.88699
Validating epoch 15 | loss: 0.49935 - accuracy: 0.81307
Training epoch 16 | loss: 0.42515 - accuracy: 0.88685
Validating epoch 16 | loss: 0.5014 - accuracy: 0.80619
Training epoch 17 | loss: 0.41688 - accuracy: 0.89277
Validating epoch 17 | loss: 0.49116 - accuracy: 0.81995
Training epoch 18 | loss: 0.41379 - accuracy: 0.89639
Validating epoch 18 | loss: 0.49455 - accuracy: 0.81651
Training epoch 19 | loss: 0.41334 - accuracy: 0.90332
Validating epoch 19 | loss: 0.49577 - accuracy: 0.81422
Training epoch 20 | loss: 0.42549 - accuracy: 0.88468
Validating epoch 20 | loss: 0.50159 - accuracy: 0.80734
Training epoch 21 | loss: 0.40922 - accuracy: 0.90592
Validating epoch 21 | loss: 0.49207 - accuracy: 0.81766
Training epoch 22 | loss: 0.40314 - accuracy: 0.90997
Validating epoch 22 | loss: 0.49018 - accuracy: 0.82225
Training epoch 23 | loss: 0.40751 - accuracy: 0.90795
Validating epoch 23 | loss: 0.49221 - accuracy: 0.81995
Training epoch 24 | loss: 0.40663 - accuracy: 0.9039
Validating epoch 24 | loss: 0.49309 - accuracy: 0.81537
Training epoch 25 | loss: 0.41113 - accuracy: 0.89827
Validating epoch 25 | loss: 0.50413 - accuracy: 0.80275
Training epoch 26 | loss: 0.39365 - accuracy: 0.92269
Validating epoch 26 | loss: 0.50957 - accuracy: 0.80046
Training epoch 27 | loss: 0.38747 - accuracy: 0.92384
Validating epoch 27 | loss: 0.51666 - accuracy: 0.79472
Training epoch 28 | loss: 0.40807 - accuracy: 0.90188
Validating epoch 28 | loss: 0.49528 - accuracy: 0.81537
Training epoch 29 | loss: 0.38645 - accuracy: 0.92457
Validating epoch 29 | loss: 0.49308 - accuracy: 0.81881
Training epoch 30 | loss: 0.38295 - accuracy: 0.92789
Validating epoch 30 | loss: 0.49343 - accuracy: 0.81881
Training epoch 31 | loss: 0.38484 - accuracy: 0.92587
Validating epoch 31 | loss: 0.51412 - accuracy: 0.79472
Training epoch 32 | loss: 0.38724 - accuracy: 0.92399
Validating epoch 32 | loss: 0.4889 - accuracy: 0.8211
Training epoch 33 | loss: 0.38398 - accuracy: 0.92934
Validating epoch 33 | loss: 0.49379 - accuracy: 0.81651
Training epoch 34 | loss: 0.38334 - accuracy: 0.9276
Validating epoch 34 | loss: 0.48323 - accuracy: 0.82913
Training epoch 35 | loss: 0.38192 - accuracy: 0.93165
Validating epoch 35 | loss: 0.49376 - accuracy: 0.81766
Training epoch 36 | loss: 0.38681 - accuracy: 0.92832
Validating epoch 36 | loss: 0.50735 - accuracy: 0.80505
Training epoch 37 | loss: 0.42112 - accuracy: 0.89075
Validating epoch 37 | loss: 0.49988 - accuracy: 0.81307
Training epoch 38 | loss: 0.3791 - accuracy: 0.93251
Validating epoch 38 | loss: 0.49884 - accuracy: 0.81651
Training epoch 39 | loss: 0.37694 - accuracy: 0.93483
Validating epoch 39 | loss: 0.50056 - accuracy: 0.81422
Training epoch 40 | loss: 0.372 - accuracy: 0.94046
Validating epoch 40 | loss: 0.49812 - accuracy: 0.81537
Training epoch 41 | loss: 0.37316 - accuracy: 0.94061
Validating epoch 41 | loss: 0.49852 - accuracy: 0.81078
Training epoch 42 | loss: 0.37641 - accuracy: 0.93526
Validating epoch 42 | loss: 0.50804 - accuracy: 0.8039
Training epoch 43 | loss: 0.37864 - accuracy: 0.93685
Validating epoch 43 | loss: 0.50655 - accuracy: 0.80734
Training epoch 44 | loss: 0.37465 - accuracy: 0.93988
Validating epoch 44 | loss: 0.49173 - accuracy: 0.81995
Training epoch 45 | loss: 0.36849 - accuracy: 0.94292
Validating epoch 45 | loss: 0.49692 - accuracy: 0.81537
Training epoch 46 | loss: 0.36849 - accuracy: 0.94321
Validating epoch 46 | loss: 0.49829 - accuracy: 0.81537
Training epoch 47 | loss: 0.37567 - accuracy: 0.93772
Validating epoch 47 | loss: 0.50813 - accuracy: 0.80619
Training epoch 48 | loss: 0.37341 - accuracy: 0.93815
Validating epoch 48 | loss: 0.5033 - accuracy: 0.80849
Training epoch 49 | loss: 0.37739 - accuracy: 0.93844
Validating epoch 49 | loss: 0.49442 - accuracy: 0.81651
Training epoch 50 | loss: 0.37426 - accuracy: 0.93945
Validating epoch 50 | loss: 0.51464 - accuracy: 0.79587
Training epoch 51 | loss: 0.37852 - accuracy: 0.93353
Validating epoch 51 | loss: 0.48729 - accuracy: 0.82454
Training epoch 52 | loss: 0.37212 - accuracy: 0.94205
Validating epoch 52 | loss: 0.49556 - accuracy: 0.81537
Training epoch 53 | loss: 0.36913 - accuracy: 0.94523
Validating epoch 53 | loss: 0.48474 - accuracy: 0.82683
Training epoch 54 | loss: 0.36722 - accuracy: 0.94465
Validating epoch 54 | loss: 0.50736 - accuracy: 0.80275
Training epoch 55 | loss: 0.37125 - accuracy: 0.94032
Validating epoch 55 | loss: 0.49097 - accuracy: 0.8211
Training epoch 56 | loss: 0.36764 - accuracy: 0.94422
Validating epoch 56 | loss: 0.4961 - accuracy: 0.81537
Training epoch 57 | loss: 0.36456 - accuracy: 0.94986
Validating epoch 57 | loss: 0.51194 - accuracy: 0.80161
Training epoch 58 | loss: 0.36908 - accuracy: 0.94552
Validating epoch 58 | loss: 0.49816 - accuracy: 0.81422
Training epoch 59 | loss: 0.36691 - accuracy: 0.94538
Validating epoch 59 | loss: 0.49966 - accuracy: 0.81307
Training epoch 60 | loss: 0.3687 - accuracy: 0.94538
Validating epoch 60 | loss: 0.497 - accuracy: 0.81651
Training epoch 61 | loss: 0.36675 - accuracy: 0.94682
Validating epoch 61 | loss: 0.51658 - accuracy: 0.79472
Training epoch 62 | loss: 0.3679 - accuracy: 0.9461
Validating epoch 62 | loss: 0.50724 - accuracy: 0.80505
Training epoch 63 | loss: 0.36707 - accuracy: 0.9474
Validating epoch 63 | loss: 0.48918 - accuracy: 0.82454
Training epoch 64 | loss: 0.36429 - accuracy: 0.94783
Validating epoch 64 | loss: 0.50366 - accuracy: 0.80505
Training epoch 65 | loss: 0.36029 - accuracy: 0.95188
Validating epoch 65 | loss: 0.4957 - accuracy: 0.81766
Training epoch 66 | loss: 0.36321 - accuracy: 0.9513
Validating epoch 66 | loss: 0.49709 - accuracy: 0.81422
Training epoch 67 | loss: 0.36135 - accuracy: 0.95318
Validating epoch 67 | loss: 0.50388 - accuracy: 0.80963
Training epoch 68 | loss: 0.36837 - accuracy: 0.94321
Validating epoch 68 | loss: 0.49718 - accuracy: 0.81537
Training epoch 69 | loss: 0.37329 - accuracy: 0.93873
Validating epoch 69 | loss: 0.50099 - accuracy: 0.81078
Training epoch 70 | loss: 0.36417 - accuracy: 0.94798
Validating epoch 70 | loss: 0.50726 - accuracy: 0.80275
Training epoch 71 | loss: 0.36673 - accuracy: 0.94971
Validating epoch 71 | loss: 0.48913 - accuracy: 0.82454
Training epoch 72 | loss: 0.35984 - accuracy: 0.95231
Validating epoch 72 | loss: 0.49143 - accuracy: 0.8211
Training epoch 73 | loss: 0.3615 - accuracy: 0.95275
Validating epoch 73 | loss: 0.50429 - accuracy: 0.80849
Training epoch 74 | loss: 0.36091 - accuracy: 0.95087
Validating epoch 74 | loss: 0.50103 - accuracy: 0.80963
Training epoch 75 | loss: 0.35595 - accuracy: 0.95621
Validating epoch 75 | loss: 0.49787 - accuracy: 0.81193
Training epoch 76 | loss: 0.36019 - accuracy: 0.95188
Validating epoch 76 | loss: 0.50404 - accuracy: 0.80849
Training epoch 77 | loss: 0.36046 - accuracy: 0.95173
Validating epoch 77 | loss: 0.49032 - accuracy: 0.8211
Training epoch 78 | loss: 0.35834 - accuracy: 0.95621
Validating epoch 78 | loss: 0.49639 - accuracy: 0.81881
Training epoch 79 | loss: 0.37584 - accuracy: 0.94234
Validating epoch 79 | loss: 0.50455 - accuracy: 0.80505
Training epoch 80 | loss: 0.36256 - accuracy: 0.94899
Validating epoch 80 | loss: 0.49246 - accuracy: 0.8211
Training epoch 81 | loss: 0.36011 - accuracy: 0.95202
Validating epoch 81 | loss: 0.50026 - accuracy: 0.81078
Training epoch 82 | loss: 0.35651 - accuracy: 0.95592
Validating epoch 82 | loss: 0.49684 - accuracy: 0.81422
Training epoch 83 | loss: 0.3607 - accuracy: 0.9513
Validating epoch 83 | loss: 0.49051 - accuracy: 0.81995
Training epoch 84 | loss: 0.38716 - accuracy: 0.92399
Validating epoch 84 | loss: 0.50829 - accuracy: 0.8039
Training epoch 85 | loss: 0.37078 - accuracy: 0.94321
Validating epoch 85 | loss: 0.50802 - accuracy: 0.80505
Training epoch 86 | loss: 0.35914 - accuracy: 0.95318
Validating epoch 86 | loss: 0.49358 - accuracy: 0.81881
Training epoch 87 | loss: 0.36994 - accuracy: 0.94436
Validating epoch 87 | loss: 0.49186 - accuracy: 0.82225
Training epoch 88 | loss: 0.36031 - accuracy: 0.95188
Validating epoch 88 | loss: 0.48806 - accuracy: 0.82454
Training epoch 89 | loss: 0.35963 - accuracy: 0.95434
Validating epoch 89 | loss: 0.49676 - accuracy: 0.81537
Training epoch 90 | loss: 0.35782 - accuracy: 0.95448
Validating epoch 90 | loss: 0.48831 - accuracy: 0.82569
Training epoch 91 | loss: 0.35818 - accuracy: 0.95419
Validating epoch 91 | loss: 0.49132 - accuracy: 0.8211
Training epoch 92 | loss: 0.35634 - accuracy: 0.95636
Validating epoch 92 | loss: 0.49647 - accuracy: 0.81651
Training epoch 93 | loss: 0.35646 - accuracy: 0.95592
Validating epoch 93 | loss: 0.49537 - accuracy: 0.81766
Training epoch 94 | loss: 0.35874 - accuracy: 0.95564
Validating epoch 94 | loss: 0.50152 - accuracy: 0.80963
Training epoch 95 | loss: 0.36289 - accuracy: 0.95101
Validating epoch 95 | loss: 0.5052 - accuracy: 0.80849
Training epoch 96 | loss: 0.35452 - accuracy: 0.95853
Validating epoch 96 | loss: 0.49987 - accuracy: 0.81193
Training epoch 97 | loss: 0.36663 - accuracy: 0.9474
Validating epoch 97 | loss: 0.50689 - accuracy: 0.8039
Training epoch 98 | loss: 0.36377 - accuracy: 0.94798
Validating epoch 98 | loss: 0.51371 - accuracy: 0.79817
Training epoch 99 | loss: 0.35727 - accuracy: 0.9552
Validating epoch 99 | loss: 0.51907 - accuracy: 0.79358
Dataset is sst, undersample is False, aug mode is trans, geo is 0.9, small_label is 1 small_prop is 0.5, balance_seed is 4
Training epoch 0 | loss: 0.66385 - accuracy: 0.60072
Validating epoch 0 | loss: 0.64135 - accuracy: 0.64908
Training epoch 1 | loss: 0.55805 - accuracy: 0.74725
Validating epoch 1 | loss: 0.541 - accuracy: 0.7695
Training epoch 2 | loss: 0.51946 - accuracy: 0.78439
Validating epoch 2 | loss: 0.52216 - accuracy: 0.78326
Training epoch 3 | loss: 0.49978 - accuracy: 0.80694
Validating epoch 3 | loss: 0.52346 - accuracy: 0.78326
Training epoch 4 | loss: 0.50002 - accuracy: 0.80434
Validating epoch 4 | loss: 0.51563 - accuracy: 0.79472
Training epoch 5 | loss: 0.4738 - accuracy: 0.82977
Validating epoch 5 | loss: 0.50603 - accuracy: 0.8039
Training epoch 6 | loss: 0.4639 - accuracy: 0.84393
Validating epoch 6 | loss: 0.51194 - accuracy: 0.79472
Training epoch 7 | loss: 0.46749 - accuracy: 0.84422
Validating epoch 7 | loss: 0.5019 - accuracy: 0.80275
Training epoch 8 | loss: 0.45126 - accuracy: 0.86113
Validating epoch 8 | loss: 0.51228 - accuracy: 0.79702
Training epoch 9 | loss: 0.45134 - accuracy: 0.8565
Validating epoch 9 | loss: 0.50072 - accuracy: 0.80505
Training epoch 10 | loss: 0.44194 - accuracy: 0.86546
Validating epoch 10 | loss: 0.52147 - accuracy: 0.78326
Training epoch 11 | loss: 0.45209 - accuracy: 0.85853
Validating epoch 11 | loss: 0.49695 - accuracy: 0.81193
Training epoch 12 | loss: 0.43229 - accuracy: 0.88324
Validating epoch 12 | loss: 0.49575 - accuracy: 0.81651
Training epoch 13 | loss: 0.42601 - accuracy: 0.88613
Validating epoch 13 | loss: 0.50257 - accuracy: 0.80734
Training epoch 14 | loss: 0.42337 - accuracy: 0.8896
Validating epoch 14 | loss: 0.50421 - accuracy: 0.80619
Training epoch 15 | loss: 0.42418 - accuracy: 0.88931
Validating epoch 15 | loss: 0.49489 - accuracy: 0.81651
Training epoch 16 | loss: 0.41875 - accuracy: 0.8909
Validating epoch 16 | loss: 0.49415 - accuracy: 0.81766
Training epoch 17 | loss: 0.41233 - accuracy: 0.89783
Validating epoch 17 | loss: 0.49389 - accuracy: 0.8211
Training epoch 18 | loss: 0.41496 - accuracy: 0.89697
Validating epoch 18 | loss: 0.49488 - accuracy: 0.81766
Training epoch 19 | loss: 0.40827 - accuracy: 0.90231
Validating epoch 19 | loss: 0.50108 - accuracy: 0.81078
Training epoch 20 | loss: 0.40362 - accuracy: 0.90723
Validating epoch 20 | loss: 0.50791 - accuracy: 0.80275
Training epoch 21 | loss: 0.4005 - accuracy: 0.91344
Validating epoch 21 | loss: 0.5045 - accuracy: 0.80849
Training epoch 22 | loss: 0.3992 - accuracy: 0.91228
Validating epoch 22 | loss: 0.5041 - accuracy: 0.80505
Training epoch 23 | loss: 0.43754 - accuracy: 0.87355
Validating epoch 23 | loss: 0.55412 - accuracy: 0.75573
Training epoch 24 | loss: 0.43336 - accuracy: 0.87948
Validating epoch 24 | loss: 0.51532 - accuracy: 0.79702
Training epoch 25 | loss: 0.40916 - accuracy: 0.90303
Validating epoch 25 | loss: 0.50261 - accuracy: 0.81193
Training epoch 26 | loss: 0.40613 - accuracy: 0.90766
Validating epoch 26 | loss: 0.51028 - accuracy: 0.79931
Training epoch 27 | loss: 0.4035 - accuracy: 0.91055
Validating epoch 27 | loss: 0.51525 - accuracy: 0.79472
Training epoch 28 | loss: 0.40913 - accuracy: 0.90145
Validating epoch 28 | loss: 0.50645 - accuracy: 0.80505
Training epoch 29 | loss: 0.40495 - accuracy: 0.91069
Validating epoch 29 | loss: 0.50252 - accuracy: 0.80849
Training epoch 30 | loss: 0.39171 - accuracy: 0.92052
Validating epoch 30 | loss: 0.50273 - accuracy: 0.80734
Training epoch 31 | loss: 0.38876 - accuracy: 0.92341
Validating epoch 31 | loss: 0.49314 - accuracy: 0.81995
Training epoch 32 | loss: 0.3916 - accuracy: 0.92457
Validating epoch 32 | loss: 0.50265 - accuracy: 0.80849
Training epoch 33 | loss: 0.38313 - accuracy: 0.92948
Validating epoch 33 | loss: 0.50653 - accuracy: 0.80734
Training epoch 34 | loss: 0.38347 - accuracy: 0.92818
Validating epoch 34 | loss: 0.50592 - accuracy: 0.80505
Training epoch 35 | loss: 0.38433 - accuracy: 0.92731
Validating epoch 35 | loss: 0.50384 - accuracy: 0.80734
Training epoch 36 | loss: 0.38582 - accuracy: 0.925
Validating epoch 36 | loss: 0.49926 - accuracy: 0.81307
Training epoch 37 | loss: 0.39008 - accuracy: 0.92428
Validating epoch 37 | loss: 0.51318 - accuracy: 0.79931
Training epoch 38 | loss: 0.38443 - accuracy: 0.9263
Validating epoch 38 | loss: 0.49708 - accuracy: 0.81422
Training epoch 39 | loss: 0.38134 - accuracy: 0.93064
Validating epoch 39 | loss: 0.50406 - accuracy: 0.80619
Training epoch 40 | loss: 0.3818 - accuracy: 0.93078
Validating epoch 40 | loss: 0.51464 - accuracy: 0.79587
Training epoch 41 | loss: 0.39075 - accuracy: 0.92298
Validating epoch 41 | loss: 0.50152 - accuracy: 0.81193
Training epoch 42 | loss: 0.37977 - accuracy: 0.93223
Validating epoch 42 | loss: 0.51174 - accuracy: 0.80046
Training epoch 43 | loss: 0.38537 - accuracy: 0.92832
Validating epoch 43 | loss: 0.50312 - accuracy: 0.80849
Training epoch 44 | loss: 0.37789 - accuracy: 0.93584
Validating epoch 44 | loss: 0.51592 - accuracy: 0.79702
Training epoch 45 | loss: 0.38107 - accuracy: 0.93251
Validating epoch 45 | loss: 0.50499 - accuracy: 0.80963
Training epoch 46 | loss: 0.37754 - accuracy: 0.93439
Validating epoch 46 | loss: 0.50419 - accuracy: 0.80734
Training epoch 47 | loss: 0.37463 - accuracy: 0.93772
Validating epoch 47 | loss: 0.5136 - accuracy: 0.79702
Training epoch 48 | loss: 0.37593 - accuracy: 0.93656
Validating epoch 48 | loss: 0.50265 - accuracy: 0.80963
Training epoch 49 | loss: 0.38293 - accuracy: 0.92832
Validating epoch 49 | loss: 0.50579 - accuracy: 0.80505
Training epoch 50 | loss: 0.38254 - accuracy: 0.93078
Validating epoch 50 | loss: 0.5071 - accuracy: 0.80275
Training epoch 51 | loss: 0.37198 - accuracy: 0.94032
Validating epoch 51 | loss: 0.4951 - accuracy: 0.81651
Training epoch 52 | loss: 0.37541 - accuracy: 0.93627
Validating epoch 52 | loss: 0.51487 - accuracy: 0.79702
Training epoch 53 | loss: 0.37533 - accuracy: 0.93642
Validating epoch 53 | loss: 0.50856 - accuracy: 0.80505
Training epoch 54 | loss: 0.37898 - accuracy: 0.93223
Validating epoch 54 | loss: 0.51324 - accuracy: 0.80046
Training epoch 55 | loss: 0.37356 - accuracy: 0.93815
Validating epoch 55 | loss: 0.50331 - accuracy: 0.80849
Training epoch 56 | loss: 0.39437 - accuracy: 0.91618
Validating epoch 56 | loss: 0.51821 - accuracy: 0.79128
Training epoch 57 | loss: 0.38315 - accuracy: 0.92803
Validating epoch 57 | loss: 0.4994 - accuracy: 0.81307
Training epoch 58 | loss: 0.37656 - accuracy: 0.93497
Validating epoch 58 | loss: 0.49962 - accuracy: 0.81193
Training epoch 59 | loss: 0.37523 - accuracy: 0.93656
Validating epoch 59 | loss: 0.49457 - accuracy: 0.81651
Training epoch 60 | loss: 0.36979 - accuracy: 0.94566
Validating epoch 60 | loss: 0.49373 - accuracy: 0.81995
Training epoch 61 | loss: 0.38804 - accuracy: 0.92298
Validating epoch 61 | loss: 0.50583 - accuracy: 0.80619
Training epoch 62 | loss: 0.37801 - accuracy: 0.93772
Validating epoch 62 | loss: 0.49952 - accuracy: 0.81307
Training epoch 63 | loss: 0.37197 - accuracy: 0.94263
Validating epoch 63 | loss: 0.49412 - accuracy: 0.81766
Training epoch 64 | loss: 0.36662 - accuracy: 0.94523
Validating epoch 64 | loss: 0.49114 - accuracy: 0.82225
Training epoch 65 | loss: 0.37007 - accuracy: 0.94422
Validating epoch 65 | loss: 0.49543 - accuracy: 0.81537
Training epoch 66 | loss: 0.37005 - accuracy: 0.94176
Validating epoch 66 | loss: 0.50126 - accuracy: 0.80963
Training epoch 67 | loss: 0.36985 - accuracy: 0.9422
Validating epoch 67 | loss: 0.50852 - accuracy: 0.80275
Training epoch 68 | loss: 0.36677 - accuracy: 0.94509
Validating epoch 68 | loss: 0.49994 - accuracy: 0.81307
Training epoch 69 | loss: 0.38388 - accuracy: 0.9276
Validating epoch 69 | loss: 0.49768 - accuracy: 0.81422
Training epoch 70 | loss: 0.36945 - accuracy: 0.94292
Validating epoch 70 | loss: 0.49805 - accuracy: 0.81651
Training epoch 71 | loss: 0.36767 - accuracy: 0.94494
Validating epoch 71 | loss: 0.5029 - accuracy: 0.81078
Training epoch 72 | loss: 0.36685 - accuracy: 0.94725
Validating epoch 72 | loss: 0.5084 - accuracy: 0.8039
Training epoch 73 | loss: 0.36877 - accuracy: 0.94509
Validating epoch 73 | loss: 0.50069 - accuracy: 0.81193
Training epoch 74 | loss: 0.36925 - accuracy: 0.94249
Validating epoch 74 | loss: 0.49728 - accuracy: 0.81651
Training epoch 75 | loss: 0.36969 - accuracy: 0.94205
Validating epoch 75 | loss: 0.50161 - accuracy: 0.81078
Training epoch 76 | loss: 0.37215 - accuracy: 0.93988
Validating epoch 76 | loss: 0.50654 - accuracy: 0.8039
Training epoch 77 | loss: 0.37006 - accuracy: 0.94393
Validating epoch 77 | loss: 0.50013 - accuracy: 0.81307
Training epoch 78 | loss: 0.36595 - accuracy: 0.94595
Validating epoch 78 | loss: 0.51505 - accuracy: 0.79702
Training epoch 79 | loss: 0.37932 - accuracy: 0.93266
Validating epoch 79 | loss: 0.49411 - accuracy: 0.81881
Training epoch 80 | loss: 0.36934 - accuracy: 0.94249
Validating epoch 80 | loss: 0.49917 - accuracy: 0.81307
Training epoch 81 | loss: 0.36651 - accuracy: 0.94581
Validating epoch 81 | loss: 0.49965 - accuracy: 0.81193
Training epoch 82 | loss: 0.36404 - accuracy: 0.94827
Validating epoch 82 | loss: 0.49592 - accuracy: 0.81766
Training epoch 83 | loss: 0.37485 - accuracy: 0.93685
Validating epoch 83 | loss: 0.49613 - accuracy: 0.81766
Training epoch 84 | loss: 0.37879 - accuracy: 0.93454
Validating epoch 84 | loss: 0.54157 - accuracy: 0.7695
Training epoch 85 | loss: 0.37156 - accuracy: 0.94263
Validating epoch 85 | loss: 0.50431 - accuracy: 0.80849
Training epoch 86 | loss: 0.36861 - accuracy: 0.94552
Validating epoch 86 | loss: 0.51604 - accuracy: 0.79243
Training epoch 87 | loss: 0.37167 - accuracy: 0.94003
Validating epoch 87 | loss: 0.50924 - accuracy: 0.8039
Training epoch 88 | loss: 0.36945 - accuracy: 0.9422
Validating epoch 88 | loss: 0.51771 - accuracy: 0.79472
Training epoch 89 | loss: 0.36454 - accuracy: 0.94783
Validating epoch 89 | loss: 0.5048 - accuracy: 0.80619
Training epoch 90 | loss: 0.36825 - accuracy: 0.95043
Validating epoch 90 | loss: 0.50805 - accuracy: 0.8039
Training epoch 91 | loss: 0.36517 - accuracy: 0.94928
Validating epoch 91 | loss: 0.49945 - accuracy: 0.81422
Training epoch 92 | loss: 0.36246 - accuracy: 0.95217
Validating epoch 92 | loss: 0.49915 - accuracy: 0.81422
Training epoch 93 | loss: 0.36531 - accuracy: 0.94668
Validating epoch 93 | loss: 0.50214 - accuracy: 0.81078
Training epoch 94 | loss: 0.36734 - accuracy: 0.94697
Validating epoch 94 | loss: 0.49329 - accuracy: 0.81766
Training epoch 95 | loss: 0.36608 - accuracy: 0.94855
Validating epoch 95 | loss: 0.49205 - accuracy: 0.81995
Training epoch 96 | loss: 0.37253 - accuracy: 0.93916
Validating epoch 96 | loss: 0.50596 - accuracy: 0.80619
Training epoch 97 | loss: 0.36058 - accuracy: 0.95188
Validating epoch 97 | loss: 0.50142 - accuracy: 0.81193
Training epoch 98 | loss: 0.36444 - accuracy: 0.95014
Validating epoch 98 | loss: 0.5035 - accuracy: 0.81078
Training epoch 99 | loss: 0.36158 - accuracy: 0.95058
Validating epoch 99 | loss: 0.50416 - accuracy: 0.80734
