Dataset is sst, undersample is False, aug mode is None, geo is 0.5, small_label is 0 small_prop is 0.5, balance_seed is 1
Training epoch 0 | loss: 0.65778 - accuracy: 0.60405
Validating epoch 0 | loss: 0.62093 - accuracy: 0.70642
Training epoch 1 | loss: 0.54404 - accuracy: 0.7698
Validating epoch 1 | loss: 0.56175 - accuracy: 0.74885
Training epoch 2 | loss: 0.5069 - accuracy: 0.79754
Validating epoch 2 | loss: 0.5207 - accuracy: 0.78211
Training epoch 3 | loss: 0.49561 - accuracy: 0.80737
Validating epoch 3 | loss: 0.51123 - accuracy: 0.79472
Training epoch 4 | loss: 0.47321 - accuracy: 0.83309
Validating epoch 4 | loss: 0.50071 - accuracy: 0.80505
Training epoch 5 | loss: 0.47945 - accuracy: 0.83049
Validating epoch 5 | loss: 0.50161 - accuracy: 0.80734
Training epoch 6 | loss: 0.46622 - accuracy: 0.84436
Validating epoch 6 | loss: 0.49825 - accuracy: 0.80619
Training epoch 7 | loss: 0.4546 - accuracy: 0.85361
Validating epoch 7 | loss: 0.50025 - accuracy: 0.80619
Training epoch 8 | loss: 0.45109 - accuracy: 0.85983
Validating epoch 8 | loss: 0.52091 - accuracy: 0.78784
Training epoch 9 | loss: 0.44502 - accuracy: 0.86734
Validating epoch 9 | loss: 0.51511 - accuracy: 0.79358
Training epoch 10 | loss: 0.43226 - accuracy: 0.87616
Validating epoch 10 | loss: 0.49833 - accuracy: 0.81537
Training epoch 11 | loss: 0.42287 - accuracy: 0.88801
Validating epoch 11 | loss: 0.50537 - accuracy: 0.8039
Training epoch 12 | loss: 0.42317 - accuracy: 0.88642
Validating epoch 12 | loss: 0.52117 - accuracy: 0.79128
Training epoch 13 | loss: 0.41133 - accuracy: 0.9
Validating epoch 13 | loss: 0.50544 - accuracy: 0.8039
Training epoch 14 | loss: 0.41718 - accuracy: 0.89682
Validating epoch 14 | loss: 0.51749 - accuracy: 0.79358
Training epoch 15 | loss: 0.41998 - accuracy: 0.88988
Validating epoch 15 | loss: 0.52361 - accuracy: 0.78899
Training epoch 16 | loss: 0.40452 - accuracy: 0.90592
Validating epoch 16 | loss: 0.50435 - accuracy: 0.8039
Training epoch 17 | loss: 0.40396 - accuracy: 0.90708
Validating epoch 17 | loss: 0.5108 - accuracy: 0.80046
Training epoch 18 | loss: 0.39723 - accuracy: 0.91329
Validating epoch 18 | loss: 0.49999 - accuracy: 0.80963
Training epoch 19 | loss: 0.4051 - accuracy: 0.90795
Validating epoch 19 | loss: 0.5028 - accuracy: 0.80963
Training epoch 20 | loss: 0.38959 - accuracy: 0.92225
Validating epoch 20 | loss: 0.50233 - accuracy: 0.81078
Training epoch 21 | loss: 0.3959 - accuracy: 0.91893
Validating epoch 21 | loss: 0.56969 - accuracy: 0.74197
Training epoch 22 | loss: 0.47704 - accuracy: 0.82731
Validating epoch 22 | loss: 0.50772 - accuracy: 0.79931
Training epoch 23 | loss: 0.4321 - accuracy: 0.87543
Validating epoch 23 | loss: 0.49749 - accuracy: 0.81193
Training epoch 24 | loss: 0.41623 - accuracy: 0.89277
Validating epoch 24 | loss: 0.4997 - accuracy: 0.80734
Training epoch 25 | loss: 0.40506 - accuracy: 0.90694
Validating epoch 25 | loss: 0.50043 - accuracy: 0.81078
Training epoch 26 | loss: 0.39759 - accuracy: 0.91272
Validating epoch 26 | loss: 0.50235 - accuracy: 0.81193
Training epoch 27 | loss: 0.39895 - accuracy: 0.90939
Validating epoch 27 | loss: 0.50481 - accuracy: 0.80849
Training epoch 28 | loss: 0.3857 - accuracy: 0.92616
Validating epoch 28 | loss: 0.49088 - accuracy: 0.8211
Training epoch 29 | loss: 0.38214 - accuracy: 0.92977
Validating epoch 29 | loss: 0.50697 - accuracy: 0.80046
Training epoch 30 | loss: 0.37658 - accuracy: 0.93743
Validating epoch 30 | loss: 0.51069 - accuracy: 0.8039
Training epoch 31 | loss: 0.38705 - accuracy: 0.925
Validating epoch 31 | loss: 0.50898 - accuracy: 0.80505
Training epoch 32 | loss: 0.37513 - accuracy: 0.93699
Validating epoch 32 | loss: 0.51504 - accuracy: 0.79931
Training epoch 33 | loss: 0.37768 - accuracy: 0.94104
Validating epoch 33 | loss: 0.50871 - accuracy: 0.80275
Training epoch 34 | loss: 0.37311 - accuracy: 0.94017
Validating epoch 34 | loss: 0.49742 - accuracy: 0.81881
Training epoch 35 | loss: 0.40073 - accuracy: 0.91127
Validating epoch 35 | loss: 0.5113 - accuracy: 0.80275
Training epoch 36 | loss: 0.37314 - accuracy: 0.93858
Validating epoch 36 | loss: 0.50857 - accuracy: 0.80619
Training epoch 37 | loss: 0.36944 - accuracy: 0.94205
Validating epoch 37 | loss: 0.50818 - accuracy: 0.8039
Training epoch 38 | loss: 0.36497 - accuracy: 0.94711
Validating epoch 38 | loss: 0.49802 - accuracy: 0.81307
Training epoch 39 | loss: 0.36638 - accuracy: 0.94552
Validating epoch 39 | loss: 0.51341 - accuracy: 0.79472
Training epoch 40 | loss: 0.36273 - accuracy: 0.94957
Validating epoch 40 | loss: 0.51414 - accuracy: 0.79587
Training epoch 41 | loss: 0.35979 - accuracy: 0.9526
Validating epoch 41 | loss: 0.50284 - accuracy: 0.81078
Training epoch 42 | loss: 0.3589 - accuracy: 0.95376
Validating epoch 42 | loss: 0.49802 - accuracy: 0.81422
Training epoch 43 | loss: 0.36329 - accuracy: 0.9487
Validating epoch 43 | loss: 0.50935 - accuracy: 0.80275
Training epoch 44 | loss: 0.36623 - accuracy: 0.94812
Validating epoch 44 | loss: 0.49455 - accuracy: 0.81995
Training epoch 45 | loss: 0.35857 - accuracy: 0.95347
Validating epoch 45 | loss: 0.50181 - accuracy: 0.81193
Training epoch 46 | loss: 0.3603 - accuracy: 0.95188
Validating epoch 46 | loss: 0.50159 - accuracy: 0.80849
Training epoch 47 | loss: 0.36476 - accuracy: 0.94769
Validating epoch 47 | loss: 0.49359 - accuracy: 0.81995
Training epoch 48 | loss: 0.36939 - accuracy: 0.9448
Validating epoch 48 | loss: 0.4924 - accuracy: 0.8211
Training epoch 49 | loss: 0.36197 - accuracy: 0.95072
Validating epoch 49 | loss: 0.52102 - accuracy: 0.79243
Training epoch 50 | loss: 0.36681 - accuracy: 0.94971
Validating epoch 50 | loss: 0.49326 - accuracy: 0.8211
Training epoch 51 | loss: 0.35947 - accuracy: 0.9526
Validating epoch 51 | loss: 0.50762 - accuracy: 0.80505
Training epoch 52 | loss: 0.35915 - accuracy: 0.95318
Validating epoch 52 | loss: 0.51616 - accuracy: 0.79702
Training epoch 53 | loss: 0.35733 - accuracy: 0.95766
Validating epoch 53 | loss: 0.49719 - accuracy: 0.81422
Training epoch 54 | loss: 0.35595 - accuracy: 0.9565
Validating epoch 54 | loss: 0.49706 - accuracy: 0.81537
Training epoch 55 | loss: 0.35383 - accuracy: 0.95867
Validating epoch 55 | loss: 0.49795 - accuracy: 0.81651
Training epoch 56 | loss: 0.35665 - accuracy: 0.95535
Validating epoch 56 | loss: 0.50531 - accuracy: 0.80849
Training epoch 57 | loss: 0.35999 - accuracy: 0.95246
Validating epoch 57 | loss: 0.49166 - accuracy: 0.82225
Training epoch 58 | loss: 0.35549 - accuracy: 0.95737
Validating epoch 58 | loss: 0.49556 - accuracy: 0.81881
Training epoch 59 | loss: 0.37091 - accuracy: 0.94075
Validating epoch 59 | loss: 0.50128 - accuracy: 0.81078
Training epoch 60 | loss: 0.36126 - accuracy: 0.95101
Validating epoch 60 | loss: 0.50532 - accuracy: 0.80849
Training epoch 61 | loss: 0.36368 - accuracy: 0.94827
Validating epoch 61 | loss: 0.52082 - accuracy: 0.79358
Training epoch 62 | loss: 0.36241 - accuracy: 0.95173
Validating epoch 62 | loss: 0.5079 - accuracy: 0.80505
Training epoch 63 | loss: 0.35832 - accuracy: 0.95376
Validating epoch 63 | loss: 0.50511 - accuracy: 0.80849
Training epoch 64 | loss: 0.35577 - accuracy: 0.9591
Validating epoch 64 | loss: 0.50902 - accuracy: 0.8039
Training epoch 65 | loss: 0.35317 - accuracy: 0.95954
Validating epoch 65 | loss: 0.50417 - accuracy: 0.81078
Training epoch 66 | loss: 0.36335 - accuracy: 0.95072
Validating epoch 66 | loss: 0.50113 - accuracy: 0.81193
Training epoch 67 | loss: 0.36053 - accuracy: 0.95145
Validating epoch 67 | loss: 0.50262 - accuracy: 0.80963
Training epoch 68 | loss: 0.35655 - accuracy: 0.95795
Validating epoch 68 | loss: 0.52023 - accuracy: 0.79472
Training epoch 69 | loss: 0.35588 - accuracy: 0.95708
Validating epoch 69 | loss: 0.50488 - accuracy: 0.81078
Training epoch 70 | loss: 0.35145 - accuracy: 0.96113
Validating epoch 70 | loss: 0.49892 - accuracy: 0.81193
Training epoch 71 | loss: 0.35112 - accuracy: 0.96185
Validating epoch 71 | loss: 0.52396 - accuracy: 0.78784
Training epoch 72 | loss: 0.35006 - accuracy: 0.96286
Validating epoch 72 | loss: 0.50819 - accuracy: 0.80619
Training epoch 73 | loss: 0.35274 - accuracy: 0.96199
Validating epoch 73 | loss: 0.50026 - accuracy: 0.81307
Training epoch 74 | loss: 0.35247 - accuracy: 0.95983
Validating epoch 74 | loss: 0.50626 - accuracy: 0.80849
Training epoch 75 | loss: 0.37682 - accuracy: 0.93396
Validating epoch 75 | loss: 0.51963 - accuracy: 0.79243
Training epoch 76 | loss: 0.35803 - accuracy: 0.95665
Validating epoch 76 | loss: 0.51218 - accuracy: 0.80046
Training epoch 77 | loss: 0.3515 - accuracy: 0.96084
Validating epoch 77 | loss: 0.50312 - accuracy: 0.80963
Training epoch 78 | loss: 0.35037 - accuracy: 0.96228
Validating epoch 78 | loss: 0.50675 - accuracy: 0.80505
Training epoch 79 | loss: 0.35529 - accuracy: 0.95708
Validating epoch 79 | loss: 0.52835 - accuracy: 0.78555
Training epoch 80 | loss: 0.36492 - accuracy: 0.9487
Validating epoch 80 | loss: 0.53007 - accuracy: 0.78326
Training epoch 81 | loss: 0.36157 - accuracy: 0.95014
Validating epoch 81 | loss: 0.50176 - accuracy: 0.81078
Training epoch 82 | loss: 0.35618 - accuracy: 0.95607
Validating epoch 82 | loss: 0.51507 - accuracy: 0.79702
Training epoch 83 | loss: 0.35909 - accuracy: 0.95318
Validating epoch 83 | loss: 0.52653 - accuracy: 0.78555
Training epoch 84 | loss: 0.36075 - accuracy: 0.95116
Validating epoch 84 | loss: 0.51893 - accuracy: 0.79358
Training epoch 85 | loss: 0.35516 - accuracy: 0.95708
Validating epoch 85 | loss: 0.50952 - accuracy: 0.80161
Training epoch 86 | loss: 0.35351 - accuracy: 0.95896
Validating epoch 86 | loss: 0.52317 - accuracy: 0.79014
Training epoch 87 | loss: 0.36386 - accuracy: 0.94798
Validating epoch 87 | loss: 0.51763 - accuracy: 0.79702
Training epoch 88 | loss: 0.36547 - accuracy: 0.94697
Validating epoch 88 | loss: 0.51122 - accuracy: 0.80161
Training epoch 89 | loss: 0.35945 - accuracy: 0.95303
Validating epoch 89 | loss: 0.49575 - accuracy: 0.8211
Training epoch 90 | loss: 0.35049 - accuracy: 0.96228
Validating epoch 90 | loss: 0.50596 - accuracy: 0.80734
Training epoch 91 | loss: 0.34828 - accuracy: 0.9646
Validating epoch 91 | loss: 0.50389 - accuracy: 0.81078
Training epoch 92 | loss: 0.34919 - accuracy: 0.96344
Validating epoch 92 | loss: 0.49811 - accuracy: 0.81537
Training epoch 93 | loss: 0.34993 - accuracy: 0.96503
Validating epoch 93 | loss: 0.51718 - accuracy: 0.79702
Training epoch 94 | loss: 0.34691 - accuracy: 0.96575
Validating epoch 94 | loss: 0.52344 - accuracy: 0.79014
Training epoch 95 | loss: 0.35075 - accuracy: 0.96633
Validating epoch 95 | loss: 0.50888 - accuracy: 0.80734
Training epoch 96 | loss: 0.34916 - accuracy: 0.96546
Validating epoch 96 | loss: 0.5035 - accuracy: 0.81193
Training epoch 97 | loss: 0.34777 - accuracy: 0.96488
Validating epoch 97 | loss: 0.50374 - accuracy: 0.80849
Training epoch 98 | loss: 0.34594 - accuracy: 0.96662
Validating epoch 98 | loss: 0.50269 - accuracy: 0.81193
Training epoch 99 | loss: 0.34759 - accuracy: 0.96734
Validating epoch 99 | loss: 0.50242 - accuracy: 0.81422
Dataset is sst, undersample is True, aug mode is None, geo is 0.5, small_label is 0 small_prop is 0.5, balance_seed is 1
Training epoch 0 | loss: 0.68876 - accuracy: 0.52477
Validating epoch 0 | loss: 0.666 - accuracy: 0.70069
Training epoch 1 | loss: 0.61484 - accuracy: 0.7145
Validating epoch 1 | loss: 0.54304 - accuracy: 0.77523
Training epoch 2 | loss: 0.53114 - accuracy: 0.78127
Validating epoch 2 | loss: 0.52154 - accuracy: 0.78096
Training epoch 3 | loss: 0.51568 - accuracy: 0.79063
Validating epoch 3 | loss: 0.51506 - accuracy: 0.79243
Training epoch 4 | loss: 0.49278 - accuracy: 0.81269
Validating epoch 4 | loss: 0.51338 - accuracy: 0.79014
Training epoch 5 | loss: 0.47682 - accuracy: 0.83051
Validating epoch 5 | loss: 0.51503 - accuracy: 0.79358
Training epoch 6 | loss: 0.46722 - accuracy: 0.84169
Validating epoch 6 | loss: 0.52542 - accuracy: 0.77982
Training epoch 7 | loss: 0.47512 - accuracy: 0.83414
Validating epoch 7 | loss: 0.53137 - accuracy: 0.77523
Training epoch 8 | loss: 0.45352 - accuracy: 0.8577
Validating epoch 8 | loss: 0.52317 - accuracy: 0.78211
Training epoch 9 | loss: 0.44997 - accuracy: 0.86163
Validating epoch 9 | loss: 0.51017 - accuracy: 0.79817
Training epoch 10 | loss: 0.45008 - accuracy: 0.86073
Validating epoch 10 | loss: 0.52611 - accuracy: 0.78211
Training epoch 11 | loss: 0.43966 - accuracy: 0.86918
Validating epoch 11 | loss: 0.50845 - accuracy: 0.79587
Training epoch 12 | loss: 0.43046 - accuracy: 0.88157
Validating epoch 12 | loss: 0.51323 - accuracy: 0.79817
Training epoch 13 | loss: 0.44547 - accuracy: 0.86465
Validating epoch 13 | loss: 0.49983 - accuracy: 0.81422
Training epoch 14 | loss: 0.42805 - accuracy: 0.88489
Validating epoch 14 | loss: 0.50488 - accuracy: 0.80619
Training epoch 15 | loss: 0.41975 - accuracy: 0.89184
Validating epoch 15 | loss: 0.50371 - accuracy: 0.80734
Training epoch 16 | loss: 0.40962 - accuracy: 0.90363
Validating epoch 16 | loss: 0.51526 - accuracy: 0.79702
Training epoch 17 | loss: 0.40744 - accuracy: 0.90514
Validating epoch 17 | loss: 0.49929 - accuracy: 0.81193
Training epoch 18 | loss: 0.40075 - accuracy: 0.91208
Validating epoch 18 | loss: 0.49938 - accuracy: 0.81307
Training epoch 19 | loss: 0.41036 - accuracy: 0.90151
Validating epoch 19 | loss: 0.4962 - accuracy: 0.81995
Training epoch 20 | loss: 0.41543 - accuracy: 0.89698
Validating epoch 20 | loss: 0.50302 - accuracy: 0.8039
Training epoch 21 | loss: 0.41336 - accuracy: 0.89758
Validating epoch 21 | loss: 0.52864 - accuracy: 0.78211
Training epoch 22 | loss: 0.41583 - accuracy: 0.89668
Validating epoch 22 | loss: 0.50837 - accuracy: 0.8039
Training epoch 23 | loss: 0.40616 - accuracy: 0.90483
Validating epoch 23 | loss: 0.50995 - accuracy: 0.80161
Training epoch 24 | loss: 0.39444 - accuracy: 0.91813
Validating epoch 24 | loss: 0.50721 - accuracy: 0.80505
Training epoch 25 | loss: 0.40311 - accuracy: 0.90937
Validating epoch 25 | loss: 0.50045 - accuracy: 0.81078
Training epoch 26 | loss: 0.39793 - accuracy: 0.9139
Validating epoch 26 | loss: 0.50621 - accuracy: 0.80505
Training epoch 27 | loss: 0.38701 - accuracy: 0.92598
Validating epoch 27 | loss: 0.50865 - accuracy: 0.79931
Training epoch 28 | loss: 0.39321 - accuracy: 0.91873
Validating epoch 28 | loss: 0.49754 - accuracy: 0.81422
Training epoch 29 | loss: 0.38887 - accuracy: 0.92356
Validating epoch 29 | loss: 0.5075 - accuracy: 0.80046
Training epoch 30 | loss: 0.38018 - accuracy: 0.93293
Validating epoch 30 | loss: 0.50913 - accuracy: 0.80046
Training epoch 31 | loss: 0.38358 - accuracy: 0.92931
Validating epoch 31 | loss: 0.5083 - accuracy: 0.80275
Training epoch 32 | loss: 0.38617 - accuracy: 0.92659
Validating epoch 32 | loss: 0.51623 - accuracy: 0.79472
Training epoch 33 | loss: 0.3801 - accuracy: 0.93323
Validating epoch 33 | loss: 0.51109 - accuracy: 0.80161
Training epoch 34 | loss: 0.3753 - accuracy: 0.93837
Validating epoch 34 | loss: 0.51086 - accuracy: 0.80275
Training epoch 35 | loss: 0.3763 - accuracy: 0.93656
Validating epoch 35 | loss: 0.52002 - accuracy: 0.79358
Training epoch 36 | loss: 0.38644 - accuracy: 0.92628
Validating epoch 36 | loss: 0.51997 - accuracy: 0.79014
Training epoch 37 | loss: 0.3784 - accuracy: 0.93505
Validating epoch 37 | loss: 0.51538 - accuracy: 0.79587
Training epoch 38 | loss: 0.37676 - accuracy: 0.93656
Validating epoch 38 | loss: 0.51225 - accuracy: 0.80161
Training epoch 39 | loss: 0.37462 - accuracy: 0.93867
Validating epoch 39 | loss: 0.49308 - accuracy: 0.81995
Training epoch 40 | loss: 0.37202 - accuracy: 0.94139
Validating epoch 40 | loss: 0.50699 - accuracy: 0.80275
Training epoch 41 | loss: 0.37299 - accuracy: 0.93958
Validating epoch 41 | loss: 0.49999 - accuracy: 0.81422
Training epoch 42 | loss: 0.37524 - accuracy: 0.93776
Validating epoch 42 | loss: 0.5003 - accuracy: 0.81193
Training epoch 43 | loss: 0.37007 - accuracy: 0.9426
Validating epoch 43 | loss: 0.50401 - accuracy: 0.80849
Training epoch 44 | loss: 0.37239 - accuracy: 0.94079
Validating epoch 44 | loss: 0.51382 - accuracy: 0.79931
Training epoch 45 | loss: 0.37022 - accuracy: 0.9426
Validating epoch 45 | loss: 0.51754 - accuracy: 0.79128
Training epoch 46 | loss: 0.37347 - accuracy: 0.93958
Validating epoch 46 | loss: 0.51293 - accuracy: 0.79472
Training epoch 47 | loss: 0.37339 - accuracy: 0.93897
Validating epoch 47 | loss: 0.50965 - accuracy: 0.80275
Training epoch 48 | loss: 0.37512 - accuracy: 0.93837
Validating epoch 48 | loss: 0.51386 - accuracy: 0.79817
Training epoch 49 | loss: 0.37601 - accuracy: 0.93686
Validating epoch 49 | loss: 0.5104 - accuracy: 0.79931
Training epoch 50 | loss: 0.39733 - accuracy: 0.91541
Validating epoch 50 | loss: 0.51138 - accuracy: 0.80161
Training epoch 51 | loss: 0.38122 - accuracy: 0.93112
Validating epoch 51 | loss: 0.50029 - accuracy: 0.81193
Training epoch 52 | loss: 0.37195 - accuracy: 0.94139
Validating epoch 52 | loss: 0.50056 - accuracy: 0.81193
Training epoch 53 | loss: 0.36767 - accuracy: 0.94592
Validating epoch 53 | loss: 0.50835 - accuracy: 0.80505
Training epoch 54 | loss: 0.36769 - accuracy: 0.94502
Validating epoch 54 | loss: 0.51278 - accuracy: 0.80046
Training epoch 55 | loss: 0.36871 - accuracy: 0.94502
Validating epoch 55 | loss: 0.51138 - accuracy: 0.80275
Training epoch 56 | loss: 0.36844 - accuracy: 0.94471
Validating epoch 56 | loss: 0.50586 - accuracy: 0.80734
Training epoch 57 | loss: 0.36668 - accuracy: 0.94592
Validating epoch 57 | loss: 0.50106 - accuracy: 0.81078
Training epoch 58 | loss: 0.36495 - accuracy: 0.94804
Validating epoch 58 | loss: 0.52055 - accuracy: 0.79014
Training epoch 59 | loss: 0.37706 - accuracy: 0.93474
Validating epoch 59 | loss: 0.49545 - accuracy: 0.81881
Training epoch 60 | loss: 0.37178 - accuracy: 0.94109
Validating epoch 60 | loss: 0.5043 - accuracy: 0.80734
Training epoch 61 | loss: 0.38996 - accuracy: 0.92266
Validating epoch 61 | loss: 0.51536 - accuracy: 0.79472
Training epoch 62 | loss: 0.38245 - accuracy: 0.92961
Validating epoch 62 | loss: 0.51002 - accuracy: 0.80505
Training epoch 63 | loss: 0.36528 - accuracy: 0.94804
Validating epoch 63 | loss: 0.50906 - accuracy: 0.8039
Training epoch 64 | loss: 0.37854 - accuracy: 0.93444
Validating epoch 64 | loss: 0.51039 - accuracy: 0.80275
Training epoch 65 | loss: 0.3774 - accuracy: 0.93535
Validating epoch 65 | loss: 0.51358 - accuracy: 0.79931
Training epoch 66 | loss: 0.37081 - accuracy: 0.9423
Validating epoch 66 | loss: 0.50967 - accuracy: 0.8039
Training epoch 67 | loss: 0.36408 - accuracy: 0.94924
Validating epoch 67 | loss: 0.50603 - accuracy: 0.80734
Training epoch 68 | loss: 0.36625 - accuracy: 0.94683
Validating epoch 68 | loss: 0.51778 - accuracy: 0.79358
Training epoch 69 | loss: 0.36222 - accuracy: 0.95076
Validating epoch 69 | loss: 0.50459 - accuracy: 0.80734
Training epoch 70 | loss: 0.36105 - accuracy: 0.95257
Validating epoch 70 | loss: 0.50734 - accuracy: 0.80619
Training epoch 71 | loss: 0.36148 - accuracy: 0.95227
Validating epoch 71 | loss: 0.50216 - accuracy: 0.81307
Training epoch 72 | loss: 0.36119 - accuracy: 0.95196
Validating epoch 72 | loss: 0.5094 - accuracy: 0.80275
Training epoch 73 | loss: 0.35972 - accuracy: 0.95378
Validating epoch 73 | loss: 0.50378 - accuracy: 0.80963
Training epoch 74 | loss: 0.35938 - accuracy: 0.95408
Validating epoch 74 | loss: 0.51704 - accuracy: 0.79587
Training epoch 75 | loss: 0.36181 - accuracy: 0.95166
Validating epoch 75 | loss: 0.51543 - accuracy: 0.79702
Training epoch 76 | loss: 0.37423 - accuracy: 0.93776
Validating epoch 76 | loss: 0.50681 - accuracy: 0.8039
Training epoch 77 | loss: 0.37891 - accuracy: 0.93293
Validating epoch 77 | loss: 0.5204 - accuracy: 0.79128
Training epoch 78 | loss: 0.36825 - accuracy: 0.94502
Validating epoch 78 | loss: 0.51673 - accuracy: 0.79587
Training epoch 79 | loss: 0.36614 - accuracy: 0.94683
Validating epoch 79 | loss: 0.51771 - accuracy: 0.79472
Training epoch 80 | loss: 0.37255 - accuracy: 0.93988
Validating epoch 80 | loss: 0.51051 - accuracy: 0.80161
Training epoch 81 | loss: 0.38297 - accuracy: 0.92991
Validating epoch 81 | loss: 0.52099 - accuracy: 0.79128
Training epoch 82 | loss: 0.36919 - accuracy: 0.94381
Validating epoch 82 | loss: 0.50952 - accuracy: 0.80275
Training epoch 83 | loss: 0.36371 - accuracy: 0.94894
Validating epoch 83 | loss: 0.51271 - accuracy: 0.79817
Training epoch 84 | loss: 0.38573 - accuracy: 0.92689
Validating epoch 84 | loss: 0.51796 - accuracy: 0.79472
Training epoch 85 | loss: 0.38809 - accuracy: 0.92447
Validating epoch 85 | loss: 0.52449 - accuracy: 0.78899
Training epoch 86 | loss: 0.37906 - accuracy: 0.93414
Validating epoch 86 | loss: 0.50879 - accuracy: 0.8039
Training epoch 87 | loss: 0.38009 - accuracy: 0.93172
Validating epoch 87 | loss: 0.51497 - accuracy: 0.79702
Training epoch 88 | loss: 0.40458 - accuracy: 0.90695
Validating epoch 88 | loss: 0.52207 - accuracy: 0.78784
Training epoch 89 | loss: 0.37283 - accuracy: 0.93927
Validating epoch 89 | loss: 0.51889 - accuracy: 0.79358
Training epoch 90 | loss: 0.36244 - accuracy: 0.95015
Validating epoch 90 | loss: 0.51771 - accuracy: 0.79587
Training epoch 91 | loss: 0.36088 - accuracy: 0.95196
Validating epoch 91 | loss: 0.50936 - accuracy: 0.80505
Training epoch 92 | loss: 0.35808 - accuracy: 0.95468
Validating epoch 92 | loss: 0.50694 - accuracy: 0.80734
Training epoch 93 | loss: 0.36264 - accuracy: 0.95015
Validating epoch 93 | loss: 0.51644 - accuracy: 0.79358
Training epoch 94 | loss: 0.36443 - accuracy: 0.94834
Validating epoch 94 | loss: 0.5139 - accuracy: 0.79817
Training epoch 95 | loss: 0.36383 - accuracy: 0.94864
Validating epoch 95 | loss: 0.50801 - accuracy: 0.80275
Training epoch 96 | loss: 0.35872 - accuracy: 0.95468
Validating epoch 96 | loss: 0.5215 - accuracy: 0.79243
Training epoch 97 | loss: 0.39027 - accuracy: 0.92266
Validating epoch 97 | loss: 0.51908 - accuracy: 0.79243
Training epoch 98 | loss: 0.36701 - accuracy: 0.94562
Validating epoch 98 | loss: 0.51518 - accuracy: 0.79472
Training epoch 99 | loss: 0.36068 - accuracy: 0.95287
Validating epoch 99 | loss: 0.50924 - accuracy: 0.8039
Dataset is sst, undersample is False, aug mode is trans, geo is 0.3, small_label is 0 small_prop is 0.5, balance_seed is 1
Training epoch 0 | loss: 0.65163 - accuracy: 0.62717
Validating epoch 0 | loss: 0.54142 - accuracy: 0.77867
Training epoch 1 | loss: 0.52828 - accuracy: 0.77572
Validating epoch 1 | loss: 0.53548 - accuracy: 0.77523
Training epoch 2 | loss: 0.52724 - accuracy: 0.7776
Validating epoch 2 | loss: 0.51876 - accuracy: 0.79472
Training epoch 3 | loss: 0.50369 - accuracy: 0.80318
Validating epoch 3 | loss: 0.52188 - accuracy: 0.78899
Training epoch 4 | loss: 0.4994 - accuracy: 0.81171
Validating epoch 4 | loss: 0.50999 - accuracy: 0.80849
Training epoch 5 | loss: 0.48402 - accuracy: 0.82312
Validating epoch 5 | loss: 0.50606 - accuracy: 0.80619
Training epoch 6 | loss: 0.48327 - accuracy: 0.8263
Validating epoch 6 | loss: 0.50642 - accuracy: 0.8039
Training epoch 7 | loss: 0.46787 - accuracy: 0.83671
Validating epoch 7 | loss: 0.5032 - accuracy: 0.80734
Training epoch 8 | loss: 0.47281 - accuracy: 0.83627
Validating epoch 8 | loss: 0.5051 - accuracy: 0.80275
Training epoch 9 | loss: 0.45941 - accuracy: 0.85014
Validating epoch 9 | loss: 0.49767 - accuracy: 0.80963
Training epoch 10 | loss: 0.47039 - accuracy: 0.83569
Validating epoch 10 | loss: 0.49253 - accuracy: 0.81537
Training epoch 11 | loss: 0.46477 - accuracy: 0.84003
Validating epoch 11 | loss: 0.50228 - accuracy: 0.8039
Training epoch 12 | loss: 0.45388 - accuracy: 0.85578
Validating epoch 12 | loss: 0.51668 - accuracy: 0.7867
Training epoch 13 | loss: 0.45098 - accuracy: 0.85578
Validating epoch 13 | loss: 0.51289 - accuracy: 0.79702
Training epoch 14 | loss: 0.43559 - accuracy: 0.87197
Validating epoch 14 | loss: 0.511 - accuracy: 0.80046
Training epoch 15 | loss: 0.44268 - accuracy: 0.86864
Validating epoch 15 | loss: 0.51004 - accuracy: 0.80046
Training epoch 16 | loss: 0.43777 - accuracy: 0.87442
Validating epoch 16 | loss: 0.50606 - accuracy: 0.8039
Training epoch 17 | loss: 0.45135 - accuracy: 0.85477
Validating epoch 17 | loss: 0.51925 - accuracy: 0.78784
Training epoch 18 | loss: 0.42892 - accuracy: 0.8841
Validating epoch 18 | loss: 0.5046 - accuracy: 0.8039
Training epoch 19 | loss: 0.42122 - accuracy: 0.89003
Validating epoch 19 | loss: 0.51078 - accuracy: 0.79702
Training epoch 20 | loss: 0.42987 - accuracy: 0.88223
Validating epoch 20 | loss: 0.50481 - accuracy: 0.80275
Training epoch 21 | loss: 0.42042 - accuracy: 0.88714
Validating epoch 21 | loss: 0.51036 - accuracy: 0.80046
Training epoch 22 | loss: 0.42426 - accuracy: 0.88555
Validating epoch 22 | loss: 0.5011 - accuracy: 0.80963
Training epoch 23 | loss: 0.41635 - accuracy: 0.89408
Validating epoch 23 | loss: 0.50372 - accuracy: 0.8039
Training epoch 24 | loss: 0.43446 - accuracy: 0.87645
Validating epoch 24 | loss: 0.5014 - accuracy: 0.81078
Training epoch 25 | loss: 0.41936 - accuracy: 0.89075
Validating epoch 25 | loss: 0.49721 - accuracy: 0.81422
Training epoch 26 | loss: 0.40638 - accuracy: 0.90549
Validating epoch 26 | loss: 0.49692 - accuracy: 0.81651
Training epoch 27 | loss: 0.40621 - accuracy: 0.90592
Validating epoch 27 | loss: 0.49463 - accuracy: 0.81766
Training epoch 28 | loss: 0.40633 - accuracy: 0.90491
Validating epoch 28 | loss: 0.51145 - accuracy: 0.80046
Training epoch 29 | loss: 0.40193 - accuracy: 0.90925
Validating epoch 29 | loss: 0.49833 - accuracy: 0.81193
Training epoch 30 | loss: 0.40703 - accuracy: 0.90246
Validating epoch 30 | loss: 0.49666 - accuracy: 0.81078
Training epoch 31 | loss: 0.39891 - accuracy: 0.91647
Validating epoch 31 | loss: 0.49244 - accuracy: 0.81881
Training epoch 32 | loss: 0.39295 - accuracy: 0.91965
Validating epoch 32 | loss: 0.49434 - accuracy: 0.81307
Training epoch 33 | loss: 0.38806 - accuracy: 0.92428
Validating epoch 33 | loss: 0.50913 - accuracy: 0.80275
Training epoch 34 | loss: 0.39398 - accuracy: 0.92023
Validating epoch 34 | loss: 0.49594 - accuracy: 0.81766
Training epoch 35 | loss: 0.38496 - accuracy: 0.92876
Validating epoch 35 | loss: 0.50969 - accuracy: 0.8039
Training epoch 36 | loss: 0.38692 - accuracy: 0.925
Validating epoch 36 | loss: 0.49525 - accuracy: 0.81651
Training epoch 37 | loss: 0.37861 - accuracy: 0.93208
Validating epoch 37 | loss: 0.49656 - accuracy: 0.81307
Training epoch 38 | loss: 0.37432 - accuracy: 0.93801
Validating epoch 38 | loss: 0.48702 - accuracy: 0.82569
Training epoch 39 | loss: 0.38958 - accuracy: 0.92038
Validating epoch 39 | loss: 0.49106 - accuracy: 0.82225
Training epoch 40 | loss: 0.38184 - accuracy: 0.92832
Validating epoch 40 | loss: 0.50135 - accuracy: 0.80619
Training epoch 41 | loss: 0.38237 - accuracy: 0.93064
Validating epoch 41 | loss: 0.50617 - accuracy: 0.8039
Training epoch 42 | loss: 0.39152 - accuracy: 0.91864
Validating epoch 42 | loss: 0.52014 - accuracy: 0.79358
Training epoch 43 | loss: 0.41966 - accuracy: 0.89061
Validating epoch 43 | loss: 0.53496 - accuracy: 0.76835
Training epoch 44 | loss: 0.4081 - accuracy: 0.90376
Validating epoch 44 | loss: 0.49767 - accuracy: 0.81307
Training epoch 45 | loss: 0.38209 - accuracy: 0.92934
Validating epoch 45 | loss: 0.50953 - accuracy: 0.80275
Training epoch 46 | loss: 0.37879 - accuracy: 0.9328
Validating epoch 46 | loss: 0.5004 - accuracy: 0.80734
Training epoch 47 | loss: 0.39116 - accuracy: 0.9198
Validating epoch 47 | loss: 0.50188 - accuracy: 0.80963
Training epoch 48 | loss: 0.37557 - accuracy: 0.93685
Validating epoch 48 | loss: 0.49999 - accuracy: 0.81193
Training epoch 49 | loss: 0.36508 - accuracy: 0.94682
Validating epoch 49 | loss: 0.52271 - accuracy: 0.7867
Training epoch 50 | loss: 0.37288 - accuracy: 0.93916
Validating epoch 50 | loss: 0.51264 - accuracy: 0.79587
Training epoch 51 | loss: 0.37171 - accuracy: 0.93916
Validating epoch 51 | loss: 0.50134 - accuracy: 0.80963
Training epoch 52 | loss: 0.36832 - accuracy: 0.94277
Validating epoch 52 | loss: 0.48761 - accuracy: 0.82339
Training epoch 53 | loss: 0.36585 - accuracy: 0.94566
Validating epoch 53 | loss: 0.49636 - accuracy: 0.81537
Training epoch 54 | loss: 0.36991 - accuracy: 0.94595
Validating epoch 54 | loss: 0.49937 - accuracy: 0.81307
Training epoch 55 | loss: 0.36543 - accuracy: 0.94653
Validating epoch 55 | loss: 0.49102 - accuracy: 0.81995
Training epoch 56 | loss: 0.36561 - accuracy: 0.94581
Validating epoch 56 | loss: 0.49389 - accuracy: 0.81766
Training epoch 57 | loss: 0.3666 - accuracy: 0.94509
Validating epoch 57 | loss: 0.49888 - accuracy: 0.81078
Training epoch 58 | loss: 0.3696 - accuracy: 0.94451
Validating epoch 58 | loss: 0.49946 - accuracy: 0.81422
Training epoch 59 | loss: 0.36705 - accuracy: 0.94725
Validating epoch 59 | loss: 0.49128 - accuracy: 0.8211
Training epoch 60 | loss: 0.37157 - accuracy: 0.94277
Validating epoch 60 | loss: 0.51728 - accuracy: 0.79128
Training epoch 61 | loss: 0.37244 - accuracy: 0.94364
Validating epoch 61 | loss: 0.49551 - accuracy: 0.81537
Training epoch 62 | loss: 0.36249 - accuracy: 0.94986
Validating epoch 62 | loss: 0.50492 - accuracy: 0.80275
Training epoch 63 | loss: 0.36813 - accuracy: 0.94509
Validating epoch 63 | loss: 0.49621 - accuracy: 0.81307
Training epoch 64 | loss: 0.36162 - accuracy: 0.95043
Validating epoch 64 | loss: 0.50286 - accuracy: 0.80849
Training epoch 65 | loss: 0.36164 - accuracy: 0.95043
Validating epoch 65 | loss: 0.50149 - accuracy: 0.80963
Training epoch 66 | loss: 0.35863 - accuracy: 0.95347
Validating epoch 66 | loss: 0.49364 - accuracy: 0.81766
Training epoch 67 | loss: 0.36932 - accuracy: 0.94653
Validating epoch 67 | loss: 0.5053 - accuracy: 0.80275
Training epoch 68 | loss: 0.37182 - accuracy: 0.94191
Validating epoch 68 | loss: 0.52464 - accuracy: 0.7867
Training epoch 69 | loss: 0.37755 - accuracy: 0.93425
Validating epoch 69 | loss: 0.51709 - accuracy: 0.79702
Training epoch 70 | loss: 0.36597 - accuracy: 0.94552
Validating epoch 70 | loss: 0.50364 - accuracy: 0.80849
Training epoch 71 | loss: 0.36407 - accuracy: 0.95
Validating epoch 71 | loss: 0.51079 - accuracy: 0.79702
Training epoch 72 | loss: 0.36579 - accuracy: 0.94595
Validating epoch 72 | loss: 0.50714 - accuracy: 0.80505
Training epoch 73 | loss: 0.37055 - accuracy: 0.94104
Validating epoch 73 | loss: 0.48334 - accuracy: 0.82683
Training epoch 74 | loss: 0.36378 - accuracy: 0.94812
Validating epoch 74 | loss: 0.49229 - accuracy: 0.81766
Training epoch 75 | loss: 0.35625 - accuracy: 0.95838
Validating epoch 75 | loss: 0.49605 - accuracy: 0.81307
Training epoch 76 | loss: 0.3633 - accuracy: 0.95072
Validating epoch 76 | loss: 0.51752 - accuracy: 0.79128
Training epoch 77 | loss: 0.36324 - accuracy: 0.94884
Validating epoch 77 | loss: 0.49063 - accuracy: 0.8211
Training epoch 78 | loss: 0.3678 - accuracy: 0.94379
Validating epoch 78 | loss: 0.51827 - accuracy: 0.79358
Training epoch 79 | loss: 0.36701 - accuracy: 0.94827
Validating epoch 79 | loss: 0.51032 - accuracy: 0.80161
Training epoch 80 | loss: 0.35952 - accuracy: 0.95231
Validating epoch 80 | loss: 0.51427 - accuracy: 0.79817
Training epoch 81 | loss: 0.35347 - accuracy: 0.95867
Validating epoch 81 | loss: 0.51025 - accuracy: 0.80275
Training epoch 82 | loss: 0.36046 - accuracy: 0.95347
Validating epoch 82 | loss: 0.5125 - accuracy: 0.80046
Training epoch 83 | loss: 0.3575 - accuracy: 0.95477
Validating epoch 83 | loss: 0.5139 - accuracy: 0.79817
Training epoch 84 | loss: 0.35239 - accuracy: 0.95983
Validating epoch 84 | loss: 0.50581 - accuracy: 0.8039
Training epoch 85 | loss: 0.35287 - accuracy: 0.95896
Validating epoch 85 | loss: 0.51148 - accuracy: 0.79817
Training epoch 86 | loss: 0.35673 - accuracy: 0.95549
Validating epoch 86 | loss: 0.516 - accuracy: 0.79587
Training epoch 87 | loss: 0.35263 - accuracy: 0.95968
Validating epoch 87 | loss: 0.51434 - accuracy: 0.79587
Training epoch 88 | loss: 0.35166 - accuracy: 0.96084
Validating epoch 88 | loss: 0.51338 - accuracy: 0.79931
Training epoch 89 | loss: 0.36172 - accuracy: 0.95043
Validating epoch 89 | loss: 0.51328 - accuracy: 0.79472
Training epoch 90 | loss: 0.35925 - accuracy: 0.95462
Validating epoch 90 | loss: 0.50342 - accuracy: 0.80619
Training epoch 91 | loss: 0.35753 - accuracy: 0.95448
Validating epoch 91 | loss: 0.51623 - accuracy: 0.79472
Training epoch 92 | loss: 0.35776 - accuracy: 0.95592
Validating epoch 92 | loss: 0.5169 - accuracy: 0.79472
Training epoch 93 | loss: 0.35011 - accuracy: 0.96228
Validating epoch 93 | loss: 0.51143 - accuracy: 0.79931
Training epoch 94 | loss: 0.35221 - accuracy: 0.9604
Validating epoch 94 | loss: 0.50365 - accuracy: 0.80849
Training epoch 95 | loss: 0.35475 - accuracy: 0.95925
Validating epoch 95 | loss: 0.49628 - accuracy: 0.81651
Training epoch 96 | loss: 0.35147 - accuracy: 0.96286
Validating epoch 96 | loss: 0.51642 - accuracy: 0.79472
Training epoch 97 | loss: 0.35577 - accuracy: 0.9565
Validating epoch 97 | loss: 0.50863 - accuracy: 0.80161
Training epoch 98 | loss: 0.36204 - accuracy: 0.95029
Validating epoch 98 | loss: 0.50733 - accuracy: 0.80505
Training epoch 99 | loss: 0.35437 - accuracy: 0.95766
Validating epoch 99 | loss: 0.50841 - accuracy: 0.8039
Dataset is sst, undersample is False, aug mode is trans, geo is 0.4, small_label is 0 small_prop is 0.5, balance_seed is 1
Training epoch 0 | loss: 0.65237 - accuracy: 0.63728
Validating epoch 0 | loss: 0.57253 - accuracy: 0.73509
Training epoch 1 | loss: 0.54552 - accuracy: 0.76879
Validating epoch 1 | loss: 0.51801 - accuracy: 0.79014
Training epoch 2 | loss: 0.52094 - accuracy: 0.78251
Validating epoch 2 | loss: 0.50651 - accuracy: 0.8039
Training epoch 3 | loss: 0.49902 - accuracy: 0.80419
Validating epoch 3 | loss: 0.51794 - accuracy: 0.79128
Training epoch 4 | loss: 0.49707 - accuracy: 0.81214
Validating epoch 4 | loss: 0.5152 - accuracy: 0.78899
Training epoch 5 | loss: 0.48591 - accuracy: 0.81994
Validating epoch 5 | loss: 0.5197 - accuracy: 0.7844
Training epoch 6 | loss: 0.481 - accuracy: 0.82428
Validating epoch 6 | loss: 0.50785 - accuracy: 0.79587
Training epoch 7 | loss: 0.48212 - accuracy: 0.82645
Validating epoch 7 | loss: 0.53328 - accuracy: 0.77408
Training epoch 8 | loss: 0.4688 - accuracy: 0.83786
Validating epoch 8 | loss: 0.48888 - accuracy: 0.82339
Training epoch 9 | loss: 0.45252 - accuracy: 0.85405
Validating epoch 9 | loss: 0.4901 - accuracy: 0.82454
Training epoch 10 | loss: 0.45108 - accuracy: 0.85694
Validating epoch 10 | loss: 0.49528 - accuracy: 0.80734
Training epoch 11 | loss: 0.4502 - accuracy: 0.86243
Validating epoch 11 | loss: 0.50075 - accuracy: 0.80849
Training epoch 12 | loss: 0.43968 - accuracy: 0.87023
Validating epoch 12 | loss: 0.49769 - accuracy: 0.81193
Training epoch 13 | loss: 0.43549 - accuracy: 0.87572
Validating epoch 13 | loss: 0.49555 - accuracy: 0.81193
Training epoch 14 | loss: 0.43118 - accuracy: 0.88078
Validating epoch 14 | loss: 0.50736 - accuracy: 0.80734
Training epoch 15 | loss: 0.43876 - accuracy: 0.87081
Validating epoch 15 | loss: 0.50015 - accuracy: 0.81078
Training epoch 16 | loss: 0.41969 - accuracy: 0.88902
Validating epoch 16 | loss: 0.50169 - accuracy: 0.80963
Training epoch 17 | loss: 0.41786 - accuracy: 0.89292
Validating epoch 17 | loss: 0.4909 - accuracy: 0.81766
Training epoch 18 | loss: 0.4207 - accuracy: 0.89118
Validating epoch 18 | loss: 0.49092 - accuracy: 0.81078
Training epoch 19 | loss: 0.40904 - accuracy: 0.9
Validating epoch 19 | loss: 0.49577 - accuracy: 0.81537
Training epoch 20 | loss: 0.40058 - accuracy: 0.90997
Validating epoch 20 | loss: 0.49408 - accuracy: 0.81651
Training epoch 21 | loss: 0.41136 - accuracy: 0.89986
Validating epoch 21 | loss: 0.48689 - accuracy: 0.82683
Training epoch 22 | loss: 0.39983 - accuracy: 0.91243
Validating epoch 22 | loss: 0.49156 - accuracy: 0.81995
Training epoch 23 | loss: 0.40511 - accuracy: 0.90477
Validating epoch 23 | loss: 0.50525 - accuracy: 0.80849
Training epoch 24 | loss: 0.40468 - accuracy: 0.90694
Validating epoch 24 | loss: 0.4976 - accuracy: 0.81307
Training epoch 25 | loss: 0.39632 - accuracy: 0.91431
Validating epoch 25 | loss: 0.50642 - accuracy: 0.80505
Training epoch 26 | loss: 0.3944 - accuracy: 0.91662
Validating epoch 26 | loss: 0.49953 - accuracy: 0.81193
Training epoch 27 | loss: 0.40254 - accuracy: 0.90983
Validating epoch 27 | loss: 0.5108 - accuracy: 0.79931
Training epoch 28 | loss: 0.4042 - accuracy: 0.90665
Validating epoch 28 | loss: 0.50991 - accuracy: 0.80046
Training epoch 29 | loss: 0.39591 - accuracy: 0.91647
Validating epoch 29 | loss: 0.49594 - accuracy: 0.81307
Training epoch 30 | loss: 0.39398 - accuracy: 0.91662
Validating epoch 30 | loss: 0.50831 - accuracy: 0.80275
Training epoch 31 | loss: 0.39257 - accuracy: 0.92225
Validating epoch 31 | loss: 0.49883 - accuracy: 0.81307
Training epoch 32 | loss: 0.39555 - accuracy: 0.9159
Validating epoch 32 | loss: 0.49822 - accuracy: 0.81193
Training epoch 33 | loss: 0.39634 - accuracy: 0.91373
Validating epoch 33 | loss: 0.48782 - accuracy: 0.81995
Training epoch 34 | loss: 0.3945 - accuracy: 0.91561
Validating epoch 34 | loss: 0.49829 - accuracy: 0.81193
Training epoch 35 | loss: 0.38038 - accuracy: 0.93092
Validating epoch 35 | loss: 0.5083 - accuracy: 0.79817
Training epoch 36 | loss: 0.38529 - accuracy: 0.92587
Validating epoch 36 | loss: 0.50683 - accuracy: 0.80619
Training epoch 37 | loss: 0.38994 - accuracy: 0.92312
Validating epoch 37 | loss: 0.49963 - accuracy: 0.81193
Training epoch 38 | loss: 0.38687 - accuracy: 0.92413
Validating epoch 38 | loss: 0.52035 - accuracy: 0.78784
Training epoch 39 | loss: 0.38521 - accuracy: 0.92572
Validating epoch 39 | loss: 0.49832 - accuracy: 0.81422
Training epoch 40 | loss: 0.38099 - accuracy: 0.92905
Validating epoch 40 | loss: 0.50699 - accuracy: 0.80505
Training epoch 41 | loss: 0.37705 - accuracy: 0.9341
Validating epoch 41 | loss: 0.49995 - accuracy: 0.81193
Training epoch 42 | loss: 0.38509 - accuracy: 0.9276
Validating epoch 42 | loss: 0.50237 - accuracy: 0.80619
Training epoch 43 | loss: 0.38084 - accuracy: 0.93223
Validating epoch 43 | loss: 0.49484 - accuracy: 0.81422
Training epoch 44 | loss: 0.37932 - accuracy: 0.93454
Validating epoch 44 | loss: 0.49502 - accuracy: 0.81766
Training epoch 45 | loss: 0.37675 - accuracy: 0.93642
Validating epoch 45 | loss: 0.49538 - accuracy: 0.81422
Training epoch 46 | loss: 0.38339 - accuracy: 0.93194
Validating epoch 46 | loss: 0.49169 - accuracy: 0.82225
Training epoch 47 | loss: 0.37336 - accuracy: 0.93815
Validating epoch 47 | loss: 0.49302 - accuracy: 0.81766
Training epoch 48 | loss: 0.37443 - accuracy: 0.94118
Validating epoch 48 | loss: 0.50329 - accuracy: 0.80734
Training epoch 49 | loss: 0.37653 - accuracy: 0.93656
Validating epoch 49 | loss: 0.51286 - accuracy: 0.79587
Training epoch 50 | loss: 0.37564 - accuracy: 0.93815
Validating epoch 50 | loss: 0.49769 - accuracy: 0.81537
Training epoch 51 | loss: 0.37735 - accuracy: 0.93367
Validating epoch 51 | loss: 0.51281 - accuracy: 0.79817
Training epoch 52 | loss: 0.37574 - accuracy: 0.93685
Validating epoch 52 | loss: 0.50305 - accuracy: 0.80963
Training epoch 53 | loss: 0.37246 - accuracy: 0.9396
Validating epoch 53 | loss: 0.50567 - accuracy: 0.80505
Training epoch 54 | loss: 0.36918 - accuracy: 0.94263
Validating epoch 54 | loss: 0.50769 - accuracy: 0.80161
Training epoch 55 | loss: 0.36768 - accuracy: 0.94451
Validating epoch 55 | loss: 0.51051 - accuracy: 0.80275
Training epoch 56 | loss: 0.37783 - accuracy: 0.93382
Validating epoch 56 | loss: 0.50861 - accuracy: 0.80046
Training epoch 57 | loss: 0.37144 - accuracy: 0.94249
Validating epoch 57 | loss: 0.50244 - accuracy: 0.80849
Training epoch 58 | loss: 0.36645 - accuracy: 0.94566
Validating epoch 58 | loss: 0.49099 - accuracy: 0.81995
Training epoch 59 | loss: 0.36537 - accuracy: 0.94653
Validating epoch 59 | loss: 0.52368 - accuracy: 0.78555
Training epoch 60 | loss: 0.36746 - accuracy: 0.94509
Validating epoch 60 | loss: 0.50167 - accuracy: 0.80849
Training epoch 61 | loss: 0.36241 - accuracy: 0.95145
Validating epoch 61 | loss: 0.51041 - accuracy: 0.79931
Training epoch 62 | loss: 0.36421 - accuracy: 0.94899
Validating epoch 62 | loss: 0.50874 - accuracy: 0.80046
Training epoch 63 | loss: 0.40468 - accuracy: 0.90592
Validating epoch 63 | loss: 0.50674 - accuracy: 0.8039
Training epoch 64 | loss: 0.37997 - accuracy: 0.93179
Validating epoch 64 | loss: 0.50838 - accuracy: 0.8039
Training epoch 65 | loss: 0.37419 - accuracy: 0.94003
Validating epoch 65 | loss: 0.50821 - accuracy: 0.8039
Training epoch 66 | loss: 0.36501 - accuracy: 0.94624
Validating epoch 66 | loss: 0.50887 - accuracy: 0.80161
Training epoch 67 | loss: 0.36628 - accuracy: 0.94566
Validating epoch 67 | loss: 0.51271 - accuracy: 0.79702
Training epoch 68 | loss: 0.37245 - accuracy: 0.94046
Validating epoch 68 | loss: 0.51098 - accuracy: 0.79587
Training epoch 69 | loss: 0.36248 - accuracy: 0.94957
Validating epoch 69 | loss: 0.50637 - accuracy: 0.80505
Training epoch 70 | loss: 0.36329 - accuracy: 0.94899
Validating epoch 70 | loss: 0.50423 - accuracy: 0.80849
Training epoch 71 | loss: 0.38114 - accuracy: 0.93035
Validating epoch 71 | loss: 0.49866 - accuracy: 0.81193
Training epoch 72 | loss: 0.39567 - accuracy: 0.91734
Validating epoch 72 | loss: 0.50807 - accuracy: 0.80275
Training epoch 73 | loss: 0.36918 - accuracy: 0.94408
Validating epoch 73 | loss: 0.49226 - accuracy: 0.81995
Training epoch 74 | loss: 0.36807 - accuracy: 0.94335
Validating epoch 74 | loss: 0.50471 - accuracy: 0.80505
Training epoch 75 | loss: 0.37154 - accuracy: 0.94234
Validating epoch 75 | loss: 0.51259 - accuracy: 0.79587
Training epoch 76 | loss: 0.36532 - accuracy: 0.94855
Validating epoch 76 | loss: 0.51366 - accuracy: 0.80161
Training epoch 77 | loss: 0.35932 - accuracy: 0.95303
Validating epoch 77 | loss: 0.49979 - accuracy: 0.81193
Training epoch 78 | loss: 0.36148 - accuracy: 0.95087
Validating epoch 78 | loss: 0.49518 - accuracy: 0.81651
Training epoch 79 | loss: 0.35785 - accuracy: 0.95448
Validating epoch 79 | loss: 0.49833 - accuracy: 0.81307
Training epoch 80 | loss: 0.3576 - accuracy: 0.95419
Validating epoch 80 | loss: 0.51155 - accuracy: 0.80161
Training epoch 81 | loss: 0.3589 - accuracy: 0.95318
Validating epoch 81 | loss: 0.50794 - accuracy: 0.80505
Training epoch 82 | loss: 0.35883 - accuracy: 0.95564
Validating epoch 82 | loss: 0.50964 - accuracy: 0.80505
Training epoch 83 | loss: 0.35641 - accuracy: 0.95766
Validating epoch 83 | loss: 0.50568 - accuracy: 0.80734
Training epoch 84 | loss: 0.35487 - accuracy: 0.95723
Validating epoch 84 | loss: 0.50248 - accuracy: 0.80849
Training epoch 85 | loss: 0.35314 - accuracy: 0.95939
Validating epoch 85 | loss: 0.51648 - accuracy: 0.79587
Training epoch 86 | loss: 0.35826 - accuracy: 0.95405
Validating epoch 86 | loss: 0.50798 - accuracy: 0.8039
Training epoch 87 | loss: 0.3517 - accuracy: 0.96084
Validating epoch 87 | loss: 0.52038 - accuracy: 0.79128
Training epoch 88 | loss: 0.35651 - accuracy: 0.95607
Validating epoch 88 | loss: 0.50053 - accuracy: 0.81193
Training epoch 89 | loss: 0.35695 - accuracy: 0.9552
Validating epoch 89 | loss: 0.52983 - accuracy: 0.78211
Training epoch 90 | loss: 0.3602 - accuracy: 0.95405
Validating epoch 90 | loss: 0.51946 - accuracy: 0.79243
Training epoch 91 | loss: 0.35468 - accuracy: 0.95954
Validating epoch 91 | loss: 0.5084 - accuracy: 0.8039
Training epoch 92 | loss: 0.3565 - accuracy: 0.9552
Validating epoch 92 | loss: 0.50525 - accuracy: 0.80734
Training epoch 93 | loss: 0.35782 - accuracy: 0.95419
Validating epoch 93 | loss: 0.508 - accuracy: 0.80046
Training epoch 94 | loss: 0.35515 - accuracy: 0.95708
Validating epoch 94 | loss: 0.50813 - accuracy: 0.80275
Training epoch 95 | loss: 0.35308 - accuracy: 0.95939
Validating epoch 95 | loss: 0.51589 - accuracy: 0.79702
Training epoch 96 | loss: 0.35194 - accuracy: 0.96026
Validating epoch 96 | loss: 0.51206 - accuracy: 0.80046
Training epoch 97 | loss: 0.35365 - accuracy: 0.95795
Validating epoch 97 | loss: 0.5209 - accuracy: 0.79014
Training epoch 98 | loss: 0.35189 - accuracy: 0.96272
Validating epoch 98 | loss: 0.52062 - accuracy: 0.79243
Training epoch 99 | loss: 0.3587 - accuracy: 0.95679
Validating epoch 99 | loss: 0.50216 - accuracy: 0.80963
Dataset is sst, undersample is False, aug mode is trans, geo is 0.5, small_label is 0 small_prop is 0.5, balance_seed is 1
Training epoch 0 | loss: 0.66426 - accuracy: 0.59624
Validating epoch 0 | loss: 0.56984 - accuracy: 0.75917
Training epoch 1 | loss: 0.53999 - accuracy: 0.76113
Validating epoch 1 | loss: 0.51263 - accuracy: 0.79702
Training epoch 2 | loss: 0.50784 - accuracy: 0.79566
Validating epoch 2 | loss: 0.50864 - accuracy: 0.79702
Training epoch 3 | loss: 0.49764 - accuracy: 0.81113
Validating epoch 3 | loss: 0.50759 - accuracy: 0.79128
Training epoch 4 | loss: 0.49356 - accuracy: 0.81633
Validating epoch 4 | loss: 0.51525 - accuracy: 0.79014
Training epoch 5 | loss: 0.48663 - accuracy: 0.81749
Validating epoch 5 | loss: 0.50879 - accuracy: 0.79702
Training epoch 6 | loss: 0.47915 - accuracy: 0.82876
Validating epoch 6 | loss: 0.50957 - accuracy: 0.80161
Training epoch 7 | loss: 0.4771 - accuracy: 0.83439
Validating epoch 7 | loss: 0.50712 - accuracy: 0.79702
Training epoch 8 | loss: 0.46082 - accuracy: 0.84451
Validating epoch 8 | loss: 0.50487 - accuracy: 0.80505
Training epoch 9 | loss: 0.46722 - accuracy: 0.84191
Validating epoch 9 | loss: 0.50648 - accuracy: 0.80161
Training epoch 10 | loss: 0.47001 - accuracy: 0.83945
Validating epoch 10 | loss: 0.4901 - accuracy: 0.81995
Training epoch 11 | loss: 0.45227 - accuracy: 0.86243
Validating epoch 11 | loss: 0.49732 - accuracy: 0.81193
Training epoch 12 | loss: 0.43469 - accuracy: 0.87543
Validating epoch 12 | loss: 0.48829 - accuracy: 0.8211
Training epoch 13 | loss: 0.43995 - accuracy: 0.86893
Validating epoch 13 | loss: 0.49937 - accuracy: 0.80849
Training epoch 14 | loss: 0.43813 - accuracy: 0.87413
Validating epoch 14 | loss: 0.49842 - accuracy: 0.80849
Training epoch 15 | loss: 0.43487 - accuracy: 0.87341
Validating epoch 15 | loss: 0.4993 - accuracy: 0.81193
Training epoch 16 | loss: 0.42898 - accuracy: 0.88367
Validating epoch 16 | loss: 0.51048 - accuracy: 0.79817
Training epoch 17 | loss: 0.43366 - accuracy: 0.87442
Validating epoch 17 | loss: 0.4959 - accuracy: 0.81078
Training epoch 18 | loss: 0.45742 - accuracy: 0.85231
Validating epoch 18 | loss: 0.49725 - accuracy: 0.81307
Training epoch 19 | loss: 0.42165 - accuracy: 0.8896
Validating epoch 19 | loss: 0.50247 - accuracy: 0.80046
Training epoch 20 | loss: 0.4137 - accuracy: 0.89913
Validating epoch 20 | loss: 0.50143 - accuracy: 0.8039
Training epoch 21 | loss: 0.4162 - accuracy: 0.89581
Validating epoch 21 | loss: 0.50283 - accuracy: 0.80849
Training epoch 22 | loss: 0.41551 - accuracy: 0.89277
Validating epoch 22 | loss: 0.51116 - accuracy: 0.79702
Training epoch 23 | loss: 0.40854 - accuracy: 0.90361
Validating epoch 23 | loss: 0.50126 - accuracy: 0.80849
Training epoch 24 | loss: 0.40702 - accuracy: 0.90838
Validating epoch 24 | loss: 0.50173 - accuracy: 0.80849
Training epoch 25 | loss: 0.3957 - accuracy: 0.91532
Validating epoch 25 | loss: 0.51727 - accuracy: 0.79472
Training epoch 26 | loss: 0.41041 - accuracy: 0.89812
Validating epoch 26 | loss: 0.50392 - accuracy: 0.80619
Training epoch 27 | loss: 0.39503 - accuracy: 0.91532
Validating epoch 27 | loss: 0.5019 - accuracy: 0.80849
Training epoch 28 | loss: 0.41529 - accuracy: 0.89884
Validating epoch 28 | loss: 0.50068 - accuracy: 0.80849
Training epoch 29 | loss: 0.40262 - accuracy: 0.90954
Validating epoch 29 | loss: 0.49723 - accuracy: 0.80963
Training epoch 30 | loss: 0.39559 - accuracy: 0.91561
Validating epoch 30 | loss: 0.50739 - accuracy: 0.80505
Training epoch 31 | loss: 0.38721 - accuracy: 0.9237
Validating epoch 31 | loss: 0.50854 - accuracy: 0.8039
Training epoch 32 | loss: 0.38721 - accuracy: 0.92327
Validating epoch 32 | loss: 0.50596 - accuracy: 0.80734
Training epoch 33 | loss: 0.39105 - accuracy: 0.92023
Validating epoch 33 | loss: 0.50686 - accuracy: 0.80161
Training epoch 34 | loss: 0.38481 - accuracy: 0.92587
Validating epoch 34 | loss: 0.51647 - accuracy: 0.79358
Training epoch 35 | loss: 0.38067 - accuracy: 0.93136
Validating epoch 35 | loss: 0.5061 - accuracy: 0.80849
Training epoch 36 | loss: 0.38495 - accuracy: 0.92659
Validating epoch 36 | loss: 0.51002 - accuracy: 0.80046
Training epoch 37 | loss: 0.3912 - accuracy: 0.91951
Validating epoch 37 | loss: 0.50838 - accuracy: 0.80161
Training epoch 38 | loss: 0.38669 - accuracy: 0.92413
Validating epoch 38 | loss: 0.49861 - accuracy: 0.81307
Training epoch 39 | loss: 0.38827 - accuracy: 0.92298
Validating epoch 39 | loss: 0.50914 - accuracy: 0.80161
Training epoch 40 | loss: 0.37917 - accuracy: 0.93396
Validating epoch 40 | loss: 0.51669 - accuracy: 0.79358
Training epoch 41 | loss: 0.39078 - accuracy: 0.92254
Validating epoch 41 | loss: 0.51386 - accuracy: 0.79817
Training epoch 42 | loss: 0.37953 - accuracy: 0.93165
Validating epoch 42 | loss: 0.49805 - accuracy: 0.81193
Training epoch 43 | loss: 0.37873 - accuracy: 0.93555
Validating epoch 43 | loss: 0.49858 - accuracy: 0.81193
Training epoch 44 | loss: 0.38136 - accuracy: 0.92991
Validating epoch 44 | loss: 0.49897 - accuracy: 0.81307
Training epoch 45 | loss: 0.37886 - accuracy: 0.93295
Validating epoch 45 | loss: 0.51638 - accuracy: 0.79472
Training epoch 46 | loss: 0.38224 - accuracy: 0.93078
Validating epoch 46 | loss: 0.5087 - accuracy: 0.80275
Training epoch 47 | loss: 0.37815 - accuracy: 0.93309
Validating epoch 47 | loss: 0.51398 - accuracy: 0.79358
Training epoch 48 | loss: 0.3743 - accuracy: 0.93743
Validating epoch 48 | loss: 0.51517 - accuracy: 0.79931
Training epoch 49 | loss: 0.38675 - accuracy: 0.9276
Validating epoch 49 | loss: 0.50556 - accuracy: 0.80275
Training epoch 50 | loss: 0.37644 - accuracy: 0.9341
Validating epoch 50 | loss: 0.51505 - accuracy: 0.79702
Training epoch 51 | loss: 0.38856 - accuracy: 0.92543
Validating epoch 51 | loss: 0.5316 - accuracy: 0.78096
Training epoch 52 | loss: 0.42815 - accuracy: 0.88584
Validating epoch 52 | loss: 0.50049 - accuracy: 0.80849
Training epoch 53 | loss: 0.377 - accuracy: 0.93483
Validating epoch 53 | loss: 0.51099 - accuracy: 0.80046
Training epoch 54 | loss: 0.37221 - accuracy: 0.94465
Validating epoch 54 | loss: 0.51204 - accuracy: 0.80046
Training epoch 55 | loss: 0.37962 - accuracy: 0.93367
Validating epoch 55 | loss: 0.49961 - accuracy: 0.81307
Training epoch 56 | loss: 0.37054 - accuracy: 0.94306
Validating epoch 56 | loss: 0.49703 - accuracy: 0.81422
Training epoch 57 | loss: 0.37057 - accuracy: 0.9435
Validating epoch 57 | loss: 0.50183 - accuracy: 0.81078
Training epoch 58 | loss: 0.36266 - accuracy: 0.94884
Validating epoch 58 | loss: 0.52206 - accuracy: 0.79128
Training epoch 59 | loss: 0.36576 - accuracy: 0.94624
Validating epoch 59 | loss: 0.50662 - accuracy: 0.80505
Training epoch 60 | loss: 0.36261 - accuracy: 0.94884
Validating epoch 60 | loss: 0.51093 - accuracy: 0.79702
Training epoch 61 | loss: 0.36795 - accuracy: 0.94408
Validating epoch 61 | loss: 0.50465 - accuracy: 0.80963
Training epoch 62 | loss: 0.36718 - accuracy: 0.94422
Validating epoch 62 | loss: 0.49436 - accuracy: 0.81651
Training epoch 63 | loss: 0.36642 - accuracy: 0.9461
Validating epoch 63 | loss: 0.50456 - accuracy: 0.80619
Training epoch 64 | loss: 0.3661 - accuracy: 0.94523
Validating epoch 64 | loss: 0.50789 - accuracy: 0.80619
Training epoch 65 | loss: 0.36325 - accuracy: 0.94855
Validating epoch 65 | loss: 0.4969 - accuracy: 0.81422
Training epoch 66 | loss: 0.3638 - accuracy: 0.95058
Validating epoch 66 | loss: 0.49601 - accuracy: 0.81766
Training epoch 67 | loss: 0.36314 - accuracy: 0.94855
Validating epoch 67 | loss: 0.50542 - accuracy: 0.80619
Training epoch 68 | loss: 0.36639 - accuracy: 0.94986
Validating epoch 68 | loss: 0.51088 - accuracy: 0.79931
Training epoch 69 | loss: 0.36647 - accuracy: 0.94494
Validating epoch 69 | loss: 0.51162 - accuracy: 0.79931
Training epoch 70 | loss: 0.36186 - accuracy: 0.95014
Validating epoch 70 | loss: 0.52545 - accuracy: 0.78326
Training epoch 71 | loss: 0.36002 - accuracy: 0.95159
Validating epoch 71 | loss: 0.50155 - accuracy: 0.81078
Training epoch 72 | loss: 0.3619 - accuracy: 0.95217
Validating epoch 72 | loss: 0.50917 - accuracy: 0.80046
Training epoch 73 | loss: 0.36477 - accuracy: 0.94986
Validating epoch 73 | loss: 0.51746 - accuracy: 0.79702
Training epoch 74 | loss: 0.36549 - accuracy: 0.94827
Validating epoch 74 | loss: 0.52033 - accuracy: 0.79128
Training epoch 75 | loss: 0.36218 - accuracy: 0.95231
Validating epoch 75 | loss: 0.51487 - accuracy: 0.79931
Training epoch 76 | loss: 0.36116 - accuracy: 0.95419
Validating epoch 76 | loss: 0.50315 - accuracy: 0.80849
Training epoch 77 | loss: 0.3685 - accuracy: 0.94494
Validating epoch 77 | loss: 0.50728 - accuracy: 0.80161
Training epoch 78 | loss: 0.36033 - accuracy: 0.95448
Validating epoch 78 | loss: 0.50453 - accuracy: 0.80734
Training epoch 79 | loss: 0.35883 - accuracy: 0.95361
Validating epoch 79 | loss: 0.51557 - accuracy: 0.79472
Training epoch 80 | loss: 0.35516 - accuracy: 0.95665
Validating epoch 80 | loss: 0.51237 - accuracy: 0.79931
Training epoch 81 | loss: 0.35589 - accuracy: 0.95592
Validating epoch 81 | loss: 0.5125 - accuracy: 0.80046
Training epoch 82 | loss: 0.3595 - accuracy: 0.95462
Validating epoch 82 | loss: 0.51552 - accuracy: 0.79702
Training epoch 83 | loss: 0.35865 - accuracy: 0.95303
Validating epoch 83 | loss: 0.50327 - accuracy: 0.81193
Training epoch 84 | loss: 0.35585 - accuracy: 0.95665
Validating epoch 84 | loss: 0.50693 - accuracy: 0.80619
Training epoch 85 | loss: 0.35908 - accuracy: 0.95506
Validating epoch 85 | loss: 0.50679 - accuracy: 0.80849
Training epoch 86 | loss: 0.35472 - accuracy: 0.95824
Validating epoch 86 | loss: 0.51114 - accuracy: 0.80275
Training epoch 87 | loss: 0.35925 - accuracy: 0.9526
Validating epoch 87 | loss: 0.5166 - accuracy: 0.79587
Training epoch 88 | loss: 0.35576 - accuracy: 0.9565
Validating epoch 88 | loss: 0.51406 - accuracy: 0.80046
Training epoch 89 | loss: 0.35922 - accuracy: 0.9526
Validating epoch 89 | loss: 0.52063 - accuracy: 0.79128
Training epoch 90 | loss: 0.35607 - accuracy: 0.95838
Validating epoch 90 | loss: 0.53349 - accuracy: 0.77752
Training epoch 91 | loss: 0.3558 - accuracy: 0.95621
Validating epoch 91 | loss: 0.51318 - accuracy: 0.79817
Training epoch 92 | loss: 0.35961 - accuracy: 0.95246
Validating epoch 92 | loss: 0.51087 - accuracy: 0.8039
Training epoch 93 | loss: 0.35593 - accuracy: 0.95694
Validating epoch 93 | loss: 0.52602 - accuracy: 0.78899
Training epoch 94 | loss: 0.40902 - accuracy: 0.89986
Validating epoch 94 | loss: 0.51475 - accuracy: 0.79587
Training epoch 95 | loss: 0.35564 - accuracy: 0.95621
Validating epoch 95 | loss: 0.51203 - accuracy: 0.79931
Training epoch 96 | loss: 0.35601 - accuracy: 0.95809
Validating epoch 96 | loss: 0.50649 - accuracy: 0.80619
Training epoch 97 | loss: 0.35475 - accuracy: 0.95766
Validating epoch 97 | loss: 0.5113 - accuracy: 0.80046
Training epoch 98 | loss: 0.35824 - accuracy: 0.95607
Validating epoch 98 | loss: 0.52262 - accuracy: 0.78555
Training epoch 99 | loss: 0.35713 - accuracy: 0.95694
Validating epoch 99 | loss: 0.50916 - accuracy: 0.80161
Dataset is sst, undersample is False, aug mode is trans, geo is 0.6, small_label is 0 small_prop is 0.5, balance_seed is 1
Training epoch 0 | loss: 0.66867 - accuracy: 0.60448
Validating epoch 0 | loss: 0.56506 - accuracy: 0.75688
Training epoch 1 | loss: 0.54551 - accuracy: 0.75882
Validating epoch 1 | loss: 0.52038 - accuracy: 0.7867
Training epoch 2 | loss: 0.51669 - accuracy: 0.79249
Validating epoch 2 | loss: 0.53658 - accuracy: 0.77064
Training epoch 3 | loss: 0.50823 - accuracy: 0.79769
Validating epoch 3 | loss: 0.51926 - accuracy: 0.78784
Training epoch 4 | loss: 0.48649 - accuracy: 0.82168
Validating epoch 4 | loss: 0.51823 - accuracy: 0.7844
Training epoch 5 | loss: 0.4795 - accuracy: 0.83049
Validating epoch 5 | loss: 0.49914 - accuracy: 0.80275
Training epoch 6 | loss: 0.48843 - accuracy: 0.81503
Validating epoch 6 | loss: 0.50689 - accuracy: 0.79702
Training epoch 7 | loss: 0.46629 - accuracy: 0.84306
Validating epoch 7 | loss: 0.50001 - accuracy: 0.81193
Training epoch 8 | loss: 0.46976 - accuracy: 0.8409
Validating epoch 8 | loss: 0.50356 - accuracy: 0.8039
Training epoch 9 | loss: 0.45603 - accuracy: 0.85723
Validating epoch 9 | loss: 0.51491 - accuracy: 0.79472
Training epoch 10 | loss: 0.51556 - accuracy: 0.79046
Validating epoch 10 | loss: 0.50759 - accuracy: 0.79817
Training epoch 11 | loss: 0.45025 - accuracy: 0.85824
Validating epoch 11 | loss: 0.49604 - accuracy: 0.81078
Training epoch 12 | loss: 0.44796 - accuracy: 0.8672
Validating epoch 12 | loss: 0.51237 - accuracy: 0.79702
Training epoch 13 | loss: 0.44589 - accuracy: 0.86431
Validating epoch 13 | loss: 0.50116 - accuracy: 0.80275
Training epoch 14 | loss: 0.43696 - accuracy: 0.87659
Validating epoch 14 | loss: 0.48212 - accuracy: 0.83142
Training epoch 15 | loss: 0.44667 - accuracy: 0.86228
Validating epoch 15 | loss: 0.50736 - accuracy: 0.80505
Training epoch 16 | loss: 0.43843 - accuracy: 0.87341
Validating epoch 16 | loss: 0.48892 - accuracy: 0.82225
Training epoch 17 | loss: 0.43326 - accuracy: 0.88136
Validating epoch 17 | loss: 0.4852 - accuracy: 0.82683
Training epoch 18 | loss: 0.4293 - accuracy: 0.87977
Validating epoch 18 | loss: 0.48997 - accuracy: 0.81766
Training epoch 19 | loss: 0.42209 - accuracy: 0.88743
Validating epoch 19 | loss: 0.50509 - accuracy: 0.80046
Training epoch 20 | loss: 0.42261 - accuracy: 0.89162
Validating epoch 20 | loss: 0.5052 - accuracy: 0.80619
Training epoch 21 | loss: 0.41975 - accuracy: 0.89017
Validating epoch 21 | loss: 0.51296 - accuracy: 0.79128
Training epoch 22 | loss: 0.43158 - accuracy: 0.88049
Validating epoch 22 | loss: 0.49619 - accuracy: 0.81537
Training epoch 23 | loss: 0.41231 - accuracy: 0.89899
Validating epoch 23 | loss: 0.50912 - accuracy: 0.80161
Training epoch 24 | loss: 0.40781 - accuracy: 0.90217
Validating epoch 24 | loss: 0.49798 - accuracy: 0.81537
Training epoch 25 | loss: 0.41394 - accuracy: 0.90217
Validating epoch 25 | loss: 0.49346 - accuracy: 0.8211
Training epoch 26 | loss: 0.40171 - accuracy: 0.90853
Validating epoch 26 | loss: 0.4985 - accuracy: 0.80963
Training epoch 27 | loss: 0.39991 - accuracy: 0.91142
Validating epoch 27 | loss: 0.50118 - accuracy: 0.81307
Training epoch 28 | loss: 0.39645 - accuracy: 0.91676
Validating epoch 28 | loss: 0.49711 - accuracy: 0.81537
Training epoch 29 | loss: 0.3999 - accuracy: 0.91301
Validating epoch 29 | loss: 0.49627 - accuracy: 0.81537
Training epoch 30 | loss: 0.39699 - accuracy: 0.91604
Validating epoch 30 | loss: 0.49127 - accuracy: 0.82225
Training epoch 31 | loss: 0.3878 - accuracy: 0.92384
Validating epoch 31 | loss: 0.5022 - accuracy: 0.80734
Training epoch 32 | loss: 0.39647 - accuracy: 0.91402
Validating epoch 32 | loss: 0.49066 - accuracy: 0.82339
Training epoch 33 | loss: 0.3896 - accuracy: 0.92384
Validating epoch 33 | loss: 0.50115 - accuracy: 0.80849
Training epoch 34 | loss: 0.39035 - accuracy: 0.92095
Validating epoch 34 | loss: 0.49914 - accuracy: 0.81422
Training epoch 35 | loss: 0.39564 - accuracy: 0.91749
Validating epoch 35 | loss: 0.50927 - accuracy: 0.80505
Training epoch 36 | loss: 0.39602 - accuracy: 0.91517
Validating epoch 36 | loss: 0.50198 - accuracy: 0.80849
Training epoch 37 | loss: 0.41666 - accuracy: 0.89523
Validating epoch 37 | loss: 0.49857 - accuracy: 0.81307
Training epoch 38 | loss: 0.38903 - accuracy: 0.92471
Validating epoch 38 | loss: 0.49578 - accuracy: 0.81766
Training epoch 39 | loss: 0.39412 - accuracy: 0.9159
Validating epoch 39 | loss: 0.49973 - accuracy: 0.80963
Training epoch 40 | loss: 0.39244 - accuracy: 0.92095
Validating epoch 40 | loss: 0.50187 - accuracy: 0.80963
Training epoch 41 | loss: 0.38632 - accuracy: 0.92746
Validating epoch 41 | loss: 0.50455 - accuracy: 0.80849
Training epoch 42 | loss: 0.38453 - accuracy: 0.92905
Validating epoch 42 | loss: 0.50136 - accuracy: 0.80963
Training epoch 43 | loss: 0.38481 - accuracy: 0.92572
Validating epoch 43 | loss: 0.50056 - accuracy: 0.81078
Training epoch 44 | loss: 0.38327 - accuracy: 0.92789
Validating epoch 44 | loss: 0.49449 - accuracy: 0.81651
Training epoch 45 | loss: 0.38045 - accuracy: 0.93136
Validating epoch 45 | loss: 0.50016 - accuracy: 0.80963
Training epoch 46 | loss: 0.37518 - accuracy: 0.93598
Validating epoch 46 | loss: 0.5017 - accuracy: 0.80963
Training epoch 47 | loss: 0.38216 - accuracy: 0.9315
Validating epoch 47 | loss: 0.49841 - accuracy: 0.81422
Training epoch 48 | loss: 0.37895 - accuracy: 0.93295
Validating epoch 48 | loss: 0.49499 - accuracy: 0.81766
Training epoch 49 | loss: 0.3819 - accuracy: 0.92905
Validating epoch 49 | loss: 0.49926 - accuracy: 0.81193
Training epoch 50 | loss: 0.38384 - accuracy: 0.92934
Validating epoch 50 | loss: 0.49278 - accuracy: 0.81881
Training epoch 51 | loss: 0.38419 - accuracy: 0.9315
Validating epoch 51 | loss: 0.50769 - accuracy: 0.8039
Training epoch 52 | loss: 0.3863 - accuracy: 0.92601
Validating epoch 52 | loss: 0.51701 - accuracy: 0.79587
Training epoch 53 | loss: 0.40461 - accuracy: 0.90925
Validating epoch 53 | loss: 0.49713 - accuracy: 0.81422
Training epoch 54 | loss: 0.38 - accuracy: 0.93136
Validating epoch 54 | loss: 0.49817 - accuracy: 0.81307
Training epoch 55 | loss: 0.37502 - accuracy: 0.93685
Validating epoch 55 | loss: 0.49712 - accuracy: 0.81307
Training epoch 56 | loss: 0.38709 - accuracy: 0.92399
Validating epoch 56 | loss: 0.50004 - accuracy: 0.81307
Training epoch 57 | loss: 0.3744 - accuracy: 0.93902
Validating epoch 57 | loss: 0.49601 - accuracy: 0.81422
Training epoch 58 | loss: 0.37173 - accuracy: 0.94032
Validating epoch 58 | loss: 0.48454 - accuracy: 0.83028
Training epoch 59 | loss: 0.37489 - accuracy: 0.93714
Validating epoch 59 | loss: 0.49615 - accuracy: 0.81766
Training epoch 60 | loss: 0.37346 - accuracy: 0.93887
Validating epoch 60 | loss: 0.49777 - accuracy: 0.81422
Training epoch 61 | loss: 0.37338 - accuracy: 0.93887
Validating epoch 61 | loss: 0.49411 - accuracy: 0.81651
Training epoch 62 | loss: 0.36986 - accuracy: 0.9422
Validating epoch 62 | loss: 0.49276 - accuracy: 0.82225
Training epoch 63 | loss: 0.38068 - accuracy: 0.93324
Validating epoch 63 | loss: 0.51949 - accuracy: 0.79587
Training epoch 64 | loss: 0.38366 - accuracy: 0.92746
Validating epoch 64 | loss: 0.50155 - accuracy: 0.81422
Training epoch 65 | loss: 0.37641 - accuracy: 0.93512
Validating epoch 65 | loss: 0.49495 - accuracy: 0.81537
Training epoch 66 | loss: 0.37407 - accuracy: 0.93728
Validating epoch 66 | loss: 0.48225 - accuracy: 0.83028
Training epoch 67 | loss: 0.37102 - accuracy: 0.94133
Validating epoch 67 | loss: 0.48767 - accuracy: 0.82683
Training epoch 68 | loss: 0.36664 - accuracy: 0.94552
Validating epoch 68 | loss: 0.4929 - accuracy: 0.81995
Training epoch 69 | loss: 0.37056 - accuracy: 0.94133
Validating epoch 69 | loss: 0.49507 - accuracy: 0.81881
Training epoch 70 | loss: 0.36547 - accuracy: 0.94668
Validating epoch 70 | loss: 0.50539 - accuracy: 0.80734
Training epoch 71 | loss: 0.36606 - accuracy: 0.94552
Validating epoch 71 | loss: 0.48738 - accuracy: 0.82569
Training epoch 72 | loss: 0.37096 - accuracy: 0.94104
Validating epoch 72 | loss: 0.49654 - accuracy: 0.81766
Training epoch 73 | loss: 0.36665 - accuracy: 0.94538
Validating epoch 73 | loss: 0.49467 - accuracy: 0.81537
Training epoch 74 | loss: 0.37542 - accuracy: 0.93786
Validating epoch 74 | loss: 0.49836 - accuracy: 0.81422
Training epoch 75 | loss: 0.42956 - accuracy: 0.8815
Validating epoch 75 | loss: 0.51209 - accuracy: 0.80046
Training epoch 76 | loss: 0.44411 - accuracy: 0.86792
Validating epoch 76 | loss: 0.50093 - accuracy: 0.81193
Training epoch 77 | loss: 0.40401 - accuracy: 0.90694
Validating epoch 77 | loss: 0.48154 - accuracy: 0.83028
Training epoch 78 | loss: 0.38527 - accuracy: 0.92616
Validating epoch 78 | loss: 0.48692 - accuracy: 0.82683
Training epoch 79 | loss: 0.37749 - accuracy: 0.93396
Validating epoch 79 | loss: 0.50044 - accuracy: 0.81307
Training epoch 80 | loss: 0.38164 - accuracy: 0.93353
Validating epoch 80 | loss: 0.50568 - accuracy: 0.80619
Training epoch 81 | loss: 0.37717 - accuracy: 0.93425
Validating epoch 81 | loss: 0.51862 - accuracy: 0.79472
Training epoch 82 | loss: 0.37084 - accuracy: 0.94118
Validating epoch 82 | loss: 0.49564 - accuracy: 0.81537
Training epoch 83 | loss: 0.36422 - accuracy: 0.94798
Validating epoch 83 | loss: 0.4998 - accuracy: 0.81307
Training epoch 84 | loss: 0.3705 - accuracy: 0.94552
Validating epoch 84 | loss: 0.50779 - accuracy: 0.8039
Training epoch 85 | loss: 0.37734 - accuracy: 0.93858
Validating epoch 85 | loss: 0.49169 - accuracy: 0.8211
Training epoch 86 | loss: 0.36313 - accuracy: 0.94913
Validating epoch 86 | loss: 0.4921 - accuracy: 0.81995
Training epoch 87 | loss: 0.36474 - accuracy: 0.94957
Validating epoch 87 | loss: 0.50927 - accuracy: 0.80505
Training epoch 88 | loss: 0.37223 - accuracy: 0.94408
Validating epoch 88 | loss: 0.4989 - accuracy: 0.81422
Training epoch 89 | loss: 0.36644 - accuracy: 0.94769
Validating epoch 89 | loss: 0.50262 - accuracy: 0.80963
Training epoch 90 | loss: 0.36597 - accuracy: 0.95029
Validating epoch 90 | loss: 0.48886 - accuracy: 0.8211
Training epoch 91 | loss: 0.36583 - accuracy: 0.94855
Validating epoch 91 | loss: 0.48979 - accuracy: 0.82225
Training epoch 92 | loss: 0.36059 - accuracy: 0.95159
Validating epoch 92 | loss: 0.49232 - accuracy: 0.81995
Training epoch 93 | loss: 0.36301 - accuracy: 0.94928
Validating epoch 93 | loss: 0.4848 - accuracy: 0.82798
Training epoch 94 | loss: 0.36531 - accuracy: 0.95101
Validating epoch 94 | loss: 0.48983 - accuracy: 0.81995
Training epoch 95 | loss: 0.35997 - accuracy: 0.95448
Validating epoch 95 | loss: 0.48672 - accuracy: 0.82683
Training epoch 96 | loss: 0.36589 - accuracy: 0.94841
Validating epoch 96 | loss: 0.50714 - accuracy: 0.80275
Training epoch 97 | loss: 0.36347 - accuracy: 0.9487
Validating epoch 97 | loss: 0.50911 - accuracy: 0.80046
Training epoch 98 | loss: 0.36479 - accuracy: 0.94971
Validating epoch 98 | loss: 0.50368 - accuracy: 0.80734
Training epoch 99 | loss: 0.36098 - accuracy: 0.95145
Validating epoch 99 | loss: 0.5183 - accuracy: 0.79358
Dataset is sst, undersample is False, aug mode is trans, geo is 0.7, small_label is 0 small_prop is 0.5, balance_seed is 1
Training epoch 0 | loss: 0.65217 - accuracy: 0.62529
Validating epoch 0 | loss: 0.54594 - accuracy: 0.77523
Training epoch 1 | loss: 0.54517 - accuracy: 0.76604
Validating epoch 1 | loss: 0.52548 - accuracy: 0.78326
Training epoch 2 | loss: 0.52652 - accuracy: 0.78194
Validating epoch 2 | loss: 0.52254 - accuracy: 0.78326
Training epoch 3 | loss: 0.49831 - accuracy: 0.80491
Validating epoch 3 | loss: 0.52038 - accuracy: 0.78211
Training epoch 4 | loss: 0.49008 - accuracy: 0.81792
Validating epoch 4 | loss: 0.52336 - accuracy: 0.7844
Training epoch 5 | loss: 0.48828 - accuracy: 0.82225
Validating epoch 5 | loss: 0.51342 - accuracy: 0.79931
Training epoch 6 | loss: 0.47384 - accuracy: 0.83309
Validating epoch 6 | loss: 0.50744 - accuracy: 0.80275
Training epoch 7 | loss: 0.46026 - accuracy: 0.84682
Validating epoch 7 | loss: 0.50563 - accuracy: 0.79931
Training epoch 8 | loss: 0.48077 - accuracy: 0.82702
Validating epoch 8 | loss: 0.52963 - accuracy: 0.77867
Training epoch 9 | loss: 0.4641 - accuracy: 0.84725
Validating epoch 9 | loss: 0.50192 - accuracy: 0.80734
Training epoch 10 | loss: 0.45792 - accuracy: 0.85405
Validating epoch 10 | loss: 0.53177 - accuracy: 0.77982
Training epoch 11 | loss: 0.45285 - accuracy: 0.8578
Validating epoch 11 | loss: 0.50246 - accuracy: 0.8039
Training epoch 12 | loss: 0.45935 - accuracy: 0.85289
Validating epoch 12 | loss: 0.50623 - accuracy: 0.79931
Training epoch 13 | loss: 0.44237 - accuracy: 0.8659
Validating epoch 13 | loss: 0.5049 - accuracy: 0.80505
Training epoch 14 | loss: 0.43371 - accuracy: 0.875
Validating epoch 14 | loss: 0.49402 - accuracy: 0.81995
Training epoch 15 | loss: 0.44817 - accuracy: 0.86676
Validating epoch 15 | loss: 0.50121 - accuracy: 0.80619
Training epoch 16 | loss: 0.42164 - accuracy: 0.88743
Validating epoch 16 | loss: 0.50636 - accuracy: 0.79817
Training epoch 17 | loss: 0.42339 - accuracy: 0.88613
Validating epoch 17 | loss: 0.49646 - accuracy: 0.81422
Training epoch 18 | loss: 0.4239 - accuracy: 0.88714
Validating epoch 18 | loss: 0.49256 - accuracy: 0.81995
Training epoch 19 | loss: 0.41978 - accuracy: 0.8909
Validating epoch 19 | loss: 0.49846 - accuracy: 0.81651
Training epoch 20 | loss: 0.41411 - accuracy: 0.89697
Validating epoch 20 | loss: 0.50283 - accuracy: 0.80505
Training epoch 21 | loss: 0.41733 - accuracy: 0.89205
Validating epoch 21 | loss: 0.50501 - accuracy: 0.80619
Training epoch 22 | loss: 0.4124 - accuracy: 0.89769
Validating epoch 22 | loss: 0.50324 - accuracy: 0.80963
Training epoch 23 | loss: 0.41137 - accuracy: 0.90535
Validating epoch 23 | loss: 0.49476 - accuracy: 0.81651
Training epoch 24 | loss: 0.43853 - accuracy: 0.86922
Validating epoch 24 | loss: 0.50897 - accuracy: 0.8039
Training epoch 25 | loss: 0.45902 - accuracy: 0.85246
Validating epoch 25 | loss: 0.5057 - accuracy: 0.80505
Training epoch 26 | loss: 0.41703 - accuracy: 0.89277
Validating epoch 26 | loss: 0.51035 - accuracy: 0.79587
Training epoch 27 | loss: 0.40973 - accuracy: 0.90058
Validating epoch 27 | loss: 0.49975 - accuracy: 0.81078
Training epoch 28 | loss: 0.40418 - accuracy: 0.90679
Validating epoch 28 | loss: 0.50123 - accuracy: 0.80849
Training epoch 29 | loss: 0.39406 - accuracy: 0.91705
Validating epoch 29 | loss: 0.50085 - accuracy: 0.81307
Training epoch 30 | loss: 0.3945 - accuracy: 0.91517
Validating epoch 30 | loss: 0.49991 - accuracy: 0.81078
Training epoch 31 | loss: 0.39063 - accuracy: 0.92327
Validating epoch 31 | loss: 0.4975 - accuracy: 0.81422
Training epoch 32 | loss: 0.38859 - accuracy: 0.92283
Validating epoch 32 | loss: 0.50366 - accuracy: 0.80849
Training epoch 33 | loss: 0.38661 - accuracy: 0.92558
Validating epoch 33 | loss: 0.50625 - accuracy: 0.80619
Training epoch 34 | loss: 0.39068 - accuracy: 0.92384
Validating epoch 34 | loss: 0.49971 - accuracy: 0.81078
Training epoch 35 | loss: 0.41217 - accuracy: 0.8961
Validating epoch 35 | loss: 0.51319 - accuracy: 0.79358
Training epoch 36 | loss: 0.39444 - accuracy: 0.91893
Validating epoch 36 | loss: 0.50237 - accuracy: 0.80963
Training epoch 37 | loss: 0.38531 - accuracy: 0.92616
Validating epoch 37 | loss: 0.49279 - accuracy: 0.8211
Training epoch 38 | loss: 0.38903 - accuracy: 0.92457
Validating epoch 38 | loss: 0.51158 - accuracy: 0.80161
Training epoch 39 | loss: 0.38561 - accuracy: 0.92616
Validating epoch 39 | loss: 0.4996 - accuracy: 0.81422
Training epoch 40 | loss: 0.38082 - accuracy: 0.93092
Validating epoch 40 | loss: 0.50735 - accuracy: 0.80505
Training epoch 41 | loss: 0.41254 - accuracy: 0.8987
Validating epoch 41 | loss: 0.51244 - accuracy: 0.79702
Training epoch 42 | loss: 0.38601 - accuracy: 0.92529
Validating epoch 42 | loss: 0.5101 - accuracy: 0.80275
Training epoch 43 | loss: 0.38755 - accuracy: 0.92832
Validating epoch 43 | loss: 0.50542 - accuracy: 0.80734
Training epoch 44 | loss: 0.37857 - accuracy: 0.93309
Validating epoch 44 | loss: 0.49805 - accuracy: 0.81078
Training epoch 45 | loss: 0.37765 - accuracy: 0.93382
Validating epoch 45 | loss: 0.49773 - accuracy: 0.81422
Training epoch 46 | loss: 0.38728 - accuracy: 0.92702
Validating epoch 46 | loss: 0.53143 - accuracy: 0.78096
Training epoch 47 | loss: 0.52369 - accuracy: 0.78237
Validating epoch 47 | loss: 0.52608 - accuracy: 0.78555
Training epoch 48 | loss: 0.43084 - accuracy: 0.87775
Validating epoch 48 | loss: 0.50485 - accuracy: 0.80505
Training epoch 49 | loss: 0.41112 - accuracy: 0.90289
Validating epoch 49 | loss: 0.52806 - accuracy: 0.78326
Training epoch 50 | loss: 0.41237 - accuracy: 0.90029
Validating epoch 50 | loss: 0.51579 - accuracy: 0.79472
Training epoch 51 | loss: 0.38993 - accuracy: 0.92283
Validating epoch 51 | loss: 0.51926 - accuracy: 0.79128
Training epoch 52 | loss: 0.38932 - accuracy: 0.92153
Validating epoch 52 | loss: 0.51346 - accuracy: 0.79817
Training epoch 53 | loss: 0.38322 - accuracy: 0.93006
Validating epoch 53 | loss: 0.50619 - accuracy: 0.80619
Training epoch 54 | loss: 0.37804 - accuracy: 0.93338
Validating epoch 54 | loss: 0.50723 - accuracy: 0.80849
Training epoch 55 | loss: 0.37491 - accuracy: 0.93714
Validating epoch 55 | loss: 0.50564 - accuracy: 0.80505
Training epoch 56 | loss: 0.37984 - accuracy: 0.93136
Validating epoch 56 | loss: 0.50787 - accuracy: 0.80734
Training epoch 57 | loss: 0.37665 - accuracy: 0.93743
Validating epoch 57 | loss: 0.5054 - accuracy: 0.80849
Training epoch 58 | loss: 0.3773 - accuracy: 0.93656
Validating epoch 58 | loss: 0.50279 - accuracy: 0.81078
Training epoch 59 | loss: 0.37308 - accuracy: 0.94104
Validating epoch 59 | loss: 0.51498 - accuracy: 0.80046
Training epoch 60 | loss: 0.37914 - accuracy: 0.93223
Validating epoch 60 | loss: 0.49935 - accuracy: 0.81193
Training epoch 61 | loss: 0.37513 - accuracy: 0.93945
Validating epoch 61 | loss: 0.5068 - accuracy: 0.80734
Training epoch 62 | loss: 0.40127 - accuracy: 0.90939
Validating epoch 62 | loss: 0.51757 - accuracy: 0.79128
Training epoch 63 | loss: 0.37296 - accuracy: 0.94061
Validating epoch 63 | loss: 0.5113 - accuracy: 0.79931
Training epoch 64 | loss: 0.37298 - accuracy: 0.93829
Validating epoch 64 | loss: 0.50519 - accuracy: 0.80619
Training epoch 65 | loss: 0.37694 - accuracy: 0.93483
Validating epoch 65 | loss: 0.5099 - accuracy: 0.79702
Training epoch 66 | loss: 0.3646 - accuracy: 0.94783
Validating epoch 66 | loss: 0.51486 - accuracy: 0.79817
Training epoch 67 | loss: 0.36671 - accuracy: 0.94566
Validating epoch 67 | loss: 0.51118 - accuracy: 0.80275
Training epoch 68 | loss: 0.36883 - accuracy: 0.94306
Validating epoch 68 | loss: 0.52326 - accuracy: 0.78899
Training epoch 69 | loss: 0.37089 - accuracy: 0.9409
Validating epoch 69 | loss: 0.49886 - accuracy: 0.80734
Training epoch 70 | loss: 0.36983 - accuracy: 0.94393
Validating epoch 70 | loss: 0.5093 - accuracy: 0.80161
Training epoch 71 | loss: 0.36403 - accuracy: 0.94798
Validating epoch 71 | loss: 0.52527 - accuracy: 0.78784
Training epoch 72 | loss: 0.36781 - accuracy: 0.94436
Validating epoch 72 | loss: 0.50206 - accuracy: 0.80963
Training epoch 73 | loss: 0.36899 - accuracy: 0.94306
Validating epoch 73 | loss: 0.50855 - accuracy: 0.80505
Training epoch 74 | loss: 0.37091 - accuracy: 0.94017
Validating epoch 74 | loss: 0.51594 - accuracy: 0.79702
Training epoch 75 | loss: 0.36903 - accuracy: 0.94465
Validating epoch 75 | loss: 0.50453 - accuracy: 0.80734
Training epoch 76 | loss: 0.36961 - accuracy: 0.94205
Validating epoch 76 | loss: 0.51071 - accuracy: 0.80619
Training epoch 77 | loss: 0.37569 - accuracy: 0.9354
Validating epoch 77 | loss: 0.51671 - accuracy: 0.79472
Training epoch 78 | loss: 0.36582 - accuracy: 0.94783
Validating epoch 78 | loss: 0.49851 - accuracy: 0.81537
Training epoch 79 | loss: 0.36264 - accuracy: 0.94913
Validating epoch 79 | loss: 0.51294 - accuracy: 0.79817
Training epoch 80 | loss: 0.3641 - accuracy: 0.94827
Validating epoch 80 | loss: 0.51621 - accuracy: 0.79472
Training epoch 81 | loss: 0.35988 - accuracy: 0.95246
Validating epoch 81 | loss: 0.51564 - accuracy: 0.79358
Training epoch 82 | loss: 0.36497 - accuracy: 0.9513
Validating epoch 82 | loss: 0.50041 - accuracy: 0.81307
Training epoch 83 | loss: 0.36101 - accuracy: 0.95564
Validating epoch 83 | loss: 0.50794 - accuracy: 0.80505
Training epoch 84 | loss: 0.35645 - accuracy: 0.95592
Validating epoch 84 | loss: 0.50801 - accuracy: 0.8039
Training epoch 85 | loss: 0.36269 - accuracy: 0.95159
Validating epoch 85 | loss: 0.51033 - accuracy: 0.8039
Training epoch 86 | loss: 0.35753 - accuracy: 0.95462
Validating epoch 86 | loss: 0.50267 - accuracy: 0.80849
Training epoch 87 | loss: 0.35869 - accuracy: 0.95361
Validating epoch 87 | loss: 0.50519 - accuracy: 0.80619
Training epoch 88 | loss: 0.35663 - accuracy: 0.95578
Validating epoch 88 | loss: 0.50413 - accuracy: 0.80963
Training epoch 89 | loss: 0.35509 - accuracy: 0.95766
Validating epoch 89 | loss: 0.50432 - accuracy: 0.80963
Training epoch 90 | loss: 0.35974 - accuracy: 0.95231
Validating epoch 90 | loss: 0.50982 - accuracy: 0.80275
Training epoch 91 | loss: 0.35691 - accuracy: 0.9552
Validating epoch 91 | loss: 0.50219 - accuracy: 0.80963
Training epoch 92 | loss: 0.35554 - accuracy: 0.95679
Validating epoch 92 | loss: 0.50374 - accuracy: 0.80734
Training epoch 93 | loss: 0.35598 - accuracy: 0.95636
Validating epoch 93 | loss: 0.50588 - accuracy: 0.80849
Training epoch 94 | loss: 0.35512 - accuracy: 0.95737
Validating epoch 94 | loss: 0.50801 - accuracy: 0.80505
Training epoch 95 | loss: 0.36402 - accuracy: 0.95491
Validating epoch 95 | loss: 0.51275 - accuracy: 0.79931
Training epoch 96 | loss: 0.35594 - accuracy: 0.9565
Validating epoch 96 | loss: 0.5066 - accuracy: 0.80505
Training epoch 97 | loss: 0.3628 - accuracy: 0.94884
Validating epoch 97 | loss: 0.50827 - accuracy: 0.80275
Training epoch 98 | loss: 0.36556 - accuracy: 0.94986
Validating epoch 98 | loss: 0.5037 - accuracy: 0.81078
Training epoch 99 | loss: 0.3756 - accuracy: 0.93671
Validating epoch 99 | loss: 0.51221 - accuracy: 0.79702
Dataset is sst, undersample is False, aug mode is trans, geo is 0.8, small_label is 0 small_prop is 0.5, balance_seed is 1
Training epoch 0 | loss: 0.65437 - accuracy: 0.62558
Validating epoch 0 | loss: 0.52982 - accuracy: 0.78899
Training epoch 1 | loss: 0.54068 - accuracy: 0.76662
Validating epoch 1 | loss: 0.51707 - accuracy: 0.79587
Training epoch 2 | loss: 0.51939 - accuracy: 0.79003
Validating epoch 2 | loss: 0.51747 - accuracy: 0.79472
Training epoch 3 | loss: 0.49827 - accuracy: 0.80607
Validating epoch 3 | loss: 0.50207 - accuracy: 0.80849
Training epoch 4 | loss: 0.48008 - accuracy: 0.82601
Validating epoch 4 | loss: 0.50106 - accuracy: 0.80849
Training epoch 5 | loss: 0.47551 - accuracy: 0.83136
Validating epoch 5 | loss: 0.51385 - accuracy: 0.79014
Training epoch 6 | loss: 0.46605 - accuracy: 0.84017
Validating epoch 6 | loss: 0.51264 - accuracy: 0.79702
Training epoch 7 | loss: 0.50077 - accuracy: 0.80853
Validating epoch 7 | loss: 0.49654 - accuracy: 0.81078
Training epoch 8 | loss: 0.45478 - accuracy: 0.85217
Validating epoch 8 | loss: 0.49183 - accuracy: 0.81766
Training epoch 9 | loss: 0.44635 - accuracy: 0.86749
Validating epoch 9 | loss: 0.49254 - accuracy: 0.81766
Training epoch 10 | loss: 0.44303 - accuracy: 0.87124
Validating epoch 10 | loss: 0.50068 - accuracy: 0.81307
Training epoch 11 | loss: 0.46154 - accuracy: 0.84465
Validating epoch 11 | loss: 0.49409 - accuracy: 0.81651
Training epoch 12 | loss: 0.43783 - accuracy: 0.87355
Validating epoch 12 | loss: 0.504 - accuracy: 0.80849
Training epoch 13 | loss: 0.43717 - accuracy: 0.87717
Validating epoch 13 | loss: 0.50437 - accuracy: 0.8039
Training epoch 14 | loss: 0.44373 - accuracy: 0.86604
Validating epoch 14 | loss: 0.49553 - accuracy: 0.81307
Training epoch 15 | loss: 0.4298 - accuracy: 0.88367
Validating epoch 15 | loss: 0.50202 - accuracy: 0.81078
Training epoch 16 | loss: 0.42436 - accuracy: 0.88555
Validating epoch 16 | loss: 0.50559 - accuracy: 0.80505
Training epoch 17 | loss: 0.41378 - accuracy: 0.89855
Validating epoch 17 | loss: 0.51652 - accuracy: 0.79243
Training epoch 18 | loss: 0.40722 - accuracy: 0.90303
Validating epoch 18 | loss: 0.49472 - accuracy: 0.81766
Training epoch 19 | loss: 0.4013 - accuracy: 0.90925
Validating epoch 19 | loss: 0.49749 - accuracy: 0.81651
Training epoch 20 | loss: 0.40568 - accuracy: 0.90621
Validating epoch 20 | loss: 0.50691 - accuracy: 0.80161
Training epoch 21 | loss: 0.42046 - accuracy: 0.89104
Validating epoch 21 | loss: 0.50389 - accuracy: 0.80619
Training epoch 22 | loss: 0.40556 - accuracy: 0.90607
Validating epoch 22 | loss: 0.50531 - accuracy: 0.80505
Training epoch 23 | loss: 0.41032 - accuracy: 0.90188
Validating epoch 23 | loss: 0.51997 - accuracy: 0.79128
Training epoch 24 | loss: 0.40718 - accuracy: 0.90231
Validating epoch 24 | loss: 0.5107 - accuracy: 0.80161
Training epoch 25 | loss: 0.40433 - accuracy: 0.91098
Validating epoch 25 | loss: 0.53501 - accuracy: 0.77523
Training epoch 26 | loss: 0.40321 - accuracy: 0.91142
Validating epoch 26 | loss: 0.51372 - accuracy: 0.79128
Training epoch 27 | loss: 0.39641 - accuracy: 0.91647
Validating epoch 27 | loss: 0.52527 - accuracy: 0.78555
Training epoch 28 | loss: 0.40244 - accuracy: 0.90896
Validating epoch 28 | loss: 0.50872 - accuracy: 0.80619
Training epoch 29 | loss: 0.41398 - accuracy: 0.89812
Validating epoch 29 | loss: 0.50815 - accuracy: 0.80161
Training epoch 30 | loss: 0.40726 - accuracy: 0.90824
Validating epoch 30 | loss: 0.51118 - accuracy: 0.79931
Training epoch 31 | loss: 0.39535 - accuracy: 0.91864
Validating epoch 31 | loss: 0.51239 - accuracy: 0.79817
Training epoch 32 | loss: 0.39291 - accuracy: 0.91864
Validating epoch 32 | loss: 0.51012 - accuracy: 0.80275
Training epoch 33 | loss: 0.39421 - accuracy: 0.91676
Validating epoch 33 | loss: 0.52584 - accuracy: 0.78211
Training epoch 34 | loss: 0.39307 - accuracy: 0.91763
Validating epoch 34 | loss: 0.50662 - accuracy: 0.80619
Training epoch 35 | loss: 0.38709 - accuracy: 0.92442
Validating epoch 35 | loss: 0.52437 - accuracy: 0.7867
Training epoch 36 | loss: 0.38551 - accuracy: 0.92673
Validating epoch 36 | loss: 0.51259 - accuracy: 0.79931
Training epoch 37 | loss: 0.38069 - accuracy: 0.9315
Validating epoch 37 | loss: 0.52252 - accuracy: 0.79014
Training epoch 38 | loss: 0.39283 - accuracy: 0.92023
Validating epoch 38 | loss: 0.51569 - accuracy: 0.79702
Training epoch 39 | loss: 0.37976 - accuracy: 0.93208
Validating epoch 39 | loss: 0.51555 - accuracy: 0.79931
Training epoch 40 | loss: 0.38155 - accuracy: 0.93006
Validating epoch 40 | loss: 0.51397 - accuracy: 0.79931
Training epoch 41 | loss: 0.37819 - accuracy: 0.93613
Validating epoch 41 | loss: 0.51139 - accuracy: 0.79931
Training epoch 42 | loss: 0.38135 - accuracy: 0.93194
Validating epoch 42 | loss: 0.51313 - accuracy: 0.79702
Training epoch 43 | loss: 0.38102 - accuracy: 0.92991
Validating epoch 43 | loss: 0.51063 - accuracy: 0.80275
Training epoch 44 | loss: 0.37853 - accuracy: 0.93338
Validating epoch 44 | loss: 0.51312 - accuracy: 0.79817
Training epoch 45 | loss: 0.37736 - accuracy: 0.93613
Validating epoch 45 | loss: 0.52115 - accuracy: 0.79014
Training epoch 46 | loss: 0.37779 - accuracy: 0.93656
Validating epoch 46 | loss: 0.51331 - accuracy: 0.80046
Training epoch 47 | loss: 0.37614 - accuracy: 0.93829
Validating epoch 47 | loss: 0.51223 - accuracy: 0.79931
Training epoch 48 | loss: 0.3726 - accuracy: 0.93873
Validating epoch 48 | loss: 0.52081 - accuracy: 0.79358
Training epoch 49 | loss: 0.37412 - accuracy: 0.93786
Validating epoch 49 | loss: 0.50834 - accuracy: 0.80275
Training epoch 50 | loss: 0.37435 - accuracy: 0.93757
Validating epoch 50 | loss: 0.52101 - accuracy: 0.79243
Training epoch 51 | loss: 0.37124 - accuracy: 0.9409
Validating epoch 51 | loss: 0.51254 - accuracy: 0.80161
Training epoch 52 | loss: 0.37505 - accuracy: 0.93887
Validating epoch 52 | loss: 0.5242 - accuracy: 0.78555
Training epoch 53 | loss: 0.37629 - accuracy: 0.93829
Validating epoch 53 | loss: 0.51843 - accuracy: 0.79358
Training epoch 54 | loss: 0.36924 - accuracy: 0.94306
Validating epoch 54 | loss: 0.52274 - accuracy: 0.79128
Training epoch 55 | loss: 0.3832 - accuracy: 0.93512
Validating epoch 55 | loss: 0.52283 - accuracy: 0.78899
Training epoch 56 | loss: 0.38862 - accuracy: 0.92486
Validating epoch 56 | loss: 0.51581 - accuracy: 0.79587
Training epoch 57 | loss: 0.37981 - accuracy: 0.93454
Validating epoch 57 | loss: 0.51493 - accuracy: 0.79587
Training epoch 58 | loss: 0.37921 - accuracy: 0.93136
Validating epoch 58 | loss: 0.52586 - accuracy: 0.7867
Training epoch 59 | loss: 0.37598 - accuracy: 0.93786
Validating epoch 59 | loss: 0.52278 - accuracy: 0.7867
Training epoch 60 | loss: 0.38283 - accuracy: 0.92905
Validating epoch 60 | loss: 0.5361 - accuracy: 0.77752
Training epoch 61 | loss: 0.59947 - accuracy: 0.71199
Validating epoch 61 | loss: 0.54413 - accuracy: 0.7695
Training epoch 62 | loss: 0.5716 - accuracy: 0.74321
Validating epoch 62 | loss: 0.59717 - accuracy: 0.71674
Training epoch 63 | loss: 0.56841 - accuracy: 0.74465
Validating epoch 63 | loss: 0.57859 - accuracy: 0.73509
Training epoch 64 | loss: 0.54671 - accuracy: 0.76199
Validating epoch 64 | loss: 0.57441 - accuracy: 0.73739
Training epoch 65 | loss: 0.55191 - accuracy: 0.75419
Validating epoch 65 | loss: 0.54254 - accuracy: 0.76491
Training epoch 66 | loss: 0.45776 - accuracy: 0.8474
Validating epoch 66 | loss: 0.52451 - accuracy: 0.7867
Training epoch 67 | loss: 0.42373 - accuracy: 0.88627
Validating epoch 67 | loss: 0.52002 - accuracy: 0.78784
Training epoch 68 | loss: 0.40657 - accuracy: 0.90275
Validating epoch 68 | loss: 0.51042 - accuracy: 0.80161
Training epoch 69 | loss: 0.39695 - accuracy: 0.91199
Validating epoch 69 | loss: 0.50438 - accuracy: 0.80505
Training epoch 70 | loss: 0.39226 - accuracy: 0.9224
Validating epoch 70 | loss: 0.50665 - accuracy: 0.80275
Training epoch 71 | loss: 0.39714 - accuracy: 0.91951
Validating epoch 71 | loss: 0.51026 - accuracy: 0.80161
Training epoch 72 | loss: 0.37923 - accuracy: 0.93295
Validating epoch 72 | loss: 0.51238 - accuracy: 0.80161
Training epoch 73 | loss: 0.37832 - accuracy: 0.93324
Validating epoch 73 | loss: 0.50995 - accuracy: 0.8039
Training epoch 74 | loss: 0.37613 - accuracy: 0.93584
Validating epoch 74 | loss: 0.5228 - accuracy: 0.79014
Training epoch 75 | loss: 0.38058 - accuracy: 0.93121
Validating epoch 75 | loss: 0.50764 - accuracy: 0.8039
Training epoch 76 | loss: 0.3768 - accuracy: 0.93685
Validating epoch 76 | loss: 0.52356 - accuracy: 0.78899
Training epoch 77 | loss: 0.37408 - accuracy: 0.93743
Validating epoch 77 | loss: 0.52089 - accuracy: 0.78899
Training epoch 78 | loss: 0.37436 - accuracy: 0.9396
Validating epoch 78 | loss: 0.51418 - accuracy: 0.79931
Training epoch 79 | loss: 0.37245 - accuracy: 0.94147
Validating epoch 79 | loss: 0.51627 - accuracy: 0.79472
Training epoch 80 | loss: 0.36418 - accuracy: 0.94725
Validating epoch 80 | loss: 0.51021 - accuracy: 0.80275
Training epoch 81 | loss: 0.36908 - accuracy: 0.94509
Validating epoch 81 | loss: 0.51348 - accuracy: 0.79817
Training epoch 82 | loss: 0.36679 - accuracy: 0.94552
Validating epoch 82 | loss: 0.51016 - accuracy: 0.79931
Training epoch 83 | loss: 0.36881 - accuracy: 0.94523
Validating epoch 83 | loss: 0.51843 - accuracy: 0.79472
Training epoch 84 | loss: 0.36656 - accuracy: 0.94523
Validating epoch 84 | loss: 0.51838 - accuracy: 0.79472
Training epoch 85 | loss: 0.36628 - accuracy: 0.94581
Validating epoch 85 | loss: 0.51337 - accuracy: 0.79817
Training epoch 86 | loss: 0.37727 - accuracy: 0.93367
Validating epoch 86 | loss: 0.51706 - accuracy: 0.79587
Training epoch 87 | loss: 0.36577 - accuracy: 0.94754
Validating epoch 87 | loss: 0.52162 - accuracy: 0.78899
Training epoch 88 | loss: 0.4179 - accuracy: 0.89191
Validating epoch 88 | loss: 0.53553 - accuracy: 0.77752
Training epoch 89 | loss: 0.37823 - accuracy: 0.93367
Validating epoch 89 | loss: 0.51275 - accuracy: 0.79817
Training epoch 90 | loss: 0.37212 - accuracy: 0.9396
Validating epoch 90 | loss: 0.51866 - accuracy: 0.79128
Training epoch 91 | loss: 0.36707 - accuracy: 0.94465
Validating epoch 91 | loss: 0.5368 - accuracy: 0.77523
Training epoch 92 | loss: 0.36817 - accuracy: 0.94364
Validating epoch 92 | loss: 0.51887 - accuracy: 0.79702
Training epoch 93 | loss: 0.36744 - accuracy: 0.94451
Validating epoch 93 | loss: 0.51872 - accuracy: 0.79128
Training epoch 94 | loss: 0.37202 - accuracy: 0.94147
Validating epoch 94 | loss: 0.52543 - accuracy: 0.7867
Training epoch 95 | loss: 0.36387 - accuracy: 0.94798
Validating epoch 95 | loss: 0.51553 - accuracy: 0.79702
Training epoch 96 | loss: 0.36283 - accuracy: 0.9513
Validating epoch 96 | loss: 0.5142 - accuracy: 0.79817
Training epoch 97 | loss: 0.36576 - accuracy: 0.95072
Validating epoch 97 | loss: 0.50945 - accuracy: 0.80505
Training epoch 98 | loss: 0.36356 - accuracy: 0.95043
Validating epoch 98 | loss: 0.51146 - accuracy: 0.80161
Training epoch 99 | loss: 0.3609 - accuracy: 0.95087
Validating epoch 99 | loss: 0.52008 - accuracy: 0.79243
Dataset is sst, undersample is False, aug mode is trans, geo is 0.9, small_label is 0 small_prop is 0.5, balance_seed is 1
Training epoch 0 | loss: 0.66 - accuracy: 0.6328
Validating epoch 0 | loss: 0.54515 - accuracy: 0.77064
Training epoch 1 | loss: 0.53512 - accuracy: 0.77225
Validating epoch 1 | loss: 0.52119 - accuracy: 0.78096
Training epoch 2 | loss: 0.51002 - accuracy: 0.79783
Validating epoch 2 | loss: 0.51506 - accuracy: 0.79817
Training epoch 3 | loss: 0.49029 - accuracy: 0.8146
Validating epoch 3 | loss: 0.50682 - accuracy: 0.80046
Training epoch 4 | loss: 0.48923 - accuracy: 0.82095
Validating epoch 4 | loss: 0.50604 - accuracy: 0.80619
Training epoch 5 | loss: 0.4844 - accuracy: 0.82327
Validating epoch 5 | loss: 0.51063 - accuracy: 0.79472
Training epoch 6 | loss: 0.47393 - accuracy: 0.83309
Validating epoch 6 | loss: 0.50087 - accuracy: 0.80275
Training epoch 7 | loss: 0.45546 - accuracy: 0.85275
Validating epoch 7 | loss: 0.50474 - accuracy: 0.81078
Training epoch 8 | loss: 0.45318 - accuracy: 0.8552
Validating epoch 8 | loss: 0.5023 - accuracy: 0.80619
Training epoch 9 | loss: 0.45117 - accuracy: 0.85621
Validating epoch 9 | loss: 0.51211 - accuracy: 0.79472
Training epoch 10 | loss: 0.4442 - accuracy: 0.86618
Validating epoch 10 | loss: 0.50059 - accuracy: 0.80505
Training epoch 11 | loss: 0.44413 - accuracy: 0.86792
Validating epoch 11 | loss: 0.50724 - accuracy: 0.79931
Training epoch 12 | loss: 0.43238 - accuracy: 0.87645
Validating epoch 12 | loss: 0.49771 - accuracy: 0.81193
Training epoch 13 | loss: 0.4201 - accuracy: 0.88931
Validating epoch 13 | loss: 0.49768 - accuracy: 0.81078
Training epoch 14 | loss: 0.42263 - accuracy: 0.89176
Validating epoch 14 | loss: 0.51421 - accuracy: 0.79587
Training epoch 15 | loss: 0.51493 - accuracy: 0.79292
Validating epoch 15 | loss: 0.50513 - accuracy: 0.80275
Training epoch 16 | loss: 0.4398 - accuracy: 0.8711
Validating epoch 16 | loss: 0.49642 - accuracy: 0.81537
Training epoch 17 | loss: 0.41495 - accuracy: 0.89595
Validating epoch 17 | loss: 0.5029 - accuracy: 0.80619
Training epoch 18 | loss: 0.42079 - accuracy: 0.89263
Validating epoch 18 | loss: 0.4997 - accuracy: 0.81193
Training epoch 19 | loss: 0.40852 - accuracy: 0.90202
Validating epoch 19 | loss: 0.49553 - accuracy: 0.81766
Training epoch 20 | loss: 0.41717 - accuracy: 0.89769
Validating epoch 20 | loss: 0.50687 - accuracy: 0.80505
Training epoch 21 | loss: 0.40778 - accuracy: 0.90332
Validating epoch 21 | loss: 0.50845 - accuracy: 0.79817
Training epoch 22 | loss: 0.41134 - accuracy: 0.90231
Validating epoch 22 | loss: 0.50668 - accuracy: 0.80275
Training epoch 23 | loss: 0.4295 - accuracy: 0.88035
Validating epoch 23 | loss: 0.5135 - accuracy: 0.79587
Training epoch 24 | loss: 0.408 - accuracy: 0.90246
Validating epoch 24 | loss: 0.49954 - accuracy: 0.81193
Training epoch 25 | loss: 0.39499 - accuracy: 0.91647
Validating epoch 25 | loss: 0.49569 - accuracy: 0.81766
Training epoch 26 | loss: 0.3977 - accuracy: 0.91373
Validating epoch 26 | loss: 0.50313 - accuracy: 0.80963
Training epoch 27 | loss: 0.41353 - accuracy: 0.90766
Validating epoch 27 | loss: 0.4982 - accuracy: 0.81651
Training epoch 28 | loss: 0.39406 - accuracy: 0.9198
Validating epoch 28 | loss: 0.49244 - accuracy: 0.81995
Training epoch 29 | loss: 0.39691 - accuracy: 0.91575
Validating epoch 29 | loss: 0.4906 - accuracy: 0.82339
Training epoch 30 | loss: 0.39323 - accuracy: 0.91777
Validating epoch 30 | loss: 0.4903 - accuracy: 0.82339
Training epoch 31 | loss: 0.39595 - accuracy: 0.9198
Validating epoch 31 | loss: 0.4981 - accuracy: 0.81193
Training epoch 32 | loss: 0.38206 - accuracy: 0.92991
Validating epoch 32 | loss: 0.50732 - accuracy: 0.80505
Training epoch 33 | loss: 0.3877 - accuracy: 0.9263
Validating epoch 33 | loss: 0.4945 - accuracy: 0.81766
Training epoch 34 | loss: 0.38809 - accuracy: 0.92558
Validating epoch 34 | loss: 0.48693 - accuracy: 0.82339
Training epoch 35 | loss: 0.39989 - accuracy: 0.91286
Validating epoch 35 | loss: 0.50899 - accuracy: 0.8039
Training epoch 36 | loss: 0.39254 - accuracy: 0.92153
Validating epoch 36 | loss: 0.49284 - accuracy: 0.81651
Training epoch 37 | loss: 0.38779 - accuracy: 0.92587
Validating epoch 37 | loss: 0.52545 - accuracy: 0.78784
Training epoch 38 | loss: 0.39572 - accuracy: 0.91792
Validating epoch 38 | loss: 0.4978 - accuracy: 0.81422
Training epoch 39 | loss: 0.38356 - accuracy: 0.92789
Validating epoch 39 | loss: 0.50617 - accuracy: 0.80505
Training epoch 40 | loss: 0.3939 - accuracy: 0.91705
Validating epoch 40 | loss: 0.53132 - accuracy: 0.78096
Training epoch 41 | loss: 0.41323 - accuracy: 0.89812
Validating epoch 41 | loss: 0.51689 - accuracy: 0.79472
Training epoch 42 | loss: 0.39806 - accuracy: 0.91243
Validating epoch 42 | loss: 0.53222 - accuracy: 0.78096
Training epoch 43 | loss: 0.39147 - accuracy: 0.92124
Validating epoch 43 | loss: 0.50886 - accuracy: 0.8039
Training epoch 44 | loss: 0.37988 - accuracy: 0.93194
Validating epoch 44 | loss: 0.51129 - accuracy: 0.80161
Training epoch 45 | loss: 0.37591 - accuracy: 0.93613
Validating epoch 45 | loss: 0.50308 - accuracy: 0.80619
Training epoch 46 | loss: 0.37635 - accuracy: 0.93569
Validating epoch 46 | loss: 0.49918 - accuracy: 0.81422
Training epoch 47 | loss: 0.37355 - accuracy: 0.93887
Validating epoch 47 | loss: 0.50586 - accuracy: 0.80734
Training epoch 48 | loss: 0.38063 - accuracy: 0.9328
Validating epoch 48 | loss: 0.50193 - accuracy: 0.81078
Training epoch 49 | loss: 0.37274 - accuracy: 0.93945
Validating epoch 49 | loss: 0.51017 - accuracy: 0.79931
Training epoch 50 | loss: 0.3782 - accuracy: 0.93772
Validating epoch 50 | loss: 0.51155 - accuracy: 0.8039
Training epoch 51 | loss: 0.37347 - accuracy: 0.94104
Validating epoch 51 | loss: 0.5069 - accuracy: 0.8039
Training epoch 52 | loss: 0.37171 - accuracy: 0.94277
Validating epoch 52 | loss: 0.50499 - accuracy: 0.80505
Training epoch 53 | loss: 0.37027 - accuracy: 0.94176
Validating epoch 53 | loss: 0.51241 - accuracy: 0.80161
Training epoch 54 | loss: 0.37888 - accuracy: 0.93295
Validating epoch 54 | loss: 0.5029 - accuracy: 0.80734
Training epoch 55 | loss: 0.38024 - accuracy: 0.93064
Validating epoch 55 | loss: 0.50088 - accuracy: 0.81078
Training epoch 56 | loss: 0.38905 - accuracy: 0.92225
Validating epoch 56 | loss: 0.50133 - accuracy: 0.80849
Training epoch 57 | loss: 0.37535 - accuracy: 0.93699
Validating epoch 57 | loss: 0.50161 - accuracy: 0.81078
Training epoch 58 | loss: 0.37627 - accuracy: 0.93555
Validating epoch 58 | loss: 0.50938 - accuracy: 0.80275
Training epoch 59 | loss: 0.37298 - accuracy: 0.94104
Validating epoch 59 | loss: 0.4997 - accuracy: 0.81078
Training epoch 60 | loss: 0.37248 - accuracy: 0.94205
Validating epoch 60 | loss: 0.50363 - accuracy: 0.80849
Training epoch 61 | loss: 0.37433 - accuracy: 0.93743
Validating epoch 61 | loss: 0.50722 - accuracy: 0.8039
Training epoch 62 | loss: 0.36928 - accuracy: 0.94263
Validating epoch 62 | loss: 0.49636 - accuracy: 0.81766
Training epoch 63 | loss: 0.37157 - accuracy: 0.94249
Validating epoch 63 | loss: 0.50194 - accuracy: 0.81078
Training epoch 64 | loss: 0.37057 - accuracy: 0.94436
Validating epoch 64 | loss: 0.5023 - accuracy: 0.80963
Training epoch 65 | loss: 0.37411 - accuracy: 0.93801
Validating epoch 65 | loss: 0.50105 - accuracy: 0.80963
Training epoch 66 | loss: 0.37065 - accuracy: 0.9461
Validating epoch 66 | loss: 0.50619 - accuracy: 0.80849
Training epoch 67 | loss: 0.36854 - accuracy: 0.94277
Validating epoch 67 | loss: 0.50248 - accuracy: 0.80849
Training epoch 68 | loss: 0.36858 - accuracy: 0.94292
Validating epoch 68 | loss: 0.51159 - accuracy: 0.80161
Training epoch 69 | loss: 0.36752 - accuracy: 0.94465
Validating epoch 69 | loss: 0.50849 - accuracy: 0.80505
Training epoch 70 | loss: 0.37233 - accuracy: 0.9396
Validating epoch 70 | loss: 0.5092 - accuracy: 0.8039
Training epoch 71 | loss: 0.36644 - accuracy: 0.94552
Validating epoch 71 | loss: 0.50175 - accuracy: 0.80963
Training epoch 72 | loss: 0.36838 - accuracy: 0.9461
Validating epoch 72 | loss: 0.50876 - accuracy: 0.80161
Training epoch 73 | loss: 0.36962 - accuracy: 0.94725
Validating epoch 73 | loss: 0.49753 - accuracy: 0.81307
Training epoch 74 | loss: 0.37177 - accuracy: 0.94032
Validating epoch 74 | loss: 0.50682 - accuracy: 0.80734
Training epoch 75 | loss: 0.37408 - accuracy: 0.93714
Validating epoch 75 | loss: 0.50161 - accuracy: 0.80849
Training epoch 76 | loss: 0.36991 - accuracy: 0.94624
Validating epoch 76 | loss: 0.48948 - accuracy: 0.82339
Training epoch 77 | loss: 0.36619 - accuracy: 0.94827
Validating epoch 77 | loss: 0.49547 - accuracy: 0.81422
Training epoch 78 | loss: 0.36799 - accuracy: 0.94408
Validating epoch 78 | loss: 0.4957 - accuracy: 0.81766
Training epoch 79 | loss: 0.36531 - accuracy: 0.94682
Validating epoch 79 | loss: 0.50214 - accuracy: 0.81193
Training epoch 80 | loss: 0.3699 - accuracy: 0.94176
Validating epoch 80 | loss: 0.49328 - accuracy: 0.81881
Training epoch 81 | loss: 0.37069 - accuracy: 0.94133
Validating epoch 81 | loss: 0.49797 - accuracy: 0.81422
Training epoch 82 | loss: 0.36924 - accuracy: 0.9448
Validating epoch 82 | loss: 0.50358 - accuracy: 0.80849
Training epoch 83 | loss: 0.3704 - accuracy: 0.94855
Validating epoch 83 | loss: 0.49401 - accuracy: 0.81766
Training epoch 84 | loss: 0.36309 - accuracy: 0.94913
Validating epoch 84 | loss: 0.50939 - accuracy: 0.80161
Training epoch 85 | loss: 0.36469 - accuracy: 0.9474
Validating epoch 85 | loss: 0.49548 - accuracy: 0.81651
Training epoch 86 | loss: 0.36403 - accuracy: 0.94812
Validating epoch 86 | loss: 0.5035 - accuracy: 0.80849
Training epoch 87 | loss: 0.36546 - accuracy: 0.94668
Validating epoch 87 | loss: 0.49911 - accuracy: 0.81422
Training epoch 88 | loss: 0.36469 - accuracy: 0.94754
Validating epoch 88 | loss: 0.50655 - accuracy: 0.80275
Training epoch 89 | loss: 0.36954 - accuracy: 0.94176
Validating epoch 89 | loss: 0.49213 - accuracy: 0.8211
Training epoch 90 | loss: 0.36784 - accuracy: 0.94408
Validating epoch 90 | loss: 0.49378 - accuracy: 0.81766
Training epoch 91 | loss: 0.36172 - accuracy: 0.95072
Validating epoch 91 | loss: 0.49742 - accuracy: 0.81422
Training epoch 92 | loss: 0.35845 - accuracy: 0.95376
Validating epoch 92 | loss: 0.49479 - accuracy: 0.81766
Training epoch 93 | loss: 0.36015 - accuracy: 0.95188
Validating epoch 93 | loss: 0.48536 - accuracy: 0.82798
Training epoch 94 | loss: 0.35909 - accuracy: 0.95303
Validating epoch 94 | loss: 0.49248 - accuracy: 0.8211
Training epoch 95 | loss: 0.36117 - accuracy: 0.95332
Validating epoch 95 | loss: 0.50526 - accuracy: 0.80849
Training epoch 96 | loss: 0.36073 - accuracy: 0.95116
Validating epoch 96 | loss: 0.49538 - accuracy: 0.81651
Training epoch 97 | loss: 0.36009 - accuracy: 0.95448
Validating epoch 97 | loss: 0.49943 - accuracy: 0.81422
Training epoch 98 | loss: 0.36019 - accuracy: 0.95217
Validating epoch 98 | loss: 0.49086 - accuracy: 0.82225
Training epoch 99 | loss: 0.3685 - accuracy: 0.94379
Validating epoch 99 | loss: 0.50666 - accuracy: 0.80734
