Model is Bert, dataset is sst, undersample is False, aug mode is None, geo is None, pct_usage is None, small_label is 0, small_prop is 0.2, balance_seed is 29, lr is 2e-05, max_epochs is 4, split_num is 0
Training epoch 0 | loss: 0.40255 - accuracy: 0.80188
Validating epoch 0 | loss: 0.53929 - accuracy: 0.81766
Training epoch 1 | loss: 0.08366 - accuracy: 0.97514
Validating epoch 1 | loss: 0.65229 - accuracy: 0.82225
Training epoch 2 | loss: 0.02684 - accuracy: 0.9935
Validating epoch 2 | loss: 0.92448 - accuracy: 0.79817
Training epoch 3 | loss: 0.013 - accuracy: 0.99725
Validating epoch 3 | loss: 0.87245 - accuracy: 0.81995
Model is Bert, dataset is sst, undersample is True, aug mode is None, geo is None, pct_usage is None, small_label is 0, small_prop is 0.2, balance_seed is 29, lr is 2e-05, max_epochs is 4, split_num is 0
Training epoch 0 | loss: 0.36496 - accuracy: 0.81893
Validating epoch 0 | loss: 0.51907 - accuracy: 0.83716
Training epoch 1 | loss: 0.03334 - accuracy: 0.99133
Validating epoch 1 | loss: 0.61713 - accuracy: 0.85092
Training epoch 2 | loss: 0.00774 - accuracy: 0.99855
Validating epoch 2 | loss: 0.65231 - accuracy: 0.86124
Training epoch 3 | loss: 0.00367 - accuracy: 0.99971
Validating epoch 3 | loss: 0.67032 - accuracy: 0.86124
Model is Bert, dataset is sst, undersample is None, aug mode is trans, geo is 0.1, pct_usage is None, small_label is 0, small_prop is 0.2, balance_seed is 29, lr is 2e-05, max_epochs is 4, split_num is 0
Training epoch 0 | loss: 0.41978 - accuracy: 0.79118
Validating epoch 0 | loss: 0.45215 - accuracy: 0.81651
Training epoch 1 | loss: 0.17142 - accuracy: 0.93815
Validating epoch 1 | loss: 0.46295 - accuracy: 0.84633
Training epoch 2 | loss: 0.08431 - accuracy: 0.97269
Validating epoch 2 | loss: 0.58659 - accuracy: 0.84518
Training epoch 3 | loss: 0.05456 - accuracy: 0.98555
Validating epoch 3 | loss: 0.56544 - accuracy: 0.84404
Model is Bert, dataset is sst, undersample is None, aug mode is trans, geo is 0.3, pct_usage is None, small_label is 0, small_prop is 0.2, balance_seed is 29, lr is 2e-05, max_epochs is 4, split_num is 0
Training epoch 0 | loss: 0.44496 - accuracy: 0.78714
Validating epoch 0 | loss: 0.37979 - accuracy: 0.84174
Training epoch 1 | loss: 0.18751 - accuracy: 0.93237
Validating epoch 1 | loss: 0.4551 - accuracy: 0.84174
Training epoch 2 | loss: 0.09501 - accuracy: 0.97023
Validating epoch 2 | loss: 0.48026 - accuracy: 0.84977
Training epoch 3 | loss: 0.06399 - accuracy: 0.98223
Validating epoch 3 | loss: 0.51228 - accuracy: 0.85436
Model is Bert, dataset is sst, undersample is None, aug mode is trans, geo is 0.5, pct_usage is None, small_label is 0, small_prop is 0.2, balance_seed is 29, lr is 2e-05, max_epochs is 4, split_num is 0
Training epoch 0 | loss: 0.42997 - accuracy: 0.79191
Validating epoch 0 | loss: 0.40504 - accuracy: 0.84518
Training epoch 1 | loss: 0.1765 - accuracy: 0.93873
Validating epoch 1 | loss: 0.43157 - accuracy: 0.85321
Training epoch 2 | loss: 0.08881 - accuracy: 0.9724
Validating epoch 2 | loss: 0.52611 - accuracy: 0.84518
Training epoch 3 | loss: 0.0571 - accuracy: 0.98425
Validating epoch 3 | loss: 0.52463 - accuracy: 0.86697
Model is Bert, dataset is sst, undersample is None, aug mode is trans, geo is 0.7, pct_usage is None, small_label is 0, small_prop is 0.2, balance_seed is 29, lr is 2e-05, max_epochs is 4, split_num is 0
Training epoch 0 | loss: 0.4111 - accuracy: 0.79436
Validating epoch 0 | loss: 0.36054 - accuracy: 0.86812
Training epoch 1 | loss: 0.13498 - accuracy: 0.95621
Validating epoch 1 | loss: 0.60621 - accuracy: 0.82913
Training epoch 2 | loss: 0.06667 - accuracy: 0.97991
Validating epoch 2 | loss: 0.50945 - accuracy: 0.85436
Training epoch 3 | loss: 0.04991 - accuracy: 0.98584
Validating epoch 3 | loss: 0.52026 - accuracy: 0.85894
Model is Bert, dataset is sst, undersample is None, aug mode is trans, geo is 0.9, pct_usage is None, small_label is 0, small_prop is 0.2, balance_seed is 29, lr is 2e-05, max_epochs is 4, split_num is 0
Training epoch 0 | loss: 0.4201 - accuracy: 0.78786
Validating epoch 0 | loss: 0.40221 - accuracy: 0.84977
Training epoch 1 | loss: 0.11398 - accuracy: 0.96012
Validating epoch 1 | loss: 0.60404 - accuracy: 0.83142
Training epoch 2 | loss: 0.05302 - accuracy: 0.98526
Validating epoch 2 | loss: 0.55495 - accuracy: 0.83945
Training epoch 3 | loss: 0.03685 - accuracy: 0.9896
Validating epoch 3 | loss: 0.60906 - accuracy: 0.84174
Model is Bert, dataset is sst, undersample is False, aug mode is None, geo is None, pct_usage is None, small_label is 1, small_prop is 0.2, balance_seed is 29, lr is 2e-05, max_epochs is 4, split_num is 0
Training epoch 0 | loss: 0.38973 - accuracy: 0.80303
Validating epoch 0 | loss: 0.37583 - accuracy: 0.86353
Training epoch 1 | loss: 0.05845 - accuracy: 0.98251
Validating epoch 1 | loss: 0.79751 - accuracy: 0.81651
Training epoch 2 | loss: 0.01526 - accuracy: 0.99552
Validating epoch 2 | loss: 0.73319 - accuracy: 0.84289
Training epoch 3 | loss: 0.00658 - accuracy: 0.99855
Validating epoch 3 | loss: 0.64707 - accuracy: 0.86239
Model is Bert, dataset is sst, undersample is True, aug mode is None, geo is None, pct_usage is None, small_label is 1, small_prop is 0.2, balance_seed is 29, lr is 2e-05, max_epochs is 4, split_num is 0
Training epoch 0 | loss: 0.38565 - accuracy: 0.80665
Validating epoch 0 | loss: 0.44931 - accuracy: 0.8383
Training epoch 1 | loss: 0.0348 - accuracy: 0.9909
Validating epoch 1 | loss: 0.60999 - accuracy: 0.85321
Training epoch 2 | loss: 0.0049 - accuracy: 0.99957
Validating epoch 2 | loss: 0.68894 - accuracy: 0.86124
Training epoch 3 | loss: 0.00297 - accuracy: 0.99957
Validating epoch 3 | loss: 0.71197 - accuracy: 0.86124
Model is Bert, dataset is sst, undersample is None, aug mode is trans, geo is 0.1, pct_usage is None, small_label is 1, small_prop is 0.2, balance_seed is 29, lr is 2e-05, max_epochs is 4, split_num is 0
Training epoch 0 | loss: 0.42486 - accuracy: 0.78743
Validating epoch 0 | loss: 0.39846 - accuracy: 0.84404
Training epoch 1 | loss: 0.15605 - accuracy: 0.94292
Validating epoch 1 | loss: 0.40144 - accuracy: 0.85894
Training epoch 2 | loss: 0.08318 - accuracy: 0.97327
Validating epoch 2 | loss: 0.50324 - accuracy: 0.84862
Training epoch 3 | loss: 0.05349 - accuracy: 0.98396
Validating epoch 3 | loss: 0.43101 - accuracy: 0.87385
Model is Bert, dataset is sst, undersample is None, aug mode is trans, geo is 0.3, pct_usage is None, small_label is 1, small_prop is 0.2, balance_seed is 29, lr is 2e-05, max_epochs is 4, split_num is 0
Training epoch 0 | loss: 0.43349 - accuracy: 0.77876
Validating epoch 0 | loss: 0.3754 - accuracy: 0.85321
Training epoch 1 | loss: 0.17 - accuracy: 0.94104
Validating epoch 1 | loss: 0.36345 - accuracy: 0.875
Training epoch 2 | loss: 0.0853 - accuracy: 0.9711
Validating epoch 2 | loss: 0.42239 - accuracy: 0.86927
Training epoch 3 | loss: 0.05295 - accuracy: 0.98584
Validating epoch 3 | loss: 0.45312 - accuracy: 0.86697
Model is Bert, dataset is sst, undersample is None, aug mode is trans, geo is 0.5, pct_usage is None, small_label is 1, small_prop is 0.2, balance_seed is 29, lr is 2e-05, max_epochs is 4, split_num is 0
Training epoch 0 | loss: 0.42201 - accuracy: 0.78743
Validating epoch 0 | loss: 0.37727 - accuracy: 0.86353
Training epoch 1 | loss: 0.15362 - accuracy: 0.94538
Validating epoch 1 | loss: 0.4111 - accuracy: 0.87271
Training epoch 2 | loss: 0.07238 - accuracy: 0.97934
Validating epoch 2 | loss: 0.43965 - accuracy: 0.87615
Training epoch 3 | loss: 0.04625 - accuracy: 0.98642
Validating epoch 3 | loss: 0.47203 - accuracy: 0.875
Model is Bert, dataset is sst, undersample is None, aug mode is trans, geo is 0.7, pct_usage is None, small_label is 1, small_prop is 0.2, balance_seed is 29, lr is 2e-05, max_epochs is 4, split_num is 0
Training epoch 0 | loss: 0.43871 - accuracy: 0.76994
Validating epoch 0 | loss: 0.3635 - accuracy: 0.86697
Training epoch 1 | loss: 0.13737 - accuracy: 0.95318
Validating epoch 1 | loss: 0.42233 - accuracy: 0.86583
Training epoch 2 | loss: 0.06653 - accuracy: 0.97847
Validating epoch 2 | loss: 0.45207 - accuracy: 0.87385
Training epoch 3 | loss: 0.04424 - accuracy: 0.98728
Validating epoch 3 | loss: 0.45092 - accuracy: 0.88303
Model is Bert, dataset is sst, undersample is None, aug mode is trans, geo is 0.9, pct_usage is None, small_label is 1, small_prop is 0.2, balance_seed is 29, lr is 2e-05, max_epochs is 4, split_num is 0
Training epoch 0 | loss: 0.41304 - accuracy: 0.78309
Validating epoch 0 | loss: 0.39395 - accuracy: 0.86583
Training epoch 1 | loss: 0.11102 - accuracy: 0.96301
Validating epoch 1 | loss: 0.42183 - accuracy: 0.87385
Training epoch 2 | loss: 0.03888 - accuracy: 0.98858
Validating epoch 2 | loss: 0.55631 - accuracy: 0.86239
Training epoch 3 | loss: 0.03605 - accuracy: 0.99118
Validating epoch 3 | loss: 0.46987 - accuracy: 0.88188
Model is Bert, dataset is sst, undersample is False, aug mode is None, geo is None, pct_usage is None, small_label is 0, small_prop is 0.4, balance_seed is 29, lr is 2e-05, max_epochs is 4, split_num is 0
Training epoch 0 | loss: 0.41529 - accuracy: 0.80592
Validating epoch 0 | loss: 0.37655 - accuracy: 0.86239
Training epoch 1 | loss: 0.13552 - accuracy: 0.95448
Validating epoch 1 | loss: 0.39961 - accuracy: 0.87959
Training epoch 2 | loss: 0.05324 - accuracy: 0.98512
Validating epoch 2 | loss: 0.5322 - accuracy: 0.85894
Training epoch 3 | loss: 0.02836 - accuracy: 0.9935
Validating epoch 3 | loss: 0.55245 - accuracy: 0.86353
Model is Bert, dataset is sst, undersample is True, aug mode is None, geo is None, pct_usage is None, small_label is 0, small_prop is 0.4, balance_seed is 29, lr is 2e-05, max_epochs is 4, split_num is 0
Training epoch 0 | loss: 0.42198 - accuracy: 0.79769
Validating epoch 0 | loss: 0.33612 - accuracy: 0.86927
Training epoch 1 | loss: 0.08227 - accuracy: 0.97471
Validating epoch 1 | loss: 0.4453 - accuracy: 0.87729
Training epoch 2 | loss: 0.01325 - accuracy: 0.99711
Validating epoch 2 | loss: 0.57601 - accuracy: 0.87385
Training epoch 3 | loss: 0.00443 - accuracy: 0.99884
Validating epoch 3 | loss: 0.60196 - accuracy: 0.87156
Model is Bert, dataset is sst, undersample is None, aug mode is trans, geo is 0.1, pct_usage is None, small_label is 0, small_prop is 0.4, balance_seed is 29, lr is 2e-05, max_epochs is 4, split_num is 0
Training epoch 0 | loss: 0.45565 - accuracy: 0.7724
Validating epoch 0 | loss: 0.37101 - accuracy: 0.83945
Training epoch 1 | loss: 0.2315 - accuracy: 0.90925
Validating epoch 1 | loss: 0.41054 - accuracy: 0.83601
Training epoch 2 | loss: 0.13755 - accuracy: 0.95217
Validating epoch 2 | loss: 0.45998 - accuracy: 0.84404
Training epoch 3 | loss: 0.09049 - accuracy: 0.97312
Validating epoch 3 | loss: 0.48616 - accuracy: 0.84977
Model is Bert, dataset is sst, undersample is None, aug mode is trans, geo is 0.3, pct_usage is None, small_label is 0, small_prop is 0.4, balance_seed is 29, lr is 2e-05, max_epochs is 4, split_num is 0
Training epoch 0 | loss: 0.47097 - accuracy: 0.76821
Validating epoch 0 | loss: 0.36667 - accuracy: 0.85206
Training epoch 1 | loss: 0.25445 - accuracy: 0.90072
Validating epoch 1 | loss: 0.37405 - accuracy: 0.8578
Training epoch 2 | loss: 0.13604 - accuracy: 0.9526
Validating epoch 2 | loss: 0.44509 - accuracy: 0.86009
Training epoch 3 | loss: 0.0927 - accuracy: 0.96864
Validating epoch 3 | loss: 0.46298 - accuracy: 0.86239
Model is Bert, dataset is sst, undersample is None, aug mode is trans, geo is 0.5, pct_usage is None, small_label is 0, small_prop is 0.4, balance_seed is 29, lr is 2e-05, max_epochs is 4, split_num is 0
Training epoch 0 | loss: 0.4452 - accuracy: 0.78136
Validating epoch 0 | loss: 0.35786 - accuracy: 0.86124
Training epoch 1 | loss: 0.20985 - accuracy: 0.91994
Validating epoch 1 | loss: 0.39793 - accuracy: 0.85436
Training epoch 2 | loss: 0.11096 - accuracy: 0.96373
Validating epoch 2 | loss: 0.44387 - accuracy: 0.8555
Training epoch 3 | loss: 0.07447 - accuracy: 0.97746
Validating epoch 3 | loss: 0.4792 - accuracy: 0.85321
Model is Bert, dataset is sst, undersample is None, aug mode is trans, geo is 0.7, pct_usage is None, small_label is 0, small_prop is 0.4, balance_seed is 29, lr is 2e-05, max_epochs is 4, split_num is 0
Training epoch 0 | loss: 0.42622 - accuracy: 0.78887
Validating epoch 0 | loss: 0.31684 - accuracy: 0.86239
Training epoch 1 | loss: 0.18254 - accuracy: 0.93454
Validating epoch 1 | loss: 0.38891 - accuracy: 0.86239
Training epoch 2 | loss: 0.09842 - accuracy: 0.97052
Validating epoch 2 | loss: 0.45468 - accuracy: 0.85436
Training epoch 3 | loss: 0.06617 - accuracy: 0.98064
Validating epoch 3 | loss: 0.46119 - accuracy: 0.86009
Model is Bert, dataset is sst, undersample is None, aug mode is trans, geo is 0.9, pct_usage is None, small_label is 0, small_prop is 0.4, balance_seed is 29, lr is 2e-05, max_epochs is 4, split_num is 0
Training epoch 0 | loss: 0.43714 - accuracy: 0.77442
Validating epoch 0 | loss: 0.4271 - accuracy: 0.80734
Training epoch 1 | loss: 0.16038 - accuracy: 0.94595
Validating epoch 1 | loss: 0.44098 - accuracy: 0.86124
Training epoch 2 | loss: 0.07866 - accuracy: 0.9763
Validating epoch 2 | loss: 0.541 - accuracy: 0.84862
Training epoch 3 | loss: 0.04853 - accuracy: 0.98772
Validating epoch 3 | loss: 0.50454 - accuracy: 0.86583
Model is Bert, dataset is sst, undersample is False, aug mode is None, geo is None, pct_usage is None, small_label is 1, small_prop is 0.4, balance_seed is 29, lr is 2e-05, max_epochs is 4, split_num is 0
Training epoch 0 | loss: 0.42266 - accuracy: 0.79422
Validating epoch 0 | loss: 0.36107 - accuracy: 0.87156
Training epoch 1 | loss: 0.11425 - accuracy: 0.95939
Validating epoch 1 | loss: 0.44443 - accuracy: 0.87615
Training epoch 2 | loss: 0.04225 - accuracy: 0.98887
Validating epoch 2 | loss: 0.51184 - accuracy: 0.87959
Training epoch 3 | loss: 0.01965 - accuracy: 0.99552
Validating epoch 3 | loss: 0.57259 - accuracy: 0.88073
Model is Bert, dataset is sst, undersample is True, aug mode is None, geo is None, pct_usage is None, small_label is 1, small_prop is 0.4, balance_seed is 29, lr is 2e-05, max_epochs is 4, split_num is 0
Training epoch 0 | loss: 0.41586 - accuracy: 0.7935
Validating epoch 0 | loss: 0.3789 - accuracy: 0.8406
Training epoch 1 | loss: 0.11018 - accuracy: 0.96431
Validating epoch 1 | loss: 0.44285 - accuracy: 0.86812
Training epoch 2 | loss: 0.02821 - accuracy: 0.99408
Validating epoch 2 | loss: 0.51335 - accuracy: 0.86927
Training epoch 3 | loss: 0.01547 - accuracy: 0.99711
Validating epoch 3 | loss: 0.56117 - accuracy: 0.86009
Model is Bert, dataset is sst, undersample is None, aug mode is trans, geo is 0.1, pct_usage is None, small_label is 1, small_prop is 0.4, balance_seed is 29, lr is 2e-05, max_epochs is 4, split_num is 0
Training epoch 0 | loss: 0.44334 - accuracy: 0.775
Validating epoch 0 | loss: 0.37911 - accuracy: 0.8406
Training epoch 1 | loss: 0.18936 - accuracy: 0.92717
Validating epoch 1 | loss: 0.45991 - accuracy: 0.8406
Training epoch 2 | loss: 0.11019 - accuracy: 0.96084
Validating epoch 2 | loss: 0.3961 - accuracy: 0.86353
Training epoch 3 | loss: 0.06929 - accuracy: 0.97731
Validating epoch 3 | loss: 0.42638 - accuracy: 0.86239
Model is Bert, dataset is sst, undersample is None, aug mode is trans, geo is 0.3, pct_usage is None, small_label is 1, small_prop is 0.4, balance_seed is 29, lr is 2e-05, max_epochs is 4, split_num is 0
Training epoch 0 | loss: 0.44942 - accuracy: 0.77254
Validating epoch 0 | loss: 0.33392 - accuracy: 0.87156
Training epoch 1 | loss: 0.19372 - accuracy: 0.92471
Validating epoch 1 | loss: 0.38376 - accuracy: 0.87729
Training epoch 2 | loss: 0.1089 - accuracy: 0.95939
Validating epoch 2 | loss: 0.39769 - accuracy: 0.87615
Training epoch 3 | loss: 0.06407 - accuracy: 0.97991
Validating epoch 3 | loss: 0.46895 - accuracy: 0.86927
Model is Bert, dataset is sst, undersample is None, aug mode is trans, geo is 0.5, pct_usage is None, small_label is 1, small_prop is 0.4, balance_seed is 29, lr is 2e-05, max_epochs is 4, split_num is 0
Training epoch 0 | loss: 0.44882 - accuracy: 0.7789
Validating epoch 0 | loss: 0.31069 - accuracy: 0.87844
Training epoch 1 | loss: 0.21152 - accuracy: 0.91777
Validating epoch 1 | loss: 0.33286 - accuracy: 0.88417
Training epoch 2 | loss: 0.10985 - accuracy: 0.96315
Validating epoch 2 | loss: 0.38059 - accuracy: 0.88532
Training epoch 3 | loss: 0.07522 - accuracy: 0.97399
Validating epoch 3 | loss: 0.40311 - accuracy: 0.88647
Model is Bert, dataset is sst, undersample is None, aug mode is trans, geo is 0.7, pct_usage is None, small_label is 1, small_prop is 0.4, balance_seed is 29, lr is 2e-05, max_epochs is 4, split_num is 0
Training epoch 0 | loss: 0.42842 - accuracy: 0.79075
Validating epoch 0 | loss: 0.31942 - accuracy: 0.87156
Training epoch 1 | loss: 0.17672 - accuracy: 0.93324
Validating epoch 1 | loss: 0.3549 - accuracy: 0.88073
Training epoch 2 | loss: 0.08628 - accuracy: 0.97139
Validating epoch 2 | loss: 0.42537 - accuracy: 0.87844
Training epoch 3 | loss: 0.06133 - accuracy: 0.98165
Validating epoch 3 | loss: 0.43641 - accuracy: 0.88303
Model is Bert, dataset is sst, undersample is None, aug mode is trans, geo is 0.9, pct_usage is None, small_label is 1, small_prop is 0.4, balance_seed is 29, lr is 2e-05, max_epochs is 4, split_num is 0
Training epoch 0 | loss: 0.43629 - accuracy: 0.77905
Validating epoch 0 | loss: 0.33239 - accuracy: 0.86468
Training epoch 1 | loss: 0.1571 - accuracy: 0.94494
Validating epoch 1 | loss: 0.38201 - accuracy: 0.87385
Training epoch 2 | loss: 0.07435 - accuracy: 0.9789
Validating epoch 2 | loss: 0.43477 - accuracy: 0.87729
Training epoch 3 | loss: 0.04299 - accuracy: 0.98873
Validating epoch 3 | loss: 0.45771 - accuracy: 0.875
Model is Bert, dataset is sst, undersample is False, aug mode is None, geo is None, pct_usage is None, small_label is 0, small_prop is 0.6, balance_seed is 29, lr is 2e-05, max_epochs is 4, split_num is 0
Training epoch 0 | loss: 0.43115 - accuracy: 0.78671
Validating epoch 0 | loss: 0.35884 - accuracy: 0.86583
Training epoch 1 | loss: 0.16957 - accuracy: 0.93902
Validating epoch 1 | loss: 0.36359 - accuracy: 0.87959
Training epoch 2 | loss: 0.06683 - accuracy: 0.98049
Validating epoch 2 | loss: 0.47829 - accuracy: 0.875
Training epoch 3 | loss: 0.03263 - accuracy: 0.9922
Validating epoch 3 | loss: 0.51159 - accuracy: 0.87959
Model is Bert, dataset is sst, undersample is True, aug mode is None, geo is None, pct_usage is None, small_label is 0, small_prop is 0.6, balance_seed is 29, lr is 2e-05, max_epochs is 4, split_num is 0
Training epoch 0 | loss: 0.4335 - accuracy: 0.78049
Validating epoch 0 | loss: 0.3266 - accuracy: 0.86927
Training epoch 1 | loss: 0.12926 - accuracy: 0.95592
Validating epoch 1 | loss: 0.38086 - accuracy: 0.87844
Training epoch 2 | loss: 0.04258 - accuracy: 0.98873
Validating epoch 2 | loss: 0.47821 - accuracy: 0.87959
Training epoch 3 | loss: 0.02096 - accuracy: 0.99581
Validating epoch 3 | loss: 0.50767 - accuracy: 0.87844
Model is Bert, dataset is sst, undersample is None, aug mode is trans, geo is 0.1, pct_usage is None, small_label is 0, small_prop is 0.6, balance_seed is 29, lr is 2e-05, max_epochs is 4, split_num is 0
Training epoch 0 | loss: 0.45483 - accuracy: 0.76922
Validating epoch 0 | loss: 0.35057 - accuracy: 0.85321
Training epoch 1 | loss: 0.2249 - accuracy: 0.91604
Validating epoch 1 | loss: 0.40982 - accuracy: 0.85321
Training epoch 2 | loss: 0.14245 - accuracy: 0.94928
Validating epoch 2 | loss: 0.46028 - accuracy: 0.8406
Training epoch 3 | loss: 0.09523 - accuracy: 0.97052
Validating epoch 3 | loss: 0.47177 - accuracy: 0.84748
Model is Bert, dataset is sst, undersample is None, aug mode is trans, geo is 0.3, pct_usage is None, small_label is 0, small_prop is 0.6, balance_seed is 29, lr is 2e-05, max_epochs is 4, split_num is 0
Training epoch 0 | loss: 0.44507 - accuracy: 0.78121
Validating epoch 0 | loss: 0.32837 - accuracy: 0.86239
Training epoch 1 | loss: 0.23006 - accuracy: 0.91517
Validating epoch 1 | loss: 0.36664 - accuracy: 0.86239
Training epoch 2 | loss: 0.15457 - accuracy: 0.94668
Validating epoch 2 | loss: 0.38488 - accuracy: 0.85894
Training epoch 3 | loss: 0.09469 - accuracy: 0.97009
Validating epoch 3 | loss: 0.44179 - accuracy: 0.86812
Model is Bert, dataset is sst, undersample is None, aug mode is trans, geo is 0.5, pct_usage is None, small_label is 0, small_prop is 0.6, balance_seed is 29, lr is 2e-05, max_epochs is 4, split_num is 0
Training epoch 0 | loss: 0.4573 - accuracy: 0.76777
Validating epoch 0 | loss: 0.35518 - accuracy: 0.84518
Training epoch 1 | loss: 0.22502 - accuracy: 0.91257
Validating epoch 1 | loss: 0.33785 - accuracy: 0.86583
Training epoch 2 | loss: 0.13259 - accuracy: 0.95549
Validating epoch 2 | loss: 0.36512 - accuracy: 0.87385
Training epoch 3 | loss: 0.07949 - accuracy: 0.97587
Validating epoch 3 | loss: 0.42058 - accuracy: 0.875
Model is Bert, dataset is sst, undersample is None, aug mode is trans, geo is 0.7, pct_usage is None, small_label is 0, small_prop is 0.6, balance_seed is 29, lr is 2e-05, max_epochs is 4, split_num is 0
Training epoch 0 | loss: 0.44788 - accuracy: 0.78714
Validating epoch 0 | loss: 0.33556 - accuracy: 0.86583
Training epoch 1 | loss: 0.21713 - accuracy: 0.91633
Validating epoch 1 | loss: 0.3538 - accuracy: 0.86697
Training epoch 2 | loss: 0.11117 - accuracy: 0.96228
Validating epoch 2 | loss: 0.4139 - accuracy: 0.87271
Training epoch 3 | loss: 0.07234 - accuracy: 0.97876
Validating epoch 3 | loss: 0.43647 - accuracy: 0.87156
Model is Bert, dataset is sst, undersample is None, aug mode is trans, geo is 0.9, pct_usage is None, small_label is 0, small_prop is 0.6, balance_seed is 29, lr is 2e-05, max_epochs is 4, split_num is 0
Training epoch 0 | loss: 0.46943 - accuracy: 0.77341
Validating epoch 0 | loss: 0.34753 - accuracy: 0.86239
Training epoch 1 | loss: 0.214 - accuracy: 0.92269
Validating epoch 1 | loss: 0.39466 - accuracy: 0.87615
Training epoch 2 | loss: 0.10926 - accuracy: 0.96777
Validating epoch 2 | loss: 0.44362 - accuracy: 0.86697
Training epoch 3 | loss: 0.06876 - accuracy: 0.98006
Validating epoch 3 | loss: 0.43179 - accuracy: 0.87844
Model is Bert, dataset is sst, undersample is False, aug mode is None, geo is None, pct_usage is None, small_label is 1, small_prop is 0.6, balance_seed is 29, lr is 2e-05, max_epochs is 4, split_num is 0
Training epoch 0 | loss: 0.43867 - accuracy: 0.7776
Validating epoch 0 | loss: 0.33111 - accuracy: 0.86583
Training epoch 1 | loss: 0.16963 - accuracy: 0.93931
Validating epoch 1 | loss: 0.3312 - accuracy: 0.87844
Training epoch 2 | loss: 0.07259 - accuracy: 0.97775
Validating epoch 2 | loss: 0.46586 - accuracy: 0.86927
Training epoch 3 | loss: 0.03375 - accuracy: 0.99133
Validating epoch 3 | loss: 0.50599 - accuracy: 0.87385
Model is Bert, dataset is sst, undersample is True, aug mode is None, geo is None, pct_usage is None, small_label is 1, small_prop is 0.6, balance_seed is 29, lr is 2e-05, max_epochs is 4, split_num is 0
Training epoch 0 | loss: 0.44171 - accuracy: 0.7685
Validating epoch 0 | loss: 0.35158 - accuracy: 0.87844
Training epoch 1 | loss: 0.14355 - accuracy: 0.95173
Validating epoch 1 | loss: 0.41601 - accuracy: 0.86353
Training epoch 2 | loss: 0.0522 - accuracy: 0.98439
Validating epoch 2 | loss: 0.52227 - accuracy: 0.86583
Training epoch 3 | loss: 0.02617 - accuracy: 0.99249
Validating epoch 3 | loss: 0.53449 - accuracy: 0.87041
Model is Bert, dataset is sst, undersample is None, aug mode is trans, geo is 0.1, pct_usage is None, small_label is 1, small_prop is 0.6, balance_seed is 29, lr is 2e-05, max_epochs is 4, split_num is 0
Training epoch 0 | loss: 0.41973 - accuracy: 0.7961
Validating epoch 0 | loss: 0.40447 - accuracy: 0.84748
Training epoch 1 | loss: 0.2094 - accuracy: 0.91561
Validating epoch 1 | loss: 0.35765 - accuracy: 0.87156
Training epoch 2 | loss: 0.12057 - accuracy: 0.95853
Validating epoch 2 | loss: 0.39187 - accuracy: 0.875
Training epoch 3 | loss: 0.08132 - accuracy: 0.97327
Validating epoch 3 | loss: 0.43801 - accuracy: 0.86697
Model is Bert, dataset is sst, undersample is None, aug mode is trans, geo is 0.3, pct_usage is None, small_label is 1, small_prop is 0.6, balance_seed is 29, lr is 2e-05, max_epochs is 4, split_num is 0
Training epoch 0 | loss: 0.44771 - accuracy: 0.78353
Validating epoch 0 | loss: 0.33629 - accuracy: 0.86812
Training epoch 1 | loss: 0.21919 - accuracy: 0.91474
Validating epoch 1 | loss: 0.33011 - accuracy: 0.87385
Training epoch 2 | loss: 0.14139 - accuracy: 0.95029
Validating epoch 2 | loss: 0.38619 - accuracy: 0.86239
Training epoch 3 | loss: 0.09824 - accuracy: 0.9685
Validating epoch 3 | loss: 0.44105 - accuracy: 0.86468
Model is Bert, dataset is sst, undersample is None, aug mode is trans, geo is 0.5, pct_usage is None, small_label is 1, small_prop is 0.6, balance_seed is 29, lr is 2e-05, max_epochs is 4, split_num is 0
Training epoch 0 | loss: 0.45606 - accuracy: 0.77312
Validating epoch 0 | loss: 0.31546 - accuracy: 0.87959
Training epoch 1 | loss: 0.22622 - accuracy: 0.91272
Validating epoch 1 | loss: 0.31979 - accuracy: 0.88417
Training epoch 2 | loss: 0.12497 - accuracy: 0.95592
Validating epoch 2 | loss: 0.39949 - accuracy: 0.86353
Training epoch 3 | loss: 0.0778 - accuracy: 0.97486
Validating epoch 3 | loss: 0.41358 - accuracy: 0.87959
Model is Bert, dataset is sst, undersample is None, aug mode is trans, geo is 0.7, pct_usage is None, small_label is 1, small_prop is 0.6, balance_seed is 29, lr is 2e-05, max_epochs is 4, split_num is 0
Training epoch 0 | loss: 0.44502 - accuracy: 0.77587
Validating epoch 0 | loss: 0.3141 - accuracy: 0.87959
Training epoch 1 | loss: 0.20029 - accuracy: 0.92717
Validating epoch 1 | loss: 0.3543 - accuracy: 0.87729
Training epoch 2 | loss: 0.10912 - accuracy: 0.96387
Validating epoch 2 | loss: 0.4213 - accuracy: 0.87959
Training epoch 3 | loss: 0.06625 - accuracy: 0.97977
Validating epoch 3 | loss: 0.42151 - accuracy: 0.87615
Model is Bert, dataset is sst, undersample is None, aug mode is trans, geo is 0.9, pct_usage is None, small_label is 1, small_prop is 0.6, balance_seed is 29, lr is 2e-05, max_epochs is 4, split_num is 0
Training epoch 0 | loss: 0.43141 - accuracy: 0.78844
Validating epoch 0 | loss: 0.32177 - accuracy: 0.86468
Training epoch 1 | loss: 0.18269 - accuracy: 0.93382
Validating epoch 1 | loss: 0.36295 - accuracy: 0.87844
Training epoch 2 | loss: 0.08742 - accuracy: 0.97355
Validating epoch 2 | loss: 0.40496 - accuracy: 0.87385
Training epoch 3 | loss: 0.0525 - accuracy: 0.98642
Validating epoch 3 | loss: 0.45061 - accuracy: 0.87844
Model is Bert, dataset is sst, undersample is False, aug mode is None, geo is None, pct_usage is None, small_label is 0, small_prop is 0.8, balance_seed is 29, lr is 2e-05, max_epochs is 4, split_num is 0
Training epoch 0 | loss: 0.43717 - accuracy: 0.78035
Validating epoch 0 | loss: 0.33518 - accuracy: 0.86353
Training epoch 1 | loss: 0.19222 - accuracy: 0.9302
Validating epoch 1 | loss: 0.41608 - accuracy: 0.84633
Training epoch 2 | loss: 0.08895 - accuracy: 0.97254
Validating epoch 2 | loss: 0.42892 - accuracy: 0.87959
Training epoch 3 | loss: 0.04612 - accuracy: 0.98699
Validating epoch 3 | loss: 0.46338 - accuracy: 0.88532
Model is Bert, dataset is sst, undersample is True, aug mode is None, geo is None, pct_usage is None, small_label is 0, small_prop is 0.8, balance_seed is 29, lr is 2e-05, max_epochs is 4, split_num is 0
Training epoch 0 | loss: 0.43752 - accuracy: 0.7776
Validating epoch 0 | loss: 0.29785 - accuracy: 0.88188
Training epoch 1 | loss: 0.16105 - accuracy: 0.94379
Validating epoch 1 | loss: 0.32695 - accuracy: 0.88761
Training epoch 2 | loss: 0.0634 - accuracy: 0.98165
Validating epoch 2 | loss: 0.39591 - accuracy: 0.88417
Training epoch 3 | loss: 0.03543 - accuracy: 0.99147
Validating epoch 3 | loss: 0.46216 - accuracy: 0.88417
Model is Bert, dataset is sst, undersample is None, aug mode is trans, geo is 0.1, pct_usage is None, small_label is 0, small_prop is 0.8, balance_seed is 29, lr is 2e-05, max_epochs is 4, split_num is 0
Training epoch 0 | loss: 0.4385 - accuracy: 0.78772
Validating epoch 0 | loss: 0.34534 - accuracy: 0.84404
Training epoch 1 | loss: 0.23543 - accuracy: 0.91055
Validating epoch 1 | loss: 0.37785 - accuracy: 0.84977
Training epoch 2 | loss: 0.15038 - accuracy: 0.94913
Validating epoch 2 | loss: 0.43423 - accuracy: 0.84289
Training epoch 3 | loss: 0.11413 - accuracy: 0.95983
Validating epoch 3 | loss: 0.41602 - accuracy: 0.86353
Model is Bert, dataset is sst, undersample is None, aug mode is trans, geo is 0.3, pct_usage is None, small_label is 0, small_prop is 0.8, balance_seed is 29, lr is 2e-05, max_epochs is 4, split_num is 0
Training epoch 0 | loss: 0.45338 - accuracy: 0.78237
Validating epoch 0 | loss: 0.33816 - accuracy: 0.8578
Training epoch 1 | loss: 0.2562 - accuracy: 0.90289
Validating epoch 1 | loss: 0.35883 - accuracy: 0.86583
Training epoch 2 | loss: 0.1698 - accuracy: 0.93786
Validating epoch 2 | loss: 0.38029 - accuracy: 0.87156
Training epoch 3 | loss: 0.12056 - accuracy: 0.96214
Validating epoch 3 | loss: 0.40767 - accuracy: 0.87156
Model is Bert, dataset is sst, undersample is None, aug mode is trans, geo is 0.5, pct_usage is None, small_label is 0, small_prop is 0.8, balance_seed is 29, lr is 2e-05, max_epochs is 4, split_num is 0
Training epoch 0 | loss: 0.46106 - accuracy: 0.75838
Validating epoch 0 | loss: 0.34187 - accuracy: 0.8555
Training epoch 1 | loss: 0.22143 - accuracy: 0.91474
Validating epoch 1 | loss: 0.37776 - accuracy: 0.86583
Training epoch 2 | loss: 0.14499 - accuracy: 0.94942
Validating epoch 2 | loss: 0.36047 - accuracy: 0.87385
Training epoch 3 | loss: 0.09506 - accuracy: 0.96864
Validating epoch 3 | loss: 0.41609 - accuracy: 0.87156
Model is Bert, dataset is sst, undersample is None, aug mode is trans, geo is 0.7, pct_usage is None, small_label is 0, small_prop is 0.8, balance_seed is 29, lr is 2e-05, max_epochs is 4, split_num is 0
Training epoch 0 | loss: 0.45486 - accuracy: 0.78555
Validating epoch 0 | loss: 0.3248 - accuracy: 0.86353
Training epoch 1 | loss: 0.23946 - accuracy: 0.90564
Validating epoch 1 | loss: 0.34565 - accuracy: 0.87959
Training epoch 2 | loss: 0.13554 - accuracy: 0.95506
Validating epoch 2 | loss: 0.35474 - accuracy: 0.87959
Training epoch 3 | loss: 0.09268 - accuracy: 0.97182
Validating epoch 3 | loss: 0.38087 - accuracy: 0.88303
Model is Bert, dataset is sst, undersample is None, aug mode is trans, geo is 0.9, pct_usage is None, small_label is 0, small_prop is 0.8, balance_seed is 29, lr is 2e-05, max_epochs is 4, split_num is 0
Training epoch 0 | loss: 0.45365 - accuracy: 0.77876
Validating epoch 0 | loss: 0.32021 - accuracy: 0.87385
Training epoch 1 | loss: 0.21195 - accuracy: 0.9224
Validating epoch 1 | loss: 0.31859 - accuracy: 0.87959
Training epoch 2 | loss: 0.11153 - accuracy: 0.96358
Validating epoch 2 | loss: 0.39832 - accuracy: 0.87271
Training epoch 3 | loss: 0.06719 - accuracy: 0.98049
Validating epoch 3 | loss: 0.46497 - accuracy: 0.86927
Model is Bert, dataset is sst, undersample is False, aug mode is None, geo is None, pct_usage is None, small_label is 1, small_prop is 0.8, balance_seed is 29, lr is 2e-05, max_epochs is 4, split_num is 0
Training epoch 0 | loss: 0.43935 - accuracy: 0.77717
Validating epoch 0 | loss: 0.31752 - accuracy: 0.86812
Training epoch 1 | loss: 0.18091 - accuracy: 0.93367
Validating epoch 1 | loss: 0.318 - accuracy: 0.88073
Training epoch 2 | loss: 0.07766 - accuracy: 0.97645
Validating epoch 2 | loss: 0.37367 - accuracy: 0.88188
Training epoch 3 | loss: 0.03812 - accuracy: 0.99061
Validating epoch 3 | loss: 0.42267 - accuracy: 0.88647
Model is Bert, dataset is sst, undersample is True, aug mode is None, geo is None, pct_usage is None, small_label is 1, small_prop is 0.8, balance_seed is 29, lr is 2e-05, max_epochs is 4, split_num is 0
Training epoch 0 | loss: 0.44593 - accuracy: 0.76908
Validating epoch 0 | loss: 0.31477 - accuracy: 0.88073
Training epoch 1 | loss: 0.17572 - accuracy: 0.93757
Validating epoch 1 | loss: 0.33282 - accuracy: 0.88188
Training epoch 2 | loss: 0.07622 - accuracy: 0.97514
Validating epoch 2 | loss: 0.42953 - accuracy: 0.87959
Training epoch 3 | loss: 0.03837 - accuracy: 0.98858
Validating epoch 3 | loss: 0.46396 - accuracy: 0.88303
Model is Bert, dataset is sst, undersample is None, aug mode is trans, geo is 0.1, pct_usage is None, small_label is 1, small_prop is 0.8, balance_seed is 29, lr is 2e-05, max_epochs is 4, split_num is 0
Training epoch 0 | loss: 0.44032 - accuracy: 0.78757
Validating epoch 0 | loss: 0.33257 - accuracy: 0.87156
Training epoch 1 | loss: 0.23141 - accuracy: 0.90838
Validating epoch 1 | loss: 0.36112 - accuracy: 0.85894
Training epoch 2 | loss: 0.14218 - accuracy: 0.94494
Validating epoch 2 | loss: 0.36913 - accuracy: 0.87156
Training epoch 3 | loss: 0.0949 - accuracy: 0.96705
Validating epoch 3 | loss: 0.43725 - accuracy: 0.86583
Model is Bert, dataset is sst, undersample is None, aug mode is trans, geo is 0.3, pct_usage is None, small_label is 1, small_prop is 0.8, balance_seed is 29, lr is 2e-05, max_epochs is 4, split_num is 0
Training epoch 0 | loss: 0.46311 - accuracy: 0.7604
Validating epoch 0 | loss: 0.33294 - accuracy: 0.86009
Training epoch 1 | loss: 0.24045 - accuracy: 0.90477
Validating epoch 1 | loss: 0.32089 - accuracy: 0.88532
Training epoch 2 | loss: 0.14869 - accuracy: 0.94538
Validating epoch 2 | loss: 0.34702 - accuracy: 0.87615
Training epoch 3 | loss: 0.09575 - accuracy: 0.96792
Validating epoch 3 | loss: 0.3988 - accuracy: 0.87615
Model is Bert, dataset is sst, undersample is None, aug mode is trans, geo is 0.5, pct_usage is None, small_label is 1, small_prop is 0.8, balance_seed is 29, lr is 2e-05, max_epochs is 4, split_num is 0
Training epoch 0 | loss: 0.46357 - accuracy: 0.76098
Validating epoch 0 | loss: 0.31634 - accuracy: 0.87271
Training epoch 1 | loss: 0.23582 - accuracy: 0.91113
Validating epoch 1 | loss: 0.31394 - accuracy: 0.88188
Training epoch 2 | loss: 0.13619 - accuracy: 0.95188
Validating epoch 2 | loss: 0.34889 - accuracy: 0.88303
Training epoch 3 | loss: 0.09655 - accuracy: 0.97038
Validating epoch 3 | loss: 0.36312 - accuracy: 0.88303
Model is Bert, dataset is sst, undersample is None, aug mode is trans, geo is 0.7, pct_usage is None, small_label is 1, small_prop is 0.8, balance_seed is 29, lr is 2e-05, max_epochs is 4, split_num is 0
Training epoch 0 | loss: 0.45935 - accuracy: 0.76402
Validating epoch 0 | loss: 0.30724 - accuracy: 0.87385
Training epoch 1 | loss: 0.22016 - accuracy: 0.91373
Validating epoch 1 | loss: 0.30763 - accuracy: 0.87729
Training epoch 2 | loss: 0.12869 - accuracy: 0.95592
Validating epoch 2 | loss: 0.35313 - accuracy: 0.88647
Training epoch 3 | loss: 0.08157 - accuracy: 0.97211
Validating epoch 3 | loss: 0.4542 - accuracy: 0.87385
Model is Bert, dataset is sst, undersample is None, aug mode is trans, geo is 0.9, pct_usage is None, small_label is 1, small_prop is 0.8, balance_seed is 29, lr is 2e-05, max_epochs is 4, split_num is 0
Training epoch 0 | loss: 0.45546 - accuracy: 0.76763
Validating epoch 0 | loss: 0.36108 - accuracy: 0.86468
Training epoch 1 | loss: 0.20831 - accuracy: 0.92168
Validating epoch 1 | loss: 0.33394 - accuracy: 0.88073
Training epoch 2 | loss: 0.10409 - accuracy: 0.96416
Validating epoch 2 | loss: 0.41131 - accuracy: 0.88303
Training epoch 3 | loss: 0.06159 - accuracy: 0.98136
Validating epoch 3 | loss: 0.44841 - accuracy: 0.87729
