Model is Bert, dataset is sst, undersample is False, aug mode is None, geo is None, pct_usage is None, small_label is 0, small_prop is 0.2, balance_seed is 15, lr is 2e-05, max_epochs is 4, split_num is 0
Training epoch 0 | loss: 0.37678 - accuracy: 0.81691
Validating epoch 0 | loss: 0.4892 - accuracy: 0.83372
Training epoch 1 | loss: 0.06732 - accuracy: 0.97934
Validating epoch 1 | loss: 0.87436 - accuracy: 0.80963
Training epoch 2 | loss: 0.0187 - accuracy: 0.99538
Validating epoch 2 | loss: 1.20203 - accuracy: 0.78211
Training epoch 3 | loss: 0.00728 - accuracy: 0.99884
Validating epoch 3 | loss: 1.10742 - accuracy: 0.80734
Model is Bert, dataset is sst, undersample is True, aug mode is None, geo is None, pct_usage is None, small_label is 0, small_prop is 0.2, balance_seed is 15, lr is 2e-05, max_epochs is 4, split_num is 0
Training epoch 0 | loss: 0.30892 - accuracy: 0.86127
Validating epoch 0 | loss: 0.45316 - accuracy: 0.86812
Training epoch 1 | loss: 0.01793 - accuracy: 0.99552
Validating epoch 1 | loss: 0.70265 - accuracy: 0.85436
Training epoch 2 | loss: 0.0069 - accuracy: 0.99798
Validating epoch 2 | loss: 0.69762 - accuracy: 0.86353
Training epoch 3 | loss: 0.0018 - accuracy: 0.99971
Validating epoch 3 | loss: 0.72024 - accuracy: 0.86239
Model is Bert, dataset is sst, undersample is None, aug mode is trans, geo is 0.1, pct_usage is None, small_label is 0, small_prop is 0.2, balance_seed is 15, lr is 2e-05, max_epochs is 4, split_num is 0
Training epoch 0 | loss: 0.44323 - accuracy: 0.7776
Validating epoch 0 | loss: 0.38403 - accuracy: 0.84518
Training epoch 1 | loss: 0.18544 - accuracy: 0.92905
Validating epoch 1 | loss: 0.57964 - accuracy: 0.80505
Training epoch 2 | loss: 0.10736 - accuracy: 0.96402
Validating epoch 2 | loss: 0.49984 - accuracy: 0.84404
Training epoch 3 | loss: 0.0623 - accuracy: 0.98165
Validating epoch 3 | loss: 0.54407 - accuracy: 0.85321
Model is Bert, dataset is sst, undersample is None, aug mode is trans, geo is 0.3, pct_usage is None, small_label is 0, small_prop is 0.2, balance_seed is 15, lr is 2e-05, max_epochs is 4, split_num is 0
Training epoch 0 | loss: 0.43164 - accuracy: 0.78627
Validating epoch 0 | loss: 0.39235 - accuracy: 0.83945
Training epoch 1 | loss: 0.18929 - accuracy: 0.93179
Validating epoch 1 | loss: 0.45444 - accuracy: 0.82569
Training epoch 2 | loss: 0.09647 - accuracy: 0.96879
Validating epoch 2 | loss: 0.568 - accuracy: 0.83142
Training epoch 3 | loss: 0.06257 - accuracy: 0.98324
Validating epoch 3 | loss: 0.52196 - accuracy: 0.85206
Model is Bert, dataset is sst, undersample is None, aug mode is trans, geo is 0.5, pct_usage is None, small_label is 0, small_prop is 0.2, balance_seed is 15, lr is 2e-05, max_epochs is 4, split_num is 0
Training epoch 0 | loss: 0.45578 - accuracy: 0.76864
Validating epoch 0 | loss: 0.40748 - accuracy: 0.83257
Training epoch 1 | loss: 0.1762 - accuracy: 0.93801
Validating epoch 1 | loss: 0.49665 - accuracy: 0.83028
Training epoch 2 | loss: 0.08476 - accuracy: 0.97486
Validating epoch 2 | loss: 0.49837 - accuracy: 0.84404
Training epoch 3 | loss: 0.07273 - accuracy: 0.97948
Validating epoch 3 | loss: 0.50652 - accuracy: 0.85436
Model is Bert, dataset is sst, undersample is None, aug mode is trans, geo is 0.7, pct_usage is None, small_label is 0, small_prop is 0.2, balance_seed is 15, lr is 2e-05, max_epochs is 4, split_num is 0
Training epoch 0 | loss: 0.42746 - accuracy: 0.78078
Validating epoch 0 | loss: 0.38729 - accuracy: 0.84977
Training epoch 1 | loss: 0.14804 - accuracy: 0.94971
Validating epoch 1 | loss: 0.51212 - accuracy: 0.82798
Training epoch 2 | loss: 0.06872 - accuracy: 0.97919
Validating epoch 2 | loss: 0.6105 - accuracy: 0.82913
Training epoch 3 | loss: 0.05073 - accuracy: 0.98555
Validating epoch 3 | loss: 0.55561 - accuracy: 0.8578
Model is Bert, dataset is sst, undersample is None, aug mode is trans, geo is 0.9, pct_usage is None, small_label is 0, small_prop is 0.2, balance_seed is 15, lr is 2e-05, max_epochs is 4, split_num is 0
Training epoch 0 | loss: 0.42406 - accuracy: 0.77789
Validating epoch 0 | loss: 0.39298 - accuracy: 0.86124
Training epoch 1 | loss: 0.11192 - accuracy: 0.96604
Validating epoch 1 | loss: 0.50025 - accuracy: 0.85092
Training epoch 2 | loss: 0.05281 - accuracy: 0.98497
Validating epoch 2 | loss: 0.54365 - accuracy: 0.85436
Training epoch 3 | loss: 0.03813 - accuracy: 0.9896
Validating epoch 3 | loss: 0.57023 - accuracy: 0.84862
Model is Bert, dataset is sst, undersample is False, aug mode is None, geo is None, pct_usage is None, small_label is 1, small_prop is 0.2, balance_seed is 15, lr is 2e-05, max_epochs is 4, split_num is 0
Training epoch 0 | loss: 0.41014 - accuracy: 0.79624
Validating epoch 0 | loss: 0.38536 - accuracy: 0.85894
Training epoch 1 | loss: 0.0773 - accuracy: 0.97673
Validating epoch 1 | loss: 0.46182 - accuracy: 0.87271
Training epoch 2 | loss: 0.02791 - accuracy: 0.99277
Validating epoch 2 | loss: 0.62685 - accuracy: 0.84977
Training epoch 3 | loss: 0.0118 - accuracy: 0.99798
Validating epoch 3 | loss: 0.72453 - accuracy: 0.84174
Model is Bert, dataset is sst, undersample is True, aug mode is None, geo is None, pct_usage is None, small_label is 1, small_prop is 0.2, balance_seed is 15, lr is 2e-05, max_epochs is 4, split_num is 0
Training epoch 0 | loss: 0.33722 - accuracy: 0.82962
Validating epoch 0 | loss: 0.54055 - accuracy: 0.84862
Training epoch 1 | loss: 0.02219 - accuracy: 0.99494
Validating epoch 1 | loss: 0.64978 - accuracy: 0.87271
Training epoch 2 | loss: 0.00687 - accuracy: 0.99827
Validating epoch 2 | loss: 0.71318 - accuracy: 0.86697
Training epoch 3 | loss: 0.0021 - accuracy: 0.99957
Validating epoch 3 | loss: 0.7563 - accuracy: 0.86697
Model is Bert, dataset is sst, undersample is None, aug mode is trans, geo is 0.1, pct_usage is None, small_label is 1, small_prop is 0.2, balance_seed is 15, lr is 2e-05, max_epochs is 4, split_num is 0
Training epoch 0 | loss: 0.42715 - accuracy: 0.7909
Validating epoch 0 | loss: 0.42209 - accuracy: 0.84404
Training epoch 1 | loss: 0.1696 - accuracy: 0.93757
Validating epoch 1 | loss: 0.42416 - accuracy: 0.86124
Training epoch 2 | loss: 0.09374 - accuracy: 0.97023
Validating epoch 2 | loss: 0.48669 - accuracy: 0.85436
Training epoch 3 | loss: 0.05349 - accuracy: 0.98425
Validating epoch 3 | loss: 0.5278 - accuracy: 0.85894
Model is Bert, dataset is sst, undersample is None, aug mode is trans, geo is 0.3, pct_usage is None, small_label is 1, small_prop is 0.2, balance_seed is 15, lr is 2e-05, max_epochs is 4, split_num is 0
Training epoch 0 | loss: 0.45806 - accuracy: 0.76315
Validating epoch 0 | loss: 0.37329 - accuracy: 0.8578
Training epoch 1 | loss: 0.1951 - accuracy: 0.9276
Validating epoch 1 | loss: 0.38692 - accuracy: 0.86583
Training epoch 2 | loss: 0.10001 - accuracy: 0.96763
Validating epoch 2 | loss: 0.49406 - accuracy: 0.86353
Training epoch 3 | loss: 0.06212 - accuracy: 0.98092
Validating epoch 3 | loss: 0.52802 - accuracy: 0.86812
Model is Bert, dataset is sst, undersample is None, aug mode is trans, geo is 0.5, pct_usage is None, small_label is 1, small_prop is 0.2, balance_seed is 15, lr is 2e-05, max_epochs is 4, split_num is 0
Training epoch 0 | loss: 0.42144 - accuracy: 0.79465
Validating epoch 0 | loss: 0.36736 - accuracy: 0.8555
Training epoch 1 | loss: 0.14937 - accuracy: 0.94595
Validating epoch 1 | loss: 0.45711 - accuracy: 0.86124
Training epoch 2 | loss: 0.07447 - accuracy: 0.97572
Validating epoch 2 | loss: 0.51276 - accuracy: 0.85894
Training epoch 3 | loss: 0.04499 - accuracy: 0.98642
Validating epoch 3 | loss: 0.48851 - accuracy: 0.86927
Model is Bert, dataset is sst, undersample is None, aug mode is trans, geo is 0.7, pct_usage is None, small_label is 1, small_prop is 0.2, balance_seed is 15, lr is 2e-05, max_epochs is 4, split_num is 0
Training epoch 0 | loss: 0.43726 - accuracy: 0.79306
Validating epoch 0 | loss: 0.36577 - accuracy: 0.86927
Training epoch 1 | loss: 0.1446 - accuracy: 0.95
Validating epoch 1 | loss: 0.45565 - accuracy: 0.85894
Training epoch 2 | loss: 0.07402 - accuracy: 0.97919
Validating epoch 2 | loss: 0.46589 - accuracy: 0.87271
Training epoch 3 | loss: 0.04532 - accuracy: 0.98671
Validating epoch 3 | loss: 0.49371 - accuracy: 0.875
Model is Bert, dataset is sst, undersample is None, aug mode is trans, geo is 0.9, pct_usage is None, small_label is 1, small_prop is 0.2, balance_seed is 15, lr is 2e-05, max_epochs is 4, split_num is 0
Training epoch 0 | loss: 0.40277 - accuracy: 0.79422
Validating epoch 0 | loss: 0.40832 - accuracy: 0.84862
Training epoch 1 | loss: 0.10059 - accuracy: 0.96676
Validating epoch 1 | loss: 0.63688 - accuracy: 0.81422
Training epoch 2 | loss: 0.04916 - accuracy: 0.98613
Validating epoch 2 | loss: 0.53894 - accuracy: 0.86468
Training epoch 3 | loss: 0.03785 - accuracy: 0.99003
Validating epoch 3 | loss: 0.55712 - accuracy: 0.86697
Model is Bert, dataset is sst, undersample is False, aug mode is None, geo is None, pct_usage is None, small_label is 0, small_prop is 0.4, balance_seed is 15, lr is 2e-05, max_epochs is 4, split_num is 0
Training epoch 0 | loss: 0.41554 - accuracy: 0.79104
Validating epoch 0 | loss: 0.36636 - accuracy: 0.86353
Training epoch 1 | loss: 0.13761 - accuracy: 0.95275
Validating epoch 1 | loss: 0.46257 - accuracy: 0.86124
Training epoch 2 | loss: 0.044 - accuracy: 0.98714
Validating epoch 2 | loss: 0.66575 - accuracy: 0.84404
Training epoch 3 | loss: 0.02057 - accuracy: 0.99494
Validating epoch 3 | loss: 0.64412 - accuracy: 0.85206
Model is Bert, dataset is sst, undersample is True, aug mode is None, geo is None, pct_usage is None, small_label is 0, small_prop is 0.4, balance_seed is 15, lr is 2e-05, max_epochs is 4, split_num is 0
Training epoch 0 | loss: 0.38551 - accuracy: 0.80477
Validating epoch 0 | loss: 0.35691 - accuracy: 0.86927
Training epoch 1 | loss: 0.06285 - accuracy: 0.98035
Validating epoch 1 | loss: 0.47329 - accuracy: 0.87959
Training epoch 2 | loss: 0.01405 - accuracy: 0.99639
Validating epoch 2 | loss: 0.55963 - accuracy: 0.87729
Training epoch 3 | loss: 0.00602 - accuracy: 0.99884
Validating epoch 3 | loss: 0.58326 - accuracy: 0.87844
Model is Bert, dataset is sst, undersample is None, aug mode is trans, geo is 0.1, pct_usage is None, small_label is 0, small_prop is 0.4, balance_seed is 15, lr is 2e-05, max_epochs is 4, split_num is 0
Training epoch 0 | loss: 0.43535 - accuracy: 0.79205
Validating epoch 0 | loss: 0.36465 - accuracy: 0.84748
Training epoch 1 | loss: 0.21735 - accuracy: 0.91633
Validating epoch 1 | loss: 0.40499 - accuracy: 0.8383
Training epoch 2 | loss: 0.12541 - accuracy: 0.95448
Validating epoch 2 | loss: 0.51712 - accuracy: 0.8383
Training epoch 3 | loss: 0.08092 - accuracy: 0.97355
Validating epoch 3 | loss: 0.51078 - accuracy: 0.84748
Model is Bert, dataset is sst, undersample is None, aug mode is trans, geo is 0.3, pct_usage is None, small_label is 0, small_prop is 0.4, balance_seed is 15, lr is 2e-05, max_epochs is 4, split_num is 0
Training epoch 0 | loss: 0.45243 - accuracy: 0.77124
Validating epoch 0 | loss: 0.36236 - accuracy: 0.8578
Training epoch 1 | loss: 0.22532 - accuracy: 0.91142
Validating epoch 1 | loss: 0.38324 - accuracy: 0.85092
Training epoch 2 | loss: 0.13456 - accuracy: 0.95361
Validating epoch 2 | loss: 0.38453 - accuracy: 0.87156
Training epoch 3 | loss: 0.08755 - accuracy: 0.9711
Validating epoch 3 | loss: 0.41486 - accuracy: 0.86697
Model is Bert, dataset is sst, undersample is None, aug mode is trans, geo is 0.5, pct_usage is None, small_label is 0, small_prop is 0.4, balance_seed is 15, lr is 2e-05, max_epochs is 4, split_num is 0
Training epoch 0 | loss: 0.4475 - accuracy: 0.77688
Validating epoch 0 | loss: 0.39238 - accuracy: 0.84748
Training epoch 1 | loss: 0.21215 - accuracy: 0.92009
Validating epoch 1 | loss: 0.36215 - accuracy: 0.86812
Training epoch 2 | loss: 0.1178 - accuracy: 0.96387
Validating epoch 2 | loss: 0.44594 - accuracy: 0.86468
Training epoch 3 | loss: 0.07752 - accuracy: 0.97673
Validating epoch 3 | loss: 0.46522 - accuracy: 0.86009
Model is Bert, dataset is sst, undersample is None, aug mode is trans, geo is 0.7, pct_usage is None, small_label is 0, small_prop is 0.4, balance_seed is 15, lr is 2e-05, max_epochs is 4, split_num is 0
Training epoch 0 | loss: 0.44619 - accuracy: 0.77702
Validating epoch 0 | loss: 0.33048 - accuracy: 0.87729
Training epoch 1 | loss: 0.19693 - accuracy: 0.93194
Validating epoch 1 | loss: 0.44657 - accuracy: 0.85436
Training epoch 2 | loss: 0.10819 - accuracy: 0.96532
Validating epoch 2 | loss: 0.50521 - accuracy: 0.84518
Training epoch 3 | loss: 0.06923 - accuracy: 0.97934
Validating epoch 3 | loss: 0.46749 - accuracy: 0.87271
Model is Bert, dataset is sst, undersample is None, aug mode is trans, geo is 0.9, pct_usage is None, small_label is 0, small_prop is 0.4, balance_seed is 15, lr is 2e-05, max_epochs is 4, split_num is 0
Training epoch 0 | loss: 0.44382 - accuracy: 0.78078
Validating epoch 0 | loss: 0.42097 - accuracy: 0.8383
Training epoch 1 | loss: 0.18206 - accuracy: 0.93324
Validating epoch 1 | loss: 0.49829 - accuracy: 0.84289
Training epoch 2 | loss: 0.09697 - accuracy: 0.96922
Validating epoch 2 | loss: 0.50784 - accuracy: 0.84977
Training epoch 3 | loss: 0.06099 - accuracy: 0.98165
Validating epoch 3 | loss: 0.55502 - accuracy: 0.84977
Model is Bert, dataset is sst, undersample is False, aug mode is None, geo is None, pct_usage is None, small_label is 1, small_prop is 0.4, balance_seed is 15, lr is 2e-05, max_epochs is 4, split_num is 0
Training epoch 0 | loss: 0.44135 - accuracy: 0.78887
Validating epoch 0 | loss: 0.42295 - accuracy: 0.84404
Training epoch 1 | loss: 0.14491 - accuracy: 0.95
Validating epoch 1 | loss: 0.41084 - accuracy: 0.86927
Training epoch 2 | loss: 0.04273 - accuracy: 0.98858
Validating epoch 2 | loss: 0.55467 - accuracy: 0.86927
Training epoch 3 | loss: 0.02169 - accuracy: 0.9948
Validating epoch 3 | loss: 0.54895 - accuracy: 0.87959
Model is Bert, dataset is sst, undersample is True, aug mode is None, geo is None, pct_usage is None, small_label is 1, small_prop is 0.4, balance_seed is 15, lr is 2e-05, max_epochs is 4, split_num is 0
Training epoch 0 | loss: 0.43338 - accuracy: 0.76922
Validating epoch 0 | loss: 0.37741 - accuracy: 0.86124
Training epoch 1 | loss: 0.08519 - accuracy: 0.9737
Validating epoch 1 | loss: 0.47291 - accuracy: 0.88532
Training epoch 2 | loss: 0.02063 - accuracy: 0.99523
Validating epoch 2 | loss: 0.55163 - accuracy: 0.88532
Training epoch 3 | loss: 0.00942 - accuracy: 0.99812
Validating epoch 3 | loss: 0.5809 - accuracy: 0.88647
Model is Bert, dataset is sst, undersample is None, aug mode is trans, geo is 0.1, pct_usage is None, small_label is 1, small_prop is 0.4, balance_seed is 15, lr is 2e-05, max_epochs is 4, split_num is 0
Training epoch 0 | loss: 0.44399 - accuracy: 0.78584
Validating epoch 0 | loss: 0.3724 - accuracy: 0.86009
Training epoch 1 | loss: 0.21074 - accuracy: 0.91835
Validating epoch 1 | loss: 0.38209 - accuracy: 0.85894
Training epoch 2 | loss: 0.11328 - accuracy: 0.95939
Validating epoch 2 | loss: 0.41754 - accuracy: 0.87041
Training epoch 3 | loss: 0.07958 - accuracy: 0.97514
Validating epoch 3 | loss: 0.4648 - accuracy: 0.86812
Model is Bert, dataset is sst, undersample is None, aug mode is trans, geo is 0.3, pct_usage is None, small_label is 1, small_prop is 0.4, balance_seed is 15, lr is 2e-05, max_epochs is 4, split_num is 0
Training epoch 0 | loss: 0.46158 - accuracy: 0.76286
Validating epoch 0 | loss: 0.34755 - accuracy: 0.85894
Training epoch 1 | loss: 0.22123 - accuracy: 0.91286
Validating epoch 1 | loss: 0.35096 - accuracy: 0.87385
Training epoch 2 | loss: 0.11494 - accuracy: 0.9591
Validating epoch 2 | loss: 0.40604 - accuracy: 0.875
Training epoch 3 | loss: 0.07644 - accuracy: 0.97529
Validating epoch 3 | loss: 0.42519 - accuracy: 0.86697
Model is Bert, dataset is sst, undersample is None, aug mode is trans, geo is 0.5, pct_usage is None, small_label is 1, small_prop is 0.4, balance_seed is 15, lr is 2e-05, max_epochs is 4, split_num is 0
Training epoch 0 | loss: 0.43657 - accuracy: 0.78931
Validating epoch 0 | loss: 0.3257 - accuracy: 0.85894
Training epoch 1 | loss: 0.20599 - accuracy: 0.92355
Validating epoch 1 | loss: 0.40012 - accuracy: 0.85894
Training epoch 2 | loss: 0.112 - accuracy: 0.96156
Validating epoch 2 | loss: 0.43524 - accuracy: 0.87271
Training epoch 3 | loss: 0.07813 - accuracy: 0.97442
Validating epoch 3 | loss: 0.45245 - accuracy: 0.86468
Model is Bert, dataset is sst, undersample is None, aug mode is trans, geo is 0.7, pct_usage is None, small_label is 1, small_prop is 0.4, balance_seed is 15, lr is 2e-05, max_epochs is 4, split_num is 0
Training epoch 0 | loss: 0.42921 - accuracy: 0.78728
Validating epoch 0 | loss: 0.33678 - accuracy: 0.87729
Training epoch 1 | loss: 0.17739 - accuracy: 0.93382
Validating epoch 1 | loss: 0.31989 - accuracy: 0.8922
Training epoch 2 | loss: 0.08693 - accuracy: 0.97182
Validating epoch 2 | loss: 0.37599 - accuracy: 0.87615
Training epoch 3 | loss: 0.05575 - accuracy: 0.98194
Validating epoch 3 | loss: 0.44119 - accuracy: 0.87959
Model is Bert, dataset is sst, undersample is None, aug mode is trans, geo is 0.9, pct_usage is None, small_label is 1, small_prop is 0.4, balance_seed is 15, lr is 2e-05, max_epochs is 4, split_num is 0
Training epoch 0 | loss: 0.45729 - accuracy: 0.7672
Validating epoch 0 | loss: 0.35347 - accuracy: 0.85894
Training epoch 1 | loss: 0.17688 - accuracy: 0.93772
Validating epoch 1 | loss: 0.42629 - accuracy: 0.86697
Training epoch 2 | loss: 0.07783 - accuracy: 0.97514
Validating epoch 2 | loss: 0.46075 - accuracy: 0.875
Training epoch 3 | loss: 0.05081 - accuracy: 0.98598
Validating epoch 3 | loss: 0.49088 - accuracy: 0.87615
Model is Bert, dataset is sst, undersample is False, aug mode is None, geo is None, pct_usage is None, small_label is 0, small_prop is 0.6, balance_seed is 15, lr is 2e-05, max_epochs is 4, split_num is 0
Training epoch 0 | loss: 0.44592 - accuracy: 0.76662
Validating epoch 0 | loss: 0.35174 - accuracy: 0.86468
Training epoch 1 | loss: 0.16966 - accuracy: 0.93916
Validating epoch 1 | loss: 0.49749 - accuracy: 0.8383
Training epoch 2 | loss: 0.06753 - accuracy: 0.97977
Validating epoch 2 | loss: 0.4992 - accuracy: 0.87385
Training epoch 3 | loss: 0.03361 - accuracy: 0.99147
Validating epoch 3 | loss: 0.5708 - accuracy: 0.86353
Model is Bert, dataset is sst, undersample is True, aug mode is None, geo is None, pct_usage is None, small_label is 0, small_prop is 0.6, balance_seed is 15, lr is 2e-05, max_epochs is 4, split_num is 0
Training epoch 0 | loss: 0.4338 - accuracy: 0.77977
Validating epoch 0 | loss: 0.34043 - accuracy: 0.86697
Training epoch 1 | loss: 0.12481 - accuracy: 0.95925
Validating epoch 1 | loss: 0.49374 - accuracy: 0.84862
Training epoch 2 | loss: 0.04305 - accuracy: 0.98931
Validating epoch 2 | loss: 0.53474 - accuracy: 0.875
Training epoch 3 | loss: 0.01944 - accuracy: 0.99595
Validating epoch 3 | loss: 0.53425 - accuracy: 0.87385
Model is Bert, dataset is sst, undersample is None, aug mode is trans, geo is 0.1, pct_usage is None, small_label is 0, small_prop is 0.6, balance_seed is 15, lr is 2e-05, max_epochs is 4, split_num is 0
Training epoch 0 | loss: 0.45969 - accuracy: 0.76286
Validating epoch 0 | loss: 0.38118 - accuracy: 0.83716
Training epoch 1 | loss: 0.24111 - accuracy: 0.90491
Validating epoch 1 | loss: 0.41772 - accuracy: 0.85665
Training epoch 2 | loss: 0.16559 - accuracy: 0.9435
Validating epoch 2 | loss: 0.39827 - accuracy: 0.85894
Training epoch 3 | loss: 0.11002 - accuracy: 0.96431
Validating epoch 3 | loss: 0.41872 - accuracy: 0.86583
Model is Bert, dataset is sst, undersample is None, aug mode is trans, geo is 0.3, pct_usage is None, small_label is 0, small_prop is 0.6, balance_seed is 15, lr is 2e-05, max_epochs is 4, split_num is 0
Training epoch 0 | loss: 0.44731 - accuracy: 0.77139
Validating epoch 0 | loss: 0.33349 - accuracy: 0.86697
Training epoch 1 | loss: 0.22322 - accuracy: 0.91561
Validating epoch 1 | loss: 0.38336 - accuracy: 0.85665
Training epoch 2 | loss: 0.12908 - accuracy: 0.95564
Validating epoch 2 | loss: 0.43997 - accuracy: 0.86009
Training epoch 3 | loss: 0.09234 - accuracy: 0.97066
Validating epoch 3 | loss: 0.44098 - accuracy: 0.86697
Model is Bert, dataset is sst, undersample is None, aug mode is trans, geo is 0.5, pct_usage is None, small_label is 0, small_prop is 0.6, balance_seed is 15, lr is 2e-05, max_epochs is 4, split_num is 0
Training epoch 0 | loss: 0.44066 - accuracy: 0.78208
Validating epoch 0 | loss: 0.32108 - accuracy: 0.87271
Training epoch 1 | loss: 0.21881 - accuracy: 0.91864
Validating epoch 1 | loss: 0.33886 - accuracy: 0.87385
Training epoch 2 | loss: 0.13571 - accuracy: 0.9539
Validating epoch 2 | loss: 0.38021 - accuracy: 0.86927
Training epoch 3 | loss: 0.07881 - accuracy: 0.97673
Validating epoch 3 | loss: 0.44464 - accuracy: 0.87041
Model is Bert, dataset is sst, undersample is None, aug mode is trans, geo is 0.7, pct_usage is None, small_label is 0, small_prop is 0.6, balance_seed is 15, lr is 2e-05, max_epochs is 4, split_num is 0
Training epoch 0 | loss: 0.45413 - accuracy: 0.77645
Validating epoch 0 | loss: 0.35781 - accuracy: 0.86124
Training epoch 1 | loss: 0.22325 - accuracy: 0.91749
Validating epoch 1 | loss: 0.38224 - accuracy: 0.86353
Training epoch 2 | loss: 0.12398 - accuracy: 0.95549
Validating epoch 2 | loss: 0.41516 - accuracy: 0.87156
Training epoch 3 | loss: 0.08938 - accuracy: 0.9737
Validating epoch 3 | loss: 0.44532 - accuracy: 0.86583
Model is Bert, dataset is sst, undersample is None, aug mode is trans, geo is 0.9, pct_usage is None, small_label is 0, small_prop is 0.6, balance_seed is 15, lr is 2e-05, max_epochs is 4, split_num is 0
Training epoch 0 | loss: 0.43778 - accuracy: 0.78772
Validating epoch 0 | loss: 0.33214 - accuracy: 0.86353
Training epoch 1 | loss: 0.19004 - accuracy: 0.92948
Validating epoch 1 | loss: 0.36673 - accuracy: 0.875
Training epoch 2 | loss: 0.08838 - accuracy: 0.97413
Validating epoch 2 | loss: 0.46599 - accuracy: 0.86239
Training epoch 3 | loss: 0.05788 - accuracy: 0.9841
Validating epoch 3 | loss: 0.47252 - accuracy: 0.87156
Model is Bert, dataset is sst, undersample is False, aug mode is None, geo is None, pct_usage is None, small_label is 1, small_prop is 0.6, balance_seed is 15, lr is 2e-05, max_epochs is 4, split_num is 0
Training epoch 0 | loss: 0.41826 - accuracy: 0.79812
Validating epoch 0 | loss: 0.32051 - accuracy: 0.86927
Training epoch 1 | loss: 0.16607 - accuracy: 0.94249
Validating epoch 1 | loss: 0.31172 - accuracy: 0.88417
Training epoch 2 | loss: 0.07974 - accuracy: 0.97789
Validating epoch 2 | loss: 0.37269 - accuracy: 0.8945
Training epoch 3 | loss: 0.03871 - accuracy: 0.99061
Validating epoch 3 | loss: 0.41089 - accuracy: 0.8945
Model is Bert, dataset is sst, undersample is True, aug mode is None, geo is None, pct_usage is None, small_label is 1, small_prop is 0.6, balance_seed is 15, lr is 2e-05, max_epochs is 4, split_num is 0
Training epoch 0 | loss: 0.4363 - accuracy: 0.78526
Validating epoch 0 | loss: 0.33073 - accuracy: 0.87156
Training epoch 1 | loss: 0.14658 - accuracy: 0.95101
Validating epoch 1 | loss: 0.41148 - accuracy: 0.88073
Training epoch 2 | loss: 0.05166 - accuracy: 0.98671
Validating epoch 2 | loss: 0.49312 - accuracy: 0.88532
Training epoch 3 | loss: 0.02567 - accuracy: 0.99465
Validating epoch 3 | loss: 0.50535 - accuracy: 0.88991
Model is Bert, dataset is sst, undersample is None, aug mode is trans, geo is 0.1, pct_usage is None, small_label is 1, small_prop is 0.6, balance_seed is 15, lr is 2e-05, max_epochs is 4, split_num is 0
Training epoch 0 | loss: 0.43491 - accuracy: 0.78107
Validating epoch 0 | loss: 0.38765 - accuracy: 0.84633
Training epoch 1 | loss: 0.20677 - accuracy: 0.92023
Validating epoch 1 | loss: 0.36012 - accuracy: 0.86009
Training epoch 2 | loss: 0.12436 - accuracy: 0.95549
Validating epoch 2 | loss: 0.41838 - accuracy: 0.87729
Training epoch 3 | loss: 0.08458 - accuracy: 0.97197
Validating epoch 3 | loss: 0.4742 - accuracy: 0.87041
Model is Bert, dataset is sst, undersample is None, aug mode is trans, geo is 0.3, pct_usage is None, small_label is 1, small_prop is 0.6, balance_seed is 15, lr is 2e-05, max_epochs is 4, split_num is 0
Training epoch 0 | loss: 0.43959 - accuracy: 0.77601
Validating epoch 0 | loss: 0.32826 - accuracy: 0.86124
Training epoch 1 | loss: 0.20864 - accuracy: 0.91893
Validating epoch 1 | loss: 0.33165 - accuracy: 0.88188
Training epoch 2 | loss: 0.12558 - accuracy: 0.95477
Validating epoch 2 | loss: 0.39168 - accuracy: 0.88417
Training epoch 3 | loss: 0.08917 - accuracy: 0.97153
Validating epoch 3 | loss: 0.42689 - accuracy: 0.87959
Model is Bert, dataset is sst, undersample is None, aug mode is trans, geo is 0.5, pct_usage is None, small_label is 1, small_prop is 0.6, balance_seed is 15, lr is 2e-05, max_epochs is 4, split_num is 0
Training epoch 0 | loss: 0.46482 - accuracy: 0.77225
Validating epoch 0 | loss: 0.32893 - accuracy: 0.87041
Training epoch 1 | loss: 0.23421 - accuracy: 0.91344
Validating epoch 1 | loss: 0.33065 - accuracy: 0.875
Training epoch 2 | loss: 0.1419 - accuracy: 0.95289
Validating epoch 2 | loss: 0.3973 - accuracy: 0.87156
Training epoch 3 | loss: 0.09332 - accuracy: 0.97168
Validating epoch 3 | loss: 0.42967 - accuracy: 0.875
Model is Bert, dataset is sst, undersample is None, aug mode is trans, geo is 0.7, pct_usage is None, small_label is 1, small_prop is 0.6, balance_seed is 15, lr is 2e-05, max_epochs is 4, split_num is 0
Training epoch 0 | loss: 0.45238 - accuracy: 0.77572
Validating epoch 0 | loss: 0.32519 - accuracy: 0.87271
Training epoch 1 | loss: 0.21505 - accuracy: 0.91445
Validating epoch 1 | loss: 0.37612 - accuracy: 0.86927
Training epoch 2 | loss: 0.11791 - accuracy: 0.9604
Validating epoch 2 | loss: 0.4019 - accuracy: 0.87729
Training epoch 3 | loss: 0.07537 - accuracy: 0.97543
Validating epoch 3 | loss: 0.44525 - accuracy: 0.87844
Model is Bert, dataset is sst, undersample is None, aug mode is trans, geo is 0.9, pct_usage is None, small_label is 1, small_prop is 0.6, balance_seed is 15, lr is 2e-05, max_epochs is 4, split_num is 0
Training epoch 0 | loss: 0.46027 - accuracy: 0.76662
Validating epoch 0 | loss: 0.31542 - accuracy: 0.87271
Training epoch 1 | loss: 0.19799 - accuracy: 0.92876
Validating epoch 1 | loss: 0.33721 - accuracy: 0.87729
Training epoch 2 | loss: 0.09219 - accuracy: 0.97399
Validating epoch 2 | loss: 0.3925 - accuracy: 0.89106
Training epoch 3 | loss: 0.05702 - accuracy: 0.9841
Validating epoch 3 | loss: 0.4248 - accuracy: 0.88532
Model is Bert, dataset is sst, undersample is False, aug mode is None, geo is None, pct_usage is None, small_label is 0, small_prop is 0.8, balance_seed is 15, lr is 2e-05, max_epochs is 4, split_num is 0
Training epoch 0 | loss: 0.4538 - accuracy: 0.77009
Validating epoch 0 | loss: 0.32862 - accuracy: 0.86468
Training epoch 1 | loss: 0.18772 - accuracy: 0.92948
Validating epoch 1 | loss: 0.34075 - accuracy: 0.87844
Training epoch 2 | loss: 0.07905 - accuracy: 0.97616
Validating epoch 2 | loss: 0.4095 - accuracy: 0.87844
Training epoch 3 | loss: 0.04048 - accuracy: 0.98858
Validating epoch 3 | loss: 0.47785 - accuracy: 0.87156
Model is Bert, dataset is sst, undersample is True, aug mode is None, geo is None, pct_usage is None, small_label is 0, small_prop is 0.8, balance_seed is 15, lr is 2e-05, max_epochs is 4, split_num is 0
Training epoch 0 | loss: 0.43776 - accuracy: 0.78439
Validating epoch 0 | loss: 0.33149 - accuracy: 0.87615
Training epoch 1 | loss: 0.18455 - accuracy: 0.93685
Validating epoch 1 | loss: 0.33201 - accuracy: 0.88188
Training epoch 2 | loss: 0.08945 - accuracy: 0.9737
Validating epoch 2 | loss: 0.41122 - accuracy: 0.87959
Training epoch 3 | loss: 0.04816 - accuracy: 0.98801
Validating epoch 3 | loss: 0.43299 - accuracy: 0.87615
Model is Bert, dataset is sst, undersample is None, aug mode is trans, geo is 0.1, pct_usage is None, small_label is 0, small_prop is 0.8, balance_seed is 15, lr is 2e-05, max_epochs is 4, split_num is 0
Training epoch 0 | loss: 0.45006 - accuracy: 0.77803
Validating epoch 0 | loss: 0.36812 - accuracy: 0.85206
Training epoch 1 | loss: 0.24687 - accuracy: 0.90376
Validating epoch 1 | loss: 0.39555 - accuracy: 0.85206
Training epoch 2 | loss: 0.14896 - accuracy: 0.94783
Validating epoch 2 | loss: 0.42085 - accuracy: 0.84633
Training epoch 3 | loss: 0.10569 - accuracy: 0.96488
Validating epoch 3 | loss: 0.45876 - accuracy: 0.84977
Model is Bert, dataset is sst, undersample is None, aug mode is trans, geo is 0.3, pct_usage is None, small_label is 0, small_prop is 0.8, balance_seed is 15, lr is 2e-05, max_epochs is 4, split_num is 0
Training epoch 0 | loss: 0.45819 - accuracy: 0.76806
Validating epoch 0 | loss: 0.35224 - accuracy: 0.85092
Training epoch 1 | loss: 0.23517 - accuracy: 0.91012
Validating epoch 1 | loss: 0.33176 - accuracy: 0.86353
Training epoch 2 | loss: 0.14843 - accuracy: 0.94899
Validating epoch 2 | loss: 0.38005 - accuracy: 0.86583
Training epoch 3 | loss: 0.09626 - accuracy: 0.96705
Validating epoch 3 | loss: 0.42282 - accuracy: 0.86353
Model is Bert, dataset is sst, undersample is None, aug mode is trans, geo is 0.5, pct_usage is None, small_label is 0, small_prop is 0.8, balance_seed is 15, lr is 2e-05, max_epochs is 4, split_num is 0
Training epoch 0 | loss: 0.47014 - accuracy: 0.75882
Validating epoch 0 | loss: 0.34273 - accuracy: 0.8578
Training epoch 1 | loss: 0.2262 - accuracy: 0.91474
Validating epoch 1 | loss: 0.33441 - accuracy: 0.86812
Training epoch 2 | loss: 0.1332 - accuracy: 0.95477
Validating epoch 2 | loss: 0.39318 - accuracy: 0.86812
Training epoch 3 | loss: 0.08413 - accuracy: 0.9724
Validating epoch 3 | loss: 0.44591 - accuracy: 0.86812
Model is Bert, dataset is sst, undersample is None, aug mode is trans, geo is 0.7, pct_usage is None, small_label is 0, small_prop is 0.8, balance_seed is 15, lr is 2e-05, max_epochs is 4, split_num is 0
Training epoch 0 | loss: 0.44603 - accuracy: 0.78121
Validating epoch 0 | loss: 0.32293 - accuracy: 0.87271
Training epoch 1 | loss: 0.22602 - accuracy: 0.91532
Validating epoch 1 | loss: 0.31929 - accuracy: 0.87959
Training epoch 2 | loss: 0.12776 - accuracy: 0.96012
Validating epoch 2 | loss: 0.39046 - accuracy: 0.87271
Training epoch 3 | loss: 0.0887 - accuracy: 0.97355
Validating epoch 3 | loss: 0.40751 - accuracy: 0.86812
Model is Bert, dataset is sst, undersample is None, aug mode is trans, geo is 0.9, pct_usage is None, small_label is 0, small_prop is 0.8, balance_seed is 15, lr is 2e-05, max_epochs is 4, split_num is 0
Training epoch 0 | loss: 0.43232 - accuracy: 0.78396
Validating epoch 0 | loss: 0.31856 - accuracy: 0.86697
Training epoch 1 | loss: 0.19589 - accuracy: 0.92832
Validating epoch 1 | loss: 0.37543 - accuracy: 0.87271
Training epoch 2 | loss: 0.09683 - accuracy: 0.96806
Validating epoch 2 | loss: 0.38729 - accuracy: 0.87156
Training epoch 3 | loss: 0.06269 - accuracy: 0.98237
Validating epoch 3 | loss: 0.43058 - accuracy: 0.875
Model is Bert, dataset is sst, undersample is False, aug mode is None, geo is None, pct_usage is None, small_label is 1, small_prop is 0.8, balance_seed is 15, lr is 2e-05, max_epochs is 4, split_num is 0
Training epoch 0 | loss: 0.4664 - accuracy: 0.76777
Validating epoch 0 | loss: 0.34081 - accuracy: 0.87156
Training epoch 1 | loss: 0.20622 - accuracy: 0.92384
Validating epoch 1 | loss: 0.3333 - accuracy: 0.88647
Training epoch 2 | loss: 0.09689 - accuracy: 0.96893
Validating epoch 2 | loss: 0.40865 - accuracy: 0.87271
Training epoch 3 | loss: 0.05816 - accuracy: 0.98367
Validating epoch 3 | loss: 0.43893 - accuracy: 0.88417
Model is Bert, dataset is sst, undersample is True, aug mode is None, geo is None, pct_usage is None, small_label is 1, small_prop is 0.8, balance_seed is 15, lr is 2e-05, max_epochs is 4, split_num is 0
Training epoch 0 | loss: 0.43781 - accuracy: 0.78035
Validating epoch 0 | loss: 0.29963 - accuracy: 0.88303
Training epoch 1 | loss: 0.16875 - accuracy: 0.94032
Validating epoch 1 | loss: 0.32947 - accuracy: 0.88761
Training epoch 2 | loss: 0.07335 - accuracy: 0.97818
Validating epoch 2 | loss: 0.40124 - accuracy: 0.88876
Training epoch 3 | loss: 0.03549 - accuracy: 0.99061
Validating epoch 3 | loss: 0.42854 - accuracy: 0.88991
Model is Bert, dataset is sst, undersample is None, aug mode is trans, geo is 0.1, pct_usage is None, small_label is 1, small_prop is 0.8, balance_seed is 15, lr is 2e-05, max_epochs is 4, split_num is 0
Training epoch 0 | loss: 0.41875 - accuracy: 0.79841
Validating epoch 0 | loss: 0.35762 - accuracy: 0.8578
Training epoch 1 | loss: 0.20376 - accuracy: 0.92066
Validating epoch 1 | loss: 0.37536 - accuracy: 0.85206
Training epoch 2 | loss: 0.1191 - accuracy: 0.95535
Validating epoch 2 | loss: 0.41512 - accuracy: 0.86812
Training epoch 3 | loss: 0.08183 - accuracy: 0.97355
Validating epoch 3 | loss: 0.45043 - accuracy: 0.86927
Model is Bert, dataset is sst, undersample is None, aug mode is trans, geo is 0.3, pct_usage is None, small_label is 1, small_prop is 0.8, balance_seed is 15, lr is 2e-05, max_epochs is 4, split_num is 0
Training epoch 0 | loss: 0.4437 - accuracy: 0.77775
Validating epoch 0 | loss: 0.34546 - accuracy: 0.86124
Training epoch 1 | loss: 0.22885 - accuracy: 0.90939
Validating epoch 1 | loss: 0.34564 - accuracy: 0.87385
Training epoch 2 | loss: 0.14168 - accuracy: 0.95101
Validating epoch 2 | loss: 0.38146 - accuracy: 0.87615
Training epoch 3 | loss: 0.09734 - accuracy: 0.96936
Validating epoch 3 | loss: 0.43497 - accuracy: 0.87156
Model is Bert, dataset is sst, undersample is None, aug mode is trans, geo is 0.5, pct_usage is None, small_label is 1, small_prop is 0.8, balance_seed is 15, lr is 2e-05, max_epochs is 4, split_num is 0
Training epoch 0 | loss: 0.47389 - accuracy: 0.75824
Validating epoch 0 | loss: 0.33984 - accuracy: 0.86124
Training epoch 1 | loss: 0.25672 - accuracy: 0.89884
Validating epoch 1 | loss: 0.33781 - accuracy: 0.86927
Training epoch 2 | loss: 0.15999 - accuracy: 0.9435
Validating epoch 2 | loss: 0.39352 - accuracy: 0.87844
Training epoch 3 | loss: 0.11229 - accuracy: 0.96329
Validating epoch 3 | loss: 0.41899 - accuracy: 0.88188
Model is Bert, dataset is sst, undersample is None, aug mode is trans, geo is 0.7, pct_usage is None, small_label is 1, small_prop is 0.8, balance_seed is 15, lr is 2e-05, max_epochs is 4, split_num is 0
Training epoch 0 | loss: 0.45328 - accuracy: 0.77645
Validating epoch 0 | loss: 0.32223 - accuracy: 0.88073
Training epoch 1 | loss: 0.22997 - accuracy: 0.91214
Validating epoch 1 | loss: 0.34054 - accuracy: 0.875
Training epoch 2 | loss: 0.13415 - accuracy: 0.95347
Validating epoch 2 | loss: 0.38272 - accuracy: 0.87156
Training epoch 3 | loss: 0.08264 - accuracy: 0.97486
Validating epoch 3 | loss: 0.41896 - accuracy: 0.87844
Model is Bert, dataset is sst, undersample is None, aug mode is trans, geo is 0.9, pct_usage is None, small_label is 1, small_prop is 0.8, balance_seed is 15, lr is 2e-05, max_epochs is 4, split_num is 0
Training epoch 0 | loss: 0.45634 - accuracy: 0.76792
Validating epoch 0 | loss: 0.30767 - accuracy: 0.88188
Training epoch 1 | loss: 0.20389 - accuracy: 0.92413
Validating epoch 1 | loss: 0.34546 - accuracy: 0.88303
Training epoch 2 | loss: 0.10924 - accuracy: 0.96416
Validating epoch 2 | loss: 0.38851 - accuracy: 0.88417
Training epoch 3 | loss: 0.06209 - accuracy: 0.98266
Validating epoch 3 | loss: 0.45396 - accuracy: 0.88532
