Model is Bert, dataset is sst, undersample is False, aug mode is None, geo is None, pct_usage is None, small_label is 0, small_prop is 0.2, balance_seed is 17, lr is 2e-05, max_epochs is 4, split_num is 0
Training epoch 0 | loss: 0.39055 - accuracy: 0.81055
Validating epoch 0 | loss: 0.4718 - accuracy: 0.83142
Training epoch 1 | loss: 0.08005 - accuracy: 0.97659
Validating epoch 1 | loss: 0.59382 - accuracy: 0.84404
Training epoch 2 | loss: 0.02352 - accuracy: 0.99509
Validating epoch 2 | loss: 1.10028 - accuracy: 0.78899
Training epoch 3 | loss: 0.01229 - accuracy: 0.99725
Validating epoch 3 | loss: 1.03678 - accuracy: 0.80046
Model is Bert, dataset is sst, undersample is True, aug mode is None, geo is None, pct_usage is None, small_label is 0, small_prop is 0.2, balance_seed is 17, lr is 2e-05, max_epochs is 4, split_num is 0
Training epoch 0 | loss: 0.32087 - accuracy: 0.85202
Validating epoch 0 | loss: 0.50591 - accuracy: 0.8406
Training epoch 1 | loss: 0.02091 - accuracy: 0.99465
Validating epoch 1 | loss: 0.56969 - accuracy: 0.86583
Training epoch 2 | loss: 0.0096 - accuracy: 0.99725
Validating epoch 2 | loss: 0.62531 - accuracy: 0.86009
Training epoch 3 | loss: 0.00162 - accuracy: 1.0
Validating epoch 3 | loss: 0.65497 - accuracy: 0.86468
Model is Bert, dataset is sst, undersample is None, aug mode is trans, geo is 0.1, pct_usage is None, small_label is 0, small_prop is 0.2, balance_seed is 17, lr is 2e-05, max_epochs is 4, split_num is 0
Training epoch 0 | loss: 0.43144 - accuracy: 0.78439
Validating epoch 0 | loss: 0.41142 - accuracy: 0.83142
Training epoch 1 | loss: 0.1678 - accuracy: 0.93887
Validating epoch 1 | loss: 0.43508 - accuracy: 0.84174
Training epoch 2 | loss: 0.10055 - accuracy: 0.96763
Validating epoch 2 | loss: 0.52288 - accuracy: 0.82683
Training epoch 3 | loss: 0.06603 - accuracy: 0.98136
Validating epoch 3 | loss: 0.54238 - accuracy: 0.83028
Model is Bert, dataset is sst, undersample is None, aug mode is trans, geo is 0.3, pct_usage is None, small_label is 0, small_prop is 0.2, balance_seed is 17, lr is 2e-05, max_epochs is 4, split_num is 0
Training epoch 0 | loss: 0.4348 - accuracy: 0.78974
Validating epoch 0 | loss: 0.35183 - accuracy: 0.8578
Training epoch 1 | loss: 0.18947 - accuracy: 0.92876
Validating epoch 1 | loss: 0.39821 - accuracy: 0.85092
Training epoch 2 | loss: 0.10134 - accuracy: 0.96662
Validating epoch 2 | loss: 0.48656 - accuracy: 0.84633
Training epoch 3 | loss: 0.06303 - accuracy: 0.98179
Validating epoch 3 | loss: 0.50268 - accuracy: 0.85894
Model is Bert, dataset is sst, undersample is None, aug mode is trans, geo is 0.5, pct_usage is None, small_label is 0, small_prop is 0.2, balance_seed is 17, lr is 2e-05, max_epochs is 4, split_num is 0
Training epoch 0 | loss: 0.46545 - accuracy: 0.76113
Validating epoch 0 | loss: 0.44075 - accuracy: 0.83142
Training epoch 1 | loss: 0.19516 - accuracy: 0.92962
Validating epoch 1 | loss: 0.41324 - accuracy: 0.84977
Training epoch 2 | loss: 0.09672 - accuracy: 0.96821
Validating epoch 2 | loss: 0.48683 - accuracy: 0.84404
Training epoch 3 | loss: 0.06979 - accuracy: 0.98092
Validating epoch 3 | loss: 0.49851 - accuracy: 0.84748
Model is Bert, dataset is sst, undersample is None, aug mode is trans, geo is 0.7, pct_usage is None, small_label is 0, small_prop is 0.2, balance_seed is 17, lr is 2e-05, max_epochs is 4, split_num is 0
Training epoch 0 | loss: 0.42464 - accuracy: 0.77948
Validating epoch 0 | loss: 0.42072 - accuracy: 0.83716
Training epoch 1 | loss: 0.15525 - accuracy: 0.94408
Validating epoch 1 | loss: 0.466 - accuracy: 0.8406
Training epoch 2 | loss: 0.08074 - accuracy: 0.97746
Validating epoch 2 | loss: 0.50179 - accuracy: 0.84404
Training epoch 3 | loss: 0.0544 - accuracy: 0.98497
Validating epoch 3 | loss: 0.49843 - accuracy: 0.85321
Model is Bert, dataset is sst, undersample is None, aug mode is trans, geo is 0.9, pct_usage is None, small_label is 0, small_prop is 0.2, balance_seed is 17, lr is 2e-05, max_epochs is 4, split_num is 0
Training epoch 0 | loss: 0.41753 - accuracy: 0.79162
Validating epoch 0 | loss: 0.34931 - accuracy: 0.87156
Training epoch 1 | loss: 0.12092 - accuracy: 0.96113
Validating epoch 1 | loss: 0.62683 - accuracy: 0.81766
Training epoch 2 | loss: 0.06607 - accuracy: 0.98165
Validating epoch 2 | loss: 0.64182 - accuracy: 0.80505
Training epoch 3 | loss: 0.04173 - accuracy: 0.99003
Validating epoch 3 | loss: 0.60462 - accuracy: 0.83486
Model is Bert, dataset is sst, undersample is False, aug mode is None, geo is None, pct_usage is None, small_label is 1, small_prop is 0.2, balance_seed is 17, lr is 2e-05, max_epochs is 4, split_num is 0
Training epoch 0 | loss: 0.40185 - accuracy: 0.80694
Validating epoch 0 | loss: 0.41413 - accuracy: 0.84404
Training epoch 1 | loss: 0.07914 - accuracy: 0.97789
Validating epoch 1 | loss: 0.52322 - accuracy: 0.84404
Training epoch 2 | loss: 0.02436 - accuracy: 0.99494
Validating epoch 2 | loss: 0.65632 - accuracy: 0.84289
Training epoch 3 | loss: 0.01281 - accuracy: 0.99697
Validating epoch 3 | loss: 0.70834 - accuracy: 0.84174
Model is Bert, dataset is sst, undersample is True, aug mode is None, geo is None, pct_usage is None, small_label is 1, small_prop is 0.2, balance_seed is 17, lr is 2e-05, max_epochs is 4, split_num is 0
Training epoch 0 | loss: 0.33964 - accuracy: 0.83064
Validating epoch 0 | loss: 0.42995 - accuracy: 0.86353
Training epoch 1 | loss: 0.03053 - accuracy: 0.9922
Validating epoch 1 | loss: 0.55165 - accuracy: 0.87041
Training epoch 2 | loss: 0.00997 - accuracy: 0.99812
Validating epoch 2 | loss: 0.61747 - accuracy: 0.86583
Training epoch 3 | loss: 0.0034 - accuracy: 0.99957
Validating epoch 3 | loss: 0.61377 - accuracy: 0.87271
Model is Bert, dataset is sst, undersample is None, aug mode is trans, geo is 0.1, pct_usage is None, small_label is 1, small_prop is 0.2, balance_seed is 17, lr is 2e-05, max_epochs is 4, split_num is 0
Training epoch 0 | loss: 0.42728 - accuracy: 0.78873
Validating epoch 0 | loss: 0.36066 - accuracy: 0.85894
Training epoch 1 | loss: 0.16529 - accuracy: 0.93931
Validating epoch 1 | loss: 0.4029 - accuracy: 0.87385
Training epoch 2 | loss: 0.08411 - accuracy: 0.97399
Validating epoch 2 | loss: 0.41715 - accuracy: 0.87385
Training epoch 3 | loss: 0.05299 - accuracy: 0.98483
Validating epoch 3 | loss: 0.45107 - accuracy: 0.87041
Model is Bert, dataset is sst, undersample is None, aug mode is trans, geo is 0.3, pct_usage is None, small_label is 1, small_prop is 0.2, balance_seed is 17, lr is 2e-05, max_epochs is 4, split_num is 0
Training epoch 0 | loss: 0.44881 - accuracy: 0.76806
Validating epoch 0 | loss: 0.36937 - accuracy: 0.8578
Training epoch 1 | loss: 0.1853 - accuracy: 0.93512
Validating epoch 1 | loss: 0.35022 - accuracy: 0.86812
Training epoch 2 | loss: 0.09569 - accuracy: 0.96864
Validating epoch 2 | loss: 0.42167 - accuracy: 0.86927
Training epoch 3 | loss: 0.06837 - accuracy: 0.98078
Validating epoch 3 | loss: 0.43596 - accuracy: 0.86927
Model is Bert, dataset is sst, undersample is None, aug mode is trans, geo is 0.5, pct_usage is None, small_label is 1, small_prop is 0.2, balance_seed is 17, lr is 2e-05, max_epochs is 4, split_num is 0
Training epoch 0 | loss: 0.41179 - accuracy: 0.80361
Validating epoch 0 | loss: 0.36326 - accuracy: 0.86583
Training epoch 1 | loss: 0.15396 - accuracy: 0.94697
Validating epoch 1 | loss: 0.36364 - accuracy: 0.87729
Training epoch 2 | loss: 0.07444 - accuracy: 0.97789
Validating epoch 2 | loss: 0.43231 - accuracy: 0.87271
Training epoch 3 | loss: 0.04728 - accuracy: 0.98598
Validating epoch 3 | loss: 0.4569 - accuracy: 0.86927
Model is Bert, dataset is sst, undersample is None, aug mode is trans, geo is 0.7, pct_usage is None, small_label is 1, small_prop is 0.2, balance_seed is 17, lr is 2e-05, max_epochs is 4, split_num is 0
Training epoch 0 | loss: 0.43092 - accuracy: 0.7948
Validating epoch 0 | loss: 0.36065 - accuracy: 0.84404
Training epoch 1 | loss: 0.15732 - accuracy: 0.94538
Validating epoch 1 | loss: 0.35315 - accuracy: 0.87615
Training epoch 2 | loss: 0.0769 - accuracy: 0.97543
Validating epoch 2 | loss: 0.44907 - accuracy: 0.87041
Training epoch 3 | loss: 0.0492 - accuracy: 0.98613
Validating epoch 3 | loss: 0.44271 - accuracy: 0.875
Model is Bert, dataset is sst, undersample is None, aug mode is trans, geo is 0.9, pct_usage is None, small_label is 1, small_prop is 0.2, balance_seed is 17, lr is 2e-05, max_epochs is 4, split_num is 0
Training epoch 0 | loss: 0.39274 - accuracy: 0.80014
Validating epoch 0 | loss: 0.44845 - accuracy: 0.8383
Training epoch 1 | loss: 0.09376 - accuracy: 0.96792
Validating epoch 1 | loss: 0.50809 - accuracy: 0.8578
Training epoch 2 | loss: 0.0358 - accuracy: 0.99003
Validating epoch 2 | loss: 0.56991 - accuracy: 0.86697
Training epoch 3 | loss: 0.03227 - accuracy: 0.99162
Validating epoch 3 | loss: 0.50336 - accuracy: 0.87729
Model is Bert, dataset is sst, undersample is False, aug mode is None, geo is None, pct_usage is None, small_label is 0, small_prop is 0.4, balance_seed is 17, lr is 2e-05, max_epochs is 4, split_num is 0
Training epoch 0 | loss: 0.42374 - accuracy: 0.78324
Validating epoch 0 | loss: 0.35734 - accuracy: 0.86697
Training epoch 1 | loss: 0.13685 - accuracy: 0.95202
Validating epoch 1 | loss: 0.41243 - accuracy: 0.86583
Training epoch 2 | loss: 0.04461 - accuracy: 0.98569
Validating epoch 2 | loss: 0.55199 - accuracy: 0.86353
Training epoch 3 | loss: 0.02194 - accuracy: 0.99494
Validating epoch 3 | loss: 0.6663 - accuracy: 0.84518
Model is Bert, dataset is sst, undersample is True, aug mode is None, geo is None, pct_usage is None, small_label is 0, small_prop is 0.4, balance_seed is 17, lr is 2e-05, max_epochs is 4, split_num is 0
Training epoch 0 | loss: 0.39173 - accuracy: 0.79263
Validating epoch 0 | loss: 0.35583 - accuracy: 0.86239
Training epoch 1 | loss: 0.06876 - accuracy: 0.97948
Validating epoch 1 | loss: 0.55069 - accuracy: 0.86468
Training epoch 2 | loss: 0.01493 - accuracy: 0.99682
Validating epoch 2 | loss: 0.58056 - accuracy: 0.87959
Training epoch 3 | loss: 0.00526 - accuracy: 0.99899
Validating epoch 3 | loss: 0.62212 - accuracy: 0.87385
Model is Bert, dataset is sst, undersample is None, aug mode is trans, geo is 0.1, pct_usage is None, small_label is 0, small_prop is 0.4, balance_seed is 17, lr is 2e-05, max_epochs is 4, split_num is 0
Training epoch 0 | loss: 0.43429 - accuracy: 0.7841
Validating epoch 0 | loss: 0.42462 - accuracy: 0.83601
Training epoch 1 | loss: 0.20469 - accuracy: 0.92197
Validating epoch 1 | loss: 0.43242 - accuracy: 0.85321
Training epoch 2 | loss: 0.12221 - accuracy: 0.95838
Validating epoch 2 | loss: 0.50368 - accuracy: 0.84289
Training epoch 3 | loss: 0.0831 - accuracy: 0.9724
Validating epoch 3 | loss: 0.50394 - accuracy: 0.85092
Model is Bert, dataset is sst, undersample is None, aug mode is trans, geo is 0.3, pct_usage is None, small_label is 0, small_prop is 0.4, balance_seed is 17, lr is 2e-05, max_epochs is 4, split_num is 0
Training epoch 0 | loss: 0.44774 - accuracy: 0.7711
Validating epoch 0 | loss: 0.32236 - accuracy: 0.86927
Training epoch 1 | loss: 0.21368 - accuracy: 0.92023
Validating epoch 1 | loss: 0.36649 - accuracy: 0.8555
Training epoch 2 | loss: 0.1198 - accuracy: 0.95954
Validating epoch 2 | loss: 0.41919 - accuracy: 0.86697
Training epoch 3 | loss: 0.08572 - accuracy: 0.97486
Validating epoch 3 | loss: 0.43709 - accuracy: 0.86927
Model is Bert, dataset is sst, undersample is None, aug mode is trans, geo is 0.5, pct_usage is None, small_label is 0, small_prop is 0.4, balance_seed is 17, lr is 2e-05, max_epochs is 4, split_num is 0
Training epoch 0 | loss: 0.45993 - accuracy: 0.77269
Validating epoch 0 | loss: 0.3231 - accuracy: 0.86927
Training epoch 1 | loss: 0.20706 - accuracy: 0.92124
Validating epoch 1 | loss: 0.44182 - accuracy: 0.84174
Training epoch 2 | loss: 0.11249 - accuracy: 0.96214
Validating epoch 2 | loss: 0.42279 - accuracy: 0.86583
Training epoch 3 | loss: 0.07705 - accuracy: 0.97673
Validating epoch 3 | loss: 0.44121 - accuracy: 0.86812
Model is Bert, dataset is sst, undersample is None, aug mode is trans, geo is 0.7, pct_usage is None, small_label is 0, small_prop is 0.4, balance_seed is 17, lr is 2e-05, max_epochs is 4, split_num is 0
Training epoch 0 | loss: 0.44612 - accuracy: 0.77717
Validating epoch 0 | loss: 0.33388 - accuracy: 0.87156
Training epoch 1 | loss: 0.18858 - accuracy: 0.93049
Validating epoch 1 | loss: 0.40818 - accuracy: 0.86124
Training epoch 2 | loss: 0.11263 - accuracy: 0.96503
Validating epoch 2 | loss: 0.42306 - accuracy: 0.86697
Training epoch 3 | loss: 0.06994 - accuracy: 0.97876
Validating epoch 3 | loss: 0.44908 - accuracy: 0.86927
Model is Bert, dataset is sst, undersample is None, aug mode is trans, geo is 0.9, pct_usage is None, small_label is 0, small_prop is 0.4, balance_seed is 17, lr is 2e-05, max_epochs is 4, split_num is 0
Training epoch 0 | loss: 0.45784 - accuracy: 0.7724
Validating epoch 0 | loss: 0.40885 - accuracy: 0.84289
Training epoch 1 | loss: 0.18941 - accuracy: 0.93107
Validating epoch 1 | loss: 0.59867 - accuracy: 0.81307
Training epoch 2 | loss: 0.10257 - accuracy: 0.96749
Validating epoch 2 | loss: 0.43066 - accuracy: 0.86583
Training epoch 3 | loss: 0.05971 - accuracy: 0.98382
Validating epoch 3 | loss: 0.51513 - accuracy: 0.84862
Model is Bert, dataset is sst, undersample is False, aug mode is None, geo is None, pct_usage is None, small_label is 1, small_prop is 0.4, balance_seed is 17, lr is 2e-05, max_epochs is 4, split_num is 0
Training epoch 0 | loss: 0.43626 - accuracy: 0.78815
Validating epoch 0 | loss: 0.44678 - accuracy: 0.81995
Training epoch 1 | loss: 0.15318 - accuracy: 0.94899
Validating epoch 1 | loss: 0.39502 - accuracy: 0.88417
Training epoch 2 | loss: 0.05321 - accuracy: 0.98569
Validating epoch 2 | loss: 0.47981 - accuracy: 0.86239
Training epoch 3 | loss: 0.02692 - accuracy: 0.99321
Validating epoch 3 | loss: 0.49046 - accuracy: 0.87271
Model is Bert, dataset is sst, undersample is True, aug mode is None, geo is None, pct_usage is None, small_label is 1, small_prop is 0.4, balance_seed is 17, lr is 2e-05, max_epochs is 4, split_num is 0
Training epoch 0 | loss: 0.42881 - accuracy: 0.77543
Validating epoch 0 | loss: 0.37581 - accuracy: 0.87615
Training epoch 1 | loss: 0.08519 - accuracy: 0.97428
Validating epoch 1 | loss: 0.55086 - accuracy: 0.86124
Training epoch 2 | loss: 0.02066 - accuracy: 0.99523
Validating epoch 2 | loss: 0.60572 - accuracy: 0.87615
Training epoch 3 | loss: 0.00656 - accuracy: 0.99855
Validating epoch 3 | loss: 0.63428 - accuracy: 0.875
Model is Bert, dataset is sst, undersample is None, aug mode is trans, geo is 0.1, pct_usage is None, small_label is 1, small_prop is 0.4, balance_seed is 17, lr is 2e-05, max_epochs is 4, split_num is 0
Training epoch 0 | loss: 0.44185 - accuracy: 0.78656
Validating epoch 0 | loss: 0.37471 - accuracy: 0.84862
Training epoch 1 | loss: 0.20999 - accuracy: 0.92327
Validating epoch 1 | loss: 0.36771 - accuracy: 0.85894
Training epoch 2 | loss: 0.12052 - accuracy: 0.95795
Validating epoch 2 | loss: 0.39191 - accuracy: 0.87385
Training epoch 3 | loss: 0.09091 - accuracy: 0.97225
Validating epoch 3 | loss: 0.4196 - accuracy: 0.87385
Model is Bert, dataset is sst, undersample is None, aug mode is trans, geo is 0.3, pct_usage is None, small_label is 1, small_prop is 0.4, balance_seed is 17, lr is 2e-05, max_epochs is 4, split_num is 0
Training epoch 0 | loss: 0.46182 - accuracy: 0.7646
Validating epoch 0 | loss: 0.36145 - accuracy: 0.8555
Training epoch 1 | loss: 0.20864 - accuracy: 0.91951
Validating epoch 1 | loss: 0.35631 - accuracy: 0.87385
Training epoch 2 | loss: 0.11137 - accuracy: 0.9604
Validating epoch 2 | loss: 0.40248 - accuracy: 0.87385
Training epoch 3 | loss: 0.07202 - accuracy: 0.9776
Validating epoch 3 | loss: 0.45135 - accuracy: 0.87959
Model is Bert, dataset is sst, undersample is None, aug mode is trans, geo is 0.5, pct_usage is None, small_label is 1, small_prop is 0.4, balance_seed is 17, lr is 2e-05, max_epochs is 4, split_num is 0
Training epoch 0 | loss: 0.44186 - accuracy: 0.78309
Validating epoch 0 | loss: 0.32347 - accuracy: 0.875
Training epoch 1 | loss: 0.21025 - accuracy: 0.92298
Validating epoch 1 | loss: 0.3376 - accuracy: 0.87959
Training epoch 2 | loss: 0.11783 - accuracy: 0.96358
Validating epoch 2 | loss: 0.41054 - accuracy: 0.86927
Training epoch 3 | loss: 0.08163 - accuracy: 0.97514
Validating epoch 3 | loss: 0.4099 - accuracy: 0.87385
Model is Bert, dataset is sst, undersample is None, aug mode is trans, geo is 0.7, pct_usage is None, small_label is 1, small_prop is 0.4, balance_seed is 17, lr is 2e-05, max_epochs is 4, split_num is 0
Training epoch 0 | loss: 0.42913 - accuracy: 0.78902
Validating epoch 0 | loss: 0.35182 - accuracy: 0.87041
Training epoch 1 | loss: 0.18023 - accuracy: 0.9354
Validating epoch 1 | loss: 0.31842 - accuracy: 0.87959
Training epoch 2 | loss: 0.09405 - accuracy: 0.97066
Validating epoch 2 | loss: 0.39556 - accuracy: 0.88761
Training epoch 3 | loss: 0.05687 - accuracy: 0.98324
Validating epoch 3 | loss: 0.42829 - accuracy: 0.88647
Model is Bert, dataset is sst, undersample is None, aug mode is trans, geo is 0.9, pct_usage is None, small_label is 1, small_prop is 0.4, balance_seed is 17, lr is 2e-05, max_epochs is 4, split_num is 0
Training epoch 0 | loss: 0.44346 - accuracy: 0.77847
Validating epoch 0 | loss: 0.34043 - accuracy: 0.85894
Training epoch 1 | loss: 0.15827 - accuracy: 0.94769
Validating epoch 1 | loss: 0.41388 - accuracy: 0.86697
Training epoch 2 | loss: 0.08205 - accuracy: 0.97558
Validating epoch 2 | loss: 0.44943 - accuracy: 0.87156
Training epoch 3 | loss: 0.04875 - accuracy: 0.98757
Validating epoch 3 | loss: 0.4558 - accuracy: 0.87615
Model is Bert, dataset is sst, undersample is False, aug mode is None, geo is None, pct_usage is None, small_label is 0, small_prop is 0.6, balance_seed is 17, lr is 2e-05, max_epochs is 4, split_num is 0
Training epoch 0 | loss: 0.44202 - accuracy: 0.77543
Validating epoch 0 | loss: 0.32433 - accuracy: 0.87041
Training epoch 1 | loss: 0.17972 - accuracy: 0.93613
Validating epoch 1 | loss: 0.40166 - accuracy: 0.87156
Training epoch 2 | loss: 0.07195 - accuracy: 0.97919
Validating epoch 2 | loss: 0.56907 - accuracy: 0.8555
Training epoch 3 | loss: 0.03644 - accuracy: 0.99118
Validating epoch 3 | loss: 0.55085 - accuracy: 0.86583
Model is Bert, dataset is sst, undersample is True, aug mode is None, geo is None, pct_usage is None, small_label is 0, small_prop is 0.6, balance_seed is 17, lr is 2e-05, max_epochs is 4, split_num is 0
Training epoch 0 | loss: 0.41801 - accuracy: 0.78656
Validating epoch 0 | loss: 0.30077 - accuracy: 0.88991
Training epoch 1 | loss: 0.1212 - accuracy: 0.95766
Validating epoch 1 | loss: 0.38408 - accuracy: 0.88073
Training epoch 2 | loss: 0.0396 - accuracy: 0.98916
Validating epoch 2 | loss: 0.48013 - accuracy: 0.88188
Training epoch 3 | loss: 0.01626 - accuracy: 0.9961
Validating epoch 3 | loss: 0.50809 - accuracy: 0.87959
Model is Bert, dataset is sst, undersample is None, aug mode is trans, geo is 0.1, pct_usage is None, small_label is 0, small_prop is 0.6, balance_seed is 17, lr is 2e-05, max_epochs is 4, split_num is 0
Training epoch 0 | loss: 0.46249 - accuracy: 0.76113
Validating epoch 0 | loss: 0.37544 - accuracy: 0.83142
Training epoch 1 | loss: 0.23614 - accuracy: 0.91012
Validating epoch 1 | loss: 0.41342 - accuracy: 0.83945
Training epoch 2 | loss: 0.15575 - accuracy: 0.94205
Validating epoch 2 | loss: 0.39497 - accuracy: 0.84404
Training epoch 3 | loss: 0.10546 - accuracy: 0.96358
Validating epoch 3 | loss: 0.44949 - accuracy: 0.84518
Model is Bert, dataset is sst, undersample is None, aug mode is trans, geo is 0.3, pct_usage is None, small_label is 0, small_prop is 0.6, balance_seed is 17, lr is 2e-05, max_epochs is 4, split_num is 0
Training epoch 0 | loss: 0.45691 - accuracy: 0.76951
Validating epoch 0 | loss: 0.32453 - accuracy: 0.86927
Training epoch 1 | loss: 0.23881 - accuracy: 0.9039
Validating epoch 1 | loss: 0.34268 - accuracy: 0.85894
Training epoch 2 | loss: 0.13786 - accuracy: 0.95376
Validating epoch 2 | loss: 0.42768 - accuracy: 0.85321
Training epoch 3 | loss: 0.08942 - accuracy: 0.97124
Validating epoch 3 | loss: 0.43525 - accuracy: 0.86239
Model is Bert, dataset is sst, undersample is None, aug mode is trans, geo is 0.5, pct_usage is None, small_label is 0, small_prop is 0.6, balance_seed is 17, lr is 2e-05, max_epochs is 4, split_num is 0
Training epoch 0 | loss: 0.45349 - accuracy: 0.77659
Validating epoch 0 | loss: 0.32471 - accuracy: 0.86583
Training epoch 1 | loss: 0.22267 - accuracy: 0.91561
Validating epoch 1 | loss: 0.33488 - accuracy: 0.87385
Training epoch 2 | loss: 0.13125 - accuracy: 0.95621
Validating epoch 2 | loss: 0.37884 - accuracy: 0.87156
Training epoch 3 | loss: 0.0865 - accuracy: 0.975
Validating epoch 3 | loss: 0.41165 - accuracy: 0.87385
Model is Bert, dataset is sst, undersample is None, aug mode is trans, geo is 0.7, pct_usage is None, small_label is 0, small_prop is 0.6, balance_seed is 17, lr is 2e-05, max_epochs is 4, split_num is 0
Training epoch 0 | loss: 0.45662 - accuracy: 0.77182
Validating epoch 0 | loss: 0.35983 - accuracy: 0.85436
Training epoch 1 | loss: 0.22334 - accuracy: 0.91344
Validating epoch 1 | loss: 0.40058 - accuracy: 0.84977
Training epoch 2 | loss: 0.12548 - accuracy: 0.95694
Validating epoch 2 | loss: 0.40358 - accuracy: 0.87271
Training epoch 3 | loss: 0.08154 - accuracy: 0.97486
Validating epoch 3 | loss: 0.42353 - accuracy: 0.88073
Model is Bert, dataset is sst, undersample is None, aug mode is trans, geo is 0.9, pct_usage is None, small_label is 0, small_prop is 0.6, balance_seed is 17, lr is 2e-05, max_epochs is 4, split_num is 0
Training epoch 0 | loss: 0.43578 - accuracy: 0.79263
Validating epoch 0 | loss: 0.31415 - accuracy: 0.86468
Training epoch 1 | loss: 0.1861 - accuracy: 0.93382
Validating epoch 1 | loss: 0.34314 - accuracy: 0.86697
Training epoch 2 | loss: 0.09128 - accuracy: 0.9698
Validating epoch 2 | loss: 0.39883 - accuracy: 0.86583
Training epoch 3 | loss: 0.04788 - accuracy: 0.98613
Validating epoch 3 | loss: 0.43886 - accuracy: 0.88073
Model is Bert, dataset is sst, undersample is False, aug mode is None, geo is None, pct_usage is None, small_label is 1, small_prop is 0.6, balance_seed is 17, lr is 2e-05, max_epochs is 4, split_num is 0
Training epoch 0 | loss: 0.42152 - accuracy: 0.79928
Validating epoch 0 | loss: 0.31188 - accuracy: 0.87844
Training epoch 1 | loss: 0.17159 - accuracy: 0.94133
Validating epoch 1 | loss: 0.32708 - accuracy: 0.88303
Training epoch 2 | loss: 0.07851 - accuracy: 0.97659
Validating epoch 2 | loss: 0.42181 - accuracy: 0.88761
Training epoch 3 | loss: 0.03611 - accuracy: 0.99104
Validating epoch 3 | loss: 0.45652 - accuracy: 0.89335
Model is Bert, dataset is sst, undersample is True, aug mode is None, geo is None, pct_usage is None, small_label is 1, small_prop is 0.6, balance_seed is 17, lr is 2e-05, max_epochs is 4, split_num is 0
Training epoch 0 | loss: 0.45402 - accuracy: 0.77659
Validating epoch 0 | loss: 0.3351 - accuracy: 0.86583
Training epoch 1 | loss: 0.15641 - accuracy: 0.94653
Validating epoch 1 | loss: 0.41277 - accuracy: 0.875
Training epoch 2 | loss: 0.0562 - accuracy: 0.98512
Validating epoch 2 | loss: 0.56877 - accuracy: 0.85894
Training epoch 3 | loss: 0.02454 - accuracy: 0.99364
Validating epoch 3 | loss: 0.52658 - accuracy: 0.87959
Model is Bert, dataset is sst, undersample is None, aug mode is trans, geo is 0.1, pct_usage is None, small_label is 1, small_prop is 0.6, balance_seed is 17, lr is 2e-05, max_epochs is 4, split_num is 0
Training epoch 0 | loss: 0.43541 - accuracy: 0.77413
Validating epoch 0 | loss: 0.40754 - accuracy: 0.84174
Training epoch 1 | loss: 0.211 - accuracy: 0.92066
Validating epoch 1 | loss: 0.35112 - accuracy: 0.86239
Training epoch 2 | loss: 0.13296 - accuracy: 0.95535
Validating epoch 2 | loss: 0.41961 - accuracy: 0.8555
Training epoch 3 | loss: 0.09166 - accuracy: 0.97355
Validating epoch 3 | loss: 0.43638 - accuracy: 0.86239
Model is Bert, dataset is sst, undersample is None, aug mode is trans, geo is 0.3, pct_usage is None, small_label is 1, small_prop is 0.6, balance_seed is 17, lr is 2e-05, max_epochs is 4, split_num is 0
Training epoch 0 | loss: 0.44443 - accuracy: 0.77832
Validating epoch 0 | loss: 0.36678 - accuracy: 0.86124
Training epoch 1 | loss: 0.22115 - accuracy: 0.91705
Validating epoch 1 | loss: 0.33547 - accuracy: 0.875
Training epoch 2 | loss: 0.1332 - accuracy: 0.95621
Validating epoch 2 | loss: 0.38283 - accuracy: 0.87959
Training epoch 3 | loss: 0.08345 - accuracy: 0.97124
Validating epoch 3 | loss: 0.43173 - accuracy: 0.86927
Model is Bert, dataset is sst, undersample is None, aug mode is trans, geo is 0.5, pct_usage is None, small_label is 1, small_prop is 0.6, balance_seed is 17, lr is 2e-05, max_epochs is 4, split_num is 0
Training epoch 0 | loss: 0.46148 - accuracy: 0.77442
Validating epoch 0 | loss: 0.37751 - accuracy: 0.85092
Training epoch 1 | loss: 0.23561 - accuracy: 0.91098
Validating epoch 1 | loss: 0.34123 - accuracy: 0.87271
Training epoch 2 | loss: 0.13491 - accuracy: 0.9539
Validating epoch 2 | loss: 0.39453 - accuracy: 0.86353
Training epoch 3 | loss: 0.09437 - accuracy: 0.96994
Validating epoch 3 | loss: 0.39244 - accuracy: 0.87615
Model is Bert, dataset is sst, undersample is None, aug mode is trans, geo is 0.7, pct_usage is None, small_label is 1, small_prop is 0.6, balance_seed is 17, lr is 2e-05, max_epochs is 4, split_num is 0
Training epoch 0 | loss: 0.45566 - accuracy: 0.77529
Validating epoch 0 | loss: 0.31601 - accuracy: 0.86009
Training epoch 1 | loss: 0.21773 - accuracy: 0.91864
Validating epoch 1 | loss: 0.34072 - accuracy: 0.88073
Training epoch 2 | loss: 0.11755 - accuracy: 0.95795
Validating epoch 2 | loss: 0.39961 - accuracy: 0.87271
Training epoch 3 | loss: 0.07046 - accuracy: 0.97731
Validating epoch 3 | loss: 0.42432 - accuracy: 0.875
Model is Bert, dataset is sst, undersample is None, aug mode is trans, geo is 0.9, pct_usage is None, small_label is 1, small_prop is 0.6, balance_seed is 17, lr is 2e-05, max_epochs is 4, split_num is 0
Training epoch 0 | loss: 0.45144 - accuracy: 0.77298
Validating epoch 0 | loss: 0.34021 - accuracy: 0.87271
Training epoch 1 | loss: 0.19448 - accuracy: 0.93107
Validating epoch 1 | loss: 0.3546 - accuracy: 0.87844
Training epoch 2 | loss: 0.09343 - accuracy: 0.96922
Validating epoch 2 | loss: 0.38953 - accuracy: 0.88532
Training epoch 3 | loss: 0.05088 - accuracy: 0.98512
Validating epoch 3 | loss: 0.46001 - accuracy: 0.88417
Model is Bert, dataset is sst, undersample is False, aug mode is None, geo is None, pct_usage is None, small_label is 0, small_prop is 0.8, balance_seed is 17, lr is 2e-05, max_epochs is 4, split_num is 0
Training epoch 0 | loss: 0.44185 - accuracy: 0.77514
Validating epoch 0 | loss: 0.31184 - accuracy: 0.88188
Training epoch 1 | loss: 0.19032 - accuracy: 0.93107
Validating epoch 1 | loss: 0.32354 - accuracy: 0.87959
Training epoch 2 | loss: 0.08214 - accuracy: 0.97471
Validating epoch 2 | loss: 0.44007 - accuracy: 0.87271
Training epoch 3 | loss: 0.04133 - accuracy: 0.98858
Validating epoch 3 | loss: 0.46526 - accuracy: 0.87959
Model is Bert, dataset is sst, undersample is True, aug mode is None, geo is None, pct_usage is None, small_label is 0, small_prop is 0.8, balance_seed is 17, lr is 2e-05, max_epochs is 4, split_num is 0
Training epoch 0 | loss: 0.44019 - accuracy: 0.78685
Validating epoch 0 | loss: 0.32651 - accuracy: 0.87156
Training epoch 1 | loss: 0.18583 - accuracy: 0.93396
Validating epoch 1 | loss: 0.35514 - accuracy: 0.88647
Training epoch 2 | loss: 0.09041 - accuracy: 0.97254
Validating epoch 2 | loss: 0.38996 - accuracy: 0.87729
Training epoch 3 | loss: 0.05037 - accuracy: 0.98728
Validating epoch 3 | loss: 0.45784 - accuracy: 0.87959
Model is Bert, dataset is sst, undersample is None, aug mode is trans, geo is 0.1, pct_usage is None, small_label is 0, small_prop is 0.8, balance_seed is 17, lr is 2e-05, max_epochs is 4, split_num is 0
Training epoch 0 | loss: 0.45285 - accuracy: 0.77876
Validating epoch 0 | loss: 0.37063 - accuracy: 0.8383
Training epoch 1 | loss: 0.22618 - accuracy: 0.91402
Validating epoch 1 | loss: 0.40914 - accuracy: 0.84977
Training epoch 2 | loss: 0.1316 - accuracy: 0.95202
Validating epoch 2 | loss: 0.44809 - accuracy: 0.84862
Training epoch 3 | loss: 0.10189 - accuracy: 0.96647
Validating epoch 3 | loss: 0.48335 - accuracy: 0.8555
Model is Bert, dataset is sst, undersample is None, aug mode is trans, geo is 0.3, pct_usage is None, small_label is 0, small_prop is 0.8, balance_seed is 17, lr is 2e-05, max_epochs is 4, split_num is 0
Training epoch 0 | loss: 0.45395 - accuracy: 0.76864
Validating epoch 0 | loss: 0.33887 - accuracy: 0.86124
Training epoch 1 | loss: 0.23486 - accuracy: 0.91098
Validating epoch 1 | loss: 0.35088 - accuracy: 0.86468
Training epoch 2 | loss: 0.15003 - accuracy: 0.94682
Validating epoch 2 | loss: 0.38339 - accuracy: 0.85894
Training epoch 3 | loss: 0.0969 - accuracy: 0.97052
Validating epoch 3 | loss: 0.41932 - accuracy: 0.85894
Model is Bert, dataset is sst, undersample is None, aug mode is trans, geo is 0.5, pct_usage is None, small_label is 0, small_prop is 0.8, balance_seed is 17, lr is 2e-05, max_epochs is 4, split_num is 0
Training epoch 0 | loss: 0.46236 - accuracy: 0.76026
Validating epoch 0 | loss: 0.31673 - accuracy: 0.86468
Training epoch 1 | loss: 0.22203 - accuracy: 0.91604
Validating epoch 1 | loss: 0.34968 - accuracy: 0.86124
Training epoch 2 | loss: 0.12665 - accuracy: 0.9552
Validating epoch 2 | loss: 0.38698 - accuracy: 0.86927
Training epoch 3 | loss: 0.09076 - accuracy: 0.9698
Validating epoch 3 | loss: 0.43314 - accuracy: 0.86583
Model is Bert, dataset is sst, undersample is None, aug mode is trans, geo is 0.7, pct_usage is None, small_label is 0, small_prop is 0.8, balance_seed is 17, lr is 2e-05, max_epochs is 4, split_num is 0
Training epoch 0 | loss: 0.4451 - accuracy: 0.78468
Validating epoch 0 | loss: 0.31472 - accuracy: 0.87271
Training epoch 1 | loss: 0.22081 - accuracy: 0.91951
Validating epoch 1 | loss: 0.34444 - accuracy: 0.86583
Training epoch 2 | loss: 0.12635 - accuracy: 0.95997
Validating epoch 2 | loss: 0.38777 - accuracy: 0.87271
Training epoch 3 | loss: 0.07728 - accuracy: 0.97803
Validating epoch 3 | loss: 0.42166 - accuracy: 0.875
Model is Bert, dataset is sst, undersample is None, aug mode is trans, geo is 0.9, pct_usage is None, small_label is 0, small_prop is 0.8, balance_seed is 17, lr is 2e-05, max_epochs is 4, split_num is 0
Training epoch 0 | loss: 0.43221 - accuracy: 0.78887
Validating epoch 0 | loss: 0.32029 - accuracy: 0.87615
Training epoch 1 | loss: 0.19537 - accuracy: 0.92934
Validating epoch 1 | loss: 0.32425 - accuracy: 0.88991
Training epoch 2 | loss: 0.10152 - accuracy: 0.96662
Validating epoch 2 | loss: 0.41085 - accuracy: 0.86697
Training epoch 3 | loss: 0.0587 - accuracy: 0.98251
Validating epoch 3 | loss: 0.42077 - accuracy: 0.88188
Model is Bert, dataset is sst, undersample is False, aug mode is None, geo is None, pct_usage is None, small_label is 1, small_prop is 0.8, balance_seed is 17, lr is 2e-05, max_epochs is 4, split_num is 0
Training epoch 0 | loss: 0.46318 - accuracy: 0.76864
Validating epoch 0 | loss: 0.34248 - accuracy: 0.85321
Training epoch 1 | loss: 0.20209 - accuracy: 0.925
Validating epoch 1 | loss: 0.35369 - accuracy: 0.87729
Training epoch 2 | loss: 0.10088 - accuracy: 0.96806
Validating epoch 2 | loss: 0.39877 - accuracy: 0.88073
Training epoch 3 | loss: 0.05646 - accuracy: 0.98569
Validating epoch 3 | loss: 0.4494 - accuracy: 0.875
Model is Bert, dataset is sst, undersample is True, aug mode is None, geo is None, pct_usage is None, small_label is 1, small_prop is 0.8, balance_seed is 17, lr is 2e-05, max_epochs is 4, split_num is 0
Training epoch 0 | loss: 0.43048 - accuracy: 0.79133
Validating epoch 0 | loss: 0.3069 - accuracy: 0.88188
Training epoch 1 | loss: 0.16068 - accuracy: 0.94075
Validating epoch 1 | loss: 0.32735 - accuracy: 0.88303
Training epoch 2 | loss: 0.06423 - accuracy: 0.9789
Validating epoch 2 | loss: 0.45492 - accuracy: 0.88073
Training epoch 3 | loss: 0.03149 - accuracy: 0.99263
Validating epoch 3 | loss: 0.48712 - accuracy: 0.88303
Model is Bert, dataset is sst, undersample is None, aug mode is trans, geo is 0.1, pct_usage is None, small_label is 1, small_prop is 0.8, balance_seed is 17, lr is 2e-05, max_epochs is 4, split_num is 0
Training epoch 0 | loss: 0.42802 - accuracy: 0.79306
Validating epoch 0 | loss: 0.37806 - accuracy: 0.84862
Training epoch 1 | loss: 0.20288 - accuracy: 0.9211
Validating epoch 1 | loss: 0.34412 - accuracy: 0.86812
Training epoch 2 | loss: 0.12958 - accuracy: 0.95506
Validating epoch 2 | loss: 0.41707 - accuracy: 0.86927
Training epoch 3 | loss: 0.08912 - accuracy: 0.9698
Validating epoch 3 | loss: 0.43144 - accuracy: 0.87156
Model is Bert, dataset is sst, undersample is None, aug mode is trans, geo is 0.3, pct_usage is None, small_label is 1, small_prop is 0.8, balance_seed is 17, lr is 2e-05, max_epochs is 4, split_num is 0
Training epoch 0 | loss: 0.45048 - accuracy: 0.77428
Validating epoch 0 | loss: 0.31836 - accuracy: 0.86468
Training epoch 1 | loss: 0.22608 - accuracy: 0.91402
Validating epoch 1 | loss: 0.33838 - accuracy: 0.87729
Training epoch 2 | loss: 0.14539 - accuracy: 0.94986
Validating epoch 2 | loss: 0.36496 - accuracy: 0.87959
Training epoch 3 | loss: 0.10515 - accuracy: 0.96647
Validating epoch 3 | loss: 0.43444 - accuracy: 0.86239
Model is Bert, dataset is sst, undersample is None, aug mode is trans, geo is 0.5, pct_usage is None, small_label is 1, small_prop is 0.8, balance_seed is 17, lr is 2e-05, max_epochs is 4, split_num is 0
Training epoch 0 | loss: 0.46914 - accuracy: 0.76329
Validating epoch 0 | loss: 0.36239 - accuracy: 0.83601
Training epoch 1 | loss: 0.25888 - accuracy: 0.89639
Validating epoch 1 | loss: 0.30034 - accuracy: 0.88761
Training epoch 2 | loss: 0.16148 - accuracy: 0.94277
Validating epoch 2 | loss: 0.35729 - accuracy: 0.87385
Training epoch 3 | loss: 0.11567 - accuracy: 0.96329
Validating epoch 3 | loss: 0.38456 - accuracy: 0.87615
Model is Bert, dataset is sst, undersample is None, aug mode is trans, geo is 0.7, pct_usage is None, small_label is 1, small_prop is 0.8, balance_seed is 17, lr is 2e-05, max_epochs is 4, split_num is 0
Training epoch 0 | loss: 0.45374 - accuracy: 0.76879
Validating epoch 0 | loss: 0.31977 - accuracy: 0.86927
Training epoch 1 | loss: 0.21891 - accuracy: 0.91503
Validating epoch 1 | loss: 0.35387 - accuracy: 0.87615
Training epoch 2 | loss: 0.12634 - accuracy: 0.95564
Validating epoch 2 | loss: 0.36646 - accuracy: 0.88073
Training epoch 3 | loss: 0.08762 - accuracy: 0.97081
Validating epoch 3 | loss: 0.42327 - accuracy: 0.88876
Model is Bert, dataset is sst, undersample is None, aug mode is trans, geo is 0.9, pct_usage is None, small_label is 1, small_prop is 0.8, balance_seed is 17, lr is 2e-05, max_epochs is 4, split_num is 0
Training epoch 0 | loss: 0.44663 - accuracy: 0.76965
Validating epoch 0 | loss: 0.30731 - accuracy: 0.87959
Training epoch 1 | loss: 0.20726 - accuracy: 0.9224
Validating epoch 1 | loss: 0.32033 - accuracy: 0.88876
Training epoch 2 | loss: 0.10883 - accuracy: 0.96445
Validating epoch 2 | loss: 0.38203 - accuracy: 0.88532
Training epoch 3 | loss: 0.06005 - accuracy: 0.98194
Validating epoch 3 | loss: 0.4361 - accuracy: 0.88417
