Model is Bert, dataset is sst, undersample is False, aug mode is None, geo is None, pct_usage is None, small_label is 0, small_prop is 0.2, balance_seed is 12, lr is 2e-05, max_epochs is 4, split_num is 0
Training epoch 0 | loss: 0.38399 - accuracy: 0.81286
Validating epoch 0 | loss: 0.47035 - accuracy: 0.83142
Training epoch 1 | loss: 0.07126 - accuracy: 0.97991
Validating epoch 1 | loss: 0.79867 - accuracy: 0.81537
Training epoch 2 | loss: 0.02663 - accuracy: 0.99277
Validating epoch 2 | loss: 1.0568 - accuracy: 0.79243
Training epoch 3 | loss: 0.01122 - accuracy: 0.99769
Validating epoch 3 | loss: 0.97526 - accuracy: 0.80505
Model is Bert, dataset is sst, undersample is True, aug mode is None, geo is None, pct_usage is None, small_label is 0, small_prop is 0.2, balance_seed is 12, lr is 2e-05, max_epochs is 4, split_num is 0
Training epoch 0 | loss: 0.31057 - accuracy: 0.85621
Validating epoch 0 | loss: 0.50064 - accuracy: 0.84289
Training epoch 1 | loss: 0.02337 - accuracy: 0.99436
Validating epoch 1 | loss: 0.66376 - accuracy: 0.84289
Training epoch 2 | loss: 0.00646 - accuracy: 0.99855
Validating epoch 2 | loss: 0.73038 - accuracy: 0.84174
Training epoch 3 | loss: 0.00211 - accuracy: 0.99986
Validating epoch 3 | loss: 0.75968 - accuracy: 0.84748
Model is Bert, dataset is sst, undersample is None, aug mode is trans, geo is 0.1, pct_usage is None, small_label is 0, small_prop is 0.2, balance_seed is 12, lr is 2e-05, max_epochs is 4, split_num is 0
Training epoch 0 | loss: 0.42826 - accuracy: 0.78454
Validating epoch 0 | loss: 0.40694 - accuracy: 0.83372
Training epoch 1 | loss: 0.17495 - accuracy: 0.93772
Validating epoch 1 | loss: 0.53873 - accuracy: 0.81766
Training epoch 2 | loss: 0.09703 - accuracy: 0.96965
Validating epoch 2 | loss: 0.59337 - accuracy: 0.83601
Training epoch 3 | loss: 0.06781 - accuracy: 0.97876
Validating epoch 3 | loss: 0.58779 - accuracy: 0.83601
Model is Bert, dataset is sst, undersample is None, aug mode is trans, geo is 0.3, pct_usage is None, small_label is 0, small_prop is 0.2, balance_seed is 12, lr is 2e-05, max_epochs is 4, split_num is 0
Training epoch 0 | loss: 0.43488 - accuracy: 0.78887
Validating epoch 0 | loss: 0.38985 - accuracy: 0.84862
Training epoch 1 | loss: 0.17403 - accuracy: 0.93699
Validating epoch 1 | loss: 0.48926 - accuracy: 0.83257
Training epoch 2 | loss: 0.09693 - accuracy: 0.96922
Validating epoch 2 | loss: 0.49037 - accuracy: 0.84518
Training epoch 3 | loss: 0.05493 - accuracy: 0.98454
Validating epoch 3 | loss: 0.56048 - accuracy: 0.84633
Model is Bert, dataset is sst, undersample is None, aug mode is trans, geo is 0.5, pct_usage is None, small_label is 0, small_prop is 0.2, balance_seed is 12, lr is 2e-05, max_epochs is 4, split_num is 0
Training epoch 0 | loss: 0.44064 - accuracy: 0.78353
Validating epoch 0 | loss: 0.43945 - accuracy: 0.83142
Training epoch 1 | loss: 0.15807 - accuracy: 0.94595
Validating epoch 1 | loss: 0.66862 - accuracy: 0.78784
Training epoch 2 | loss: 0.08666 - accuracy: 0.97384
Validating epoch 2 | loss: 0.50722 - accuracy: 0.84174
Training epoch 3 | loss: 0.06302 - accuracy: 0.98251
Validating epoch 3 | loss: 0.57146 - accuracy: 0.8383
Model is Bert, dataset is sst, undersample is None, aug mode is trans, geo is 0.7, pct_usage is None, small_label is 0, small_prop is 0.2, balance_seed is 12, lr is 2e-05, max_epochs is 4, split_num is 0
Training epoch 0 | loss: 0.42841 - accuracy: 0.775
Validating epoch 0 | loss: 0.4588 - accuracy: 0.81995
Training epoch 1 | loss: 0.14143 - accuracy: 0.95145
Validating epoch 1 | loss: 0.48194 - accuracy: 0.84404
Training epoch 2 | loss: 0.07719 - accuracy: 0.97789
Validating epoch 2 | loss: 0.70827 - accuracy: 0.79128
Training epoch 3 | loss: 0.05253 - accuracy: 0.9854
Validating epoch 3 | loss: 0.54978 - accuracy: 0.83601
Model is Bert, dataset is sst, undersample is None, aug mode is trans, geo is 0.9, pct_usage is None, small_label is 0, small_prop is 0.2, balance_seed is 12, lr is 2e-05, max_epochs is 4, split_num is 0
Training epoch 0 | loss: 0.4194 - accuracy: 0.78887
Validating epoch 0 | loss: 0.40162 - accuracy: 0.85436
Training epoch 1 | loss: 0.12428 - accuracy: 0.95968
Validating epoch 1 | loss: 0.57471 - accuracy: 0.82569
Training epoch 2 | loss: 0.0623 - accuracy: 0.98309
Validating epoch 2 | loss: 0.62202 - accuracy: 0.83601
Training epoch 3 | loss: 0.03798 - accuracy: 0.99017
Validating epoch 3 | loss: 0.612 - accuracy: 0.84518
Model is Bert, dataset is sst, undersample is False, aug mode is None, geo is None, pct_usage is None, small_label is 1, small_prop is 0.2, balance_seed is 12, lr is 2e-05, max_epochs is 4, split_num is 0
Training epoch 0 | loss: 0.39371 - accuracy: 0.80462
Validating epoch 0 | loss: 0.40724 - accuracy: 0.84404
Training epoch 1 | loss: 0.07067 - accuracy: 0.97775
Validating epoch 1 | loss: 0.60644 - accuracy: 0.83945
Training epoch 2 | loss: 0.02007 - accuracy: 0.99523
Validating epoch 2 | loss: 0.79111 - accuracy: 0.82913
Training epoch 3 | loss: 0.01002 - accuracy: 0.99798
Validating epoch 3 | loss: 0.78591 - accuracy: 0.84174
Model is Bert, dataset is sst, undersample is True, aug mode is None, geo is None, pct_usage is None, small_label is 1, small_prop is 0.2, balance_seed is 12, lr is 2e-05, max_epochs is 4, split_num is 0
Training epoch 0 | loss: 0.33343 - accuracy: 0.83266
Validating epoch 0 | loss: 0.44067 - accuracy: 0.86239
Training epoch 1 | loss: 0.0171 - accuracy: 0.99581
Validating epoch 1 | loss: 0.61516 - accuracy: 0.87041
Training epoch 2 | loss: 0.00575 - accuracy: 0.9987
Validating epoch 2 | loss: 0.67226 - accuracy: 0.86697
Training epoch 3 | loss: 0.00169 - accuracy: 0.99971
Validating epoch 3 | loss: 0.69446 - accuracy: 0.86124
Model is Bert, dataset is sst, undersample is None, aug mode is trans, geo is 0.1, pct_usage is None, small_label is 1, small_prop is 0.2, balance_seed is 12, lr is 2e-05, max_epochs is 4, split_num is 0
Training epoch 0 | loss: 0.41842 - accuracy: 0.79899
Validating epoch 0 | loss: 0.3829 - accuracy: 0.83945
Training epoch 1 | loss: 0.14873 - accuracy: 0.94494
Validating epoch 1 | loss: 0.37657 - accuracy: 0.87729
Training epoch 2 | loss: 0.08207 - accuracy: 0.97471
Validating epoch 2 | loss: 0.42986 - accuracy: 0.87844
Training epoch 3 | loss: 0.05123 - accuracy: 0.98454
Validating epoch 3 | loss: 0.44955 - accuracy: 0.88417
Model is Bert, dataset is sst, undersample is None, aug mode is trans, geo is 0.3, pct_usage is None, small_label is 1, small_prop is 0.2, balance_seed is 12, lr is 2e-05, max_epochs is 4, split_num is 0
Training epoch 0 | loss: 0.44244 - accuracy: 0.77283
Validating epoch 0 | loss: 0.35378 - accuracy: 0.86353
Training epoch 1 | loss: 0.18324 - accuracy: 0.93251
Validating epoch 1 | loss: 0.33639 - accuracy: 0.875
Training epoch 2 | loss: 0.10022 - accuracy: 0.96373
Validating epoch 2 | loss: 0.45569 - accuracy: 0.86468
Training epoch 3 | loss: 0.05102 - accuracy: 0.98483
Validating epoch 3 | loss: 0.48321 - accuracy: 0.86927
Model is Bert, dataset is sst, undersample is None, aug mode is trans, geo is 0.5, pct_usage is None, small_label is 1, small_prop is 0.2, balance_seed is 12, lr is 2e-05, max_epochs is 4, split_num is 0
Training epoch 0 | loss: 0.39828 - accuracy: 0.80882
Validating epoch 0 | loss: 0.373 - accuracy: 0.8578
Training epoch 1 | loss: 0.14386 - accuracy: 0.94769
Validating epoch 1 | loss: 0.41947 - accuracy: 0.8555
Training epoch 2 | loss: 0.06668 - accuracy: 0.97775
Validating epoch 2 | loss: 0.43833 - accuracy: 0.88188
Training epoch 3 | loss: 0.04092 - accuracy: 0.98858
Validating epoch 3 | loss: 0.44858 - accuracy: 0.88532
Model is Bert, dataset is sst, undersample is None, aug mode is trans, geo is 0.7, pct_usage is None, small_label is 1, small_prop is 0.2, balance_seed is 12, lr is 2e-05, max_epochs is 4, split_num is 0
Training epoch 0 | loss: 0.42043 - accuracy: 0.79682
Validating epoch 0 | loss: 0.36536 - accuracy: 0.86927
Training epoch 1 | loss: 0.12833 - accuracy: 0.95679
Validating epoch 1 | loss: 0.40254 - accuracy: 0.87615
Training epoch 2 | loss: 0.06292 - accuracy: 0.98107
Validating epoch 2 | loss: 0.46473 - accuracy: 0.87844
Training epoch 3 | loss: 0.04613 - accuracy: 0.98772
Validating epoch 3 | loss: 0.45399 - accuracy: 0.87959
Model is Bert, dataset is sst, undersample is None, aug mode is trans, geo is 0.9, pct_usage is None, small_label is 1, small_prop is 0.2, balance_seed is 12, lr is 2e-05, max_epochs is 4, split_num is 0
Training epoch 0 | loss: 0.38067 - accuracy: 0.80592
Validating epoch 0 | loss: 0.47612 - accuracy: 0.82225
Training epoch 1 | loss: 0.09273 - accuracy: 0.97052
Validating epoch 1 | loss: 0.64031 - accuracy: 0.82913
Training epoch 2 | loss: 0.04795 - accuracy: 0.9854
Validating epoch 2 | loss: 0.49367 - accuracy: 0.87156
Training epoch 3 | loss: 0.03064 - accuracy: 0.99249
Validating epoch 3 | loss: 0.54153 - accuracy: 0.86468
Model is Bert, dataset is sst, undersample is False, aug mode is None, geo is None, pct_usage is None, small_label is 0, small_prop is 0.4, balance_seed is 12, lr is 2e-05, max_epochs is 4, split_num is 0
Training epoch 0 | loss: 0.42542 - accuracy: 0.78714
Validating epoch 0 | loss: 0.35855 - accuracy: 0.875
Training epoch 1 | loss: 0.1308 - accuracy: 0.95491
Validating epoch 1 | loss: 0.47287 - accuracy: 0.86124
Training epoch 2 | loss: 0.03756 - accuracy: 0.98916
Validating epoch 2 | loss: 0.63819 - accuracy: 0.85321
Training epoch 3 | loss: 0.01406 - accuracy: 0.99697
Validating epoch 3 | loss: 0.6536 - accuracy: 0.86239
Model is Bert, dataset is sst, undersample is True, aug mode is None, geo is None, pct_usage is None, small_label is 0, small_prop is 0.4, balance_seed is 12, lr is 2e-05, max_epochs is 4, split_num is 0
Training epoch 0 | loss: 0.38649 - accuracy: 0.80318
Validating epoch 0 | loss: 0.38374 - accuracy: 0.87041
Training epoch 1 | loss: 0.06725 - accuracy: 0.97934
Validating epoch 1 | loss: 0.54598 - accuracy: 0.86124
Training epoch 2 | loss: 0.01399 - accuracy: 0.9961
Validating epoch 2 | loss: 0.57578 - accuracy: 0.87615
Training epoch 3 | loss: 0.00298 - accuracy: 0.99942
Validating epoch 3 | loss: 0.63504 - accuracy: 0.87729
Model is Bert, dataset is sst, undersample is None, aug mode is trans, geo is 0.1, pct_usage is None, small_label is 0, small_prop is 0.4, balance_seed is 12, lr is 2e-05, max_epochs is 4, split_num is 0
Training epoch 0 | loss: 0.43749 - accuracy: 0.78454
Validating epoch 0 | loss: 0.378 - accuracy: 0.8383
Training epoch 1 | loss: 0.21537 - accuracy: 0.91922
Validating epoch 1 | loss: 0.39837 - accuracy: 0.84518
Training epoch 2 | loss: 0.12157 - accuracy: 0.95867
Validating epoch 2 | loss: 0.43636 - accuracy: 0.86239
Training epoch 3 | loss: 0.08698 - accuracy: 0.97153
Validating epoch 3 | loss: 0.47785 - accuracy: 0.86353
Model is Bert, dataset is sst, undersample is None, aug mode is trans, geo is 0.3, pct_usage is None, small_label is 0, small_prop is 0.4, balance_seed is 12, lr is 2e-05, max_epochs is 4, split_num is 0
Training epoch 0 | loss: 0.45574 - accuracy: 0.77341
Validating epoch 0 | loss: 0.3324 - accuracy: 0.85894
Training epoch 1 | loss: 0.22285 - accuracy: 0.91662
Validating epoch 1 | loss: 0.37758 - accuracy: 0.8578
Training epoch 2 | loss: 0.1301 - accuracy: 0.95665
Validating epoch 2 | loss: 0.43423 - accuracy: 0.86124
Training epoch 3 | loss: 0.10146 - accuracy: 0.96821
Validating epoch 3 | loss: 0.43602 - accuracy: 0.86468
Model is Bert, dataset is sst, undersample is None, aug mode is trans, geo is 0.5, pct_usage is None, small_label is 0, small_prop is 0.4, balance_seed is 12, lr is 2e-05, max_epochs is 4, split_num is 0
Training epoch 0 | loss: 0.45332 - accuracy: 0.77139
Validating epoch 0 | loss: 0.33462 - accuracy: 0.86697
Training epoch 1 | loss: 0.21639 - accuracy: 0.9211
Validating epoch 1 | loss: 0.34851 - accuracy: 0.87156
Training epoch 2 | loss: 0.12547 - accuracy: 0.95824
Validating epoch 2 | loss: 0.42281 - accuracy: 0.86239
Training epoch 3 | loss: 0.08377 - accuracy: 0.97457
Validating epoch 3 | loss: 0.48134 - accuracy: 0.86239
Model is Bert, dataset is sst, undersample is None, aug mode is trans, geo is 0.7, pct_usage is None, small_label is 0, small_prop is 0.4, balance_seed is 12, lr is 2e-05, max_epochs is 4, split_num is 0
Training epoch 0 | loss: 0.44193 - accuracy: 0.77977
Validating epoch 0 | loss: 0.33684 - accuracy: 0.86124
Training epoch 1 | loss: 0.18777 - accuracy: 0.93309
Validating epoch 1 | loss: 0.43755 - accuracy: 0.85321
Training epoch 2 | loss: 0.10032 - accuracy: 0.96821
Validating epoch 2 | loss: 0.41884 - accuracy: 0.87844
Training epoch 3 | loss: 0.06866 - accuracy: 0.97977
Validating epoch 3 | loss: 0.45109 - accuracy: 0.86927
Model is Bert, dataset is sst, undersample is None, aug mode is trans, geo is 0.9, pct_usage is None, small_label is 0, small_prop is 0.4, balance_seed is 12, lr is 2e-05, max_epochs is 4, split_num is 0
Training epoch 0 | loss: 0.44863 - accuracy: 0.77948
Validating epoch 0 | loss: 0.37292 - accuracy: 0.84977
Training epoch 1 | loss: 0.18425 - accuracy: 0.9341
Validating epoch 1 | loss: 0.50523 - accuracy: 0.83716
Training epoch 2 | loss: 0.0802 - accuracy: 0.97471
Validating epoch 2 | loss: 0.53823 - accuracy: 0.84518
Training epoch 3 | loss: 0.05443 - accuracy: 0.98468
Validating epoch 3 | loss: 0.52071 - accuracy: 0.85665
Model is Bert, dataset is sst, undersample is False, aug mode is None, geo is None, pct_usage is None, small_label is 1, small_prop is 0.4, balance_seed is 12, lr is 2e-05, max_epochs is 4, split_num is 0
Training epoch 0 | loss: 0.44152 - accuracy: 0.77977
Validating epoch 0 | loss: 0.31835 - accuracy: 0.87959
Training epoch 1 | loss: 0.15028 - accuracy: 0.95014
Validating epoch 1 | loss: 0.37388 - accuracy: 0.88188
Training epoch 2 | loss: 0.05184 - accuracy: 0.98555
Validating epoch 2 | loss: 0.48838 - accuracy: 0.87156
Training epoch 3 | loss: 0.02852 - accuracy: 0.99335
Validating epoch 3 | loss: 0.4864 - accuracy: 0.87729
Model is Bert, dataset is sst, undersample is True, aug mode is None, geo is None, pct_usage is None, small_label is 1, small_prop is 0.4, balance_seed is 12, lr is 2e-05, max_epochs is 4, split_num is 0
Training epoch 0 | loss: 0.45102 - accuracy: 0.75954
Validating epoch 0 | loss: 0.42338 - accuracy: 0.84404
Training epoch 1 | loss: 0.10316 - accuracy: 0.96734
Validating epoch 1 | loss: 0.43124 - accuracy: 0.87959
Training epoch 2 | loss: 0.02017 - accuracy: 0.9961
Validating epoch 2 | loss: 0.54711 - accuracy: 0.86812
Training epoch 3 | loss: 0.0095 - accuracy: 0.99812
Validating epoch 3 | loss: 0.58215 - accuracy: 0.87156
Model is Bert, dataset is sst, undersample is None, aug mode is trans, geo is 0.1, pct_usage is None, small_label is 1, small_prop is 0.4, balance_seed is 12, lr is 2e-05, max_epochs is 4, split_num is 0
Training epoch 0 | loss: 0.43312 - accuracy: 0.78801
Validating epoch 0 | loss: 0.37916 - accuracy: 0.82913
Training epoch 1 | loss: 0.2198 - accuracy: 0.91272
Validating epoch 1 | loss: 0.33174 - accuracy: 0.87615
Training epoch 2 | loss: 0.12999 - accuracy: 0.9552
Validating epoch 2 | loss: 0.36671 - accuracy: 0.88303
Training epoch 3 | loss: 0.07952 - accuracy: 0.9737
Validating epoch 3 | loss: 0.41212 - accuracy: 0.86927
Model is Bert, dataset is sst, undersample is None, aug mode is trans, geo is 0.3, pct_usage is None, small_label is 1, small_prop is 0.4, balance_seed is 12, lr is 2e-05, max_epochs is 4, split_num is 0
Training epoch 0 | loss: 0.45331 - accuracy: 0.77529
Validating epoch 0 | loss: 0.34054 - accuracy: 0.8555
Training epoch 1 | loss: 0.21616 - accuracy: 0.91734
Validating epoch 1 | loss: 0.35493 - accuracy: 0.86583
Training epoch 2 | loss: 0.11716 - accuracy: 0.95853
Validating epoch 2 | loss: 0.39471 - accuracy: 0.875
Training epoch 3 | loss: 0.07291 - accuracy: 0.97789
Validating epoch 3 | loss: 0.4223 - accuracy: 0.87041
Model is Bert, dataset is sst, undersample is None, aug mode is trans, geo is 0.5, pct_usage is None, small_label is 1, small_prop is 0.4, balance_seed is 12, lr is 2e-05, max_epochs is 4, split_num is 0
Training epoch 0 | loss: 0.43145 - accuracy: 0.78584
Validating epoch 0 | loss: 0.33968 - accuracy: 0.86124
Training epoch 1 | loss: 0.19824 - accuracy: 0.92384
Validating epoch 1 | loss: 0.37378 - accuracy: 0.87156
Training epoch 2 | loss: 0.11026 - accuracy: 0.96243
Validating epoch 2 | loss: 0.40424 - accuracy: 0.87729
Training epoch 3 | loss: 0.06977 - accuracy: 0.97905
Validating epoch 3 | loss: 0.42679 - accuracy: 0.87041
Model is Bert, dataset is sst, undersample is None, aug mode is trans, geo is 0.7, pct_usage is None, small_label is 1, small_prop is 0.4, balance_seed is 12, lr is 2e-05, max_epochs is 4, split_num is 0
Training epoch 0 | loss: 0.43141 - accuracy: 0.7802
Validating epoch 0 | loss: 0.33052 - accuracy: 0.87271
Training epoch 1 | loss: 0.16624 - accuracy: 0.94176
Validating epoch 1 | loss: 0.33925 - accuracy: 0.87385
Training epoch 2 | loss: 0.09207 - accuracy: 0.97023
Validating epoch 2 | loss: 0.40898 - accuracy: 0.86697
Training epoch 3 | loss: 0.0563 - accuracy: 0.98309
Validating epoch 3 | loss: 0.44703 - accuracy: 0.86812
Model is Bert, dataset is sst, undersample is None, aug mode is trans, geo is 0.9, pct_usage is None, small_label is 1, small_prop is 0.4, balance_seed is 12, lr is 2e-05, max_epochs is 4, split_num is 0
Training epoch 0 | loss: 0.45537 - accuracy: 0.76705
Validating epoch 0 | loss: 0.34137 - accuracy: 0.86239
Training epoch 1 | loss: 0.17941 - accuracy: 0.93627
Validating epoch 1 | loss: 0.37476 - accuracy: 0.86812
Training epoch 2 | loss: 0.08304 - accuracy: 0.97572
Validating epoch 2 | loss: 0.44666 - accuracy: 0.86812
Training epoch 3 | loss: 0.05416 - accuracy: 0.98468
Validating epoch 3 | loss: 0.45589 - accuracy: 0.86927
Model is Bert, dataset is sst, undersample is False, aug mode is None, geo is None, pct_usage is None, small_label is 0, small_prop is 0.6, balance_seed is 12, lr is 2e-05, max_epochs is 4, split_num is 0
Training epoch 0 | loss: 0.4432 - accuracy: 0.76951
Validating epoch 0 | loss: 0.31699 - accuracy: 0.87156
Training epoch 1 | loss: 0.1749 - accuracy: 0.93714
Validating epoch 1 | loss: 0.45078 - accuracy: 0.86009
Training epoch 2 | loss: 0.06898 - accuracy: 0.97934
Validating epoch 2 | loss: 0.51722 - accuracy: 0.86124
Training epoch 3 | loss: 0.036 - accuracy: 0.99162
Validating epoch 3 | loss: 0.58177 - accuracy: 0.8578
Model is Bert, dataset is sst, undersample is True, aug mode is None, geo is None, pct_usage is None, small_label is 0, small_prop is 0.6, balance_seed is 12, lr is 2e-05, max_epochs is 4, split_num is 0
Training epoch 0 | loss: 0.43255 - accuracy: 0.77558
Validating epoch 0 | loss: 0.31604 - accuracy: 0.87385
Training epoch 1 | loss: 0.1241 - accuracy: 0.95737
Validating epoch 1 | loss: 0.40704 - accuracy: 0.87156
Training epoch 2 | loss: 0.02939 - accuracy: 0.99234
Validating epoch 2 | loss: 0.60192 - accuracy: 0.86353
Training epoch 3 | loss: 0.01041 - accuracy: 0.99798
Validating epoch 3 | loss: 0.54885 - accuracy: 0.875
Model is Bert, dataset is sst, undersample is None, aug mode is trans, geo is 0.1, pct_usage is None, small_label is 0, small_prop is 0.6, balance_seed is 12, lr is 2e-05, max_epochs is 4, split_num is 0
Training epoch 0 | loss: 0.45445 - accuracy: 0.76922
Validating epoch 0 | loss: 0.40569 - accuracy: 0.84404
Training epoch 1 | loss: 0.25056 - accuracy: 0.90448
Validating epoch 1 | loss: 0.40768 - accuracy: 0.85206
Training epoch 2 | loss: 0.14706 - accuracy: 0.94754
Validating epoch 2 | loss: 0.41952 - accuracy: 0.86353
Training epoch 3 | loss: 0.11758 - accuracy: 0.96113
Validating epoch 3 | loss: 0.44713 - accuracy: 0.86009
Model is Bert, dataset is sst, undersample is None, aug mode is trans, geo is 0.3, pct_usage is None, small_label is 0, small_prop is 0.6, balance_seed is 12, lr is 2e-05, max_epochs is 4, split_num is 0
Training epoch 0 | loss: 0.45643 - accuracy: 0.76835
Validating epoch 0 | loss: 0.35857 - accuracy: 0.8383
Training epoch 1 | loss: 0.23711 - accuracy: 0.90723
Validating epoch 1 | loss: 0.3483 - accuracy: 0.86239
Training epoch 2 | loss: 0.14149 - accuracy: 0.95029
Validating epoch 2 | loss: 0.36679 - accuracy: 0.86812
Training epoch 3 | loss: 0.0982 - accuracy: 0.96445
Validating epoch 3 | loss: 0.40342 - accuracy: 0.87385
Model is Bert, dataset is sst, undersample is None, aug mode is trans, geo is 0.5, pct_usage is None, small_label is 0, small_prop is 0.6, balance_seed is 12, lr is 2e-05, max_epochs is 4, split_num is 0
Training epoch 0 | loss: 0.44461 - accuracy: 0.78338
Validating epoch 0 | loss: 0.33633 - accuracy: 0.86124
Training epoch 1 | loss: 0.24156 - accuracy: 0.90621
Validating epoch 1 | loss: 0.33652 - accuracy: 0.86353
Training epoch 2 | loss: 0.1405 - accuracy: 0.95058
Validating epoch 2 | loss: 0.40383 - accuracy: 0.86697
Training epoch 3 | loss: 0.09136 - accuracy: 0.97168
Validating epoch 3 | loss: 0.44151 - accuracy: 0.87385
Model is Bert, dataset is sst, undersample is None, aug mode is trans, geo is 0.7, pct_usage is None, small_label is 0, small_prop is 0.6, balance_seed is 12, lr is 2e-05, max_epochs is 4, split_num is 0
Training epoch 0 | loss: 0.45355 - accuracy: 0.78092
Validating epoch 0 | loss: 0.3824 - accuracy: 0.84748
Training epoch 1 | loss: 0.22193 - accuracy: 0.9172
Validating epoch 1 | loss: 0.35575 - accuracy: 0.87156
Training epoch 2 | loss: 0.1262 - accuracy: 0.95853
Validating epoch 2 | loss: 0.43417 - accuracy: 0.86927
Training epoch 3 | loss: 0.08377 - accuracy: 0.97457
Validating epoch 3 | loss: 0.44508 - accuracy: 0.86583
Model is Bert, dataset is sst, undersample is None, aug mode is trans, geo is 0.9, pct_usage is None, small_label is 0, small_prop is 0.6, balance_seed is 12, lr is 2e-05, max_epochs is 4, split_num is 0
Training epoch 0 | loss: 0.44549 - accuracy: 0.78208
Validating epoch 0 | loss: 0.31852 - accuracy: 0.86468
Training epoch 1 | loss: 0.1916 - accuracy: 0.92731
Validating epoch 1 | loss: 0.35333 - accuracy: 0.86812
Training epoch 2 | loss: 0.08323 - accuracy: 0.97543
Validating epoch 2 | loss: 0.43312 - accuracy: 0.86468
Training epoch 3 | loss: 0.05489 - accuracy: 0.98353
Validating epoch 3 | loss: 0.45254 - accuracy: 0.86468
Model is Bert, dataset is sst, undersample is False, aug mode is None, geo is None, pct_usage is None, small_label is 1, small_prop is 0.6, balance_seed is 12, lr is 2e-05, max_epochs is 4, split_num is 0
Training epoch 0 | loss: 0.41582 - accuracy: 0.79769
Validating epoch 0 | loss: 0.32194 - accuracy: 0.87959
Training epoch 1 | loss: 0.16394 - accuracy: 0.94191
Validating epoch 1 | loss: 0.31551 - accuracy: 0.8945
Training epoch 2 | loss: 0.06035 - accuracy: 0.98165
Validating epoch 2 | loss: 0.43181 - accuracy: 0.88991
Training epoch 3 | loss: 0.02721 - accuracy: 0.99249
Validating epoch 3 | loss: 0.45072 - accuracy: 0.88647
Model is Bert, dataset is sst, undersample is True, aug mode is None, geo is None, pct_usage is None, small_label is 1, small_prop is 0.6, balance_seed is 12, lr is 2e-05, max_epochs is 4, split_num is 0
Training epoch 0 | loss: 0.43388 - accuracy: 0.78179
Validating epoch 0 | loss: 0.34845 - accuracy: 0.87271
Training epoch 1 | loss: 0.14412 - accuracy: 0.95058
Validating epoch 1 | loss: 0.39615 - accuracy: 0.875
Training epoch 2 | loss: 0.04734 - accuracy: 0.98844
Validating epoch 2 | loss: 0.50113 - accuracy: 0.87385
Training epoch 3 | loss: 0.02843 - accuracy: 0.99321
Validating epoch 3 | loss: 0.50453 - accuracy: 0.87959
Model is Bert, dataset is sst, undersample is None, aug mode is trans, geo is 0.1, pct_usage is None, small_label is 1, small_prop is 0.6, balance_seed is 12, lr is 2e-05, max_epochs is 4, split_num is 0
Training epoch 0 | loss: 0.43522 - accuracy: 0.78382
Validating epoch 0 | loss: 0.3774 - accuracy: 0.83945
Training epoch 1 | loss: 0.20731 - accuracy: 0.92081
Validating epoch 1 | loss: 0.38248 - accuracy: 0.86009
Training epoch 2 | loss: 0.13049 - accuracy: 0.95607
Validating epoch 2 | loss: 0.37966 - accuracy: 0.86583
Training epoch 3 | loss: 0.08312 - accuracy: 0.9724
Validating epoch 3 | loss: 0.42442 - accuracy: 0.87156
Model is Bert, dataset is sst, undersample is None, aug mode is trans, geo is 0.3, pct_usage is None, small_label is 1, small_prop is 0.6, balance_seed is 12, lr is 2e-05, max_epochs is 4, split_num is 0
Training epoch 0 | loss: 0.44535 - accuracy: 0.77818
Validating epoch 0 | loss: 0.3196 - accuracy: 0.87271
Training epoch 1 | loss: 0.21393 - accuracy: 0.92124
Validating epoch 1 | loss: 0.31235 - accuracy: 0.88417
Training epoch 2 | loss: 0.12573 - accuracy: 0.95925
Validating epoch 2 | loss: 0.36527 - accuracy: 0.87844
Training epoch 3 | loss: 0.08675 - accuracy: 0.97254
Validating epoch 3 | loss: 0.3951 - accuracy: 0.87385
Model is Bert, dataset is sst, undersample is None, aug mode is trans, geo is 0.5, pct_usage is None, small_label is 1, small_prop is 0.6, balance_seed is 12, lr is 2e-05, max_epochs is 4, split_num is 0
Training epoch 0 | loss: 0.45677 - accuracy: 0.78121
Validating epoch 0 | loss: 0.36558 - accuracy: 0.8578
Training epoch 1 | loss: 0.23785 - accuracy: 0.9091
Validating epoch 1 | loss: 0.32791 - accuracy: 0.87729
Training epoch 2 | loss: 0.13758 - accuracy: 0.95289
Validating epoch 2 | loss: 0.37294 - accuracy: 0.87156
Training epoch 3 | loss: 0.09741 - accuracy: 0.96879
Validating epoch 3 | loss: 0.42199 - accuracy: 0.87271
Model is Bert, dataset is sst, undersample is None, aug mode is trans, geo is 0.7, pct_usage is None, small_label is 1, small_prop is 0.6, balance_seed is 12, lr is 2e-05, max_epochs is 4, split_num is 0
Training epoch 0 | loss: 0.45651 - accuracy: 0.77399
Validating epoch 0 | loss: 0.32975 - accuracy: 0.87041
Training epoch 1 | loss: 0.21951 - accuracy: 0.91488
Validating epoch 1 | loss: 0.34641 - accuracy: 0.87271
Training epoch 2 | loss: 0.12337 - accuracy: 0.95665
Validating epoch 2 | loss: 0.3592 - accuracy: 0.87615
Training epoch 3 | loss: 0.07397 - accuracy: 0.97645
Validating epoch 3 | loss: 0.42538 - accuracy: 0.87385
Model is Bert, dataset is sst, undersample is None, aug mode is trans, geo is 0.9, pct_usage is None, small_label is 1, small_prop is 0.6, balance_seed is 12, lr is 2e-05, max_epochs is 4, split_num is 0
Training epoch 0 | loss: 0.45082 - accuracy: 0.77702
Validating epoch 0 | loss: 0.31899 - accuracy: 0.86583
Training epoch 1 | loss: 0.2056 - accuracy: 0.925
Validating epoch 1 | loss: 0.33015 - accuracy: 0.88647
Training epoch 2 | loss: 0.09253 - accuracy: 0.97038
Validating epoch 2 | loss: 0.39482 - accuracy: 0.875
Training epoch 3 | loss: 0.0566 - accuracy: 0.98584
Validating epoch 3 | loss: 0.4326 - accuracy: 0.88417
Model is Bert, dataset is sst, undersample is False, aug mode is None, geo is None, pct_usage is None, small_label is 0, small_prop is 0.8, balance_seed is 12, lr is 2e-05, max_epochs is 4, split_num is 0
Training epoch 0 | loss: 0.4504 - accuracy: 0.76908
Validating epoch 0 | loss: 0.31469 - accuracy: 0.88073
Training epoch 1 | loss: 0.1848 - accuracy: 0.9302
Validating epoch 1 | loss: 0.36912 - accuracy: 0.87959
Training epoch 2 | loss: 0.0758 - accuracy: 0.97399
Validating epoch 2 | loss: 0.44581 - accuracy: 0.88073
Training epoch 3 | loss: 0.03446 - accuracy: 0.98988
Validating epoch 3 | loss: 0.49506 - accuracy: 0.88188
Model is Bert, dataset is sst, undersample is True, aug mode is None, geo is None, pct_usage is None, small_label is 0, small_prop is 0.8, balance_seed is 12, lr is 2e-05, max_epochs is 4, split_num is 0
Training epoch 0 | loss: 0.43649 - accuracy: 0.78584
Validating epoch 0 | loss: 0.36794 - accuracy: 0.85092
Training epoch 1 | loss: 0.18503 - accuracy: 0.93512
Validating epoch 1 | loss: 0.34198 - accuracy: 0.87844
Training epoch 2 | loss: 0.0833 - accuracy: 0.97486
Validating epoch 2 | loss: 0.40949 - accuracy: 0.88417
Training epoch 3 | loss: 0.04122 - accuracy: 0.98974
Validating epoch 3 | loss: 0.46482 - accuracy: 0.87729
Model is Bert, dataset is sst, undersample is None, aug mode is trans, geo is 0.1, pct_usage is None, small_label is 0, small_prop is 0.8, balance_seed is 12, lr is 2e-05, max_epochs is 4, split_num is 0
Training epoch 0 | loss: 0.45783 - accuracy: 0.77587
Validating epoch 0 | loss: 0.38001 - accuracy: 0.8406
Training epoch 1 | loss: 0.22682 - accuracy: 0.91142
Validating epoch 1 | loss: 0.39544 - accuracy: 0.84174
Training epoch 2 | loss: 0.15011 - accuracy: 0.94509
Validating epoch 2 | loss: 0.39065 - accuracy: 0.84977
Training epoch 3 | loss: 0.10226 - accuracy: 0.96517
Validating epoch 3 | loss: 0.45195 - accuracy: 0.86239
Model is Bert, dataset is sst, undersample is None, aug mode is trans, geo is 0.3, pct_usage is None, small_label is 0, small_prop is 0.8, balance_seed is 12, lr is 2e-05, max_epochs is 4, split_num is 0
Training epoch 0 | loss: 0.45479 - accuracy: 0.77269
Validating epoch 0 | loss: 0.35967 - accuracy: 0.84748
Training epoch 1 | loss: 0.24092 - accuracy: 0.90607
Validating epoch 1 | loss: 0.3572 - accuracy: 0.86583
Training epoch 2 | loss: 0.14972 - accuracy: 0.94812
Validating epoch 2 | loss: 0.43068 - accuracy: 0.85894
Training epoch 3 | loss: 0.10203 - accuracy: 0.9685
Validating epoch 3 | loss: 0.44789 - accuracy: 0.87041
Model is Bert, dataset is sst, undersample is None, aug mode is trans, geo is 0.5, pct_usage is None, small_label is 0, small_prop is 0.8, balance_seed is 12, lr is 2e-05, max_epochs is 4, split_num is 0
Training epoch 0 | loss: 0.47511 - accuracy: 0.75014
Validating epoch 0 | loss: 0.33594 - accuracy: 0.86583
Training epoch 1 | loss: 0.2289 - accuracy: 0.91127
Validating epoch 1 | loss: 0.34986 - accuracy: 0.86468
Training epoch 2 | loss: 0.1375 - accuracy: 0.94841
Validating epoch 2 | loss: 0.39004 - accuracy: 0.86583
Training epoch 3 | loss: 0.09326 - accuracy: 0.96908
Validating epoch 3 | loss: 0.42533 - accuracy: 0.87271
Model is Bert, dataset is sst, undersample is None, aug mode is trans, geo is 0.7, pct_usage is None, small_label is 0, small_prop is 0.8, balance_seed is 12, lr is 2e-05, max_epochs is 4, split_num is 0
Training epoch 0 | loss: 0.45193 - accuracy: 0.77803
Validating epoch 0 | loss: 0.3147 - accuracy: 0.875
Training epoch 1 | loss: 0.23036 - accuracy: 0.91113
Validating epoch 1 | loss: 0.3245 - accuracy: 0.87041
Training epoch 2 | loss: 0.1342 - accuracy: 0.95217
Validating epoch 2 | loss: 0.36794 - accuracy: 0.87156
Training epoch 3 | loss: 0.0835 - accuracy: 0.97529
Validating epoch 3 | loss: 0.43194 - accuracy: 0.875
Model is Bert, dataset is sst, undersample is None, aug mode is trans, geo is 0.9, pct_usage is None, small_label is 0, small_prop is 0.8, balance_seed is 12, lr is 2e-05, max_epochs is 4, split_num is 0
Training epoch 0 | loss: 0.44184 - accuracy: 0.77775
Validating epoch 0 | loss: 0.32648 - accuracy: 0.86468
Training epoch 1 | loss: 0.19781 - accuracy: 0.92572
Validating epoch 1 | loss: 0.31235 - accuracy: 0.875
Training epoch 2 | loss: 0.10358 - accuracy: 0.96532
Validating epoch 2 | loss: 0.38115 - accuracy: 0.87385
Training epoch 3 | loss: 0.05519 - accuracy: 0.98468
Validating epoch 3 | loss: 0.44604 - accuracy: 0.86583
Model is Bert, dataset is sst, undersample is False, aug mode is None, geo is None, pct_usage is None, small_label is 1, small_prop is 0.8, balance_seed is 12, lr is 2e-05, max_epochs is 4, split_num is 0
Training epoch 0 | loss: 0.45183 - accuracy: 0.77442
Validating epoch 0 | loss: 0.35174 - accuracy: 0.86124
Training epoch 1 | loss: 0.19619 - accuracy: 0.92905
Validating epoch 1 | loss: 0.33228 - accuracy: 0.88991
Training epoch 2 | loss: 0.09714 - accuracy: 0.97052
Validating epoch 2 | loss: 0.37657 - accuracy: 0.88303
Training epoch 3 | loss: 0.05429 - accuracy: 0.98598
Validating epoch 3 | loss: 0.44529 - accuracy: 0.87844
Model is Bert, dataset is sst, undersample is True, aug mode is None, geo is None, pct_usage is None, small_label is 1, small_prop is 0.8, balance_seed is 12, lr is 2e-05, max_epochs is 4, split_num is 0
Training epoch 0 | loss: 0.43083 - accuracy: 0.79032
Validating epoch 0 | loss: 0.33218 - accuracy: 0.87156
Training epoch 1 | loss: 0.17357 - accuracy: 0.94017
Validating epoch 1 | loss: 0.34764 - accuracy: 0.88417
Training epoch 2 | loss: 0.06452 - accuracy: 0.98006
Validating epoch 2 | loss: 0.44443 - accuracy: 0.875
Training epoch 3 | loss: 0.03659 - accuracy: 0.99061
Validating epoch 3 | loss: 0.48074 - accuracy: 0.875
Model is Bert, dataset is sst, undersample is None, aug mode is trans, geo is 0.1, pct_usage is None, small_label is 1, small_prop is 0.8, balance_seed is 12, lr is 2e-05, max_epochs is 4, split_num is 0
Training epoch 0 | loss: 0.40916 - accuracy: 0.80347
Validating epoch 0 | loss: 0.36094 - accuracy: 0.85206
Training epoch 1 | loss: 0.20328 - accuracy: 0.92124
Validating epoch 1 | loss: 0.36281 - accuracy: 0.86124
Training epoch 2 | loss: 0.12756 - accuracy: 0.9552
Validating epoch 2 | loss: 0.43054 - accuracy: 0.86468
Training epoch 3 | loss: 0.07811 - accuracy: 0.97399
Validating epoch 3 | loss: 0.4659 - accuracy: 0.86697
Model is Bert, dataset is sst, undersample is None, aug mode is trans, geo is 0.3, pct_usage is None, small_label is 1, small_prop is 0.8, balance_seed is 12, lr is 2e-05, max_epochs is 4, split_num is 0
Training epoch 0 | loss: 0.44687 - accuracy: 0.77211
Validating epoch 0 | loss: 0.33184 - accuracy: 0.86927
Training epoch 1 | loss: 0.22499 - accuracy: 0.91315
Validating epoch 1 | loss: 0.31395 - accuracy: 0.88417
Training epoch 2 | loss: 0.14142 - accuracy: 0.95029
Validating epoch 2 | loss: 0.35541 - accuracy: 0.87959
Training epoch 3 | loss: 0.10144 - accuracy: 0.96633
Validating epoch 3 | loss: 0.43863 - accuracy: 0.86927
Model is Bert, dataset is sst, undersample is None, aug mode is trans, geo is 0.5, pct_usage is None, small_label is 1, small_prop is 0.8, balance_seed is 12, lr is 2e-05, max_epochs is 4, split_num is 0
Training epoch 0 | loss: 0.4693 - accuracy: 0.75867
Validating epoch 0 | loss: 0.33466 - accuracy: 0.87041
Training epoch 1 | loss: 0.24926 - accuracy: 0.90159
Validating epoch 1 | loss: 0.32584 - accuracy: 0.87615
Training epoch 2 | loss: 0.15061 - accuracy: 0.94379
Validating epoch 2 | loss: 0.41756 - accuracy: 0.87271
Training epoch 3 | loss: 0.10604 - accuracy: 0.96474
Validating epoch 3 | loss: 0.40853 - accuracy: 0.88073
Model is Bert, dataset is sst, undersample is None, aug mode is trans, geo is 0.7, pct_usage is None, small_label is 1, small_prop is 0.8, balance_seed is 12, lr is 2e-05, max_epochs is 4, split_num is 0
Training epoch 0 | loss: 0.45357 - accuracy: 0.7711
Validating epoch 0 | loss: 0.31276 - accuracy: 0.88417
Training epoch 1 | loss: 0.22018 - accuracy: 0.9172
Validating epoch 1 | loss: 0.33722 - accuracy: 0.88188
Training epoch 2 | loss: 0.1338 - accuracy: 0.95188
Validating epoch 2 | loss: 0.37563 - accuracy: 0.875
Training epoch 3 | loss: 0.08412 - accuracy: 0.97572
Validating epoch 3 | loss: 0.40762 - accuracy: 0.87959
Model is Bert, dataset is sst, undersample is None, aug mode is trans, geo is 0.9, pct_usage is None, small_label is 1, small_prop is 0.8, balance_seed is 12, lr is 2e-05, max_epochs is 4, split_num is 0
Training epoch 0 | loss: 0.44999 - accuracy: 0.76777
Validating epoch 0 | loss: 0.30896 - accuracy: 0.87156
Training epoch 1 | loss: 0.20009 - accuracy: 0.92876
Validating epoch 1 | loss: 0.32665 - accuracy: 0.88532
Training epoch 2 | loss: 0.10244 - accuracy: 0.96546
Validating epoch 2 | loss: 0.35778 - accuracy: 0.88876
Training epoch 3 | loss: 0.05625 - accuracy: 0.98454
Validating epoch 3 | loss: 0.43448 - accuracy: 0.88532
