Model is Bert, dataset is sst, undersample is False, aug mode is None, geo is None, pct_usage is None, small_label is 0, small_prop is 0.2, balance_seed is 27, lr is 2e-05, max_epochs is 4, split_num is 0
Training epoch 0 | loss: 0.40355 - accuracy: 0.79855
Validating epoch 0 | loss: 0.44135 - accuracy: 0.83716
Training epoch 1 | loss: 0.08819 - accuracy: 0.97355
Validating epoch 1 | loss: 0.66726 - accuracy: 0.81307
Training epoch 2 | loss: 0.02756 - accuracy: 0.99249
Validating epoch 2 | loss: 0.94153 - accuracy: 0.79702
Training epoch 3 | loss: 0.01154 - accuracy: 0.99769
Validating epoch 3 | loss: 0.92789 - accuracy: 0.80161
Model is Bert, dataset is sst, undersample is True, aug mode is None, geo is None, pct_usage is None, small_label is 0, small_prop is 0.2, balance_seed is 27, lr is 2e-05, max_epochs is 4, split_num is 0
Training epoch 0 | loss: 0.33937 - accuracy: 0.83642
Validating epoch 0 | loss: 0.50892 - accuracy: 0.84633
Training epoch 1 | loss: 0.04658 - accuracy: 0.98887
Validating epoch 1 | loss: 0.63208 - accuracy: 0.85206
Training epoch 2 | loss: 0.0171 - accuracy: 0.99668
Validating epoch 2 | loss: 0.71524 - accuracy: 0.85436
Training epoch 3 | loss: 0.01145 - accuracy: 0.99841
Validating epoch 3 | loss: 0.72631 - accuracy: 0.85436
Model is Bert, dataset is sst, undersample is None, aug mode is trans, geo is 0.1, pct_usage is None, small_label is 0, small_prop is 0.2, balance_seed is 27, lr is 2e-05, max_epochs is 4, split_num is 0
Training epoch 0 | loss: 0.42472 - accuracy: 0.78945
Validating epoch 0 | loss: 0.38141 - accuracy: 0.83486
Training epoch 1 | loss: 0.16246 - accuracy: 0.94321
Validating epoch 1 | loss: 0.49304 - accuracy: 0.83257
Training epoch 2 | loss: 0.08688 - accuracy: 0.97124
Validating epoch 2 | loss: 0.55834 - accuracy: 0.82913
Training epoch 3 | loss: 0.05345 - accuracy: 0.98295
Validating epoch 3 | loss: 0.60159 - accuracy: 0.84289
Model is Bert, dataset is sst, undersample is None, aug mode is trans, geo is 0.3, pct_usage is None, small_label is 0, small_prop is 0.2, balance_seed is 27, lr is 2e-05, max_epochs is 4, split_num is 0
Training epoch 0 | loss: 0.43726 - accuracy: 0.79133
Validating epoch 0 | loss: 0.38436 - accuracy: 0.84748
Training epoch 1 | loss: 0.18857 - accuracy: 0.93454
Validating epoch 1 | loss: 0.59036 - accuracy: 0.81537
Training epoch 2 | loss: 0.10542 - accuracy: 0.96604
Validating epoch 2 | loss: 0.48007 - accuracy: 0.84518
Training epoch 3 | loss: 0.07101 - accuracy: 0.97876
Validating epoch 3 | loss: 0.52958 - accuracy: 0.84518
Model is Bert, dataset is sst, undersample is None, aug mode is trans, geo is 0.5, pct_usage is None, small_label is 0, small_prop is 0.2, balance_seed is 27, lr is 2e-05, max_epochs is 4, split_num is 0
Training epoch 0 | loss: 0.44772 - accuracy: 0.77702
Validating epoch 0 | loss: 0.39936 - accuracy: 0.84404
Training epoch 1 | loss: 0.16705 - accuracy: 0.9409
Validating epoch 1 | loss: 0.46094 - accuracy: 0.85092
Training epoch 2 | loss: 0.08729 - accuracy: 0.9737
Validating epoch 2 | loss: 0.52918 - accuracy: 0.84174
Training epoch 3 | loss: 0.05361 - accuracy: 0.98483
Validating epoch 3 | loss: 0.56064 - accuracy: 0.83945
Model is Bert, dataset is sst, undersample is None, aug mode is trans, geo is 0.7, pct_usage is None, small_label is 0, small_prop is 0.2, balance_seed is 27, lr is 2e-05, max_epochs is 4, split_num is 0
Training epoch 0 | loss: 0.41128 - accuracy: 0.7974
Validating epoch 0 | loss: 0.41027 - accuracy: 0.85894
Training epoch 1 | loss: 0.13848 - accuracy: 0.95419
Validating epoch 1 | loss: 0.46802 - accuracy: 0.84289
Training epoch 2 | loss: 0.07113 - accuracy: 0.98006
Validating epoch 2 | loss: 0.52191 - accuracy: 0.84174
Training epoch 3 | loss: 0.0489 - accuracy: 0.98714
Validating epoch 3 | loss: 0.51718 - accuracy: 0.84289
Model is Bert, dataset is sst, undersample is None, aug mode is trans, geo is 0.9, pct_usage is None, small_label is 0, small_prop is 0.2, balance_seed is 27, lr is 2e-05, max_epochs is 4, split_num is 0
Training epoch 0 | loss: 0.41964 - accuracy: 0.78121
Validating epoch 0 | loss: 0.38724 - accuracy: 0.85206
Training epoch 1 | loss: 0.11166 - accuracy: 0.96445
Validating epoch 1 | loss: 0.4985 - accuracy: 0.84289
Training epoch 2 | loss: 0.04733 - accuracy: 0.98728
Validating epoch 2 | loss: 0.73116 - accuracy: 0.8211
Training epoch 3 | loss: 0.02812 - accuracy: 0.99277
Validating epoch 3 | loss: 0.65165 - accuracy: 0.8383
Model is Bert, dataset is sst, undersample is False, aug mode is None, geo is None, pct_usage is None, small_label is 1, small_prop is 0.2, balance_seed is 27, lr is 2e-05, max_epochs is 4, split_num is 0
Training epoch 0 | loss: 0.38021 - accuracy: 0.80318
Validating epoch 0 | loss: 0.3933 - accuracy: 0.86583
Training epoch 1 | loss: 0.06529 - accuracy: 0.97962
Validating epoch 1 | loss: 0.83647 - accuracy: 0.80963
Training epoch 2 | loss: 0.01802 - accuracy: 0.9948
Validating epoch 2 | loss: 0.58061 - accuracy: 0.86353
Training epoch 3 | loss: 0.00829 - accuracy: 0.99769
Validating epoch 3 | loss: 0.71502 - accuracy: 0.85436
Model is Bert, dataset is sst, undersample is True, aug mode is None, geo is None, pct_usage is None, small_label is 1, small_prop is 0.2, balance_seed is 27, lr is 2e-05, max_epochs is 4, split_num is 0
Training epoch 0 | loss: 0.37524 - accuracy: 0.80173
Validating epoch 0 | loss: 0.45657 - accuracy: 0.84289
Training epoch 1 | loss: 0.03175 - accuracy: 0.99205
Validating epoch 1 | loss: 0.66717 - accuracy: 0.83945
Training epoch 2 | loss: 0.00819 - accuracy: 0.99798
Validating epoch 2 | loss: 0.67679 - accuracy: 0.84404
Training epoch 3 | loss: 0.00361 - accuracy: 0.99957
Validating epoch 3 | loss: 0.69168 - accuracy: 0.84977
Model is Bert, dataset is sst, undersample is None, aug mode is trans, geo is 0.1, pct_usage is None, small_label is 1, small_prop is 0.2, balance_seed is 27, lr is 2e-05, max_epochs is 4, split_num is 0
Training epoch 0 | loss: 0.42296 - accuracy: 0.79509
Validating epoch 0 | loss: 0.39957 - accuracy: 0.84862
Training epoch 1 | loss: 0.16348 - accuracy: 0.94205
Validating epoch 1 | loss: 0.4096 - accuracy: 0.86239
Training epoch 2 | loss: 0.08332 - accuracy: 0.97341
Validating epoch 2 | loss: 0.4434 - accuracy: 0.86239
Training epoch 3 | loss: 0.05153 - accuracy: 0.98584
Validating epoch 3 | loss: 0.44137 - accuracy: 0.86697
Model is Bert, dataset is sst, undersample is None, aug mode is trans, geo is 0.3, pct_usage is None, small_label is 1, small_prop is 0.2, balance_seed is 27, lr is 2e-05, max_epochs is 4, split_num is 0
Training epoch 0 | loss: 0.43047 - accuracy: 0.77616
Validating epoch 0 | loss: 0.36365 - accuracy: 0.85894
Training epoch 1 | loss: 0.17087 - accuracy: 0.93858
Validating epoch 1 | loss: 0.3444 - accuracy: 0.87385
Training epoch 2 | loss: 0.08988 - accuracy: 0.96835
Validating epoch 2 | loss: 0.40652 - accuracy: 0.87271
Training epoch 3 | loss: 0.05284 - accuracy: 0.98237
Validating epoch 3 | loss: 0.43189 - accuracy: 0.87271
Model is Bert, dataset is sst, undersample is None, aug mode is trans, geo is 0.5, pct_usage is None, small_label is 1, small_prop is 0.2, balance_seed is 27, lr is 2e-05, max_epochs is 4, split_num is 0
Training epoch 0 | loss: 0.42028 - accuracy: 0.78338
Validating epoch 0 | loss: 0.32666 - accuracy: 0.86927
Training epoch 1 | loss: 0.15094 - accuracy: 0.94697
Validating epoch 1 | loss: 0.37899 - accuracy: 0.87844
Training epoch 2 | loss: 0.06867 - accuracy: 0.9776
Validating epoch 2 | loss: 0.38881 - accuracy: 0.88532
Training epoch 3 | loss: 0.04375 - accuracy: 0.98656
Validating epoch 3 | loss: 0.43569 - accuracy: 0.88188
Model is Bert, dataset is sst, undersample is None, aug mode is trans, geo is 0.7, pct_usage is None, small_label is 1, small_prop is 0.2, balance_seed is 27, lr is 2e-05, max_epochs is 4, split_num is 0
Training epoch 0 | loss: 0.4381 - accuracy: 0.76821
Validating epoch 0 | loss: 0.326 - accuracy: 0.87385
Training epoch 1 | loss: 0.12105 - accuracy: 0.95809
Validating epoch 1 | loss: 0.36883 - accuracy: 0.87959
Training epoch 2 | loss: 0.06264 - accuracy: 0.97934
Validating epoch 2 | loss: 0.42193 - accuracy: 0.87156
Training epoch 3 | loss: 0.03916 - accuracy: 0.98829
Validating epoch 3 | loss: 0.43752 - accuracy: 0.87615
Model is Bert, dataset is sst, undersample is None, aug mode is trans, geo is 0.9, pct_usage is None, small_label is 1, small_prop is 0.2, balance_seed is 27, lr is 2e-05, max_epochs is 4, split_num is 0
Training epoch 0 | loss: 0.39163 - accuracy: 0.79451
Validating epoch 0 | loss: 0.37847 - accuracy: 0.86583
Training epoch 1 | loss: 0.09398 - accuracy: 0.97066
Validating epoch 1 | loss: 0.51921 - accuracy: 0.85206
Training epoch 2 | loss: 0.04092 - accuracy: 0.98974
Validating epoch 2 | loss: 0.55738 - accuracy: 0.86009
Training epoch 3 | loss: 0.02555 - accuracy: 0.99364
Validating epoch 3 | loss: 0.52977 - accuracy: 0.87156
Model is Bert, dataset is sst, undersample is False, aug mode is None, geo is None, pct_usage is None, small_label is 0, small_prop is 0.4, balance_seed is 27, lr is 2e-05, max_epochs is 4, split_num is 0
Training epoch 0 | loss: 0.40817 - accuracy: 0.81358
Validating epoch 0 | loss: 0.31705 - accuracy: 0.86927
Training epoch 1 | loss: 0.14258 - accuracy: 0.95275
Validating epoch 1 | loss: 0.44098 - accuracy: 0.86583
Training epoch 2 | loss: 0.05026 - accuracy: 0.98598
Validating epoch 2 | loss: 0.54457 - accuracy: 0.86468
Training epoch 3 | loss: 0.02646 - accuracy: 0.99335
Validating epoch 3 | loss: 0.63432 - accuracy: 0.85894
Model is Bert, dataset is sst, undersample is True, aug mode is None, geo is None, pct_usage is None, small_label is 0, small_prop is 0.4, balance_seed is 27, lr is 2e-05, max_epochs is 4, split_num is 0
Training epoch 0 | loss: 0.39171 - accuracy: 0.80838
Validating epoch 0 | loss: 0.37025 - accuracy: 0.86812
Training epoch 1 | loss: 0.07834 - accuracy: 0.97775
Validating epoch 1 | loss: 0.49995 - accuracy: 0.86697
Training epoch 2 | loss: 0.02196 - accuracy: 0.99465
Validating epoch 2 | loss: 0.56619 - accuracy: 0.86468
Training epoch 3 | loss: 0.00848 - accuracy: 0.99812
Validating epoch 3 | loss: 0.59888 - accuracy: 0.86812
Model is Bert, dataset is sst, undersample is None, aug mode is trans, geo is 0.1, pct_usage is None, small_label is 0, small_prop is 0.4, balance_seed is 27, lr is 2e-05, max_epochs is 4, split_num is 0
Training epoch 0 | loss: 0.45232 - accuracy: 0.76662
Validating epoch 0 | loss: 0.39007 - accuracy: 0.84748
Training epoch 1 | loss: 0.21666 - accuracy: 0.9172
Validating epoch 1 | loss: 0.42777 - accuracy: 0.85321
Training epoch 2 | loss: 0.12818 - accuracy: 0.95592
Validating epoch 2 | loss: 0.45866 - accuracy: 0.85206
Training epoch 3 | loss: 0.09026 - accuracy: 0.97009
Validating epoch 3 | loss: 0.49676 - accuracy: 0.84633
Model is Bert, dataset is sst, undersample is None, aug mode is trans, geo is 0.3, pct_usage is None, small_label is 0, small_prop is 0.4, balance_seed is 27, lr is 2e-05, max_epochs is 4, split_num is 0
Training epoch 0 | loss: 0.47381 - accuracy: 0.7578
Validating epoch 0 | loss: 0.37471 - accuracy: 0.84174
Training epoch 1 | loss: 0.23284 - accuracy: 0.91315
Validating epoch 1 | loss: 0.40045 - accuracy: 0.8578
Training epoch 2 | loss: 0.13871 - accuracy: 0.95173
Validating epoch 2 | loss: 0.4078 - accuracy: 0.85436
Training epoch 3 | loss: 0.09394 - accuracy: 0.96965
Validating epoch 3 | loss: 0.48192 - accuracy: 0.85092
Model is Bert, dataset is sst, undersample is None, aug mode is trans, geo is 0.5, pct_usage is None, small_label is 0, small_prop is 0.4, balance_seed is 27, lr is 2e-05, max_epochs is 4, split_num is 0
Training epoch 0 | loss: 0.44075 - accuracy: 0.78512
Validating epoch 0 | loss: 0.33546 - accuracy: 0.86353
Training epoch 1 | loss: 0.21146 - accuracy: 0.92023
Validating epoch 1 | loss: 0.40851 - accuracy: 0.85436
Training epoch 2 | loss: 0.122 - accuracy: 0.96084
Validating epoch 2 | loss: 0.40846 - accuracy: 0.86124
Training epoch 3 | loss: 0.07879 - accuracy: 0.97688
Validating epoch 3 | loss: 0.45307 - accuracy: 0.85894
Model is Bert, dataset is sst, undersample is None, aug mode is trans, geo is 0.7, pct_usage is None, small_label is 0, small_prop is 0.4, balance_seed is 27, lr is 2e-05, max_epochs is 4, split_num is 0
Training epoch 0 | loss: 0.42603 - accuracy: 0.79234
Validating epoch 0 | loss: 0.33305 - accuracy: 0.86468
Training epoch 1 | loss: 0.18359 - accuracy: 0.93382
Validating epoch 1 | loss: 0.39752 - accuracy: 0.86353
Training epoch 2 | loss: 0.09426 - accuracy: 0.97168
Validating epoch 2 | loss: 0.45608 - accuracy: 0.86239
Training epoch 3 | loss: 0.06804 - accuracy: 0.98049
Validating epoch 3 | loss: 0.48161 - accuracy: 0.86239
Model is Bert, dataset is sst, undersample is None, aug mode is trans, geo is 0.9, pct_usage is None, small_label is 0, small_prop is 0.4, balance_seed is 27, lr is 2e-05, max_epochs is 4, split_num is 0
Training epoch 0 | loss: 0.43117 - accuracy: 0.78483
Validating epoch 0 | loss: 0.41688 - accuracy: 0.84862
Training epoch 1 | loss: 0.15477 - accuracy: 0.94566
Validating epoch 1 | loss: 0.41861 - accuracy: 0.86353
Training epoch 2 | loss: 0.06243 - accuracy: 0.98165
Validating epoch 2 | loss: 0.48906 - accuracy: 0.85665
Training epoch 3 | loss: 0.0473 - accuracy: 0.98829
Validating epoch 3 | loss: 0.52682 - accuracy: 0.86468
Model is Bert, dataset is sst, undersample is False, aug mode is None, geo is None, pct_usage is None, small_label is 1, small_prop is 0.4, balance_seed is 27, lr is 2e-05, max_epochs is 4, split_num is 0
Training epoch 0 | loss: 0.43121 - accuracy: 0.78251
Validating epoch 0 | loss: 0.3228 - accuracy: 0.88188
Training epoch 1 | loss: 0.13844 - accuracy: 0.95145
Validating epoch 1 | loss: 0.38252 - accuracy: 0.87615
Training epoch 2 | loss: 0.04489 - accuracy: 0.98757
Validating epoch 2 | loss: 0.49919 - accuracy: 0.87959
Training epoch 3 | loss: 0.0221 - accuracy: 0.9948
Validating epoch 3 | loss: 0.56069 - accuracy: 0.87615
Model is Bert, dataset is sst, undersample is True, aug mode is None, geo is None, pct_usage is None, small_label is 1, small_prop is 0.4, balance_seed is 27, lr is 2e-05, max_epochs is 4, split_num is 0
Training epoch 0 | loss: 0.39898 - accuracy: 0.80188
Validating epoch 0 | loss: 0.37929 - accuracy: 0.8578
Training epoch 1 | loss: 0.08104 - accuracy: 0.97529
Validating epoch 1 | loss: 0.54053 - accuracy: 0.87156
Training epoch 2 | loss: 0.02517 - accuracy: 0.99422
Validating epoch 2 | loss: 0.59419 - accuracy: 0.86927
Training epoch 3 | loss: 0.0156 - accuracy: 0.99682
Validating epoch 3 | loss: 0.6024 - accuracy: 0.86353
Model is Bert, dataset is sst, undersample is None, aug mode is trans, geo is 0.1, pct_usage is None, small_label is 1, small_prop is 0.4, balance_seed is 27, lr is 2e-05, max_epochs is 4, split_num is 0
Training epoch 0 | loss: 0.43309 - accuracy: 0.78251
Validating epoch 0 | loss: 0.42166 - accuracy: 0.83142
Training epoch 1 | loss: 0.19892 - accuracy: 0.92428
Validating epoch 1 | loss: 0.40085 - accuracy: 0.85092
Training epoch 2 | loss: 0.10727 - accuracy: 0.96329
Validating epoch 2 | loss: 0.42881 - accuracy: 0.86583
Training epoch 3 | loss: 0.07413 - accuracy: 0.97587
Validating epoch 3 | loss: 0.45954 - accuracy: 0.86583
Model is Bert, dataset is sst, undersample is None, aug mode is trans, geo is 0.3, pct_usage is None, small_label is 1, small_prop is 0.4, balance_seed is 27, lr is 2e-05, max_epochs is 4, split_num is 0
Training epoch 0 | loss: 0.44388 - accuracy: 0.78353
Validating epoch 0 | loss: 0.32219 - accuracy: 0.87041
Training epoch 1 | loss: 0.19733 - accuracy: 0.92124
Validating epoch 1 | loss: 0.37278 - accuracy: 0.87844
Training epoch 2 | loss: 0.10386 - accuracy: 0.96286
Validating epoch 2 | loss: 0.41129 - accuracy: 0.87959
Training epoch 3 | loss: 0.06994 - accuracy: 0.97861
Validating epoch 3 | loss: 0.44405 - accuracy: 0.87959
Model is Bert, dataset is sst, undersample is None, aug mode is trans, geo is 0.5, pct_usage is None, small_label is 1, small_prop is 0.4, balance_seed is 27, lr is 2e-05, max_epochs is 4, split_num is 0
Training epoch 0 | loss: 0.43277 - accuracy: 0.78714
Validating epoch 0 | loss: 0.31171 - accuracy: 0.875
Training epoch 1 | loss: 0.19358 - accuracy: 0.92789
Validating epoch 1 | loss: 0.33717 - accuracy: 0.87385
Training epoch 2 | loss: 0.10408 - accuracy: 0.9646
Validating epoch 2 | loss: 0.36026 - accuracy: 0.88188
Training epoch 3 | loss: 0.06352 - accuracy: 0.97991
Validating epoch 3 | loss: 0.37893 - accuracy: 0.88876
Model is Bert, dataset is sst, undersample is None, aug mode is trans, geo is 0.7, pct_usage is None, small_label is 1, small_prop is 0.4, balance_seed is 27, lr is 2e-05, max_epochs is 4, split_num is 0
Training epoch 0 | loss: 0.43897 - accuracy: 0.78569
Validating epoch 0 | loss: 0.34119 - accuracy: 0.86124
Training epoch 1 | loss: 0.18503 - accuracy: 0.9302
Validating epoch 1 | loss: 0.34765 - accuracy: 0.88188
Training epoch 2 | loss: 0.08372 - accuracy: 0.97341
Validating epoch 2 | loss: 0.40978 - accuracy: 0.87729
Training epoch 3 | loss: 0.05035 - accuracy: 0.98526
Validating epoch 3 | loss: 0.44703 - accuracy: 0.87615
Model is Bert, dataset is sst, undersample is None, aug mode is trans, geo is 0.9, pct_usage is None, small_label is 1, small_prop is 0.4, balance_seed is 27, lr is 2e-05, max_epochs is 4, split_num is 0
Training epoch 0 | loss: 0.43312 - accuracy: 0.78136
Validating epoch 0 | loss: 0.32225 - accuracy: 0.875
Training epoch 1 | loss: 0.14361 - accuracy: 0.94986
Validating epoch 1 | loss: 0.40164 - accuracy: 0.88532
Training epoch 2 | loss: 0.05638 - accuracy: 0.98353
Validating epoch 2 | loss: 0.49199 - accuracy: 0.875
Training epoch 3 | loss: 0.038 - accuracy: 0.9896
Validating epoch 3 | loss: 0.4679 - accuracy: 0.87729
Model is Bert, dataset is sst, undersample is False, aug mode is None, geo is None, pct_usage is None, small_label is 0, small_prop is 0.6, balance_seed is 27, lr is 2e-05, max_epochs is 4, split_num is 0
Training epoch 0 | loss: 0.42558 - accuracy: 0.79538
Validating epoch 0 | loss: 0.38408 - accuracy: 0.84174
Training epoch 1 | loss: 0.16862 - accuracy: 0.94118
Validating epoch 1 | loss: 0.3442 - accuracy: 0.875
Training epoch 2 | loss: 0.06679 - accuracy: 0.98121
Validating epoch 2 | loss: 0.4726 - accuracy: 0.87156
Training epoch 3 | loss: 0.02862 - accuracy: 0.9922
Validating epoch 3 | loss: 0.53044 - accuracy: 0.86697
Model is Bert, dataset is sst, undersample is True, aug mode is None, geo is None, pct_usage is None, small_label is 0, small_prop is 0.6, balance_seed is 27, lr is 2e-05, max_epochs is 4, split_num is 0
Training epoch 0 | loss: 0.43012 - accuracy: 0.77803
Validating epoch 0 | loss: 0.33802 - accuracy: 0.87041
Training epoch 1 | loss: 0.12903 - accuracy: 0.9565
Validating epoch 1 | loss: 0.37972 - accuracy: 0.87385
Training epoch 2 | loss: 0.04066 - accuracy: 0.98931
Validating epoch 2 | loss: 0.49197 - accuracy: 0.87729
Training epoch 3 | loss: 0.01598 - accuracy: 0.99624
Validating epoch 3 | loss: 0.52331 - accuracy: 0.88188
Model is Bert, dataset is sst, undersample is None, aug mode is trans, geo is 0.1, pct_usage is None, small_label is 0, small_prop is 0.6, balance_seed is 27, lr is 2e-05, max_epochs is 4, split_num is 0
Training epoch 0 | loss: 0.45633 - accuracy: 0.76936
Validating epoch 0 | loss: 0.37945 - accuracy: 0.84748
Training epoch 1 | loss: 0.22801 - accuracy: 0.91416
Validating epoch 1 | loss: 0.42324 - accuracy: 0.84289
Training epoch 2 | loss: 0.14309 - accuracy: 0.94971
Validating epoch 2 | loss: 0.43114 - accuracy: 0.85665
Training epoch 3 | loss: 0.08961 - accuracy: 0.9698
Validating epoch 3 | loss: 0.46133 - accuracy: 0.84748
Model is Bert, dataset is sst, undersample is None, aug mode is trans, geo is 0.3, pct_usage is None, small_label is 0, small_prop is 0.6, balance_seed is 27, lr is 2e-05, max_epochs is 4, split_num is 0
Training epoch 0 | loss: 0.44445 - accuracy: 0.78902
Validating epoch 0 | loss: 0.32503 - accuracy: 0.87041
Training epoch 1 | loss: 0.2366 - accuracy: 0.9104
Validating epoch 1 | loss: 0.34625 - accuracy: 0.86927
Training epoch 2 | loss: 0.13188 - accuracy: 0.95506
Validating epoch 2 | loss: 0.41364 - accuracy: 0.86812
Training epoch 3 | loss: 0.09462 - accuracy: 0.97038
Validating epoch 3 | loss: 0.43121 - accuracy: 0.86468
Model is Bert, dataset is sst, undersample is None, aug mode is trans, geo is 0.5, pct_usage is None, small_label is 0, small_prop is 0.6, balance_seed is 27, lr is 2e-05, max_epochs is 4, split_num is 0
Training epoch 0 | loss: 0.4608 - accuracy: 0.76662
Validating epoch 0 | loss: 0.3567 - accuracy: 0.84862
Training epoch 1 | loss: 0.22658 - accuracy: 0.91402
Validating epoch 1 | loss: 0.34741 - accuracy: 0.85894
Training epoch 2 | loss: 0.12579 - accuracy: 0.95491
Validating epoch 2 | loss: 0.40059 - accuracy: 0.87271
Training epoch 3 | loss: 0.07987 - accuracy: 0.97717
Validating epoch 3 | loss: 0.45301 - accuracy: 0.87385
Model is Bert, dataset is sst, undersample is None, aug mode is trans, geo is 0.7, pct_usage is None, small_label is 0, small_prop is 0.6, balance_seed is 27, lr is 2e-05, max_epochs is 4, split_num is 0
Training epoch 0 | loss: 0.44454 - accuracy: 0.78974
Validating epoch 0 | loss: 0.37248 - accuracy: 0.85206
Training epoch 1 | loss: 0.2133 - accuracy: 0.92124
Validating epoch 1 | loss: 0.34556 - accuracy: 0.86812
Training epoch 2 | loss: 0.10747 - accuracy: 0.96575
Validating epoch 2 | loss: 0.43228 - accuracy: 0.86697
Training epoch 3 | loss: 0.07812 - accuracy: 0.97616
Validating epoch 3 | loss: 0.4282 - accuracy: 0.87615
Model is Bert, dataset is sst, undersample is None, aug mode is trans, geo is 0.9, pct_usage is None, small_label is 0, small_prop is 0.6, balance_seed is 27, lr is 2e-05, max_epochs is 4, split_num is 0
Training epoch 0 | loss: 0.4579 - accuracy: 0.77543
Validating epoch 0 | loss: 0.38649 - accuracy: 0.86009
Training epoch 1 | loss: 0.21002 - accuracy: 0.92514
Validating epoch 1 | loss: 0.40146 - accuracy: 0.86239
Training epoch 2 | loss: 0.10915 - accuracy: 0.96604
Validating epoch 2 | loss: 0.37413 - accuracy: 0.87156
Training epoch 3 | loss: 0.06446 - accuracy: 0.98194
Validating epoch 3 | loss: 0.42635 - accuracy: 0.86812
Model is Bert, dataset is sst, undersample is False, aug mode is None, geo is None, pct_usage is None, small_label is 1, small_prop is 0.6, balance_seed is 27, lr is 2e-05, max_epochs is 4, split_num is 0
Training epoch 0 | loss: 0.42788 - accuracy: 0.78801
Validating epoch 0 | loss: 0.31756 - accuracy: 0.88303
Training epoch 1 | loss: 0.16194 - accuracy: 0.94465
Validating epoch 1 | loss: 0.32441 - accuracy: 0.88647
Training epoch 2 | loss: 0.0661 - accuracy: 0.98121
Validating epoch 2 | loss: 0.42701 - accuracy: 0.87959
Training epoch 3 | loss: 0.03639 - accuracy: 0.99017
Validating epoch 3 | loss: 0.43138 - accuracy: 0.88876
Model is Bert, dataset is sst, undersample is True, aug mode is None, geo is None, pct_usage is None, small_label is 1, small_prop is 0.6, balance_seed is 27, lr is 2e-05, max_epochs is 4, split_num is 0
Training epoch 0 | loss: 0.44904 - accuracy: 0.76994
Validating epoch 0 | loss: 0.36811 - accuracy: 0.84404
Training epoch 1 | loss: 0.14281 - accuracy: 0.94798
Validating epoch 1 | loss: 0.39373 - accuracy: 0.87959
Training epoch 2 | loss: 0.04281 - accuracy: 0.98728
Validating epoch 2 | loss: 0.51086 - accuracy: 0.87615
Training epoch 3 | loss: 0.01695 - accuracy: 0.9961
Validating epoch 3 | loss: 0.54543 - accuracy: 0.87385
Model is Bert, dataset is sst, undersample is None, aug mode is trans, geo is 0.1, pct_usage is None, small_label is 1, small_prop is 0.6, balance_seed is 27, lr is 2e-05, max_epochs is 4, split_num is 0
Training epoch 0 | loss: 0.41746 - accuracy: 0.7935
Validating epoch 0 | loss: 0.4368 - accuracy: 0.83716
Training epoch 1 | loss: 0.20071 - accuracy: 0.92413
Validating epoch 1 | loss: 0.40161 - accuracy: 0.85321
Training epoch 2 | loss: 0.12975 - accuracy: 0.95376
Validating epoch 2 | loss: 0.40814 - accuracy: 0.86697
Training epoch 3 | loss: 0.08431 - accuracy: 0.97269
Validating epoch 3 | loss: 0.45808 - accuracy: 0.86697
Model is Bert, dataset is sst, undersample is None, aug mode is trans, geo is 0.3, pct_usage is None, small_label is 1, small_prop is 0.6, balance_seed is 27, lr is 2e-05, max_epochs is 4, split_num is 0
Training epoch 0 | loss: 0.44375 - accuracy: 0.78396
Validating epoch 0 | loss: 0.34509 - accuracy: 0.86009
Training epoch 1 | loss: 0.22471 - accuracy: 0.91662
Validating epoch 1 | loss: 0.32588 - accuracy: 0.875
Training epoch 2 | loss: 0.13826 - accuracy: 0.95202
Validating epoch 2 | loss: 0.37971 - accuracy: 0.86697
Training epoch 3 | loss: 0.09653 - accuracy: 0.96922
Validating epoch 3 | loss: 0.42454 - accuracy: 0.87729
Model is Bert, dataset is sst, undersample is None, aug mode is trans, geo is 0.5, pct_usage is None, small_label is 1, small_prop is 0.6, balance_seed is 27, lr is 2e-05, max_epochs is 4, split_num is 0
Training epoch 0 | loss: 0.44633 - accuracy: 0.77312
Validating epoch 0 | loss: 0.3211 - accuracy: 0.87156
Training epoch 1 | loss: 0.21405 - accuracy: 0.91879
Validating epoch 1 | loss: 0.31547 - accuracy: 0.89335
Training epoch 2 | loss: 0.11606 - accuracy: 0.96012
Validating epoch 2 | loss: 0.34541 - accuracy: 0.89335
Training epoch 3 | loss: 0.07469 - accuracy: 0.97645
Validating epoch 3 | loss: 0.41809 - accuracy: 0.88417
Model is Bert, dataset is sst, undersample is None, aug mode is trans, geo is 0.7, pct_usage is None, small_label is 1, small_prop is 0.6, balance_seed is 27, lr is 2e-05, max_epochs is 4, split_num is 0
Training epoch 0 | loss: 0.44602 - accuracy: 0.77616
Validating epoch 0 | loss: 0.3267 - accuracy: 0.88073
Training epoch 1 | loss: 0.22776 - accuracy: 0.91503
Validating epoch 1 | loss: 0.3115 - accuracy: 0.88647
Training epoch 2 | loss: 0.13527 - accuracy: 0.95347
Validating epoch 2 | loss: 0.36648 - accuracy: 0.88647
Training epoch 3 | loss: 0.09255 - accuracy: 0.97139
Validating epoch 3 | loss: 0.42365 - accuracy: 0.88073
Model is Bert, dataset is sst, undersample is None, aug mode is trans, geo is 0.9, pct_usage is None, small_label is 1, small_prop is 0.6, balance_seed is 27, lr is 2e-05, max_epochs is 4, split_num is 0
Training epoch 0 | loss: 0.42974 - accuracy: 0.79176
Validating epoch 0 | loss: 0.32849 - accuracy: 0.86124
Training epoch 1 | loss: 0.18543 - accuracy: 0.93483
Validating epoch 1 | loss: 0.31467 - accuracy: 0.88532
Training epoch 2 | loss: 0.08792 - accuracy: 0.97182
Validating epoch 2 | loss: 0.39647 - accuracy: 0.88647
Training epoch 3 | loss: 0.04654 - accuracy: 0.98699
Validating epoch 3 | loss: 0.43561 - accuracy: 0.88417
Model is Bert, dataset is sst, undersample is False, aug mode is None, geo is None, pct_usage is None, small_label is 0, small_prop is 0.8, balance_seed is 27, lr is 2e-05, max_epochs is 4, split_num is 0
Training epoch 0 | loss: 0.43509 - accuracy: 0.78656
Validating epoch 0 | loss: 0.32111 - accuracy: 0.87729
Training epoch 1 | loss: 0.18468 - accuracy: 0.93064
Validating epoch 1 | loss: 0.34531 - accuracy: 0.87844
Training epoch 2 | loss: 0.08151 - accuracy: 0.97587
Validating epoch 2 | loss: 0.42714 - accuracy: 0.87385
Training epoch 3 | loss: 0.04125 - accuracy: 0.98873
Validating epoch 3 | loss: 0.45601 - accuracy: 0.88532
Model is Bert, dataset is sst, undersample is True, aug mode is None, geo is None, pct_usage is None, small_label is 0, small_prop is 0.8, balance_seed is 27, lr is 2e-05, max_epochs is 4, split_num is 0
Training epoch 0 | loss: 0.44135 - accuracy: 0.77529
Validating epoch 0 | loss: 0.32175 - accuracy: 0.87729
Training epoch 1 | loss: 0.1636 - accuracy: 0.94321
Validating epoch 1 | loss: 0.31503 - accuracy: 0.88303
Training epoch 2 | loss: 0.06715 - accuracy: 0.97905
Validating epoch 2 | loss: 0.36515 - accuracy: 0.89564
Training epoch 3 | loss: 0.03275 - accuracy: 0.9922
Validating epoch 3 | loss: 0.40095 - accuracy: 0.88876
Model is Bert, dataset is sst, undersample is None, aug mode is trans, geo is 0.1, pct_usage is None, small_label is 0, small_prop is 0.8, balance_seed is 27, lr is 2e-05, max_epochs is 4, split_num is 0
Training epoch 0 | loss: 0.44642 - accuracy: 0.78324
Validating epoch 0 | loss: 0.35258 - accuracy: 0.84289
Training epoch 1 | loss: 0.23168 - accuracy: 0.91055
Validating epoch 1 | loss: 0.39785 - accuracy: 0.8555
Training epoch 2 | loss: 0.13665 - accuracy: 0.95303
Validating epoch 2 | loss: 0.45228 - accuracy: 0.84174
Training epoch 3 | loss: 0.10691 - accuracy: 0.96503
Validating epoch 3 | loss: 0.43058 - accuracy: 0.86697
Model is Bert, dataset is sst, undersample is None, aug mode is trans, geo is 0.3, pct_usage is None, small_label is 0, small_prop is 0.8, balance_seed is 27, lr is 2e-05, max_epochs is 4, split_num is 0
Training epoch 0 | loss: 0.45794 - accuracy: 0.77645
Validating epoch 0 | loss: 0.34546 - accuracy: 0.8555
Training epoch 1 | loss: 0.24999 - accuracy: 0.90708
Validating epoch 1 | loss: 0.37241 - accuracy: 0.86124
Training epoch 2 | loss: 0.16363 - accuracy: 0.94075
Validating epoch 2 | loss: 0.39698 - accuracy: 0.86812
Training epoch 3 | loss: 0.10879 - accuracy: 0.96546
Validating epoch 3 | loss: 0.42344 - accuracy: 0.85894
Model is Bert, dataset is sst, undersample is None, aug mode is trans, geo is 0.5, pct_usage is None, small_label is 0, small_prop is 0.8, balance_seed is 27, lr is 2e-05, max_epochs is 4, split_num is 0
Training epoch 0 | loss: 0.4683 - accuracy: 0.75592
Validating epoch 0 | loss: 0.34971 - accuracy: 0.84977
Training epoch 1 | loss: 0.22642 - accuracy: 0.91329
Validating epoch 1 | loss: 0.34161 - accuracy: 0.87729
Training epoch 2 | loss: 0.13491 - accuracy: 0.95318
Validating epoch 2 | loss: 0.36605 - accuracy: 0.87385
Training epoch 3 | loss: 0.09368 - accuracy: 0.97095
Validating epoch 3 | loss: 0.43536 - accuracy: 0.87385
Model is Bert, dataset is sst, undersample is None, aug mode is trans, geo is 0.7, pct_usage is None, small_label is 0, small_prop is 0.8, balance_seed is 27, lr is 2e-05, max_epochs is 4, split_num is 0
Training epoch 0 | loss: 0.45089 - accuracy: 0.78078
Validating epoch 0 | loss: 0.31987 - accuracy: 0.87385
Training epoch 1 | loss: 0.23343 - accuracy: 0.90795
Validating epoch 1 | loss: 0.31489 - accuracy: 0.88303
Training epoch 2 | loss: 0.13375 - accuracy: 0.9539
Validating epoch 2 | loss: 0.37973 - accuracy: 0.87156
Training epoch 3 | loss: 0.08581 - accuracy: 0.97442
Validating epoch 3 | loss: 0.4179 - accuracy: 0.87615
Model is Bert, dataset is sst, undersample is None, aug mode is trans, geo is 0.9, pct_usage is None, small_label is 0, small_prop is 0.8, balance_seed is 27, lr is 2e-05, max_epochs is 4, split_num is 0
Training epoch 0 | loss: 0.44333 - accuracy: 0.7763
Validating epoch 0 | loss: 0.32987 - accuracy: 0.86583
Training epoch 1 | loss: 0.20636 - accuracy: 0.92486
Validating epoch 1 | loss: 0.31925 - accuracy: 0.87271
Training epoch 2 | loss: 0.11059 - accuracy: 0.96488
Validating epoch 2 | loss: 0.38015 - accuracy: 0.87156
Training epoch 3 | loss: 0.05878 - accuracy: 0.98324
Validating epoch 3 | loss: 0.41167 - accuracy: 0.87271
Model is Bert, dataset is sst, undersample is False, aug mode is None, geo is None, pct_usage is None, small_label is 1, small_prop is 0.8, balance_seed is 27, lr is 2e-05, max_epochs is 4, split_num is 0
Training epoch 0 | loss: 0.42756 - accuracy: 0.78627
Validating epoch 0 | loss: 0.34371 - accuracy: 0.85665
Training epoch 1 | loss: 0.18345 - accuracy: 0.93251
Validating epoch 1 | loss: 0.33072 - accuracy: 0.88073
Training epoch 2 | loss: 0.08184 - accuracy: 0.97428
Validating epoch 2 | loss: 0.38002 - accuracy: 0.88417
Training epoch 3 | loss: 0.04057 - accuracy: 0.98887
Validating epoch 3 | loss: 0.40507 - accuracy: 0.88647
Model is Bert, dataset is sst, undersample is True, aug mode is None, geo is None, pct_usage is None, small_label is 1, small_prop is 0.8, balance_seed is 27, lr is 2e-05, max_epochs is 4, split_num is 0
Training epoch 0 | loss: 0.45196 - accuracy: 0.76763
Validating epoch 0 | loss: 0.3139 - accuracy: 0.87385
Training epoch 1 | loss: 0.1946 - accuracy: 0.92861
Validating epoch 1 | loss: 0.3164 - accuracy: 0.89106
Training epoch 2 | loss: 0.07846 - accuracy: 0.97529
Validating epoch 2 | loss: 0.3868 - accuracy: 0.88647
Training epoch 3 | loss: 0.03887 - accuracy: 0.98945
Validating epoch 3 | loss: 0.44932 - accuracy: 0.88876
Model is Bert, dataset is sst, undersample is None, aug mode is trans, geo is 0.1, pct_usage is None, small_label is 1, small_prop is 0.8, balance_seed is 27, lr is 2e-05, max_epochs is 4, split_num is 0
Training epoch 0 | loss: 0.44743 - accuracy: 0.77832
Validating epoch 0 | loss: 0.35612 - accuracy: 0.85665
Training epoch 1 | loss: 0.22297 - accuracy: 0.91373
Validating epoch 1 | loss: 0.34699 - accuracy: 0.86124
Training epoch 2 | loss: 0.14304 - accuracy: 0.94884
Validating epoch 2 | loss: 0.37689 - accuracy: 0.86239
Training epoch 3 | loss: 0.10035 - accuracy: 0.96763
Validating epoch 3 | loss: 0.41245 - accuracy: 0.87385
Model is Bert, dataset is sst, undersample is None, aug mode is trans, geo is 0.3, pct_usage is None, small_label is 1, small_prop is 0.8, balance_seed is 27, lr is 2e-05, max_epochs is 4, split_num is 0
Training epoch 0 | loss: 0.44899 - accuracy: 0.76373
Validating epoch 0 | loss: 0.31809 - accuracy: 0.87844
Training epoch 1 | loss: 0.23231 - accuracy: 0.90578
Validating epoch 1 | loss: 0.32197 - accuracy: 0.88417
Training epoch 2 | loss: 0.1481 - accuracy: 0.94581
Validating epoch 2 | loss: 0.34261 - accuracy: 0.87959
Training epoch 3 | loss: 0.09776 - accuracy: 0.96662
Validating epoch 3 | loss: 0.37772 - accuracy: 0.88073
Model is Bert, dataset is sst, undersample is None, aug mode is trans, geo is 0.5, pct_usage is None, small_label is 1, small_prop is 0.8, balance_seed is 27, lr is 2e-05, max_epochs is 4, split_num is 0
Training epoch 0 | loss: 0.45964 - accuracy: 0.76344
Validating epoch 0 | loss: 0.32694 - accuracy: 0.87271
Training epoch 1 | loss: 0.23839 - accuracy: 0.90824
Validating epoch 1 | loss: 0.32754 - accuracy: 0.86468
Training epoch 2 | loss: 0.14276 - accuracy: 0.94986
Validating epoch 2 | loss: 0.36204 - accuracy: 0.88303
Training epoch 3 | loss: 0.10445 - accuracy: 0.96488
Validating epoch 3 | loss: 0.38839 - accuracy: 0.87615
Model is Bert, dataset is sst, undersample is None, aug mode is trans, geo is 0.7, pct_usage is None, small_label is 1, small_prop is 0.8, balance_seed is 27, lr is 2e-05, max_epochs is 4, split_num is 0
Training epoch 0 | loss: 0.45456 - accuracy: 0.76012
Validating epoch 0 | loss: 0.30682 - accuracy: 0.875
Training epoch 1 | loss: 0.21401 - accuracy: 0.91763
Validating epoch 1 | loss: 0.33057 - accuracy: 0.88303
Training epoch 2 | loss: 0.12737 - accuracy: 0.95766
Validating epoch 2 | loss: 0.39325 - accuracy: 0.88417
Training epoch 3 | loss: 0.08358 - accuracy: 0.97153
Validating epoch 3 | loss: 0.4113 - accuracy: 0.88647
Model is Bert, dataset is sst, undersample is None, aug mode is trans, geo is 0.9, pct_usage is None, small_label is 1, small_prop is 0.8, balance_seed is 27, lr is 2e-05, max_epochs is 4, split_num is 0
Training epoch 0 | loss: 0.45221 - accuracy: 0.7763
Validating epoch 0 | loss: 0.3262 - accuracy: 0.87271
Training epoch 1 | loss: 0.20634 - accuracy: 0.92298
Validating epoch 1 | loss: 0.32025 - accuracy: 0.88761
Training epoch 2 | loss: 0.10055 - accuracy: 0.96792
Validating epoch 2 | loss: 0.3705 - accuracy: 0.88647
Training epoch 3 | loss: 0.05899 - accuracy: 0.98338
Validating epoch 3 | loss: 0.42735 - accuracy: 0.88761
