Model is Bert, dataset is sst, undersample is False, aug mode is None, geo is None, pct_usage is None, small_label is 0, small_prop is 0.2, balance_seed is 26, lr is 2e-05, max_epochs is 4, split_num is 0
Training epoch 0 | loss: 0.3879 - accuracy: 0.80347
Validating epoch 0 | loss: 0.47279 - accuracy: 0.83601
Training epoch 1 | loss: 0.07069 - accuracy: 0.97977
Validating epoch 1 | loss: 0.78809 - accuracy: 0.80505
Training epoch 2 | loss: 0.02335 - accuracy: 0.9948
Validating epoch 2 | loss: 0.79696 - accuracy: 0.82569
Training epoch 3 | loss: 0.01076 - accuracy: 0.99827
Validating epoch 3 | loss: 0.93065 - accuracy: 0.81537
Model is Bert, dataset is sst, undersample is True, aug mode is None, geo is None, pct_usage is None, small_label is 0, small_prop is 0.2, balance_seed is 26, lr is 2e-05, max_epochs is 4, split_num is 0
Training epoch 0 | loss: 0.35721 - accuracy: 0.82009
Validating epoch 0 | loss: 0.42298 - accuracy: 0.86009
Training epoch 1 | loss: 0.02711 - accuracy: 0.99436
Validating epoch 1 | loss: 0.63396 - accuracy: 0.86583
Training epoch 2 | loss: 0.01015 - accuracy: 0.99754
Validating epoch 2 | loss: 0.74774 - accuracy: 0.83257
Training epoch 3 | loss: 0.00298 - accuracy: 0.99971
Validating epoch 3 | loss: 0.71447 - accuracy: 0.86353
Model is Bert, dataset is sst, undersample is None, aug mode is trans, geo is 0.1, pct_usage is None, small_label is 0, small_prop is 0.2, balance_seed is 26, lr is 2e-05, max_epochs is 4, split_num is 0
Training epoch 0 | loss: 0.42247 - accuracy: 0.79422
Validating epoch 0 | loss: 0.44091 - accuracy: 0.80505
Training epoch 1 | loss: 0.15542 - accuracy: 0.94379
Validating epoch 1 | loss: 0.56229 - accuracy: 0.81995
Training epoch 2 | loss: 0.08528 - accuracy: 0.97168
Validating epoch 2 | loss: 0.58441 - accuracy: 0.82454
Training epoch 3 | loss: 0.05627 - accuracy: 0.98223
Validating epoch 3 | loss: 0.56767 - accuracy: 0.83945
Model is Bert, dataset is sst, undersample is None, aug mode is trans, geo is 0.3, pct_usage is None, small_label is 0, small_prop is 0.2, balance_seed is 26, lr is 2e-05, max_epochs is 4, split_num is 0
Training epoch 0 | loss: 0.43957 - accuracy: 0.79162
Validating epoch 0 | loss: 0.35251 - accuracy: 0.8555
Training epoch 1 | loss: 0.16747 - accuracy: 0.94205
Validating epoch 1 | loss: 0.45987 - accuracy: 0.85092
Training epoch 2 | loss: 0.09852 - accuracy: 0.97038
Validating epoch 2 | loss: 0.472 - accuracy: 0.84518
Training epoch 3 | loss: 0.06456 - accuracy: 0.98353
Validating epoch 3 | loss: 0.48703 - accuracy: 0.85321
Model is Bert, dataset is sst, undersample is None, aug mode is trans, geo is 0.5, pct_usage is None, small_label is 0, small_prop is 0.2, balance_seed is 26, lr is 2e-05, max_epochs is 4, split_num is 0
Training epoch 0 | loss: 0.43203 - accuracy: 0.78757
Validating epoch 0 | loss: 0.36111 - accuracy: 0.84748
Training epoch 1 | loss: 0.17262 - accuracy: 0.93714
Validating epoch 1 | loss: 0.38785 - accuracy: 0.86353
Training epoch 2 | loss: 0.08892 - accuracy: 0.9724
Validating epoch 2 | loss: 0.4696 - accuracy: 0.85206
Training epoch 3 | loss: 0.05976 - accuracy: 0.98425
Validating epoch 3 | loss: 0.51066 - accuracy: 0.85092
Model is Bert, dataset is sst, undersample is None, aug mode is trans, geo is 0.7, pct_usage is None, small_label is 0, small_prop is 0.2, balance_seed is 26, lr is 2e-05, max_epochs is 4, split_num is 0
Training epoch 0 | loss: 0.41333 - accuracy: 0.78699
Validating epoch 0 | loss: 0.36451 - accuracy: 0.85894
Training epoch 1 | loss: 0.14273 - accuracy: 0.95275
Validating epoch 1 | loss: 0.5396 - accuracy: 0.80849
Training epoch 2 | loss: 0.06449 - accuracy: 0.9802
Validating epoch 2 | loss: 0.46572 - accuracy: 0.86009
Training epoch 3 | loss: 0.04247 - accuracy: 0.98858
Validating epoch 3 | loss: 0.51828 - accuracy: 0.8578
Model is Bert, dataset is sst, undersample is None, aug mode is trans, geo is 0.9, pct_usage is None, small_label is 0, small_prop is 0.2, balance_seed is 26, lr is 2e-05, max_epochs is 4, split_num is 0
Training epoch 0 | loss: 0.40007 - accuracy: 0.78815
Validating epoch 0 | loss: 0.47243 - accuracy: 0.82454
Training epoch 1 | loss: 0.10793 - accuracy: 0.96503
Validating epoch 1 | loss: 0.54463 - accuracy: 0.82798
Training epoch 2 | loss: 0.05105 - accuracy: 0.98642
Validating epoch 2 | loss: 0.66528 - accuracy: 0.80505
Training epoch 3 | loss: 0.03468 - accuracy: 0.99075
Validating epoch 3 | loss: 0.67949 - accuracy: 0.81995
Model is Bert, dataset is sst, undersample is False, aug mode is None, geo is None, pct_usage is None, small_label is 1, small_prop is 0.2, balance_seed is 26, lr is 2e-05, max_epochs is 4, split_num is 0
Training epoch 0 | loss: 0.3837 - accuracy: 0.80607
Validating epoch 0 | loss: 0.37026 - accuracy: 0.86812
Training epoch 1 | loss: 0.06084 - accuracy: 0.98266
Validating epoch 1 | loss: 0.75902 - accuracy: 0.82569
Training epoch 2 | loss: 0.01442 - accuracy: 0.99711
Validating epoch 2 | loss: 0.9194 - accuracy: 0.82683
Training epoch 3 | loss: 0.00834 - accuracy: 0.99827
Validating epoch 3 | loss: 0.79283 - accuracy: 0.84518
Model is Bert, dataset is sst, undersample is True, aug mode is None, geo is None, pct_usage is None, small_label is 1, small_prop is 0.2, balance_seed is 26, lr is 2e-05, max_epochs is 4, split_num is 0
Training epoch 0 | loss: 0.36174 - accuracy: 0.81575
Validating epoch 0 | loss: 0.49218 - accuracy: 0.85894
Training epoch 1 | loss: 0.03129 - accuracy: 0.99191
Validating epoch 1 | loss: 0.60882 - accuracy: 0.86697
Training epoch 2 | loss: 0.00501 - accuracy: 0.99942
Validating epoch 2 | loss: 0.68221 - accuracy: 0.86812
Training epoch 3 | loss: 0.00359 - accuracy: 0.99957
Validating epoch 3 | loss: 0.68587 - accuracy: 0.86812
Model is Bert, dataset is sst, undersample is None, aug mode is trans, geo is 0.1, pct_usage is None, small_label is 1, small_prop is 0.2, balance_seed is 26, lr is 2e-05, max_epochs is 4, split_num is 0
Training epoch 0 | loss: 0.41192 - accuracy: 0.80217
Validating epoch 0 | loss: 0.34964 - accuracy: 0.86124
Training epoch 1 | loss: 0.15882 - accuracy: 0.94364
Validating epoch 1 | loss: 0.43413 - accuracy: 0.84862
Training epoch 2 | loss: 0.09046 - accuracy: 0.96936
Validating epoch 2 | loss: 0.50688 - accuracy: 0.84748
Training epoch 3 | loss: 0.05938 - accuracy: 0.98251
Validating epoch 3 | loss: 0.43866 - accuracy: 0.87385
Model is Bert, dataset is sst, undersample is None, aug mode is trans, geo is 0.3, pct_usage is None, small_label is 1, small_prop is 0.2, balance_seed is 26, lr is 2e-05, max_epochs is 4, split_num is 0
Training epoch 0 | loss: 0.42562 - accuracy: 0.78642
Validating epoch 0 | loss: 0.41873 - accuracy: 0.84748
Training epoch 1 | loss: 0.15935 - accuracy: 0.94234
Validating epoch 1 | loss: 0.37942 - accuracy: 0.88532
Training epoch 2 | loss: 0.07773 - accuracy: 0.975
Validating epoch 2 | loss: 0.44612 - accuracy: 0.87729
Training epoch 3 | loss: 0.04354 - accuracy: 0.98743
Validating epoch 3 | loss: 0.47206 - accuracy: 0.87959
Model is Bert, dataset is sst, undersample is None, aug mode is trans, geo is 0.5, pct_usage is None, small_label is 1, small_prop is 0.2, balance_seed is 26, lr is 2e-05, max_epochs is 4, split_num is 0
Training epoch 0 | loss: 0.40985 - accuracy: 0.78844
Validating epoch 0 | loss: 0.36829 - accuracy: 0.87041
Training epoch 1 | loss: 0.15168 - accuracy: 0.94754
Validating epoch 1 | loss: 0.42678 - accuracy: 0.86927
Training epoch 2 | loss: 0.07849 - accuracy: 0.97702
Validating epoch 2 | loss: 0.45325 - accuracy: 0.875
Training epoch 3 | loss: 0.05285 - accuracy: 0.98425
Validating epoch 3 | loss: 0.47327 - accuracy: 0.87271
Model is Bert, dataset is sst, undersample is None, aug mode is trans, geo is 0.7, pct_usage is None, small_label is 1, small_prop is 0.2, balance_seed is 26, lr is 2e-05, max_epochs is 4, split_num is 0
Training epoch 0 | loss: 0.42693 - accuracy: 0.77688
Validating epoch 0 | loss: 0.3896 - accuracy: 0.85436
Training epoch 1 | loss: 0.13374 - accuracy: 0.95462
Validating epoch 1 | loss: 0.43336 - accuracy: 0.87041
Training epoch 2 | loss: 0.07088 - accuracy: 0.97847
Validating epoch 2 | loss: 0.44248 - accuracy: 0.88303
Training epoch 3 | loss: 0.03962 - accuracy: 0.98815
Validating epoch 3 | loss: 0.47163 - accuracy: 0.88188
Model is Bert, dataset is sst, undersample is None, aug mode is trans, geo is 0.9, pct_usage is None, small_label is 1, small_prop is 0.2, balance_seed is 26, lr is 2e-05, max_epochs is 4, split_num is 0
Training epoch 0 | loss: 0.40457 - accuracy: 0.78584
Validating epoch 0 | loss: 0.3621 - accuracy: 0.87271
Training epoch 1 | loss: 0.10066 - accuracy: 0.96604
Validating epoch 1 | loss: 0.46848 - accuracy: 0.86812
Training epoch 2 | loss: 0.04419 - accuracy: 0.98786
Validating epoch 2 | loss: 0.54765 - accuracy: 0.86239
Training epoch 3 | loss: 0.03207 - accuracy: 0.9909
Validating epoch 3 | loss: 0.51216 - accuracy: 0.875
Model is Bert, dataset is sst, undersample is False, aug mode is None, geo is None, pct_usage is None, small_label is 0, small_prop is 0.4, balance_seed is 26, lr is 2e-05, max_epochs is 4, split_num is 0
Training epoch 0 | loss: 0.41036 - accuracy: 0.80766
Validating epoch 0 | loss: 0.33904 - accuracy: 0.86009
Training epoch 1 | loss: 0.13497 - accuracy: 0.95564
Validating epoch 1 | loss: 0.3944 - accuracy: 0.86927
Training epoch 2 | loss: 0.05141 - accuracy: 0.98569
Validating epoch 2 | loss: 0.48775 - accuracy: 0.87041
Training epoch 3 | loss: 0.02674 - accuracy: 0.99451
Validating epoch 3 | loss: 0.61421 - accuracy: 0.84862
Model is Bert, dataset is sst, undersample is True, aug mode is None, geo is None, pct_usage is None, small_label is 0, small_prop is 0.4, balance_seed is 26, lr is 2e-05, max_epochs is 4, split_num is 0
Training epoch 0 | loss: 0.41185 - accuracy: 0.79986
Validating epoch 0 | loss: 0.45174 - accuracy: 0.83945
Training epoch 1 | loss: 0.08463 - accuracy: 0.97413
Validating epoch 1 | loss: 0.43571 - accuracy: 0.88073
Training epoch 2 | loss: 0.01916 - accuracy: 0.99552
Validating epoch 2 | loss: 0.55241 - accuracy: 0.86812
Training epoch 3 | loss: 0.00662 - accuracy: 0.99855
Validating epoch 3 | loss: 0.57825 - accuracy: 0.875
Model is Bert, dataset is sst, undersample is None, aug mode is trans, geo is 0.1, pct_usage is None, small_label is 0, small_prop is 0.4, balance_seed is 26, lr is 2e-05, max_epochs is 4, split_num is 0
Training epoch 0 | loss: 0.45298 - accuracy: 0.76604
Validating epoch 0 | loss: 0.42475 - accuracy: 0.82339
Training epoch 1 | loss: 0.22207 - accuracy: 0.91517
Validating epoch 1 | loss: 0.38357 - accuracy: 0.84862
Training epoch 2 | loss: 0.13456 - accuracy: 0.95332
Validating epoch 2 | loss: 0.42098 - accuracy: 0.85436
Training epoch 3 | loss: 0.09493 - accuracy: 0.97168
Validating epoch 3 | loss: 0.45335 - accuracy: 0.86124
Model is Bert, dataset is sst, undersample is None, aug mode is trans, geo is 0.3, pct_usage is None, small_label is 0, small_prop is 0.4, balance_seed is 26, lr is 2e-05, max_epochs is 4, split_num is 0
Training epoch 0 | loss: 0.47426 - accuracy: 0.76358
Validating epoch 0 | loss: 0.35765 - accuracy: 0.85321
Training epoch 1 | loss: 0.23108 - accuracy: 0.91257
Validating epoch 1 | loss: 0.3789 - accuracy: 0.85436
Training epoch 2 | loss: 0.13657 - accuracy: 0.95217
Validating epoch 2 | loss: 0.42797 - accuracy: 0.85206
Training epoch 3 | loss: 0.0917 - accuracy: 0.97182
Validating epoch 3 | loss: 0.45613 - accuracy: 0.85894
Model is Bert, dataset is sst, undersample is None, aug mode is trans, geo is 0.5, pct_usage is None, small_label is 0, small_prop is 0.4, balance_seed is 26, lr is 2e-05, max_epochs is 4, split_num is 0
Training epoch 0 | loss: 0.43937 - accuracy: 0.79118
Validating epoch 0 | loss: 0.34235 - accuracy: 0.87385
Training epoch 1 | loss: 0.20595 - accuracy: 0.92182
Validating epoch 1 | loss: 0.42543 - accuracy: 0.85206
Training epoch 2 | loss: 0.10538 - accuracy: 0.9659
Validating epoch 2 | loss: 0.44176 - accuracy: 0.86353
Training epoch 3 | loss: 0.0785 - accuracy: 0.97514
Validating epoch 3 | loss: 0.46843 - accuracy: 0.85665
Model is Bert, dataset is sst, undersample is None, aug mode is trans, geo is 0.7, pct_usage is None, small_label is 0, small_prop is 0.4, balance_seed is 26, lr is 2e-05, max_epochs is 4, split_num is 0
Training epoch 0 | loss: 0.42317 - accuracy: 0.79176
Validating epoch 0 | loss: 0.40415 - accuracy: 0.85206
Training epoch 1 | loss: 0.18058 - accuracy: 0.93208
Validating epoch 1 | loss: 0.39244 - accuracy: 0.86009
Training epoch 2 | loss: 0.09842 - accuracy: 0.96763
Validating epoch 2 | loss: 0.41958 - accuracy: 0.86468
Training epoch 3 | loss: 0.0669 - accuracy: 0.98078
Validating epoch 3 | loss: 0.47085 - accuracy: 0.86239
Model is Bert, dataset is sst, undersample is None, aug mode is trans, geo is 0.9, pct_usage is None, small_label is 0, small_prop is 0.4, balance_seed is 26, lr is 2e-05, max_epochs is 4, split_num is 0
Training epoch 0 | loss: 0.43271 - accuracy: 0.77673
Validating epoch 0 | loss: 0.37367 - accuracy: 0.85436
Training epoch 1 | loss: 0.15721 - accuracy: 0.94509
Validating epoch 1 | loss: 0.42974 - accuracy: 0.86583
Training epoch 2 | loss: 0.07466 - accuracy: 0.97702
Validating epoch 2 | loss: 0.52899 - accuracy: 0.85436
Training epoch 3 | loss: 0.03736 - accuracy: 0.99046
Validating epoch 3 | loss: 0.53559 - accuracy: 0.86812
Model is Bert, dataset is sst, undersample is False, aug mode is None, geo is None, pct_usage is None, small_label is 1, small_prop is 0.4, balance_seed is 26, lr is 2e-05, max_epochs is 4, split_num is 0
Training epoch 0 | loss: 0.42537 - accuracy: 0.7815
Validating epoch 0 | loss: 0.34689 - accuracy: 0.87729
Training epoch 1 | loss: 0.12638 - accuracy: 0.95665
Validating epoch 1 | loss: 0.38323 - accuracy: 0.88188
Training epoch 2 | loss: 0.04272 - accuracy: 0.98815
Validating epoch 2 | loss: 0.4834 - accuracy: 0.88761
Training epoch 3 | loss: 0.01887 - accuracy: 0.99595
Validating epoch 3 | loss: 0.5637 - accuracy: 0.88073
Model is Bert, dataset is sst, undersample is True, aug mode is None, geo is None, pct_usage is None, small_label is 1, small_prop is 0.4, balance_seed is 26, lr is 2e-05, max_epochs is 4, split_num is 0
Training epoch 0 | loss: 0.40626 - accuracy: 0.79581
Validating epoch 0 | loss: 0.3289 - accuracy: 0.86583
Training epoch 1 | loss: 0.0943 - accuracy: 0.97153
Validating epoch 1 | loss: 0.43359 - accuracy: 0.86812
Training epoch 2 | loss: 0.02933 - accuracy: 0.99335
Validating epoch 2 | loss: 0.47792 - accuracy: 0.87959
Training epoch 3 | loss: 0.01329 - accuracy: 0.99798
Validating epoch 3 | loss: 0.51969 - accuracy: 0.87729
Model is Bert, dataset is sst, undersample is None, aug mode is trans, geo is 0.1, pct_usage is None, small_label is 1, small_prop is 0.4, balance_seed is 26, lr is 2e-05, max_epochs is 4, split_num is 0
Training epoch 0 | loss: 0.43417 - accuracy: 0.78598
Validating epoch 0 | loss: 0.41184 - accuracy: 0.84633
Training epoch 1 | loss: 0.19031 - accuracy: 0.9302
Validating epoch 1 | loss: 0.39956 - accuracy: 0.86468
Training epoch 2 | loss: 0.10956 - accuracy: 0.96171
Validating epoch 2 | loss: 0.41334 - accuracy: 0.87729
Training epoch 3 | loss: 0.07866 - accuracy: 0.9763
Validating epoch 3 | loss: 0.42563 - accuracy: 0.88417
Model is Bert, dataset is sst, undersample is None, aug mode is trans, geo is 0.3, pct_usage is None, small_label is 1, small_prop is 0.4, balance_seed is 26, lr is 2e-05, max_epochs is 4, split_num is 0
Training epoch 0 | loss: 0.44514 - accuracy: 0.77803
Validating epoch 0 | loss: 0.32445 - accuracy: 0.87615
Training epoch 1 | loss: 0.19736 - accuracy: 0.92312
Validating epoch 1 | loss: 0.34988 - accuracy: 0.88073
Training epoch 2 | loss: 0.10865 - accuracy: 0.96344
Validating epoch 2 | loss: 0.37449 - accuracy: 0.88532
Training epoch 3 | loss: 0.07104 - accuracy: 0.97803
Validating epoch 3 | loss: 0.41153 - accuracy: 0.88417
Model is Bert, dataset is sst, undersample is None, aug mode is trans, geo is 0.5, pct_usage is None, small_label is 1, small_prop is 0.4, balance_seed is 26, lr is 2e-05, max_epochs is 4, split_num is 0
Training epoch 0 | loss: 0.44582 - accuracy: 0.78006
Validating epoch 0 | loss: 0.32598 - accuracy: 0.86927
Training epoch 1 | loss: 0.20425 - accuracy: 0.92153
Validating epoch 1 | loss: 0.31314 - accuracy: 0.89106
Training epoch 2 | loss: 0.1088 - accuracy: 0.96517
Validating epoch 2 | loss: 0.39376 - accuracy: 0.87615
Training epoch 3 | loss: 0.07588 - accuracy: 0.97673
Validating epoch 3 | loss: 0.42009 - accuracy: 0.87959
Model is Bert, dataset is sst, undersample is None, aug mode is trans, geo is 0.7, pct_usage is None, small_label is 1, small_prop is 0.4, balance_seed is 26, lr is 2e-05, max_epochs is 4, split_num is 0
Training epoch 0 | loss: 0.43223 - accuracy: 0.78916
Validating epoch 0 | loss: 0.32268 - accuracy: 0.86927
Training epoch 1 | loss: 0.179 - accuracy: 0.93439
Validating epoch 1 | loss: 0.35243 - accuracy: 0.87959
Training epoch 2 | loss: 0.08342 - accuracy: 0.97529
Validating epoch 2 | loss: 0.44995 - accuracy: 0.87271
Training epoch 3 | loss: 0.06089 - accuracy: 0.98295
Validating epoch 3 | loss: 0.46612 - accuracy: 0.87959
Model is Bert, dataset is sst, undersample is None, aug mode is trans, geo is 0.9, pct_usage is None, small_label is 1, small_prop is 0.4, balance_seed is 26, lr is 2e-05, max_epochs is 4, split_num is 0
Training epoch 0 | loss: 0.44387 - accuracy: 0.77457
Validating epoch 0 | loss: 0.31546 - accuracy: 0.88073
Training epoch 1 | loss: 0.16237 - accuracy: 0.94494
Validating epoch 1 | loss: 0.35473 - accuracy: 0.87271
Training epoch 2 | loss: 0.0702 - accuracy: 0.97962
Validating epoch 2 | loss: 0.43811 - accuracy: 0.87729
Training epoch 3 | loss: 0.04003 - accuracy: 0.98988
Validating epoch 3 | loss: 0.47832 - accuracy: 0.87844
Model is Bert, dataset is sst, undersample is False, aug mode is None, geo is None, pct_usage is None, small_label is 0, small_prop is 0.6, balance_seed is 26, lr is 2e-05, max_epochs is 4, split_num is 0
Training epoch 0 | loss: 0.42575 - accuracy: 0.79032
Validating epoch 0 | loss: 0.32149 - accuracy: 0.87271
Training epoch 1 | loss: 0.15419 - accuracy: 0.94538
Validating epoch 1 | loss: 0.39457 - accuracy: 0.87385
Training epoch 2 | loss: 0.05553 - accuracy: 0.98324
Validating epoch 2 | loss: 0.51748 - accuracy: 0.86468
Training epoch 3 | loss: 0.02362 - accuracy: 0.99436
Validating epoch 3 | loss: 0.55229 - accuracy: 0.87615
Model is Bert, dataset is sst, undersample is True, aug mode is None, geo is None, pct_usage is None, small_label is 0, small_prop is 0.6, balance_seed is 26, lr is 2e-05, max_epochs is 4, split_num is 0
Training epoch 0 | loss: 0.42694 - accuracy: 0.77803
Validating epoch 0 | loss: 0.33265 - accuracy: 0.86353
Training epoch 1 | loss: 0.12164 - accuracy: 0.95983
Validating epoch 1 | loss: 0.36846 - accuracy: 0.88188
Training epoch 2 | loss: 0.03825 - accuracy: 0.98931
Validating epoch 2 | loss: 0.49834 - accuracy: 0.875
Training epoch 3 | loss: 0.01623 - accuracy: 0.99653
Validating epoch 3 | loss: 0.50714 - accuracy: 0.88303
Model is Bert, dataset is sst, undersample is None, aug mode is trans, geo is 0.1, pct_usage is None, small_label is 0, small_prop is 0.6, balance_seed is 26, lr is 2e-05, max_epochs is 4, split_num is 0
Training epoch 0 | loss: 0.44881 - accuracy: 0.77355
Validating epoch 0 | loss: 0.3828 - accuracy: 0.84518
Training epoch 1 | loss: 0.227 - accuracy: 0.91402
Validating epoch 1 | loss: 0.44435 - accuracy: 0.84289
Training epoch 2 | loss: 0.13768 - accuracy: 0.95332
Validating epoch 2 | loss: 0.44244 - accuracy: 0.8578
Training epoch 3 | loss: 0.09427 - accuracy: 0.96951
Validating epoch 3 | loss: 0.46312 - accuracy: 0.8578
Model is Bert, dataset is sst, undersample is None, aug mode is trans, geo is 0.3, pct_usage is None, small_label is 0, small_prop is 0.6, balance_seed is 26, lr is 2e-05, max_epochs is 4, split_num is 0
Training epoch 0 | loss: 0.4511 - accuracy: 0.78598
Validating epoch 0 | loss: 0.40045 - accuracy: 0.83601
Training epoch 1 | loss: 0.23626 - accuracy: 0.91127
Validating epoch 1 | loss: 0.37122 - accuracy: 0.86124
Training epoch 2 | loss: 0.13458 - accuracy: 0.95491
Validating epoch 2 | loss: 0.44276 - accuracy: 0.8578
Training epoch 3 | loss: 0.0942 - accuracy: 0.96951
Validating epoch 3 | loss: 0.45055 - accuracy: 0.86009
Model is Bert, dataset is sst, undersample is None, aug mode is trans, geo is 0.5, pct_usage is None, small_label is 0, small_prop is 0.6, balance_seed is 26, lr is 2e-05, max_epochs is 4, split_num is 0
Training epoch 0 | loss: 0.4583 - accuracy: 0.76171
Validating epoch 0 | loss: 0.3101 - accuracy: 0.87271
Training epoch 1 | loss: 0.22451 - accuracy: 0.91691
Validating epoch 1 | loss: 0.33255 - accuracy: 0.86583
Training epoch 2 | loss: 0.13552 - accuracy: 0.95462
Validating epoch 2 | loss: 0.38095 - accuracy: 0.87156
Training epoch 3 | loss: 0.09011 - accuracy: 0.97225
Validating epoch 3 | loss: 0.41607 - accuracy: 0.87729
Model is Bert, dataset is sst, undersample is None, aug mode is trans, geo is 0.7, pct_usage is None, small_label is 0, small_prop is 0.6, balance_seed is 26, lr is 2e-05, max_epochs is 4, split_num is 0
Training epoch 0 | loss: 0.44368 - accuracy: 0.7909
Validating epoch 0 | loss: 0.39854 - accuracy: 0.84633
Training epoch 1 | loss: 0.22059 - accuracy: 0.91864
Validating epoch 1 | loss: 0.40875 - accuracy: 0.85321
Training epoch 2 | loss: 0.12277 - accuracy: 0.95795
Validating epoch 2 | loss: 0.42851 - accuracy: 0.86583
Training epoch 3 | loss: 0.07468 - accuracy: 0.97775
Validating epoch 3 | loss: 0.4625 - accuracy: 0.87385
Model is Bert, dataset is sst, undersample is None, aug mode is trans, geo is 0.9, pct_usage is None, small_label is 0, small_prop is 0.6, balance_seed is 26, lr is 2e-05, max_epochs is 4, split_num is 0
Training epoch 0 | loss: 0.46571 - accuracy: 0.77038
Validating epoch 0 | loss: 0.3386 - accuracy: 0.85436
Training epoch 1 | loss: 0.21131 - accuracy: 0.92182
Validating epoch 1 | loss: 0.33375 - accuracy: 0.87385
Training epoch 2 | loss: 0.10388 - accuracy: 0.96705
Validating epoch 2 | loss: 0.39285 - accuracy: 0.87959
Training epoch 3 | loss: 0.05518 - accuracy: 0.98425
Validating epoch 3 | loss: 0.41594 - accuracy: 0.88073
Model is Bert, dataset is sst, undersample is False, aug mode is None, geo is None, pct_usage is None, small_label is 1, small_prop is 0.6, balance_seed is 26, lr is 2e-05, max_epochs is 4, split_num is 0
Training epoch 0 | loss: 0.43189 - accuracy: 0.78049
Validating epoch 0 | loss: 0.3242 - accuracy: 0.87844
Training epoch 1 | loss: 0.16711 - accuracy: 0.94205
Validating epoch 1 | loss: 0.3202 - accuracy: 0.88876
Training epoch 2 | loss: 0.06799 - accuracy: 0.97934
Validating epoch 2 | loss: 0.39901 - accuracy: 0.88761
Training epoch 3 | loss: 0.03063 - accuracy: 0.99292
Validating epoch 3 | loss: 0.4458 - accuracy: 0.88532
Model is Bert, dataset is sst, undersample is True, aug mode is None, geo is None, pct_usage is None, small_label is 1, small_prop is 0.6, balance_seed is 26, lr is 2e-05, max_epochs is 4, split_num is 0
Training epoch 0 | loss: 0.44664 - accuracy: 0.77587
Validating epoch 0 | loss: 0.31208 - accuracy: 0.87844
Training epoch 1 | loss: 0.1541 - accuracy: 0.94827
Validating epoch 1 | loss: 0.37546 - accuracy: 0.88073
Training epoch 2 | loss: 0.05956 - accuracy: 0.9828
Validating epoch 2 | loss: 0.4571 - accuracy: 0.87615
Training epoch 3 | loss: 0.02994 - accuracy: 0.99306
Validating epoch 3 | loss: 0.49629 - accuracy: 0.875
Model is Bert, dataset is sst, undersample is None, aug mode is trans, geo is 0.1, pct_usage is None, small_label is 1, small_prop is 0.6, balance_seed is 26, lr is 2e-05, max_epochs is 4, split_num is 0
Training epoch 0 | loss: 0.4334 - accuracy: 0.78396
Validating epoch 0 | loss: 0.4101 - accuracy: 0.84748
Training epoch 1 | loss: 0.20743 - accuracy: 0.91922
Validating epoch 1 | loss: 0.36323 - accuracy: 0.86353
Training epoch 2 | loss: 0.12173 - accuracy: 0.95795
Validating epoch 2 | loss: 0.39897 - accuracy: 0.87156
Training epoch 3 | loss: 0.09051 - accuracy: 0.97225
Validating epoch 3 | loss: 0.43179 - accuracy: 0.87385
Model is Bert, dataset is sst, undersample is None, aug mode is trans, geo is 0.3, pct_usage is None, small_label is 1, small_prop is 0.6, balance_seed is 26, lr is 2e-05, max_epochs is 4, split_num is 0
Training epoch 0 | loss: 0.4407 - accuracy: 0.79104
Validating epoch 0 | loss: 0.36145 - accuracy: 0.84862
Training epoch 1 | loss: 0.24087 - accuracy: 0.91055
Validating epoch 1 | loss: 0.33489 - accuracy: 0.86812
Training epoch 2 | loss: 0.14907 - accuracy: 0.94899
Validating epoch 2 | loss: 0.37803 - accuracy: 0.88188
Training epoch 3 | loss: 0.10375 - accuracy: 0.96662
Validating epoch 3 | loss: 0.41606 - accuracy: 0.875
Model is Bert, dataset is sst, undersample is None, aug mode is trans, geo is 0.5, pct_usage is None, small_label is 1, small_prop is 0.6, balance_seed is 26, lr is 2e-05, max_epochs is 4, split_num is 0
Training epoch 0 | loss: 0.44952 - accuracy: 0.7724
Validating epoch 0 | loss: 0.33958 - accuracy: 0.86124
Training epoch 1 | loss: 0.21671 - accuracy: 0.91416
Validating epoch 1 | loss: 0.3189 - accuracy: 0.88303
Training epoch 2 | loss: 0.12545 - accuracy: 0.95434
Validating epoch 2 | loss: 0.3627 - accuracy: 0.87844
Training epoch 3 | loss: 0.08158 - accuracy: 0.97341
Validating epoch 3 | loss: 0.41229 - accuracy: 0.87959
Model is Bert, dataset is sst, undersample is None, aug mode is trans, geo is 0.7, pct_usage is None, small_label is 1, small_prop is 0.6, balance_seed is 26, lr is 2e-05, max_epochs is 4, split_num is 0
Training epoch 0 | loss: 0.44463 - accuracy: 0.77283
Validating epoch 0 | loss: 0.31046 - accuracy: 0.875
Training epoch 1 | loss: 0.20894 - accuracy: 0.92413
Validating epoch 1 | loss: 0.33091 - accuracy: 0.88188
Training epoch 2 | loss: 0.11455 - accuracy: 0.96257
Validating epoch 2 | loss: 0.40715 - accuracy: 0.87729
Training epoch 3 | loss: 0.08203 - accuracy: 0.97327
Validating epoch 3 | loss: 0.42652 - accuracy: 0.88073
Model is Bert, dataset is sst, undersample is None, aug mode is trans, geo is 0.9, pct_usage is None, small_label is 1, small_prop is 0.6, balance_seed is 26, lr is 2e-05, max_epochs is 4, split_num is 0
Training epoch 0 | loss: 0.43986 - accuracy: 0.78107
Validating epoch 0 | loss: 0.32735 - accuracy: 0.86697
Training epoch 1 | loss: 0.19516 - accuracy: 0.92991
Validating epoch 1 | loss: 0.32312 - accuracy: 0.88303
Training epoch 2 | loss: 0.10575 - accuracy: 0.96618
Validating epoch 2 | loss: 0.363 - accuracy: 0.88417
Training epoch 3 | loss: 0.06589 - accuracy: 0.98165
Validating epoch 3 | loss: 0.39146 - accuracy: 0.88303
Model is Bert, dataset is sst, undersample is False, aug mode is None, geo is None, pct_usage is None, small_label is 0, small_prop is 0.8, balance_seed is 26, lr is 2e-05, max_epochs is 4, split_num is 0
Training epoch 0 | loss: 0.42281 - accuracy: 0.78974
Validating epoch 0 | loss: 0.32747 - accuracy: 0.87959
Training epoch 1 | loss: 0.17686 - accuracy: 0.93382
Validating epoch 1 | loss: 0.41502 - accuracy: 0.84977
Training epoch 2 | loss: 0.08386 - accuracy: 0.97254
Validating epoch 2 | loss: 0.38888 - accuracy: 0.88991
Training epoch 3 | loss: 0.04043 - accuracy: 0.98931
Validating epoch 3 | loss: 0.47551 - accuracy: 0.88532
Model is Bert, dataset is sst, undersample is True, aug mode is None, geo is None, pct_usage is None, small_label is 0, small_prop is 0.8, balance_seed is 26, lr is 2e-05, max_epochs is 4, split_num is 0
Training epoch 0 | loss: 0.43628 - accuracy: 0.78367
Validating epoch 0 | loss: 0.29936 - accuracy: 0.87385
Training epoch 1 | loss: 0.1625 - accuracy: 0.94263
Validating epoch 1 | loss: 0.34571 - accuracy: 0.87844
Training epoch 2 | loss: 0.06498 - accuracy: 0.97962
Validating epoch 2 | loss: 0.46997 - accuracy: 0.86697
Training epoch 3 | loss: 0.02904 - accuracy: 0.99379
Validating epoch 3 | loss: 0.46801 - accuracy: 0.88532
Model is Bert, dataset is sst, undersample is None, aug mode is trans, geo is 0.1, pct_usage is None, small_label is 0, small_prop is 0.8, balance_seed is 26, lr is 2e-05, max_epochs is 4, split_num is 0
Training epoch 0 | loss: 0.43573 - accuracy: 0.78801
Validating epoch 0 | loss: 0.37242 - accuracy: 0.84518
Training epoch 1 | loss: 0.23728 - accuracy: 0.9065
Validating epoch 1 | loss: 0.3909 - accuracy: 0.8406
Training epoch 2 | loss: 0.14006 - accuracy: 0.95231
Validating epoch 2 | loss: 0.50908 - accuracy: 0.83142
Training epoch 3 | loss: 0.10469 - accuracy: 0.96633
Validating epoch 3 | loss: 0.45096 - accuracy: 0.85321
Model is Bert, dataset is sst, undersample is None, aug mode is trans, geo is 0.3, pct_usage is None, small_label is 0, small_prop is 0.8, balance_seed is 26, lr is 2e-05, max_epochs is 4, split_num is 0
Training epoch 0 | loss: 0.45826 - accuracy: 0.77731
Validating epoch 0 | loss: 0.3401 - accuracy: 0.84862
Training epoch 1 | loss: 0.23891 - accuracy: 0.90679
Validating epoch 1 | loss: 0.34716 - accuracy: 0.85894
Training epoch 2 | loss: 0.15283 - accuracy: 0.94682
Validating epoch 2 | loss: 0.36125 - accuracy: 0.86927
Training epoch 3 | loss: 0.09958 - accuracy: 0.96387
Validating epoch 3 | loss: 0.40797 - accuracy: 0.87156
Model is Bert, dataset is sst, undersample is None, aug mode is trans, geo is 0.5, pct_usage is None, small_label is 0, small_prop is 0.8, balance_seed is 26, lr is 2e-05, max_epochs is 4, split_num is 0
Training epoch 0 | loss: 0.46038 - accuracy: 0.75809
Validating epoch 0 | loss: 0.31722 - accuracy: 0.87041
Training epoch 1 | loss: 0.23323 - accuracy: 0.91185
Validating epoch 1 | loss: 0.3671 - accuracy: 0.85894
Training epoch 2 | loss: 0.14376 - accuracy: 0.94827
Validating epoch 2 | loss: 0.38724 - accuracy: 0.86353
Training epoch 3 | loss: 0.0827 - accuracy: 0.97399
Validating epoch 3 | loss: 0.43357 - accuracy: 0.87156
Model is Bert, dataset is sst, undersample is None, aug mode is trans, geo is 0.7, pct_usage is None, small_label is 0, small_prop is 0.8, balance_seed is 26, lr is 2e-05, max_epochs is 4, split_num is 0
Training epoch 0 | loss: 0.45319 - accuracy: 0.77818
Validating epoch 0 | loss: 0.34201 - accuracy: 0.86124
Training epoch 1 | loss: 0.23065 - accuracy: 0.90896
Validating epoch 1 | loss: 0.30525 - accuracy: 0.87844
Training epoch 2 | loss: 0.12418 - accuracy: 0.95592
Validating epoch 2 | loss: 0.3821 - accuracy: 0.86812
Training epoch 3 | loss: 0.08579 - accuracy: 0.97312
Validating epoch 3 | loss: 0.41654 - accuracy: 0.88073
Model is Bert, dataset is sst, undersample is None, aug mode is trans, geo is 0.9, pct_usage is None, small_label is 0, small_prop is 0.8, balance_seed is 26, lr is 2e-05, max_epochs is 4, split_num is 0
Training epoch 0 | loss: 0.44142 - accuracy: 0.78064
Validating epoch 0 | loss: 0.3135 - accuracy: 0.87041
Training epoch 1 | loss: 0.20682 - accuracy: 0.92601
Validating epoch 1 | loss: 0.36141 - accuracy: 0.86353
Training epoch 2 | loss: 0.11296 - accuracy: 0.96431
Validating epoch 2 | loss: 0.39705 - accuracy: 0.86353
Training epoch 3 | loss: 0.06478 - accuracy: 0.98136
Validating epoch 3 | loss: 0.42045 - accuracy: 0.87844
Model is Bert, dataset is sst, undersample is False, aug mode is None, geo is None, pct_usage is None, small_label is 1, small_prop is 0.8, balance_seed is 26, lr is 2e-05, max_epochs is 4, split_num is 0
Training epoch 0 | loss: 0.43198 - accuracy: 0.78309
Validating epoch 0 | loss: 0.33962 - accuracy: 0.87156
Training epoch 1 | loss: 0.18611 - accuracy: 0.9315
Validating epoch 1 | loss: 0.35488 - accuracy: 0.87959
Training epoch 2 | loss: 0.07877 - accuracy: 0.97428
Validating epoch 2 | loss: 0.39856 - accuracy: 0.87844
Training epoch 3 | loss: 0.0358 - accuracy: 0.99133
Validating epoch 3 | loss: 0.43183 - accuracy: 0.88647
Model is Bert, dataset is sst, undersample is True, aug mode is None, geo is None, pct_usage is None, small_label is 1, small_prop is 0.8, balance_seed is 26, lr is 2e-05, max_epochs is 4, split_num is 0
Training epoch 0 | loss: 0.44736 - accuracy: 0.76936
Validating epoch 0 | loss: 0.32234 - accuracy: 0.87615
Training epoch 1 | loss: 0.17829 - accuracy: 0.93555
Validating epoch 1 | loss: 0.36334 - accuracy: 0.88417
Training epoch 2 | loss: 0.07133 - accuracy: 0.97847
Validating epoch 2 | loss: 0.42027 - accuracy: 0.88188
Training epoch 3 | loss: 0.03465 - accuracy: 0.98988
Validating epoch 3 | loss: 0.44315 - accuracy: 0.88876
Model is Bert, dataset is sst, undersample is None, aug mode is trans, geo is 0.1, pct_usage is None, small_label is 1, small_prop is 0.8, balance_seed is 26, lr is 2e-05, max_epochs is 4, split_num is 0
Training epoch 0 | loss: 0.43894 - accuracy: 0.78613
Validating epoch 0 | loss: 0.3405 - accuracy: 0.86697
Training epoch 1 | loss: 0.21204 - accuracy: 0.91546
Validating epoch 1 | loss: 0.36955 - accuracy: 0.86927
Training epoch 2 | loss: 0.13463 - accuracy: 0.95058
Validating epoch 2 | loss: 0.39043 - accuracy: 0.86697
Training epoch 3 | loss: 0.09706 - accuracy: 0.9672
Validating epoch 3 | loss: 0.41321 - accuracy: 0.875
Model is Bert, dataset is sst, undersample is None, aug mode is trans, geo is 0.3, pct_usage is None, small_label is 1, small_prop is 0.8, balance_seed is 26, lr is 2e-05, max_epochs is 4, split_num is 0
Training epoch 0 | loss: 0.45808 - accuracy: 0.75795
Validating epoch 0 | loss: 0.33206 - accuracy: 0.8578
Training epoch 1 | loss: 0.23595 - accuracy: 0.90853
Validating epoch 1 | loss: 0.31487 - accuracy: 0.88188
Training epoch 2 | loss: 0.1479 - accuracy: 0.94841
Validating epoch 2 | loss: 0.35832 - accuracy: 0.87385
Training epoch 3 | loss: 0.10007 - accuracy: 0.96763
Validating epoch 3 | loss: 0.41071 - accuracy: 0.87385
Model is Bert, dataset is sst, undersample is None, aug mode is trans, geo is 0.5, pct_usage is None, small_label is 1, small_prop is 0.8, balance_seed is 26, lr is 2e-05, max_epochs is 4, split_num is 0
Training epoch 0 | loss: 0.45895 - accuracy: 0.75925
Validating epoch 0 | loss: 0.34815 - accuracy: 0.86583
Training epoch 1 | loss: 0.23773 - accuracy: 0.9091
Validating epoch 1 | loss: 0.3644 - accuracy: 0.86583
Training epoch 2 | loss: 0.14844 - accuracy: 0.94653
Validating epoch 2 | loss: 0.36782 - accuracy: 0.87959
Training epoch 3 | loss: 0.10086 - accuracy: 0.96792
Validating epoch 3 | loss: 0.39964 - accuracy: 0.88073
Model is Bert, dataset is sst, undersample is None, aug mode is trans, geo is 0.7, pct_usage is None, small_label is 1, small_prop is 0.8, balance_seed is 26, lr is 2e-05, max_epochs is 4, split_num is 0
Training epoch 0 | loss: 0.45188 - accuracy: 0.76431
Validating epoch 0 | loss: 0.32523 - accuracy: 0.86812
Training epoch 1 | loss: 0.2154 - accuracy: 0.91994
Validating epoch 1 | loss: 0.33436 - accuracy: 0.88303
Training epoch 2 | loss: 0.11831 - accuracy: 0.95853
Validating epoch 2 | loss: 0.38025 - accuracy: 0.88761
Training epoch 3 | loss: 0.08304 - accuracy: 0.97442
Validating epoch 3 | loss: 0.43255 - accuracy: 0.88073
Model is Bert, dataset is sst, undersample is None, aug mode is trans, geo is 0.9, pct_usage is None, small_label is 1, small_prop is 0.8, balance_seed is 26, lr is 2e-05, max_epochs is 4, split_num is 0
Training epoch 0 | loss: 0.44924 - accuracy: 0.77023
Validating epoch 0 | loss: 0.34462 - accuracy: 0.86927
Training epoch 1 | loss: 0.21299 - accuracy: 0.91777
Validating epoch 1 | loss: 0.33851 - accuracy: 0.87844
Training epoch 2 | loss: 0.10821 - accuracy: 0.96315
Validating epoch 2 | loss: 0.37958 - accuracy: 0.88647
Training epoch 3 | loss: 0.06426 - accuracy: 0.98049
Validating epoch 3 | loss: 0.4182 - accuracy: 0.88417
