Model is Bert, dataset is sst, undersample is False, aug mode is None, geo is None, pct_usage is None, small_label is 0, small_prop is 0.2, balance_seed is 25, lr is 2e-05, max_epochs is 4, split_num is 0
Training epoch 0 | loss: 0.39679 - accuracy: 0.79899
Validating epoch 0 | loss: 0.4174 - accuracy: 0.86124
Training epoch 1 | loss: 0.07721 - accuracy: 0.97558
Validating epoch 1 | loss: 0.7502 - accuracy: 0.81193
Training epoch 2 | loss: 0.0196 - accuracy: 0.99538
Validating epoch 2 | loss: 0.86585 - accuracy: 0.81881
Training epoch 3 | loss: 0.01121 - accuracy: 0.99754
Validating epoch 3 | loss: 0.98981 - accuracy: 0.80505
Model is Bert, dataset is sst, undersample is True, aug mode is None, geo is None, pct_usage is None, small_label is 0, small_prop is 0.2, balance_seed is 25, lr is 2e-05, max_epochs is 4, split_num is 0
Training epoch 0 | loss: 0.35548 - accuracy: 0.82934
Validating epoch 0 | loss: 0.47157 - accuracy: 0.85436
Training epoch 1 | loss: 0.04097 - accuracy: 0.99032
Validating epoch 1 | loss: 0.62781 - accuracy: 0.8406
Training epoch 2 | loss: 0.00866 - accuracy: 0.99884
Validating epoch 2 | loss: 0.65083 - accuracy: 0.86468
Training epoch 3 | loss: 0.00342 - accuracy: 0.99971
Validating epoch 3 | loss: 0.69348 - accuracy: 0.84862
Model is Bert, dataset is sst, undersample is None, aug mode is trans, geo is 0.1, pct_usage is None, small_label is 0, small_prop is 0.2, balance_seed is 25, lr is 2e-05, max_epochs is 4, split_num is 0
Training epoch 0 | loss: 0.43055 - accuracy: 0.78396
Validating epoch 0 | loss: 0.45526 - accuracy: 0.80046
Training epoch 1 | loss: 0.17805 - accuracy: 0.93613
Validating epoch 1 | loss: 0.47625 - accuracy: 0.83028
Training epoch 2 | loss: 0.0915 - accuracy: 0.96893
Validating epoch 2 | loss: 0.59373 - accuracy: 0.82454
Training epoch 3 | loss: 0.0538 - accuracy: 0.98382
Validating epoch 3 | loss: 0.60512 - accuracy: 0.84289
Model is Bert, dataset is sst, undersample is None, aug mode is trans, geo is 0.3, pct_usage is None, small_label is 0, small_prop is 0.2, balance_seed is 25, lr is 2e-05, max_epochs is 4, split_num is 0
Training epoch 0 | loss: 0.43698 - accuracy: 0.78671
Validating epoch 0 | loss: 0.40132 - accuracy: 0.84518
Training epoch 1 | loss: 0.18187 - accuracy: 0.93439
Validating epoch 1 | loss: 0.52595 - accuracy: 0.83257
Training epoch 2 | loss: 0.11357 - accuracy: 0.96272
Validating epoch 2 | loss: 0.50337 - accuracy: 0.84404
Training epoch 3 | loss: 0.06136 - accuracy: 0.98237
Validating epoch 3 | loss: 0.51295 - accuracy: 0.85321
Model is Bert, dataset is sst, undersample is None, aug mode is trans, geo is 0.5, pct_usage is None, small_label is 0, small_prop is 0.2, balance_seed is 25, lr is 2e-05, max_epochs is 4, split_num is 0
Training epoch 0 | loss: 0.4316 - accuracy: 0.79118
Validating epoch 0 | loss: 0.47498 - accuracy: 0.80734
Training epoch 1 | loss: 0.17549 - accuracy: 0.93887
Validating epoch 1 | loss: 0.41199 - accuracy: 0.85321
Training epoch 2 | loss: 0.09128 - accuracy: 0.97327
Validating epoch 2 | loss: 0.4756 - accuracy: 0.86239
Training epoch 3 | loss: 0.0587 - accuracy: 0.98324
Validating epoch 3 | loss: 0.49756 - accuracy: 0.86239
Model is Bert, dataset is sst, undersample is None, aug mode is trans, geo is 0.7, pct_usage is None, small_label is 0, small_prop is 0.2, balance_seed is 25, lr is 2e-05, max_epochs is 4, split_num is 0
Training epoch 0 | loss: 0.41506 - accuracy: 0.79364
Validating epoch 0 | loss: 0.37985 - accuracy: 0.85665
Training epoch 1 | loss: 0.13587 - accuracy: 0.95491
Validating epoch 1 | loss: 0.45582 - accuracy: 0.84862
Training epoch 2 | loss: 0.06744 - accuracy: 0.98136
Validating epoch 2 | loss: 0.49965 - accuracy: 0.86353
Training epoch 3 | loss: 0.04938 - accuracy: 0.98598
Validating epoch 3 | loss: 0.53504 - accuracy: 0.85894
Model is Bert, dataset is sst, undersample is None, aug mode is trans, geo is 0.9, pct_usage is None, small_label is 0, small_prop is 0.2, balance_seed is 25, lr is 2e-05, max_epochs is 4, split_num is 0
Training epoch 0 | loss: 0.41185 - accuracy: 0.78699
Validating epoch 0 | loss: 0.40348 - accuracy: 0.8555
Training epoch 1 | loss: 0.11661 - accuracy: 0.96171
Validating epoch 1 | loss: 0.49464 - accuracy: 0.83372
Training epoch 2 | loss: 0.05908 - accuracy: 0.98382
Validating epoch 2 | loss: 0.61796 - accuracy: 0.83142
Training epoch 3 | loss: 0.04055 - accuracy: 0.98945
Validating epoch 3 | loss: 0.57797 - accuracy: 0.84748
Model is Bert, dataset is sst, undersample is False, aug mode is None, geo is None, pct_usage is None, small_label is 1, small_prop is 0.2, balance_seed is 25, lr is 2e-05, max_epochs is 4, split_num is 0
Training epoch 0 | loss: 0.3848 - accuracy: 0.81358
Validating epoch 0 | loss: 0.34051 - accuracy: 0.87041
Training epoch 1 | loss: 0.07375 - accuracy: 0.97832
Validating epoch 1 | loss: 0.60682 - accuracy: 0.84289
Training epoch 2 | loss: 0.02222 - accuracy: 0.9948
Validating epoch 2 | loss: 0.56002 - accuracy: 0.87385
Training epoch 3 | loss: 0.01113 - accuracy: 0.99725
Validating epoch 3 | loss: 0.62267 - accuracy: 0.86697
Model is Bert, dataset is sst, undersample is True, aug mode is None, geo is None, pct_usage is None, small_label is 1, small_prop is 0.2, balance_seed is 25, lr is 2e-05, max_epochs is 4, split_num is 0
Training epoch 0 | loss: 0.36712 - accuracy: 0.81185
Validating epoch 0 | loss: 0.45638 - accuracy: 0.84404
Training epoch 1 | loss: 0.04303 - accuracy: 0.98858
Validating epoch 1 | loss: 0.59312 - accuracy: 0.84518
Training epoch 2 | loss: 0.01338 - accuracy: 0.99711
Validating epoch 2 | loss: 0.64152 - accuracy: 0.8578
Training epoch 3 | loss: 0.00272 - accuracy: 0.99986
Validating epoch 3 | loss: 0.66723 - accuracy: 0.8555
Model is Bert, dataset is sst, undersample is None, aug mode is trans, geo is 0.1, pct_usage is None, small_label is 1, small_prop is 0.2, balance_seed is 25, lr is 2e-05, max_epochs is 4, split_num is 0
Training epoch 0 | loss: 0.41703 - accuracy: 0.79566
Validating epoch 0 | loss: 0.36199 - accuracy: 0.86124
Training epoch 1 | loss: 0.16638 - accuracy: 0.94046
Validating epoch 1 | loss: 0.40565 - accuracy: 0.85665
Training epoch 2 | loss: 0.07952 - accuracy: 0.97327
Validating epoch 2 | loss: 0.46881 - accuracy: 0.87041
Training epoch 3 | loss: 0.04805 - accuracy: 0.98598
Validating epoch 3 | loss: 0.49143 - accuracy: 0.86927
Model is Bert, dataset is sst, undersample is None, aug mode is trans, geo is 0.3, pct_usage is None, small_label is 1, small_prop is 0.2, balance_seed is 25, lr is 2e-05, max_epochs is 4, split_num is 0
Training epoch 0 | loss: 0.42746 - accuracy: 0.78468
Validating epoch 0 | loss: 0.40212 - accuracy: 0.84748
Training epoch 1 | loss: 0.15345 - accuracy: 0.9461
Validating epoch 1 | loss: 0.37899 - accuracy: 0.87271
Training epoch 2 | loss: 0.07714 - accuracy: 0.97399
Validating epoch 2 | loss: 0.44164 - accuracy: 0.88073
Training epoch 3 | loss: 0.05392 - accuracy: 0.98367
Validating epoch 3 | loss: 0.47208 - accuracy: 0.875
Model is Bert, dataset is sst, undersample is None, aug mode is trans, geo is 0.5, pct_usage is None, small_label is 1, small_prop is 0.2, balance_seed is 25, lr is 2e-05, max_epochs is 4, split_num is 0
Training epoch 0 | loss: 0.42754 - accuracy: 0.78295
Validating epoch 0 | loss: 0.35736 - accuracy: 0.86697
Training epoch 1 | loss: 0.14393 - accuracy: 0.94971
Validating epoch 1 | loss: 0.41066 - accuracy: 0.87041
Training epoch 2 | loss: 0.07401 - accuracy: 0.97702
Validating epoch 2 | loss: 0.4476 - accuracy: 0.87271
Training epoch 3 | loss: 0.04766 - accuracy: 0.98613
Validating epoch 3 | loss: 0.47581 - accuracy: 0.87615
Model is Bert, dataset is sst, undersample is None, aug mode is trans, geo is 0.7, pct_usage is None, small_label is 1, small_prop is 0.2, balance_seed is 25, lr is 2e-05, max_epochs is 4, split_num is 0
Training epoch 0 | loss: 0.43797 - accuracy: 0.76228
Validating epoch 0 | loss: 0.33539 - accuracy: 0.89106
Training epoch 1 | loss: 0.13079 - accuracy: 0.95636
Validating epoch 1 | loss: 0.39719 - accuracy: 0.87385
Training epoch 2 | loss: 0.06774 - accuracy: 0.97847
Validating epoch 2 | loss: 0.40984 - accuracy: 0.86927
Training epoch 3 | loss: 0.03951 - accuracy: 0.9896
Validating epoch 3 | loss: 0.46105 - accuracy: 0.88532
Model is Bert, dataset is sst, undersample is None, aug mode is trans, geo is 0.9, pct_usage is None, small_label is 1, small_prop is 0.2, balance_seed is 25, lr is 2e-05, max_epochs is 4, split_num is 0
Training epoch 0 | loss: 0.40696 - accuracy: 0.78902
Validating epoch 0 | loss: 0.36625 - accuracy: 0.86353
Training epoch 1 | loss: 0.09227 - accuracy: 0.97023
Validating epoch 1 | loss: 0.45612 - accuracy: 0.87156
Training epoch 2 | loss: 0.04543 - accuracy: 0.9854
Validating epoch 2 | loss: 0.49152 - accuracy: 0.87156
Training epoch 3 | loss: 0.03208 - accuracy: 0.99147
Validating epoch 3 | loss: 0.50607 - accuracy: 0.87271
Model is Bert, dataset is sst, undersample is False, aug mode is None, geo is None, pct_usage is None, small_label is 0, small_prop is 0.4, balance_seed is 25, lr is 2e-05, max_epochs is 4, split_num is 0
Training epoch 0 | loss: 0.4138 - accuracy: 0.80477
Validating epoch 0 | loss: 0.34127 - accuracy: 0.86927
Training epoch 1 | loss: 0.14937 - accuracy: 0.95072
Validating epoch 1 | loss: 0.58256 - accuracy: 0.82454
Training epoch 2 | loss: 0.04372 - accuracy: 0.98656
Validating epoch 2 | loss: 0.62182 - accuracy: 0.8578
Training epoch 3 | loss: 0.02032 - accuracy: 0.99523
Validating epoch 3 | loss: 0.66164 - accuracy: 0.86009
Model is Bert, dataset is sst, undersample is True, aug mode is None, geo is None, pct_usage is None, small_label is 0, small_prop is 0.4, balance_seed is 25, lr is 2e-05, max_epochs is 4, split_num is 0
Training epoch 0 | loss: 0.41016 - accuracy: 0.80549
Validating epoch 0 | loss: 0.3989 - accuracy: 0.86239
Training epoch 1 | loss: 0.0925 - accuracy: 0.97023
Validating epoch 1 | loss: 0.42783 - accuracy: 0.875
Training epoch 2 | loss: 0.02468 - accuracy: 0.9922
Validating epoch 2 | loss: 0.53379 - accuracy: 0.87615
Training epoch 3 | loss: 0.00918 - accuracy: 0.99812
Validating epoch 3 | loss: 0.59518 - accuracy: 0.87041
Model is Bert, dataset is sst, undersample is None, aug mode is trans, geo is 0.1, pct_usage is None, small_label is 0, small_prop is 0.4, balance_seed is 25, lr is 2e-05, max_epochs is 4, split_num is 0
Training epoch 0 | loss: 0.46104 - accuracy: 0.76416
Validating epoch 0 | loss: 0.39993 - accuracy: 0.82225
Training epoch 1 | loss: 0.23932 - accuracy: 0.90925
Validating epoch 1 | loss: 0.40236 - accuracy: 0.84633
Training epoch 2 | loss: 0.1447 - accuracy: 0.94986
Validating epoch 2 | loss: 0.40493 - accuracy: 0.85092
Training epoch 3 | loss: 0.09935 - accuracy: 0.9685
Validating epoch 3 | loss: 0.45519 - accuracy: 0.85206
Model is Bert, dataset is sst, undersample is None, aug mode is trans, geo is 0.3, pct_usage is None, small_label is 0, small_prop is 0.4, balance_seed is 25, lr is 2e-05, max_epochs is 4, split_num is 0
Training epoch 0 | loss: 0.47332 - accuracy: 0.75939
Validating epoch 0 | loss: 0.37173 - accuracy: 0.85436
Training epoch 1 | loss: 0.24232 - accuracy: 0.90679
Validating epoch 1 | loss: 0.33807 - accuracy: 0.86812
Training epoch 2 | loss: 0.1463 - accuracy: 0.95101
Validating epoch 2 | loss: 0.40619 - accuracy: 0.85665
Training epoch 3 | loss: 0.10026 - accuracy: 0.96604
Validating epoch 3 | loss: 0.42113 - accuracy: 0.86697
Model is Bert, dataset is sst, undersample is None, aug mode is trans, geo is 0.5, pct_usage is None, small_label is 0, small_prop is 0.4, balance_seed is 25, lr is 2e-05, max_epochs is 4, split_num is 0
Training epoch 0 | loss: 0.43752 - accuracy: 0.79191
Validating epoch 0 | loss: 0.34515 - accuracy: 0.85092
Training epoch 1 | loss: 0.21243 - accuracy: 0.92327
Validating epoch 1 | loss: 0.37032 - accuracy: 0.85665
Training epoch 2 | loss: 0.12756 - accuracy: 0.95607
Validating epoch 2 | loss: 0.38269 - accuracy: 0.86927
Training epoch 3 | loss: 0.0896 - accuracy: 0.97211
Validating epoch 3 | loss: 0.43284 - accuracy: 0.86009
Model is Bert, dataset is sst, undersample is None, aug mode is trans, geo is 0.7, pct_usage is None, small_label is 0, small_prop is 0.4, balance_seed is 25, lr is 2e-05, max_epochs is 4, split_num is 0
Training epoch 0 | loss: 0.4284 - accuracy: 0.79046
Validating epoch 0 | loss: 0.31458 - accuracy: 0.875
Training epoch 1 | loss: 0.18999 - accuracy: 0.9315
Validating epoch 1 | loss: 0.36243 - accuracy: 0.86124
Training epoch 2 | loss: 0.0917 - accuracy: 0.97009
Validating epoch 2 | loss: 0.42077 - accuracy: 0.87156
Training epoch 3 | loss: 0.06217 - accuracy: 0.98078
Validating epoch 3 | loss: 0.45525 - accuracy: 0.87271
Model is Bert, dataset is sst, undersample is None, aug mode is trans, geo is 0.9, pct_usage is None, small_label is 0, small_prop is 0.4, balance_seed is 25, lr is 2e-05, max_epochs is 4, split_num is 0
Training epoch 0 | loss: 0.42743 - accuracy: 0.78829
Validating epoch 0 | loss: 0.4309 - accuracy: 0.82913
Training epoch 1 | loss: 0.16002 - accuracy: 0.94566
Validating epoch 1 | loss: 0.42199 - accuracy: 0.85665
Training epoch 2 | loss: 0.07546 - accuracy: 0.97847
Validating epoch 2 | loss: 0.50212 - accuracy: 0.86583
Training epoch 3 | loss: 0.04635 - accuracy: 0.98786
Validating epoch 3 | loss: 0.50463 - accuracy: 0.86583
Model is Bert, dataset is sst, undersample is False, aug mode is None, geo is None, pct_usage is None, small_label is 1, small_prop is 0.4, balance_seed is 25, lr is 2e-05, max_epochs is 4, split_num is 0
Training epoch 0 | loss: 0.40814 - accuracy: 0.79234
Validating epoch 0 | loss: 0.34001 - accuracy: 0.87844
Training epoch 1 | loss: 0.1178 - accuracy: 0.95853
Validating epoch 1 | loss: 0.5197 - accuracy: 0.84633
Training epoch 2 | loss: 0.04132 - accuracy: 0.98858
Validating epoch 2 | loss: 0.52842 - accuracy: 0.87615
Training epoch 3 | loss: 0.01496 - accuracy: 0.9961
Validating epoch 3 | loss: 0.57142 - accuracy: 0.875
Model is Bert, dataset is sst, undersample is True, aug mode is None, geo is None, pct_usage is None, small_label is 1, small_prop is 0.4, balance_seed is 25, lr is 2e-05, max_epochs is 4, split_num is 0
Training epoch 0 | loss: 0.41189 - accuracy: 0.79552
Validating epoch 0 | loss: 0.35057 - accuracy: 0.86812
Training epoch 1 | loss: 0.09951 - accuracy: 0.97081
Validating epoch 1 | loss: 0.48238 - accuracy: 0.85665
Training epoch 2 | loss: 0.02196 - accuracy: 0.99494
Validating epoch 2 | loss: 0.55871 - accuracy: 0.86697
Training epoch 3 | loss: 0.01172 - accuracy: 0.99769
Validating epoch 3 | loss: 0.58506 - accuracy: 0.87156
Model is Bert, dataset is sst, undersample is None, aug mode is trans, geo is 0.1, pct_usage is None, small_label is 1, small_prop is 0.4, balance_seed is 25, lr is 2e-05, max_epochs is 4, split_num is 0
Training epoch 0 | loss: 0.43385 - accuracy: 0.78367
Validating epoch 0 | loss: 0.3813 - accuracy: 0.84862
Training epoch 1 | loss: 0.20076 - accuracy: 0.92572
Validating epoch 1 | loss: 0.40368 - accuracy: 0.85206
Training epoch 2 | loss: 0.11447 - accuracy: 0.95838
Validating epoch 2 | loss: 0.41468 - accuracy: 0.86812
Training epoch 3 | loss: 0.07406 - accuracy: 0.97486
Validating epoch 3 | loss: 0.45335 - accuracy: 0.86468
Model is Bert, dataset is sst, undersample is None, aug mode is trans, geo is 0.3, pct_usage is None, small_label is 1, small_prop is 0.4, balance_seed is 25, lr is 2e-05, max_epochs is 4, split_num is 0
Training epoch 0 | loss: 0.45038 - accuracy: 0.77211
Validating epoch 0 | loss: 0.37074 - accuracy: 0.85321
Training epoch 1 | loss: 0.20021 - accuracy: 0.92341
Validating epoch 1 | loss: 0.34274 - accuracy: 0.88073
Training epoch 2 | loss: 0.10471 - accuracy: 0.96517
Validating epoch 2 | loss: 0.40602 - accuracy: 0.87729
Training epoch 3 | loss: 0.06558 - accuracy: 0.97919
Validating epoch 3 | loss: 0.44166 - accuracy: 0.87385
Model is Bert, dataset is sst, undersample is None, aug mode is trans, geo is 0.5, pct_usage is None, small_label is 1, small_prop is 0.4, balance_seed is 25, lr is 2e-05, max_epochs is 4, split_num is 0
Training epoch 0 | loss: 0.43853 - accuracy: 0.78454
Validating epoch 0 | loss: 0.32988 - accuracy: 0.87385
Training epoch 1 | loss: 0.19632 - accuracy: 0.92847
Validating epoch 1 | loss: 0.33788 - accuracy: 0.88188
Training epoch 2 | loss: 0.10966 - accuracy: 0.96199
Validating epoch 2 | loss: 0.37362 - accuracy: 0.8922
Training epoch 3 | loss: 0.06985 - accuracy: 0.97962
Validating epoch 3 | loss: 0.39476 - accuracy: 0.88876
Model is Bert, dataset is sst, undersample is None, aug mode is trans, geo is 0.7, pct_usage is None, small_label is 1, small_prop is 0.4, balance_seed is 25, lr is 2e-05, max_epochs is 4, split_num is 0
Training epoch 0 | loss: 0.43302 - accuracy: 0.78916
Validating epoch 0 | loss: 0.32434 - accuracy: 0.87844
Training epoch 1 | loss: 0.16844 - accuracy: 0.93858
Validating epoch 1 | loss: 0.35938 - accuracy: 0.88188
Training epoch 2 | loss: 0.09422 - accuracy: 0.96951
Validating epoch 2 | loss: 0.42914 - accuracy: 0.86583
Training epoch 3 | loss: 0.05361 - accuracy: 0.98396
Validating epoch 3 | loss: 0.44018 - accuracy: 0.88417
Model is Bert, dataset is sst, undersample is None, aug mode is trans, geo is 0.9, pct_usage is None, small_label is 1, small_prop is 0.4, balance_seed is 25, lr is 2e-05, max_epochs is 4, split_num is 0
Training epoch 0 | loss: 0.43491 - accuracy: 0.78237
Validating epoch 0 | loss: 0.34681 - accuracy: 0.8578
Training epoch 1 | loss: 0.15493 - accuracy: 0.94653
Validating epoch 1 | loss: 0.36226 - accuracy: 0.87844
Training epoch 2 | loss: 0.067 - accuracy: 0.98107
Validating epoch 2 | loss: 0.47063 - accuracy: 0.87385
Training epoch 3 | loss: 0.03724 - accuracy: 0.99032
Validating epoch 3 | loss: 0.48707 - accuracy: 0.87959
Model is Bert, dataset is sst, undersample is False, aug mode is None, geo is None, pct_usage is None, small_label is 0, small_prop is 0.6, balance_seed is 25, lr is 2e-05, max_epochs is 4, split_num is 0
Training epoch 0 | loss: 0.42407 - accuracy: 0.79147
Validating epoch 0 | loss: 0.31267 - accuracy: 0.87844
Training epoch 1 | loss: 0.1619 - accuracy: 0.94306
Validating epoch 1 | loss: 0.35558 - accuracy: 0.87271
Training epoch 2 | loss: 0.06642 - accuracy: 0.98092
Validating epoch 2 | loss: 0.52242 - accuracy: 0.86239
Training epoch 3 | loss: 0.03292 - accuracy: 0.99147
Validating epoch 3 | loss: 0.56647 - accuracy: 0.86812
Model is Bert, dataset is sst, undersample is True, aug mode is None, geo is None, pct_usage is None, small_label is 0, small_prop is 0.6, balance_seed is 25, lr is 2e-05, max_epochs is 4, split_num is 0
Training epoch 0 | loss: 0.43049 - accuracy: 0.77702
Validating epoch 0 | loss: 0.36107 - accuracy: 0.8555
Training epoch 1 | loss: 0.1421 - accuracy: 0.95188
Validating epoch 1 | loss: 0.38535 - accuracy: 0.875
Training epoch 2 | loss: 0.03996 - accuracy: 0.98844
Validating epoch 2 | loss: 0.48645 - accuracy: 0.88647
Training epoch 3 | loss: 0.02008 - accuracy: 0.99552
Validating epoch 3 | loss: 0.50636 - accuracy: 0.88073
Model is Bert, dataset is sst, undersample is None, aug mode is trans, geo is 0.1, pct_usage is None, small_label is 0, small_prop is 0.6, balance_seed is 25, lr is 2e-05, max_epochs is 4, split_num is 0
Training epoch 0 | loss: 0.4584 - accuracy: 0.76358
Validating epoch 0 | loss: 0.39273 - accuracy: 0.83028
Training epoch 1 | loss: 0.22698 - accuracy: 0.91214
Validating epoch 1 | loss: 0.42671 - accuracy: 0.83945
Training epoch 2 | loss: 0.14697 - accuracy: 0.94899
Validating epoch 2 | loss: 0.40134 - accuracy: 0.8555
Training epoch 3 | loss: 0.08682 - accuracy: 0.97471
Validating epoch 3 | loss: 0.49312 - accuracy: 0.85092
Model is Bert, dataset is sst, undersample is None, aug mode is trans, geo is 0.3, pct_usage is None, small_label is 0, small_prop is 0.6, balance_seed is 25, lr is 2e-05, max_epochs is 4, split_num is 0
Training epoch 0 | loss: 0.46891 - accuracy: 0.77312
Validating epoch 0 | loss: 0.35591 - accuracy: 0.84289
Training epoch 1 | loss: 0.2403 - accuracy: 0.9091
Validating epoch 1 | loss: 0.36788 - accuracy: 0.85321
Training epoch 2 | loss: 0.1518 - accuracy: 0.94769
Validating epoch 2 | loss: 0.4134 - accuracy: 0.84862
Training epoch 3 | loss: 0.10333 - accuracy: 0.96835
Validating epoch 3 | loss: 0.42751 - accuracy: 0.86353
Model is Bert, dataset is sst, undersample is None, aug mode is trans, geo is 0.5, pct_usage is None, small_label is 0, small_prop is 0.6, balance_seed is 25, lr is 2e-05, max_epochs is 4, split_num is 0
Training epoch 0 | loss: 0.45682 - accuracy: 0.76214
Validating epoch 0 | loss: 0.34855 - accuracy: 0.8578
Training epoch 1 | loss: 0.22365 - accuracy: 0.91763
Validating epoch 1 | loss: 0.35644 - accuracy: 0.8578
Training epoch 2 | loss: 0.12974 - accuracy: 0.95419
Validating epoch 2 | loss: 0.39241 - accuracy: 0.87041
Training epoch 3 | loss: 0.09468 - accuracy: 0.97038
Validating epoch 3 | loss: 0.42355 - accuracy: 0.87385
Model is Bert, dataset is sst, undersample is None, aug mode is trans, geo is 0.7, pct_usage is None, small_label is 0, small_prop is 0.6, balance_seed is 25, lr is 2e-05, max_epochs is 4, split_num is 0
Training epoch 0 | loss: 0.44679 - accuracy: 0.78728
Validating epoch 0 | loss: 0.33861 - accuracy: 0.87156
Training epoch 1 | loss: 0.22221 - accuracy: 0.91647
Validating epoch 1 | loss: 0.3281 - accuracy: 0.87271
Training epoch 2 | loss: 0.12074 - accuracy: 0.95867
Validating epoch 2 | loss: 0.41129 - accuracy: 0.87729
Training epoch 3 | loss: 0.07671 - accuracy: 0.9776
Validating epoch 3 | loss: 0.40824 - accuracy: 0.87271
Model is Bert, dataset is sst, undersample is None, aug mode is trans, geo is 0.9, pct_usage is None, small_label is 0, small_prop is 0.6, balance_seed is 25, lr is 2e-05, max_epochs is 4, split_num is 0
Training epoch 0 | loss: 0.4705 - accuracy: 0.76763
Validating epoch 0 | loss: 0.35946 - accuracy: 0.85206
Training epoch 1 | loss: 0.21939 - accuracy: 0.9211
Validating epoch 1 | loss: 0.33012 - accuracy: 0.87041
Training epoch 2 | loss: 0.12021 - accuracy: 0.96243
Validating epoch 2 | loss: 0.3943 - accuracy: 0.86124
Training epoch 3 | loss: 0.07253 - accuracy: 0.97962
Validating epoch 3 | loss: 0.43667 - accuracy: 0.86239
Model is Bert, dataset is sst, undersample is False, aug mode is None, geo is None, pct_usage is None, small_label is 1, small_prop is 0.6, balance_seed is 25, lr is 2e-05, max_epochs is 4, split_num is 0
Training epoch 0 | loss: 0.42649 - accuracy: 0.78743
Validating epoch 0 | loss: 0.31593 - accuracy: 0.86697
Training epoch 1 | loss: 0.1552 - accuracy: 0.9448
Validating epoch 1 | loss: 0.36401 - accuracy: 0.88188
Training epoch 2 | loss: 0.0649 - accuracy: 0.98006
Validating epoch 2 | loss: 0.43583 - accuracy: 0.87385
Training epoch 3 | loss: 0.03297 - accuracy: 0.99133
Validating epoch 3 | loss: 0.46402 - accuracy: 0.87844
Model is Bert, dataset is sst, undersample is True, aug mode is None, geo is None, pct_usage is None, small_label is 1, small_prop is 0.6, balance_seed is 25, lr is 2e-05, max_epochs is 4, split_num is 0
Training epoch 0 | loss: 0.43519 - accuracy: 0.7789
Validating epoch 0 | loss: 0.32399 - accuracy: 0.86812
Training epoch 1 | loss: 0.14046 - accuracy: 0.95405
Validating epoch 1 | loss: 0.37952 - accuracy: 0.86927
Training epoch 2 | loss: 0.04739 - accuracy: 0.98613
Validating epoch 2 | loss: 0.50583 - accuracy: 0.87156
Training epoch 3 | loss: 0.02393 - accuracy: 0.99364
Validating epoch 3 | loss: 0.54099 - accuracy: 0.86927
Model is Bert, dataset is sst, undersample is None, aug mode is trans, geo is 0.1, pct_usage is None, small_label is 1, small_prop is 0.6, balance_seed is 25, lr is 2e-05, max_epochs is 4, split_num is 0
Training epoch 0 | loss: 0.42019 - accuracy: 0.79668
Validating epoch 0 | loss: 0.50322 - accuracy: 0.81307
Training epoch 1 | loss: 0.20822 - accuracy: 0.91806
Validating epoch 1 | loss: 0.42911 - accuracy: 0.8578
Training epoch 2 | loss: 0.12562 - accuracy: 0.95405
Validating epoch 2 | loss: 0.41591 - accuracy: 0.86812
Training epoch 3 | loss: 0.08839 - accuracy: 0.9724
Validating epoch 3 | loss: 0.43988 - accuracy: 0.87156
Model is Bert, dataset is sst, undersample is None, aug mode is trans, geo is 0.3, pct_usage is None, small_label is 1, small_prop is 0.6, balance_seed is 25, lr is 2e-05, max_epochs is 4, split_num is 0
Training epoch 0 | loss: 0.43686 - accuracy: 0.79263
Validating epoch 0 | loss: 0.3299 - accuracy: 0.87385
Training epoch 1 | loss: 0.21908 - accuracy: 0.91647
Validating epoch 1 | loss: 0.30027 - accuracy: 0.88417
Training epoch 2 | loss: 0.13988 - accuracy: 0.95173
Validating epoch 2 | loss: 0.33685 - accuracy: 0.88532
Training epoch 3 | loss: 0.08949 - accuracy: 0.96994
Validating epoch 3 | loss: 0.38664 - accuracy: 0.875
Model is Bert, dataset is sst, undersample is None, aug mode is trans, geo is 0.5, pct_usage is None, small_label is 1, small_prop is 0.6, balance_seed is 25, lr is 2e-05, max_epochs is 4, split_num is 0
Training epoch 0 | loss: 0.45079 - accuracy: 0.77066
Validating epoch 0 | loss: 0.32025 - accuracy: 0.87729
Training epoch 1 | loss: 0.21904 - accuracy: 0.91734
Validating epoch 1 | loss: 0.38097 - accuracy: 0.86239
Training epoch 2 | loss: 0.12856 - accuracy: 0.95737
Validating epoch 2 | loss: 0.40723 - accuracy: 0.86697
Training epoch 3 | loss: 0.08551 - accuracy: 0.97413
Validating epoch 3 | loss: 0.42338 - accuracy: 0.87729
Model is Bert, dataset is sst, undersample is None, aug mode is trans, geo is 0.7, pct_usage is None, small_label is 1, small_prop is 0.6, balance_seed is 25, lr is 2e-05, max_epochs is 4, split_num is 0
Training epoch 0 | loss: 0.44026 - accuracy: 0.7815
Validating epoch 0 | loss: 0.33861 - accuracy: 0.86468
Training epoch 1 | loss: 0.20626 - accuracy: 0.92384
Validating epoch 1 | loss: 0.3211 - accuracy: 0.88532
Training epoch 2 | loss: 0.10639 - accuracy: 0.96402
Validating epoch 2 | loss: 0.42355 - accuracy: 0.86927
Training epoch 3 | loss: 0.06596 - accuracy: 0.9789
Validating epoch 3 | loss: 0.42741 - accuracy: 0.88188
Model is Bert, dataset is sst, undersample is None, aug mode is trans, geo is 0.9, pct_usage is None, small_label is 1, small_prop is 0.6, balance_seed is 25, lr is 2e-05, max_epochs is 4, split_num is 0
Training epoch 0 | loss: 0.4329 - accuracy: 0.78425
Validating epoch 0 | loss: 0.3062 - accuracy: 0.87615
Training epoch 1 | loss: 0.16706 - accuracy: 0.94162
Validating epoch 1 | loss: 0.36201 - accuracy: 0.88303
Training epoch 2 | loss: 0.07383 - accuracy: 0.97789
Validating epoch 2 | loss: 0.42919 - accuracy: 0.87844
Training epoch 3 | loss: 0.04793 - accuracy: 0.98685
Validating epoch 3 | loss: 0.42779 - accuracy: 0.87959
Model is Bert, dataset is sst, undersample is False, aug mode is None, geo is None, pct_usage is None, small_label is 0, small_prop is 0.8, balance_seed is 25, lr is 2e-05, max_epochs is 4, split_num is 0
Training epoch 0 | loss: 0.44886 - accuracy: 0.77601
Validating epoch 0 | loss: 0.32089 - accuracy: 0.87959
Training epoch 1 | loss: 0.18701 - accuracy: 0.92948
Validating epoch 1 | loss: 0.3359 - accuracy: 0.88303
Training epoch 2 | loss: 0.08231 - accuracy: 0.97298
Validating epoch 2 | loss: 0.44244 - accuracy: 0.88073
Training epoch 3 | loss: 0.04221 - accuracy: 0.98858
Validating epoch 3 | loss: 0.46086 - accuracy: 0.88991
Model is Bert, dataset is sst, undersample is True, aug mode is None, geo is None, pct_usage is None, small_label is 0, small_prop is 0.8, balance_seed is 25, lr is 2e-05, max_epochs is 4, split_num is 0
Training epoch 0 | loss: 0.43447 - accuracy: 0.77601
Validating epoch 0 | loss: 0.30439 - accuracy: 0.87959
Training epoch 1 | loss: 0.16966 - accuracy: 0.93902
Validating epoch 1 | loss: 0.33525 - accuracy: 0.88303
Training epoch 2 | loss: 0.07073 - accuracy: 0.97702
Validating epoch 2 | loss: 0.43835 - accuracy: 0.88073
Training epoch 3 | loss: 0.03398 - accuracy: 0.99032
Validating epoch 3 | loss: 0.46634 - accuracy: 0.88761
Model is Bert, dataset is sst, undersample is None, aug mode is trans, geo is 0.1, pct_usage is None, small_label is 0, small_prop is 0.8, balance_seed is 25, lr is 2e-05, max_epochs is 4, split_num is 0
Training epoch 0 | loss: 0.4473 - accuracy: 0.78266
Validating epoch 0 | loss: 0.34101 - accuracy: 0.8555
Training epoch 1 | loss: 0.2346 - accuracy: 0.90968
Validating epoch 1 | loss: 0.39604 - accuracy: 0.85665
Training epoch 2 | loss: 0.15541 - accuracy: 0.9474
Validating epoch 2 | loss: 0.43541 - accuracy: 0.85436
Training epoch 3 | loss: 0.10967 - accuracy: 0.9646
Validating epoch 3 | loss: 0.45232 - accuracy: 0.85665
Model is Bert, dataset is sst, undersample is None, aug mode is trans, geo is 0.3, pct_usage is None, small_label is 0, small_prop is 0.8, balance_seed is 25, lr is 2e-05, max_epochs is 4, split_num is 0
Training epoch 0 | loss: 0.46188 - accuracy: 0.77948
Validating epoch 0 | loss: 0.36268 - accuracy: 0.84633
Training epoch 1 | loss: 0.25671 - accuracy: 0.89986
Validating epoch 1 | loss: 0.35284 - accuracy: 0.87156
Training epoch 2 | loss: 0.15952 - accuracy: 0.94379
Validating epoch 2 | loss: 0.40387 - accuracy: 0.86124
Training epoch 3 | loss: 0.11388 - accuracy: 0.96329
Validating epoch 3 | loss: 0.41643 - accuracy: 0.86927
Model is Bert, dataset is sst, undersample is None, aug mode is trans, geo is 0.5, pct_usage is None, small_label is 0, small_prop is 0.8, balance_seed is 25, lr is 2e-05, max_epochs is 4, split_num is 0
Training epoch 0 | loss: 0.46602 - accuracy: 0.75462
Validating epoch 0 | loss: 0.32069 - accuracy: 0.86812
Training epoch 1 | loss: 0.22771 - accuracy: 0.91474
Validating epoch 1 | loss: 0.31773 - accuracy: 0.87844
Training epoch 2 | loss: 0.13857 - accuracy: 0.95246
Validating epoch 2 | loss: 0.36512 - accuracy: 0.86927
Training epoch 3 | loss: 0.08971 - accuracy: 0.97182
Validating epoch 3 | loss: 0.4099 - accuracy: 0.87156
Model is Bert, dataset is sst, undersample is None, aug mode is trans, geo is 0.7, pct_usage is None, small_label is 0, small_prop is 0.8, balance_seed is 25, lr is 2e-05, max_epochs is 4, split_num is 0
Training epoch 0 | loss: 0.4577 - accuracy: 0.77789
Validating epoch 0 | loss: 0.34429 - accuracy: 0.8578
Training epoch 1 | loss: 0.24045 - accuracy: 0.90925
Validating epoch 1 | loss: 0.31148 - accuracy: 0.88188
Training epoch 2 | loss: 0.14898 - accuracy: 0.95145
Validating epoch 2 | loss: 0.33266 - accuracy: 0.88073
Training epoch 3 | loss: 0.09178 - accuracy: 0.97153
Validating epoch 3 | loss: 0.38482 - accuracy: 0.88073
Model is Bert, dataset is sst, undersample is None, aug mode is trans, geo is 0.9, pct_usage is None, small_label is 0, small_prop is 0.8, balance_seed is 25, lr is 2e-05, max_epochs is 4, split_num is 0
Training epoch 0 | loss: 0.44649 - accuracy: 0.7802
Validating epoch 0 | loss: 0.33421 - accuracy: 0.86812
Training epoch 1 | loss: 0.21619 - accuracy: 0.91965
Validating epoch 1 | loss: 0.32678 - accuracy: 0.875
Training epoch 2 | loss: 0.12492 - accuracy: 0.95578
Validating epoch 2 | loss: 0.37022 - accuracy: 0.88188
Training epoch 3 | loss: 0.07685 - accuracy: 0.97746
Validating epoch 3 | loss: 0.39464 - accuracy: 0.87729
Model is Bert, dataset is sst, undersample is False, aug mode is None, geo is None, pct_usage is None, small_label is 1, small_prop is 0.8, balance_seed is 25, lr is 2e-05, max_epochs is 4, split_num is 0
Training epoch 0 | loss: 0.43905 - accuracy: 0.77934
Validating epoch 0 | loss: 0.32958 - accuracy: 0.86697
Training epoch 1 | loss: 0.18445 - accuracy: 0.93396
Validating epoch 1 | loss: 0.31678 - accuracy: 0.88303
Training epoch 2 | loss: 0.08072 - accuracy: 0.97442
Validating epoch 2 | loss: 0.39316 - accuracy: 0.88303
Training epoch 3 | loss: 0.04077 - accuracy: 0.98873
Validating epoch 3 | loss: 0.43544 - accuracy: 0.88417
Model is Bert, dataset is sst, undersample is True, aug mode is None, geo is None, pct_usage is None, small_label is 1, small_prop is 0.8, balance_seed is 25, lr is 2e-05, max_epochs is 4, split_num is 0
Training epoch 0 | loss: 0.44237 - accuracy: 0.77038
Validating epoch 0 | loss: 0.32863 - accuracy: 0.86927
Training epoch 1 | loss: 0.17014 - accuracy: 0.93988
Validating epoch 1 | loss: 0.34597 - accuracy: 0.88417
Training epoch 2 | loss: 0.06896 - accuracy: 0.97948
Validating epoch 2 | loss: 0.43359 - accuracy: 0.88417
Training epoch 3 | loss: 0.03144 - accuracy: 0.99263
Validating epoch 3 | loss: 0.46456 - accuracy: 0.88876
Model is Bert, dataset is sst, undersample is None, aug mode is trans, geo is 0.1, pct_usage is None, small_label is 1, small_prop is 0.8, balance_seed is 25, lr is 2e-05, max_epochs is 4, split_num is 0
Training epoch 0 | loss: 0.4463 - accuracy: 0.78295
Validating epoch 0 | loss: 0.37986 - accuracy: 0.84977
Training epoch 1 | loss: 0.22392 - accuracy: 0.91387
Validating epoch 1 | loss: 0.34137 - accuracy: 0.87041
Training epoch 2 | loss: 0.13984 - accuracy: 0.9487
Validating epoch 2 | loss: 0.37007 - accuracy: 0.87385
Training epoch 3 | loss: 0.09675 - accuracy: 0.96893
Validating epoch 3 | loss: 0.41985 - accuracy: 0.87041
Model is Bert, dataset is sst, undersample is None, aug mode is trans, geo is 0.3, pct_usage is None, small_label is 1, small_prop is 0.8, balance_seed is 25, lr is 2e-05, max_epochs is 4, split_num is 0
Training epoch 0 | loss: 0.44986 - accuracy: 0.76965
Validating epoch 0 | loss: 0.32765 - accuracy: 0.87156
Training epoch 1 | loss: 0.22012 - accuracy: 0.91358
Validating epoch 1 | loss: 0.3466 - accuracy: 0.87385
Training epoch 2 | loss: 0.13986 - accuracy: 0.95058
Validating epoch 2 | loss: 0.39038 - accuracy: 0.87844
Training epoch 3 | loss: 0.09616 - accuracy: 0.96806
Validating epoch 3 | loss: 0.41463 - accuracy: 0.88532
Model is Bert, dataset is sst, undersample is None, aug mode is trans, geo is 0.5, pct_usage is None, small_label is 1, small_prop is 0.8, balance_seed is 25, lr is 2e-05, max_epochs is 4, split_num is 0
Training epoch 0 | loss: 0.45355 - accuracy: 0.76069
Validating epoch 0 | loss: 0.33113 - accuracy: 0.86124
Training epoch 1 | loss: 0.23496 - accuracy: 0.90925
Validating epoch 1 | loss: 0.31595 - accuracy: 0.88188
Training epoch 2 | loss: 0.14502 - accuracy: 0.95188
Validating epoch 2 | loss: 0.34418 - accuracy: 0.8922
Training epoch 3 | loss: 0.0981 - accuracy: 0.96792
Validating epoch 3 | loss: 0.37618 - accuracy: 0.88303
Model is Bert, dataset is sst, undersample is None, aug mode is trans, geo is 0.7, pct_usage is None, small_label is 1, small_prop is 0.8, balance_seed is 25, lr is 2e-05, max_epochs is 4, split_num is 0
Training epoch 0 | loss: 0.44603 - accuracy: 0.76922
Validating epoch 0 | loss: 0.33263 - accuracy: 0.86812
Training epoch 1 | loss: 0.2246 - accuracy: 0.91618
Validating epoch 1 | loss: 0.32264 - accuracy: 0.88417
Training epoch 2 | loss: 0.12728 - accuracy: 0.95621
Validating epoch 2 | loss: 0.38169 - accuracy: 0.88417
Training epoch 3 | loss: 0.08514 - accuracy: 0.97312
Validating epoch 3 | loss: 0.40469 - accuracy: 0.88647
Model is Bert, dataset is sst, undersample is None, aug mode is trans, geo is 0.9, pct_usage is None, small_label is 1, small_prop is 0.8, balance_seed is 25, lr is 2e-05, max_epochs is 4, split_num is 0
Training epoch 0 | loss: 0.44683 - accuracy: 0.77775
Validating epoch 0 | loss: 0.32171 - accuracy: 0.87385
Training epoch 1 | loss: 0.21033 - accuracy: 0.92298
Validating epoch 1 | loss: 0.34512 - accuracy: 0.87729
Training epoch 2 | loss: 0.10096 - accuracy: 0.96749
Validating epoch 2 | loss: 0.40505 - accuracy: 0.88532
Training epoch 3 | loss: 0.06318 - accuracy: 0.98165
Validating epoch 3 | loss: 0.42133 - accuracy: 0.8945
