Model is Bert, dataset is sst, undersample is False, aug mode is None, geo is None, pct_usage is None, small_label is 0, small_prop is 0.2, balance_seed is 9, lr is 2e-05, max_epochs is 4, split_num is 0
Training epoch 0 | loss: 0.38966 - accuracy: 0.80014
Validating epoch 0 | loss: 0.75756 - accuracy: 0.76606
Training epoch 1 | loss: 0.07406 - accuracy: 0.97572
Validating epoch 1 | loss: 0.71939 - accuracy: 0.83142
Training epoch 2 | loss: 0.01941 - accuracy: 0.99509
Validating epoch 2 | loss: 1.23928 - accuracy: 0.75344
Training epoch 3 | loss: 0.00699 - accuracy: 0.99884
Validating epoch 3 | loss: 1.05487 - accuracy: 0.80619
Model is Bert, dataset is sst, undersample is True, aug mode is None, geo is None, pct_usage is None, small_label is 0, small_prop is 0.2, balance_seed is 9, lr is 2e-05, max_epochs is 4, split_num is 0
Training epoch 0 | loss: 0.31959 - accuracy: 0.84393
Validating epoch 0 | loss: 0.46953 - accuracy: 0.86583
Training epoch 1 | loss: 0.01225 - accuracy: 0.9974
Validating epoch 1 | loss: 0.76814 - accuracy: 0.84174
Training epoch 2 | loss: 0.00347 - accuracy: 0.99928
Validating epoch 2 | loss: 0.79703 - accuracy: 0.85092
Training epoch 3 | loss: 0.00095 - accuracy: 0.99986
Validating epoch 3 | loss: 0.82519 - accuracy: 0.85321
Model is Bert, dataset is sst, undersample is None, aug mode is trans, geo is 0.1, pct_usage is None, small_label is 0, small_prop is 0.2, balance_seed is 9, lr is 2e-05, max_epochs is 4, split_num is 0
Training epoch 0 | loss: 0.43368 - accuracy: 0.79046
Validating epoch 0 | loss: 0.41364 - accuracy: 0.83142
Training epoch 1 | loss: 0.17644 - accuracy: 0.93671
Validating epoch 1 | loss: 0.63854 - accuracy: 0.79702
Training epoch 2 | loss: 0.094 - accuracy: 0.96922
Validating epoch 2 | loss: 0.52272 - accuracy: 0.83142
Training epoch 3 | loss: 0.05764 - accuracy: 0.98136
Validating epoch 3 | loss: 0.54672 - accuracy: 0.83601
Model is Bert, dataset is sst, undersample is None, aug mode is trans, geo is 0.3, pct_usage is None, small_label is 0, small_prop is 0.2, balance_seed is 9, lr is 2e-05, max_epochs is 4, split_num is 0
Training epoch 0 | loss: 0.44082 - accuracy: 0.78613
Validating epoch 0 | loss: 0.39731 - accuracy: 0.82913
Training epoch 1 | loss: 0.17114 - accuracy: 0.93699
Validating epoch 1 | loss: 0.45568 - accuracy: 0.83601
Training epoch 2 | loss: 0.0817 - accuracy: 0.97471
Validating epoch 2 | loss: 0.56881 - accuracy: 0.82913
Training epoch 3 | loss: 0.04729 - accuracy: 0.98671
Validating epoch 3 | loss: 0.62923 - accuracy: 0.83257
Model is Bert, dataset is sst, undersample is None, aug mode is trans, geo is 0.5, pct_usage is None, small_label is 0, small_prop is 0.2, balance_seed is 9, lr is 2e-05, max_epochs is 4, split_num is 0
Training epoch 0 | loss: 0.43029 - accuracy: 0.78815
Validating epoch 0 | loss: 0.35246 - accuracy: 0.86468
Training epoch 1 | loss: 0.16417 - accuracy: 0.94393
Validating epoch 1 | loss: 0.43951 - accuracy: 0.85321
Training epoch 2 | loss: 0.08004 - accuracy: 0.97543
Validating epoch 2 | loss: 0.55346 - accuracy: 0.84289
Training epoch 3 | loss: 0.05594 - accuracy: 0.98497
Validating epoch 3 | loss: 0.54869 - accuracy: 0.84977
Model is Bert, dataset is sst, undersample is None, aug mode is trans, geo is 0.7, pct_usage is None, small_label is 0, small_prop is 0.2, balance_seed is 9, lr is 2e-05, max_epochs is 4, split_num is 0
Training epoch 0 | loss: 0.39901 - accuracy: 0.80679
Validating epoch 0 | loss: 0.37167 - accuracy: 0.84862
Training epoch 1 | loss: 0.13521 - accuracy: 0.95549
Validating epoch 1 | loss: 0.59052 - accuracy: 0.81766
Training epoch 2 | loss: 0.07191 - accuracy: 0.9776
Validating epoch 2 | loss: 0.63117 - accuracy: 0.82913
Training epoch 3 | loss: 0.04263 - accuracy: 0.98685
Validating epoch 3 | loss: 0.60212 - accuracy: 0.8406
Model is Bert, dataset is sst, undersample is None, aug mode is trans, geo is 0.9, pct_usage is None, small_label is 0, small_prop is 0.2, balance_seed is 9, lr is 2e-05, max_epochs is 4, split_num is 0
Training epoch 0 | loss: 0.40942 - accuracy: 0.78873
Validating epoch 0 | loss: 0.47697 - accuracy: 0.83716
Training epoch 1 | loss: 0.09969 - accuracy: 0.96806
Validating epoch 1 | loss: 0.54704 - accuracy: 0.83142
Training epoch 2 | loss: 0.04698 - accuracy: 0.98772
Validating epoch 2 | loss: 0.56421 - accuracy: 0.84862
Training epoch 3 | loss: 0.03155 - accuracy: 0.99277
Validating epoch 3 | loss: 0.63494 - accuracy: 0.83028
Model is Bert, dataset is sst, undersample is False, aug mode is None, geo is None, pct_usage is None, small_label is 1, small_prop is 0.2, balance_seed is 9, lr is 2e-05, max_epochs is 4, split_num is 0
Training epoch 0 | loss: 0.37193 - accuracy: 0.81604
Validating epoch 0 | loss: 0.35616 - accuracy: 0.87271
Training epoch 1 | loss: 0.06152 - accuracy: 0.98107
Validating epoch 1 | loss: 0.60322 - accuracy: 0.84862
Training epoch 2 | loss: 0.01789 - accuracy: 0.9961
Validating epoch 2 | loss: 0.75638 - accuracy: 0.84518
Training epoch 3 | loss: 0.00959 - accuracy: 0.99812
Validating epoch 3 | loss: 0.739 - accuracy: 0.85665
Model is Bert, dataset is sst, undersample is True, aug mode is None, geo is None, pct_usage is None, small_label is 1, small_prop is 0.2, balance_seed is 9, lr is 2e-05, max_epochs is 4, split_num is 0
Training epoch 0 | loss: 0.35565 - accuracy: 0.82384
Validating epoch 0 | loss: 0.44733 - accuracy: 0.8578
Training epoch 1 | loss: 0.02694 - accuracy: 0.9935
Validating epoch 1 | loss: 0.60088 - accuracy: 0.8555
Training epoch 2 | loss: 0.00505 - accuracy: 0.99957
Validating epoch 2 | loss: 0.65038 - accuracy: 0.86353
Training epoch 3 | loss: 0.00379 - accuracy: 0.99913
Validating epoch 3 | loss: 0.70215 - accuracy: 0.85665
Model is Bert, dataset is sst, undersample is None, aug mode is trans, geo is 0.1, pct_usage is None, small_label is 1, small_prop is 0.2, balance_seed is 9, lr is 2e-05, max_epochs is 4, split_num is 0
Training epoch 0 | loss: 0.41885 - accuracy: 0.7948
Validating epoch 0 | loss: 0.36118 - accuracy: 0.8555
Training epoch 1 | loss: 0.15459 - accuracy: 0.94234
Validating epoch 1 | loss: 0.39603 - accuracy: 0.8578
Training epoch 2 | loss: 0.08152 - accuracy: 0.97428
Validating epoch 2 | loss: 0.4392 - accuracy: 0.86812
Training epoch 3 | loss: 0.04773 - accuracy: 0.98699
Validating epoch 3 | loss: 0.45467 - accuracy: 0.87156
Model is Bert, dataset is sst, undersample is None, aug mode is trans, geo is 0.3, pct_usage is None, small_label is 1, small_prop is 0.2, balance_seed is 9, lr is 2e-05, max_epochs is 4, split_num is 0
Training epoch 0 | loss: 0.43407 - accuracy: 0.77283
Validating epoch 0 | loss: 0.37017 - accuracy: 0.85321
Training epoch 1 | loss: 0.14682 - accuracy: 0.94754
Validating epoch 1 | loss: 0.48953 - accuracy: 0.83486
Training epoch 2 | loss: 0.07235 - accuracy: 0.97832
Validating epoch 2 | loss: 0.44528 - accuracy: 0.87271
Training epoch 3 | loss: 0.0464 - accuracy: 0.98555
Validating epoch 3 | loss: 0.47835 - accuracy: 0.86927
Model is Bert, dataset is sst, undersample is None, aug mode is trans, geo is 0.5, pct_usage is None, small_label is 1, small_prop is 0.2, balance_seed is 9, lr is 2e-05, max_epochs is 4, split_num is 0
Training epoch 0 | loss: 0.41563 - accuracy: 0.79697
Validating epoch 0 | loss: 0.36829 - accuracy: 0.86009
Training epoch 1 | loss: 0.15545 - accuracy: 0.94509
Validating epoch 1 | loss: 0.38914 - accuracy: 0.86239
Training epoch 2 | loss: 0.07436 - accuracy: 0.97616
Validating epoch 2 | loss: 0.44512 - accuracy: 0.86353
Training epoch 3 | loss: 0.04311 - accuracy: 0.98728
Validating epoch 3 | loss: 0.4773 - accuracy: 0.86124
Model is Bert, dataset is sst, undersample is None, aug mode is trans, geo is 0.7, pct_usage is None, small_label is 1, small_prop is 0.2, balance_seed is 9, lr is 2e-05, max_epochs is 4, split_num is 0
Training epoch 0 | loss: 0.38201 - accuracy: 0.80983
Validating epoch 0 | loss: 0.38707 - accuracy: 0.87041
Training epoch 1 | loss: 0.10712 - accuracy: 0.96445
Validating epoch 1 | loss: 0.39966 - accuracy: 0.86812
Training epoch 2 | loss: 0.06019 - accuracy: 0.98251
Validating epoch 2 | loss: 0.44774 - accuracy: 0.86927
Training epoch 3 | loss: 0.03667 - accuracy: 0.98974
Validating epoch 3 | loss: 0.46928 - accuracy: 0.87271
Model is Bert, dataset is sst, undersample is None, aug mode is trans, geo is 0.9, pct_usage is None, small_label is 1, small_prop is 0.2, balance_seed is 9, lr is 2e-05, max_epochs is 4, split_num is 0
Training epoch 0 | loss: 0.40032 - accuracy: 0.79379
Validating epoch 0 | loss: 0.33722 - accuracy: 0.87041
Training epoch 1 | loss: 0.08748 - accuracy: 0.97139
Validating epoch 1 | loss: 0.573 - accuracy: 0.83486
Training epoch 2 | loss: 0.04148 - accuracy: 0.98642
Validating epoch 2 | loss: 0.50147 - accuracy: 0.85665
Training epoch 3 | loss: 0.02552 - accuracy: 0.99321
Validating epoch 3 | loss: 0.51574 - accuracy: 0.86697
Model is Bert, dataset is sst, undersample is False, aug mode is None, geo is None, pct_usage is None, small_label is 0, small_prop is 0.4, balance_seed is 9, lr is 2e-05, max_epochs is 4, split_num is 0
Training epoch 0 | loss: 0.41547 - accuracy: 0.80318
Validating epoch 0 | loss: 0.40405 - accuracy: 0.84404
Training epoch 1 | loss: 0.13539 - accuracy: 0.95535
Validating epoch 1 | loss: 0.42954 - accuracy: 0.8578
Training epoch 2 | loss: 0.03829 - accuracy: 0.98887
Validating epoch 2 | loss: 0.58596 - accuracy: 0.86239
Training epoch 3 | loss: 0.01803 - accuracy: 0.99523
Validating epoch 3 | loss: 0.69293 - accuracy: 0.84977
Model is Bert, dataset is sst, undersample is True, aug mode is None, geo is None, pct_usage is None, small_label is 0, small_prop is 0.4, balance_seed is 9, lr is 2e-05, max_epochs is 4, split_num is 0
Training epoch 0 | loss: 0.3691 - accuracy: 0.81633
Validating epoch 0 | loss: 0.40797 - accuracy: 0.87041
Training epoch 1 | loss: 0.05673 - accuracy: 0.98309
Validating epoch 1 | loss: 0.50416 - accuracy: 0.86927
Training epoch 2 | loss: 0.00972 - accuracy: 0.99798
Validating epoch 2 | loss: 0.61133 - accuracy: 0.87729
Training epoch 3 | loss: 0.00595 - accuracy: 0.99899
Validating epoch 3 | loss: 0.63821 - accuracy: 0.87271
Model is Bert, dataset is sst, undersample is None, aug mode is trans, geo is 0.1, pct_usage is None, small_label is 0, small_prop is 0.4, balance_seed is 9, lr is 2e-05, max_epochs is 4, split_num is 0
Training epoch 0 | loss: 0.442 - accuracy: 0.78931
Validating epoch 0 | loss: 0.35498 - accuracy: 0.84518
Training epoch 1 | loss: 0.20472 - accuracy: 0.92327
Validating epoch 1 | loss: 0.48443 - accuracy: 0.82569
Training epoch 2 | loss: 0.11678 - accuracy: 0.95983
Validating epoch 2 | loss: 0.46635 - accuracy: 0.83945
Training epoch 3 | loss: 0.07556 - accuracy: 0.97746
Validating epoch 3 | loss: 0.50953 - accuracy: 0.84862
Model is Bert, dataset is sst, undersample is None, aug mode is trans, geo is 0.3, pct_usage is None, small_label is 0, small_prop is 0.4, balance_seed is 9, lr is 2e-05, max_epochs is 4, split_num is 0
Training epoch 0 | loss: 0.44361 - accuracy: 0.78251
Validating epoch 0 | loss: 0.33808 - accuracy: 0.86353
Training epoch 1 | loss: 0.20732 - accuracy: 0.92283
Validating epoch 1 | loss: 0.37967 - accuracy: 0.85092
Training epoch 2 | loss: 0.12602 - accuracy: 0.95694
Validating epoch 2 | loss: 0.42404 - accuracy: 0.8578
Training epoch 3 | loss: 0.08067 - accuracy: 0.97355
Validating epoch 3 | loss: 0.45321 - accuracy: 0.86353
Model is Bert, dataset is sst, undersample is None, aug mode is trans, geo is 0.5, pct_usage is None, small_label is 0, small_prop is 0.4, balance_seed is 9, lr is 2e-05, max_epochs is 4, split_num is 0
Training epoch 0 | loss: 0.46103 - accuracy: 0.75665
Validating epoch 0 | loss: 0.36528 - accuracy: 0.86009
Training epoch 1 | loss: 0.2215 - accuracy: 0.91936
Validating epoch 1 | loss: 0.34235 - accuracy: 0.86697
Training epoch 2 | loss: 0.12649 - accuracy: 0.95737
Validating epoch 2 | loss: 0.39802 - accuracy: 0.87729
Training epoch 3 | loss: 0.08616 - accuracy: 0.97355
Validating epoch 3 | loss: 0.39363 - accuracy: 0.87844
Model is Bert, dataset is sst, undersample is None, aug mode is trans, geo is 0.7, pct_usage is None, small_label is 0, small_prop is 0.4, balance_seed is 9, lr is 2e-05, max_epochs is 4, split_num is 0
Training epoch 0 | loss: 0.4579 - accuracy: 0.76214
Validating epoch 0 | loss: 0.34685 - accuracy: 0.86124
Training epoch 1 | loss: 0.19428 - accuracy: 0.93035
Validating epoch 1 | loss: 0.33617 - accuracy: 0.87615
Training epoch 2 | loss: 0.10468 - accuracy: 0.96792
Validating epoch 2 | loss: 0.4184 - accuracy: 0.86583
Training epoch 3 | loss: 0.06368 - accuracy: 0.9815
Validating epoch 3 | loss: 0.4492 - accuracy: 0.87041
Model is Bert, dataset is sst, undersample is None, aug mode is trans, geo is 0.9, pct_usage is None, small_label is 0, small_prop is 0.4, balance_seed is 9, lr is 2e-05, max_epochs is 4, split_num is 0
Training epoch 0 | loss: 0.4456 - accuracy: 0.77254
Validating epoch 0 | loss: 0.34532 - accuracy: 0.86009
Training epoch 1 | loss: 0.16241 - accuracy: 0.94263
Validating epoch 1 | loss: 0.41675 - accuracy: 0.86468
Training epoch 2 | loss: 0.08629 - accuracy: 0.97384
Validating epoch 2 | loss: 0.55232 - accuracy: 0.85092
Training epoch 3 | loss: 0.05254 - accuracy: 0.98656
Validating epoch 3 | loss: 0.50577 - accuracy: 0.8555
Model is Bert, dataset is sst, undersample is False, aug mode is None, geo is None, pct_usage is None, small_label is 1, small_prop is 0.4, balance_seed is 9, lr is 2e-05, max_epochs is 4, split_num is 0
Training epoch 0 | loss: 0.40136 - accuracy: 0.80853
Validating epoch 0 | loss: 0.3316 - accuracy: 0.87385
Training epoch 1 | loss: 0.12746 - accuracy: 0.95737
Validating epoch 1 | loss: 0.42442 - accuracy: 0.86468
Training epoch 2 | loss: 0.04198 - accuracy: 0.99003
Validating epoch 2 | loss: 0.47542 - accuracy: 0.875
Training epoch 3 | loss: 0.02323 - accuracy: 0.99538
Validating epoch 3 | loss: 0.52489 - accuracy: 0.87385
Model is Bert, dataset is sst, undersample is True, aug mode is None, geo is None, pct_usage is None, small_label is 1, small_prop is 0.4, balance_seed is 9, lr is 2e-05, max_epochs is 4, split_num is 0
Training epoch 0 | loss: 0.40637 - accuracy: 0.79061
Validating epoch 0 | loss: 0.34987 - accuracy: 0.87385
Training epoch 1 | loss: 0.08806 - accuracy: 0.97355
Validating epoch 1 | loss: 0.50914 - accuracy: 0.86468
Training epoch 2 | loss: 0.02176 - accuracy: 0.99538
Validating epoch 2 | loss: 0.52046 - accuracy: 0.87729
Training epoch 3 | loss: 0.01095 - accuracy: 0.99841
Validating epoch 3 | loss: 0.55302 - accuracy: 0.875
Model is Bert, dataset is sst, undersample is None, aug mode is trans, geo is 0.1, pct_usage is None, small_label is 1, small_prop is 0.4, balance_seed is 9, lr is 2e-05, max_epochs is 4, split_num is 0
Training epoch 0 | loss: 0.42381 - accuracy: 0.78642
Validating epoch 0 | loss: 0.37883 - accuracy: 0.85092
Training epoch 1 | loss: 0.19572 - accuracy: 0.92746
Validating epoch 1 | loss: 0.38425 - accuracy: 0.87041
Training epoch 2 | loss: 0.10728 - accuracy: 0.96069
Validating epoch 2 | loss: 0.42753 - accuracy: 0.86812
Training epoch 3 | loss: 0.06996 - accuracy: 0.97876
Validating epoch 3 | loss: 0.46819 - accuracy: 0.86927
Model is Bert, dataset is sst, undersample is None, aug mode is trans, geo is 0.3, pct_usage is None, small_label is 1, small_prop is 0.4, balance_seed is 9, lr is 2e-05, max_epochs is 4, split_num is 0
Training epoch 0 | loss: 0.44354 - accuracy: 0.77211
Validating epoch 0 | loss: 0.35973 - accuracy: 0.85436
Training epoch 1 | loss: 0.20032 - accuracy: 0.92413
Validating epoch 1 | loss: 0.35682 - accuracy: 0.86812
Training epoch 2 | loss: 0.11278 - accuracy: 0.96127
Validating epoch 2 | loss: 0.4007 - accuracy: 0.87844
Training epoch 3 | loss: 0.07861 - accuracy: 0.97587
Validating epoch 3 | loss: 0.41408 - accuracy: 0.87959
Model is Bert, dataset is sst, undersample is None, aug mode is trans, geo is 0.5, pct_usage is None, small_label is 1, small_prop is 0.4, balance_seed is 9, lr is 2e-05, max_epochs is 4, split_num is 0
Training epoch 0 | loss: 0.43617 - accuracy: 0.79075
Validating epoch 0 | loss: 0.32038 - accuracy: 0.86468
Training epoch 1 | loss: 0.18683 - accuracy: 0.93092
Validating epoch 1 | loss: 0.32694 - accuracy: 0.88073
Training epoch 2 | loss: 0.1027 - accuracy: 0.96705
Validating epoch 2 | loss: 0.39263 - accuracy: 0.87385
Training epoch 3 | loss: 0.0671 - accuracy: 0.97847
Validating epoch 3 | loss: 0.43204 - accuracy: 0.87844
Model is Bert, dataset is sst, undersample is None, aug mode is trans, geo is 0.7, pct_usage is None, small_label is 1, small_prop is 0.4, balance_seed is 9, lr is 2e-05, max_epochs is 4, split_num is 0
Training epoch 0 | loss: 0.42224 - accuracy: 0.78699
Validating epoch 0 | loss: 0.42276 - accuracy: 0.83142
Training epoch 1 | loss: 0.18271 - accuracy: 0.93569
Validating epoch 1 | loss: 0.33898 - accuracy: 0.87959
Training epoch 2 | loss: 0.09271 - accuracy: 0.97023
Validating epoch 2 | loss: 0.38367 - accuracy: 0.88188
Training epoch 3 | loss: 0.0638 - accuracy: 0.98035
Validating epoch 3 | loss: 0.40401 - accuracy: 0.88647
Model is Bert, dataset is sst, undersample is None, aug mode is trans, geo is 0.9, pct_usage is None, small_label is 1, small_prop is 0.4, balance_seed is 9, lr is 2e-05, max_epochs is 4, split_num is 0
Training epoch 0 | loss: 0.42077 - accuracy: 0.78107
Validating epoch 0 | loss: 0.3233 - accuracy: 0.87385
Training epoch 1 | loss: 0.1385 - accuracy: 0.95665
Validating epoch 1 | loss: 0.40307 - accuracy: 0.88532
Training epoch 2 | loss: 0.06408 - accuracy: 0.98237
Validating epoch 2 | loss: 0.4463 - accuracy: 0.87844
Training epoch 3 | loss: 0.04086 - accuracy: 0.98887
Validating epoch 3 | loss: 0.44678 - accuracy: 0.88532
Model is Bert, dataset is sst, undersample is False, aug mode is None, geo is None, pct_usage is None, small_label is 0, small_prop is 0.6, balance_seed is 9, lr is 2e-05, max_epochs is 4, split_num is 0
Training epoch 0 | loss: 0.47654 - accuracy: 0.73858
Validating epoch 0 | loss: 0.31897 - accuracy: 0.87041
Training epoch 1 | loss: 0.18161 - accuracy: 0.93107
Validating epoch 1 | loss: 0.37433 - accuracy: 0.87615
Training epoch 2 | loss: 0.07158 - accuracy: 0.97861
Validating epoch 2 | loss: 0.45152 - accuracy: 0.86697
Training epoch 3 | loss: 0.03329 - accuracy: 0.99234
Validating epoch 3 | loss: 0.48128 - accuracy: 0.87615
Model is Bert, dataset is sst, undersample is True, aug mode is None, geo is None, pct_usage is None, small_label is 0, small_prop is 0.6, balance_seed is 9, lr is 2e-05, max_epochs is 4, split_num is 0
Training epoch 0 | loss: 0.4243 - accuracy: 0.78772
Validating epoch 0 | loss: 0.33588 - accuracy: 0.8555
Training epoch 1 | loss: 0.12004 - accuracy: 0.95997
Validating epoch 1 | loss: 0.48264 - accuracy: 0.86812
Training epoch 2 | loss: 0.03832 - accuracy: 0.98829
Validating epoch 2 | loss: 0.49714 - accuracy: 0.86812
Training epoch 3 | loss: 0.01649 - accuracy: 0.9961
Validating epoch 3 | loss: 0.51374 - accuracy: 0.875
Model is Bert, dataset is sst, undersample is None, aug mode is trans, geo is 0.1, pct_usage is None, small_label is 0, small_prop is 0.6, balance_seed is 9, lr is 2e-05, max_epochs is 4, split_num is 0
Training epoch 0 | loss: 0.44711 - accuracy: 0.76734
Validating epoch 0 | loss: 0.34443 - accuracy: 0.85894
Training epoch 1 | loss: 0.23671 - accuracy: 0.91012
Validating epoch 1 | loss: 0.36979 - accuracy: 0.8406
Training epoch 2 | loss: 0.14495 - accuracy: 0.94913
Validating epoch 2 | loss: 0.40857 - accuracy: 0.85894
Training epoch 3 | loss: 0.09476 - accuracy: 0.97023
Validating epoch 3 | loss: 0.45461 - accuracy: 0.84977
Model is Bert, dataset is sst, undersample is None, aug mode is trans, geo is 0.3, pct_usage is None, small_label is 0, small_prop is 0.6, balance_seed is 9, lr is 2e-05, max_epochs is 4, split_num is 0
Training epoch 0 | loss: 0.45084 - accuracy: 0.77399
Validating epoch 0 | loss: 0.36061 - accuracy: 0.8555
Training epoch 1 | loss: 0.23381 - accuracy: 0.90838
Validating epoch 1 | loss: 0.32184 - accuracy: 0.87615
Training epoch 2 | loss: 0.14274 - accuracy: 0.94957
Validating epoch 2 | loss: 0.409 - accuracy: 0.85665
Training epoch 3 | loss: 0.09524 - accuracy: 0.96893
Validating epoch 3 | loss: 0.38858 - accuracy: 0.875
Model is Bert, dataset is sst, undersample is None, aug mode is trans, geo is 0.5, pct_usage is None, small_label is 0, small_prop is 0.6, balance_seed is 9, lr is 2e-05, max_epochs is 4, split_num is 0
Training epoch 0 | loss: 0.44897 - accuracy: 0.7815
Validating epoch 0 | loss: 0.32654 - accuracy: 0.86468
Training epoch 1 | loss: 0.23281 - accuracy: 0.90983
Validating epoch 1 | loss: 0.32958 - accuracy: 0.87385
Training epoch 2 | loss: 0.13173 - accuracy: 0.9539
Validating epoch 2 | loss: 0.39568 - accuracy: 0.86468
Training epoch 3 | loss: 0.08528 - accuracy: 0.97225
Validating epoch 3 | loss: 0.40998 - accuracy: 0.87156
Model is Bert, dataset is sst, undersample is None, aug mode is trans, geo is 0.7, pct_usage is None, small_label is 0, small_prop is 0.6, balance_seed is 9, lr is 2e-05, max_epochs is 4, split_num is 0
Training epoch 0 | loss: 0.45728 - accuracy: 0.7685
Validating epoch 0 | loss: 0.31302 - accuracy: 0.87041
Training epoch 1 | loss: 0.22141 - accuracy: 0.9172
Validating epoch 1 | loss: 0.3588 - accuracy: 0.87271
Training epoch 2 | loss: 0.12676 - accuracy: 0.9565
Validating epoch 2 | loss: 0.39779 - accuracy: 0.87385
Training epoch 3 | loss: 0.08612 - accuracy: 0.97153
Validating epoch 3 | loss: 0.40455 - accuracy: 0.87271
Model is Bert, dataset is sst, undersample is None, aug mode is trans, geo is 0.9, pct_usage is None, small_label is 0, small_prop is 0.6, balance_seed is 9, lr is 2e-05, max_epochs is 4, split_num is 0
Training epoch 0 | loss: 0.45422 - accuracy: 0.76879
Validating epoch 0 | loss: 0.36318 - accuracy: 0.86353
Training epoch 1 | loss: 0.21389 - accuracy: 0.92095
Validating epoch 1 | loss: 0.34482 - accuracy: 0.87156
Training epoch 2 | loss: 0.11258 - accuracy: 0.96344
Validating epoch 2 | loss: 0.42456 - accuracy: 0.86697
Training epoch 3 | loss: 0.06678 - accuracy: 0.97962
Validating epoch 3 | loss: 0.44989 - accuracy: 0.87041
Model is Bert, dataset is sst, undersample is False, aug mode is None, geo is None, pct_usage is None, small_label is 1, small_prop is 0.6, balance_seed is 9, lr is 2e-05, max_epochs is 4, split_num is 0
Training epoch 0 | loss: 0.41983 - accuracy: 0.80737
Validating epoch 0 | loss: 0.32724 - accuracy: 0.86927
Training epoch 1 | loss: 0.16249 - accuracy: 0.94379
Validating epoch 1 | loss: 0.35296 - accuracy: 0.88073
Training epoch 2 | loss: 0.06418 - accuracy: 0.98237
Validating epoch 2 | loss: 0.44217 - accuracy: 0.88073
Training epoch 3 | loss: 0.03309 - accuracy: 0.99191
Validating epoch 3 | loss: 0.46673 - accuracy: 0.87959
Model is Bert, dataset is sst, undersample is True, aug mode is None, geo is None, pct_usage is None, small_label is 1, small_prop is 0.6, balance_seed is 9, lr is 2e-05, max_epochs is 4, split_num is 0
Training epoch 0 | loss: 0.41973 - accuracy: 0.79147
Validating epoch 0 | loss: 0.32773 - accuracy: 0.86927
Training epoch 1 | loss: 0.12897 - accuracy: 0.95751
Validating epoch 1 | loss: 0.37899 - accuracy: 0.88647
Training epoch 2 | loss: 0.04839 - accuracy: 0.98685
Validating epoch 2 | loss: 0.45688 - accuracy: 0.88647
Training epoch 3 | loss: 0.02052 - accuracy: 0.99509
Validating epoch 3 | loss: 0.50338 - accuracy: 0.88073
Model is Bert, dataset is sst, undersample is None, aug mode is trans, geo is 0.1, pct_usage is None, small_label is 1, small_prop is 0.6, balance_seed is 9, lr is 2e-05, max_epochs is 4, split_num is 0
Training epoch 0 | loss: 0.42651 - accuracy: 0.78873
Validating epoch 0 | loss: 0.34673 - accuracy: 0.86009
Training epoch 1 | loss: 0.19201 - accuracy: 0.92789
Validating epoch 1 | loss: 0.3812 - accuracy: 0.86239
Training epoch 2 | loss: 0.12319 - accuracy: 0.95809
Validating epoch 2 | loss: 0.41637 - accuracy: 0.86468
Training epoch 3 | loss: 0.07232 - accuracy: 0.97384
Validating epoch 3 | loss: 0.4628 - accuracy: 0.86124
Model is Bert, dataset is sst, undersample is None, aug mode is trans, geo is 0.3, pct_usage is None, small_label is 1, small_prop is 0.6, balance_seed is 9, lr is 2e-05, max_epochs is 4, split_num is 0
Training epoch 0 | loss: 0.43301 - accuracy: 0.7828
Validating epoch 0 | loss: 0.3108 - accuracy: 0.87844
Training epoch 1 | loss: 0.20724 - accuracy: 0.92211
Validating epoch 1 | loss: 0.31508 - accuracy: 0.88417
Training epoch 2 | loss: 0.12458 - accuracy: 0.95506
Validating epoch 2 | loss: 0.3659 - accuracy: 0.87959
Training epoch 3 | loss: 0.07693 - accuracy: 0.97659
Validating epoch 3 | loss: 0.42486 - accuracy: 0.88417
Model is Bert, dataset is sst, undersample is None, aug mode is trans, geo is 0.5, pct_usage is None, small_label is 1, small_prop is 0.6, balance_seed is 9, lr is 2e-05, max_epochs is 4, split_num is 0
Training epoch 0 | loss: 0.43134 - accuracy: 0.78873
Validating epoch 0 | loss: 0.33515 - accuracy: 0.87271
Training epoch 1 | loss: 0.206 - accuracy: 0.92269
Validating epoch 1 | loss: 0.35891 - accuracy: 0.86812
Training epoch 2 | loss: 0.10836 - accuracy: 0.96402
Validating epoch 2 | loss: 0.43057 - accuracy: 0.86353
Training epoch 3 | loss: 0.07386 - accuracy: 0.97789
Validating epoch 3 | loss: 0.43073 - accuracy: 0.87729
Model is Bert, dataset is sst, undersample is None, aug mode is trans, geo is 0.7, pct_usage is None, small_label is 1, small_prop is 0.6, balance_seed is 9, lr is 2e-05, max_epochs is 4, split_num is 0
Training epoch 0 | loss: 0.43408 - accuracy: 0.78396
Validating epoch 0 | loss: 0.31944 - accuracy: 0.87385
Training epoch 1 | loss: 0.1872 - accuracy: 0.93194
Validating epoch 1 | loss: 0.35143 - accuracy: 0.86927
Training epoch 2 | loss: 0.10172 - accuracy: 0.96662
Validating epoch 2 | loss: 0.40184 - accuracy: 0.87615
Training epoch 3 | loss: 0.07258 - accuracy: 0.97832
Validating epoch 3 | loss: 0.41411 - accuracy: 0.88188
Model is Bert, dataset is sst, undersample is None, aug mode is trans, geo is 0.9, pct_usage is None, small_label is 1, small_prop is 0.6, balance_seed is 9, lr is 2e-05, max_epochs is 4, split_num is 0
Training epoch 0 | loss: 0.44011 - accuracy: 0.77601
Validating epoch 0 | loss: 0.35064 - accuracy: 0.8578
Training epoch 1 | loss: 0.18209 - accuracy: 0.93179
Validating epoch 1 | loss: 0.39589 - accuracy: 0.85665
Training epoch 2 | loss: 0.09219 - accuracy: 0.97182
Validating epoch 2 | loss: 0.43077 - accuracy: 0.87959
Training epoch 3 | loss: 0.05054 - accuracy: 0.98454
Validating epoch 3 | loss: 0.4655 - accuracy: 0.875
Model is Bert, dataset is sst, undersample is False, aug mode is None, geo is None, pct_usage is None, small_label is 0, small_prop is 0.8, balance_seed is 9, lr is 2e-05, max_epochs is 4, split_num is 0
Training epoch 0 | loss: 0.4549 - accuracy: 0.77457
Validating epoch 0 | loss: 0.32208 - accuracy: 0.86583
Training epoch 1 | loss: 0.21971 - accuracy: 0.91792
Validating epoch 1 | loss: 0.3702 - accuracy: 0.86583
Training epoch 2 | loss: 0.11257 - accuracy: 0.96127
Validating epoch 2 | loss: 0.40408 - accuracy: 0.87156
Training epoch 3 | loss: 0.05826 - accuracy: 0.98324
Validating epoch 3 | loss: 0.45198 - accuracy: 0.87385
Model is Bert, dataset is sst, undersample is True, aug mode is None, geo is None, pct_usage is None, small_label is 0, small_prop is 0.8, balance_seed is 9, lr is 2e-05, max_epochs is 4, split_num is 0
Training epoch 0 | loss: 0.44166 - accuracy: 0.77572
Validating epoch 0 | loss: 0.28484 - accuracy: 0.88417
Training epoch 1 | loss: 0.17086 - accuracy: 0.93815
Validating epoch 1 | loss: 0.32278 - accuracy: 0.88991
Training epoch 2 | loss: 0.06653 - accuracy: 0.9815
Validating epoch 2 | loss: 0.4015 - accuracy: 0.88761
Training epoch 3 | loss: 0.03303 - accuracy: 0.9922
Validating epoch 3 | loss: 0.44145 - accuracy: 0.88876
Model is Bert, dataset is sst, undersample is None, aug mode is trans, geo is 0.1, pct_usage is None, small_label is 0, small_prop is 0.8, balance_seed is 9, lr is 2e-05, max_epochs is 4, split_num is 0
Training epoch 0 | loss: 0.4479 - accuracy: 0.77457
Validating epoch 0 | loss: 0.42297 - accuracy: 0.82454
Training epoch 1 | loss: 0.24013 - accuracy: 0.90506
Validating epoch 1 | loss: 0.43132 - accuracy: 0.83716
Training epoch 2 | loss: 0.1547 - accuracy: 0.94639
Validating epoch 2 | loss: 0.42092 - accuracy: 0.84977
Training epoch 3 | loss: 0.10165 - accuracy: 0.9685
Validating epoch 3 | loss: 0.45817 - accuracy: 0.85321
Model is Bert, dataset is sst, undersample is None, aug mode is trans, geo is 0.3, pct_usage is None, small_label is 0, small_prop is 0.8, balance_seed is 9, lr is 2e-05, max_epochs is 4, split_num is 0
Training epoch 0 | loss: 0.46536 - accuracy: 0.77225
Validating epoch 0 | loss: 0.33269 - accuracy: 0.86009
Training epoch 1 | loss: 0.255 - accuracy: 0.9
Validating epoch 1 | loss: 0.32947 - accuracy: 0.87271
Training epoch 2 | loss: 0.17675 - accuracy: 0.93584
Validating epoch 2 | loss: 0.3704 - accuracy: 0.86353
Training epoch 3 | loss: 0.13495 - accuracy: 0.95679
Validating epoch 3 | loss: 0.39226 - accuracy: 0.86697
Model is Bert, dataset is sst, undersample is None, aug mode is trans, geo is 0.5, pct_usage is None, small_label is 0, small_prop is 0.8, balance_seed is 9, lr is 2e-05, max_epochs is 4, split_num is 0
Training epoch 0 | loss: 0.45931 - accuracy: 0.77283
Validating epoch 0 | loss: 0.32569 - accuracy: 0.875
Training epoch 1 | loss: 0.23505 - accuracy: 0.91171
Validating epoch 1 | loss: 0.3465 - accuracy: 0.86468
Training epoch 2 | loss: 0.13862 - accuracy: 0.95145
Validating epoch 2 | loss: 0.40446 - accuracy: 0.86009
Training epoch 3 | loss: 0.09944 - accuracy: 0.96749
Validating epoch 3 | loss: 0.42055 - accuracy: 0.86697
Model is Bert, dataset is sst, undersample is None, aug mode is trans, geo is 0.7, pct_usage is None, small_label is 0, small_prop is 0.8, balance_seed is 9, lr is 2e-05, max_epochs is 4, split_num is 0
Training epoch 0 | loss: 0.48328 - accuracy: 0.75347
Validating epoch 0 | loss: 0.33562 - accuracy: 0.86697
Training epoch 1 | loss: 0.24667 - accuracy: 0.90217
Validating epoch 1 | loss: 0.33404 - accuracy: 0.87385
Training epoch 2 | loss: 0.14559 - accuracy: 0.94913
Validating epoch 2 | loss: 0.37273 - accuracy: 0.87729
Training epoch 3 | loss: 0.10712 - accuracy: 0.96792
Validating epoch 3 | loss: 0.39902 - accuracy: 0.87385
Model is Bert, dataset is sst, undersample is None, aug mode is trans, geo is 0.9, pct_usage is None, small_label is 0, small_prop is 0.8, balance_seed is 9, lr is 2e-05, max_epochs is 4, split_num is 0
Training epoch 0 | loss: 0.45361 - accuracy: 0.76879
Validating epoch 0 | loss: 0.33094 - accuracy: 0.86812
Training epoch 1 | loss: 0.21589 - accuracy: 0.92139
Validating epoch 1 | loss: 0.32452 - accuracy: 0.87844
Training epoch 2 | loss: 0.11099 - accuracy: 0.96286
Validating epoch 2 | loss: 0.38375 - accuracy: 0.875
Training epoch 3 | loss: 0.06715 - accuracy: 0.97919
Validating epoch 3 | loss: 0.43152 - accuracy: 0.87844
Model is Bert, dataset is sst, undersample is False, aug mode is None, geo is None, pct_usage is None, small_label is 1, small_prop is 0.8, balance_seed is 9, lr is 2e-05, max_epochs is 4, split_num is 0
Training epoch 0 | loss: 0.4368 - accuracy: 0.7815
Validating epoch 0 | loss: 0.31336 - accuracy: 0.87041
Training epoch 1 | loss: 0.19204 - accuracy: 0.92789
Validating epoch 1 | loss: 0.32983 - accuracy: 0.88417
Training epoch 2 | loss: 0.08182 - accuracy: 0.97341
Validating epoch 2 | loss: 0.38447 - accuracy: 0.8922
Training epoch 3 | loss: 0.04118 - accuracy: 0.98902
Validating epoch 3 | loss: 0.44198 - accuracy: 0.88876
Model is Bert, dataset is sst, undersample is True, aug mode is None, geo is None, pct_usage is None, small_label is 1, small_prop is 0.8, balance_seed is 9, lr is 2e-05, max_epochs is 4, split_num is 0
Training epoch 0 | loss: 0.44265 - accuracy: 0.76879
Validating epoch 0 | loss: 0.33205 - accuracy: 0.8578
Training epoch 1 | loss: 0.17397 - accuracy: 0.93945
Validating epoch 1 | loss: 0.33424 - accuracy: 0.87615
Training epoch 2 | loss: 0.072 - accuracy: 0.97962
Validating epoch 2 | loss: 0.41834 - accuracy: 0.87385
Training epoch 3 | loss: 0.04169 - accuracy: 0.99133
Validating epoch 3 | loss: 0.44214 - accuracy: 0.88188
Model is Bert, dataset is sst, undersample is None, aug mode is trans, geo is 0.1, pct_usage is None, small_label is 1, small_prop is 0.8, balance_seed is 9, lr is 2e-05, max_epochs is 4, split_num is 0
Training epoch 0 | loss: 0.44045 - accuracy: 0.78454
Validating epoch 0 | loss: 0.34233 - accuracy: 0.86239
Training epoch 1 | loss: 0.2347 - accuracy: 0.90867
Validating epoch 1 | loss: 0.34289 - accuracy: 0.87844
Training epoch 2 | loss: 0.13947 - accuracy: 0.9513
Validating epoch 2 | loss: 0.41016 - accuracy: 0.86239
Training epoch 3 | loss: 0.09783 - accuracy: 0.96835
Validating epoch 3 | loss: 0.42692 - accuracy: 0.86927
Model is Bert, dataset is sst, undersample is None, aug mode is trans, geo is 0.3, pct_usage is None, small_label is 1, small_prop is 0.8, balance_seed is 9, lr is 2e-05, max_epochs is 4, split_num is 0
Training epoch 0 | loss: 0.45722 - accuracy: 0.76474
Validating epoch 0 | loss: 0.30722 - accuracy: 0.87959
Training epoch 1 | loss: 0.23208 - accuracy: 0.90723
Validating epoch 1 | loss: 0.30754 - accuracy: 0.87615
Training epoch 2 | loss: 0.14465 - accuracy: 0.94971
Validating epoch 2 | loss: 0.34121 - accuracy: 0.88876
Training epoch 3 | loss: 0.10079 - accuracy: 0.96908
Validating epoch 3 | loss: 0.38593 - accuracy: 0.88188
Model is Bert, dataset is sst, undersample is None, aug mode is trans, geo is 0.5, pct_usage is None, small_label is 1, small_prop is 0.8, balance_seed is 9, lr is 2e-05, max_epochs is 4, split_num is 0
Training epoch 0 | loss: 0.44409 - accuracy: 0.78136
Validating epoch 0 | loss: 0.35741 - accuracy: 0.8578
Training epoch 1 | loss: 0.23377 - accuracy: 0.90838
Validating epoch 1 | loss: 0.31486 - accuracy: 0.88761
Training epoch 2 | loss: 0.15347 - accuracy: 0.94581
Validating epoch 2 | loss: 0.33339 - accuracy: 0.88532
Training epoch 3 | loss: 0.10664 - accuracy: 0.96647
Validating epoch 3 | loss: 0.37634 - accuracy: 0.88417
Model is Bert, dataset is sst, undersample is None, aug mode is trans, geo is 0.7, pct_usage is None, small_label is 1, small_prop is 0.8, balance_seed is 9, lr is 2e-05, max_epochs is 4, split_num is 0
Training epoch 0 | loss: 0.4555 - accuracy: 0.77298
Validating epoch 0 | loss: 0.35312 - accuracy: 0.85665
Training epoch 1 | loss: 0.2156 - accuracy: 0.9185
Validating epoch 1 | loss: 0.30709 - accuracy: 0.88647
Training epoch 2 | loss: 0.12725 - accuracy: 0.95694
Validating epoch 2 | loss: 0.39418 - accuracy: 0.88532
Training epoch 3 | loss: 0.0855 - accuracy: 0.97312
Validating epoch 3 | loss: 0.41962 - accuracy: 0.89106
Model is Bert, dataset is sst, undersample is None, aug mode is trans, geo is 0.9, pct_usage is None, small_label is 1, small_prop is 0.8, balance_seed is 9, lr is 2e-05, max_epochs is 4, split_num is 0
Training epoch 0 | loss: 0.43338 - accuracy: 0.78569
Validating epoch 0 | loss: 0.32365 - accuracy: 0.87615
Training epoch 1 | loss: 0.19627 - accuracy: 0.92659
Validating epoch 1 | loss: 0.33245 - accuracy: 0.87844
Training epoch 2 | loss: 0.10134 - accuracy: 0.96503
Validating epoch 2 | loss: 0.39271 - accuracy: 0.87729
Training epoch 3 | loss: 0.06169 - accuracy: 0.98251
Validating epoch 3 | loss: 0.43906 - accuracy: 0.88417
