Model is Bert, dataset is subj, undersample is None, aug mode is synonym, geo is 0.1, pct_usage is None, small_label is 0, small_prop is 0.2, balance_seed is 1, lr is 2e-05, max_epochs is 4, split_num is 2
Training epoch 0 | loss: 0.21568 - accuracy: 0.91578
Validating epoch 0 | loss: 0.15783 - accuracy: 0.937
Training epoch 1 | loss: 0.041 - accuracy: 0.98667
Validating epoch 1 | loss: 0.22576 - accuracy: 0.924
Training epoch 2 | loss: 0.01334 - accuracy: 0.99656
Validating epoch 2 | loss: 0.33191 - accuracy: 0.919
Training epoch 3 | loss: 0.00546 - accuracy: 0.99889
Validating epoch 3 | loss: 0.31036 - accuracy: 0.927
Model is Bert, dataset is subj, undersample is None, aug mode is synonym, geo is 0.3, pct_usage is None, small_label is 0, small_prop is 0.2, balance_seed is 1, lr is 2e-05, max_epochs is 4, split_num is 2
Training epoch 0 | loss: 0.21984 - accuracy: 0.90722
Validating epoch 0 | loss: 0.22235 - accuracy: 0.924
Training epoch 1 | loss: 0.03965 - accuracy: 0.98911
Validating epoch 1 | loss: 0.13261 - accuracy: 0.955
Training epoch 2 | loss: 0.01308 - accuracy: 0.99678
Validating epoch 2 | loss: 0.21216 - accuracy: 0.95
Training epoch 3 | loss: 0.00614 - accuracy: 0.99856
Validating epoch 3 | loss: 0.27962 - accuracy: 0.939
Model is Bert, dataset is subj, undersample is None, aug mode is synonym, geo is 0.5, pct_usage is None, small_label is 0, small_prop is 0.2, balance_seed is 1, lr is 2e-05, max_epochs is 4, split_num is 2
Training epoch 0 | loss: 0.23975 - accuracy: 0.90533
Validating epoch 0 | loss: 0.10696 - accuracy: 0.956
Training epoch 1 | loss: 0.04034 - accuracy: 0.98856
Validating epoch 1 | loss: 0.17483 - accuracy: 0.954
Training epoch 2 | loss: 0.01777 - accuracy: 0.99578
Validating epoch 2 | loss: 0.41527 - accuracy: 0.9
Training epoch 3 | loss: 0.0071 - accuracy: 0.99867
Validating epoch 3 | loss: 0.28043 - accuracy: 0.939
Model is Bert, dataset is subj, undersample is None, aug mode is synonym, geo is 0.7, pct_usage is None, small_label is 0, small_prop is 0.2, balance_seed is 1, lr is 2e-05, max_epochs is 4, split_num is 2
Training epoch 0 | loss: 0.23142 - accuracy: 0.90656
Validating epoch 0 | loss: 0.11942 - accuracy: 0.96
Training epoch 1 | loss: 0.04883 - accuracy: 0.98767
Validating epoch 1 | loss: 0.13934 - accuracy: 0.955
Training epoch 2 | loss: 0.02356 - accuracy: 0.99344
Validating epoch 2 | loss: 0.20743 - accuracy: 0.944
Training epoch 3 | loss: 0.00962 - accuracy: 0.99811
Validating epoch 3 | loss: 0.21389 - accuracy: 0.947
Model is Bert, dataset is subj, undersample is None, aug mode is synonym, geo is 0.9, pct_usage is None, small_label is 0, small_prop is 0.2, balance_seed is 1, lr is 2e-05, max_epochs is 4, split_num is 2
Training epoch 0 | loss: 0.23711 - accuracy: 0.89778
Validating epoch 0 | loss: 0.12594 - accuracy: 0.952
Training epoch 1 | loss: 0.03414 - accuracy: 0.99122
Validating epoch 1 | loss: 0.13546 - accuracy: 0.955
Training epoch 2 | loss: 0.00966 - accuracy: 0.99756
Validating epoch 2 | loss: 0.26419 - accuracy: 0.938
Training epoch 3 | loss: 0.00335 - accuracy: 0.99933
Validating epoch 3 | loss: 0.26089 - accuracy: 0.942
Model is Bert, dataset is subj, undersample is False, aug mode is None, geo is None, pct_usage is None, small_label is 0, small_prop is 0.2, balance_seed is 1, lr is 2e-05, max_epochs is 4, split_num is 2
Training epoch 0 | loss: 0.22704 - accuracy: 0.90811
Validating epoch 0 | loss: 0.17551 - accuracy: 0.942
Training epoch 1 | loss: 0.0348 - accuracy: 0.99167
Validating epoch 1 | loss: 0.17873 - accuracy: 0.949
Training epoch 2 | loss: 0.0151 - accuracy: 0.99667
Validating epoch 2 | loss: 0.34383 - accuracy: 0.923
Training epoch 3 | loss: 0.00533 - accuracy: 0.99922
Validating epoch 3 | loss: 0.28764 - accuracy: 0.94
Model is Bert, dataset is subj, undersample is True, aug mode is None, geo is None, pct_usage is None, small_label is 0, small_prop is 0.2, balance_seed is 1, lr is 2e-05, max_epochs is 4, split_num is 2
Training epoch 0 | loss: 0.20992 - accuracy: 0.90944
Validating epoch 0 | loss: 0.19194 - accuracy: 0.948
Training epoch 1 | loss: 0.01196 - accuracy: 0.99678
Validating epoch 1 | loss: 0.15668 - accuracy: 0.963
Training epoch 2 | loss: 0.0028 - accuracy: 0.99944
Validating epoch 2 | loss: 0.16332 - accuracy: 0.965
Training epoch 3 | loss: 0.00084 - accuracy: 1.0
Validating epoch 3 | loss: 0.17279 - accuracy: 0.962
Model is Bert, dataset is subj, undersample is None, aug mode is synonym, geo is 0.1, pct_usage is None, small_label is 1, small_prop is 0.2, balance_seed is 1, lr is 2e-05, max_epochs is 4, split_num is 2
Training epoch 0 | loss: 0.22231 - accuracy: 0.911
Validating epoch 0 | loss: 0.22555 - accuracy: 0.918
Training epoch 1 | loss: 0.03914 - accuracy: 0.98833
Validating epoch 1 | loss: 0.22094 - accuracy: 0.932
Training epoch 2 | loss: 0.01588 - accuracy: 0.99544
Validating epoch 2 | loss: 0.30855 - accuracy: 0.924
Training epoch 3 | loss: 0.00661 - accuracy: 0.99833
Validating epoch 3 | loss: 0.22115 - accuracy: 0.948
Model is Bert, dataset is subj, undersample is None, aug mode is synonym, geo is 0.3, pct_usage is None, small_label is 1, small_prop is 0.2, balance_seed is 1, lr is 2e-05, max_epochs is 4, split_num is 2
Training epoch 0 | loss: 0.23574 - accuracy: 0.89933
Validating epoch 0 | loss: 0.13334 - accuracy: 0.953
Training epoch 1 | loss: 0.03393 - accuracy: 0.98911
Validating epoch 1 | loss: 0.2165 - accuracy: 0.942
Training epoch 2 | loss: 0.00635 - accuracy: 0.99856
Validating epoch 2 | loss: 0.25389 - accuracy: 0.943
Training epoch 3 | loss: 0.00175 - accuracy: 0.99989
Validating epoch 3 | loss: 0.26857 - accuracy: 0.94
Model is Bert, dataset is subj, undersample is None, aug mode is synonym, geo is 0.5, pct_usage is None, small_label is 1, small_prop is 0.2, balance_seed is 1, lr is 2e-05, max_epochs is 4, split_num is 2
Training epoch 0 | loss: 0.24477 - accuracy: 0.89678
Validating epoch 0 | loss: 0.12494 - accuracy: 0.957
Training epoch 1 | loss: 0.04578 - accuracy: 0.98722
Validating epoch 1 | loss: 0.18005 - accuracy: 0.946
Training epoch 2 | loss: 0.01725 - accuracy: 0.99533
Validating epoch 2 | loss: 0.1437 - accuracy: 0.961
Training epoch 3 | loss: 0.00546 - accuracy: 0.999
Validating epoch 3 | loss: 0.1929 - accuracy: 0.951
Model is Bert, dataset is subj, undersample is None, aug mode is synonym, geo is 0.7, pct_usage is None, small_label is 1, small_prop is 0.2, balance_seed is 1, lr is 2e-05, max_epochs is 4, split_num is 2
Training epoch 0 | loss: 0.23376 - accuracy: 0.90233
Validating epoch 0 | loss: 0.17677 - accuracy: 0.943
Training epoch 1 | loss: 0.0318 - accuracy: 0.99156
Validating epoch 1 | loss: 0.19319 - accuracy: 0.947
Training epoch 2 | loss: 0.01299 - accuracy: 0.99789
Validating epoch 2 | loss: 0.20259 - accuracy: 0.952
Training epoch 3 | loss: 0.00562 - accuracy: 0.99867
Validating epoch 3 | loss: 0.19382 - accuracy: 0.957
Model is Bert, dataset is subj, undersample is None, aug mode is synonym, geo is 0.9, pct_usage is None, small_label is 1, small_prop is 0.2, balance_seed is 1, lr is 2e-05, max_epochs is 4, split_num is 2
Training epoch 0 | loss: 0.2248 - accuracy: 0.911
Validating epoch 0 | loss: 0.14341 - accuracy: 0.956
Training epoch 1 | loss: 0.03 - accuracy: 0.99267
Validating epoch 1 | loss: 0.1458 - accuracy: 0.964
Training epoch 2 | loss: 0.01397 - accuracy: 0.99744
Validating epoch 2 | loss: 0.20479 - accuracy: 0.952
Training epoch 3 | loss: 0.01042 - accuracy: 0.99833
Validating epoch 3 | loss: 0.16962 - accuracy: 0.956
Model is Bert, dataset is subj, undersample is False, aug mode is None, geo is None, pct_usage is None, small_label is 1, small_prop is 0.2, balance_seed is 1, lr is 2e-05, max_epochs is 4, split_num is 2
Training epoch 0 | loss: 0.24784 - accuracy: 0.89589
Validating epoch 0 | loss: 0.16239 - accuracy: 0.948
Training epoch 1 | loss: 0.04145 - accuracy: 0.99033
Validating epoch 1 | loss: 0.25445 - accuracy: 0.932
Training epoch 2 | loss: 0.01567 - accuracy: 0.997
Validating epoch 2 | loss: 0.24848 - accuracy: 0.936
Training epoch 3 | loss: 0.00992 - accuracy: 0.99878
Validating epoch 3 | loss: 0.21296 - accuracy: 0.948
Model is Bert, dataset is subj, undersample is True, aug mode is None, geo is None, pct_usage is None, small_label is 1, small_prop is 0.2, balance_seed is 1, lr is 2e-05, max_epochs is 4, split_num is 2
Training epoch 0 | loss: 0.18518 - accuracy: 0.92344
Validating epoch 0 | loss: 0.13039 - accuracy: 0.956
Training epoch 1 | loss: 0.00967 - accuracy: 0.99789
Validating epoch 1 | loss: 0.19137 - accuracy: 0.964
Training epoch 2 | loss: 0.00299 - accuracy: 0.99922
Validating epoch 2 | loss: 0.22953 - accuracy: 0.956
Training epoch 3 | loss: 0.00115 - accuracy: 0.99978
Validating epoch 3 | loss: 0.20268 - accuracy: 0.964
Model is Bert, dataset is subj, undersample is None, aug mode is synonym, geo is 0.1, pct_usage is None, small_label is 0, small_prop is 0.4, balance_seed is 1, lr is 2e-05, max_epochs is 4, split_num is 2
Training epoch 0 | loss: 0.21931 - accuracy: 0.90111
Validating epoch 0 | loss: 0.14656 - accuracy: 0.947
Training epoch 1 | loss: 0.05287 - accuracy: 0.98267
Validating epoch 1 | loss: 0.12396 - accuracy: 0.953
Training epoch 2 | loss: 0.0205 - accuracy: 0.99378
Validating epoch 2 | loss: 0.28155 - accuracy: 0.914
Training epoch 3 | loss: 0.0098 - accuracy: 0.99744
Validating epoch 3 | loss: 0.20824 - accuracy: 0.94
Model is Bert, dataset is subj, undersample is None, aug mode is synonym, geo is 0.3, pct_usage is None, small_label is 0, small_prop is 0.4, balance_seed is 1, lr is 2e-05, max_epochs is 4, split_num is 2
Training epoch 0 | loss: 0.23385 - accuracy: 0.89667
Validating epoch 0 | loss: 0.15988 - accuracy: 0.94
Training epoch 1 | loss: 0.05276 - accuracy: 0.98256
Validating epoch 1 | loss: 0.15919 - accuracy: 0.953
Training epoch 2 | loss: 0.01929 - accuracy: 0.99467
Validating epoch 2 | loss: 0.24046 - accuracy: 0.942
Training epoch 3 | loss: 0.0078 - accuracy: 0.998
Validating epoch 3 | loss: 0.17416 - accuracy: 0.959
Model is Bert, dataset is subj, undersample is None, aug mode is synonym, geo is 0.5, pct_usage is None, small_label is 0, small_prop is 0.4, balance_seed is 1, lr is 2e-05, max_epochs is 4, split_num is 2
Training epoch 0 | loss: 0.24326 - accuracy: 0.90222
Validating epoch 0 | loss: 0.10775 - accuracy: 0.962
Training epoch 1 | loss: 0.05768 - accuracy: 0.98311
Validating epoch 1 | loss: 0.1143 - accuracy: 0.963
Training epoch 2 | loss: 0.02228 - accuracy: 0.99344
Validating epoch 2 | loss: 0.12839 - accuracy: 0.96
Training epoch 3 | loss: 0.00775 - accuracy: 0.99789
Validating epoch 3 | loss: 0.18411 - accuracy: 0.948
Model is Bert, dataset is subj, undersample is None, aug mode is synonym, geo is 0.7, pct_usage is None, small_label is 0, small_prop is 0.4, balance_seed is 1, lr is 2e-05, max_epochs is 4, split_num is 2
Training epoch 0 | loss: 0.26052 - accuracy: 0.88722
Validating epoch 0 | loss: 0.14454 - accuracy: 0.955
Training epoch 1 | loss: 0.05656 - accuracy: 0.98344
Validating epoch 1 | loss: 0.35503 - accuracy: 0.896
Training epoch 2 | loss: 0.01933 - accuracy: 0.99467
Validating epoch 2 | loss: 0.20202 - accuracy: 0.951
Training epoch 3 | loss: 0.00858 - accuracy: 0.99811
Validating epoch 3 | loss: 0.16402 - accuracy: 0.96
Model is Bert, dataset is subj, undersample is None, aug mode is synonym, geo is 0.9, pct_usage is None, small_label is 0, small_prop is 0.4, balance_seed is 1, lr is 2e-05, max_epochs is 4, split_num is 2
Training epoch 0 | loss: 0.25987 - accuracy: 0.89122
Validating epoch 0 | loss: 0.10399 - accuracy: 0.968
Training epoch 1 | loss: 0.04713 - accuracy: 0.98611
Validating epoch 1 | loss: 0.10411 - accuracy: 0.97
Training epoch 2 | loss: 0.01661 - accuracy: 0.99544
Validating epoch 2 | loss: 0.19512 - accuracy: 0.956
Training epoch 3 | loss: 0.00845 - accuracy: 0.99833
Validating epoch 3 | loss: 0.175 - accuracy: 0.963
Model is Bert, dataset is subj, undersample is False, aug mode is None, geo is None, pct_usage is None, small_label is 0, small_prop is 0.4, balance_seed is 1, lr is 2e-05, max_epochs is 4, split_num is 2
Training epoch 0 | loss: 0.26227 - accuracy: 0.88956
Validating epoch 0 | loss: 0.11917 - accuracy: 0.959
Training epoch 1 | loss: 0.04821 - accuracy: 0.98589
Validating epoch 1 | loss: 0.15144 - accuracy: 0.951
Training epoch 2 | loss: 0.01658 - accuracy: 0.99622
Validating epoch 2 | loss: 0.20641 - accuracy: 0.946
Training epoch 3 | loss: 0.00855 - accuracy: 0.99833
Validating epoch 3 | loss: 0.17666 - accuracy: 0.954
Model is Bert, dataset is subj, undersample is True, aug mode is None, geo is None, pct_usage is None, small_label is 0, small_prop is 0.4, balance_seed is 1, lr is 2e-05, max_epochs is 4, split_num is 2
Training epoch 0 | loss: 0.24846 - accuracy: 0.90122
Validating epoch 0 | loss: 0.1171 - accuracy: 0.962
Training epoch 1 | loss: 0.05144 - accuracy: 0.98667
Validating epoch 1 | loss: 0.13513 - accuracy: 0.964
Training epoch 2 | loss: 0.01447 - accuracy: 0.99667
Validating epoch 2 | loss: 0.12843 - accuracy: 0.967
Training epoch 3 | loss: 0.0067 - accuracy: 0.99878
Validating epoch 3 | loss: 0.13234 - accuracy: 0.965
Model is Bert, dataset is subj, undersample is None, aug mode is synonym, geo is 0.1, pct_usage is None, small_label is 1, small_prop is 0.4, balance_seed is 1, lr is 2e-05, max_epochs is 4, split_num is 2
Training epoch 0 | loss: 0.24698 - accuracy: 0.89411
Validating epoch 0 | loss: 0.17293 - accuracy: 0.945
Training epoch 1 | loss: 0.05481 - accuracy: 0.98233
Validating epoch 1 | loss: 0.14134 - accuracy: 0.954
Training epoch 2 | loss: 0.02251 - accuracy: 0.99311
Validating epoch 2 | loss: 0.16413 - accuracy: 0.953
Training epoch 3 | loss: 0.01083 - accuracy: 0.99744
Validating epoch 3 | loss: 0.1501 - accuracy: 0.96
Model is Bert, dataset is subj, undersample is None, aug mode is synonym, geo is 0.3, pct_usage is None, small_label is 1, small_prop is 0.4, balance_seed is 1, lr is 2e-05, max_epochs is 4, split_num is 2
Training epoch 0 | loss: 0.24403 - accuracy: 0.89733
Validating epoch 0 | loss: 0.11684 - accuracy: 0.962
Training epoch 1 | loss: 0.05383 - accuracy: 0.98322
Validating epoch 1 | loss: 0.14318 - accuracy: 0.959
Training epoch 2 | loss: 0.02174 - accuracy: 0.99333
Validating epoch 2 | loss: 0.15261 - accuracy: 0.959
Training epoch 3 | loss: 0.0062 - accuracy: 0.99833
Validating epoch 3 | loss: 0.16101 - accuracy: 0.962
Model is Bert, dataset is subj, undersample is None, aug mode is synonym, geo is 0.5, pct_usage is None, small_label is 1, small_prop is 0.4, balance_seed is 1, lr is 2e-05, max_epochs is 4, split_num is 2
Training epoch 0 | loss: 0.26136 - accuracy: 0.88933
Validating epoch 0 | loss: 0.10147 - accuracy: 0.968
Training epoch 1 | loss: 0.05352 - accuracy: 0.98356
Validating epoch 1 | loss: 0.11642 - accuracy: 0.966
Training epoch 2 | loss: 0.01641 - accuracy: 0.99622
Validating epoch 2 | loss: 0.14316 - accuracy: 0.961
Training epoch 3 | loss: 0.0093 - accuracy: 0.99844
Validating epoch 3 | loss: 0.1567 - accuracy: 0.959
Model is Bert, dataset is subj, undersample is None, aug mode is synonym, geo is 0.7, pct_usage is None, small_label is 1, small_prop is 0.4, balance_seed is 1, lr is 2e-05, max_epochs is 4, split_num is 2
Training epoch 0 | loss: 0.24668 - accuracy: 0.89833
Validating epoch 0 | loss: 0.10648 - accuracy: 0.961
Training epoch 1 | loss: 0.05738 - accuracy: 0.98211
Validating epoch 1 | loss: 0.10851 - accuracy: 0.97
Training epoch 2 | loss: 0.01577 - accuracy: 0.99622
Validating epoch 2 | loss: 0.13332 - accuracy: 0.964
Training epoch 3 | loss: 0.00672 - accuracy: 0.99889
Validating epoch 3 | loss: 0.12559 - accuracy: 0.969
Model is Bert, dataset is subj, undersample is None, aug mode is synonym, geo is 0.9, pct_usage is None, small_label is 1, small_prop is 0.4, balance_seed is 1, lr is 2e-05, max_epochs is 4, split_num is 2
Training epoch 0 | loss: 0.2331 - accuracy: 0.90978
Validating epoch 0 | loss: 0.11816 - accuracy: 0.959
Training epoch 1 | loss: 0.04115 - accuracy: 0.98733
Validating epoch 1 | loss: 0.15699 - accuracy: 0.961
Training epoch 2 | loss: 0.01192 - accuracy: 0.997
Validating epoch 2 | loss: 0.13688 - accuracy: 0.965
Training epoch 3 | loss: 0.0051 - accuracy: 0.99844
Validating epoch 3 | loss: 0.16137 - accuracy: 0.966
Model is Bert, dataset is subj, undersample is False, aug mode is None, geo is None, pct_usage is None, small_label is 1, small_prop is 0.4, balance_seed is 1, lr is 2e-05, max_epochs is 4, split_num is 2
Training epoch 0 | loss: 0.23918 - accuracy: 0.90256
Validating epoch 0 | loss: 0.10198 - accuracy: 0.969
Training epoch 1 | loss: 0.03476 - accuracy: 0.99011
Validating epoch 1 | loss: 0.12512 - accuracy: 0.968
Training epoch 2 | loss: 0.00808 - accuracy: 0.99778
Validating epoch 2 | loss: 0.15162 - accuracy: 0.963
Training epoch 3 | loss: 0.00399 - accuracy: 0.99922
Validating epoch 3 | loss: 0.1428 - accuracy: 0.965
Model is Bert, dataset is subj, undersample is True, aug mode is None, geo is None, pct_usage is None, small_label is 1, small_prop is 0.4, balance_seed is 1, lr is 2e-05, max_epochs is 4, split_num is 2
Training epoch 0 | loss: 0.23821 - accuracy: 0.89856
Validating epoch 0 | loss: 0.13881 - accuracy: 0.955
Training epoch 1 | loss: 0.03253 - accuracy: 0.99122
Validating epoch 1 | loss: 0.14138 - accuracy: 0.959
Training epoch 2 | loss: 0.00724 - accuracy: 0.99867
Validating epoch 2 | loss: 0.14972 - accuracy: 0.962
Training epoch 3 | loss: 0.00368 - accuracy: 0.99956
Validating epoch 3 | loss: 0.15845 - accuracy: 0.958
Model is Bert, dataset is subj, undersample is None, aug mode is synonym, geo is 0.1, pct_usage is None, small_label is 0, small_prop is 0.6, balance_seed is 1, lr is 2e-05, max_epochs is 4, split_num is 2
Training epoch 0 | loss: 0.22689 - accuracy: 0.90967
Validating epoch 0 | loss: 0.12105 - accuracy: 0.957
Training epoch 1 | loss: 0.06015 - accuracy: 0.98011
Validating epoch 1 | loss: 0.22959 - accuracy: 0.927
Training epoch 2 | loss: 0.0195 - accuracy: 0.99367
Validating epoch 2 | loss: 0.15172 - accuracy: 0.952
Training epoch 3 | loss: 0.01136 - accuracy: 0.99678
Validating epoch 3 | loss: 0.16776 - accuracy: 0.95
Model is Bert, dataset is subj, undersample is None, aug mode is synonym, geo is 0.3, pct_usage is None, small_label is 0, small_prop is 0.6, balance_seed is 1, lr is 2e-05, max_epochs is 4, split_num is 2
Training epoch 0 | loss: 0.24877 - accuracy: 0.89256
Validating epoch 0 | loss: 0.0998 - accuracy: 0.966
Training epoch 1 | loss: 0.06687 - accuracy: 0.97878
Validating epoch 1 | loss: 0.17273 - accuracy: 0.94
Training epoch 2 | loss: 0.02902 - accuracy: 0.993
Validating epoch 2 | loss: 0.15982 - accuracy: 0.959
Training epoch 3 | loss: 0.01483 - accuracy: 0.99667
Validating epoch 3 | loss: 0.12978 - accuracy: 0.964
Model is Bert, dataset is subj, undersample is None, aug mode is synonym, geo is 0.5, pct_usage is None, small_label is 0, small_prop is 0.6, balance_seed is 1, lr is 2e-05, max_epochs is 4, split_num is 2
Training epoch 0 | loss: 0.24733 - accuracy: 0.89867
Validating epoch 0 | loss: 0.10792 - accuracy: 0.962
Training epoch 1 | loss: 0.06086 - accuracy: 0.98
Validating epoch 1 | loss: 0.10975 - accuracy: 0.96
Training epoch 2 | loss: 0.01999 - accuracy: 0.99456
Validating epoch 2 | loss: 0.1241 - accuracy: 0.964
Training epoch 3 | loss: 0.008 - accuracy: 0.99822
Validating epoch 3 | loss: 0.10971 - accuracy: 0.972
Model is Bert, dataset is subj, undersample is None, aug mode is synonym, geo is 0.7, pct_usage is None, small_label is 0, small_prop is 0.6, balance_seed is 1, lr is 2e-05, max_epochs is 4, split_num is 2
Training epoch 0 | loss: 0.25625 - accuracy: 0.89956
Validating epoch 0 | loss: 0.1168 - accuracy: 0.96
Training epoch 1 | loss: 0.07059 - accuracy: 0.97767
Validating epoch 1 | loss: 0.09197 - accuracy: 0.971
Training epoch 2 | loss: 0.02981 - accuracy: 0.99244
Validating epoch 2 | loss: 0.13963 - accuracy: 0.955
Training epoch 3 | loss: 0.01322 - accuracy: 0.997
Validating epoch 3 | loss: 0.11437 - accuracy: 0.971
Model is Bert, dataset is subj, undersample is None, aug mode is synonym, geo is 0.9, pct_usage is None, small_label is 0, small_prop is 0.6, balance_seed is 1, lr is 2e-05, max_epochs is 4, split_num is 2
Training epoch 0 | loss: 0.24492 - accuracy: 0.90133
Validating epoch 0 | loss: 0.10012 - accuracy: 0.966
Training epoch 1 | loss: 0.07829 - accuracy: 0.97689
Validating epoch 1 | loss: 0.11608 - accuracy: 0.967
Training epoch 2 | loss: 0.03168 - accuracy: 0.99111
Validating epoch 2 | loss: 0.12551 - accuracy: 0.969
Training epoch 3 | loss: 0.01514 - accuracy: 0.99644
Validating epoch 3 | loss: 0.1344 - accuracy: 0.965
Model is Bert, dataset is subj, undersample is False, aug mode is None, geo is None, pct_usage is None, small_label is 0, small_prop is 0.6, balance_seed is 1, lr is 2e-05, max_epochs is 4, split_num is 2
Training epoch 0 | loss: 0.26565 - accuracy: 0.88844
Validating epoch 0 | loss: 0.12381 - accuracy: 0.96
Training epoch 1 | loss: 0.07094 - accuracy: 0.97867
Validating epoch 1 | loss: 0.11464 - accuracy: 0.964
Training epoch 2 | loss: 0.02449 - accuracy: 0.99333
Validating epoch 2 | loss: 0.18279 - accuracy: 0.955
Training epoch 3 | loss: 0.01129 - accuracy: 0.997
Validating epoch 3 | loss: 0.14881 - accuracy: 0.966
Model is Bert, dataset is subj, undersample is True, aug mode is None, geo is None, pct_usage is None, small_label is 0, small_prop is 0.6, balance_seed is 1, lr is 2e-05, max_epochs is 4, split_num is 2
Training epoch 0 | loss: 0.24502 - accuracy: 0.89744
Validating epoch 0 | loss: 0.09744 - accuracy: 0.964
Training epoch 1 | loss: 0.03956 - accuracy: 0.98878
Validating epoch 1 | loss: 0.17501 - accuracy: 0.952
Training epoch 2 | loss: 0.01095 - accuracy: 0.997
Validating epoch 2 | loss: 0.12208 - accuracy: 0.968
Training epoch 3 | loss: 0.00382 - accuracy: 0.99911
Validating epoch 3 | loss: 0.13542 - accuracy: 0.965
Model is Bert, dataset is subj, undersample is None, aug mode is synonym, geo is 0.1, pct_usage is None, small_label is 1, small_prop is 0.6, balance_seed is 1, lr is 2e-05, max_epochs is 4, split_num is 2
Training epoch 0 | loss: 0.22264 - accuracy: 0.89822
Validating epoch 0 | loss: 0.16075 - accuracy: 0.94
Training epoch 1 | loss: 0.04788 - accuracy: 0.98378
Validating epoch 1 | loss: 0.19119 - accuracy: 0.925
Training epoch 2 | loss: 0.02427 - accuracy: 0.99167
Validating epoch 2 | loss: 0.17996 - accuracy: 0.951
Training epoch 3 | loss: 0.01116 - accuracy: 0.99678
Validating epoch 3 | loss: 0.15965 - accuracy: 0.961
Model is Bert, dataset is subj, undersample is None, aug mode is synonym, geo is 0.3, pct_usage is None, small_label is 1, small_prop is 0.6, balance_seed is 1, lr is 2e-05, max_epochs is 4, split_num is 2
Training epoch 0 | loss: 0.2576 - accuracy: 0.88867
Validating epoch 0 | loss: 0.15161 - accuracy: 0.945
Training epoch 1 | loss: 0.07206 - accuracy: 0.97489
Validating epoch 1 | loss: 0.11721 - accuracy: 0.965
Training epoch 2 | loss: 0.03032 - accuracy: 0.99
Validating epoch 2 | loss: 0.11209 - accuracy: 0.968
Training epoch 3 | loss: 0.01219 - accuracy: 0.997
Validating epoch 3 | loss: 0.11879 - accuracy: 0.969
Model is Bert, dataset is subj, undersample is None, aug mode is synonym, geo is 0.5, pct_usage is None, small_label is 1, small_prop is 0.6, balance_seed is 1, lr is 2e-05, max_epochs is 4, split_num is 2
Training epoch 0 | loss: 0.25738 - accuracy: 0.89478
Validating epoch 0 | loss: 0.10415 - accuracy: 0.966
Training epoch 1 | loss: 0.05791 - accuracy: 0.98033
Validating epoch 1 | loss: 0.10776 - accuracy: 0.964
Training epoch 2 | loss: 0.02184 - accuracy: 0.99267
Validating epoch 2 | loss: 0.1199 - accuracy: 0.962
Training epoch 3 | loss: 0.00559 - accuracy: 0.99833
Validating epoch 3 | loss: 0.13539 - accuracy: 0.966
Model is Bert, dataset is subj, undersample is None, aug mode is synonym, geo is 0.7, pct_usage is None, small_label is 1, small_prop is 0.6, balance_seed is 1, lr is 2e-05, max_epochs is 4, split_num is 2
Training epoch 0 | loss: 0.24513 - accuracy: 0.90133
Validating epoch 0 | loss: 0.10012 - accuracy: 0.969
Training epoch 1 | loss: 0.05857 - accuracy: 0.98
Validating epoch 1 | loss: 0.10235 - accuracy: 0.97
Training epoch 2 | loss: 0.0206 - accuracy: 0.99433
Validating epoch 2 | loss: 0.10176 - accuracy: 0.97
Training epoch 3 | loss: 0.00741 - accuracy: 0.99867
Validating epoch 3 | loss: 0.12244 - accuracy: 0.971
Model is Bert, dataset is subj, undersample is None, aug mode is synonym, geo is 0.9, pct_usage is None, small_label is 1, small_prop is 0.6, balance_seed is 1, lr is 2e-05, max_epochs is 4, split_num is 2
Training epoch 0 | loss: 0.25543 - accuracy: 0.88489
Validating epoch 0 | loss: 0.11782 - accuracy: 0.952
Training epoch 1 | loss: 0.05854 - accuracy: 0.98222
Validating epoch 1 | loss: 0.08097 - accuracy: 0.97
Training epoch 2 | loss: 0.02022 - accuracy: 0.99456
Validating epoch 2 | loss: 0.096 - accuracy: 0.971
Training epoch 3 | loss: 0.00816 - accuracy: 0.998
Validating epoch 3 | loss: 0.10841 - accuracy: 0.973
Model is Bert, dataset is subj, undersample is False, aug mode is None, geo is None, pct_usage is None, small_label is 1, small_prop is 0.6, balance_seed is 1, lr is 2e-05, max_epochs is 4, split_num is 2
Training epoch 0 | loss: 0.24878 - accuracy: 0.89578
Validating epoch 0 | loss: 0.09733 - accuracy: 0.968
Training epoch 1 | loss: 0.06005 - accuracy: 0.98222
Validating epoch 1 | loss: 0.11542 - accuracy: 0.963
Training epoch 2 | loss: 0.02349 - accuracy: 0.99356
Validating epoch 2 | loss: 0.13292 - accuracy: 0.967
Training epoch 3 | loss: 0.01017 - accuracy: 0.99744
Validating epoch 3 | loss: 0.12687 - accuracy: 0.968
Model is Bert, dataset is subj, undersample is True, aug mode is None, geo is None, pct_usage is None, small_label is 1, small_prop is 0.6, balance_seed is 1, lr is 2e-05, max_epochs is 4, split_num is 2
Training epoch 0 | loss: 0.25293 - accuracy: 0.895
Validating epoch 0 | loss: 0.10009 - accuracy: 0.963
Training epoch 1 | loss: 0.04799 - accuracy: 0.98611
Validating epoch 1 | loss: 0.09604 - accuracy: 0.966
Training epoch 2 | loss: 0.01363 - accuracy: 0.99678
Validating epoch 2 | loss: 0.1026 - accuracy: 0.971
Training epoch 3 | loss: 0.00495 - accuracy: 0.999
Validating epoch 3 | loss: 0.11029 - accuracy: 0.97
Model is Bert, dataset is subj, undersample is None, aug mode is synonym, geo is 0.1, pct_usage is None, small_label is 0, small_prop is 0.8, balance_seed is 1, lr is 2e-05, max_epochs is 4, split_num is 2
Training epoch 0 | loss: 0.22228 - accuracy: 0.91133
Validating epoch 0 | loss: 0.34557 - accuracy: 0.869
Training epoch 1 | loss: 0.05813 - accuracy: 0.98044
Validating epoch 1 | loss: 0.16945 - accuracy: 0.94
Training epoch 2 | loss: 0.03056 - accuracy: 0.98978
Validating epoch 2 | loss: 0.20756 - accuracy: 0.94
Training epoch 3 | loss: 0.01757 - accuracy: 0.99556
Validating epoch 3 | loss: 0.16892 - accuracy: 0.952
Model is Bert, dataset is subj, undersample is None, aug mode is synonym, geo is 0.3, pct_usage is None, small_label is 0, small_prop is 0.8, balance_seed is 1, lr is 2e-05, max_epochs is 4, split_num is 2
Training epoch 0 | loss: 0.24667 - accuracy: 0.90533
Validating epoch 0 | loss: 0.14138 - accuracy: 0.957
Training epoch 1 | loss: 0.06398 - accuracy: 0.98056
Validating epoch 1 | loss: 0.0946 - accuracy: 0.963
Training epoch 2 | loss: 0.02994 - accuracy: 0.99
Validating epoch 2 | loss: 0.08692 - accuracy: 0.968
Training epoch 3 | loss: 0.01191 - accuracy: 0.99722
Validating epoch 3 | loss: 0.10375 - accuracy: 0.967
Model is Bert, dataset is subj, undersample is None, aug mode is synonym, geo is 0.5, pct_usage is None, small_label is 0, small_prop is 0.8, balance_seed is 1, lr is 2e-05, max_epochs is 4, split_num is 2
Training epoch 0 | loss: 0.26551 - accuracy: 0.88789
Validating epoch 0 | loss: 0.12409 - accuracy: 0.956
Training epoch 1 | loss: 0.0764 - accuracy: 0.973
Validating epoch 1 | loss: 0.08435 - accuracy: 0.973
Training epoch 2 | loss: 0.02938 - accuracy: 0.99078
Validating epoch 2 | loss: 0.09036 - accuracy: 0.974
Training epoch 3 | loss: 0.01429 - accuracy: 0.996
Validating epoch 3 | loss: 0.10049 - accuracy: 0.97
Model is Bert, dataset is subj, undersample is None, aug mode is synonym, geo is 0.7, pct_usage is None, small_label is 0, small_prop is 0.8, balance_seed is 1, lr is 2e-05, max_epochs is 4, split_num is 2
Training epoch 0 | loss: 0.25476 - accuracy: 0.897
Validating epoch 0 | loss: 0.0933 - accuracy: 0.969
Training epoch 1 | loss: 0.06672 - accuracy: 0.97867
Validating epoch 1 | loss: 0.07991 - accuracy: 0.974
Training epoch 2 | loss: 0.02531 - accuracy: 0.99244
Validating epoch 2 | loss: 0.09025 - accuracy: 0.97
Training epoch 3 | loss: 0.01003 - accuracy: 0.99733
Validating epoch 3 | loss: 0.09438 - accuracy: 0.974
Model is Bert, dataset is subj, undersample is None, aug mode is synonym, geo is 0.9, pct_usage is None, small_label is 0, small_prop is 0.8, balance_seed is 1, lr is 2e-05, max_epochs is 4, split_num is 2
Training epoch 0 | loss: 0.26775 - accuracy: 0.89033
Validating epoch 0 | loss: 0.14438 - accuracy: 0.948
Training epoch 1 | loss: 0.08702 - accuracy: 0.97278
Validating epoch 1 | loss: 0.09647 - accuracy: 0.967
Training epoch 2 | loss: 0.0374 - accuracy: 0.98867
Validating epoch 2 | loss: 0.1136 - accuracy: 0.965
Training epoch 3 | loss: 0.01704 - accuracy: 0.99522
Validating epoch 3 | loss: 0.11951 - accuracy: 0.967
Model is Bert, dataset is subj, undersample is False, aug mode is None, geo is None, pct_usage is None, small_label is 0, small_prop is 0.8, balance_seed is 1, lr is 2e-05, max_epochs is 4, split_num is 2
Training epoch 0 | loss: 0.25274 - accuracy: 0.89867
Validating epoch 0 | loss: 0.10419 - accuracy: 0.965
Training epoch 1 | loss: 0.06966 - accuracy: 0.97733
Validating epoch 1 | loss: 0.09009 - accuracy: 0.967
Training epoch 2 | loss: 0.02476 - accuracy: 0.993
Validating epoch 2 | loss: 0.11339 - accuracy: 0.966
Training epoch 3 | loss: 0.00938 - accuracy: 0.998
Validating epoch 3 | loss: 0.12502 - accuracy: 0.966
Model is Bert, dataset is subj, undersample is True, aug mode is None, geo is None, pct_usage is None, small_label is 0, small_prop is 0.8, balance_seed is 1, lr is 2e-05, max_epochs is 4, split_num is 2
Training epoch 0 | loss: 0.24925 - accuracy: 0.89033
Validating epoch 0 | loss: 0.09816 - accuracy: 0.967
Training epoch 1 | loss: 0.06226 - accuracy: 0.98133
Validating epoch 1 | loss: 0.08618 - accuracy: 0.97
Training epoch 2 | loss: 0.01959 - accuracy: 0.99467
Validating epoch 2 | loss: 0.10198 - accuracy: 0.972
Training epoch 3 | loss: 0.00788 - accuracy: 0.99822
Validating epoch 3 | loss: 0.09827 - accuracy: 0.972
Model is Bert, dataset is subj, undersample is None, aug mode is synonym, geo is 0.1, pct_usage is None, small_label is 1, small_prop is 0.8, balance_seed is 1, lr is 2e-05, max_epochs is 4, split_num is 2
Training epoch 0 | loss: 0.24023 - accuracy: 0.89422
Validating epoch 0 | loss: 0.16422 - accuracy: 0.945
Training epoch 1 | loss: 0.05503 - accuracy: 0.98222
Validating epoch 1 | loss: 0.12439 - accuracy: 0.956
Training epoch 2 | loss: 0.02699 - accuracy: 0.99211
Validating epoch 2 | loss: 0.17679 - accuracy: 0.947
Training epoch 3 | loss: 0.01697 - accuracy: 0.995
Validating epoch 3 | loss: 0.13983 - accuracy: 0.958
Model is Bert, dataset is subj, undersample is None, aug mode is synonym, geo is 0.3, pct_usage is None, small_label is 1, small_prop is 0.8, balance_seed is 1, lr is 2e-05, max_epochs is 4, split_num is 2
Training epoch 0 | loss: 0.24862 - accuracy: 0.89656
Validating epoch 0 | loss: 0.10864 - accuracy: 0.965
Training epoch 1 | loss: 0.07126 - accuracy: 0.97467
Validating epoch 1 | loss: 0.10697 - accuracy: 0.963
Training epoch 2 | loss: 0.02584 - accuracy: 0.99189
Validating epoch 2 | loss: 0.12884 - accuracy: 0.966
Training epoch 3 | loss: 0.01209 - accuracy: 0.99622
Validating epoch 3 | loss: 0.12566 - accuracy: 0.968
Model is Bert, dataset is subj, undersample is None, aug mode is synonym, geo is 0.5, pct_usage is None, small_label is 1, small_prop is 0.8, balance_seed is 1, lr is 2e-05, max_epochs is 4, split_num is 2
Training epoch 0 | loss: 0.27369 - accuracy: 0.88556
Validating epoch 0 | loss: 0.10687 - accuracy: 0.963
Training epoch 1 | loss: 0.08538 - accuracy: 0.97222
Validating epoch 1 | loss: 0.10774 - accuracy: 0.965
Training epoch 2 | loss: 0.03915 - accuracy: 0.98867
Validating epoch 2 | loss: 0.12037 - accuracy: 0.968
Training epoch 3 | loss: 0.01838 - accuracy: 0.99533
Validating epoch 3 | loss: 0.12774 - accuracy: 0.968
Model is Bert, dataset is subj, undersample is None, aug mode is synonym, geo is 0.7, pct_usage is None, small_label is 1, small_prop is 0.8, balance_seed is 1, lr is 2e-05, max_epochs is 4, split_num is 2
Training epoch 0 | loss: 0.25575 - accuracy: 0.89844
Validating epoch 0 | loss: 0.10011 - accuracy: 0.964
Training epoch 1 | loss: 0.08533 - accuracy: 0.97344
Validating epoch 1 | loss: 0.07476 - accuracy: 0.969
Training epoch 2 | loss: 0.03862 - accuracy: 0.98933
Validating epoch 2 | loss: 0.0891 - accuracy: 0.968
Training epoch 3 | loss: 0.01758 - accuracy: 0.99533
Validating epoch 3 | loss: 0.09514 - accuracy: 0.968
Model is Bert, dataset is subj, undersample is None, aug mode is synonym, geo is 0.9, pct_usage is None, small_label is 1, small_prop is 0.8, balance_seed is 1, lr is 2e-05, max_epochs is 4, split_num is 2
Training epoch 0 | loss: 0.25235 - accuracy: 0.88856
Validating epoch 0 | loss: 0.10492 - accuracy: 0.962
Training epoch 1 | loss: 0.07284 - accuracy: 0.975
Validating epoch 1 | loss: 0.10363 - accuracy: 0.966
Training epoch 2 | loss: 0.02358 - accuracy: 0.99322
Validating epoch 2 | loss: 0.1096 - accuracy: 0.97
Training epoch 3 | loss: 0.00855 - accuracy: 0.99789
Validating epoch 3 | loss: 0.11446 - accuracy: 0.971
Model is Bert, dataset is subj, undersample is False, aug mode is None, geo is None, pct_usage is None, small_label is 1, small_prop is 0.8, balance_seed is 1, lr is 2e-05, max_epochs is 4, split_num is 2
Training epoch 0 | loss: 0.28764 - accuracy: 0.87878
Validating epoch 0 | loss: 0.1108 - accuracy: 0.958
Training epoch 1 | loss: 0.08023 - accuracy: 0.97511
Validating epoch 1 | loss: 0.08645 - accuracy: 0.969
Training epoch 2 | loss: 0.03332 - accuracy: 0.99111
Validating epoch 2 | loss: 0.10146 - accuracy: 0.966
Training epoch 3 | loss: 0.01454 - accuracy: 0.99722
Validating epoch 3 | loss: 0.10775 - accuracy: 0.97
Model is Bert, dataset is subj, undersample is True, aug mode is None, geo is None, pct_usage is None, small_label is 1, small_prop is 0.8, balance_seed is 1, lr is 2e-05, max_epochs is 4, split_num is 2
Training epoch 0 | loss: 0.26132 - accuracy: 0.87522
Validating epoch 0 | loss: 0.09842 - accuracy: 0.963
Training epoch 1 | loss: 0.05958 - accuracy: 0.98111
Validating epoch 1 | loss: 0.0903 - accuracy: 0.972
Training epoch 2 | loss: 0.01517 - accuracy: 0.99567
Validating epoch 2 | loss: 0.13381 - accuracy: 0.965
Training epoch 3 | loss: 0.00605 - accuracy: 0.99867
Validating epoch 3 | loss: 0.12515 - accuracy: 0.968
