Model is Bert, dataset is subj, undersample is None, aug mode is synonym, geo is 0.1, pct_usage is None, small_label is 0, small_prop is 0.2, balance_seed is 1, lr is 2e-05, max_epochs is 4, split_num is 9
Training epoch 0 | loss: 0.21753 - accuracy: 0.91056
Validating epoch 0 | loss: 0.25045 - accuracy: 0.901
Training epoch 1 | loss: 0.03764 - accuracy: 0.98711
Validating epoch 1 | loss: 0.367 - accuracy: 0.892
Training epoch 2 | loss: 0.00921 - accuracy: 0.99744
Validating epoch 2 | loss: 0.33398 - accuracy: 0.907
Training epoch 3 | loss: 0.00423 - accuracy: 0.99856
Validating epoch 3 | loss: 0.35343 - accuracy: 0.907
Model is Bert, dataset is subj, undersample is None, aug mode is synonym, geo is 0.3, pct_usage is None, small_label is 0, small_prop is 0.2, balance_seed is 1, lr is 2e-05, max_epochs is 4, split_num is 9
Training epoch 0 | loss: 0.2205 - accuracy: 0.91178
Validating epoch 0 | loss: 0.31634 - accuracy: 0.907
Training epoch 1 | loss: 0.0352 - accuracy: 0.99
Validating epoch 1 | loss: 0.25266 - accuracy: 0.928
Training epoch 2 | loss: 0.01013 - accuracy: 0.99811
Validating epoch 2 | loss: 0.47903 - accuracy: 0.889
Training epoch 3 | loss: 0.00432 - accuracy: 0.99911
Validating epoch 3 | loss: 0.36122 - accuracy: 0.917
Model is Bert, dataset is subj, undersample is None, aug mode is synonym, geo is 0.5, pct_usage is None, small_label is 0, small_prop is 0.2, balance_seed is 1, lr is 2e-05, max_epochs is 4, split_num is 9
Training epoch 0 | loss: 0.22228 - accuracy: 0.89933
Validating epoch 0 | loss: 0.19219 - accuracy: 0.939
Training epoch 1 | loss: 0.03584 - accuracy: 0.98911
Validating epoch 1 | loss: 0.24277 - accuracy: 0.934
Training epoch 2 | loss: 0.00919 - accuracy: 0.99733
Validating epoch 2 | loss: 0.50957 - accuracy: 0.886
Training epoch 3 | loss: 0.00374 - accuracy: 0.99911
Validating epoch 3 | loss: 0.41616 - accuracy: 0.907
Model is Bert, dataset is subj, undersample is None, aug mode is synonym, geo is 0.7, pct_usage is None, small_label is 0, small_prop is 0.2, balance_seed is 1, lr is 2e-05, max_epochs is 4, split_num is 9
Training epoch 0 | loss: 0.23864 - accuracy: 0.90089
Validating epoch 0 | loss: 0.17828 - accuracy: 0.938
Training epoch 1 | loss: 0.04359 - accuracy: 0.98911
Validating epoch 1 | loss: 0.34651 - accuracy: 0.917
Training epoch 2 | loss: 0.02038 - accuracy: 0.99467
Validating epoch 2 | loss: 0.52776 - accuracy: 0.873
Training epoch 3 | loss: 0.00945 - accuracy: 0.998
Validating epoch 3 | loss: 0.30136 - accuracy: 0.928
Model is Bert, dataset is subj, undersample is None, aug mode is synonym, geo is 0.9, pct_usage is None, small_label is 0, small_prop is 0.2, balance_seed is 1, lr is 2e-05, max_epochs is 4, split_num is 9
Training epoch 0 | loss: 0.226 - accuracy: 0.91167
Validating epoch 0 | loss: 0.25762 - accuracy: 0.913
Training epoch 1 | loss: 0.03266 - accuracy: 0.99122
Validating epoch 1 | loss: 0.3656 - accuracy: 0.914
Training epoch 2 | loss: 0.01309 - accuracy: 0.99689
Validating epoch 2 | loss: 0.39409 - accuracy: 0.91
Training epoch 3 | loss: 0.00493 - accuracy: 0.99933
Validating epoch 3 | loss: 0.38359 - accuracy: 0.919
Model is Bert, dataset is subj, undersample is False, aug mode is None, geo is None, pct_usage is None, small_label is 0, small_prop is 0.2, balance_seed is 1, lr is 2e-05, max_epochs is 4, split_num is 9
Training epoch 0 | loss: 0.24559 - accuracy: 0.89478
Validating epoch 0 | loss: 0.20057 - accuracy: 0.93
Training epoch 1 | loss: 0.04881 - accuracy: 0.98633
Validating epoch 1 | loss: 0.3625 - accuracy: 0.899
Training epoch 2 | loss: 0.02001 - accuracy: 0.99644
Validating epoch 2 | loss: 0.39181 - accuracy: 0.902
Training epoch 3 | loss: 0.01236 - accuracy: 0.99778
Validating epoch 3 | loss: 0.32617 - accuracy: 0.913
Model is Bert, dataset is subj, undersample is True, aug mode is None, geo is None, pct_usage is None, small_label is 0, small_prop is 0.2, balance_seed is 1, lr is 2e-05, max_epochs is 4, split_num is 9
Training epoch 0 | loss: 0.20911 - accuracy: 0.90822
Validating epoch 0 | loss: 0.1904 - accuracy: 0.937
Training epoch 1 | loss: 0.01056 - accuracy: 0.998
Validating epoch 1 | loss: 0.22452 - accuracy: 0.943
Training epoch 2 | loss: 0.00222 - accuracy: 0.99978
Validating epoch 2 | loss: 0.24984 - accuracy: 0.947
Training epoch 3 | loss: 0.00104 - accuracy: 1.0
Validating epoch 3 | loss: 0.25681 - accuracy: 0.95
Model is Bert, dataset is subj, undersample is None, aug mode is synonym, geo is 0.1, pct_usage is None, small_label is 1, small_prop is 0.2, balance_seed is 1, lr is 2e-05, max_epochs is 4, split_num is 9
Training epoch 0 | loss: 0.22774 - accuracy: 0.902
Validating epoch 0 | loss: 0.24438 - accuracy: 0.913
Training epoch 1 | loss: 0.03809 - accuracy: 0.98822
Validating epoch 1 | loss: 0.29137 - accuracy: 0.916
Training epoch 2 | loss: 0.02241 - accuracy: 0.99333
Validating epoch 2 | loss: 0.26026 - accuracy: 0.93
Training epoch 3 | loss: 0.00599 - accuracy: 0.99878
Validating epoch 3 | loss: 0.2634 - accuracy: 0.934
Model is Bert, dataset is subj, undersample is None, aug mode is synonym, geo is 0.3, pct_usage is None, small_label is 1, small_prop is 0.2, balance_seed is 1, lr is 2e-05, max_epochs is 4, split_num is 9
Training epoch 0 | loss: 0.24103 - accuracy: 0.89911
Validating epoch 0 | loss: 0.18236 - accuracy: 0.935
Training epoch 1 | loss: 0.03726 - accuracy: 0.98922
Validating epoch 1 | loss: 0.32999 - accuracy: 0.913
Training epoch 2 | loss: 0.01389 - accuracy: 0.99644
Validating epoch 2 | loss: 0.21589 - accuracy: 0.948
Training epoch 3 | loss: 0.00677 - accuracy: 0.99878
Validating epoch 3 | loss: 0.2575 - accuracy: 0.938
Model is Bert, dataset is subj, undersample is None, aug mode is synonym, geo is 0.5, pct_usage is None, small_label is 1, small_prop is 0.2, balance_seed is 1, lr is 2e-05, max_epochs is 4, split_num is 9
Training epoch 0 | loss: 0.23863 - accuracy: 0.90589
Validating epoch 0 | loss: 0.22503 - accuracy: 0.934
Training epoch 1 | loss: 0.04466 - accuracy: 0.98656
Validating epoch 1 | loss: 0.19354 - accuracy: 0.949
Training epoch 2 | loss: 0.01337 - accuracy: 0.99656
Validating epoch 2 | loss: 0.27048 - accuracy: 0.932
Training epoch 3 | loss: 0.00858 - accuracy: 0.99811
Validating epoch 3 | loss: 0.25192 - accuracy: 0.94
Model is Bert, dataset is subj, undersample is None, aug mode is synonym, geo is 0.7, pct_usage is None, small_label is 1, small_prop is 0.2, balance_seed is 1, lr is 2e-05, max_epochs is 4, split_num is 9
Training epoch 0 | loss: 0.24237 - accuracy: 0.90156
Validating epoch 0 | loss: 0.15512 - accuracy: 0.949
Training epoch 1 | loss: 0.03923 - accuracy: 0.98911
Validating epoch 1 | loss: 0.22003 - accuracy: 0.939
Training epoch 2 | loss: 0.01501 - accuracy: 0.99611
Validating epoch 2 | loss: 0.20824 - accuracy: 0.944
Training epoch 3 | loss: 0.00639 - accuracy: 0.99889
Validating epoch 3 | loss: 0.2328 - accuracy: 0.942
Model is Bert, dataset is subj, undersample is None, aug mode is synonym, geo is 0.9, pct_usage is None, small_label is 1, small_prop is 0.2, balance_seed is 1, lr is 2e-05, max_epochs is 4, split_num is 9
Training epoch 0 | loss: 0.2441 - accuracy: 0.89911
Validating epoch 0 | loss: 0.16836 - accuracy: 0.947
Training epoch 1 | loss: 0.02908 - accuracy: 0.99278
Validating epoch 1 | loss: 0.28859 - accuracy: 0.926
Training epoch 2 | loss: 0.00849 - accuracy: 0.99789
Validating epoch 2 | loss: 0.26069 - accuracy: 0.942
Training epoch 3 | loss: 0.00541 - accuracy: 0.99889
Validating epoch 3 | loss: 0.26253 - accuracy: 0.941
Model is Bert, dataset is subj, undersample is False, aug mode is None, geo is None, pct_usage is None, small_label is 1, small_prop is 0.2, balance_seed is 1, lr is 2e-05, max_epochs is 4, split_num is 9
Training epoch 0 | loss: 0.23024 - accuracy: 0.90456
Validating epoch 0 | loss: 0.17177 - accuracy: 0.943
Training epoch 1 | loss: 0.02404 - accuracy: 0.994
Validating epoch 1 | loss: 0.30189 - accuracy: 0.932
Training epoch 2 | loss: 0.0041 - accuracy: 0.999
Validating epoch 2 | loss: 0.30381 - accuracy: 0.94
Training epoch 3 | loss: 0.0017 - accuracy: 0.99989
Validating epoch 3 | loss: 0.32271 - accuracy: 0.94
Model is Bert, dataset is subj, undersample is True, aug mode is None, geo is None, pct_usage is None, small_label is 1, small_prop is 0.2, balance_seed is 1, lr is 2e-05, max_epochs is 4, split_num is 9
Training epoch 0 | loss: 0.21344 - accuracy: 0.908
Validating epoch 0 | loss: 0.18579 - accuracy: 0.948
Training epoch 1 | loss: 0.00786 - accuracy: 0.99856
Validating epoch 1 | loss: 0.22751 - accuracy: 0.947
Training epoch 2 | loss: 0.00215 - accuracy: 0.99967
Validating epoch 2 | loss: 0.24578 - accuracy: 0.949
Training epoch 3 | loss: 0.00064 - accuracy: 1.0
Validating epoch 3 | loss: 0.25851 - accuracy: 0.949
Model is Bert, dataset is subj, undersample is None, aug mode is synonym, geo is 0.1, pct_usage is None, small_label is 0, small_prop is 0.4, balance_seed is 1, lr is 2e-05, max_epochs is 4, split_num is 9
Training epoch 0 | loss: 0.21448 - accuracy: 0.91456
Validating epoch 0 | loss: 0.21251 - accuracy: 0.917
Training epoch 1 | loss: 0.05483 - accuracy: 0.98233
Validating epoch 1 | loss: 0.24651 - accuracy: 0.915
Training epoch 2 | loss: 0.02061 - accuracy: 0.99389
Validating epoch 2 | loss: 0.20069 - accuracy: 0.937
Training epoch 3 | loss: 0.00778 - accuracy: 0.998
Validating epoch 3 | loss: 0.26923 - accuracy: 0.921
Model is Bert, dataset is subj, undersample is None, aug mode is synonym, geo is 0.3, pct_usage is None, small_label is 0, small_prop is 0.4, balance_seed is 1, lr is 2e-05, max_epochs is 4, split_num is 9
Training epoch 0 | loss: 0.2498 - accuracy: 0.893
Validating epoch 0 | loss: 0.20845 - accuracy: 0.916
Training epoch 1 | loss: 0.0593 - accuracy: 0.98256
Validating epoch 1 | loss: 0.22583 - accuracy: 0.928
Training epoch 2 | loss: 0.02378 - accuracy: 0.994
Validating epoch 2 | loss: 0.30286 - accuracy: 0.92
Training epoch 3 | loss: 0.01326 - accuracy: 0.99667
Validating epoch 3 | loss: 0.20478 - accuracy: 0.95
Model is Bert, dataset is subj, undersample is None, aug mode is synonym, geo is 0.5, pct_usage is None, small_label is 0, small_prop is 0.4, balance_seed is 1, lr is 2e-05, max_epochs is 4, split_num is 9
Training epoch 0 | loss: 0.25652 - accuracy: 0.883
Validating epoch 0 | loss: 0.14232 - accuracy: 0.951
Training epoch 1 | loss: 0.05896 - accuracy: 0.984
Validating epoch 1 | loss: 0.17419 - accuracy: 0.947
Training epoch 2 | loss: 0.02809 - accuracy: 0.99311
Validating epoch 2 | loss: 0.25217 - accuracy: 0.926
Training epoch 3 | loss: 0.01187 - accuracy: 0.99767
Validating epoch 3 | loss: 0.19335 - accuracy: 0.949
Model is Bert, dataset is subj, undersample is None, aug mode is synonym, geo is 0.7, pct_usage is None, small_label is 0, small_prop is 0.4, balance_seed is 1, lr is 2e-05, max_epochs is 4, split_num is 9
Training epoch 0 | loss: 0.25036 - accuracy: 0.89467
Validating epoch 0 | loss: 0.17941 - accuracy: 0.947
Training epoch 1 | loss: 0.0504 - accuracy: 0.98511
Validating epoch 1 | loss: 0.22245 - accuracy: 0.933
Training epoch 2 | loss: 0.019 - accuracy: 0.99556
Validating epoch 2 | loss: 0.22342 - accuracy: 0.948
Training epoch 3 | loss: 0.00883 - accuracy: 0.998
Validating epoch 3 | loss: 0.25039 - accuracy: 0.946
Model is Bert, dataset is subj, undersample is None, aug mode is synonym, geo is 0.9, pct_usage is None, small_label is 0, small_prop is 0.4, balance_seed is 1, lr is 2e-05, max_epochs is 4, split_num is 9
Training epoch 0 | loss: 0.26004 - accuracy: 0.89189
Validating epoch 0 | loss: 0.1305 - accuracy: 0.956
Training epoch 1 | loss: 0.05574 - accuracy: 0.98322
Validating epoch 1 | loss: 0.15892 - accuracy: 0.946
Training epoch 2 | loss: 0.01947 - accuracy: 0.99489
Validating epoch 2 | loss: 0.25583 - accuracy: 0.928
Training epoch 3 | loss: 0.00877 - accuracy: 0.99844
Validating epoch 3 | loss: 0.20294 - accuracy: 0.947
Model is Bert, dataset is subj, undersample is False, aug mode is None, geo is None, pct_usage is None, small_label is 0, small_prop is 0.4, balance_seed is 1, lr is 2e-05, max_epochs is 4, split_num is 9
Training epoch 0 | loss: 0.25569 - accuracy: 0.88689
Validating epoch 0 | loss: 0.15943 - accuracy: 0.944
Training epoch 1 | loss: 0.05055 - accuracy: 0.98644
Validating epoch 1 | loss: 0.16109 - accuracy: 0.951
Training epoch 2 | loss: 0.01685 - accuracy: 0.99678
Validating epoch 2 | loss: 0.24127 - accuracy: 0.95
Training epoch 3 | loss: 0.01014 - accuracy: 0.998
Validating epoch 3 | loss: 0.24411 - accuracy: 0.952
Model is Bert, dataset is subj, undersample is True, aug mode is None, geo is None, pct_usage is None, small_label is 0, small_prop is 0.4, balance_seed is 1, lr is 2e-05, max_epochs is 4, split_num is 9
Training epoch 0 | loss: 0.24082 - accuracy: 0.89967
Validating epoch 0 | loss: 0.1514 - accuracy: 0.948
Training epoch 1 | loss: 0.0264 - accuracy: 0.99422
Validating epoch 1 | loss: 0.16447 - accuracy: 0.961
Training epoch 2 | loss: 0.00759 - accuracy: 0.99867
Validating epoch 2 | loss: 0.19796 - accuracy: 0.96
Training epoch 3 | loss: 0.0036 - accuracy: 0.99956
Validating epoch 3 | loss: 0.2035 - accuracy: 0.957
Model is Bert, dataset is subj, undersample is None, aug mode is synonym, geo is 0.1, pct_usage is None, small_label is 1, small_prop is 0.4, balance_seed is 1, lr is 2e-05, max_epochs is 4, split_num is 9
Training epoch 0 | loss: 0.21817 - accuracy: 0.90667
Validating epoch 0 | loss: 0.22139 - accuracy: 0.922
Training epoch 1 | loss: 0.03784 - accuracy: 0.98811
Validating epoch 1 | loss: 0.22045 - accuracy: 0.928
Training epoch 2 | loss: 0.02024 - accuracy: 0.99256
Validating epoch 2 | loss: 0.1966 - accuracy: 0.948
Training epoch 3 | loss: 0.00932 - accuracy: 0.99689
Validating epoch 3 | loss: 0.17916 - accuracy: 0.951
Model is Bert, dataset is subj, undersample is None, aug mode is synonym, geo is 0.3, pct_usage is None, small_label is 1, small_prop is 0.4, balance_seed is 1, lr is 2e-05, max_epochs is 4, split_num is 9
Training epoch 0 | loss: 0.23718 - accuracy: 0.89244
Validating epoch 0 | loss: 0.13788 - accuracy: 0.949
Training epoch 1 | loss: 0.04797 - accuracy: 0.98611
Validating epoch 1 | loss: 0.1257 - accuracy: 0.958
Training epoch 2 | loss: 0.0163 - accuracy: 0.99556
Validating epoch 2 | loss: 0.15229 - accuracy: 0.957
Training epoch 3 | loss: 0.00597 - accuracy: 0.99878
Validating epoch 3 | loss: 0.14879 - accuracy: 0.957
Model is Bert, dataset is subj, undersample is None, aug mode is synonym, geo is 0.5, pct_usage is None, small_label is 1, small_prop is 0.4, balance_seed is 1, lr is 2e-05, max_epochs is 4, split_num is 9
Training epoch 0 | loss: 0.26959 - accuracy: 0.882
Validating epoch 0 | loss: 0.12805 - accuracy: 0.955
Training epoch 1 | loss: 0.05429 - accuracy: 0.98378
Validating epoch 1 | loss: 0.16877 - accuracy: 0.951
Training epoch 2 | loss: 0.02048 - accuracy: 0.99433
Validating epoch 2 | loss: 0.13529 - accuracy: 0.962
Training epoch 3 | loss: 0.00816 - accuracy: 0.99822
Validating epoch 3 | loss: 0.15205 - accuracy: 0.96
Model is Bert, dataset is subj, undersample is None, aug mode is synonym, geo is 0.7, pct_usage is None, small_label is 1, small_prop is 0.4, balance_seed is 1, lr is 2e-05, max_epochs is 4, split_num is 9
Training epoch 0 | loss: 0.24236 - accuracy: 0.89533
Validating epoch 0 | loss: 0.15191 - accuracy: 0.952
Training epoch 1 | loss: 0.04369 - accuracy: 0.98656
Validating epoch 1 | loss: 0.13161 - accuracy: 0.961
Training epoch 2 | loss: 0.0138 - accuracy: 0.99622
Validating epoch 2 | loss: 0.16596 - accuracy: 0.957
Training epoch 3 | loss: 0.00586 - accuracy: 0.99889
Validating epoch 3 | loss: 0.15938 - accuracy: 0.961
Model is Bert, dataset is subj, undersample is None, aug mode is synonym, geo is 0.9, pct_usage is None, small_label is 1, small_prop is 0.4, balance_seed is 1, lr is 2e-05, max_epochs is 4, split_num is 9
Training epoch 0 | loss: 0.24266 - accuracy: 0.90111
Validating epoch 0 | loss: 0.11841 - accuracy: 0.964
Training epoch 1 | loss: 0.03526 - accuracy: 0.98978
Validating epoch 1 | loss: 0.19507 - accuracy: 0.95
Training epoch 2 | loss: 0.00922 - accuracy: 0.99778
Validating epoch 2 | loss: 0.16738 - accuracy: 0.962
Training epoch 3 | loss: 0.00448 - accuracy: 0.99911
Validating epoch 3 | loss: 0.16631 - accuracy: 0.965
Model is Bert, dataset is subj, undersample is False, aug mode is None, geo is None, pct_usage is None, small_label is 1, small_prop is 0.4, balance_seed is 1, lr is 2e-05, max_epochs is 4, split_num is 9
Training epoch 0 | loss: 0.25449 - accuracy: 0.89333
Validating epoch 0 | loss: 0.14054 - accuracy: 0.956
Training epoch 1 | loss: 0.04746 - accuracy: 0.98567
Validating epoch 1 | loss: 0.15917 - accuracy: 0.958
Training epoch 2 | loss: 0.00959 - accuracy: 0.99733
Validating epoch 2 | loss: 0.18813 - accuracy: 0.956
Training epoch 3 | loss: 0.00313 - accuracy: 0.99967
Validating epoch 3 | loss: 0.1928 - accuracy: 0.955
Model is Bert, dataset is subj, undersample is True, aug mode is None, geo is None, pct_usage is None, small_label is 1, small_prop is 0.4, balance_seed is 1, lr is 2e-05, max_epochs is 4, split_num is 9
Training epoch 0 | loss: 0.2323 - accuracy: 0.89133
Validating epoch 0 | loss: 0.17358 - accuracy: 0.939
Training epoch 1 | loss: 0.01646 - accuracy: 0.99544
Validating epoch 1 | loss: 0.2159 - accuracy: 0.947
Training epoch 2 | loss: 0.0025 - accuracy: 0.99967
Validating epoch 2 | loss: 0.22622 - accuracy: 0.955
Training epoch 3 | loss: 0.00084 - accuracy: 1.0
Validating epoch 3 | loss: 0.23556 - accuracy: 0.955
Model is Bert, dataset is subj, undersample is None, aug mode is synonym, geo is 0.1, pct_usage is None, small_label is 0, small_prop is 0.6, balance_seed is 1, lr is 2e-05, max_epochs is 4, split_num is 9
Training epoch 0 | loss: 0.21471 - accuracy: 0.91078
Validating epoch 0 | loss: 0.14519 - accuracy: 0.954
Training epoch 1 | loss: 0.05039 - accuracy: 0.98411
Validating epoch 1 | loss: 0.18771 - accuracy: 0.936
Training epoch 2 | loss: 0.02604 - accuracy: 0.99222
Validating epoch 2 | loss: 0.1959 - accuracy: 0.942
Training epoch 3 | loss: 0.01509 - accuracy: 0.99589
Validating epoch 3 | loss: 0.17646 - accuracy: 0.95
Model is Bert, dataset is subj, undersample is None, aug mode is synonym, geo is 0.3, pct_usage is None, small_label is 0, small_prop is 0.6, balance_seed is 1, lr is 2e-05, max_epochs is 4, split_num is 9
Training epoch 0 | loss: 0.24793 - accuracy: 0.89589
Validating epoch 0 | loss: 0.14528 - accuracy: 0.947
Training epoch 1 | loss: 0.06657 - accuracy: 0.97922
Validating epoch 1 | loss: 0.16255 - accuracy: 0.948
Training epoch 2 | loss: 0.02779 - accuracy: 0.99122
Validating epoch 2 | loss: 0.18445 - accuracy: 0.945
Training epoch 3 | loss: 0.01243 - accuracy: 0.99722
Validating epoch 3 | loss: 0.1822 - accuracy: 0.949
Model is Bert, dataset is subj, undersample is None, aug mode is synonym, geo is 0.5, pct_usage is None, small_label is 0, small_prop is 0.6, balance_seed is 1, lr is 2e-05, max_epochs is 4, split_num is 9
Training epoch 0 | loss: 0.25553 - accuracy: 0.88744
Validating epoch 0 | loss: 0.12253 - accuracy: 0.952
Training epoch 1 | loss: 0.06324 - accuracy: 0.98
Validating epoch 1 | loss: 0.15848 - accuracy: 0.939
Training epoch 2 | loss: 0.02041 - accuracy: 0.99389
Validating epoch 2 | loss: 0.15764 - accuracy: 0.956
Training epoch 3 | loss: 0.0103 - accuracy: 0.99744
Validating epoch 3 | loss: 0.18081 - accuracy: 0.954
Model is Bert, dataset is subj, undersample is None, aug mode is synonym, geo is 0.7, pct_usage is None, small_label is 0, small_prop is 0.6, balance_seed is 1, lr is 2e-05, max_epochs is 4, split_num is 9
Training epoch 0 | loss: 0.25552 - accuracy: 0.882
Validating epoch 0 | loss: 0.18265 - accuracy: 0.935
Training epoch 1 | loss: 0.06047 - accuracy: 0.98089
Validating epoch 1 | loss: 0.15461 - accuracy: 0.953
Training epoch 2 | loss: 0.02179 - accuracy: 0.99478
Validating epoch 2 | loss: 0.17087 - accuracy: 0.957
Training epoch 3 | loss: 0.00799 - accuracy: 0.99867
Validating epoch 3 | loss: 0.17995 - accuracy: 0.957
Model is Bert, dataset is subj, undersample is None, aug mode is synonym, geo is 0.9, pct_usage is None, small_label is 0, small_prop is 0.6, balance_seed is 1, lr is 2e-05, max_epochs is 4, split_num is 9
Training epoch 0 | loss: 0.24881 - accuracy: 0.89789
Validating epoch 0 | loss: 0.13718 - accuracy: 0.956
Training epoch 1 | loss: 0.0598 - accuracy: 0.98178
Validating epoch 1 | loss: 0.12023 - accuracy: 0.963
Training epoch 2 | loss: 0.02305 - accuracy: 0.99356
Validating epoch 2 | loss: 0.17582 - accuracy: 0.955
Training epoch 3 | loss: 0.01008 - accuracy: 0.99767
Validating epoch 3 | loss: 0.15482 - accuracy: 0.959
Model is Bert, dataset is subj, undersample is False, aug mode is None, geo is None, pct_usage is None, small_label is 0, small_prop is 0.6, balance_seed is 1, lr is 2e-05, max_epochs is 4, split_num is 9
Training epoch 0 | loss: 0.26113 - accuracy: 0.87178
Validating epoch 0 | loss: 0.12957 - accuracy: 0.949
Training epoch 1 | loss: 0.06157 - accuracy: 0.982
Validating epoch 1 | loss: 0.14416 - accuracy: 0.955
Training epoch 2 | loss: 0.02098 - accuracy: 0.99478
Validating epoch 2 | loss: 0.19938 - accuracy: 0.95
Training epoch 3 | loss: 0.00935 - accuracy: 0.99756
Validating epoch 3 | loss: 0.16911 - accuracy: 0.958
Model is Bert, dataset is subj, undersample is True, aug mode is None, geo is None, pct_usage is None, small_label is 0, small_prop is 0.6, balance_seed is 1, lr is 2e-05, max_epochs is 4, split_num is 9
Training epoch 0 | loss: 0.24791 - accuracy: 0.89244
Validating epoch 0 | loss: 0.13437 - accuracy: 0.945
Training epoch 1 | loss: 0.04341 - accuracy: 0.98844
Validating epoch 1 | loss: 0.20177 - accuracy: 0.948
Training epoch 2 | loss: 0.01035 - accuracy: 0.99822
Validating epoch 2 | loss: 0.19457 - accuracy: 0.955
Training epoch 3 | loss: 0.00489 - accuracy: 0.99867
Validating epoch 3 | loss: 0.1829 - accuracy: 0.954
Model is Bert, dataset is subj, undersample is None, aug mode is synonym, geo is 0.1, pct_usage is None, small_label is 1, small_prop is 0.6, balance_seed is 1, lr is 2e-05, max_epochs is 4, split_num is 9
Training epoch 0 | loss: 0.22961 - accuracy: 0.89244
Validating epoch 0 | loss: 0.14093 - accuracy: 0.945
Training epoch 1 | loss: 0.04816 - accuracy: 0.98467
Validating epoch 1 | loss: 0.14403 - accuracy: 0.953
Training epoch 2 | loss: 0.02034 - accuracy: 0.99344
Validating epoch 2 | loss: 0.21041 - accuracy: 0.942
Training epoch 3 | loss: 0.01233 - accuracy: 0.99678
Validating epoch 3 | loss: 0.17473 - accuracy: 0.952
Model is Bert, dataset is subj, undersample is None, aug mode is synonym, geo is 0.3, pct_usage is None, small_label is 1, small_prop is 0.6, balance_seed is 1, lr is 2e-05, max_epochs is 4, split_num is 9
Training epoch 0 | loss: 0.26055 - accuracy: 0.888
Validating epoch 0 | loss: 0.15624 - accuracy: 0.946
Training epoch 1 | loss: 0.07585 - accuracy: 0.97544
Validating epoch 1 | loss: 0.13549 - accuracy: 0.956
Training epoch 2 | loss: 0.03359 - accuracy: 0.98978
Validating epoch 2 | loss: 0.14844 - accuracy: 0.959
Training epoch 3 | loss: 0.01878 - accuracy: 0.99544
Validating epoch 3 | loss: 0.14724 - accuracy: 0.961
Model is Bert, dataset is subj, undersample is None, aug mode is synonym, geo is 0.5, pct_usage is None, small_label is 1, small_prop is 0.6, balance_seed is 1, lr is 2e-05, max_epochs is 4, split_num is 9
Training epoch 0 | loss: 0.24825 - accuracy: 0.902
Validating epoch 0 | loss: 0.1473 - accuracy: 0.939
Training epoch 1 | loss: 0.06133 - accuracy: 0.97944
Validating epoch 1 | loss: 0.11436 - accuracy: 0.955
Training epoch 2 | loss: 0.01954 - accuracy: 0.995
Validating epoch 2 | loss: 0.15048 - accuracy: 0.957
Training epoch 3 | loss: 0.00772 - accuracy: 0.99811
Validating epoch 3 | loss: 0.15285 - accuracy: 0.962
Model is Bert, dataset is subj, undersample is None, aug mode is synonym, geo is 0.7, pct_usage is None, small_label is 1, small_prop is 0.6, balance_seed is 1, lr is 2e-05, max_epochs is 4, split_num is 9
Training epoch 0 | loss: 0.24751 - accuracy: 0.893
Validating epoch 0 | loss: 0.11497 - accuracy: 0.958
Training epoch 1 | loss: 0.05786 - accuracy: 0.98322
Validating epoch 1 | loss: 0.12505 - accuracy: 0.957
Training epoch 2 | loss: 0.02301 - accuracy: 0.99433
Validating epoch 2 | loss: 0.12474 - accuracy: 0.965
Training epoch 3 | loss: 0.01188 - accuracy: 0.99733
Validating epoch 3 | loss: 0.12848 - accuracy: 0.967
Model is Bert, dataset is subj, undersample is None, aug mode is synonym, geo is 0.9, pct_usage is None, small_label is 1, small_prop is 0.6, balance_seed is 1, lr is 2e-05, max_epochs is 4, split_num is 9
Training epoch 0 | loss: 0.25454 - accuracy: 0.89933
Validating epoch 0 | loss: 0.13088 - accuracy: 0.952
Training epoch 1 | loss: 0.06377 - accuracy: 0.98089
Validating epoch 1 | loss: 0.15428 - accuracy: 0.952
Training epoch 2 | loss: 0.02064 - accuracy: 0.99489
Validating epoch 2 | loss: 0.11783 - accuracy: 0.965
Training epoch 3 | loss: 0.00987 - accuracy: 0.99811
Validating epoch 3 | loss: 0.12923 - accuracy: 0.961
Model is Bert, dataset is subj, undersample is False, aug mode is None, geo is None, pct_usage is None, small_label is 1, small_prop is 0.6, balance_seed is 1, lr is 2e-05, max_epochs is 4, split_num is 9
Training epoch 0 | loss: 0.2551 - accuracy: 0.89111
Validating epoch 0 | loss: 0.12918 - accuracy: 0.953
Training epoch 1 | loss: 0.06469 - accuracy: 0.98067
Validating epoch 1 | loss: 0.11734 - accuracy: 0.956
Training epoch 2 | loss: 0.02295 - accuracy: 0.99467
Validating epoch 2 | loss: 0.13478 - accuracy: 0.959
Training epoch 3 | loss: 0.01139 - accuracy: 0.99767
Validating epoch 3 | loss: 0.1352 - accuracy: 0.96
Model is Bert, dataset is subj, undersample is True, aug mode is None, geo is None, pct_usage is None, small_label is 1, small_prop is 0.6, balance_seed is 1, lr is 2e-05, max_epochs is 4, split_num is 9
Training epoch 0 | loss: 0.23861 - accuracy: 0.90556
Validating epoch 0 | loss: 0.13645 - accuracy: 0.956
Training epoch 1 | loss: 0.04389 - accuracy: 0.98767
Validating epoch 1 | loss: 0.12339 - accuracy: 0.962
Training epoch 2 | loss: 0.01401 - accuracy: 0.99711
Validating epoch 2 | loss: 0.15849 - accuracy: 0.957
Training epoch 3 | loss: 0.00611 - accuracy: 0.99911
Validating epoch 3 | loss: 0.16309 - accuracy: 0.958
Model is Bert, dataset is subj, undersample is None, aug mode is synonym, geo is 0.1, pct_usage is None, small_label is 0, small_prop is 0.8, balance_seed is 1, lr is 2e-05, max_epochs is 4, split_num is 9
Training epoch 0 | loss: 0.24488 - accuracy: 0.89644
Validating epoch 0 | loss: 0.25716 - accuracy: 0.897
Training epoch 1 | loss: 0.06747 - accuracy: 0.97767
Validating epoch 1 | loss: 0.18372 - accuracy: 0.937
Training epoch 2 | loss: 0.03288 - accuracy: 0.98978
Validating epoch 2 | loss: 0.17295 - accuracy: 0.949
Training epoch 3 | loss: 0.01803 - accuracy: 0.99467
Validating epoch 3 | loss: 0.16965 - accuracy: 0.951
Model is Bert, dataset is subj, undersample is None, aug mode is synonym, geo is 0.3, pct_usage is None, small_label is 0, small_prop is 0.8, balance_seed is 1, lr is 2e-05, max_epochs is 4, split_num is 9
Training epoch 0 | loss: 0.24673 - accuracy: 0.89967
Validating epoch 0 | loss: 0.19777 - accuracy: 0.919
Training epoch 1 | loss: 0.06896 - accuracy: 0.978
Validating epoch 1 | loss: 0.11853 - accuracy: 0.956
Training epoch 2 | loss: 0.02557 - accuracy: 0.99211
Validating epoch 2 | loss: 0.16461 - accuracy: 0.955
Training epoch 3 | loss: 0.0115 - accuracy: 0.99689
Validating epoch 3 | loss: 0.15322 - accuracy: 0.963
Model is Bert, dataset is subj, undersample is None, aug mode is synonym, geo is 0.5, pct_usage is None, small_label is 0, small_prop is 0.8, balance_seed is 1, lr is 2e-05, max_epochs is 4, split_num is 9
Training epoch 0 | loss: 0.27442 - accuracy: 0.88967
Validating epoch 0 | loss: 0.16029 - accuracy: 0.943
Training epoch 1 | loss: 0.08967 - accuracy: 0.97056
Validating epoch 1 | loss: 0.17803 - accuracy: 0.943
Training epoch 2 | loss: 0.04437 - accuracy: 0.98733
Validating epoch 2 | loss: 0.13512 - accuracy: 0.959
Training epoch 3 | loss: 0.02189 - accuracy: 0.99411
Validating epoch 3 | loss: 0.14689 - accuracy: 0.96
Model is Bert, dataset is subj, undersample is None, aug mode is synonym, geo is 0.7, pct_usage is None, small_label is 0, small_prop is 0.8, balance_seed is 1, lr is 2e-05, max_epochs is 4, split_num is 9
Training epoch 0 | loss: 0.27035 - accuracy: 0.88622
Validating epoch 0 | loss: 0.12536 - accuracy: 0.951
Training epoch 1 | loss: 0.07769 - accuracy: 0.97467
Validating epoch 1 | loss: 0.12655 - accuracy: 0.957
Training epoch 2 | loss: 0.03053 - accuracy: 0.99144
Validating epoch 2 | loss: 0.15562 - accuracy: 0.956
Training epoch 3 | loss: 0.01272 - accuracy: 0.99733
Validating epoch 3 | loss: 0.1553 - accuracy: 0.953
Model is Bert, dataset is subj, undersample is None, aug mode is synonym, geo is 0.9, pct_usage is None, small_label is 0, small_prop is 0.8, balance_seed is 1, lr is 2e-05, max_epochs is 4, split_num is 9
Training epoch 0 | loss: 0.27397 - accuracy: 0.88433
Validating epoch 0 | loss: 0.15648 - accuracy: 0.944
Training epoch 1 | loss: 0.08811 - accuracy: 0.97111
Validating epoch 1 | loss: 0.11439 - accuracy: 0.962
Training epoch 2 | loss: 0.03854 - accuracy: 0.98933
Validating epoch 2 | loss: 0.11376 - accuracy: 0.967
Training epoch 3 | loss: 0.01954 - accuracy: 0.99511
Validating epoch 3 | loss: 0.13207 - accuracy: 0.967
Model is Bert, dataset is subj, undersample is False, aug mode is None, geo is None, pct_usage is None, small_label is 0, small_prop is 0.8, balance_seed is 1, lr is 2e-05, max_epochs is 4, split_num is 9
Training epoch 0 | loss: 0.25423 - accuracy: 0.89411
Validating epoch 0 | loss: 0.1239 - accuracy: 0.955
Training epoch 1 | loss: 0.07518 - accuracy: 0.97489
Validating epoch 1 | loss: 0.14484 - accuracy: 0.947
Training epoch 2 | loss: 0.03104 - accuracy: 0.99178
Validating epoch 2 | loss: 0.1546 - accuracy: 0.957
Training epoch 3 | loss: 0.01477 - accuracy: 0.99689
Validating epoch 3 | loss: 0.16798 - accuracy: 0.958
Model is Bert, dataset is subj, undersample is True, aug mode is None, geo is None, pct_usage is None, small_label is 0, small_prop is 0.8, balance_seed is 1, lr is 2e-05, max_epochs is 4, split_num is 9
Training epoch 0 | loss: 0.26038 - accuracy: 0.88967
Validating epoch 0 | loss: 0.11321 - accuracy: 0.956
Training epoch 1 | loss: 0.06254 - accuracy: 0.98256
Validating epoch 1 | loss: 0.11657 - accuracy: 0.958
Training epoch 2 | loss: 0.0179 - accuracy: 0.99522
Validating epoch 2 | loss: 0.15766 - accuracy: 0.954
Training epoch 3 | loss: 0.00627 - accuracy: 0.99911
Validating epoch 3 | loss: 0.1631 - accuracy: 0.957
Model is Bert, dataset is subj, undersample is None, aug mode is synonym, geo is 0.1, pct_usage is None, small_label is 1, small_prop is 0.8, balance_seed is 1, lr is 2e-05, max_epochs is 4, split_num is 9
Training epoch 0 | loss: 0.22118 - accuracy: 0.90578
Validating epoch 0 | loss: 0.13785 - accuracy: 0.948
Training epoch 1 | loss: 0.05271 - accuracy: 0.98433
Validating epoch 1 | loss: 0.17984 - accuracy: 0.944
Training epoch 2 | loss: 0.0254 - accuracy: 0.99189
Validating epoch 2 | loss: 0.15747 - accuracy: 0.954
Training epoch 3 | loss: 0.01784 - accuracy: 0.99578
Validating epoch 3 | loss: 0.14685 - accuracy: 0.95
Model is Bert, dataset is subj, undersample is None, aug mode is synonym, geo is 0.3, pct_usage is None, small_label is 1, small_prop is 0.8, balance_seed is 1, lr is 2e-05, max_epochs is 4, split_num is 9
Training epoch 0 | loss: 0.23967 - accuracy: 0.90022
Validating epoch 0 | loss: 0.12555 - accuracy: 0.955
Training epoch 1 | loss: 0.06592 - accuracy: 0.97811
Validating epoch 1 | loss: 0.1111 - accuracy: 0.954
Training epoch 2 | loss: 0.03149 - accuracy: 0.98989
Validating epoch 2 | loss: 0.14604 - accuracy: 0.959
Training epoch 3 | loss: 0.01522 - accuracy: 0.996
Validating epoch 3 | loss: 0.1471 - accuracy: 0.962
Model is Bert, dataset is subj, undersample is None, aug mode is synonym, geo is 0.5, pct_usage is None, small_label is 1, small_prop is 0.8, balance_seed is 1, lr is 2e-05, max_epochs is 4, split_num is 9
Training epoch 0 | loss: 0.26661 - accuracy: 0.88733
Validating epoch 0 | loss: 0.17726 - accuracy: 0.94
Training epoch 1 | loss: 0.08381 - accuracy: 0.97167
Validating epoch 1 | loss: 0.12439 - accuracy: 0.956
Training epoch 2 | loss: 0.03665 - accuracy: 0.98911
Validating epoch 2 | loss: 0.14082 - accuracy: 0.954
Training epoch 3 | loss: 0.01735 - accuracy: 0.99544
Validating epoch 3 | loss: 0.15501 - accuracy: 0.955
Model is Bert, dataset is subj, undersample is None, aug mode is synonym, geo is 0.7, pct_usage is None, small_label is 1, small_prop is 0.8, balance_seed is 1, lr is 2e-05, max_epochs is 4, split_num is 9
Training epoch 0 | loss: 0.26564 - accuracy: 0.88033
Validating epoch 0 | loss: 0.11833 - accuracy: 0.956
Training epoch 1 | loss: 0.07125 - accuracy: 0.97722
Validating epoch 1 | loss: 0.12129 - accuracy: 0.959
Training epoch 2 | loss: 0.02681 - accuracy: 0.99222
Validating epoch 2 | loss: 0.12752 - accuracy: 0.957
Training epoch 3 | loss: 0.01262 - accuracy: 0.99689
Validating epoch 3 | loss: 0.13192 - accuracy: 0.962
Model is Bert, dataset is subj, undersample is None, aug mode is synonym, geo is 0.9, pct_usage is None, small_label is 1, small_prop is 0.8, balance_seed is 1, lr is 2e-05, max_epochs is 4, split_num is 9
Training epoch 0 | loss: 0.24805 - accuracy: 0.90367
Validating epoch 0 | loss: 0.13113 - accuracy: 0.95
Training epoch 1 | loss: 0.07146 - accuracy: 0.97844
Validating epoch 1 | loss: 0.14025 - accuracy: 0.95
Training epoch 2 | loss: 0.02792 - accuracy: 0.99311
Validating epoch 2 | loss: 0.13437 - accuracy: 0.962
Training epoch 3 | loss: 0.01307 - accuracy: 0.99689
Validating epoch 3 | loss: 0.13871 - accuracy: 0.961
Model is Bert, dataset is subj, undersample is False, aug mode is None, geo is None, pct_usage is None, small_label is 1, small_prop is 0.8, balance_seed is 1, lr is 2e-05, max_epochs is 4, split_num is 9
Training epoch 0 | loss: 0.2573 - accuracy: 0.89189
Validating epoch 0 | loss: 0.1331 - accuracy: 0.954
Training epoch 1 | loss: 0.07621 - accuracy: 0.97556
Validating epoch 1 | loss: 0.1258 - accuracy: 0.949
Training epoch 2 | loss: 0.03347 - accuracy: 0.99067
Validating epoch 2 | loss: 0.16348 - accuracy: 0.945
Training epoch 3 | loss: 0.01514 - accuracy: 0.99656
Validating epoch 3 | loss: 0.16122 - accuracy: 0.954
Model is Bert, dataset is subj, undersample is True, aug mode is None, geo is None, pct_usage is None, small_label is 1, small_prop is 0.8, balance_seed is 1, lr is 2e-05, max_epochs is 4, split_num is 9
Training epoch 0 | loss: 0.25247 - accuracy: 0.89667
Validating epoch 0 | loss: 0.18656 - accuracy: 0.942
Training epoch 1 | loss: 0.07683 - accuracy: 0.975
Validating epoch 1 | loss: 0.13565 - accuracy: 0.956
Training epoch 2 | loss: 0.02986 - accuracy: 0.99211
Validating epoch 2 | loss: 0.13364 - accuracy: 0.958
Training epoch 3 | loss: 0.01663 - accuracy: 0.99611
Validating epoch 3 | loss: 0.14578 - accuracy: 0.958
