Model is Bert, dataset is subj, undersample is None, aug mode is synonym, geo is 0.1, pct_usage is None, small_label is 0, small_prop is 0.2, balance_seed is 2, lr is 2e-05, max_epochs is 4, split_num is 0
Training epoch 0 | loss: 0.21609 - accuracy: 0.91367
Validating epoch 0 | loss: 0.19555 - accuracy: 0.928
Training epoch 1 | loss: 0.0398 - accuracy: 0.98789
Validating epoch 1 | loss: 0.66942 - accuracy: 0.798
Training epoch 2 | loss: 0.01311 - accuracy: 0.996
Validating epoch 2 | loss: 0.2802 - accuracy: 0.924
Training epoch 3 | loss: 0.00462 - accuracy: 0.99867
Validating epoch 3 | loss: 0.27118 - accuracy: 0.935
Model is Bert, dataset is subj, undersample is None, aug mode is synonym, geo is 0.3, pct_usage is None, small_label is 0, small_prop is 0.2, balance_seed is 2, lr is 2e-05, max_epochs is 4, split_num is 0
Training epoch 0 | loss: 0.22116 - accuracy: 0.91289
Validating epoch 0 | loss: 0.19612 - accuracy: 0.937
Training epoch 1 | loss: 0.03434 - accuracy: 0.98989
Validating epoch 1 | loss: 0.5375 - accuracy: 0.867
Training epoch 2 | loss: 0.00898 - accuracy: 0.99722
Validating epoch 2 | loss: 0.33527 - accuracy: 0.917
Training epoch 3 | loss: 0.00267 - accuracy: 0.99922
Validating epoch 3 | loss: 0.28963 - accuracy: 0.934
Model is Bert, dataset is subj, undersample is None, aug mode is synonym, geo is 0.5, pct_usage is None, small_label is 0, small_prop is 0.2, balance_seed is 2, lr is 2e-05, max_epochs is 4, split_num is 0
Training epoch 0 | loss: 0.22907 - accuracy: 0.89733
Validating epoch 0 | loss: 0.14345 - accuracy: 0.948
Training epoch 1 | loss: 0.03532 - accuracy: 0.99044
Validating epoch 1 | loss: 0.16461 - accuracy: 0.946
Training epoch 2 | loss: 0.01065 - accuracy: 0.99722
Validating epoch 2 | loss: 0.28043 - accuracy: 0.938
Training epoch 3 | loss: 0.00352 - accuracy: 0.99933
Validating epoch 3 | loss: 0.32196 - accuracy: 0.933
Model is Bert, dataset is subj, undersample is None, aug mode is synonym, geo is 0.7, pct_usage is None, small_label is 0, small_prop is 0.2, balance_seed is 2, lr is 2e-05, max_epochs is 4, split_num is 0
Training epoch 0 | loss: 0.23639 - accuracy: 0.90322
Validating epoch 0 | loss: 0.1455 - accuracy: 0.954
Training epoch 1 | loss: 0.05206 - accuracy: 0.98511
Validating epoch 1 | loss: 0.2668 - accuracy: 0.931
Training epoch 2 | loss: 0.02027 - accuracy: 0.99478
Validating epoch 2 | loss: 0.30223 - accuracy: 0.928
Training epoch 3 | loss: 0.00826 - accuracy: 0.99844
Validating epoch 3 | loss: 0.32076 - accuracy: 0.925
Model is Bert, dataset is subj, undersample is None, aug mode is synonym, geo is 0.9, pct_usage is None, small_label is 0, small_prop is 0.2, balance_seed is 2, lr is 2e-05, max_epochs is 4, split_num is 0
Training epoch 0 | loss: 0.22689 - accuracy: 0.90989
Validating epoch 0 | loss: 0.17227 - accuracy: 0.948
Training epoch 1 | loss: 0.03145 - accuracy: 0.99167
Validating epoch 1 | loss: 0.29963 - accuracy: 0.921
Training epoch 2 | loss: 0.00666 - accuracy: 0.99889
Validating epoch 2 | loss: 0.30518 - accuracy: 0.935
Training epoch 3 | loss: 0.00154 - accuracy: 0.99989
Validating epoch 3 | loss: 0.30534 - accuracy: 0.935
Model is Bert, dataset is subj, undersample is False, aug mode is None, geo is None, pct_usage is None, small_label is 0, small_prop is 0.2, balance_seed is 2, lr is 2e-05, max_epochs is 4, split_num is 0
Training epoch 0 | loss: 0.25085 - accuracy: 0.89089
Validating epoch 0 | loss: 0.16102 - accuracy: 0.944
Training epoch 1 | loss: 0.05177 - accuracy: 0.98578
Validating epoch 1 | loss: 0.18315 - accuracy: 0.942
Training epoch 2 | loss: 0.01842 - accuracy: 0.99667
Validating epoch 2 | loss: 0.24987 - accuracy: 0.94
Training epoch 3 | loss: 0.01113 - accuracy: 0.998
Validating epoch 3 | loss: 0.28719 - accuracy: 0.933
Model is Bert, dataset is subj, undersample is True, aug mode is None, geo is None, pct_usage is None, small_label is 0, small_prop is 0.2, balance_seed is 2, lr is 2e-05, max_epochs is 4, split_num is 0
Training epoch 0 | loss: 0.20759 - accuracy: 0.91044
Validating epoch 0 | loss: 0.16889 - accuracy: 0.949
Training epoch 1 | loss: 0.02283 - accuracy: 0.99511
Validating epoch 1 | loss: 0.18212 - accuracy: 0.951
Training epoch 2 | loss: 0.00613 - accuracy: 0.999
Validating epoch 2 | loss: 0.1908 - accuracy: 0.952
Training epoch 3 | loss: 0.00131 - accuracy: 1.0
Validating epoch 3 | loss: 0.19643 - accuracy: 0.956
Model is Bert, dataset is subj, undersample is None, aug mode is synonym, geo is 0.1, pct_usage is None, small_label is 1, small_prop is 0.2, balance_seed is 2, lr is 2e-05, max_epochs is 4, split_num is 0
Training epoch 0 | loss: 0.23219 - accuracy: 0.90056
Validating epoch 0 | loss: 0.127 - accuracy: 0.953
Training epoch 1 | loss: 0.03701 - accuracy: 0.98878
Validating epoch 1 | loss: 0.13764 - accuracy: 0.954
Training epoch 2 | loss: 0.01326 - accuracy: 0.99622
Validating epoch 2 | loss: 0.35845 - accuracy: 0.915
Training epoch 3 | loss: 0.00765 - accuracy: 0.99833
Validating epoch 3 | loss: 0.22432 - accuracy: 0.942
Model is Bert, dataset is subj, undersample is None, aug mode is synonym, geo is 0.3, pct_usage is None, small_label is 1, small_prop is 0.2, balance_seed is 2, lr is 2e-05, max_epochs is 4, split_num is 0
Training epoch 0 | loss: 0.23332 - accuracy: 0.898
Validating epoch 0 | loss: 0.20496 - accuracy: 0.933
Training epoch 1 | loss: 0.04138 - accuracy: 0.987
Validating epoch 1 | loss: 0.28589 - accuracy: 0.919
Training epoch 2 | loss: 0.01045 - accuracy: 0.99689
Validating epoch 2 | loss: 0.26651 - accuracy: 0.936
Training epoch 3 | loss: 0.00438 - accuracy: 0.99944
Validating epoch 3 | loss: 0.29536 - accuracy: 0.934
Model is Bert, dataset is subj, undersample is None, aug mode is synonym, geo is 0.5, pct_usage is None, small_label is 1, small_prop is 0.2, balance_seed is 2, lr is 2e-05, max_epochs is 4, split_num is 0
Training epoch 0 | loss: 0.22738 - accuracy: 0.91156
Validating epoch 0 | loss: 0.12403 - accuracy: 0.957
Training epoch 1 | loss: 0.03336 - accuracy: 0.99067
Validating epoch 1 | loss: 0.19314 - accuracy: 0.945
Training epoch 2 | loss: 0.01331 - accuracy: 0.997
Validating epoch 2 | loss: 0.22894 - accuracy: 0.939
Training epoch 3 | loss: 0.00755 - accuracy: 0.99867
Validating epoch 3 | loss: 0.21872 - accuracy: 0.943
Model is Bert, dataset is subj, undersample is None, aug mode is synonym, geo is 0.7, pct_usage is None, small_label is 1, small_prop is 0.2, balance_seed is 2, lr is 2e-05, max_epochs is 4, split_num is 0
Training epoch 0 | loss: 0.25075 - accuracy: 0.89778
Validating epoch 0 | loss: 0.13256 - accuracy: 0.956
Training epoch 1 | loss: 0.05001 - accuracy: 0.98622
Validating epoch 1 | loss: 0.20153 - accuracy: 0.937
Training epoch 2 | loss: 0.01376 - accuracy: 0.99656
Validating epoch 2 | loss: 0.23906 - accuracy: 0.936
Training epoch 3 | loss: 0.00494 - accuracy: 0.999
Validating epoch 3 | loss: 0.26432 - accuracy: 0.933
Model is Bert, dataset is subj, undersample is None, aug mode is synonym, geo is 0.9, pct_usage is None, small_label is 1, small_prop is 0.2, balance_seed is 2, lr is 2e-05, max_epochs is 4, split_num is 0
Training epoch 0 | loss: 0.23335 - accuracy: 0.90111
Validating epoch 0 | loss: 0.13863 - accuracy: 0.953
Training epoch 1 | loss: 0.02768 - accuracy: 0.99178
Validating epoch 1 | loss: 0.24174 - accuracy: 0.935
Training epoch 2 | loss: 0.00441 - accuracy: 0.99911
Validating epoch 2 | loss: 0.3016 - accuracy: 0.935
Training epoch 3 | loss: 0.0027 - accuracy: 0.99944
Validating epoch 3 | loss: 0.25429 - accuracy: 0.943
Model is Bert, dataset is subj, undersample is False, aug mode is None, geo is None, pct_usage is None, small_label is 1, small_prop is 0.2, balance_seed is 2, lr is 2e-05, max_epochs is 4, split_num is 0
Training epoch 0 | loss: 0.22802 - accuracy: 0.903
Validating epoch 0 | loss: 0.17383 - accuracy: 0.948
Training epoch 1 | loss: 0.02549 - accuracy: 0.99344
Validating epoch 1 | loss: 0.28105 - accuracy: 0.935
Training epoch 2 | loss: 0.00533 - accuracy: 0.99889
Validating epoch 2 | loss: 0.23195 - accuracy: 0.95
Training epoch 3 | loss: 0.00119 - accuracy: 0.99989
Validating epoch 3 | loss: 0.25697 - accuracy: 0.945
Model is Bert, dataset is subj, undersample is True, aug mode is None, geo is None, pct_usage is None, small_label is 1, small_prop is 0.2, balance_seed is 2, lr is 2e-05, max_epochs is 4, split_num is 0
Training epoch 0 | loss: 0.22102 - accuracy: 0.90278
Validating epoch 0 | loss: 0.16234 - accuracy: 0.946
Training epoch 1 | loss: 0.00881 - accuracy: 0.99867
Validating epoch 1 | loss: 0.15088 - accuracy: 0.953
Training epoch 2 | loss: 0.00141 - accuracy: 0.99989
Validating epoch 2 | loss: 0.17887 - accuracy: 0.962
Training epoch 3 | loss: 0.00067 - accuracy: 1.0
Validating epoch 3 | loss: 0.18718 - accuracy: 0.962
Model is Bert, dataset is subj, undersample is None, aug mode is synonym, geo is 0.1, pct_usage is None, small_label is 0, small_prop is 0.4, balance_seed is 2, lr is 2e-05, max_epochs is 4, split_num is 0
Training epoch 0 | loss: 0.2167 - accuracy: 0.91044
Validating epoch 0 | loss: 0.44089 - accuracy: 0.843
Training epoch 1 | loss: 0.04942 - accuracy: 0.982
Validating epoch 1 | loss: 0.17197 - accuracy: 0.928
Training epoch 2 | loss: 0.01483 - accuracy: 0.99611
Validating epoch 2 | loss: 0.19933 - accuracy: 0.932
Training epoch 3 | loss: 0.00812 - accuracy: 0.99756
Validating epoch 3 | loss: 0.19463 - accuracy: 0.935
Model is Bert, dataset is subj, undersample is None, aug mode is synonym, geo is 0.3, pct_usage is None, small_label is 0, small_prop is 0.4, balance_seed is 2, lr is 2e-05, max_epochs is 4, split_num is 0
Training epoch 0 | loss: 0.25055 - accuracy: 0.89489
Validating epoch 0 | loss: 0.21391 - accuracy: 0.921
Training epoch 1 | loss: 0.05402 - accuracy: 0.98411
Validating epoch 1 | loss: 0.12911 - accuracy: 0.95
Training epoch 2 | loss: 0.02173 - accuracy: 0.99433
Validating epoch 2 | loss: 0.35199 - accuracy: 0.893
Training epoch 3 | loss: 0.00938 - accuracy: 0.99756
Validating epoch 3 | loss: 0.19514 - accuracy: 0.94
Model is Bert, dataset is subj, undersample is None, aug mode is synonym, geo is 0.5, pct_usage is None, small_label is 0, small_prop is 0.4, balance_seed is 2, lr is 2e-05, max_epochs is 4, split_num is 0
Training epoch 0 | loss: 0.25827 - accuracy: 0.88367
Validating epoch 0 | loss: 0.15304 - accuracy: 0.942
Training epoch 1 | loss: 0.05827 - accuracy: 0.98278
Validating epoch 1 | loss: 0.15936 - accuracy: 0.945
Training epoch 2 | loss: 0.02003 - accuracy: 0.99478
Validating epoch 2 | loss: 0.18863 - accuracy: 0.949
Training epoch 3 | loss: 0.00956 - accuracy: 0.99822
Validating epoch 3 | loss: 0.19201 - accuracy: 0.945
Model is Bert, dataset is subj, undersample is None, aug mode is synonym, geo is 0.7, pct_usage is None, small_label is 0, small_prop is 0.4, balance_seed is 2, lr is 2e-05, max_epochs is 4, split_num is 0
Training epoch 0 | loss: 0.25127 - accuracy: 0.89633
Validating epoch 0 | loss: 0.10446 - accuracy: 0.967
Training epoch 1 | loss: 0.05954 - accuracy: 0.98222
Validating epoch 1 | loss: 0.13243 - accuracy: 0.958
Training epoch 2 | loss: 0.02474 - accuracy: 0.99289
Validating epoch 2 | loss: 0.16848 - accuracy: 0.956
Training epoch 3 | loss: 0.01146 - accuracy: 0.99767
Validating epoch 3 | loss: 0.17653 - accuracy: 0.96
Model is Bert, dataset is subj, undersample is None, aug mode is synonym, geo is 0.9, pct_usage is None, small_label is 0, small_prop is 0.4, balance_seed is 2, lr is 2e-05, max_epochs is 4, split_num is 0
Training epoch 0 | loss: 0.26364 - accuracy: 0.89022
Validating epoch 0 | loss: 0.14204 - accuracy: 0.948
Training epoch 1 | loss: 0.05841 - accuracy: 0.98389
Validating epoch 1 | loss: 0.14992 - accuracy: 0.954
Training epoch 2 | loss: 0.02159 - accuracy: 0.99522
Validating epoch 2 | loss: 0.15189 - accuracy: 0.953
Training epoch 3 | loss: 0.01016 - accuracy: 0.998
Validating epoch 3 | loss: 0.19272 - accuracy: 0.947
Model is Bert, dataset is subj, undersample is False, aug mode is None, geo is None, pct_usage is None, small_label is 0, small_prop is 0.4, balance_seed is 2, lr is 2e-05, max_epochs is 4, split_num is 0
Training epoch 0 | loss: 0.24639 - accuracy: 0.89511
Validating epoch 0 | loss: 0.12471 - accuracy: 0.966
Training epoch 1 | loss: 0.05061 - accuracy: 0.98522
Validating epoch 1 | loss: 0.15275 - accuracy: 0.952
Training epoch 2 | loss: 0.01706 - accuracy: 0.996
Validating epoch 2 | loss: 0.17638 - accuracy: 0.951
Training epoch 3 | loss: 0.00593 - accuracy: 0.99844
Validating epoch 3 | loss: 0.16414 - accuracy: 0.96
Model is Bert, dataset is subj, undersample is True, aug mode is None, geo is None, pct_usage is None, small_label is 0, small_prop is 0.4, balance_seed is 2, lr is 2e-05, max_epochs is 4, split_num is 0
Training epoch 0 | loss: 0.23589 - accuracy: 0.90233
Validating epoch 0 | loss: 0.11356 - accuracy: 0.953
Training epoch 1 | loss: 0.02186 - accuracy: 0.99478
Validating epoch 1 | loss: 0.1628 - accuracy: 0.952
Training epoch 2 | loss: 0.00711 - accuracy: 0.99811
Validating epoch 2 | loss: 0.2246 - accuracy: 0.946
Training epoch 3 | loss: 0.00372 - accuracy: 0.99867
Validating epoch 3 | loss: 0.19049 - accuracy: 0.955
Model is Bert, dataset is subj, undersample is None, aug mode is synonym, geo is 0.1, pct_usage is None, small_label is 1, small_prop is 0.4, balance_seed is 2, lr is 2e-05, max_epochs is 4, split_num is 0
Training epoch 0 | loss: 0.22225 - accuracy: 0.90767
Validating epoch 0 | loss: 0.16495 - accuracy: 0.938
Training epoch 1 | loss: 0.0469 - accuracy: 0.98589
Validating epoch 1 | loss: 0.18433 - accuracy: 0.94
Training epoch 2 | loss: 0.02113 - accuracy: 0.99289
Validating epoch 2 | loss: 0.18166 - accuracy: 0.95
Training epoch 3 | loss: 0.00862 - accuracy: 0.99833
Validating epoch 3 | loss: 0.1867 - accuracy: 0.953
Model is Bert, dataset is subj, undersample is None, aug mode is synonym, geo is 0.3, pct_usage is None, small_label is 1, small_prop is 0.4, balance_seed is 2, lr is 2e-05, max_epochs is 4, split_num is 0
Training epoch 0 | loss: 0.23802 - accuracy: 0.89544
Validating epoch 0 | loss: 0.13394 - accuracy: 0.951
Training epoch 1 | loss: 0.04257 - accuracy: 0.98611
Validating epoch 1 | loss: 0.14038 - accuracy: 0.955
Training epoch 2 | loss: 0.01163 - accuracy: 0.99667
Validating epoch 2 | loss: 0.18471 - accuracy: 0.96
Training epoch 3 | loss: 0.00483 - accuracy: 0.99911
Validating epoch 3 | loss: 0.19585 - accuracy: 0.959
Model is Bert, dataset is subj, undersample is None, aug mode is synonym, geo is 0.5, pct_usage is None, small_label is 1, small_prop is 0.4, balance_seed is 2, lr is 2e-05, max_epochs is 4, split_num is 0
Training epoch 0 | loss: 0.26422 - accuracy: 0.89433
Validating epoch 0 | loss: 0.11955 - accuracy: 0.959
Training epoch 1 | loss: 0.0663 - accuracy: 0.978
Validating epoch 1 | loss: 0.12913 - accuracy: 0.964
Training epoch 2 | loss: 0.02269 - accuracy: 0.994
Validating epoch 2 | loss: 0.15286 - accuracy: 0.961
Training epoch 3 | loss: 0.00898 - accuracy: 0.99811
Validating epoch 3 | loss: 0.1592 - accuracy: 0.96
Model is Bert, dataset is subj, undersample is None, aug mode is synonym, geo is 0.7, pct_usage is None, small_label is 1, small_prop is 0.4, balance_seed is 2, lr is 2e-05, max_epochs is 4, split_num is 0
Training epoch 0 | loss: 0.23794 - accuracy: 0.89733
Validating epoch 0 | loss: 0.12477 - accuracy: 0.958
Training epoch 1 | loss: 0.0464 - accuracy: 0.987
Validating epoch 1 | loss: 0.13846 - accuracy: 0.956
Training epoch 2 | loss: 0.01562 - accuracy: 0.99578
Validating epoch 2 | loss: 0.18095 - accuracy: 0.955
Training epoch 3 | loss: 0.00368 - accuracy: 0.99944
Validating epoch 3 | loss: 0.18497 - accuracy: 0.957
Model is Bert, dataset is subj, undersample is None, aug mode is synonym, geo is 0.9, pct_usage is None, small_label is 1, small_prop is 0.4, balance_seed is 2, lr is 2e-05, max_epochs is 4, split_num is 0
Training epoch 0 | loss: 0.24488 - accuracy: 0.89522
Validating epoch 0 | loss: 0.12669 - accuracy: 0.956
Training epoch 1 | loss: 0.04153 - accuracy: 0.98711
Validating epoch 1 | loss: 0.20262 - accuracy: 0.953
Training epoch 2 | loss: 0.00863 - accuracy: 0.99811
Validating epoch 2 | loss: 0.17006 - accuracy: 0.957
Training epoch 3 | loss: 0.00356 - accuracy: 0.99922
Validating epoch 3 | loss: 0.1985 - accuracy: 0.955
Model is Bert, dataset is subj, undersample is False, aug mode is None, geo is None, pct_usage is None, small_label is 1, small_prop is 0.4, balance_seed is 2, lr is 2e-05, max_epochs is 4, split_num is 0
Training epoch 0 | loss: 0.25943 - accuracy: 0.89089
Validating epoch 0 | loss: 0.15282 - accuracy: 0.95
Training epoch 1 | loss: 0.05188 - accuracy: 0.986
Validating epoch 1 | loss: 0.12886 - accuracy: 0.958
Training epoch 2 | loss: 0.01909 - accuracy: 0.99622
Validating epoch 2 | loss: 0.18118 - accuracy: 0.949
Training epoch 3 | loss: 0.0105 - accuracy: 0.99822
Validating epoch 3 | loss: 0.1805 - accuracy: 0.951
Model is Bert, dataset is subj, undersample is True, aug mode is None, geo is None, pct_usage is None, small_label is 1, small_prop is 0.4, balance_seed is 2, lr is 2e-05, max_epochs is 4, split_num is 0
Training epoch 0 | loss: 0.23481 - accuracy: 0.88822
Validating epoch 0 | loss: 0.11706 - accuracy: 0.959
Training epoch 1 | loss: 0.02252 - accuracy: 0.99378
Validating epoch 1 | loss: 0.12533 - accuracy: 0.963
Training epoch 2 | loss: 0.00238 - accuracy: 0.99978
Validating epoch 2 | loss: 0.16626 - accuracy: 0.96
Training epoch 3 | loss: 0.00087 - accuracy: 1.0
Validating epoch 3 | loss: 0.16847 - accuracy: 0.959
Model is Bert, dataset is subj, undersample is None, aug mode is synonym, geo is 0.1, pct_usage is None, small_label is 0, small_prop is 0.6, balance_seed is 2, lr is 2e-05, max_epochs is 4, split_num is 0
Training epoch 0 | loss: 0.21061 - accuracy: 0.91244
Validating epoch 0 | loss: 0.15474 - accuracy: 0.944
Training epoch 1 | loss: 0.05121 - accuracy: 0.98189
Validating epoch 1 | loss: 0.21287 - accuracy: 0.919
Training epoch 2 | loss: 0.01667 - accuracy: 0.99456
Validating epoch 2 | loss: 0.19476 - accuracy: 0.94
Training epoch 3 | loss: 0.01234 - accuracy: 0.99644
Validating epoch 3 | loss: 0.16337 - accuracy: 0.947
Model is Bert, dataset is subj, undersample is None, aug mode is synonym, geo is 0.3, pct_usage is None, small_label is 0, small_prop is 0.6, balance_seed is 2, lr is 2e-05, max_epochs is 4, split_num is 0
Training epoch 0 | loss: 0.24281 - accuracy: 0.90244
Validating epoch 0 | loss: 0.13725 - accuracy: 0.951
Training epoch 1 | loss: 0.07327 - accuracy: 0.97644
Validating epoch 1 | loss: 0.223 - accuracy: 0.919
Training epoch 2 | loss: 0.03062 - accuracy: 0.99056
Validating epoch 2 | loss: 0.13889 - accuracy: 0.951
Training epoch 3 | loss: 0.01353 - accuracy: 0.99667
Validating epoch 3 | loss: 0.16784 - accuracy: 0.952
Model is Bert, dataset is subj, undersample is None, aug mode is synonym, geo is 0.5, pct_usage is None, small_label is 0, small_prop is 0.6, balance_seed is 2, lr is 2e-05, max_epochs is 4, split_num is 0
Training epoch 0 | loss: 0.25104 - accuracy: 0.89244
Validating epoch 0 | loss: 0.11121 - accuracy: 0.958
Training epoch 1 | loss: 0.0627 - accuracy: 0.98133
Validating epoch 1 | loss: 0.1144 - accuracy: 0.958
Training epoch 2 | loss: 0.02344 - accuracy: 0.99256
Validating epoch 2 | loss: 0.13651 - accuracy: 0.961
Training epoch 3 | loss: 0.00729 - accuracy: 0.99867
Validating epoch 3 | loss: 0.15307 - accuracy: 0.963
Model is Bert, dataset is subj, undersample is None, aug mode is synonym, geo is 0.7, pct_usage is None, small_label is 0, small_prop is 0.6, balance_seed is 2, lr is 2e-05, max_epochs is 4, split_num is 0
Training epoch 0 | loss: 0.26178 - accuracy: 0.881
Validating epoch 0 | loss: 0.11125 - accuracy: 0.962
Training epoch 1 | loss: 0.05812 - accuracy: 0.98167
Validating epoch 1 | loss: 0.12988 - accuracy: 0.962
Training epoch 2 | loss: 0.01941 - accuracy: 0.99456
Validating epoch 2 | loss: 0.1412 - accuracy: 0.961
Training epoch 3 | loss: 0.00875 - accuracy: 0.99789
Validating epoch 3 | loss: 0.15981 - accuracy: 0.958
Model is Bert, dataset is subj, undersample is None, aug mode is synonym, geo is 0.9, pct_usage is None, small_label is 0, small_prop is 0.6, balance_seed is 2, lr is 2e-05, max_epochs is 4, split_num is 0
Training epoch 0 | loss: 0.23852 - accuracy: 0.90411
Validating epoch 0 | loss: 0.11551 - accuracy: 0.959
Training epoch 1 | loss: 0.05658 - accuracy: 0.98056
Validating epoch 1 | loss: 0.16782 - accuracy: 0.942
Training epoch 2 | loss: 0.02015 - accuracy: 0.99444
Validating epoch 2 | loss: 0.10863 - accuracy: 0.964
Training epoch 3 | loss: 0.00861 - accuracy: 0.99844
Validating epoch 3 | loss: 0.13034 - accuracy: 0.963
Model is Bert, dataset is subj, undersample is False, aug mode is None, geo is None, pct_usage is None, small_label is 0, small_prop is 0.6, balance_seed is 2, lr is 2e-05, max_epochs is 4, split_num is 0
Training epoch 0 | loss: 0.2635 - accuracy: 0.873
Validating epoch 0 | loss: 0.17449 - accuracy: 0.943
Training epoch 1 | loss: 0.0576 - accuracy: 0.98322
Validating epoch 1 | loss: 0.14057 - accuracy: 0.954
Training epoch 2 | loss: 0.0222 - accuracy: 0.99311
Validating epoch 2 | loss: 0.14504 - accuracy: 0.961
Training epoch 3 | loss: 0.00727 - accuracy: 0.99856
Validating epoch 3 | loss: 0.14941 - accuracy: 0.96
Model is Bert, dataset is subj, undersample is True, aug mode is None, geo is None, pct_usage is None, small_label is 0, small_prop is 0.6, balance_seed is 2, lr is 2e-05, max_epochs is 4, split_num is 0
Training epoch 0 | loss: 0.24376 - accuracy: 0.892
Validating epoch 0 | loss: 0.1215 - accuracy: 0.955
Training epoch 1 | loss: 0.04455 - accuracy: 0.98711
Validating epoch 1 | loss: 0.15703 - accuracy: 0.957
Training epoch 2 | loss: 0.01053 - accuracy: 0.997
Validating epoch 2 | loss: 0.16672 - accuracy: 0.955
Training epoch 3 | loss: 0.00304 - accuracy: 0.99967
Validating epoch 3 | loss: 0.14868 - accuracy: 0.959
Model is Bert, dataset is subj, undersample is None, aug mode is synonym, geo is 0.1, pct_usage is None, small_label is 1, small_prop is 0.6, balance_seed is 2, lr is 2e-05, max_epochs is 4, split_num is 0
Training epoch 0 | loss: 0.23252 - accuracy: 0.89278
Validating epoch 0 | loss: 0.16715 - accuracy: 0.944
Training epoch 1 | loss: 0.05462 - accuracy: 0.98122
Validating epoch 1 | loss: 0.15339 - accuracy: 0.957
Training epoch 2 | loss: 0.02546 - accuracy: 0.99278
Validating epoch 2 | loss: 0.14854 - accuracy: 0.953
Training epoch 3 | loss: 0.01185 - accuracy: 0.99622
Validating epoch 3 | loss: 0.18005 - accuracy: 0.953
Model is Bert, dataset is subj, undersample is None, aug mode is synonym, geo is 0.3, pct_usage is None, small_label is 1, small_prop is 0.6, balance_seed is 2, lr is 2e-05, max_epochs is 4, split_num is 0
Training epoch 0 | loss: 0.26588 - accuracy: 0.88278
Validating epoch 0 | loss: 0.12515 - accuracy: 0.949
Training epoch 1 | loss: 0.07702 - accuracy: 0.97356
Validating epoch 1 | loss: 0.11219 - accuracy: 0.965
Training epoch 2 | loss: 0.02861 - accuracy: 0.992
Validating epoch 2 | loss: 0.14799 - accuracy: 0.96
Training epoch 3 | loss: 0.01376 - accuracy: 0.99667
Validating epoch 3 | loss: 0.15354 - accuracy: 0.961
Model is Bert, dataset is subj, undersample is None, aug mode is synonym, geo is 0.5, pct_usage is None, small_label is 1, small_prop is 0.6, balance_seed is 2, lr is 2e-05, max_epochs is 4, split_num is 0
Training epoch 0 | loss: 0.24736 - accuracy: 0.90133
Validating epoch 0 | loss: 0.12501 - accuracy: 0.958
Training epoch 1 | loss: 0.06156 - accuracy: 0.98056
Validating epoch 1 | loss: 0.12924 - accuracy: 0.958
Training epoch 2 | loss: 0.01873 - accuracy: 0.995
Validating epoch 2 | loss: 0.1378 - accuracy: 0.967
Training epoch 3 | loss: 0.00645 - accuracy: 0.99833
Validating epoch 3 | loss: 0.1456 - accuracy: 0.969
Model is Bert, dataset is subj, undersample is None, aug mode is synonym, geo is 0.7, pct_usage is None, small_label is 1, small_prop is 0.6, balance_seed is 2, lr is 2e-05, max_epochs is 4, split_num is 0
Training epoch 0 | loss: 0.24477 - accuracy: 0.90056
Validating epoch 0 | loss: 0.10978 - accuracy: 0.962
Training epoch 1 | loss: 0.0604 - accuracy: 0.98222
Validating epoch 1 | loss: 0.13018 - accuracy: 0.96
Training epoch 2 | loss: 0.02106 - accuracy: 0.99422
Validating epoch 2 | loss: 0.15859 - accuracy: 0.959
Training epoch 3 | loss: 0.01 - accuracy: 0.99767
Validating epoch 3 | loss: 0.15009 - accuracy: 0.961
Model is Bert, dataset is subj, undersample is None, aug mode is synonym, geo is 0.9, pct_usage is None, small_label is 1, small_prop is 0.6, balance_seed is 2, lr is 2e-05, max_epochs is 4, split_num is 0
Training epoch 0 | loss: 0.25489 - accuracy: 0.89533
Validating epoch 0 | loss: 0.12519 - accuracy: 0.949
Training epoch 1 | loss: 0.06637 - accuracy: 0.97967
Validating epoch 1 | loss: 0.13625 - accuracy: 0.958
Training epoch 2 | loss: 0.01874 - accuracy: 0.99511
Validating epoch 2 | loss: 0.13781 - accuracy: 0.962
Training epoch 3 | loss: 0.0082 - accuracy: 0.99867
Validating epoch 3 | loss: 0.1391 - accuracy: 0.963
Model is Bert, dataset is subj, undersample is False, aug mode is None, geo is None, pct_usage is None, small_label is 1, small_prop is 0.6, balance_seed is 2, lr is 2e-05, max_epochs is 4, split_num is 0
Training epoch 0 | loss: 0.26956 - accuracy: 0.88222
Validating epoch 0 | loss: 0.11085 - accuracy: 0.962
Training epoch 1 | loss: 0.07319 - accuracy: 0.97678
Validating epoch 1 | loss: 0.133 - accuracy: 0.953
Training epoch 2 | loss: 0.02562 - accuracy: 0.99389
Validating epoch 2 | loss: 0.13153 - accuracy: 0.962
Training epoch 3 | loss: 0.01014 - accuracy: 0.99833
Validating epoch 3 | loss: 0.14615 - accuracy: 0.96
Model is Bert, dataset is subj, undersample is True, aug mode is None, geo is None, pct_usage is None, small_label is 1, small_prop is 0.6, balance_seed is 2, lr is 2e-05, max_epochs is 4, split_num is 0
Training epoch 0 | loss: 0.2438 - accuracy: 0.90111
Validating epoch 0 | loss: 0.11562 - accuracy: 0.959
Training epoch 1 | loss: 0.04689 - accuracy: 0.98733
Validating epoch 1 | loss: 0.14231 - accuracy: 0.958
Training epoch 2 | loss: 0.01367 - accuracy: 0.99733
Validating epoch 2 | loss: 0.13706 - accuracy: 0.958
Training epoch 3 | loss: 0.00593 - accuracy: 0.999
Validating epoch 3 | loss: 0.15298 - accuracy: 0.963
Model is Bert, dataset is subj, undersample is None, aug mode is synonym, geo is 0.1, pct_usage is None, small_label is 0, small_prop is 0.8, balance_seed is 2, lr is 2e-05, max_epochs is 4, split_num is 0
Training epoch 0 | loss: 0.23745 - accuracy: 0.89844
Validating epoch 0 | loss: 0.25542 - accuracy: 0.898
Training epoch 1 | loss: 0.06352 - accuracy: 0.98011
Validating epoch 1 | loss: 0.18395 - accuracy: 0.937
Training epoch 2 | loss: 0.03168 - accuracy: 0.98922
Validating epoch 2 | loss: 0.16146 - accuracy: 0.952
Training epoch 3 | loss: 0.0163 - accuracy: 0.99589
Validating epoch 3 | loss: 0.15369 - accuracy: 0.956
Model is Bert, dataset is subj, undersample is None, aug mode is synonym, geo is 0.3, pct_usage is None, small_label is 0, small_prop is 0.8, balance_seed is 2, lr is 2e-05, max_epochs is 4, split_num is 0
Training epoch 0 | loss: 0.24515 - accuracy: 0.89989
Validating epoch 0 | loss: 0.10257 - accuracy: 0.961
Training epoch 1 | loss: 0.06828 - accuracy: 0.97878
Validating epoch 1 | loss: 0.12284 - accuracy: 0.954
Training epoch 2 | loss: 0.02639 - accuracy: 0.99256
Validating epoch 2 | loss: 0.1155 - accuracy: 0.961
Training epoch 3 | loss: 0.01129 - accuracy: 0.99733
Validating epoch 3 | loss: 0.12499 - accuracy: 0.963
Model is Bert, dataset is subj, undersample is None, aug mode is synonym, geo is 0.5, pct_usage is None, small_label is 0, small_prop is 0.8, balance_seed is 2, lr is 2e-05, max_epochs is 4, split_num is 0
Training epoch 0 | loss: 0.26953 - accuracy: 0.88633
Validating epoch 0 | loss: 0.1373 - accuracy: 0.945
Training epoch 1 | loss: 0.08164 - accuracy: 0.97311
Validating epoch 1 | loss: 0.09667 - accuracy: 0.966
Training epoch 2 | loss: 0.03888 - accuracy: 0.989
Validating epoch 2 | loss: 0.10931 - accuracy: 0.966
Training epoch 3 | loss: 0.0193 - accuracy: 0.99578
Validating epoch 3 | loss: 0.12565 - accuracy: 0.961
Model is Bert, dataset is subj, undersample is None, aug mode is synonym, geo is 0.7, pct_usage is None, small_label is 0, small_prop is 0.8, balance_seed is 2, lr is 2e-05, max_epochs is 4, split_num is 0
Training epoch 0 | loss: 0.26265 - accuracy: 0.89089
Validating epoch 0 | loss: 0.12638 - accuracy: 0.949
Training epoch 1 | loss: 0.07694 - accuracy: 0.97433
Validating epoch 1 | loss: 0.10305 - accuracy: 0.962
Training epoch 2 | loss: 0.03287 - accuracy: 0.99056
Validating epoch 2 | loss: 0.12619 - accuracy: 0.962
Training epoch 3 | loss: 0.0148 - accuracy: 0.99667
Validating epoch 3 | loss: 0.11833 - accuracy: 0.963
Model is Bert, dataset is subj, undersample is None, aug mode is synonym, geo is 0.9, pct_usage is None, small_label is 0, small_prop is 0.8, balance_seed is 2, lr is 2e-05, max_epochs is 4, split_num is 0
Training epoch 0 | loss: 0.27611 - accuracy: 0.88067
Validating epoch 0 | loss: 0.11588 - accuracy: 0.962
Training epoch 1 | loss: 0.08124 - accuracy: 0.97467
Validating epoch 1 | loss: 0.10015 - accuracy: 0.961
Training epoch 2 | loss: 0.0367 - accuracy: 0.991
Validating epoch 2 | loss: 0.10586 - accuracy: 0.966
Training epoch 3 | loss: 0.01658 - accuracy: 0.99622
Validating epoch 3 | loss: 0.1265 - accuracy: 0.964
Model is Bert, dataset is subj, undersample is False, aug mode is None, geo is None, pct_usage is None, small_label is 0, small_prop is 0.8, balance_seed is 2, lr is 2e-05, max_epochs is 4, split_num is 0
Training epoch 0 | loss: 0.25621 - accuracy: 0.89767
Validating epoch 0 | loss: 0.12516 - accuracy: 0.954
Training epoch 1 | loss: 0.07747 - accuracy: 0.97622
Validating epoch 1 | loss: 0.09727 - accuracy: 0.969
Training epoch 2 | loss: 0.02963 - accuracy: 0.992
Validating epoch 2 | loss: 0.11745 - accuracy: 0.962
Training epoch 3 | loss: 0.0143 - accuracy: 0.99633
Validating epoch 3 | loss: 0.11819 - accuracy: 0.963
Model is Bert, dataset is subj, undersample is True, aug mode is None, geo is None, pct_usage is None, small_label is 0, small_prop is 0.8, balance_seed is 2, lr is 2e-05, max_epochs is 4, split_num is 0
Training epoch 0 | loss: 0.2581 - accuracy: 0.89156
Validating epoch 0 | loss: 0.11268 - accuracy: 0.961
Training epoch 1 | loss: 0.06007 - accuracy: 0.98256
Validating epoch 1 | loss: 0.11752 - accuracy: 0.961
Training epoch 2 | loss: 0.01945 - accuracy: 0.99511
Validating epoch 2 | loss: 0.15174 - accuracy: 0.962
Training epoch 3 | loss: 0.00754 - accuracy: 0.99856
Validating epoch 3 | loss: 0.14985 - accuracy: 0.965
Model is Bert, dataset is subj, undersample is None, aug mode is synonym, geo is 0.1, pct_usage is None, small_label is 1, small_prop is 0.8, balance_seed is 2, lr is 2e-05, max_epochs is 4, split_num is 0
Training epoch 0 | loss: 0.22745 - accuracy: 0.89967
Validating epoch 0 | loss: 0.21019 - accuracy: 0.923
Training epoch 1 | loss: 0.05668 - accuracy: 0.98233
Validating epoch 1 | loss: 0.19036 - accuracy: 0.936
Training epoch 2 | loss: 0.02589 - accuracy: 0.99211
Validating epoch 2 | loss: 0.15664 - accuracy: 0.953
Training epoch 3 | loss: 0.01344 - accuracy: 0.99644
Validating epoch 3 | loss: 0.13666 - accuracy: 0.961
Model is Bert, dataset is subj, undersample is None, aug mode is synonym, geo is 0.3, pct_usage is None, small_label is 1, small_prop is 0.8, balance_seed is 2, lr is 2e-05, max_epochs is 4, split_num is 0
Training epoch 0 | loss: 0.24419 - accuracy: 0.89644
Validating epoch 0 | loss: 0.12569 - accuracy: 0.951
Training epoch 1 | loss: 0.06401 - accuracy: 0.97911
Validating epoch 1 | loss: 0.11839 - accuracy: 0.962
Training epoch 2 | loss: 0.02961 - accuracy: 0.99167
Validating epoch 2 | loss: 0.13271 - accuracy: 0.963
Training epoch 3 | loss: 0.01554 - accuracy: 0.99644
Validating epoch 3 | loss: 0.13671 - accuracy: 0.963
Model is Bert, dataset is subj, undersample is None, aug mode is synonym, geo is 0.5, pct_usage is None, small_label is 1, small_prop is 0.8, balance_seed is 2, lr is 2e-05, max_epochs is 4, split_num is 0
Training epoch 0 | loss: 0.26799 - accuracy: 0.88344
Validating epoch 0 | loss: 0.1096 - accuracy: 0.966
Training epoch 1 | loss: 0.07404 - accuracy: 0.975
Validating epoch 1 | loss: 0.09881 - accuracy: 0.964
Training epoch 2 | loss: 0.03061 - accuracy: 0.99011
Validating epoch 2 | loss: 0.1168 - accuracy: 0.964
Training epoch 3 | loss: 0.01351 - accuracy: 0.99622
Validating epoch 3 | loss: 0.12659 - accuracy: 0.966
Model is Bert, dataset is subj, undersample is None, aug mode is synonym, geo is 0.7, pct_usage is None, small_label is 1, small_prop is 0.8, balance_seed is 2, lr is 2e-05, max_epochs is 4, split_num is 0
Training epoch 0 | loss: 0.26426 - accuracy: 0.88211
Validating epoch 0 | loss: 0.10835 - accuracy: 0.963
Training epoch 1 | loss: 0.06855 - accuracy: 0.97911
Validating epoch 1 | loss: 0.11827 - accuracy: 0.959
Training epoch 2 | loss: 0.02282 - accuracy: 0.99344
Validating epoch 2 | loss: 0.13948 - accuracy: 0.965
Training epoch 3 | loss: 0.01232 - accuracy: 0.99678
Validating epoch 3 | loss: 0.14834 - accuracy: 0.964
Model is Bert, dataset is subj, undersample is None, aug mode is synonym, geo is 0.9, pct_usage is None, small_label is 1, small_prop is 0.8, balance_seed is 2, lr is 2e-05, max_epochs is 4, split_num is 0
Training epoch 0 | loss: 0.25021 - accuracy: 0.90289
Validating epoch 0 | loss: 0.13085 - accuracy: 0.956
Training epoch 1 | loss: 0.07167 - accuracy: 0.97756
Validating epoch 1 | loss: 0.10456 - accuracy: 0.965
Training epoch 2 | loss: 0.02656 - accuracy: 0.99333
Validating epoch 2 | loss: 0.11911 - accuracy: 0.965
Training epoch 3 | loss: 0.01305 - accuracy: 0.99744
Validating epoch 3 | loss: 0.1272 - accuracy: 0.966
Model is Bert, dataset is subj, undersample is False, aug mode is None, geo is None, pct_usage is None, small_label is 1, small_prop is 0.8, balance_seed is 2, lr is 2e-05, max_epochs is 4, split_num is 0
Training epoch 0 | loss: 0.26676 - accuracy: 0.88511
Validating epoch 0 | loss: 0.13986 - accuracy: 0.942
Training epoch 1 | loss: 0.08107 - accuracy: 0.97233
Validating epoch 1 | loss: 0.11348 - accuracy: 0.961
Training epoch 2 | loss: 0.03424 - accuracy: 0.99044
Validating epoch 2 | loss: 0.12486 - accuracy: 0.967
Training epoch 3 | loss: 0.01676 - accuracy: 0.99589
Validating epoch 3 | loss: 0.13481 - accuracy: 0.964
Model is Bert, dataset is subj, undersample is True, aug mode is None, geo is None, pct_usage is None, small_label is 1, small_prop is 0.8, balance_seed is 2, lr is 2e-05, max_epochs is 4, split_num is 0
Training epoch 0 | loss: 0.24774 - accuracy: 0.89422
Validating epoch 0 | loss: 0.11953 - accuracy: 0.955
Training epoch 1 | loss: 0.06866 - accuracy: 0.97933
Validating epoch 1 | loss: 0.10628 - accuracy: 0.961
Training epoch 2 | loss: 0.02723 - accuracy: 0.993
Validating epoch 2 | loss: 0.12653 - accuracy: 0.965
Training epoch 3 | loss: 0.01203 - accuracy: 0.99756
Validating epoch 3 | loss: 0.14619 - accuracy: 0.966
