Model is Bert, dataset is subj, undersample is None, aug mode is synonym, geo is 0.1, pct_usage is None, small_label is 0, small_prop is 0.2, balance_seed is 1, lr is 2e-05, max_epochs is 4, split_num is 1
Training epoch 0 | loss: 0.21507 - accuracy: 0.90322
Validating epoch 0 | loss: 0.43461 - accuracy: 0.857
Training epoch 1 | loss: 0.03659 - accuracy: 0.98889
Validating epoch 1 | loss: 0.31504 - accuracy: 0.89
Training epoch 2 | loss: 0.00873 - accuracy: 0.997
Validating epoch 2 | loss: 0.24388 - accuracy: 0.92
Training epoch 3 | loss: 0.00323 - accuracy: 0.99944
Validating epoch 3 | loss: 0.33373 - accuracy: 0.908
Model is Bert, dataset is subj, undersample is None, aug mode is synonym, geo is 0.3, pct_usage is None, small_label is 0, small_prop is 0.2, balance_seed is 1, lr is 2e-05, max_epochs is 4, split_num is 1
Training epoch 0 | loss: 0.23843 - accuracy: 0.89856
Validating epoch 0 | loss: 0.16805 - accuracy: 0.946
Training epoch 1 | loss: 0.0435 - accuracy: 0.98756
Validating epoch 1 | loss: 0.51823 - accuracy: 0.869
Training epoch 2 | loss: 0.01789 - accuracy: 0.99533
Validating epoch 2 | loss: 0.36119 - accuracy: 0.908
Training epoch 3 | loss: 0.00669 - accuracy: 0.99867
Validating epoch 3 | loss: 0.34344 - accuracy: 0.909
Model is Bert, dataset is subj, undersample is None, aug mode is synonym, geo is 0.5, pct_usage is None, small_label is 0, small_prop is 0.2, balance_seed is 1, lr is 2e-05, max_epochs is 4, split_num is 1
Training epoch 0 | loss: 0.23667 - accuracy: 0.90111
Validating epoch 0 | loss: 0.13254 - accuracy: 0.957
Training epoch 1 | loss: 0.0482 - accuracy: 0.98556
Validating epoch 1 | loss: 0.1227 - accuracy: 0.959
Training epoch 2 | loss: 0.01465 - accuracy: 0.99667
Validating epoch 2 | loss: 0.23174 - accuracy: 0.936
Training epoch 3 | loss: 0.00585 - accuracy: 0.99867
Validating epoch 3 | loss: 0.34369 - accuracy: 0.915
Model is Bert, dataset is subj, undersample is None, aug mode is synonym, geo is 0.7, pct_usage is None, small_label is 0, small_prop is 0.2, balance_seed is 1, lr is 2e-05, max_epochs is 4, split_num is 1
Training epoch 0 | loss: 0.23811 - accuracy: 0.89833
Validating epoch 0 | loss: 0.14748 - accuracy: 0.948
Training epoch 1 | loss: 0.03559 - accuracy: 0.99033
Validating epoch 1 | loss: 0.24985 - accuracy: 0.922
Training epoch 2 | loss: 0.00935 - accuracy: 0.99778
Validating epoch 2 | loss: 0.32678 - accuracy: 0.922
Training epoch 3 | loss: 0.0031 - accuracy: 0.99933
Validating epoch 3 | loss: 0.27556 - accuracy: 0.939
Model is Bert, dataset is subj, undersample is None, aug mode is synonym, geo is 0.9, pct_usage is None, small_label is 0, small_prop is 0.2, balance_seed is 1, lr is 2e-05, max_epochs is 4, split_num is 1
Training epoch 0 | loss: 0.24656 - accuracy: 0.89222
Validating epoch 0 | loss: 0.30394 - accuracy: 0.914
Training epoch 1 | loss: 0.03915 - accuracy: 0.98867
Validating epoch 1 | loss: 0.2481 - accuracy: 0.917
Training epoch 2 | loss: 0.01149 - accuracy: 0.99778
Validating epoch 2 | loss: 0.37906 - accuracy: 0.909
Training epoch 3 | loss: 0.00555 - accuracy: 0.99867
Validating epoch 3 | loss: 0.27761 - accuracy: 0.935
Model is Bert, dataset is subj, undersample is False, aug mode is None, geo is None, pct_usage is None, small_label is 0, small_prop is 0.2, balance_seed is 1, lr is 2e-05, max_epochs is 4, split_num is 1
Training epoch 0 | loss: 0.23702 - accuracy: 0.89733
Validating epoch 0 | loss: 0.11905 - accuracy: 0.958
Training epoch 1 | loss: 0.03547 - accuracy: 0.99056
Validating epoch 1 | loss: 0.13864 - accuracy: 0.956
Training epoch 2 | loss: 0.00822 - accuracy: 0.99822
Validating epoch 2 | loss: 0.39401 - accuracy: 0.902
Training epoch 3 | loss: 0.00382 - accuracy: 0.99889
Validating epoch 3 | loss: 0.26121 - accuracy: 0.936
Model is Bert, dataset is subj, undersample is True, aug mode is None, geo is None, pct_usage is None, small_label is 0, small_prop is 0.2, balance_seed is 1, lr is 2e-05, max_epochs is 4, split_num is 1
Training epoch 0 | loss: 0.21254 - accuracy: 0.90956
Validating epoch 0 | loss: 0.14492 - accuracy: 0.953
Training epoch 1 | loss: 0.0128 - accuracy: 0.99711
Validating epoch 1 | loss: 0.15261 - accuracy: 0.962
Training epoch 2 | loss: 0.00161 - accuracy: 1.0
Validating epoch 2 | loss: 0.18279 - accuracy: 0.958
Training epoch 3 | loss: 0.00094 - accuracy: 1.0
Validating epoch 3 | loss: 0.19299 - accuracy: 0.959
Model is Bert, dataset is subj, undersample is None, aug mode is synonym, geo is 0.1, pct_usage is None, small_label is 1, small_prop is 0.2, balance_seed is 1, lr is 2e-05, max_epochs is 4, split_num is 1
Training epoch 0 | loss: 0.21424 - accuracy: 0.91167
Validating epoch 0 | loss: 0.21329 - accuracy: 0.921
Training epoch 1 | loss: 0.03167 - accuracy: 0.99022
Validating epoch 1 | loss: 0.23791 - accuracy: 0.931
Training epoch 2 | loss: 0.01034 - accuracy: 0.99756
Validating epoch 2 | loss: 0.20022 - accuracy: 0.948
Training epoch 3 | loss: 0.00566 - accuracy: 0.99867
Validating epoch 3 | loss: 0.27856 - accuracy: 0.938
Model is Bert, dataset is subj, undersample is None, aug mode is synonym, geo is 0.3, pct_usage is None, small_label is 1, small_prop is 0.2, balance_seed is 1, lr is 2e-05, max_epochs is 4, split_num is 1
Training epoch 0 | loss: 0.24476 - accuracy: 0.89844
Validating epoch 0 | loss: 0.14328 - accuracy: 0.952
Training epoch 1 | loss: 0.04543 - accuracy: 0.98667
Validating epoch 1 | loss: 0.19956 - accuracy: 0.944
Training epoch 2 | loss: 0.00919 - accuracy: 0.998
Validating epoch 2 | loss: 0.21978 - accuracy: 0.949
Training epoch 3 | loss: 0.0033 - accuracy: 0.99933
Validating epoch 3 | loss: 0.22253 - accuracy: 0.95
Model is Bert, dataset is subj, undersample is None, aug mode is synonym, geo is 0.5, pct_usage is None, small_label is 1, small_prop is 0.2, balance_seed is 1, lr is 2e-05, max_epochs is 4, split_num is 1
Training epoch 0 | loss: 0.23968 - accuracy: 0.90089
Validating epoch 0 | loss: 0.18025 - accuracy: 0.946
Training epoch 1 | loss: 0.03443 - accuracy: 0.99156
Validating epoch 1 | loss: 0.24317 - accuracy: 0.938
Training epoch 2 | loss: 0.00824 - accuracy: 0.99789
Validating epoch 2 | loss: 0.21253 - accuracy: 0.955
Training epoch 3 | loss: 0.00494 - accuracy: 0.99867
Validating epoch 3 | loss: 0.24095 - accuracy: 0.949
Model is Bert, dataset is subj, undersample is None, aug mode is synonym, geo is 0.7, pct_usage is None, small_label is 1, small_prop is 0.2, balance_seed is 1, lr is 2e-05, max_epochs is 4, split_num is 1
Training epoch 0 | loss: 0.2328 - accuracy: 0.90789
Validating epoch 0 | loss: 0.1288 - accuracy: 0.955
Training epoch 1 | loss: 0.03351 - accuracy: 0.99089
Validating epoch 1 | loss: 0.18138 - accuracy: 0.95
Training epoch 2 | loss: 0.01132 - accuracy: 0.99667
Validating epoch 2 | loss: 0.19571 - accuracy: 0.953
Training epoch 3 | loss: 0.00502 - accuracy: 0.999
Validating epoch 3 | loss: 0.18428 - accuracy: 0.949
Model is Bert, dataset is subj, undersample is None, aug mode is synonym, geo is 0.9, pct_usage is None, small_label is 1, small_prop is 0.2, balance_seed is 1, lr is 2e-05, max_epochs is 4, split_num is 1
Training epoch 0 | loss: 0.22639 - accuracy: 0.91022
Validating epoch 0 | loss: 0.12902 - accuracy: 0.952
Training epoch 1 | loss: 0.0299 - accuracy: 0.99244
Validating epoch 1 | loss: 0.17396 - accuracy: 0.948
Training epoch 2 | loss: 0.01185 - accuracy: 0.99744
Validating epoch 2 | loss: 0.18894 - accuracy: 0.953
Training epoch 3 | loss: 0.00584 - accuracy: 0.99889
Validating epoch 3 | loss: 0.19645 - accuracy: 0.955
Model is Bert, dataset is subj, undersample is False, aug mode is None, geo is None, pct_usage is None, small_label is 1, small_prop is 0.2, balance_seed is 1, lr is 2e-05, max_epochs is 4, split_num is 1
Training epoch 0 | loss: 0.22037 - accuracy: 0.90989
Validating epoch 0 | loss: 0.15948 - accuracy: 0.947
Training epoch 1 | loss: 0.03709 - accuracy: 0.98978
Validating epoch 1 | loss: 0.32744 - accuracy: 0.915
Training epoch 2 | loss: 0.01177 - accuracy: 0.99789
Validating epoch 2 | loss: 0.26251 - accuracy: 0.937
Training epoch 3 | loss: 0.005 - accuracy: 0.99889
Validating epoch 3 | loss: 0.22343 - accuracy: 0.946
Model is Bert, dataset is subj, undersample is True, aug mode is None, geo is None, pct_usage is None, small_label is 1, small_prop is 0.2, balance_seed is 1, lr is 2e-05, max_epochs is 4, split_num is 1
Training epoch 0 | loss: 0.21029 - accuracy: 0.91456
Validating epoch 0 | loss: 0.14287 - accuracy: 0.956
Training epoch 1 | loss: 0.01843 - accuracy: 0.99667
Validating epoch 1 | loss: 0.22919 - accuracy: 0.94
Training epoch 2 | loss: 0.00978 - accuracy: 0.99833
Validating epoch 2 | loss: 0.18163 - accuracy: 0.955
Training epoch 3 | loss: 0.00472 - accuracy: 0.99944
Validating epoch 3 | loss: 0.19057 - accuracy: 0.953
Model is Bert, dataset is subj, undersample is None, aug mode is synonym, geo is 0.1, pct_usage is None, small_label is 0, small_prop is 0.4, balance_seed is 1, lr is 2e-05, max_epochs is 4, split_num is 1
Training epoch 0 | loss: 0.20847 - accuracy: 0.91733
Validating epoch 0 | loss: 0.22469 - accuracy: 0.92
Training epoch 1 | loss: 0.04867 - accuracy: 0.98422
Validating epoch 1 | loss: 0.28091 - accuracy: 0.891
Training epoch 2 | loss: 0.01748 - accuracy: 0.99511
Validating epoch 2 | loss: 0.21178 - accuracy: 0.931
Training epoch 3 | loss: 0.00901 - accuracy: 0.99778
Validating epoch 3 | loss: 0.2573 - accuracy: 0.927
Model is Bert, dataset is subj, undersample is None, aug mode is synonym, geo is 0.3, pct_usage is None, small_label is 0, small_prop is 0.4, balance_seed is 1, lr is 2e-05, max_epochs is 4, split_num is 1
Training epoch 0 | loss: 0.26372 - accuracy: 0.88789
Validating epoch 0 | loss: 0.13432 - accuracy: 0.952
Training epoch 1 | loss: 0.06173 - accuracy: 0.98156
Validating epoch 1 | loss: 0.18796 - accuracy: 0.931
Training epoch 2 | loss: 0.02076 - accuracy: 0.99444
Validating epoch 2 | loss: 0.20635 - accuracy: 0.931
Training epoch 3 | loss: 0.01033 - accuracy: 0.99744
Validating epoch 3 | loss: 0.20053 - accuracy: 0.94
Model is Bert, dataset is subj, undersample is None, aug mode is synonym, geo is 0.5, pct_usage is None, small_label is 0, small_prop is 0.4, balance_seed is 1, lr is 2e-05, max_epochs is 4, split_num is 1
Training epoch 0 | loss: 0.25433 - accuracy: 0.89522
Validating epoch 0 | loss: 0.10807 - accuracy: 0.96
Training epoch 1 | loss: 0.05118 - accuracy: 0.98511
Validating epoch 1 | loss: 0.20542 - accuracy: 0.93
Training epoch 2 | loss: 0.01989 - accuracy: 0.99456
Validating epoch 2 | loss: 0.16952 - accuracy: 0.958
Training epoch 3 | loss: 0.00774 - accuracy: 0.99822
Validating epoch 3 | loss: 0.1918 - accuracy: 0.949
Model is Bert, dataset is subj, undersample is None, aug mode is synonym, geo is 0.7, pct_usage is None, small_label is 0, small_prop is 0.4, balance_seed is 1, lr is 2e-05, max_epochs is 4, split_num is 1
Training epoch 0 | loss: 0.23517 - accuracy: 0.90689
Validating epoch 0 | loss: 0.16783 - accuracy: 0.948
Training epoch 1 | loss: 0.05763 - accuracy: 0.98322
Validating epoch 1 | loss: 0.19142 - accuracy: 0.935
Training epoch 2 | loss: 0.0198 - accuracy: 0.99522
Validating epoch 2 | loss: 0.16726 - accuracy: 0.957
Training epoch 3 | loss: 0.01001 - accuracy: 0.99778
Validating epoch 3 | loss: 0.21488 - accuracy: 0.943
Model is Bert, dataset is subj, undersample is None, aug mode is synonym, geo is 0.9, pct_usage is None, small_label is 0, small_prop is 0.4, balance_seed is 1, lr is 2e-05, max_epochs is 4, split_num is 1
Training epoch 0 | loss: 0.25371 - accuracy: 0.88522
Validating epoch 0 | loss: 0.19284 - accuracy: 0.922
Training epoch 1 | loss: 0.0514 - accuracy: 0.98622
Validating epoch 1 | loss: 0.19166 - accuracy: 0.941
Training epoch 2 | loss: 0.01719 - accuracy: 0.99578
Validating epoch 2 | loss: 0.15594 - accuracy: 0.949
Training epoch 3 | loss: 0.00775 - accuracy: 0.99822
Validating epoch 3 | loss: 0.21268 - accuracy: 0.948
Model is Bert, dataset is subj, undersample is False, aug mode is None, geo is None, pct_usage is None, small_label is 0, small_prop is 0.4, balance_seed is 1, lr is 2e-05, max_epochs is 4, split_num is 1
Training epoch 0 | loss: 0.24762 - accuracy: 0.89456
Validating epoch 0 | loss: 0.12182 - accuracy: 0.96
Training epoch 1 | loss: 0.05341 - accuracy: 0.98322
Validating epoch 1 | loss: 0.16795 - accuracy: 0.948
Training epoch 2 | loss: 0.0178 - accuracy: 0.995
Validating epoch 2 | loss: 0.20464 - accuracy: 0.946
Training epoch 3 | loss: 0.00601 - accuracy: 0.99856
Validating epoch 3 | loss: 0.21571 - accuracy: 0.945
Model is Bert, dataset is subj, undersample is True, aug mode is None, geo is None, pct_usage is None, small_label is 0, small_prop is 0.4, balance_seed is 1, lr is 2e-05, max_epochs is 4, split_num is 1
Training epoch 0 | loss: 0.22155 - accuracy: 0.91556
Validating epoch 0 | loss: 0.11355 - accuracy: 0.963
Training epoch 1 | loss: 0.0301 - accuracy: 0.99167
Validating epoch 1 | loss: 0.13591 - accuracy: 0.958
Training epoch 2 | loss: 0.00771 - accuracy: 0.99856
Validating epoch 2 | loss: 0.14563 - accuracy: 0.959
Training epoch 3 | loss: 0.00244 - accuracy: 0.99978
Validating epoch 3 | loss: 0.15547 - accuracy: 0.958
Model is Bert, dataset is subj, undersample is None, aug mode is synonym, geo is 0.1, pct_usage is None, small_label is 1, small_prop is 0.4, balance_seed is 1, lr is 2e-05, max_epochs is 4, split_num is 1
Training epoch 0 | loss: 0.22663 - accuracy: 0.90856
Validating epoch 0 | loss: 0.18162 - accuracy: 0.94
Training epoch 1 | loss: 0.05316 - accuracy: 0.984
Validating epoch 1 | loss: 0.18537 - accuracy: 0.939
Training epoch 2 | loss: 0.02265 - accuracy: 0.99311
Validating epoch 2 | loss: 0.18013 - accuracy: 0.95
Training epoch 3 | loss: 0.01416 - accuracy: 0.99633
Validating epoch 3 | loss: 0.14772 - accuracy: 0.958
Model is Bert, dataset is subj, undersample is None, aug mode is synonym, geo is 0.3, pct_usage is None, small_label is 1, small_prop is 0.4, balance_seed is 1, lr is 2e-05, max_epochs is 4, split_num is 1
Training epoch 0 | loss: 0.24887 - accuracy: 0.89156
Validating epoch 0 | loss: 0.17905 - accuracy: 0.937
Training epoch 1 | loss: 0.05644 - accuracy: 0.98311
Validating epoch 1 | loss: 0.14233 - accuracy: 0.959
Training epoch 2 | loss: 0.02099 - accuracy: 0.99422
Validating epoch 2 | loss: 0.17747 - accuracy: 0.951
Training epoch 3 | loss: 0.0106 - accuracy: 0.998
Validating epoch 3 | loss: 0.16433 - accuracy: 0.956
Model is Bert, dataset is subj, undersample is None, aug mode is synonym, geo is 0.5, pct_usage is None, small_label is 1, small_prop is 0.4, balance_seed is 1, lr is 2e-05, max_epochs is 4, split_num is 1
Training epoch 0 | loss: 0.25779 - accuracy: 0.87556
Validating epoch 0 | loss: 0.11248 - accuracy: 0.962
Training epoch 1 | loss: 0.0446 - accuracy: 0.985
Validating epoch 1 | loss: 0.11992 - accuracy: 0.965
Training epoch 2 | loss: 0.01099 - accuracy: 0.99689
Validating epoch 2 | loss: 0.17287 - accuracy: 0.962
Training epoch 3 | loss: 0.00582 - accuracy: 0.99856
Validating epoch 3 | loss: 0.14037 - accuracy: 0.966
Model is Bert, dataset is subj, undersample is None, aug mode is synonym, geo is 0.7, pct_usage is None, small_label is 1, small_prop is 0.4, balance_seed is 1, lr is 2e-05, max_epochs is 4, split_num is 1
Training epoch 0 | loss: 0.24317 - accuracy: 0.90111
Validating epoch 0 | loss: 0.12709 - accuracy: 0.963
Training epoch 1 | loss: 0.04758 - accuracy: 0.98611
Validating epoch 1 | loss: 0.12115 - accuracy: 0.96
Training epoch 2 | loss: 0.01485 - accuracy: 0.99589
Validating epoch 2 | loss: 0.15655 - accuracy: 0.964
Training epoch 3 | loss: 0.00615 - accuracy: 0.99856
Validating epoch 3 | loss: 0.14909 - accuracy: 0.965
Model is Bert, dataset is subj, undersample is None, aug mode is synonym, geo is 0.9, pct_usage is None, small_label is 1, small_prop is 0.4, balance_seed is 1, lr is 2e-05, max_epochs is 4, split_num is 1
Training epoch 0 | loss: 0.26335 - accuracy: 0.89344
Validating epoch 0 | loss: 0.10777 - accuracy: 0.966
Training epoch 1 | loss: 0.04384 - accuracy: 0.98678
Validating epoch 1 | loss: 0.17014 - accuracy: 0.957
Training epoch 2 | loss: 0.01643 - accuracy: 0.99589
Validating epoch 2 | loss: 0.12986 - accuracy: 0.965
Training epoch 3 | loss: 0.00758 - accuracy: 0.99867
Validating epoch 3 | loss: 0.16097 - accuracy: 0.965
Model is Bert, dataset is subj, undersample is False, aug mode is None, geo is None, pct_usage is None, small_label is 1, small_prop is 0.4, balance_seed is 1, lr is 2e-05, max_epochs is 4, split_num is 1
Training epoch 0 | loss: 0.23673 - accuracy: 0.90278
Validating epoch 0 | loss: 0.10035 - accuracy: 0.966
Training epoch 1 | loss: 0.04198 - accuracy: 0.98833
Validating epoch 1 | loss: 0.13195 - accuracy: 0.959
Training epoch 2 | loss: 0.01005 - accuracy: 0.99744
Validating epoch 2 | loss: 0.14931 - accuracy: 0.964
Training epoch 3 | loss: 0.00346 - accuracy: 0.99889
Validating epoch 3 | loss: 0.15904 - accuracy: 0.965
Model is Bert, dataset is subj, undersample is True, aug mode is None, geo is None, pct_usage is None, small_label is 1, small_prop is 0.4, balance_seed is 1, lr is 2e-05, max_epochs is 4, split_num is 1
Training epoch 0 | loss: 0.24196 - accuracy: 0.90022
Validating epoch 0 | loss: 0.11121 - accuracy: 0.96
Training epoch 1 | loss: 0.02993 - accuracy: 0.99178
Validating epoch 1 | loss: 0.13715 - accuracy: 0.962
Training epoch 2 | loss: 0.00536 - accuracy: 0.99944
Validating epoch 2 | loss: 0.17915 - accuracy: 0.957
Training epoch 3 | loss: 0.00352 - accuracy: 0.99956
Validating epoch 3 | loss: 0.16363 - accuracy: 0.965
Model is Bert, dataset is subj, undersample is None, aug mode is synonym, geo is 0.1, pct_usage is None, small_label is 0, small_prop is 0.6, balance_seed is 1, lr is 2e-05, max_epochs is 4, split_num is 1
Training epoch 0 | loss: 0.22915 - accuracy: 0.90422
Validating epoch 0 | loss: 0.19769 - accuracy: 0.928
Training epoch 1 | loss: 0.05762 - accuracy: 0.98067
Validating epoch 1 | loss: 0.16477 - accuracy: 0.937
Training epoch 2 | loss: 0.03111 - accuracy: 0.99056
Validating epoch 2 | loss: 0.22402 - accuracy: 0.921
Training epoch 3 | loss: 0.01677 - accuracy: 0.99556
Validating epoch 3 | loss: 0.18179 - accuracy: 0.948
Model is Bert, dataset is subj, undersample is None, aug mode is synonym, geo is 0.3, pct_usage is None, small_label is 0, small_prop is 0.6, balance_seed is 1, lr is 2e-05, max_epochs is 4, split_num is 1
Training epoch 0 | loss: 0.23849 - accuracy: 0.90767
Validating epoch 0 | loss: 0.11757 - accuracy: 0.957
Training epoch 1 | loss: 0.05835 - accuracy: 0.981
Validating epoch 1 | loss: 0.12224 - accuracy: 0.956
Training epoch 2 | loss: 0.01724 - accuracy: 0.99478
Validating epoch 2 | loss: 0.18288 - accuracy: 0.945
Training epoch 3 | loss: 0.00647 - accuracy: 0.99844
Validating epoch 3 | loss: 0.1904 - accuracy: 0.951
Model is Bert, dataset is subj, undersample is None, aug mode is synonym, geo is 0.5, pct_usage is None, small_label is 0, small_prop is 0.6, balance_seed is 1, lr is 2e-05, max_epochs is 4, split_num is 1
Training epoch 0 | loss: 0.26668 - accuracy: 0.89367
Validating epoch 0 | loss: 0.13746 - accuracy: 0.954
Training epoch 1 | loss: 0.06807 - accuracy: 0.97856
Validating epoch 1 | loss: 0.1509 - accuracy: 0.944
Training epoch 2 | loss: 0.03214 - accuracy: 0.991
Validating epoch 2 | loss: 0.14289 - accuracy: 0.952
Training epoch 3 | loss: 0.0126 - accuracy: 0.99711
Validating epoch 3 | loss: 0.14885 - accuracy: 0.954
Model is Bert, dataset is subj, undersample is None, aug mode is synonym, geo is 0.7, pct_usage is None, small_label is 0, small_prop is 0.6, balance_seed is 1, lr is 2e-05, max_epochs is 4, split_num is 1
Training epoch 0 | loss: 0.26399 - accuracy: 0.88578
Validating epoch 0 | loss: 0.13525 - accuracy: 0.949
Training epoch 1 | loss: 0.08113 - accuracy: 0.973
Validating epoch 1 | loss: 0.1198 - accuracy: 0.951
Training epoch 2 | loss: 0.03282 - accuracy: 0.99111
Validating epoch 2 | loss: 0.13098 - accuracy: 0.958
Training epoch 3 | loss: 0.01501 - accuracy: 0.997
Validating epoch 3 | loss: 0.15555 - accuracy: 0.955
Model is Bert, dataset is subj, undersample is None, aug mode is synonym, geo is 0.9, pct_usage is None, small_label is 0, small_prop is 0.6, balance_seed is 1, lr is 2e-05, max_epochs is 4, split_num is 1
Training epoch 0 | loss: 0.24218 - accuracy: 0.89767
Validating epoch 0 | loss: 0.12445 - accuracy: 0.959
Training epoch 1 | loss: 0.06006 - accuracy: 0.98256
Validating epoch 1 | loss: 0.10172 - accuracy: 0.965
Training epoch 2 | loss: 0.02309 - accuracy: 0.99389
Validating epoch 2 | loss: 0.12505 - accuracy: 0.963
Training epoch 3 | loss: 0.01004 - accuracy: 0.99733
Validating epoch 3 | loss: 0.14829 - accuracy: 0.956
Model is Bert, dataset is subj, undersample is False, aug mode is None, geo is None, pct_usage is None, small_label is 0, small_prop is 0.6, balance_seed is 1, lr is 2e-05, max_epochs is 4, split_num is 1
Training epoch 0 | loss: 0.24126 - accuracy: 0.90644
Validating epoch 0 | loss: 0.10188 - accuracy: 0.965
Training epoch 1 | loss: 0.05944 - accuracy: 0.98211
Validating epoch 1 | loss: 0.13678 - accuracy: 0.958
Training epoch 2 | loss: 0.01736 - accuracy: 0.99578
Validating epoch 2 | loss: 0.14129 - accuracy: 0.96
Training epoch 3 | loss: 0.00733 - accuracy: 0.99833
Validating epoch 3 | loss: 0.15019 - accuracy: 0.961
Model is Bert, dataset is subj, undersample is True, aug mode is None, geo is None, pct_usage is None, small_label is 0, small_prop is 0.6, balance_seed is 1, lr is 2e-05, max_epochs is 4, split_num is 1
Training epoch 0 | loss: 0.24292 - accuracy: 0.89856
Validating epoch 0 | loss: 0.11191 - accuracy: 0.959
Training epoch 1 | loss: 0.05265 - accuracy: 0.98456
Validating epoch 1 | loss: 0.11729 - accuracy: 0.966
Training epoch 2 | loss: 0.01546 - accuracy: 0.99667
Validating epoch 2 | loss: 0.12942 - accuracy: 0.964
Training epoch 3 | loss: 0.00515 - accuracy: 0.99911
Validating epoch 3 | loss: 0.13313 - accuracy: 0.967
Model is Bert, dataset is subj, undersample is None, aug mode is synonym, geo is 0.1, pct_usage is None, small_label is 1, small_prop is 0.6, balance_seed is 1, lr is 2e-05, max_epochs is 4, split_num is 1
Training epoch 0 | loss: 0.23204 - accuracy: 0.89733
Validating epoch 0 | loss: 0.1604 - accuracy: 0.939
Training epoch 1 | loss: 0.05484 - accuracy: 0.98167
Validating epoch 1 | loss: 0.13316 - accuracy: 0.956
Training epoch 2 | loss: 0.02266 - accuracy: 0.99333
Validating epoch 2 | loss: 0.1508 - accuracy: 0.957
Training epoch 3 | loss: 0.01546 - accuracy: 0.99567
Validating epoch 3 | loss: 0.16038 - accuracy: 0.954
Model is Bert, dataset is subj, undersample is None, aug mode is synonym, geo is 0.3, pct_usage is None, small_label is 1, small_prop is 0.6, balance_seed is 1, lr is 2e-05, max_epochs is 4, split_num is 1
Training epoch 0 | loss: 0.25215 - accuracy: 0.893
Validating epoch 0 | loss: 0.19179 - accuracy: 0.929
Training epoch 1 | loss: 0.06764 - accuracy: 0.97844
Validating epoch 1 | loss: 0.11325 - accuracy: 0.966
Training epoch 2 | loss: 0.02373 - accuracy: 0.99311
Validating epoch 2 | loss: 0.13106 - accuracy: 0.965
Training epoch 3 | loss: 0.00815 - accuracy: 0.99822
Validating epoch 3 | loss: 0.13747 - accuracy: 0.964
Model is Bert, dataset is subj, undersample is None, aug mode is synonym, geo is 0.5, pct_usage is None, small_label is 1, small_prop is 0.6, balance_seed is 1, lr is 2e-05, max_epochs is 4, split_num is 1
Training epoch 0 | loss: 0.25893 - accuracy: 0.88078
Validating epoch 0 | loss: 0.10633 - accuracy: 0.966
Training epoch 1 | loss: 0.06044 - accuracy: 0.98133
Validating epoch 1 | loss: 0.09982 - accuracy: 0.965
Training epoch 2 | loss: 0.01913 - accuracy: 0.99389
Validating epoch 2 | loss: 0.10947 - accuracy: 0.965
Training epoch 3 | loss: 0.00774 - accuracy: 0.99789
Validating epoch 3 | loss: 0.12807 - accuracy: 0.966
Model is Bert, dataset is subj, undersample is None, aug mode is synonym, geo is 0.7, pct_usage is None, small_label is 1, small_prop is 0.6, balance_seed is 1, lr is 2e-05, max_epochs is 4, split_num is 1
Training epoch 0 | loss: 0.24757 - accuracy: 0.9
Validating epoch 0 | loss: 0.1095 - accuracy: 0.962
Training epoch 1 | loss: 0.06269 - accuracy: 0.979
Validating epoch 1 | loss: 0.0963 - accuracy: 0.967
Training epoch 2 | loss: 0.02027 - accuracy: 0.99478
Validating epoch 2 | loss: 0.10967 - accuracy: 0.968
Training epoch 3 | loss: 0.00975 - accuracy: 0.99756
Validating epoch 3 | loss: 0.1184 - accuracy: 0.966
Model is Bert, dataset is subj, undersample is None, aug mode is synonym, geo is 0.9, pct_usage is None, small_label is 1, small_prop is 0.6, balance_seed is 1, lr is 2e-05, max_epochs is 4, split_num is 1
Training epoch 0 | loss: 0.26316 - accuracy: 0.88556
Validating epoch 0 | loss: 0.10975 - accuracy: 0.96
Training epoch 1 | loss: 0.06656 - accuracy: 0.97878
Validating epoch 1 | loss: 0.1132 - accuracy: 0.956
Training epoch 2 | loss: 0.02251 - accuracy: 0.99478
Validating epoch 2 | loss: 0.1154 - accuracy: 0.965
Training epoch 3 | loss: 0.00894 - accuracy: 0.99844
Validating epoch 3 | loss: 0.13338 - accuracy: 0.962
Model is Bert, dataset is subj, undersample is False, aug mode is None, geo is None, pct_usage is None, small_label is 1, small_prop is 0.6, balance_seed is 1, lr is 2e-05, max_epochs is 4, split_num is 1
Training epoch 0 | loss: 0.25589 - accuracy: 0.88667
Validating epoch 0 | loss: 0.13229 - accuracy: 0.957
Training epoch 1 | loss: 0.06749 - accuracy: 0.98044
Validating epoch 1 | loss: 0.11595 - accuracy: 0.964
Training epoch 2 | loss: 0.02284 - accuracy: 0.994
Validating epoch 2 | loss: 0.12479 - accuracy: 0.963
Training epoch 3 | loss: 0.01065 - accuracy: 0.99756
Validating epoch 3 | loss: 0.13024 - accuracy: 0.964
Model is Bert, dataset is subj, undersample is True, aug mode is None, geo is None, pct_usage is None, small_label is 1, small_prop is 0.6, balance_seed is 1, lr is 2e-05, max_epochs is 4, split_num is 1
Training epoch 0 | loss: 0.25168 - accuracy: 0.89989
Validating epoch 0 | loss: 0.13384 - accuracy: 0.949
Training epoch 1 | loss: 0.04398 - accuracy: 0.98667
Validating epoch 1 | loss: 0.13669 - accuracy: 0.953
Training epoch 2 | loss: 0.0106 - accuracy: 0.99756
Validating epoch 2 | loss: 0.16503 - accuracy: 0.954
Training epoch 3 | loss: 0.00298 - accuracy: 0.99956
Validating epoch 3 | loss: 0.15382 - accuracy: 0.958
Model is Bert, dataset is subj, undersample is None, aug mode is synonym, geo is 0.1, pct_usage is None, small_label is 0, small_prop is 0.8, balance_seed is 1, lr is 2e-05, max_epochs is 4, split_num is 1
Training epoch 0 | loss: 0.22982 - accuracy: 0.909
Validating epoch 0 | loss: 0.17413 - accuracy: 0.93
Training epoch 1 | loss: 0.04563 - accuracy: 0.984
Validating epoch 1 | loss: 0.24252 - accuracy: 0.918
Training epoch 2 | loss: 0.02571 - accuracy: 0.99222
Validating epoch 2 | loss: 0.16813 - accuracy: 0.943
Training epoch 3 | loss: 0.01182 - accuracy: 0.99711
Validating epoch 3 | loss: 0.17924 - accuracy: 0.948
Model is Bert, dataset is subj, undersample is None, aug mode is synonym, geo is 0.3, pct_usage is None, small_label is 0, small_prop is 0.8, balance_seed is 1, lr is 2e-05, max_epochs is 4, split_num is 1
Training epoch 0 | loss: 0.23943 - accuracy: 0.90778
Validating epoch 0 | loss: 0.13141 - accuracy: 0.952
Training epoch 1 | loss: 0.06714 - accuracy: 0.97578
Validating epoch 1 | loss: 0.12852 - accuracy: 0.954
Training epoch 2 | loss: 0.02386 - accuracy: 0.992
Validating epoch 2 | loss: 0.1142 - accuracy: 0.961
Training epoch 3 | loss: 0.01067 - accuracy: 0.99689
Validating epoch 3 | loss: 0.14079 - accuracy: 0.956
Model is Bert, dataset is subj, undersample is None, aug mode is synonym, geo is 0.5, pct_usage is None, small_label is 0, small_prop is 0.8, balance_seed is 1, lr is 2e-05, max_epochs is 4, split_num is 1
Training epoch 0 | loss: 0.25785 - accuracy: 0.88356
Validating epoch 0 | loss: 0.12817 - accuracy: 0.948
Training epoch 1 | loss: 0.07354 - accuracy: 0.977
Validating epoch 1 | loss: 0.13953 - accuracy: 0.952
Training epoch 2 | loss: 0.02931 - accuracy: 0.99211
Validating epoch 2 | loss: 0.1674 - accuracy: 0.946
Training epoch 3 | loss: 0.01765 - accuracy: 0.99611
Validating epoch 3 | loss: 0.13674 - accuracy: 0.962
Model is Bert, dataset is subj, undersample is None, aug mode is synonym, geo is 0.7, pct_usage is None, small_label is 0, small_prop is 0.8, balance_seed is 1, lr is 2e-05, max_epochs is 4, split_num is 1
Training epoch 0 | loss: 0.25511 - accuracy: 0.89744
Validating epoch 0 | loss: 0.11986 - accuracy: 0.955
Training epoch 1 | loss: 0.06957 - accuracy: 0.97833
Validating epoch 1 | loss: 0.10445 - accuracy: 0.965
Training epoch 2 | loss: 0.02359 - accuracy: 0.99344
Validating epoch 2 | loss: 0.12962 - accuracy: 0.959
Training epoch 3 | loss: 0.01001 - accuracy: 0.99767
Validating epoch 3 | loss: 0.1435 - accuracy: 0.955
Model is Bert, dataset is subj, undersample is None, aug mode is synonym, geo is 0.9, pct_usage is None, small_label is 0, small_prop is 0.8, balance_seed is 1, lr is 2e-05, max_epochs is 4, split_num is 1
Training epoch 0 | loss: 0.25485 - accuracy: 0.89089
Validating epoch 0 | loss: 0.12232 - accuracy: 0.957
Training epoch 1 | loss: 0.0717 - accuracy: 0.97822
Validating epoch 1 | loss: 0.11797 - accuracy: 0.956
Training epoch 2 | loss: 0.02992 - accuracy: 0.99144
Validating epoch 2 | loss: 0.11072 - accuracy: 0.965
Training epoch 3 | loss: 0.01256 - accuracy: 0.99711
Validating epoch 3 | loss: 0.12415 - accuracy: 0.966
Model is Bert, dataset is subj, undersample is False, aug mode is None, geo is None, pct_usage is None, small_label is 0, small_prop is 0.8, balance_seed is 1, lr is 2e-05, max_epochs is 4, split_num is 1
Training epoch 0 | loss: 0.25913 - accuracy: 0.891
Validating epoch 0 | loss: 0.10901 - accuracy: 0.961
Training epoch 1 | loss: 0.0692 - accuracy: 0.98033
Validating epoch 1 | loss: 0.10947 - accuracy: 0.964
Training epoch 2 | loss: 0.02792 - accuracy: 0.99389
Validating epoch 2 | loss: 0.12676 - accuracy: 0.962
Training epoch 3 | loss: 0.01462 - accuracy: 0.99689
Validating epoch 3 | loss: 0.13468 - accuracy: 0.963
Model is Bert, dataset is subj, undersample is True, aug mode is None, geo is None, pct_usage is None, small_label is 0, small_prop is 0.8, balance_seed is 1, lr is 2e-05, max_epochs is 4, split_num is 1
Training epoch 0 | loss: 0.25809 - accuracy: 0.88922
Validating epoch 0 | loss: 0.11603 - accuracy: 0.96
Training epoch 1 | loss: 0.0646 - accuracy: 0.97922
Validating epoch 1 | loss: 0.1297 - accuracy: 0.956
Training epoch 2 | loss: 0.02151 - accuracy: 0.99389
Validating epoch 2 | loss: 0.13917 - accuracy: 0.959
Training epoch 3 | loss: 0.01073 - accuracy: 0.99744
Validating epoch 3 | loss: 0.14061 - accuracy: 0.961
Model is Bert, dataset is subj, undersample is None, aug mode is synonym, geo is 0.1, pct_usage is None, small_label is 1, small_prop is 0.8, balance_seed is 1, lr is 2e-05, max_epochs is 4, split_num is 1
Training epoch 0 | loss: 0.2208 - accuracy: 0.90133
Validating epoch 0 | loss: 0.2191 - accuracy: 0.927
Training epoch 1 | loss: 0.05612 - accuracy: 0.98211
Validating epoch 1 | loss: 0.14239 - accuracy: 0.952
Training epoch 2 | loss: 0.02628 - accuracy: 0.99144
Validating epoch 2 | loss: 0.13178 - accuracy: 0.962
Training epoch 3 | loss: 0.01868 - accuracy: 0.99467
Validating epoch 3 | loss: 0.14287 - accuracy: 0.956
Model is Bert, dataset is subj, undersample is None, aug mode is synonym, geo is 0.3, pct_usage is None, small_label is 1, small_prop is 0.8, balance_seed is 1, lr is 2e-05, max_epochs is 4, split_num is 1
Training epoch 0 | loss: 0.26125 - accuracy: 0.88611
Validating epoch 0 | loss: 0.18312 - accuracy: 0.932
Training epoch 1 | loss: 0.07749 - accuracy: 0.97356
Validating epoch 1 | loss: 0.11685 - accuracy: 0.966
Training epoch 2 | loss: 0.03201 - accuracy: 0.99089
Validating epoch 2 | loss: 0.11914 - accuracy: 0.963
Training epoch 3 | loss: 0.01746 - accuracy: 0.99522
Validating epoch 3 | loss: 0.13346 - accuracy: 0.963
Model is Bert, dataset is subj, undersample is None, aug mode is synonym, geo is 0.5, pct_usage is None, small_label is 1, small_prop is 0.8, balance_seed is 1, lr is 2e-05, max_epochs is 4, split_num is 1
Training epoch 0 | loss: 0.25423 - accuracy: 0.88922
Validating epoch 0 | loss: 0.10161 - accuracy: 0.968
Training epoch 1 | loss: 0.06735 - accuracy: 0.979
Validating epoch 1 | loss: 0.1051 - accuracy: 0.968
Training epoch 2 | loss: 0.02487 - accuracy: 0.99367
Validating epoch 2 | loss: 0.10985 - accuracy: 0.965
Training epoch 3 | loss: 0.01182 - accuracy: 0.99711
Validating epoch 3 | loss: 0.11601 - accuracy: 0.968
Model is Bert, dataset is subj, undersample is None, aug mode is synonym, geo is 0.7, pct_usage is None, small_label is 1, small_prop is 0.8, balance_seed is 1, lr is 2e-05, max_epochs is 4, split_num is 1
Training epoch 0 | loss: 0.25409 - accuracy: 0.89944
Validating epoch 0 | loss: 0.10253 - accuracy: 0.967
Training epoch 1 | loss: 0.07295 - accuracy: 0.97622
Validating epoch 1 | loss: 0.09704 - accuracy: 0.963
Training epoch 2 | loss: 0.02639 - accuracy: 0.99222
Validating epoch 2 | loss: 0.11068 - accuracy: 0.963
Training epoch 3 | loss: 0.00932 - accuracy: 0.99756
Validating epoch 3 | loss: 0.11626 - accuracy: 0.968
Model is Bert, dataset is subj, undersample is None, aug mode is synonym, geo is 0.9, pct_usage is None, small_label is 1, small_prop is 0.8, balance_seed is 1, lr is 2e-05, max_epochs is 4, split_num is 1
Training epoch 0 | loss: 0.26182 - accuracy: 0.88411
Validating epoch 0 | loss: 0.14664 - accuracy: 0.951
Training epoch 1 | loss: 0.06705 - accuracy: 0.97678
Validating epoch 1 | loss: 0.0984 - accuracy: 0.962
Training epoch 2 | loss: 0.02654 - accuracy: 0.99222
Validating epoch 2 | loss: 0.10736 - accuracy: 0.964
Training epoch 3 | loss: 0.01036 - accuracy: 0.99789
Validating epoch 3 | loss: 0.12371 - accuracy: 0.965
Model is Bert, dataset is subj, undersample is False, aug mode is None, geo is None, pct_usage is None, small_label is 1, small_prop is 0.8, balance_seed is 1, lr is 2e-05, max_epochs is 4, split_num is 1
Training epoch 0 | loss: 0.25275 - accuracy: 0.89989
Validating epoch 0 | loss: 0.10513 - accuracy: 0.966
Training epoch 1 | loss: 0.07515 - accuracy: 0.97622
Validating epoch 1 | loss: 0.09169 - accuracy: 0.966
Training epoch 2 | loss: 0.02693 - accuracy: 0.99344
Validating epoch 2 | loss: 0.11421 - accuracy: 0.966
Training epoch 3 | loss: 0.01119 - accuracy: 0.99744
Validating epoch 3 | loss: 0.11712 - accuracy: 0.966
Model is Bert, dataset is subj, undersample is True, aug mode is None, geo is None, pct_usage is None, small_label is 1, small_prop is 0.8, balance_seed is 1, lr is 2e-05, max_epochs is 4, split_num is 1
Training epoch 0 | loss: 0.24273 - accuracy: 0.90533
Validating epoch 0 | loss: 0.10766 - accuracy: 0.962
Training epoch 1 | loss: 0.07093 - accuracy: 0.97811
Validating epoch 1 | loss: 0.10464 - accuracy: 0.964
Training epoch 2 | loss: 0.02363 - accuracy: 0.99378
Validating epoch 2 | loss: 0.13654 - accuracy: 0.957
Training epoch 3 | loss: 0.00991 - accuracy: 0.99789
Validating epoch 3 | loss: 0.14539 - accuracy: 0.96
