Model is Bert, dataset is subj, undersample is None, aug mode is synonym, geo is 0.1, pct_usage is None, small_label is 0, small_prop is 0.2, balance_seed is 0, lr is 2e-05, max_epochs is 4, split_num is 8
Training epoch 0 | loss: 0.21735 - accuracy: 0.90556
Validating epoch 0 | loss: 0.39362 - accuracy: 0.871
Training epoch 1 | loss: 0.03263 - accuracy: 0.98989
Validating epoch 1 | loss: 0.32154 - accuracy: 0.895
Training epoch 2 | loss: 0.00956 - accuracy: 0.99733
Validating epoch 2 | loss: 0.79275 - accuracy: 0.842
Training epoch 3 | loss: 0.00546 - accuracy: 0.99833
Validating epoch 3 | loss: 0.60743 - accuracy: 0.875
Model is Bert, dataset is subj, undersample is None, aug mode is synonym, geo is 0.3, pct_usage is None, small_label is 0, small_prop is 0.2, balance_seed is 0, lr is 2e-05, max_epochs is 4, split_num is 8
Training epoch 0 | loss: 0.22732 - accuracy: 0.90989
Validating epoch 0 | loss: 0.32976 - accuracy: 0.903
Training epoch 1 | loss: 0.04716 - accuracy: 0.98644
Validating epoch 1 | loss: 0.22341 - accuracy: 0.93
Training epoch 2 | loss: 0.01338 - accuracy: 0.99644
Validating epoch 2 | loss: 0.53628 - accuracy: 0.88
Training epoch 3 | loss: 0.00596 - accuracy: 0.99856
Validating epoch 3 | loss: 0.33519 - accuracy: 0.916
Model is Bert, dataset is subj, undersample is None, aug mode is synonym, geo is 0.5, pct_usage is None, small_label is 0, small_prop is 0.2, balance_seed is 0, lr is 2e-05, max_epochs is 4, split_num is 8
Training epoch 0 | loss: 0.23609 - accuracy: 0.90489
Validating epoch 0 | loss: 0.18585 - accuracy: 0.93
Training epoch 1 | loss: 0.04443 - accuracy: 0.98689
Validating epoch 1 | loss: 0.2562 - accuracy: 0.923
Training epoch 2 | loss: 0.01625 - accuracy: 0.99578
Validating epoch 2 | loss: 0.28279 - accuracy: 0.916
Training epoch 3 | loss: 0.0064 - accuracy: 0.99844
Validating epoch 3 | loss: 0.31997 - accuracy: 0.913
Model is Bert, dataset is subj, undersample is None, aug mode is synonym, geo is 0.7, pct_usage is None, small_label is 0, small_prop is 0.2, balance_seed is 0, lr is 2e-05, max_epochs is 4, split_num is 8
Training epoch 0 | loss: 0.23605 - accuracy: 0.89511
Validating epoch 0 | loss: 0.2584 - accuracy: 0.913
Training epoch 1 | loss: 0.02937 - accuracy: 0.99156
Validating epoch 1 | loss: 0.28674 - accuracy: 0.927
Training epoch 2 | loss: 0.00984 - accuracy: 0.99767
Validating epoch 2 | loss: 0.4131 - accuracy: 0.911
Training epoch 3 | loss: 0.00391 - accuracy: 0.99878
Validating epoch 3 | loss: 0.45067 - accuracy: 0.907
Model is Bert, dataset is subj, undersample is None, aug mode is synonym, geo is 0.9, pct_usage is None, small_label is 0, small_prop is 0.2, balance_seed is 0, lr is 2e-05, max_epochs is 4, split_num is 8
Training epoch 0 | loss: 0.24297 - accuracy: 0.89389
Validating epoch 0 | loss: 0.21278 - accuracy: 0.937
Training epoch 1 | loss: 0.03366 - accuracy: 0.992
Validating epoch 1 | loss: 0.29824 - accuracy: 0.926
Training epoch 2 | loss: 0.00965 - accuracy: 0.99767
Validating epoch 2 | loss: 0.49635 - accuracy: 0.893
Training epoch 3 | loss: 0.00498 - accuracy: 0.99922
Validating epoch 3 | loss: 0.40047 - accuracy: 0.912
Model is Bert, dataset is subj, undersample is False, aug mode is None, geo is None, pct_usage is None, small_label is 0, small_prop is 0.2, balance_seed is 0, lr is 2e-05, max_epochs is 4, split_num is 8
Training epoch 0 | loss: 0.2289 - accuracy: 0.90456
Validating epoch 0 | loss: 0.2459 - accuracy: 0.926
Training epoch 1 | loss: 0.03169 - accuracy: 0.99244
Validating epoch 1 | loss: 0.32312 - accuracy: 0.918
Training epoch 2 | loss: 0.01442 - accuracy: 0.99644
Validating epoch 2 | loss: 0.42926 - accuracy: 0.901
Training epoch 3 | loss: 0.00446 - accuracy: 0.99944
Validating epoch 3 | loss: 0.38307 - accuracy: 0.908
Model is Bert, dataset is subj, undersample is True, aug mode is None, geo is None, pct_usage is None, small_label is 0, small_prop is 0.2, balance_seed is 0, lr is 2e-05, max_epochs is 4, split_num is 8
Training epoch 0 | loss: 0.20719 - accuracy: 0.91444
Validating epoch 0 | loss: 0.28262 - accuracy: 0.912
Training epoch 1 | loss: 0.0084 - accuracy: 0.99889
Validating epoch 1 | loss: 0.28945 - accuracy: 0.936
Training epoch 2 | loss: 0.00225 - accuracy: 0.99967
Validating epoch 2 | loss: 0.31864 - accuracy: 0.93
Training epoch 3 | loss: 0.00095 - accuracy: 1.0
Validating epoch 3 | loss: 0.32859 - accuracy: 0.93
Model is Bert, dataset is subj, undersample is None, aug mode is synonym, geo is 0.1, pct_usage is None, small_label is 1, small_prop is 0.2, balance_seed is 0, lr is 2e-05, max_epochs is 4, split_num is 8
Training epoch 0 | loss: 0.2103 - accuracy: 0.91356
Validating epoch 0 | loss: 0.2177 - accuracy: 0.926
Training epoch 1 | loss: 0.03108 - accuracy: 0.98978
Validating epoch 1 | loss: 0.28019 - accuracy: 0.915
Training epoch 2 | loss: 0.01011 - accuracy: 0.99678
Validating epoch 2 | loss: 0.32619 - accuracy: 0.92
Training epoch 3 | loss: 0.00576 - accuracy: 0.99867
Validating epoch 3 | loss: 0.31046 - accuracy: 0.925
Model is Bert, dataset is subj, undersample is None, aug mode is synonym, geo is 0.3, pct_usage is None, small_label is 1, small_prop is 0.2, balance_seed is 0, lr is 2e-05, max_epochs is 4, split_num is 8
Training epoch 0 | loss: 0.23466 - accuracy: 0.90044
Validating epoch 0 | loss: 0.22398 - accuracy: 0.923
Training epoch 1 | loss: 0.03783 - accuracy: 0.989
Validating epoch 1 | loss: 0.36305 - accuracy: 0.913
Training epoch 2 | loss: 0.0124 - accuracy: 0.99656
Validating epoch 2 | loss: 0.26269 - accuracy: 0.932
Training epoch 3 | loss: 0.00479 - accuracy: 0.99911
Validating epoch 3 | loss: 0.30576 - accuracy: 0.925
Model is Bert, dataset is subj, undersample is None, aug mode is synonym, geo is 0.5, pct_usage is None, small_label is 1, small_prop is 0.2, balance_seed is 0, lr is 2e-05, max_epochs is 4, split_num is 8
Training epoch 0 | loss: 0.23362 - accuracy: 0.90044
Validating epoch 0 | loss: 0.19635 - accuracy: 0.929
Training epoch 1 | loss: 0.02649 - accuracy: 0.99233
Validating epoch 1 | loss: 0.3913 - accuracy: 0.912
Training epoch 2 | loss: 0.00784 - accuracy: 0.99767
Validating epoch 2 | loss: 0.30976 - accuracy: 0.927
Training epoch 3 | loss: 0.00489 - accuracy: 0.99844
Validating epoch 3 | loss: 0.29485 - accuracy: 0.932
Model is Bert, dataset is subj, undersample is None, aug mode is synonym, geo is 0.7, pct_usage is None, small_label is 1, small_prop is 0.2, balance_seed is 0, lr is 2e-05, max_epochs is 4, split_num is 8
Training epoch 0 | loss: 0.22952 - accuracy: 0.90722
Validating epoch 0 | loss: 0.17193 - accuracy: 0.952
Training epoch 1 | loss: 0.02777 - accuracy: 0.99111
Validating epoch 1 | loss: 0.23075 - accuracy: 0.94
Training epoch 2 | loss: 0.00834 - accuracy: 0.99789
Validating epoch 2 | loss: 0.26434 - accuracy: 0.944
Training epoch 3 | loss: 0.00507 - accuracy: 0.99878
Validating epoch 3 | loss: 0.28869 - accuracy: 0.937
Model is Bert, dataset is subj, undersample is None, aug mode is synonym, geo is 0.9, pct_usage is None, small_label is 1, small_prop is 0.2, balance_seed is 0, lr is 2e-05, max_epochs is 4, split_num is 8
Training epoch 0 | loss: 0.21693 - accuracy: 0.91267
Validating epoch 0 | loss: 0.18093 - accuracy: 0.945
Training epoch 1 | loss: 0.02815 - accuracy: 0.99144
Validating epoch 1 | loss: 0.31055 - accuracy: 0.93
Training epoch 2 | loss: 0.00849 - accuracy: 0.998
Validating epoch 2 | loss: 0.38455 - accuracy: 0.924
Training epoch 3 | loss: 0.00534 - accuracy: 0.999
Validating epoch 3 | loss: 0.30335 - accuracy: 0.941
Model is Bert, dataset is subj, undersample is False, aug mode is None, geo is None, pct_usage is None, small_label is 1, small_prop is 0.2, balance_seed is 0, lr is 2e-05, max_epochs is 4, split_num is 8
Training epoch 0 | loss: 0.22639 - accuracy: 0.90956
Validating epoch 0 | loss: 0.16076 - accuracy: 0.943
Training epoch 1 | loss: 0.02807 - accuracy: 0.99222
Validating epoch 1 | loss: 0.24043 - accuracy: 0.941
Training epoch 2 | loss: 0.00869 - accuracy: 0.99844
Validating epoch 2 | loss: 0.30643 - accuracy: 0.936
Training epoch 3 | loss: 0.00338 - accuracy: 0.99967
Validating epoch 3 | loss: 0.33063 - accuracy: 0.931
Model is Bert, dataset is subj, undersample is True, aug mode is None, geo is None, pct_usage is None, small_label is 1, small_prop is 0.2, balance_seed is 0, lr is 2e-05, max_epochs is 4, split_num is 8
Training epoch 0 | loss: 0.20382 - accuracy: 0.91878
Validating epoch 0 | loss: 0.25422 - accuracy: 0.922
Training epoch 1 | loss: 0.01165 - accuracy: 0.99767
Validating epoch 1 | loss: 0.25981 - accuracy: 0.937
Training epoch 2 | loss: 0.00148 - accuracy: 1.0
Validating epoch 2 | loss: 0.28382 - accuracy: 0.938
Training epoch 3 | loss: 0.00097 - accuracy: 1.0
Validating epoch 3 | loss: 0.29129 - accuracy: 0.937
Model is Bert, dataset is subj, undersample is None, aug mode is synonym, geo is 0.1, pct_usage is None, small_label is 0, small_prop is 0.4, balance_seed is 0, lr is 2e-05, max_epochs is 4, split_num is 8
Training epoch 0 | loss: 0.20566 - accuracy: 0.91856
Validating epoch 0 | loss: 0.38044 - accuracy: 0.861
Training epoch 1 | loss: 0.04567 - accuracy: 0.986
Validating epoch 1 | loss: 0.22227 - accuracy: 0.917
Training epoch 2 | loss: 0.01984 - accuracy: 0.99467
Validating epoch 2 | loss: 0.29012 - accuracy: 0.91
Training epoch 3 | loss: 0.00981 - accuracy: 0.997
Validating epoch 3 | loss: 0.29511 - accuracy: 0.91
Model is Bert, dataset is subj, undersample is None, aug mode is synonym, geo is 0.3, pct_usage is None, small_label is 0, small_prop is 0.4, balance_seed is 0, lr is 2e-05, max_epochs is 4, split_num is 8
Training epoch 0 | loss: 0.24606 - accuracy: 0.89467
Validating epoch 0 | loss: 0.27774 - accuracy: 0.911
Training epoch 1 | loss: 0.05553 - accuracy: 0.98378
Validating epoch 1 | loss: 0.19722 - accuracy: 0.933
Training epoch 2 | loss: 0.0225 - accuracy: 0.99356
Validating epoch 2 | loss: 0.28223 - accuracy: 0.92
Training epoch 3 | loss: 0.01166 - accuracy: 0.99711
Validating epoch 3 | loss: 0.23235 - accuracy: 0.939
Model is Bert, dataset is subj, undersample is None, aug mode is synonym, geo is 0.5, pct_usage is None, small_label is 0, small_prop is 0.4, balance_seed is 0, lr is 2e-05, max_epochs is 4, split_num is 8
Training epoch 0 | loss: 0.2448 - accuracy: 0.90167
Validating epoch 0 | loss: 0.20281 - accuracy: 0.926
Training epoch 1 | loss: 0.052 - accuracy: 0.984
Validating epoch 1 | loss: 0.29603 - accuracy: 0.923
Training epoch 2 | loss: 0.01921 - accuracy: 0.99489
Validating epoch 2 | loss: 0.24017 - accuracy: 0.938
Training epoch 3 | loss: 0.00761 - accuracy: 0.99844
Validating epoch 3 | loss: 0.27338 - accuracy: 0.938
Model is Bert, dataset is subj, undersample is None, aug mode is synonym, geo is 0.7, pct_usage is None, small_label is 0, small_prop is 0.4, balance_seed is 0, lr is 2e-05, max_epochs is 4, split_num is 8
Training epoch 0 | loss: 0.23837 - accuracy: 0.90478
Validating epoch 0 | loss: 0.16923 - accuracy: 0.938
Training epoch 1 | loss: 0.05469 - accuracy: 0.98356
Validating epoch 1 | loss: 0.1909 - accuracy: 0.94
Training epoch 2 | loss: 0.02215 - accuracy: 0.99389
Validating epoch 2 | loss: 0.25292 - accuracy: 0.933
Training epoch 3 | loss: 0.0073 - accuracy: 0.99867
Validating epoch 3 | loss: 0.28412 - accuracy: 0.928
Model is Bert, dataset is subj, undersample is None, aug mode is synonym, geo is 0.9, pct_usage is None, small_label is 0, small_prop is 0.4, balance_seed is 0, lr is 2e-05, max_epochs is 4, split_num is 8
Training epoch 0 | loss: 0.25057 - accuracy: 0.88744
Validating epoch 0 | loss: 0.22815 - accuracy: 0.923
Training epoch 1 | loss: 0.05395 - accuracy: 0.98444
Validating epoch 1 | loss: 0.23002 - accuracy: 0.928
Training epoch 2 | loss: 0.0164 - accuracy: 0.99656
Validating epoch 2 | loss: 0.26532 - accuracy: 0.929
Training epoch 3 | loss: 0.00789 - accuracy: 0.99844
Validating epoch 3 | loss: 0.26243 - accuracy: 0.936
Model is Bert, dataset is subj, undersample is False, aug mode is None, geo is None, pct_usage is None, small_label is 0, small_prop is 0.4, balance_seed is 0, lr is 2e-05, max_epochs is 4, split_num is 8
Training epoch 0 | loss: 0.23756 - accuracy: 0.89678
Validating epoch 0 | loss: 0.16016 - accuracy: 0.94
Training epoch 1 | loss: 0.0554 - accuracy: 0.985
Validating epoch 1 | loss: 0.22325 - accuracy: 0.934
Training epoch 2 | loss: 0.01947 - accuracy: 0.99544
Validating epoch 2 | loss: 0.27284 - accuracy: 0.933
Training epoch 3 | loss: 0.0088 - accuracy: 0.998
Validating epoch 3 | loss: 0.2702 - accuracy: 0.938
Model is Bert, dataset is subj, undersample is True, aug mode is None, geo is None, pct_usage is None, small_label is 0, small_prop is 0.4, balance_seed is 0, lr is 2e-05, max_epochs is 4, split_num is 8
Training epoch 0 | loss: 0.21746 - accuracy: 0.92089
Validating epoch 0 | loss: 0.17416 - accuracy: 0.942
Training epoch 1 | loss: 0.02067 - accuracy: 0.99522
Validating epoch 1 | loss: 0.20218 - accuracy: 0.949
Training epoch 2 | loss: 0.00311 - accuracy: 0.99956
Validating epoch 2 | loss: 0.2299 - accuracy: 0.946
Training epoch 3 | loss: 0.00114 - accuracy: 1.0
Validating epoch 3 | loss: 0.23977 - accuracy: 0.949
Model is Bert, dataset is subj, undersample is None, aug mode is synonym, geo is 0.1, pct_usage is None, small_label is 1, small_prop is 0.4, balance_seed is 0, lr is 2e-05, max_epochs is 4, split_num is 8
Training epoch 0 | loss: 0.22032 - accuracy: 0.91611
Validating epoch 0 | loss: 0.24428 - accuracy: 0.927
Training epoch 1 | loss: 0.04837 - accuracy: 0.98556
Validating epoch 1 | loss: 0.1963 - accuracy: 0.934
Training epoch 2 | loss: 0.02255 - accuracy: 0.99322
Validating epoch 2 | loss: 0.21859 - accuracy: 0.946
Training epoch 3 | loss: 0.01056 - accuracy: 0.99744
Validating epoch 3 | loss: 0.23193 - accuracy: 0.943
Model is Bert, dataset is subj, undersample is None, aug mode is synonym, geo is 0.3, pct_usage is None, small_label is 1, small_prop is 0.4, balance_seed is 0, lr is 2e-05, max_epochs is 4, split_num is 8
Training epoch 0 | loss: 0.23311 - accuracy: 0.90022
Validating epoch 0 | loss: 0.16942 - accuracy: 0.939
Training epoch 1 | loss: 0.04898 - accuracy: 0.98467
Validating epoch 1 | loss: 0.28806 - accuracy: 0.921
Training epoch 2 | loss: 0.01682 - accuracy: 0.99544
Validating epoch 2 | loss: 0.22136 - accuracy: 0.945
Training epoch 3 | loss: 0.00649 - accuracy: 0.99867
Validating epoch 3 | loss: 0.22012 - accuracy: 0.948
Model is Bert, dataset is subj, undersample is None, aug mode is synonym, geo is 0.5, pct_usage is None, small_label is 1, small_prop is 0.4, balance_seed is 0, lr is 2e-05, max_epochs is 4, split_num is 8
Training epoch 0 | loss: 0.25694 - accuracy: 0.87589
Validating epoch 0 | loss: 0.16134 - accuracy: 0.943
Training epoch 1 | loss: 0.04374 - accuracy: 0.98733
Validating epoch 1 | loss: 0.17824 - accuracy: 0.954
Training epoch 2 | loss: 0.0098 - accuracy: 0.99733
Validating epoch 2 | loss: 0.18814 - accuracy: 0.954
Training epoch 3 | loss: 0.00604 - accuracy: 0.99778
Validating epoch 3 | loss: 0.22399 - accuracy: 0.95
Model is Bert, dataset is subj, undersample is None, aug mode is synonym, geo is 0.7, pct_usage is None, small_label is 1, small_prop is 0.4, balance_seed is 0, lr is 2e-05, max_epochs is 4, split_num is 8
Training epoch 0 | loss: 0.24022 - accuracy: 0.902
Validating epoch 0 | loss: 0.17274 - accuracy: 0.934
Training epoch 1 | loss: 0.04245 - accuracy: 0.98733
Validating epoch 1 | loss: 0.17671 - accuracy: 0.948
Training epoch 2 | loss: 0.01246 - accuracy: 0.99656
Validating epoch 2 | loss: 0.20041 - accuracy: 0.95
Training epoch 3 | loss: 0.00567 - accuracy: 0.99867
Validating epoch 3 | loss: 0.2106 - accuracy: 0.954
Model is Bert, dataset is subj, undersample is None, aug mode is synonym, geo is 0.9, pct_usage is None, small_label is 1, small_prop is 0.4, balance_seed is 0, lr is 2e-05, max_epochs is 4, split_num is 8
Training epoch 0 | loss: 0.25088 - accuracy: 0.89844
Validating epoch 0 | loss: 0.19548 - accuracy: 0.93
Training epoch 1 | loss: 0.0517 - accuracy: 0.98489
Validating epoch 1 | loss: 0.20076 - accuracy: 0.95
Training epoch 2 | loss: 0.0123 - accuracy: 0.99722
Validating epoch 2 | loss: 0.24655 - accuracy: 0.948
Training epoch 3 | loss: 0.00561 - accuracy: 0.99878
Validating epoch 3 | loss: 0.25598 - accuracy: 0.947
Model is Bert, dataset is subj, undersample is False, aug mode is None, geo is None, pct_usage is None, small_label is 1, small_prop is 0.4, balance_seed is 0, lr is 2e-05, max_epochs is 4, split_num is 8
Training epoch 0 | loss: 0.24015 - accuracy: 0.89989
Validating epoch 0 | loss: 0.14058 - accuracy: 0.953
Training epoch 1 | loss: 0.03783 - accuracy: 0.98922
Validating epoch 1 | loss: 0.20745 - accuracy: 0.948
Training epoch 2 | loss: 0.01024 - accuracy: 0.997
Validating epoch 2 | loss: 0.2084 - accuracy: 0.95
Training epoch 3 | loss: 0.00249 - accuracy: 0.99933
Validating epoch 3 | loss: 0.22699 - accuracy: 0.951
Model is Bert, dataset is subj, undersample is True, aug mode is None, geo is None, pct_usage is None, small_label is 1, small_prop is 0.4, balance_seed is 0, lr is 2e-05, max_epochs is 4, split_num is 8
Training epoch 0 | loss: 0.2398 - accuracy: 0.90378
Validating epoch 0 | loss: 0.18474 - accuracy: 0.942
Training epoch 1 | loss: 0.02879 - accuracy: 0.99233
Validating epoch 1 | loss: 0.20313 - accuracy: 0.94
Training epoch 2 | loss: 0.00618 - accuracy: 0.99878
Validating epoch 2 | loss: 0.26547 - accuracy: 0.933
Training epoch 3 | loss: 0.00234 - accuracy: 0.99989
Validating epoch 3 | loss: 0.24343 - accuracy: 0.941
Model is Bert, dataset is subj, undersample is None, aug mode is synonym, geo is 0.1, pct_usage is None, small_label is 0, small_prop is 0.6, balance_seed is 0, lr is 2e-05, max_epochs is 4, split_num is 8
Training epoch 0 | loss: 0.22524 - accuracy: 0.90522
Validating epoch 0 | loss: 0.24268 - accuracy: 0.919
Training epoch 1 | loss: 0.06173 - accuracy: 0.97922
Validating epoch 1 | loss: 0.50477 - accuracy: 0.841
Training epoch 2 | loss: 0.02945 - accuracy: 0.99133
Validating epoch 2 | loss: 0.37129 - accuracy: 0.896
Training epoch 3 | loss: 0.01514 - accuracy: 0.99578
Validating epoch 3 | loss: 0.28841 - accuracy: 0.913
Model is Bert, dataset is subj, undersample is None, aug mode is synonym, geo is 0.3, pct_usage is None, small_label is 0, small_prop is 0.6, balance_seed is 0, lr is 2e-05, max_epochs is 4, split_num is 8
Training epoch 0 | loss: 0.23668 - accuracy: 0.90722
Validating epoch 0 | loss: 0.15674 - accuracy: 0.946
Training epoch 1 | loss: 0.05439 - accuracy: 0.98267
Validating epoch 1 | loss: 0.26802 - accuracy: 0.917
Training epoch 2 | loss: 0.02081 - accuracy: 0.99467
Validating epoch 2 | loss: 0.25025 - accuracy: 0.931
Training epoch 3 | loss: 0.01095 - accuracy: 0.99767
Validating epoch 3 | loss: 0.21606 - accuracy: 0.944
Model is Bert, dataset is subj, undersample is None, aug mode is synonym, geo is 0.5, pct_usage is None, small_label is 0, small_prop is 0.6, balance_seed is 0, lr is 2e-05, max_epochs is 4, split_num is 8
Training epoch 0 | loss: 0.25698 - accuracy: 0.90033
Validating epoch 0 | loss: 0.15739 - accuracy: 0.945
Training epoch 1 | loss: 0.06673 - accuracy: 0.97967
Validating epoch 1 | loss: 0.1898 - accuracy: 0.939
Training epoch 2 | loss: 0.0298 - accuracy: 0.99144
Validating epoch 2 | loss: 0.19751 - accuracy: 0.948
Training epoch 3 | loss: 0.01495 - accuracy: 0.99633
Validating epoch 3 | loss: 0.21081 - accuracy: 0.944
Model is Bert, dataset is subj, undersample is None, aug mode is synonym, geo is 0.7, pct_usage is None, small_label is 0, small_prop is 0.6, balance_seed is 0, lr is 2e-05, max_epochs is 4, split_num is 8
Training epoch 0 | loss: 0.26096 - accuracy: 0.88933
Validating epoch 0 | loss: 0.15819 - accuracy: 0.941
Training epoch 1 | loss: 0.06348 - accuracy: 0.98133
Validating epoch 1 | loss: 0.24646 - accuracy: 0.92
Training epoch 2 | loss: 0.02669 - accuracy: 0.99256
Validating epoch 2 | loss: 0.17665 - accuracy: 0.95
Training epoch 3 | loss: 0.01179 - accuracy: 0.99733
Validating epoch 3 | loss: 0.21624 - accuracy: 0.945
Model is Bert, dataset is subj, undersample is None, aug mode is synonym, geo is 0.9, pct_usage is None, small_label is 0, small_prop is 0.6, balance_seed is 0, lr is 2e-05, max_epochs is 4, split_num is 8
Training epoch 0 | loss: 0.24928 - accuracy: 0.89567
Validating epoch 0 | loss: 0.17946 - accuracy: 0.936
Training epoch 1 | loss: 0.06342 - accuracy: 0.97989
Validating epoch 1 | loss: 0.15864 - accuracy: 0.95
Training epoch 2 | loss: 0.02487 - accuracy: 0.992
Validating epoch 2 | loss: 0.16591 - accuracy: 0.948
Training epoch 3 | loss: 0.01093 - accuracy: 0.99744
Validating epoch 3 | loss: 0.19037 - accuracy: 0.946
Model is Bert, dataset is subj, undersample is False, aug mode is None, geo is None, pct_usage is None, small_label is 0, small_prop is 0.6, balance_seed is 0, lr is 2e-05, max_epochs is 4, split_num is 8
Training epoch 0 | loss: 0.24563 - accuracy: 0.90311
Validating epoch 0 | loss: 0.19551 - accuracy: 0.926
Training epoch 1 | loss: 0.06476 - accuracy: 0.98267
Validating epoch 1 | loss: 0.15493 - accuracy: 0.948
Training epoch 2 | loss: 0.0242 - accuracy: 0.99356
Validating epoch 2 | loss: 0.16258 - accuracy: 0.951
Training epoch 3 | loss: 0.00992 - accuracy: 0.99811
Validating epoch 3 | loss: 0.18536 - accuracy: 0.948
Model is Bert, dataset is subj, undersample is True, aug mode is None, geo is None, pct_usage is None, small_label is 0, small_prop is 0.6, balance_seed is 0, lr is 2e-05, max_epochs is 4, split_num is 8
Training epoch 0 | loss: 0.24071 - accuracy: 0.901
Validating epoch 0 | loss: 0.2008 - accuracy: 0.936
Training epoch 1 | loss: 0.05584 - accuracy: 0.984
Validating epoch 1 | loss: 0.18803 - accuracy: 0.948
Training epoch 2 | loss: 0.01775 - accuracy: 0.99611
Validating epoch 2 | loss: 0.21139 - accuracy: 0.945
Training epoch 3 | loss: 0.00694 - accuracy: 0.99889
Validating epoch 3 | loss: 0.22258 - accuracy: 0.946
Model is Bert, dataset is subj, undersample is None, aug mode is synonym, geo is 0.1, pct_usage is None, small_label is 1, small_prop is 0.6, balance_seed is 0, lr is 2e-05, max_epochs is 4, split_num is 8
Training epoch 0 | loss: 0.22632 - accuracy: 0.90044
Validating epoch 0 | loss: 0.25503 - accuracy: 0.912
Training epoch 1 | loss: 0.05066 - accuracy: 0.98289
Validating epoch 1 | loss: 0.1879 - accuracy: 0.939
Training epoch 2 | loss: 0.02235 - accuracy: 0.99367
Validating epoch 2 | loss: 0.19179 - accuracy: 0.948
Training epoch 3 | loss: 0.01389 - accuracy: 0.996
Validating epoch 3 | loss: 0.20339 - accuracy: 0.944
Model is Bert, dataset is subj, undersample is None, aug mode is synonym, geo is 0.3, pct_usage is None, small_label is 1, small_prop is 0.6, balance_seed is 0, lr is 2e-05, max_epochs is 4, split_num is 8
Training epoch 0 | loss: 0.25349 - accuracy: 0.89267
Validating epoch 0 | loss: 0.15008 - accuracy: 0.946
Training epoch 1 | loss: 0.06084 - accuracy: 0.98056
Validating epoch 1 | loss: 0.15935 - accuracy: 0.944
Training epoch 2 | loss: 0.02375 - accuracy: 0.99267
Validating epoch 2 | loss: 0.18315 - accuracy: 0.952
Training epoch 3 | loss: 0.00858 - accuracy: 0.99756
Validating epoch 3 | loss: 0.20354 - accuracy: 0.95
Model is Bert, dataset is subj, undersample is None, aug mode is synonym, geo is 0.5, pct_usage is None, small_label is 1, small_prop is 0.6, balance_seed is 0, lr is 2e-05, max_epochs is 4, split_num is 8
Training epoch 0 | loss: 0.25815 - accuracy: 0.88467
Validating epoch 0 | loss: 0.15061 - accuracy: 0.95
Training epoch 1 | loss: 0.05789 - accuracy: 0.98156
Validating epoch 1 | loss: 0.15491 - accuracy: 0.955
Training epoch 2 | loss: 0.01732 - accuracy: 0.99556
Validating epoch 2 | loss: 0.16612 - accuracy: 0.958
Training epoch 3 | loss: 0.00729 - accuracy: 0.99811
Validating epoch 3 | loss: 0.17046 - accuracy: 0.962
Model is Bert, dataset is subj, undersample is None, aug mode is synonym, geo is 0.7, pct_usage is None, small_label is 1, small_prop is 0.6, balance_seed is 0, lr is 2e-05, max_epochs is 4, split_num is 8
Training epoch 0 | loss: 0.24408 - accuracy: 0.903
Validating epoch 0 | loss: 0.14457 - accuracy: 0.946
Training epoch 1 | loss: 0.06075 - accuracy: 0.98244
Validating epoch 1 | loss: 0.16237 - accuracy: 0.947
Training epoch 2 | loss: 0.02192 - accuracy: 0.99444
Validating epoch 2 | loss: 0.17936 - accuracy: 0.95
Training epoch 3 | loss: 0.00875 - accuracy: 0.99711
Validating epoch 3 | loss: 0.19054 - accuracy: 0.95
Model is Bert, dataset is subj, undersample is None, aug mode is synonym, geo is 0.9, pct_usage is None, small_label is 1, small_prop is 0.6, balance_seed is 0, lr is 2e-05, max_epochs is 4, split_num is 8
Training epoch 0 | loss: 0.2519 - accuracy: 0.88989
Validating epoch 0 | loss: 0.19065 - accuracy: 0.933
Training epoch 1 | loss: 0.05722 - accuracy: 0.98189
Validating epoch 1 | loss: 0.18496 - accuracy: 0.947
Training epoch 2 | loss: 0.01556 - accuracy: 0.99589
Validating epoch 2 | loss: 0.18529 - accuracy: 0.955
Training epoch 3 | loss: 0.00748 - accuracy: 0.99789
Validating epoch 3 | loss: 0.17937 - accuracy: 0.957
Model is Bert, dataset is subj, undersample is False, aug mode is None, geo is None, pct_usage is None, small_label is 1, small_prop is 0.6, balance_seed is 0, lr is 2e-05, max_epochs is 4, split_num is 8
Training epoch 0 | loss: 0.25151 - accuracy: 0.89111
Validating epoch 0 | loss: 0.19285 - accuracy: 0.94
Training epoch 1 | loss: 0.06471 - accuracy: 0.97933
Validating epoch 1 | loss: 0.15976 - accuracy: 0.947
Training epoch 2 | loss: 0.02106 - accuracy: 0.994
Validating epoch 2 | loss: 0.18007 - accuracy: 0.952
Training epoch 3 | loss: 0.00979 - accuracy: 0.99767
Validating epoch 3 | loss: 0.19126 - accuracy: 0.953
Model is Bert, dataset is subj, undersample is True, aug mode is None, geo is None, pct_usage is None, small_label is 1, small_prop is 0.6, balance_seed is 0, lr is 2e-05, max_epochs is 4, split_num is 8
Training epoch 0 | loss: 0.24644 - accuracy: 0.90189
Validating epoch 0 | loss: 0.17951 - accuracy: 0.933
Training epoch 1 | loss: 0.0442 - accuracy: 0.98744
Validating epoch 1 | loss: 0.19971 - accuracy: 0.945
Training epoch 2 | loss: 0.01225 - accuracy: 0.99722
Validating epoch 2 | loss: 0.20746 - accuracy: 0.948
Training epoch 3 | loss: 0.00503 - accuracy: 0.99911
Validating epoch 3 | loss: 0.22356 - accuracy: 0.948
Model is Bert, dataset is subj, undersample is None, aug mode is synonym, geo is 0.1, pct_usage is None, small_label is 0, small_prop is 0.8, balance_seed is 0, lr is 2e-05, max_epochs is 4, split_num is 8
Training epoch 0 | loss: 0.22912 - accuracy: 0.90678
Validating epoch 0 | loss: 0.23447 - accuracy: 0.903
Training epoch 1 | loss: 0.05566 - accuracy: 0.981
Validating epoch 1 | loss: 0.30162 - accuracy: 0.897
Training epoch 2 | loss: 0.0265 - accuracy: 0.99178
Validating epoch 2 | loss: 0.2748 - accuracy: 0.905
Training epoch 3 | loss: 0.01389 - accuracy: 0.99622
Validating epoch 3 | loss: 0.22839 - accuracy: 0.936
Model is Bert, dataset is subj, undersample is None, aug mode is synonym, geo is 0.3, pct_usage is None, small_label is 0, small_prop is 0.8, balance_seed is 0, lr is 2e-05, max_epochs is 4, split_num is 8
Training epoch 0 | loss: 0.24673 - accuracy: 0.90522
Validating epoch 0 | loss: 0.152 - accuracy: 0.941
Training epoch 1 | loss: 0.06702 - accuracy: 0.97711
Validating epoch 1 | loss: 0.14752 - accuracy: 0.945
Training epoch 2 | loss: 0.02544 - accuracy: 0.992
Validating epoch 2 | loss: 0.20869 - accuracy: 0.937
Training epoch 3 | loss: 0.01124 - accuracy: 0.99733
Validating epoch 3 | loss: 0.17177 - accuracy: 0.956
Model is Bert, dataset is subj, undersample is None, aug mode is synonym, geo is 0.5, pct_usage is None, small_label is 0, small_prop is 0.8, balance_seed is 0, lr is 2e-05, max_epochs is 4, split_num is 8
Training epoch 0 | loss: 0.25599 - accuracy: 0.88556
Validating epoch 0 | loss: 0.15798 - accuracy: 0.945
Training epoch 1 | loss: 0.07491 - accuracy: 0.97644
Validating epoch 1 | loss: 0.14849 - accuracy: 0.95
Training epoch 2 | loss: 0.03167 - accuracy: 0.99167
Validating epoch 2 | loss: 0.15991 - accuracy: 0.952
Training epoch 3 | loss: 0.01334 - accuracy: 0.99689
Validating epoch 3 | loss: 0.17416 - accuracy: 0.953
Model is Bert, dataset is subj, undersample is None, aug mode is synonym, geo is 0.7, pct_usage is None, small_label is 0, small_prop is 0.8, balance_seed is 0, lr is 2e-05, max_epochs is 4, split_num is 8
Training epoch 0 | loss: 0.25624 - accuracy: 0.89556
Validating epoch 0 | loss: 0.1733 - accuracy: 0.935
Training epoch 1 | loss: 0.07062 - accuracy: 0.97678
Validating epoch 1 | loss: 0.15239 - accuracy: 0.942
Training epoch 2 | loss: 0.0253 - accuracy: 0.99389
Validating epoch 2 | loss: 0.20673 - accuracy: 0.942
Training epoch 3 | loss: 0.01101 - accuracy: 0.99789
Validating epoch 3 | loss: 0.18899 - accuracy: 0.947
Model is Bert, dataset is subj, undersample is None, aug mode is synonym, geo is 0.9, pct_usage is None, small_label is 0, small_prop is 0.8, balance_seed is 0, lr is 2e-05, max_epochs is 4, split_num is 8
Training epoch 0 | loss: 0.25784 - accuracy: 0.89122
Validating epoch 0 | loss: 0.16529 - accuracy: 0.942
Training epoch 1 | loss: 0.07334 - accuracy: 0.97756
Validating epoch 1 | loss: 0.15267 - accuracy: 0.95
Training epoch 2 | loss: 0.0256 - accuracy: 0.99244
Validating epoch 2 | loss: 0.174 - accuracy: 0.951
Training epoch 3 | loss: 0.00903 - accuracy: 0.99844
Validating epoch 3 | loss: 0.17828 - accuracy: 0.951
Model is Bert, dataset is subj, undersample is False, aug mode is None, geo is None, pct_usage is None, small_label is 0, small_prop is 0.8, balance_seed is 0, lr is 2e-05, max_epochs is 4, split_num is 8
Training epoch 0 | loss: 0.2544 - accuracy: 0.89878
Validating epoch 0 | loss: 0.20311 - accuracy: 0.922
Training epoch 1 | loss: 0.08125 - accuracy: 0.97422
Validating epoch 1 | loss: 0.16178 - accuracy: 0.948
Training epoch 2 | loss: 0.03156 - accuracy: 0.99233
Validating epoch 2 | loss: 0.16928 - accuracy: 0.948
Training epoch 3 | loss: 0.01619 - accuracy: 0.99678
Validating epoch 3 | loss: 0.16767 - accuracy: 0.953
Model is Bert, dataset is subj, undersample is True, aug mode is None, geo is None, pct_usage is None, small_label is 0, small_prop is 0.8, balance_seed is 0, lr is 2e-05, max_epochs is 4, split_num is 8
Training epoch 0 | loss: 0.26366 - accuracy: 0.88878
Validating epoch 0 | loss: 0.22567 - accuracy: 0.922
Training epoch 1 | loss: 0.06651 - accuracy: 0.98089
Validating epoch 1 | loss: 0.13507 - accuracy: 0.957
Training epoch 2 | loss: 0.02795 - accuracy: 0.99278
Validating epoch 2 | loss: 0.17241 - accuracy: 0.95
Training epoch 3 | loss: 0.01229 - accuracy: 0.99733
Validating epoch 3 | loss: 0.17807 - accuracy: 0.952
Model is Bert, dataset is subj, undersample is None, aug mode is synonym, geo is 0.1, pct_usage is None, small_label is 1, small_prop is 0.8, balance_seed is 0, lr is 2e-05, max_epochs is 4, split_num is 8
Training epoch 0 | loss: 0.22732 - accuracy: 0.89689
Validating epoch 0 | loss: 0.27386 - accuracy: 0.904
Training epoch 1 | loss: 0.05582 - accuracy: 0.98233
Validating epoch 1 | loss: 0.15989 - accuracy: 0.94
Training epoch 2 | loss: 0.02649 - accuracy: 0.99189
Validating epoch 2 | loss: 0.1862 - accuracy: 0.949
Training epoch 3 | loss: 0.01411 - accuracy: 0.99622
Validating epoch 3 | loss: 0.19343 - accuracy: 0.947
Model is Bert, dataset is subj, undersample is None, aug mode is synonym, geo is 0.3, pct_usage is None, small_label is 1, small_prop is 0.8, balance_seed is 0, lr is 2e-05, max_epochs is 4, split_num is 8
Training epoch 0 | loss: 0.25935 - accuracy: 0.88689
Validating epoch 0 | loss: 0.16298 - accuracy: 0.947
Training epoch 1 | loss: 0.07246 - accuracy: 0.97711
Validating epoch 1 | loss: 0.16357 - accuracy: 0.945
Training epoch 2 | loss: 0.03151 - accuracy: 0.99011
Validating epoch 2 | loss: 0.14355 - accuracy: 0.95
Training epoch 3 | loss: 0.01757 - accuracy: 0.99556
Validating epoch 3 | loss: 0.16263 - accuracy: 0.953
Model is Bert, dataset is subj, undersample is None, aug mode is synonym, geo is 0.5, pct_usage is None, small_label is 1, small_prop is 0.8, balance_seed is 0, lr is 2e-05, max_epochs is 4, split_num is 8
Training epoch 0 | loss: 0.26003 - accuracy: 0.88878
Validating epoch 0 | loss: 0.1469 - accuracy: 0.946
Training epoch 1 | loss: 0.07214 - accuracy: 0.97678
Validating epoch 1 | loss: 0.13924 - accuracy: 0.954
Training epoch 2 | loss: 0.02904 - accuracy: 0.99189
Validating epoch 2 | loss: 0.16047 - accuracy: 0.953
Training epoch 3 | loss: 0.01112 - accuracy: 0.99767
Validating epoch 3 | loss: 0.17243 - accuracy: 0.953
Model is Bert, dataset is subj, undersample is None, aug mode is synonym, geo is 0.7, pct_usage is None, small_label is 1, small_prop is 0.8, balance_seed is 0, lr is 2e-05, max_epochs is 4, split_num is 8
Training epoch 0 | loss: 0.24991 - accuracy: 0.90178
Validating epoch 0 | loss: 0.16093 - accuracy: 0.94
Training epoch 1 | loss: 0.07127 - accuracy: 0.97756
Validating epoch 1 | loss: 0.14581 - accuracy: 0.948
Training epoch 2 | loss: 0.02816 - accuracy: 0.99211
Validating epoch 2 | loss: 0.16493 - accuracy: 0.948
Training epoch 3 | loss: 0.01253 - accuracy: 0.99667
Validating epoch 3 | loss: 0.15956 - accuracy: 0.951
Model is Bert, dataset is subj, undersample is None, aug mode is synonym, geo is 0.9, pct_usage is None, small_label is 1, small_prop is 0.8, balance_seed is 0, lr is 2e-05, max_epochs is 4, split_num is 8
Training epoch 0 | loss: 0.26098 - accuracy: 0.88711
Validating epoch 0 | loss: 0.13575 - accuracy: 0.947
Training epoch 1 | loss: 0.06494 - accuracy: 0.98056
Validating epoch 1 | loss: 0.14669 - accuracy: 0.955
Training epoch 2 | loss: 0.02726 - accuracy: 0.992
Validating epoch 2 | loss: 0.15765 - accuracy: 0.953
Training epoch 3 | loss: 0.01069 - accuracy: 0.99767
Validating epoch 3 | loss: 0.17841 - accuracy: 0.954
Model is Bert, dataset is subj, undersample is False, aug mode is None, geo is None, pct_usage is None, small_label is 1, small_prop is 0.8, balance_seed is 0, lr is 2e-05, max_epochs is 4, split_num is 8
Training epoch 0 | loss: 0.25279 - accuracy: 0.898
Validating epoch 0 | loss: 0.18147 - accuracy: 0.939
Training epoch 1 | loss: 0.0736 - accuracy: 0.97778
Validating epoch 1 | loss: 0.14767 - accuracy: 0.947
Training epoch 2 | loss: 0.02893 - accuracy: 0.99156
Validating epoch 2 | loss: 0.18963 - accuracy: 0.944
Training epoch 3 | loss: 0.0133 - accuracy: 0.99711
Validating epoch 3 | loss: 0.17673 - accuracy: 0.949
Model is Bert, dataset is subj, undersample is True, aug mode is None, geo is None, pct_usage is None, small_label is 1, small_prop is 0.8, balance_seed is 0, lr is 2e-05, max_epochs is 4, split_num is 8
Training epoch 0 | loss: 0.24637 - accuracy: 0.904
Validating epoch 0 | loss: 0.152 - accuracy: 0.941
Training epoch 1 | loss: 0.06085 - accuracy: 0.98178
Validating epoch 1 | loss: 0.14383 - accuracy: 0.948
Training epoch 2 | loss: 0.0205 - accuracy: 0.99367
Validating epoch 2 | loss: 0.18091 - accuracy: 0.952
Training epoch 3 | loss: 0.00803 - accuracy: 0.99822
Validating epoch 3 | loss: 0.1921 - accuracy: 0.947
