Model is Bert, dataset is subj, undersample is None, aug mode is synonym, geo is 0.1, pct_usage is None, small_label is 0, small_prop is 0.2, balance_seed is 1, lr is 2e-05, max_epochs is 4, split_num is 5
Training epoch 0 | loss: 0.21245 - accuracy: 0.91578
Validating epoch 0 | loss: 0.22175 - accuracy: 0.924
Training epoch 1 | loss: 0.04441 - accuracy: 0.98522
Validating epoch 1 | loss: 0.29968 - accuracy: 0.911
Training epoch 2 | loss: 0.01475 - accuracy: 0.99533
Validating epoch 2 | loss: 0.33917 - accuracy: 0.905
Training epoch 3 | loss: 0.00535 - accuracy: 0.999
Validating epoch 3 | loss: 0.4837 - accuracy: 0.882
Model is Bert, dataset is subj, undersample is None, aug mode is synonym, geo is 0.3, pct_usage is None, small_label is 0, small_prop is 0.2, balance_seed is 1, lr is 2e-05, max_epochs is 4, split_num is 5
Training epoch 0 | loss: 0.21669 - accuracy: 0.90533
Validating epoch 0 | loss: 0.18788 - accuracy: 0.93
Training epoch 1 | loss: 0.03482 - accuracy: 0.98989
Validating epoch 1 | loss: 0.25882 - accuracy: 0.921
Training epoch 2 | loss: 0.01094 - accuracy: 0.99733
Validating epoch 2 | loss: 0.30362 - accuracy: 0.919
Training epoch 3 | loss: 0.00462 - accuracy: 0.99911
Validating epoch 3 | loss: 0.32754 - accuracy: 0.919
Model is Bert, dataset is subj, undersample is None, aug mode is synonym, geo is 0.5, pct_usage is None, small_label is 0, small_prop is 0.2, balance_seed is 1, lr is 2e-05, max_epochs is 4, split_num is 5
Training epoch 0 | loss: 0.23154 - accuracy: 0.90422
Validating epoch 0 | loss: 0.25382 - accuracy: 0.919
Training epoch 1 | loss: 0.03771 - accuracy: 0.98922
Validating epoch 1 | loss: 0.29014 - accuracy: 0.92
Training epoch 2 | loss: 0.01344 - accuracy: 0.99611
Validating epoch 2 | loss: 0.31595 - accuracy: 0.918
Training epoch 3 | loss: 0.00512 - accuracy: 0.999
Validating epoch 3 | loss: 0.36198 - accuracy: 0.91
Model is Bert, dataset is subj, undersample is None, aug mode is synonym, geo is 0.7, pct_usage is None, small_label is 0, small_prop is 0.2, balance_seed is 1, lr is 2e-05, max_epochs is 4, split_num is 5
Training epoch 0 | loss: 0.23305 - accuracy: 0.909
Validating epoch 0 | loss: 0.16814 - accuracy: 0.944
Training epoch 1 | loss: 0.04156 - accuracy: 0.98911
Validating epoch 1 | loss: 0.26012 - accuracy: 0.928
Training epoch 2 | loss: 0.0134 - accuracy: 0.997
Validating epoch 2 | loss: 0.29044 - accuracy: 0.934
Training epoch 3 | loss: 0.0079 - accuracy: 0.99844
Validating epoch 3 | loss: 0.33474 - accuracy: 0.928
Model is Bert, dataset is subj, undersample is None, aug mode is synonym, geo is 0.9, pct_usage is None, small_label is 0, small_prop is 0.2, balance_seed is 1, lr is 2e-05, max_epochs is 4, split_num is 5
Training epoch 0 | loss: 0.2316 - accuracy: 0.90322
Validating epoch 0 | loss: 0.20877 - accuracy: 0.932
Training epoch 1 | loss: 0.03307 - accuracy: 0.99144
Validating epoch 1 | loss: 0.31091 - accuracy: 0.92
Training epoch 2 | loss: 0.01004 - accuracy: 0.99811
Validating epoch 2 | loss: 0.28498 - accuracy: 0.934
Training epoch 3 | loss: 0.00351 - accuracy: 0.99956
Validating epoch 3 | loss: 0.31441 - accuracy: 0.933
Model is Bert, dataset is subj, undersample is False, aug mode is None, geo is None, pct_usage is None, small_label is 0, small_prop is 0.2, balance_seed is 1, lr is 2e-05, max_epochs is 4, split_num is 5
Training epoch 0 | loss: 0.23051 - accuracy: 0.90444
Validating epoch 0 | loss: 0.20658 - accuracy: 0.936
Training epoch 1 | loss: 0.0386 - accuracy: 0.99011
Validating epoch 1 | loss: 0.27571 - accuracy: 0.923
Training epoch 2 | loss: 0.00955 - accuracy: 0.998
Validating epoch 2 | loss: 0.39305 - accuracy: 0.91
Training epoch 3 | loss: 0.00292 - accuracy: 0.99967
Validating epoch 3 | loss: 0.38109 - accuracy: 0.917
Model is Bert, dataset is subj, undersample is True, aug mode is None, geo is None, pct_usage is None, small_label is 0, small_prop is 0.2, balance_seed is 1, lr is 2e-05, max_epochs is 4, split_num is 5
Training epoch 0 | loss: 0.20129 - accuracy: 0.91067
Validating epoch 0 | loss: 0.18373 - accuracy: 0.954
Training epoch 1 | loss: 0.01208 - accuracy: 0.99711
Validating epoch 1 | loss: 0.25106 - accuracy: 0.95
Training epoch 2 | loss: 0.00331 - accuracy: 0.99911
Validating epoch 2 | loss: 0.24573 - accuracy: 0.95
Training epoch 3 | loss: 0.00076 - accuracy: 1.0
Validating epoch 3 | loss: 0.2531 - accuracy: 0.949
Model is Bert, dataset is subj, undersample is None, aug mode is synonym, geo is 0.1, pct_usage is None, small_label is 1, small_prop is 0.2, balance_seed is 1, lr is 2e-05, max_epochs is 4, split_num is 5
Training epoch 0 | loss: 0.23009 - accuracy: 0.90811
Validating epoch 0 | loss: 0.22205 - accuracy: 0.93
Training epoch 1 | loss: 0.03847 - accuracy: 0.98711
Validating epoch 1 | loss: 0.25951 - accuracy: 0.927
Training epoch 2 | loss: 0.01277 - accuracy: 0.99678
Validating epoch 2 | loss: 0.24319 - accuracy: 0.942
Training epoch 3 | loss: 0.00644 - accuracy: 0.99878
Validating epoch 3 | loss: 0.25116 - accuracy: 0.943
Model is Bert, dataset is subj, undersample is None, aug mode is synonym, geo is 0.3, pct_usage is None, small_label is 1, small_prop is 0.2, balance_seed is 1, lr is 2e-05, max_epochs is 4, split_num is 5
Training epoch 0 | loss: 0.23824 - accuracy: 0.894
Validating epoch 0 | loss: 0.17214 - accuracy: 0.944
Training epoch 1 | loss: 0.03138 - accuracy: 0.98956
Validating epoch 1 | loss: 0.27674 - accuracy: 0.932
Training epoch 2 | loss: 0.00683 - accuracy: 0.99789
Validating epoch 2 | loss: 0.28073 - accuracy: 0.939
Training epoch 3 | loss: 0.00264 - accuracy: 0.99944
Validating epoch 3 | loss: 0.29069 - accuracy: 0.937
Model is Bert, dataset is subj, undersample is None, aug mode is synonym, geo is 0.5, pct_usage is None, small_label is 1, small_prop is 0.2, balance_seed is 1, lr is 2e-05, max_epochs is 4, split_num is 5
Training epoch 0 | loss: 0.24636 - accuracy: 0.89433
Validating epoch 0 | loss: 0.19655 - accuracy: 0.944
Training epoch 1 | loss: 0.04098 - accuracy: 0.98789
Validating epoch 1 | loss: 0.2437 - accuracy: 0.938
Training epoch 2 | loss: 0.01468 - accuracy: 0.99678
Validating epoch 2 | loss: 0.2121 - accuracy: 0.944
Training epoch 3 | loss: 0.00671 - accuracy: 0.99844
Validating epoch 3 | loss: 0.25591 - accuracy: 0.941
Model is Bert, dataset is subj, undersample is None, aug mode is synonym, geo is 0.7, pct_usage is None, small_label is 1, small_prop is 0.2, balance_seed is 1, lr is 2e-05, max_epochs is 4, split_num is 5
Training epoch 0 | loss: 0.23241 - accuracy: 0.90444
Validating epoch 0 | loss: 0.18783 - accuracy: 0.939
Training epoch 1 | loss: 0.03282 - accuracy: 0.99156
Validating epoch 1 | loss: 0.20705 - accuracy: 0.954
Training epoch 2 | loss: 0.00947 - accuracy: 0.99767
Validating epoch 2 | loss: 0.20422 - accuracy: 0.957
Training epoch 3 | loss: 0.00462 - accuracy: 0.999
Validating epoch 3 | loss: 0.31564 - accuracy: 0.938
Model is Bert, dataset is subj, undersample is None, aug mode is synonym, geo is 0.9, pct_usage is None, small_label is 1, small_prop is 0.2, balance_seed is 1, lr is 2e-05, max_epochs is 4, split_num is 5
Training epoch 0 | loss: 0.23117 - accuracy: 0.906
Validating epoch 0 | loss: 0.20343 - accuracy: 0.937
Training epoch 1 | loss: 0.03335 - accuracy: 0.99144
Validating epoch 1 | loss: 0.26733 - accuracy: 0.936
Training epoch 2 | loss: 0.01115 - accuracy: 0.99744
Validating epoch 2 | loss: 0.27203 - accuracy: 0.942
Training epoch 3 | loss: 0.00538 - accuracy: 0.99911
Validating epoch 3 | loss: 0.26013 - accuracy: 0.947
Model is Bert, dataset is subj, undersample is False, aug mode is None, geo is None, pct_usage is None, small_label is 1, small_prop is 0.2, balance_seed is 1, lr is 2e-05, max_epochs is 4, split_num is 5
Training epoch 0 | loss: 0.24402 - accuracy: 0.898
Validating epoch 0 | loss: 0.16701 - accuracy: 0.946
Training epoch 1 | loss: 0.04573 - accuracy: 0.98878
Validating epoch 1 | loss: 0.17813 - accuracy: 0.953
Training epoch 2 | loss: 0.02629 - accuracy: 0.99522
Validating epoch 2 | loss: 0.15859 - accuracy: 0.957
Training epoch 3 | loss: 0.01797 - accuracy: 0.99722
Validating epoch 3 | loss: 0.20512 - accuracy: 0.948
Model is Bert, dataset is subj, undersample is True, aug mode is None, geo is None, pct_usage is None, small_label is 1, small_prop is 0.2, balance_seed is 1, lr is 2e-05, max_epochs is 4, split_num is 5
Training epoch 0 | loss: 0.18781 - accuracy: 0.92222
Validating epoch 0 | loss: 0.16463 - accuracy: 0.946
Training epoch 1 | loss: 0.00837 - accuracy: 0.99789
Validating epoch 1 | loss: 0.21987 - accuracy: 0.952
Training epoch 2 | loss: 0.00342 - accuracy: 0.999
Validating epoch 2 | loss: 0.22845 - accuracy: 0.954
Training epoch 3 | loss: 0.00094 - accuracy: 1.0
Validating epoch 3 | loss: 0.23642 - accuracy: 0.953
Model is Bert, dataset is subj, undersample is None, aug mode is synonym, geo is 0.1, pct_usage is None, small_label is 0, small_prop is 0.4, balance_seed is 1, lr is 2e-05, max_epochs is 4, split_num is 5
Training epoch 0 | loss: 0.2245 - accuracy: 0.90111
Validating epoch 0 | loss: 0.25662 - accuracy: 0.906
Training epoch 1 | loss: 0.05323 - accuracy: 0.98411
Validating epoch 1 | loss: 0.18166 - accuracy: 0.935
Training epoch 2 | loss: 0.02284 - accuracy: 0.99278
Validating epoch 2 | loss: 0.32052 - accuracy: 0.906
Training epoch 3 | loss: 0.01235 - accuracy: 0.99667
Validating epoch 3 | loss: 0.26351 - accuracy: 0.929
Model is Bert, dataset is subj, undersample is None, aug mode is synonym, geo is 0.3, pct_usage is None, small_label is 0, small_prop is 0.4, balance_seed is 1, lr is 2e-05, max_epochs is 4, split_num is 5
Training epoch 0 | loss: 0.23276 - accuracy: 0.89833
Validating epoch 0 | loss: 0.20136 - accuracy: 0.932
Training epoch 1 | loss: 0.0477 - accuracy: 0.98589
Validating epoch 1 | loss: 0.2395 - accuracy: 0.931
Training epoch 2 | loss: 0.01688 - accuracy: 0.99511
Validating epoch 2 | loss: 0.23556 - accuracy: 0.943
Training epoch 3 | loss: 0.00696 - accuracy: 0.99833
Validating epoch 3 | loss: 0.28094 - accuracy: 0.934
Model is Bert, dataset is subj, undersample is None, aug mode is synonym, geo is 0.5, pct_usage is None, small_label is 0, small_prop is 0.4, balance_seed is 1, lr is 2e-05, max_epochs is 4, split_num is 5
Training epoch 0 | loss: 0.2351 - accuracy: 0.90844
Validating epoch 0 | loss: 0.14606 - accuracy: 0.95
Training epoch 1 | loss: 0.05498 - accuracy: 0.983
Validating epoch 1 | loss: 0.16529 - accuracy: 0.949
Training epoch 2 | loss: 0.01781 - accuracy: 0.99522
Validating epoch 2 | loss: 0.2041 - accuracy: 0.942
Training epoch 3 | loss: 0.00599 - accuracy: 0.99844
Validating epoch 3 | loss: 0.23739 - accuracy: 0.934
Model is Bert, dataset is subj, undersample is None, aug mode is synonym, geo is 0.7, pct_usage is None, small_label is 0, small_prop is 0.4, balance_seed is 1, lr is 2e-05, max_epochs is 4, split_num is 5
Training epoch 0 | loss: 0.258 - accuracy: 0.89167
Validating epoch 0 | loss: 0.15527 - accuracy: 0.954
Training epoch 1 | loss: 0.0552 - accuracy: 0.98411
Validating epoch 1 | loss: 0.1372 - accuracy: 0.963
Training epoch 2 | loss: 0.01905 - accuracy: 0.99444
Validating epoch 2 | loss: 0.20948 - accuracy: 0.942
Training epoch 3 | loss: 0.00939 - accuracy: 0.99778
Validating epoch 3 | loss: 0.19432 - accuracy: 0.952
Model is Bert, dataset is subj, undersample is None, aug mode is synonym, geo is 0.9, pct_usage is None, small_label is 0, small_prop is 0.4, balance_seed is 1, lr is 2e-05, max_epochs is 4, split_num is 5
Training epoch 0 | loss: 0.25565 - accuracy: 0.89467
Validating epoch 0 | loss: 0.15696 - accuracy: 0.956
Training epoch 1 | loss: 0.04163 - accuracy: 0.98789
Validating epoch 1 | loss: 0.27462 - accuracy: 0.928
Training epoch 2 | loss: 0.01574 - accuracy: 0.99567
Validating epoch 2 | loss: 0.2625 - accuracy: 0.943
Training epoch 3 | loss: 0.00612 - accuracy: 0.99867
Validating epoch 3 | loss: 0.22877 - accuracy: 0.95
Model is Bert, dataset is subj, undersample is False, aug mode is None, geo is None, pct_usage is None, small_label is 0, small_prop is 0.4, balance_seed is 1, lr is 2e-05, max_epochs is 4, split_num is 5
Training epoch 0 | loss: 0.24538 - accuracy: 0.89333
Validating epoch 0 | loss: 0.13185 - accuracy: 0.961
Training epoch 1 | loss: 0.04992 - accuracy: 0.98467
Validating epoch 1 | loss: 0.25398 - accuracy: 0.928
Training epoch 2 | loss: 0.0183 - accuracy: 0.99567
Validating epoch 2 | loss: 0.15128 - accuracy: 0.963
Training epoch 3 | loss: 0.00833 - accuracy: 0.99856
Validating epoch 3 | loss: 0.18313 - accuracy: 0.956
Model is Bert, dataset is subj, undersample is True, aug mode is None, geo is None, pct_usage is None, small_label is 0, small_prop is 0.4, balance_seed is 1, lr is 2e-05, max_epochs is 4, split_num is 5
Training epoch 0 | loss: 0.2348 - accuracy: 0.90533
Validating epoch 0 | loss: 0.14799 - accuracy: 0.949
Training epoch 1 | loss: 0.03467 - accuracy: 0.99133
Validating epoch 1 | loss: 0.1573 - accuracy: 0.956
Training epoch 2 | loss: 0.01021 - accuracy: 0.99767
Validating epoch 2 | loss: 0.16987 - accuracy: 0.962
Training epoch 3 | loss: 0.00373 - accuracy: 0.99911
Validating epoch 3 | loss: 0.17806 - accuracy: 0.958
Model is Bert, dataset is subj, undersample is None, aug mode is synonym, geo is 0.1, pct_usage is None, small_label is 1, small_prop is 0.4, balance_seed is 1, lr is 2e-05, max_epochs is 4, split_num is 5
Training epoch 0 | loss: 0.24226 - accuracy: 0.89522
Validating epoch 0 | loss: 0.23193 - accuracy: 0.921
Training epoch 1 | loss: 0.05023 - accuracy: 0.98389
Validating epoch 1 | loss: 0.19142 - accuracy: 0.94
Training epoch 2 | loss: 0.02309 - accuracy: 0.99333
Validating epoch 2 | loss: 0.27093 - accuracy: 0.92
Training epoch 3 | loss: 0.01645 - accuracy: 0.99567
Validating epoch 3 | loss: 0.21245 - accuracy: 0.948
Model is Bert, dataset is subj, undersample is None, aug mode is synonym, geo is 0.3, pct_usage is None, small_label is 1, small_prop is 0.4, balance_seed is 1, lr is 2e-05, max_epochs is 4, split_num is 5
Training epoch 0 | loss: 0.25361 - accuracy: 0.89222
Validating epoch 0 | loss: 0.13573 - accuracy: 0.957
Training epoch 1 | loss: 0.05645 - accuracy: 0.98189
Validating epoch 1 | loss: 0.15534 - accuracy: 0.952
Training epoch 2 | loss: 0.01414 - accuracy: 0.99622
Validating epoch 2 | loss: 0.21207 - accuracy: 0.948
Training epoch 3 | loss: 0.00768 - accuracy: 0.99756
Validating epoch 3 | loss: 0.22134 - accuracy: 0.949
Model is Bert, dataset is subj, undersample is None, aug mode is synonym, geo is 0.5, pct_usage is None, small_label is 1, small_prop is 0.4, balance_seed is 1, lr is 2e-05, max_epochs is 4, split_num is 5
Training epoch 0 | loss: 0.25089 - accuracy: 0.89444
Validating epoch 0 | loss: 0.13101 - accuracy: 0.958
Training epoch 1 | loss: 0.05262 - accuracy: 0.98444
Validating epoch 1 | loss: 0.15252 - accuracy: 0.953
Training epoch 2 | loss: 0.01539 - accuracy: 0.99556
Validating epoch 2 | loss: 0.22986 - accuracy: 0.947
Training epoch 3 | loss: 0.00562 - accuracy: 0.99844
Validating epoch 3 | loss: 0.20324 - accuracy: 0.955
Model is Bert, dataset is subj, undersample is None, aug mode is synonym, geo is 0.7, pct_usage is None, small_label is 1, small_prop is 0.4, balance_seed is 1, lr is 2e-05, max_epochs is 4, split_num is 5
Training epoch 0 | loss: 0.24375 - accuracy: 0.89989
Validating epoch 0 | loss: 0.14522 - accuracy: 0.947
Training epoch 1 | loss: 0.04766 - accuracy: 0.98656
Validating epoch 1 | loss: 0.17963 - accuracy: 0.953
Training epoch 2 | loss: 0.01549 - accuracy: 0.99533
Validating epoch 2 | loss: 0.20482 - accuracy: 0.946
Training epoch 3 | loss: 0.00588 - accuracy: 0.99856
Validating epoch 3 | loss: 0.19292 - accuracy: 0.954
Model is Bert, dataset is subj, undersample is None, aug mode is synonym, geo is 0.9, pct_usage is None, small_label is 1, small_prop is 0.4, balance_seed is 1, lr is 2e-05, max_epochs is 4, split_num is 5
Training epoch 0 | loss: 0.23977 - accuracy: 0.90256
Validating epoch 0 | loss: 0.15029 - accuracy: 0.949
Training epoch 1 | loss: 0.03798 - accuracy: 0.98833
Validating epoch 1 | loss: 0.20298 - accuracy: 0.948
Training epoch 2 | loss: 0.0071 - accuracy: 0.99833
Validating epoch 2 | loss: 0.22197 - accuracy: 0.954
Training epoch 3 | loss: 0.00245 - accuracy: 0.99944
Validating epoch 3 | loss: 0.2374 - accuracy: 0.958
Model is Bert, dataset is subj, undersample is False, aug mode is None, geo is None, pct_usage is None, small_label is 1, small_prop is 0.4, balance_seed is 1, lr is 2e-05, max_epochs is 4, split_num is 5
Training epoch 0 | loss: 0.24461 - accuracy: 0.90156
Validating epoch 0 | loss: 0.15804 - accuracy: 0.952
Training epoch 1 | loss: 0.04208 - accuracy: 0.98811
Validating epoch 1 | loss: 0.18897 - accuracy: 0.952
Training epoch 2 | loss: 0.00977 - accuracy: 0.99733
Validating epoch 2 | loss: 0.23895 - accuracy: 0.951
Training epoch 3 | loss: 0.00388 - accuracy: 0.99922
Validating epoch 3 | loss: 0.19488 - accuracy: 0.961
Model is Bert, dataset is subj, undersample is True, aug mode is None, geo is None, pct_usage is None, small_label is 1, small_prop is 0.4, balance_seed is 1, lr is 2e-05, max_epochs is 4, split_num is 5
Training epoch 0 | loss: 0.23108 - accuracy: 0.90344
Validating epoch 0 | loss: 0.18727 - accuracy: 0.944
Training epoch 1 | loss: 0.03238 - accuracy: 0.99067
Validating epoch 1 | loss: 0.19004 - accuracy: 0.947
Training epoch 2 | loss: 0.00906 - accuracy: 0.99744
Validating epoch 2 | loss: 0.22943 - accuracy: 0.953
Training epoch 3 | loss: 0.00283 - accuracy: 0.99967
Validating epoch 3 | loss: 0.22595 - accuracy: 0.954
Model is Bert, dataset is subj, undersample is None, aug mode is synonym, geo is 0.1, pct_usage is None, small_label is 0, small_prop is 0.6, balance_seed is 1, lr is 2e-05, max_epochs is 4, split_num is 5
Training epoch 0 | loss: 0.22438 - accuracy: 0.90722
Validating epoch 0 | loss: 0.2665 - accuracy: 0.91
Training epoch 1 | loss: 0.05118 - accuracy: 0.98289
Validating epoch 1 | loss: 0.24204 - accuracy: 0.925
Training epoch 2 | loss: 0.02656 - accuracy: 0.99144
Validating epoch 2 | loss: 0.27299 - accuracy: 0.924
Training epoch 3 | loss: 0.01198 - accuracy: 0.997
Validating epoch 3 | loss: 0.23442 - accuracy: 0.937
Model is Bert, dataset is subj, undersample is None, aug mode is synonym, geo is 0.3, pct_usage is None, small_label is 0, small_prop is 0.6, balance_seed is 1, lr is 2e-05, max_epochs is 4, split_num is 5
Training epoch 0 | loss: 0.24754 - accuracy: 0.89133
Validating epoch 0 | loss: 0.14771 - accuracy: 0.946
Training epoch 1 | loss: 0.06807 - accuracy: 0.97967
Validating epoch 1 | loss: 0.23598 - accuracy: 0.924
Training epoch 2 | loss: 0.02955 - accuracy: 0.992
Validating epoch 2 | loss: 0.17682 - accuracy: 0.946
Training epoch 3 | loss: 0.01362 - accuracy: 0.99678
Validating epoch 3 | loss: 0.20397 - accuracy: 0.945
Model is Bert, dataset is subj, undersample is None, aug mode is synonym, geo is 0.5, pct_usage is None, small_label is 0, small_prop is 0.6, balance_seed is 1, lr is 2e-05, max_epochs is 4, split_num is 5
Training epoch 0 | loss: 0.24432 - accuracy: 0.90178
Validating epoch 0 | loss: 0.17716 - accuracy: 0.942
Training epoch 1 | loss: 0.05237 - accuracy: 0.98333
Validating epoch 1 | loss: 0.17371 - accuracy: 0.943
Training epoch 2 | loss: 0.01954 - accuracy: 0.99333
Validating epoch 2 | loss: 0.18454 - accuracy: 0.946
Training epoch 3 | loss: 0.00517 - accuracy: 0.999
Validating epoch 3 | loss: 0.20456 - accuracy: 0.951
Model is Bert, dataset is subj, undersample is None, aug mode is synonym, geo is 0.7, pct_usage is None, small_label is 0, small_prop is 0.6, balance_seed is 1, lr is 2e-05, max_epochs is 4, split_num is 5
Training epoch 0 | loss: 0.25041 - accuracy: 0.89811
Validating epoch 0 | loss: 0.12078 - accuracy: 0.958
Training epoch 1 | loss: 0.06772 - accuracy: 0.97944
Validating epoch 1 | loss: 0.10921 - accuracy: 0.963
Training epoch 2 | loss: 0.02426 - accuracy: 0.99478
Validating epoch 2 | loss: 0.16243 - accuracy: 0.955
Training epoch 3 | loss: 0.01225 - accuracy: 0.99711
Validating epoch 3 | loss: 0.17658 - accuracy: 0.95
Model is Bert, dataset is subj, undersample is None, aug mode is synonym, geo is 0.9, pct_usage is None, small_label is 0, small_prop is 0.6, balance_seed is 1, lr is 2e-05, max_epochs is 4, split_num is 5
Training epoch 0 | loss: 0.24567 - accuracy: 0.90344
Validating epoch 0 | loss: 0.13438 - accuracy: 0.954
Training epoch 1 | loss: 0.07787 - accuracy: 0.976
Validating epoch 1 | loss: 0.1945 - accuracy: 0.937
Training epoch 2 | loss: 0.03699 - accuracy: 0.99033
Validating epoch 2 | loss: 0.13698 - accuracy: 0.96
Training epoch 3 | loss: 0.01658 - accuracy: 0.996
Validating epoch 3 | loss: 0.16827 - accuracy: 0.957
Model is Bert, dataset is subj, undersample is False, aug mode is None, geo is None, pct_usage is None, small_label is 0, small_prop is 0.6, balance_seed is 1, lr is 2e-05, max_epochs is 4, split_num is 5
Training epoch 0 | loss: 0.26152 - accuracy: 0.88956
Validating epoch 0 | loss: 0.14472 - accuracy: 0.947
Training epoch 1 | loss: 0.07099 - accuracy: 0.97967
Validating epoch 1 | loss: 0.14881 - accuracy: 0.952
Training epoch 2 | loss: 0.02778 - accuracy: 0.99289
Validating epoch 2 | loss: 0.23962 - accuracy: 0.934
Training epoch 3 | loss: 0.01021 - accuracy: 0.99767
Validating epoch 3 | loss: 0.21349 - accuracy: 0.945
Model is Bert, dataset is subj, undersample is True, aug mode is None, geo is None, pct_usage is None, small_label is 0, small_prop is 0.6, balance_seed is 1, lr is 2e-05, max_epochs is 4, split_num is 5
Training epoch 0 | loss: 0.24427 - accuracy: 0.90056
Validating epoch 0 | loss: 0.13235 - accuracy: 0.966
Training epoch 1 | loss: 0.04372 - accuracy: 0.98589
Validating epoch 1 | loss: 0.1355 - accuracy: 0.96
Training epoch 2 | loss: 0.00882 - accuracy: 0.99744
Validating epoch 2 | loss: 0.18292 - accuracy: 0.956
Training epoch 3 | loss: 0.00202 - accuracy: 0.99978
Validating epoch 3 | loss: 0.18469 - accuracy: 0.96
Model is Bert, dataset is subj, undersample is None, aug mode is synonym, geo is 0.1, pct_usage is None, small_label is 1, small_prop is 0.6, balance_seed is 1, lr is 2e-05, max_epochs is 4, split_num is 5
Training epoch 0 | loss: 0.22717 - accuracy: 0.90011
Validating epoch 0 | loss: 0.16552 - accuracy: 0.942
Training epoch 1 | loss: 0.05186 - accuracy: 0.98322
Validating epoch 1 | loss: 0.21531 - accuracy: 0.93
Training epoch 2 | loss: 0.02104 - accuracy: 0.99244
Validating epoch 2 | loss: 0.21047 - accuracy: 0.935
Training epoch 3 | loss: 0.01086 - accuracy: 0.99678
Validating epoch 3 | loss: 0.20987 - accuracy: 0.947
Model is Bert, dataset is subj, undersample is None, aug mode is synonym, geo is 0.3, pct_usage is None, small_label is 1, small_prop is 0.6, balance_seed is 1, lr is 2e-05, max_epochs is 4, split_num is 5
Training epoch 0 | loss: 0.25945 - accuracy: 0.89278
Validating epoch 0 | loss: 0.13736 - accuracy: 0.954
Training epoch 1 | loss: 0.07201 - accuracy: 0.97467
Validating epoch 1 | loss: 0.14806 - accuracy: 0.955
Training epoch 2 | loss: 0.02346 - accuracy: 0.993
Validating epoch 2 | loss: 0.15123 - accuracy: 0.959
Training epoch 3 | loss: 0.01023 - accuracy: 0.99733
Validating epoch 3 | loss: 0.17004 - accuracy: 0.958
Model is Bert, dataset is subj, undersample is None, aug mode is synonym, geo is 0.5, pct_usage is None, small_label is 1, small_prop is 0.6, balance_seed is 1, lr is 2e-05, max_epochs is 4, split_num is 5
Training epoch 0 | loss: 0.25611 - accuracy: 0.89344
Validating epoch 0 | loss: 0.15403 - accuracy: 0.944
Training epoch 1 | loss: 0.05265 - accuracy: 0.98289
Validating epoch 1 | loss: 0.14633 - accuracy: 0.956
Training epoch 2 | loss: 0.01862 - accuracy: 0.99478
Validating epoch 2 | loss: 0.1726 - accuracy: 0.958
Training epoch 3 | loss: 0.00889 - accuracy: 0.99733
Validating epoch 3 | loss: 0.18556 - accuracy: 0.959
Model is Bert, dataset is subj, undersample is None, aug mode is synonym, geo is 0.7, pct_usage is None, small_label is 1, small_prop is 0.6, balance_seed is 1, lr is 2e-05, max_epochs is 4, split_num is 5
Training epoch 0 | loss: 0.24976 - accuracy: 0.89778
Validating epoch 0 | loss: 0.11752 - accuracy: 0.961
Training epoch 1 | loss: 0.05754 - accuracy: 0.98289
Validating epoch 1 | loss: 0.12699 - accuracy: 0.963
Training epoch 2 | loss: 0.01846 - accuracy: 0.99433
Validating epoch 2 | loss: 0.16575 - accuracy: 0.96
Training epoch 3 | loss: 0.0054 - accuracy: 0.99878
Validating epoch 3 | loss: 0.16849 - accuracy: 0.961
Model is Bert, dataset is subj, undersample is None, aug mode is synonym, geo is 0.9, pct_usage is None, small_label is 1, small_prop is 0.6, balance_seed is 1, lr is 2e-05, max_epochs is 4, split_num is 5
Training epoch 0 | loss: 0.25158 - accuracy: 0.89267
Validating epoch 0 | loss: 0.14005 - accuracy: 0.956
Training epoch 1 | loss: 0.05142 - accuracy: 0.985
Validating epoch 1 | loss: 0.13411 - accuracy: 0.964
Training epoch 2 | loss: 0.01543 - accuracy: 0.99589
Validating epoch 2 | loss: 0.15974 - accuracy: 0.96
Training epoch 3 | loss: 0.00453 - accuracy: 0.99911
Validating epoch 3 | loss: 0.18675 - accuracy: 0.957
Model is Bert, dataset is subj, undersample is False, aug mode is None, geo is None, pct_usage is None, small_label is 1, small_prop is 0.6, balance_seed is 1, lr is 2e-05, max_epochs is 4, split_num is 5
Training epoch 0 | loss: 0.24509 - accuracy: 0.90256
Validating epoch 0 | loss: 0.18687 - accuracy: 0.933
Training epoch 1 | loss: 0.05224 - accuracy: 0.98378
Validating epoch 1 | loss: 0.1625 - accuracy: 0.954
Training epoch 2 | loss: 0.01674 - accuracy: 0.99567
Validating epoch 2 | loss: 0.17209 - accuracy: 0.962
Training epoch 3 | loss: 0.00606 - accuracy: 0.999
Validating epoch 3 | loss: 0.18152 - accuracy: 0.965
Model is Bert, dataset is subj, undersample is True, aug mode is None, geo is None, pct_usage is None, small_label is 1, small_prop is 0.6, balance_seed is 1, lr is 2e-05, max_epochs is 4, split_num is 5
Training epoch 0 | loss: 0.26198 - accuracy: 0.89644
Validating epoch 0 | loss: 0.13035 - accuracy: 0.955
Training epoch 1 | loss: 0.05203 - accuracy: 0.98411
Validating epoch 1 | loss: 0.14631 - accuracy: 0.954
Training epoch 2 | loss: 0.01119 - accuracy: 0.99789
Validating epoch 2 | loss: 0.17981 - accuracy: 0.957
Training epoch 3 | loss: 0.00508 - accuracy: 0.99889
Validating epoch 3 | loss: 0.19427 - accuracy: 0.952
Model is Bert, dataset is subj, undersample is None, aug mode is synonym, geo is 0.1, pct_usage is None, small_label is 0, small_prop is 0.8, balance_seed is 1, lr is 2e-05, max_epochs is 4, split_num is 5
Training epoch 0 | loss: 0.22296 - accuracy: 0.91167
Validating epoch 0 | loss: 0.27744 - accuracy: 0.909
Training epoch 1 | loss: 0.05985 - accuracy: 0.98
Validating epoch 1 | loss: 0.20519 - accuracy: 0.933
Training epoch 2 | loss: 0.02954 - accuracy: 0.98989
Validating epoch 2 | loss: 0.1934 - accuracy: 0.941
Training epoch 3 | loss: 0.01435 - accuracy: 0.996
Validating epoch 3 | loss: 0.22868 - accuracy: 0.933
Model is Bert, dataset is subj, undersample is None, aug mode is synonym, geo is 0.3, pct_usage is None, small_label is 0, small_prop is 0.8, balance_seed is 1, lr is 2e-05, max_epochs is 4, split_num is 5
Training epoch 0 | loss: 0.24223 - accuracy: 0.906
Validating epoch 0 | loss: 0.16804 - accuracy: 0.944
Training epoch 1 | loss: 0.06711 - accuracy: 0.97944
Validating epoch 1 | loss: 0.13661 - accuracy: 0.957
Training epoch 2 | loss: 0.02803 - accuracy: 0.99256
Validating epoch 2 | loss: 0.14057 - accuracy: 0.963
Training epoch 3 | loss: 0.01086 - accuracy: 0.99733
Validating epoch 3 | loss: 0.15189 - accuracy: 0.961
Model is Bert, dataset is subj, undersample is None, aug mode is synonym, geo is 0.5, pct_usage is None, small_label is 0, small_prop is 0.8, balance_seed is 1, lr is 2e-05, max_epochs is 4, split_num is 5
Training epoch 0 | loss: 0.26578 - accuracy: 0.889
Validating epoch 0 | loss: 0.14592 - accuracy: 0.951
Training epoch 1 | loss: 0.07835 - accuracy: 0.97444
Validating epoch 1 | loss: 0.1581 - accuracy: 0.946
Training epoch 2 | loss: 0.03426 - accuracy: 0.98944
Validating epoch 2 | loss: 0.11928 - accuracy: 0.964
Training epoch 3 | loss: 0.01958 - accuracy: 0.99511
Validating epoch 3 | loss: 0.14464 - accuracy: 0.96
Model is Bert, dataset is subj, undersample is None, aug mode is synonym, geo is 0.7, pct_usage is None, small_label is 0, small_prop is 0.8, balance_seed is 1, lr is 2e-05, max_epochs is 4, split_num is 5
Training epoch 0 | loss: 0.26014 - accuracy: 0.89589
Validating epoch 0 | loss: 0.12536 - accuracy: 0.956
Training epoch 1 | loss: 0.06924 - accuracy: 0.976
Validating epoch 1 | loss: 0.12859 - accuracy: 0.961
Training epoch 2 | loss: 0.02333 - accuracy: 0.99367
Validating epoch 2 | loss: 0.15604 - accuracy: 0.958
Training epoch 3 | loss: 0.0088 - accuracy: 0.99778
Validating epoch 3 | loss: 0.17119 - accuracy: 0.96
Model is Bert, dataset is subj, undersample is None, aug mode is synonym, geo is 0.9, pct_usage is None, small_label is 0, small_prop is 0.8, balance_seed is 1, lr is 2e-05, max_epochs is 4, split_num is 5
Training epoch 0 | loss: 0.26313 - accuracy: 0.88978
Validating epoch 0 | loss: 0.13857 - accuracy: 0.948
Training epoch 1 | loss: 0.07814 - accuracy: 0.97489
Validating epoch 1 | loss: 0.15112 - accuracy: 0.949
Training epoch 2 | loss: 0.03348 - accuracy: 0.99022
Validating epoch 2 | loss: 0.17648 - accuracy: 0.945
Training epoch 3 | loss: 0.01448 - accuracy: 0.99678
Validating epoch 3 | loss: 0.16641 - accuracy: 0.956
Model is Bert, dataset is subj, undersample is False, aug mode is None, geo is None, pct_usage is None, small_label is 0, small_prop is 0.8, balance_seed is 1, lr is 2e-05, max_epochs is 4, split_num is 5
Training epoch 0 | loss: 0.25079 - accuracy: 0.89878
Validating epoch 0 | loss: 0.13327 - accuracy: 0.959
Training epoch 1 | loss: 0.06573 - accuracy: 0.97778
Validating epoch 1 | loss: 0.13283 - accuracy: 0.962
Training epoch 2 | loss: 0.02286 - accuracy: 0.99333
Validating epoch 2 | loss: 0.15465 - accuracy: 0.962
Training epoch 3 | loss: 0.00922 - accuracy: 0.99722
Validating epoch 3 | loss: 0.17475 - accuracy: 0.964
Model is Bert, dataset is subj, undersample is True, aug mode is None, geo is None, pct_usage is None, small_label is 0, small_prop is 0.8, balance_seed is 1, lr is 2e-05, max_epochs is 4, split_num is 5
Training epoch 0 | loss: 0.24818 - accuracy: 0.89289
Validating epoch 0 | loss: 0.12794 - accuracy: 0.953
Training epoch 1 | loss: 0.06115 - accuracy: 0.98044
Validating epoch 1 | loss: 0.12672 - accuracy: 0.955
Training epoch 2 | loss: 0.02001 - accuracy: 0.99389
Validating epoch 2 | loss: 0.14738 - accuracy: 0.961
Training epoch 3 | loss: 0.0072 - accuracy: 0.99811
Validating epoch 3 | loss: 0.16242 - accuracy: 0.959
Model is Bert, dataset is subj, undersample is None, aug mode is synonym, geo is 0.1, pct_usage is None, small_label is 1, small_prop is 0.8, balance_seed is 1, lr is 2e-05, max_epochs is 4, split_num is 5
Training epoch 0 | loss: 0.2415 - accuracy: 0.89522
Validating epoch 0 | loss: 0.24251 - accuracy: 0.919
Training epoch 1 | loss: 0.05932 - accuracy: 0.98189
Validating epoch 1 | loss: 0.14349 - accuracy: 0.946
Training epoch 2 | loss: 0.03055 - accuracy: 0.99022
Validating epoch 2 | loss: 0.19854 - accuracy: 0.938
Training epoch 3 | loss: 0.01345 - accuracy: 0.99522
Validating epoch 3 | loss: 0.18536 - accuracy: 0.949
Model is Bert, dataset is subj, undersample is None, aug mode is synonym, geo is 0.3, pct_usage is None, small_label is 1, small_prop is 0.8, balance_seed is 1, lr is 2e-05, max_epochs is 4, split_num is 5
Training epoch 0 | loss: 0.25087 - accuracy: 0.89244
Validating epoch 0 | loss: 0.12952 - accuracy: 0.954
Training epoch 1 | loss: 0.06264 - accuracy: 0.98022
Validating epoch 1 | loss: 0.12793 - accuracy: 0.955
Training epoch 2 | loss: 0.02304 - accuracy: 0.99311
Validating epoch 2 | loss: 0.16673 - accuracy: 0.954
Training epoch 3 | loss: 0.01119 - accuracy: 0.997
Validating epoch 3 | loss: 0.16823 - accuracy: 0.957
Model is Bert, dataset is subj, undersample is None, aug mode is synonym, geo is 0.5, pct_usage is None, small_label is 1, small_prop is 0.8, balance_seed is 1, lr is 2e-05, max_epochs is 4, split_num is 5
Training epoch 0 | loss: 0.26795 - accuracy: 0.88667
Validating epoch 0 | loss: 0.12546 - accuracy: 0.959
Training epoch 1 | loss: 0.07788 - accuracy: 0.97478
Validating epoch 1 | loss: 0.12996 - accuracy: 0.964
Training epoch 2 | loss: 0.03227 - accuracy: 0.991
Validating epoch 2 | loss: 0.14933 - accuracy: 0.957
Training epoch 3 | loss: 0.01555 - accuracy: 0.99622
Validating epoch 3 | loss: 0.15579 - accuracy: 0.965
Model is Bert, dataset is subj, undersample is None, aug mode is synonym, geo is 0.7, pct_usage is None, small_label is 1, small_prop is 0.8, balance_seed is 1, lr is 2e-05, max_epochs is 4, split_num is 5
Training epoch 0 | loss: 0.2509 - accuracy: 0.90089
Validating epoch 0 | loss: 0.14233 - accuracy: 0.95
Training epoch 1 | loss: 0.07682 - accuracy: 0.97633
Validating epoch 1 | loss: 0.12417 - accuracy: 0.964
Training epoch 2 | loss: 0.03181 - accuracy: 0.99144
Validating epoch 2 | loss: 0.15557 - accuracy: 0.958
Training epoch 3 | loss: 0.01371 - accuracy: 0.996
Validating epoch 3 | loss: 0.16173 - accuracy: 0.963
Model is Bert, dataset is subj, undersample is None, aug mode is synonym, geo is 0.9, pct_usage is None, small_label is 1, small_prop is 0.8, balance_seed is 1, lr is 2e-05, max_epochs is 4, split_num is 5
Training epoch 0 | loss: 0.25284 - accuracy: 0.88744
Validating epoch 0 | loss: 0.12937 - accuracy: 0.956
Training epoch 1 | loss: 0.06533 - accuracy: 0.97944
Validating epoch 1 | loss: 0.13333 - accuracy: 0.96
Training epoch 2 | loss: 0.02122 - accuracy: 0.99322
Validating epoch 2 | loss: 0.15549 - accuracy: 0.961
Training epoch 3 | loss: 0.00749 - accuracy: 0.99856
Validating epoch 3 | loss: 0.15751 - accuracy: 0.962
Model is Bert, dataset is subj, undersample is False, aug mode is None, geo is None, pct_usage is None, small_label is 1, small_prop is 0.8, balance_seed is 1, lr is 2e-05, max_epochs is 4, split_num is 5
Training epoch 0 | loss: 0.28269 - accuracy: 0.87822
Validating epoch 0 | loss: 0.13784 - accuracy: 0.954
Training epoch 1 | loss: 0.07633 - accuracy: 0.97544
Validating epoch 1 | loss: 0.11733 - accuracy: 0.964
Training epoch 2 | loss: 0.03159 - accuracy: 0.99222
Validating epoch 2 | loss: 0.14726 - accuracy: 0.96
Training epoch 3 | loss: 0.01795 - accuracy: 0.99622
Validating epoch 3 | loss: 0.16606 - accuracy: 0.959
Model is Bert, dataset is subj, undersample is True, aug mode is None, geo is None, pct_usage is None, small_label is 1, small_prop is 0.8, balance_seed is 1, lr is 2e-05, max_epochs is 4, split_num is 5
Training epoch 0 | loss: 0.26028 - accuracy: 0.87989
Validating epoch 0 | loss: 0.11981 - accuracy: 0.961
Training epoch 1 | loss: 0.06125 - accuracy: 0.98044
Validating epoch 1 | loss: 0.14684 - accuracy: 0.957
Training epoch 2 | loss: 0.01844 - accuracy: 0.99478
Validating epoch 2 | loss: 0.14349 - accuracy: 0.967
Training epoch 3 | loss: 0.00707 - accuracy: 0.99833
Validating epoch 3 | loss: 0.15525 - accuracy: 0.964
