Model is RNN, dataset is sst, undersample is False, aug mode is None, geo is 0.5, pct_usage is None, small_label is 0, small_prop is 0.1, balance_seed is 2, lr is 0.001
Training epoch 0 | loss: 0.6309 - accuracy: 0.6961
Validating epoch 0 | loss: 0.53213 - accuracy: 0.77867
Training epoch 1 | loss: 0.50252 - accuracy: 0.80809
Validating epoch 1 | loss: 0.55107 - accuracy: 0.75229
Training epoch 2 | loss: 0.46818 - accuracy: 0.84176
Validating epoch 2 | loss: 0.57234 - accuracy: 0.72936
Training epoch 3 | loss: 0.43746 - accuracy: 0.87616
Validating epoch 3 | loss: 0.56997 - accuracy: 0.73853
Training epoch 4 | loss: 0.42803 - accuracy: 0.88974
Validating epoch 4 | loss: 0.58047 - accuracy: 0.72936
Training epoch 5 | loss: 0.41374 - accuracy: 0.89971
Validating epoch 5 | loss: 0.57697 - accuracy: 0.73624
Training epoch 6 | loss: 0.40334 - accuracy: 0.9091
Validating epoch 6 | loss: 0.58241 - accuracy: 0.72477
Training epoch 7 | loss: 0.41697 - accuracy: 0.89668
Validating epoch 7 | loss: 0.57684 - accuracy: 0.73624
Training epoch 8 | loss: 0.40718 - accuracy: 0.90332
Validating epoch 8 | loss: 0.54701 - accuracy: 0.76376
Training epoch 9 | loss: 0.40069 - accuracy: 0.91301
Validating epoch 9 | loss: 0.5892 - accuracy: 0.72362
Training epoch 10 | loss: 0.40706 - accuracy: 0.90405
Validating epoch 10 | loss: 0.55935 - accuracy: 0.75115
Training epoch 11 | loss: 0.39383 - accuracy: 0.91792
Validating epoch 11 | loss: 0.59936 - accuracy: 0.71216
Training epoch 12 | loss: 0.39117 - accuracy: 0.92283
Validating epoch 12 | loss: 0.61026 - accuracy: 0.70413
Training epoch 13 | loss: 0.38617 - accuracy: 0.92789
Validating epoch 13 | loss: 0.60688 - accuracy: 0.70528
Training epoch 14 | loss: 0.39219 - accuracy: 0.9211
Validating epoch 14 | loss: 0.58587 - accuracy: 0.72592
Training epoch 15 | loss: 0.39068 - accuracy: 0.92514
Validating epoch 15 | loss: 0.58528 - accuracy: 0.72706
Training epoch 16 | loss: 0.38163 - accuracy: 0.93092
Validating epoch 16 | loss: 0.58411 - accuracy: 0.72821
Training epoch 17 | loss: 0.39121 - accuracy: 0.92009
Validating epoch 17 | loss: 0.55362 - accuracy: 0.75917
Training epoch 18 | loss: 0.39836 - accuracy: 0.91301
Validating epoch 18 | loss: 0.61477 - accuracy: 0.69954
Training epoch 19 | loss: 0.39452 - accuracy: 0.92139
Validating epoch 19 | loss: 0.59341 - accuracy: 0.71674
Training epoch 20 | loss: 0.37806 - accuracy: 0.9341
Validating epoch 20 | loss: 0.54993 - accuracy: 0.76491
Training epoch 21 | loss: 0.37785 - accuracy: 0.93454
Validating epoch 21 | loss: 0.6372 - accuracy: 0.67661
Training epoch 22 | loss: 0.38741 - accuracy: 0.92442
Validating epoch 22 | loss: 0.60234 - accuracy: 0.70986
Training epoch 23 | loss: 0.37667 - accuracy: 0.93555
Validating epoch 23 | loss: 0.59889 - accuracy: 0.7156
Training epoch 24 | loss: 0.37512 - accuracy: 0.93931
Validating epoch 24 | loss: 0.60635 - accuracy: 0.70528
Training epoch 25 | loss: 0.37095 - accuracy: 0.94147
Validating epoch 25 | loss: 0.61297 - accuracy: 0.70413
Training epoch 26 | loss: 0.37978 - accuracy: 0.93396
Validating epoch 26 | loss: 0.59437 - accuracy: 0.71674
Training epoch 27 | loss: 0.37368 - accuracy: 0.94075
Validating epoch 27 | loss: 0.60836 - accuracy: 0.70413
Training epoch 28 | loss: 0.37625 - accuracy: 0.94234
Validating epoch 28 | loss: 0.61074 - accuracy: 0.70528
Training epoch 29 | loss: 0.36993 - accuracy: 0.94249
Validating epoch 29 | loss: 0.57603 - accuracy: 0.73624
Training epoch 30 | loss: 0.37257 - accuracy: 0.93974
Validating epoch 30 | loss: 0.57625 - accuracy: 0.73853
Training epoch 31 | loss: 0.3755 - accuracy: 0.94104
Validating epoch 31 | loss: 0.58046 - accuracy: 0.73394
Training epoch 32 | loss: 0.3884 - accuracy: 0.92283
Validating epoch 32 | loss: 0.63 - accuracy: 0.68463
Training epoch 33 | loss: 0.37828 - accuracy: 0.93584
Validating epoch 33 | loss: 0.59804 - accuracy: 0.71445
Training epoch 34 | loss: 0.37495 - accuracy: 0.93931
Validating epoch 34 | loss: 0.61467 - accuracy: 0.69954
Training epoch 35 | loss: 0.37234 - accuracy: 0.94191
Validating epoch 35 | loss: 0.60146 - accuracy: 0.71101
Training epoch 36 | loss: 0.36948 - accuracy: 0.94335
Validating epoch 36 | loss: 0.56696 - accuracy: 0.74656
Training epoch 37 | loss: 0.37046 - accuracy: 0.94364
Validating epoch 37 | loss: 0.60428 - accuracy: 0.70986
Training epoch 38 | loss: 0.37095 - accuracy: 0.9435
Validating epoch 38 | loss: 0.64252 - accuracy: 0.67087
Training epoch 39 | loss: 0.36562 - accuracy: 0.94653
Validating epoch 39 | loss: 0.61231 - accuracy: 0.70183
Training epoch 40 | loss: 0.36456 - accuracy: 0.94798
Validating epoch 40 | loss: 0.61943 - accuracy: 0.69381
Training epoch 41 | loss: 0.36433 - accuracy: 0.94812
Validating epoch 41 | loss: 0.60374 - accuracy: 0.71216
Training epoch 42 | loss: 0.36424 - accuracy: 0.94798
Validating epoch 42 | loss: 0.60095 - accuracy: 0.7133
Training epoch 43 | loss: 0.36673 - accuracy: 0.94538
Validating epoch 43 | loss: 0.5868 - accuracy: 0.72477
Training epoch 44 | loss: 0.36938 - accuracy: 0.94306
Validating epoch 44 | loss: 0.64333 - accuracy: 0.66972
Training epoch 45 | loss: 0.36926 - accuracy: 0.94538
Validating epoch 45 | loss: 0.62204 - accuracy: 0.69266
Training epoch 46 | loss: 0.37051 - accuracy: 0.94379
Validating epoch 46 | loss: 0.59217 - accuracy: 0.72362
Training epoch 47 | loss: 0.3721 - accuracy: 0.94249
Validating epoch 47 | loss: 0.62599 - accuracy: 0.68349
Training epoch 48 | loss: 0.36546 - accuracy: 0.94653
Validating epoch 48 | loss: 0.63126 - accuracy: 0.68119
Training epoch 49 | loss: 0.36723 - accuracy: 0.94509
Validating epoch 49 | loss: 0.60983 - accuracy: 0.70298
Training epoch 50 | loss: 0.36676 - accuracy: 0.94769
Validating epoch 50 | loss: 0.6031 - accuracy: 0.71101
Training epoch 51 | loss: 0.36686 - accuracy: 0.94523
Validating epoch 51 | loss: 0.59155 - accuracy: 0.72018
Training epoch 52 | loss: 0.36817 - accuracy: 0.94624
Validating epoch 52 | loss: 0.61363 - accuracy: 0.69954
Training epoch 53 | loss: 0.36704 - accuracy: 0.9474
Validating epoch 53 | loss: 0.61354 - accuracy: 0.70069
Training epoch 54 | loss: 0.36402 - accuracy: 0.94841
Validating epoch 54 | loss: 0.63792 - accuracy: 0.67431
Training epoch 55 | loss: 0.36537 - accuracy: 0.94682
Validating epoch 55 | loss: 0.59481 - accuracy: 0.71674
Training epoch 56 | loss: 0.36526 - accuracy: 0.94682
Validating epoch 56 | loss: 0.63495 - accuracy: 0.67775
Training epoch 57 | loss: 0.39049 - accuracy: 0.92355
Validating epoch 57 | loss: 0.65589 - accuracy: 0.6594
Training epoch 58 | loss: 0.38741 - accuracy: 0.92413
Validating epoch 58 | loss: 0.595 - accuracy: 0.71789
Training epoch 59 | loss: 0.39882 - accuracy: 0.91618
Validating epoch 59 | loss: 0.62581 - accuracy: 0.68463
Training epoch 60 | loss: 0.41613 - accuracy: 0.89422
Validating epoch 60 | loss: 0.56859 - accuracy: 0.74312
Training epoch 61 | loss: 0.37187 - accuracy: 0.94003
Validating epoch 61 | loss: 0.59352 - accuracy: 0.71674
Training epoch 62 | loss: 0.37067 - accuracy: 0.9435
Validating epoch 62 | loss: 0.58346 - accuracy: 0.73165
Training epoch 63 | loss: 0.36271 - accuracy: 0.94942
Validating epoch 63 | loss: 0.64946 - accuracy: 0.66284
Training epoch 64 | loss: 0.36004 - accuracy: 0.95246
Validating epoch 64 | loss: 0.62578 - accuracy: 0.68578
Training epoch 65 | loss: 0.35672 - accuracy: 0.95592
Validating epoch 65 | loss: 0.65366 - accuracy: 0.65826
Training epoch 66 | loss: 0.35638 - accuracy: 0.95607
Validating epoch 66 | loss: 0.63086 - accuracy: 0.68119
Training epoch 67 | loss: 0.35746 - accuracy: 0.9552
Validating epoch 67 | loss: 0.63295 - accuracy: 0.68005
Training epoch 68 | loss: 0.37114 - accuracy: 0.94321
Validating epoch 68 | loss: 0.60386 - accuracy: 0.71216
Training epoch 69 | loss: 0.35823 - accuracy: 0.95419
Validating epoch 69 | loss: 0.60068 - accuracy: 0.7133
Training epoch 70 | loss: 0.3839 - accuracy: 0.92962
Validating epoch 70 | loss: 0.61629 - accuracy: 0.69495
Training epoch 71 | loss: 0.36158 - accuracy: 0.95087
Validating epoch 71 | loss: 0.61334 - accuracy: 0.69839
Training epoch 72 | loss: 0.36279 - accuracy: 0.95173
Validating epoch 72 | loss: 0.6318 - accuracy: 0.68234
Training epoch 73 | loss: 0.35993 - accuracy: 0.9526
Validating epoch 73 | loss: 0.63161 - accuracy: 0.68119
Training epoch 74 | loss: 0.35781 - accuracy: 0.95462
Validating epoch 74 | loss: 0.65782 - accuracy: 0.65252
Training epoch 75 | loss: 0.35891 - accuracy: 0.95578
Validating epoch 75 | loss: 0.60416 - accuracy: 0.70986
Training epoch 76 | loss: 0.3588 - accuracy: 0.95607
Validating epoch 76 | loss: 0.62981 - accuracy: 0.68349
Training epoch 77 | loss: 0.35507 - accuracy: 0.95751
Validating epoch 77 | loss: 0.63372 - accuracy: 0.68005
Training epoch 78 | loss: 0.35521 - accuracy: 0.95737
Validating epoch 78 | loss: 0.66342 - accuracy: 0.65023
Training epoch 79 | loss: 0.35973 - accuracy: 0.95477
Validating epoch 79 | loss: 0.62921 - accuracy: 0.68578
Training epoch 80 | loss: 0.35672 - accuracy: 0.95564
Validating epoch 80 | loss: 0.60767 - accuracy: 0.70642
Training epoch 81 | loss: 0.35838 - accuracy: 0.95621
Validating epoch 81 | loss: 0.65841 - accuracy: 0.65596
Training epoch 82 | loss: 0.3551 - accuracy: 0.95737
Validating epoch 82 | loss: 0.64087 - accuracy: 0.67431
Training epoch 83 | loss: 0.35491 - accuracy: 0.95766
Validating epoch 83 | loss: 0.62835 - accuracy: 0.68463
Training epoch 84 | loss: 0.35505 - accuracy: 0.95751
Validating epoch 84 | loss: 0.64019 - accuracy: 0.67317
Training epoch 85 | loss: 0.35459 - accuracy: 0.95795
Validating epoch 85 | loss: 0.64746 - accuracy: 0.66514
Training epoch 86 | loss: 0.35462 - accuracy: 0.95795
Validating epoch 86 | loss: 0.64199 - accuracy: 0.67202
Training epoch 87 | loss: 0.36459 - accuracy: 0.94971
Validating epoch 87 | loss: 0.68026 - accuracy: 0.63188
Training epoch 88 | loss: 0.35594 - accuracy: 0.95665
Validating epoch 88 | loss: 0.64274 - accuracy: 0.66972
Training epoch 89 | loss: 0.35473 - accuracy: 0.9578
Validating epoch 89 | loss: 0.61658 - accuracy: 0.69839
Training epoch 90 | loss: 0.35681 - accuracy: 0.95795
Validating epoch 90 | loss: 0.65462 - accuracy: 0.65596
Training epoch 91 | loss: 0.35748 - accuracy: 0.95723
Validating epoch 91 | loss: 0.59327 - accuracy: 0.72018
Training epoch 92 | loss: 0.35536 - accuracy: 0.95723
Validating epoch 92 | loss: 0.65997 - accuracy: 0.65367
Training epoch 93 | loss: 0.36131 - accuracy: 0.95318
Validating epoch 93 | loss: 0.64945 - accuracy: 0.66284
Training epoch 94 | loss: 0.35484 - accuracy: 0.95766
Validating epoch 94 | loss: 0.63902 - accuracy: 0.67431
Training epoch 95 | loss: 0.35417 - accuracy: 0.95838
Validating epoch 95 | loss: 0.64983 - accuracy: 0.66284
Training epoch 96 | loss: 0.35369 - accuracy: 0.95882
Validating epoch 96 | loss: 0.66834 - accuracy: 0.64564
Training epoch 97 | loss: 0.35598 - accuracy: 0.95867
Validating epoch 97 | loss: 0.66926 - accuracy: 0.64335
Training epoch 98 | loss: 0.35564 - accuracy: 0.9591
Validating epoch 98 | loss: 0.662 - accuracy: 0.65138
Training epoch 99 | loss: 0.35333 - accuracy: 0.95925
Validating epoch 99 | loss: 0.6609 - accuracy: 0.65138
Model is RNN, dataset is sst, undersample is True, aug mode is None, geo is 0.5, pct_usage is None, small_label is 0, small_prop is 0.1, balance_seed is 2, lr is 0.001
Training epoch 0 | loss: 0.69505 - accuracy: 0.5
Validating epoch 0 | loss: 0.69347 - accuracy: 0.49083
Training epoch 1 | loss: 0.69245 - accuracy: 0.49698
Validating epoch 1 | loss: 0.69111 - accuracy: 0.49197
Training epoch 2 | loss: 0.69003 - accuracy: 0.52719
Validating epoch 2 | loss: 0.68756 - accuracy: 0.63876
Training epoch 3 | loss: 0.68434 - accuracy: 0.63444
Validating epoch 3 | loss: 0.68005 - accuracy: 0.68578
Training epoch 4 | loss: 0.67296 - accuracy: 0.70846
Validating epoch 4 | loss: 0.66067 - accuracy: 0.70298
Training epoch 5 | loss: 0.64242 - accuracy: 0.74169
Validating epoch 5 | loss: 0.62245 - accuracy: 0.73509
Training epoch 6 | loss: 0.60654 - accuracy: 0.76737
Validating epoch 6 | loss: 0.60041 - accuracy: 0.72248
Training epoch 7 | loss: 0.59421 - accuracy: 0.72508
Validating epoch 7 | loss: 0.64013 - accuracy: 0.65252
Training epoch 8 | loss: 0.60395 - accuracy: 0.72961
Validating epoch 8 | loss: 0.66298 - accuracy: 0.62615
Training epoch 9 | loss: 0.58625 - accuracy: 0.72356
Validating epoch 9 | loss: 0.56422 - accuracy: 0.75688
Training epoch 10 | loss: 0.52371 - accuracy: 0.80665
Validating epoch 10 | loss: 0.56305 - accuracy: 0.75917
Training epoch 11 | loss: 0.50351 - accuracy: 0.81118
Validating epoch 11 | loss: 0.56158 - accuracy: 0.74656
Training epoch 12 | loss: 0.47542 - accuracy: 0.82024
Validating epoch 12 | loss: 0.54762 - accuracy: 0.76606
Training epoch 13 | loss: 0.464 - accuracy: 0.8429
Validating epoch 13 | loss: 0.54969 - accuracy: 0.75573
Training epoch 14 | loss: 0.46128 - accuracy: 0.84139
Validating epoch 14 | loss: 0.54683 - accuracy: 0.76032
Training epoch 15 | loss: 0.46861 - accuracy: 0.84592
Validating epoch 15 | loss: 0.54946 - accuracy: 0.76261
Training epoch 16 | loss: 0.45412 - accuracy: 0.8565
Validating epoch 16 | loss: 0.54682 - accuracy: 0.75917
Training epoch 17 | loss: 0.44493 - accuracy: 0.84894
Validating epoch 17 | loss: 0.56014 - accuracy: 0.74885
Training epoch 18 | loss: 0.46641 - accuracy: 0.84592
Validating epoch 18 | loss: 0.55992 - accuracy: 0.75
Training epoch 19 | loss: 0.46724 - accuracy: 0.84592
Validating epoch 19 | loss: 0.54874 - accuracy: 0.75917
Training epoch 20 | loss: 0.48364 - accuracy: 0.84743
Validating epoch 20 | loss: 0.54342 - accuracy: 0.77064
Training epoch 21 | loss: 0.42803 - accuracy: 0.87613
Validating epoch 21 | loss: 0.53814 - accuracy: 0.77752
Training epoch 22 | loss: 0.45037 - accuracy: 0.86103
Validating epoch 22 | loss: 0.55943 - accuracy: 0.74656
Training epoch 23 | loss: 0.45166 - accuracy: 0.86254
Validating epoch 23 | loss: 0.58845 - accuracy: 0.72018
Training epoch 24 | loss: 0.51556 - accuracy: 0.77946
Validating epoch 24 | loss: 0.54649 - accuracy: 0.75803
Training epoch 25 | loss: 0.49449 - accuracy: 0.82175
Validating epoch 25 | loss: 0.56338 - accuracy: 0.74197
Training epoch 26 | loss: 0.4379 - accuracy: 0.86405
Validating epoch 26 | loss: 0.55607 - accuracy: 0.75
Training epoch 27 | loss: 0.44249 - accuracy: 0.85347
Validating epoch 27 | loss: 0.53731 - accuracy: 0.76835
Training epoch 28 | loss: 0.42953 - accuracy: 0.87915
Validating epoch 28 | loss: 0.53213 - accuracy: 0.77523
Training epoch 29 | loss: 0.4182 - accuracy: 0.89426
Validating epoch 29 | loss: 0.53028 - accuracy: 0.78096
Training epoch 30 | loss: 0.43516 - accuracy: 0.89879
Validating epoch 30 | loss: 0.53745 - accuracy: 0.7695
Training epoch 31 | loss: 0.42243 - accuracy: 0.89577
Validating epoch 31 | loss: 0.53241 - accuracy: 0.77982
Training epoch 32 | loss: 0.40801 - accuracy: 0.9003
Validating epoch 32 | loss: 0.53705 - accuracy: 0.77408
Training epoch 33 | loss: 0.41594 - accuracy: 0.90332
Validating epoch 33 | loss: 0.53727 - accuracy: 0.7672
Training epoch 34 | loss: 0.39379 - accuracy: 0.90785
Validating epoch 34 | loss: 0.53848 - accuracy: 0.76835
Training epoch 35 | loss: 0.40058 - accuracy: 0.9139
Validating epoch 35 | loss: 0.54363 - accuracy: 0.76491
Training epoch 36 | loss: 0.39257 - accuracy: 0.91541
Validating epoch 36 | loss: 0.53312 - accuracy: 0.77867
Training epoch 37 | loss: 0.39198 - accuracy: 0.91843
Validating epoch 37 | loss: 0.53791 - accuracy: 0.77064
Training epoch 38 | loss: 0.38414 - accuracy: 0.91692
Validating epoch 38 | loss: 0.54028 - accuracy: 0.7695
Training epoch 39 | loss: 0.38906 - accuracy: 0.91994
Validating epoch 39 | loss: 0.54422 - accuracy: 0.76261
Training epoch 40 | loss: 0.42868 - accuracy: 0.88822
Validating epoch 40 | loss: 0.5295 - accuracy: 0.78096
Training epoch 41 | loss: 0.38678 - accuracy: 0.92296
Validating epoch 41 | loss: 0.53588 - accuracy: 0.77523
Training epoch 42 | loss: 0.40058 - accuracy: 0.92145
Validating epoch 42 | loss: 0.53845 - accuracy: 0.77294
Training epoch 43 | loss: 0.37953 - accuracy: 0.92598
Validating epoch 43 | loss: 0.54219 - accuracy: 0.76835
Training epoch 44 | loss: 0.38317 - accuracy: 0.929
Validating epoch 44 | loss: 0.54162 - accuracy: 0.76606
Training epoch 45 | loss: 0.40748 - accuracy: 0.92749
Validating epoch 45 | loss: 0.53756 - accuracy: 0.77294
Training epoch 46 | loss: 0.38789 - accuracy: 0.929
Validating epoch 46 | loss: 0.5377 - accuracy: 0.77294
Training epoch 47 | loss: 0.38392 - accuracy: 0.92598
Validating epoch 47 | loss: 0.53619 - accuracy: 0.77867
Training epoch 48 | loss: 0.38233 - accuracy: 0.929
Validating epoch 48 | loss: 0.54127 - accuracy: 0.7672
Training epoch 49 | loss: 0.38289 - accuracy: 0.92749
Validating epoch 49 | loss: 0.5398 - accuracy: 0.76835
Training epoch 50 | loss: 0.38766 - accuracy: 0.929
Validating epoch 50 | loss: 0.53936 - accuracy: 0.77064
Training epoch 51 | loss: 0.39381 - accuracy: 0.929
Validating epoch 51 | loss: 0.54401 - accuracy: 0.7672
Training epoch 52 | loss: 0.38635 - accuracy: 0.93051
Validating epoch 52 | loss: 0.55157 - accuracy: 0.75917
Training epoch 53 | loss: 0.38825 - accuracy: 0.929
Validating epoch 53 | loss: 0.53736 - accuracy: 0.77294
Training epoch 54 | loss: 0.38665 - accuracy: 0.92145
Validating epoch 54 | loss: 0.54034 - accuracy: 0.77064
Training epoch 55 | loss: 0.39814 - accuracy: 0.91692
Validating epoch 55 | loss: 0.52491 - accuracy: 0.79014
Training epoch 56 | loss: 0.41024 - accuracy: 0.90483
Validating epoch 56 | loss: 0.53635 - accuracy: 0.77408
Training epoch 57 | loss: 0.47419 - accuracy: 0.83384
Validating epoch 57 | loss: 0.56766 - accuracy: 0.74427
Training epoch 58 | loss: 0.42101 - accuracy: 0.90332
Validating epoch 58 | loss: 0.53465 - accuracy: 0.77638
Training epoch 59 | loss: 0.41985 - accuracy: 0.88973
Validating epoch 59 | loss: 0.52905 - accuracy: 0.78096
Training epoch 60 | loss: 0.40278 - accuracy: 0.91541
Validating epoch 60 | loss: 0.53843 - accuracy: 0.77408
Training epoch 61 | loss: 0.39495 - accuracy: 0.91239
Validating epoch 61 | loss: 0.53481 - accuracy: 0.77752
Training epoch 62 | loss: 0.40458 - accuracy: 0.91239
Validating epoch 62 | loss: 0.53491 - accuracy: 0.77638
Training epoch 63 | loss: 0.39928 - accuracy: 0.9139
Validating epoch 63 | loss: 0.541 - accuracy: 0.76835
Training epoch 64 | loss: 0.44641 - accuracy: 0.8716
Validating epoch 64 | loss: 0.54745 - accuracy: 0.76376
Training epoch 65 | loss: 0.40447 - accuracy: 0.91541
Validating epoch 65 | loss: 0.53727 - accuracy: 0.77179
Training epoch 66 | loss: 0.37973 - accuracy: 0.92598
Validating epoch 66 | loss: 0.53419 - accuracy: 0.77982
Training epoch 67 | loss: 0.38776 - accuracy: 0.92296
Validating epoch 67 | loss: 0.52917 - accuracy: 0.78326
Training epoch 68 | loss: 0.38966 - accuracy: 0.92749
Validating epoch 68 | loss: 0.52977 - accuracy: 0.78211
Training epoch 69 | loss: 0.39086 - accuracy: 0.91692
Validating epoch 69 | loss: 0.54179 - accuracy: 0.77064
Training epoch 70 | loss: 0.39974 - accuracy: 0.91239
Validating epoch 70 | loss: 0.53094 - accuracy: 0.77523
Training epoch 71 | loss: 0.39077 - accuracy: 0.91692
Validating epoch 71 | loss: 0.52739 - accuracy: 0.7844
Training epoch 72 | loss: 0.3855 - accuracy: 0.92296
Validating epoch 72 | loss: 0.53184 - accuracy: 0.77638
Training epoch 73 | loss: 0.37095 - accuracy: 0.93353
Validating epoch 73 | loss: 0.527 - accuracy: 0.77523
Training epoch 74 | loss: 0.3756 - accuracy: 0.93353
Validating epoch 74 | loss: 0.52443 - accuracy: 0.7867
Training epoch 75 | loss: 0.3643 - accuracy: 0.94109
Validating epoch 75 | loss: 0.52475 - accuracy: 0.78555
Training epoch 76 | loss: 0.36607 - accuracy: 0.94562
Validating epoch 76 | loss: 0.53854 - accuracy: 0.77294
Training epoch 77 | loss: 0.42277 - accuracy: 0.8852
Validating epoch 77 | loss: 0.59308 - accuracy: 0.71674
Training epoch 78 | loss: 0.40358 - accuracy: 0.90332
Validating epoch 78 | loss: 0.55276 - accuracy: 0.75803
Training epoch 79 | loss: 0.40681 - accuracy: 0.91994
Validating epoch 79 | loss: 0.53652 - accuracy: 0.77752
Training epoch 80 | loss: 0.38904 - accuracy: 0.92749
Validating epoch 80 | loss: 0.54686 - accuracy: 0.76261
Training epoch 81 | loss: 0.3871 - accuracy: 0.929
Validating epoch 81 | loss: 0.52966 - accuracy: 0.78211
Training epoch 82 | loss: 0.4089 - accuracy: 0.89728
Validating epoch 82 | loss: 0.618 - accuracy: 0.69381
Training epoch 83 | loss: 0.45301 - accuracy: 0.84139
Validating epoch 83 | loss: 0.53454 - accuracy: 0.78096
Training epoch 84 | loss: 0.43672 - accuracy: 0.87915
Validating epoch 84 | loss: 0.60463 - accuracy: 0.70413
Training epoch 85 | loss: 0.42555 - accuracy: 0.87009
Validating epoch 85 | loss: 0.54011 - accuracy: 0.77408
Training epoch 86 | loss: 0.39866 - accuracy: 0.92296
Validating epoch 86 | loss: 0.53875 - accuracy: 0.77523
Training epoch 87 | loss: 0.40484 - accuracy: 0.93051
Validating epoch 87 | loss: 0.53955 - accuracy: 0.77179
Training epoch 88 | loss: 0.38572 - accuracy: 0.929
Validating epoch 88 | loss: 0.53962 - accuracy: 0.77294
Training epoch 89 | loss: 0.40196 - accuracy: 0.92598
Validating epoch 89 | loss: 0.53182 - accuracy: 0.78211
Training epoch 90 | loss: 0.36341 - accuracy: 0.94109
Validating epoch 90 | loss: 0.52977 - accuracy: 0.78096
Training epoch 91 | loss: 0.38898 - accuracy: 0.94109
Validating epoch 91 | loss: 0.5337 - accuracy: 0.77638
Training epoch 92 | loss: 0.37223 - accuracy: 0.94109
Validating epoch 92 | loss: 0.55533 - accuracy: 0.75803
Training epoch 93 | loss: 0.40677 - accuracy: 0.89728
Validating epoch 93 | loss: 0.54476 - accuracy: 0.77064
Training epoch 94 | loss: 0.39991 - accuracy: 0.9139
Validating epoch 94 | loss: 0.56262 - accuracy: 0.74771
Training epoch 95 | loss: 0.3844 - accuracy: 0.93051
Validating epoch 95 | loss: 0.55643 - accuracy: 0.75573
Training epoch 96 | loss: 0.37331 - accuracy: 0.93656
Validating epoch 96 | loss: 0.53385 - accuracy: 0.77408
Training epoch 97 | loss: 0.36512 - accuracy: 0.9426
Validating epoch 97 | loss: 0.53272 - accuracy: 0.77752
Training epoch 98 | loss: 0.41522 - accuracy: 0.90785
Validating epoch 98 | loss: 0.59098 - accuracy: 0.72248
Training epoch 99 | loss: 0.40275 - accuracy: 0.89577
Validating epoch 99 | loss: 0.54152 - accuracy: 0.76835
Model is RNN, dataset is sst, undersample is False, aug mode is context, geo is 1, pct_usage is None, small_label is 0, small_prop is 0.1, balance_seed is 2, lr is 0.001
Training epoch 0 | loss: 0.62422 - accuracy: 0.68049
Validating epoch 0 | loss: 0.62246 - accuracy: 0.66743
Training epoch 1 | loss: 0.45183 - accuracy: 0.86893
Validating epoch 1 | loss: 0.59726 - accuracy: 0.70183
Training epoch 2 | loss: 0.41274 - accuracy: 0.90173
Validating epoch 2 | loss: 0.62641 - accuracy: 0.68349
Training epoch 3 | loss: 0.38827 - accuracy: 0.925
Validating epoch 3 | loss: 0.63992 - accuracy: 0.66972
Training epoch 4 | loss: 0.38565 - accuracy: 0.92717
Validating epoch 4 | loss: 0.61472 - accuracy: 0.69151
Training epoch 5 | loss: 0.37434 - accuracy: 0.94003
Validating epoch 5 | loss: 0.64645 - accuracy: 0.66399
Training epoch 6 | loss: 0.36563 - accuracy: 0.94682
Validating epoch 6 | loss: 0.65858 - accuracy: 0.65367
Training epoch 7 | loss: 0.36819 - accuracy: 0.9448
Validating epoch 7 | loss: 0.62383 - accuracy: 0.68922
Training epoch 8 | loss: 0.39063 - accuracy: 0.92254
Validating epoch 8 | loss: 0.63174 - accuracy: 0.68005
Training epoch 9 | loss: 0.36371 - accuracy: 0.94899
Validating epoch 9 | loss: 0.63513 - accuracy: 0.67546
Training epoch 10 | loss: 0.35908 - accuracy: 0.95246
Validating epoch 10 | loss: 0.65414 - accuracy: 0.6617
Training epoch 11 | loss: 0.35122 - accuracy: 0.96142
Validating epoch 11 | loss: 0.67002 - accuracy: 0.6422
Training epoch 12 | loss: 0.34945 - accuracy: 0.96358
Validating epoch 12 | loss: 0.65954 - accuracy: 0.65367
Training epoch 13 | loss: 0.34958 - accuracy: 0.96315
Validating epoch 13 | loss: 0.66191 - accuracy: 0.65023
Training epoch 14 | loss: 0.3456 - accuracy: 0.96763
Validating epoch 14 | loss: 0.67733 - accuracy: 0.63532
Training epoch 15 | loss: 0.34904 - accuracy: 0.96546
Validating epoch 15 | loss: 0.64937 - accuracy: 0.66399
Training epoch 16 | loss: 0.34981 - accuracy: 0.96474
Validating epoch 16 | loss: 0.66042 - accuracy: 0.65482
Training epoch 17 | loss: 0.35466 - accuracy: 0.9578
Validating epoch 17 | loss: 0.64448 - accuracy: 0.66858
Training epoch 18 | loss: 0.3472 - accuracy: 0.96561
Validating epoch 18 | loss: 0.67141 - accuracy: 0.64335
Training epoch 19 | loss: 0.34483 - accuracy: 0.96835
Validating epoch 19 | loss: 0.63703 - accuracy: 0.67661
Training epoch 20 | loss: 0.34564 - accuracy: 0.9672
Validating epoch 20 | loss: 0.69004 - accuracy: 0.62385
Training epoch 21 | loss: 0.34788 - accuracy: 0.96691
Validating epoch 21 | loss: 0.64934 - accuracy: 0.6617
Training epoch 22 | loss: 0.34391 - accuracy: 0.96908
Validating epoch 22 | loss: 0.6784 - accuracy: 0.63647
Training epoch 23 | loss: 0.34249 - accuracy: 0.97023
Validating epoch 23 | loss: 0.68239 - accuracy: 0.63188
Training epoch 24 | loss: 0.34175 - accuracy: 0.97095
Validating epoch 24 | loss: 0.69224 - accuracy: 0.62271
Training epoch 25 | loss: 0.34236 - accuracy: 0.97052
Validating epoch 25 | loss: 0.66408 - accuracy: 0.65023
Training epoch 26 | loss: 0.34267 - accuracy: 0.97009
Validating epoch 26 | loss: 0.66962 - accuracy: 0.64335
Training epoch 27 | loss: 0.34146 - accuracy: 0.97153
Validating epoch 27 | loss: 0.66174 - accuracy: 0.65367
Training epoch 28 | loss: 0.34381 - accuracy: 0.96893
Validating epoch 28 | loss: 0.67769 - accuracy: 0.63647
Training epoch 29 | loss: 0.34357 - accuracy: 0.96951
Validating epoch 29 | loss: 0.69716 - accuracy: 0.61697
Training epoch 30 | loss: 0.34363 - accuracy: 0.96893
Validating epoch 30 | loss: 0.68413 - accuracy: 0.62959
Training epoch 31 | loss: 0.34982 - accuracy: 0.9646
Validating epoch 31 | loss: 0.67411 - accuracy: 0.63876
Training epoch 32 | loss: 0.34627 - accuracy: 0.96633
Validating epoch 32 | loss: 0.6726 - accuracy: 0.6422
Training epoch 33 | loss: 0.35172 - accuracy: 0.96272
Validating epoch 33 | loss: 0.67168 - accuracy: 0.6422
Training epoch 34 | loss: 0.34465 - accuracy: 0.96777
Validating epoch 34 | loss: 0.66756 - accuracy: 0.6422
Training epoch 35 | loss: 0.34344 - accuracy: 0.96936
Validating epoch 35 | loss: 0.67802 - accuracy: 0.63761
Training epoch 36 | loss: 0.34158 - accuracy: 0.97139
Validating epoch 36 | loss: 0.67098 - accuracy: 0.6445
Training epoch 37 | loss: 0.34752 - accuracy: 0.96488
Validating epoch 37 | loss: 0.67543 - accuracy: 0.63761
Training epoch 38 | loss: 0.35346 - accuracy: 0.9604
Validating epoch 38 | loss: 0.65279 - accuracy: 0.6617
Training epoch 39 | loss: 0.37978 - accuracy: 0.93165
Validating epoch 39 | loss: 0.66337 - accuracy: 0.65138
Training epoch 40 | loss: 0.34545 - accuracy: 0.96763
Validating epoch 40 | loss: 0.64679 - accuracy: 0.66514
Training epoch 41 | loss: 0.35421 - accuracy: 0.95983
Validating epoch 41 | loss: 0.71631 - accuracy: 0.59748
Training epoch 42 | loss: 0.34254 - accuracy: 0.97023
Validating epoch 42 | loss: 0.65728 - accuracy: 0.65367
Training epoch 43 | loss: 0.33997 - accuracy: 0.97283
Validating epoch 43 | loss: 0.69544 - accuracy: 0.61927
Training epoch 44 | loss: 0.34177 - accuracy: 0.97095
Validating epoch 44 | loss: 0.63712 - accuracy: 0.67661
Training epoch 45 | loss: 0.33901 - accuracy: 0.97384
Validating epoch 45 | loss: 0.68508 - accuracy: 0.62844
Training epoch 46 | loss: 0.33774 - accuracy: 0.97514
Validating epoch 46 | loss: 0.65178 - accuracy: 0.66399
Training epoch 47 | loss: 0.33784 - accuracy: 0.975
Validating epoch 47 | loss: 0.66744 - accuracy: 0.64679
Training epoch 48 | loss: 0.33732 - accuracy: 0.97558
Validating epoch 48 | loss: 0.69067 - accuracy: 0.62385
Training epoch 49 | loss: 0.34027 - accuracy: 0.97457
Validating epoch 49 | loss: 0.65872 - accuracy: 0.65596
Training epoch 50 | loss: 0.34097 - accuracy: 0.97413
Validating epoch 50 | loss: 0.67903 - accuracy: 0.63417
Training epoch 51 | loss: 0.33956 - accuracy: 0.97558
Validating epoch 51 | loss: 0.70474 - accuracy: 0.60894
Training epoch 52 | loss: 0.34001 - accuracy: 0.97514
Validating epoch 52 | loss: 0.67471 - accuracy: 0.63991
Training epoch 53 | loss: 0.34196 - accuracy: 0.97514
Validating epoch 53 | loss: 0.67783 - accuracy: 0.63761
Training epoch 54 | loss: 0.33935 - accuracy: 0.97558
Validating epoch 54 | loss: 0.68491 - accuracy: 0.62844
Training epoch 55 | loss: 0.3373 - accuracy: 0.97558
Validating epoch 55 | loss: 0.68146 - accuracy: 0.63417
Training epoch 56 | loss: 0.33751 - accuracy: 0.97529
Validating epoch 56 | loss: 0.68659 - accuracy: 0.62844
Training epoch 57 | loss: 0.33713 - accuracy: 0.97572
Validating epoch 57 | loss: 0.67142 - accuracy: 0.64335
Training epoch 58 | loss: 0.34013 - accuracy: 0.97471
Validating epoch 58 | loss: 0.6897 - accuracy: 0.625
Training epoch 59 | loss: 0.33715 - accuracy: 0.97572
Validating epoch 59 | loss: 0.69321 - accuracy: 0.62156
Training epoch 60 | loss: 0.33733 - accuracy: 0.97558
Validating epoch 60 | loss: 0.69227 - accuracy: 0.62156
Training epoch 61 | loss: 0.337 - accuracy: 0.97587
Validating epoch 61 | loss: 0.69092 - accuracy: 0.62156
Training epoch 62 | loss: 0.33704 - accuracy: 0.97587
Validating epoch 62 | loss: 0.70205 - accuracy: 0.61353
Training epoch 63 | loss: 0.33698 - accuracy: 0.97601
Validating epoch 63 | loss: 0.7148 - accuracy: 0.59977
Training epoch 64 | loss: 0.33734 - accuracy: 0.97543
Validating epoch 64 | loss: 0.67948 - accuracy: 0.63188
Training epoch 65 | loss: 0.33659 - accuracy: 0.9763
Validating epoch 65 | loss: 0.68107 - accuracy: 0.63303
Training epoch 66 | loss: 0.33643 - accuracy: 0.97645
Validating epoch 66 | loss: 0.68051 - accuracy: 0.63417
Training epoch 67 | loss: 0.33688 - accuracy: 0.97601
Validating epoch 67 | loss: 0.70621 - accuracy: 0.6078
Training epoch 68 | loss: 0.33931 - accuracy: 0.97355
Validating epoch 68 | loss: 0.6521 - accuracy: 0.6617
Training epoch 69 | loss: 0.33761 - accuracy: 0.97514
Validating epoch 69 | loss: 0.68365 - accuracy: 0.63188
Training epoch 70 | loss: 0.33794 - accuracy: 0.97486
Validating epoch 70 | loss: 0.66354 - accuracy: 0.65023
Training epoch 71 | loss: 0.33712 - accuracy: 0.97572
Validating epoch 71 | loss: 0.67696 - accuracy: 0.63761
Training epoch 72 | loss: 0.33869 - accuracy: 0.9763
Validating epoch 72 | loss: 0.68582 - accuracy: 0.62844
Training epoch 73 | loss: 0.33771 - accuracy: 0.97529
Validating epoch 73 | loss: 0.62581 - accuracy: 0.68693
Training epoch 74 | loss: 0.34201 - accuracy: 0.97081
Validating epoch 74 | loss: 0.66183 - accuracy: 0.65367
Training epoch 75 | loss: 0.33939 - accuracy: 0.97341
Validating epoch 75 | loss: 0.65299 - accuracy: 0.66055
Training epoch 76 | loss: 0.33813 - accuracy: 0.97428
Validating epoch 76 | loss: 0.69442 - accuracy: 0.62041
Training epoch 77 | loss: 0.33851 - accuracy: 0.97413
Validating epoch 77 | loss: 0.70499 - accuracy: 0.60894
Training epoch 78 | loss: 0.33528 - accuracy: 0.9776
Validating epoch 78 | loss: 0.69727 - accuracy: 0.61583
Training epoch 79 | loss: 0.33569 - accuracy: 0.97717
Validating epoch 79 | loss: 0.67905 - accuracy: 0.63532
Training epoch 80 | loss: 0.34152 - accuracy: 0.97095
Validating epoch 80 | loss: 0.70627 - accuracy: 0.60894
Training epoch 81 | loss: 0.33835 - accuracy: 0.97457
Validating epoch 81 | loss: 0.69301 - accuracy: 0.61927
Training epoch 82 | loss: 0.33786 - accuracy: 0.97717
Validating epoch 82 | loss: 0.67678 - accuracy: 0.63761
Training epoch 83 | loss: 0.33685 - accuracy: 0.97587
Validating epoch 83 | loss: 0.69121 - accuracy: 0.62156
Training epoch 84 | loss: 0.33544 - accuracy: 0.97746
Validating epoch 84 | loss: 0.70271 - accuracy: 0.61124
Training epoch 85 | loss: 0.33478 - accuracy: 0.97818
Validating epoch 85 | loss: 0.70711 - accuracy: 0.6078
Training epoch 86 | loss: 0.33725 - accuracy: 0.97558
Validating epoch 86 | loss: 0.62565 - accuracy: 0.69037
Training epoch 87 | loss: 0.34127 - accuracy: 0.9737
Validating epoch 87 | loss: 0.66472 - accuracy: 0.64794
Training epoch 88 | loss: 0.33522 - accuracy: 0.97775
Validating epoch 88 | loss: 0.70533 - accuracy: 0.60894
Training epoch 89 | loss: 0.33688 - accuracy: 0.97818
Validating epoch 89 | loss: 0.71106 - accuracy: 0.60436
Training epoch 90 | loss: 0.33472 - accuracy: 0.97818
Validating epoch 90 | loss: 0.70724 - accuracy: 0.6078
Training epoch 91 | loss: 0.33459 - accuracy: 0.97832
Validating epoch 91 | loss: 0.7093 - accuracy: 0.60665
Training epoch 92 | loss: 0.33457 - accuracy: 0.97832
Validating epoch 92 | loss: 0.71091 - accuracy: 0.60321
Training epoch 93 | loss: 0.33643 - accuracy: 0.97861
Validating epoch 93 | loss: 0.70827 - accuracy: 0.6078
Training epoch 94 | loss: 0.33415 - accuracy: 0.97876
Validating epoch 94 | loss: 0.70883 - accuracy: 0.60665
Training epoch 95 | loss: 0.33614 - accuracy: 0.9789
Validating epoch 95 | loss: 0.70719 - accuracy: 0.6078
Training epoch 96 | loss: 0.33401 - accuracy: 0.9789
Validating epoch 96 | loss: 0.7069 - accuracy: 0.60894
Training epoch 97 | loss: 0.33402 - accuracy: 0.9789
Validating epoch 97 | loss: 0.72307 - accuracy: 0.5906
Training epoch 98 | loss: 0.33424 - accuracy: 0.97876
Validating epoch 98 | loss: 0.70005 - accuracy: 0.61468
Training epoch 99 | loss: 0.34463 - accuracy: 0.96777
Validating epoch 99 | loss: 0.64595 - accuracy: 0.66628
Model is RNN, dataset is sst, undersample is False, aug mode is None, geo is 0.5, pct_usage is None, small_label is 1, small_prop is 0.1, balance_seed is 2, lr is 0.001
Training epoch 0 | loss: 0.65534 - accuracy: 0.61199
Validating epoch 0 | loss: 0.58179 - accuracy: 0.73853
Training epoch 1 | loss: 0.53108 - accuracy: 0.78671
Validating epoch 1 | loss: 0.53765 - accuracy: 0.77064
Training epoch 2 | loss: 0.47338 - accuracy: 0.83945
Validating epoch 2 | loss: 0.57335 - accuracy: 0.72706
Training epoch 3 | loss: 0.44279 - accuracy: 0.8724
Validating epoch 3 | loss: 0.55744 - accuracy: 0.75
Training epoch 4 | loss: 0.41571 - accuracy: 0.8974
Validating epoch 4 | loss: 0.52494 - accuracy: 0.78555
Training epoch 5 | loss: 0.40132 - accuracy: 0.91171
Validating epoch 5 | loss: 0.58661 - accuracy: 0.72362
Training epoch 6 | loss: 0.39588 - accuracy: 0.91561
Validating epoch 6 | loss: 0.55704 - accuracy: 0.75573
Training epoch 7 | loss: 0.38699 - accuracy: 0.92962
Validating epoch 7 | loss: 0.58336 - accuracy: 0.72821
Training epoch 8 | loss: 0.38218 - accuracy: 0.92991
Validating epoch 8 | loss: 0.60274 - accuracy: 0.70872
Training epoch 9 | loss: 0.37719 - accuracy: 0.93468
Validating epoch 9 | loss: 0.57846 - accuracy: 0.73394
Training epoch 10 | loss: 0.42239 - accuracy: 0.88829
Validating epoch 10 | loss: 0.5914 - accuracy: 0.71674
Training epoch 11 | loss: 0.42149 - accuracy: 0.89104
Validating epoch 11 | loss: 0.55003 - accuracy: 0.76147
Training epoch 12 | loss: 0.37458 - accuracy: 0.93786
Validating epoch 12 | loss: 0.55816 - accuracy: 0.75229
Training epoch 13 | loss: 0.3838 - accuracy: 0.92977
Validating epoch 13 | loss: 0.55054 - accuracy: 0.76261
Training epoch 14 | loss: 0.37085 - accuracy: 0.94162
Validating epoch 14 | loss: 0.58141 - accuracy: 0.72821
Training epoch 15 | loss: 0.37423 - accuracy: 0.94046
Validating epoch 15 | loss: 0.62015 - accuracy: 0.69037
Training epoch 16 | loss: 0.37709 - accuracy: 0.93483
Validating epoch 16 | loss: 0.61498 - accuracy: 0.6961
Training epoch 17 | loss: 0.36274 - accuracy: 0.94957
Validating epoch 17 | loss: 0.622 - accuracy: 0.68693
Training epoch 18 | loss: 0.35917 - accuracy: 0.95347
Validating epoch 18 | loss: 0.63521 - accuracy: 0.67546
Training epoch 19 | loss: 0.36578 - accuracy: 0.9487
Validating epoch 19 | loss: 0.57521 - accuracy: 0.73624
Training epoch 20 | loss: 0.36204 - accuracy: 0.95
Validating epoch 20 | loss: 0.61759 - accuracy: 0.69381
Training epoch 21 | loss: 0.36251 - accuracy: 0.94928
Validating epoch 21 | loss: 0.59146 - accuracy: 0.72018
Training epoch 22 | loss: 0.35959 - accuracy: 0.95246
Validating epoch 22 | loss: 0.60065 - accuracy: 0.70757
Training epoch 23 | loss: 0.3708 - accuracy: 0.94118
Validating epoch 23 | loss: 0.58092 - accuracy: 0.72706
Training epoch 24 | loss: 0.36209 - accuracy: 0.95231
Validating epoch 24 | loss: 0.56789 - accuracy: 0.74541
Training epoch 25 | loss: 0.37101 - accuracy: 0.94263
Validating epoch 25 | loss: 0.6079 - accuracy: 0.70298
Training epoch 26 | loss: 0.3626 - accuracy: 0.95202
Validating epoch 26 | loss: 0.55541 - accuracy: 0.75344
Training epoch 27 | loss: 0.36254 - accuracy: 0.94971
Validating epoch 27 | loss: 0.60773 - accuracy: 0.70413
Training epoch 28 | loss: 0.3644 - accuracy: 0.95014
Validating epoch 28 | loss: 0.55112 - accuracy: 0.76261
Training epoch 29 | loss: 0.36041 - accuracy: 0.95159
Validating epoch 29 | loss: 0.59142 - accuracy: 0.72133
Training epoch 30 | loss: 0.35873 - accuracy: 0.95318
Validating epoch 30 | loss: 0.60667 - accuracy: 0.70413
Training epoch 31 | loss: 0.36026 - accuracy: 0.95231
Validating epoch 31 | loss: 0.57203 - accuracy: 0.73968
Training epoch 32 | loss: 0.35704 - accuracy: 0.95506
Validating epoch 32 | loss: 0.61188 - accuracy: 0.69839
Training epoch 33 | loss: 0.35402 - accuracy: 0.95838
Validating epoch 33 | loss: 0.58767 - accuracy: 0.72248
Training epoch 34 | loss: 0.35294 - accuracy: 0.95939
Validating epoch 34 | loss: 0.62121 - accuracy: 0.69037
Training epoch 35 | loss: 0.35008 - accuracy: 0.96257
Validating epoch 35 | loss: 0.61496 - accuracy: 0.69495
Training epoch 36 | loss: 0.34859 - accuracy: 0.96416
Validating epoch 36 | loss: 0.59941 - accuracy: 0.70986
Training epoch 37 | loss: 0.34831 - accuracy: 0.96445
Validating epoch 37 | loss: 0.62294 - accuracy: 0.68807
Training epoch 38 | loss: 0.3474 - accuracy: 0.96532
Validating epoch 38 | loss: 0.62508 - accuracy: 0.68578
Training epoch 39 | loss: 0.34715 - accuracy: 0.96561
Validating epoch 39 | loss: 0.62943 - accuracy: 0.68119
Training epoch 40 | loss: 0.34818 - accuracy: 0.96445
Validating epoch 40 | loss: 0.60537 - accuracy: 0.70757
Training epoch 41 | loss: 0.34782 - accuracy: 0.96488
Validating epoch 41 | loss: 0.6166 - accuracy: 0.69495
Training epoch 42 | loss: 0.34915 - accuracy: 0.96575
Validating epoch 42 | loss: 0.61547 - accuracy: 0.69725
Training epoch 43 | loss: 0.34748 - accuracy: 0.96517
Validating epoch 43 | loss: 0.62688 - accuracy: 0.68463
Training epoch 44 | loss: 0.34877 - accuracy: 0.96387
Validating epoch 44 | loss: 0.567 - accuracy: 0.74656
Training epoch 45 | loss: 0.35087 - accuracy: 0.96171
Validating epoch 45 | loss: 0.63346 - accuracy: 0.6789
Training epoch 46 | loss: 0.35899 - accuracy: 0.95491
Validating epoch 46 | loss: 0.5956 - accuracy: 0.71445
Training epoch 47 | loss: 0.38138 - accuracy: 0.93251
Validating epoch 47 | loss: 0.58551 - accuracy: 0.72821
Training epoch 48 | loss: 0.36022 - accuracy: 0.95202
Validating epoch 48 | loss: 0.56273 - accuracy: 0.74885
Training epoch 49 | loss: 0.35438 - accuracy: 0.95795
Validating epoch 49 | loss: 0.58006 - accuracy: 0.73165
Training epoch 50 | loss: 0.35436 - accuracy: 0.96243
Validating epoch 50 | loss: 0.63619 - accuracy: 0.67661
Training epoch 51 | loss: 0.3547 - accuracy: 0.95766
Validating epoch 51 | loss: 0.61141 - accuracy: 0.70183
