Model is RNN, dataset is sst, undersample is False, aug mode is None, geo is 0.5, pct_usage is None, small_label is 1, small_prop is 0.5, balance_seed is 3, lr is 0.001
Training epoch 0 | loss: 0.66176 - accuracy: 0.59292
Validating epoch 0 | loss: 0.57839 - accuracy: 0.7672
Training epoch 1 | loss: 0.53454 - accuracy: 0.77861
Validating epoch 1 | loss: 0.51861 - accuracy: 0.78326
Training epoch 2 | loss: 0.49378 - accuracy: 0.8104
Validating epoch 2 | loss: 0.53654 - accuracy: 0.77064
Training epoch 3 | loss: 0.48721 - accuracy: 0.81517
Validating epoch 3 | loss: 0.52137 - accuracy: 0.78899
Training epoch 4 | loss: 0.47787 - accuracy: 0.83844
Validating epoch 4 | loss: 0.53911 - accuracy: 0.76606
Training epoch 5 | loss: 0.46333 - accuracy: 0.84451
Validating epoch 5 | loss: 0.52396 - accuracy: 0.77867
Training epoch 6 | loss: 0.459 - accuracy: 0.85
Validating epoch 6 | loss: 0.51786 - accuracy: 0.7867
Training epoch 7 | loss: 0.44634 - accuracy: 0.86358
Validating epoch 7 | loss: 0.5193 - accuracy: 0.78555
Training epoch 8 | loss: 0.44546 - accuracy: 0.86517
Validating epoch 8 | loss: 0.5112 - accuracy: 0.79587
Training epoch 9 | loss: 0.44134 - accuracy: 0.87038
Validating epoch 9 | loss: 0.51777 - accuracy: 0.78899
Training epoch 10 | loss: 0.43686 - accuracy: 0.87717
Validating epoch 10 | loss: 0.5173 - accuracy: 0.78899
Training epoch 11 | loss: 0.41893 - accuracy: 0.89046
Validating epoch 11 | loss: 0.51756 - accuracy: 0.79128
Training epoch 12 | loss: 0.41931 - accuracy: 0.89494
Validating epoch 12 | loss: 0.52269 - accuracy: 0.78784
Training epoch 13 | loss: 0.4094 - accuracy: 0.90376
Validating epoch 13 | loss: 0.51478 - accuracy: 0.79702
Training epoch 14 | loss: 0.40466 - accuracy: 0.9065
Validating epoch 14 | loss: 0.51944 - accuracy: 0.78899
Training epoch 15 | loss: 0.4009 - accuracy: 0.9104
Validating epoch 15 | loss: 0.51498 - accuracy: 0.79587
Training epoch 16 | loss: 0.41021 - accuracy: 0.90217
Validating epoch 16 | loss: 0.52769 - accuracy: 0.78211
Training epoch 17 | loss: 0.40539 - accuracy: 0.90491
Validating epoch 17 | loss: 0.51729 - accuracy: 0.79128
Training epoch 18 | loss: 0.39498 - accuracy: 0.91806
Validating epoch 18 | loss: 0.52226 - accuracy: 0.79128
Training epoch 19 | loss: 0.40831 - accuracy: 0.90217
Validating epoch 19 | loss: 0.52238 - accuracy: 0.79128
Training epoch 20 | loss: 0.38931 - accuracy: 0.92225
Validating epoch 20 | loss: 0.51324 - accuracy: 0.80046
Training epoch 21 | loss: 0.41353 - accuracy: 0.89754
Validating epoch 21 | loss: 0.51382 - accuracy: 0.79931
Training epoch 22 | loss: 0.39067 - accuracy: 0.92298
Validating epoch 22 | loss: 0.52373 - accuracy: 0.78899
Training epoch 23 | loss: 0.38791 - accuracy: 0.92818
Validating epoch 23 | loss: 0.51431 - accuracy: 0.79702
Training epoch 24 | loss: 0.38689 - accuracy: 0.92457
Validating epoch 24 | loss: 0.50474 - accuracy: 0.80963
Training epoch 25 | loss: 0.38725 - accuracy: 0.92861
Validating epoch 25 | loss: 0.50594 - accuracy: 0.80619
Training epoch 26 | loss: 0.37852 - accuracy: 0.93338
Validating epoch 26 | loss: 0.50717 - accuracy: 0.80619
Training epoch 27 | loss: 0.38039 - accuracy: 0.9315
Validating epoch 27 | loss: 0.50757 - accuracy: 0.80505
Training epoch 28 | loss: 0.38537 - accuracy: 0.93266
Validating epoch 28 | loss: 0.50718 - accuracy: 0.8039
Training epoch 29 | loss: 0.38205 - accuracy: 0.92962
Validating epoch 29 | loss: 0.51531 - accuracy: 0.79702
Training epoch 30 | loss: 0.38943 - accuracy: 0.92659
Validating epoch 30 | loss: 0.51385 - accuracy: 0.79702
Training epoch 31 | loss: 0.38158 - accuracy: 0.92977
Validating epoch 31 | loss: 0.51533 - accuracy: 0.79358
Training epoch 32 | loss: 0.37877 - accuracy: 0.9328
Validating epoch 32 | loss: 0.50789 - accuracy: 0.80275
Training epoch 33 | loss: 0.37849 - accuracy: 0.9341
Validating epoch 33 | loss: 0.50799 - accuracy: 0.80275
Training epoch 34 | loss: 0.4026 - accuracy: 0.90824
Validating epoch 34 | loss: 0.51222 - accuracy: 0.80161
Training epoch 35 | loss: 0.4051 - accuracy: 0.90867
Validating epoch 35 | loss: 0.50654 - accuracy: 0.80619
Training epoch 36 | loss: 0.42815 - accuracy: 0.88194
Validating epoch 36 | loss: 0.51013 - accuracy: 0.80275
Training epoch 37 | loss: 0.3822 - accuracy: 0.92934
Validating epoch 37 | loss: 0.50489 - accuracy: 0.80619
Training epoch 38 | loss: 0.37574 - accuracy: 0.93858
Validating epoch 38 | loss: 0.50879 - accuracy: 0.8039
Training epoch 39 | loss: 0.36986 - accuracy: 0.94277
Validating epoch 39 | loss: 0.51814 - accuracy: 0.79243
Training epoch 40 | loss: 0.37325 - accuracy: 0.94118
Validating epoch 40 | loss: 0.51348 - accuracy: 0.80046
Training epoch 41 | loss: 0.38177 - accuracy: 0.92934
Validating epoch 41 | loss: 0.515 - accuracy: 0.80161
Training epoch 42 | loss: 0.37237 - accuracy: 0.9396
Validating epoch 42 | loss: 0.51648 - accuracy: 0.79587
Training epoch 43 | loss: 0.37435 - accuracy: 0.94061
Validating epoch 43 | loss: 0.50927 - accuracy: 0.8039
Training epoch 44 | loss: 0.37522 - accuracy: 0.93902
Validating epoch 44 | loss: 0.52341 - accuracy: 0.79014
Training epoch 45 | loss: 0.38106 - accuracy: 0.93295
Validating epoch 45 | loss: 0.5152 - accuracy: 0.79817
Training epoch 46 | loss: 0.38639 - accuracy: 0.92558
Validating epoch 46 | loss: 0.50347 - accuracy: 0.80849
Training epoch 47 | loss: 0.38877 - accuracy: 0.92225
Validating epoch 47 | loss: 0.50896 - accuracy: 0.8039
Training epoch 48 | loss: 0.37249 - accuracy: 0.93902
Validating epoch 48 | loss: 0.50272 - accuracy: 0.80963
Training epoch 49 | loss: 0.382 - accuracy: 0.93396
Validating epoch 49 | loss: 0.52192 - accuracy: 0.79358
Training epoch 50 | loss: 0.37501 - accuracy: 0.93887
Validating epoch 50 | loss: 0.50213 - accuracy: 0.81078
Training epoch 51 | loss: 0.36774 - accuracy: 0.94436
Validating epoch 51 | loss: 0.52039 - accuracy: 0.79358
Training epoch 52 | loss: 0.36846 - accuracy: 0.94595
Validating epoch 52 | loss: 0.50355 - accuracy: 0.80849
Training epoch 53 | loss: 0.36467 - accuracy: 0.94769
Validating epoch 53 | loss: 0.51082 - accuracy: 0.80275
Training epoch 54 | loss: 0.36619 - accuracy: 0.94841
Validating epoch 54 | loss: 0.50515 - accuracy: 0.80619
Training epoch 55 | loss: 0.36414 - accuracy: 0.94841
Validating epoch 55 | loss: 0.50793 - accuracy: 0.80161
Training epoch 56 | loss: 0.36701 - accuracy: 0.94523
Validating epoch 56 | loss: 0.50817 - accuracy: 0.80505
Training epoch 57 | loss: 0.36621 - accuracy: 0.94581
Validating epoch 57 | loss: 0.49883 - accuracy: 0.81193
Training epoch 58 | loss: 0.36448 - accuracy: 0.94986
Validating epoch 58 | loss: 0.50841 - accuracy: 0.80505
Training epoch 59 | loss: 0.36484 - accuracy: 0.94957
Validating epoch 59 | loss: 0.50443 - accuracy: 0.80963
Training epoch 60 | loss: 0.36654 - accuracy: 0.94581
Validating epoch 60 | loss: 0.5081 - accuracy: 0.80619
Training epoch 61 | loss: 0.36569 - accuracy: 0.94653
Validating epoch 61 | loss: 0.50955 - accuracy: 0.80505
Training epoch 62 | loss: 0.36477 - accuracy: 0.94971
Validating epoch 62 | loss: 0.50858 - accuracy: 0.80505
Training epoch 63 | loss: 0.36172 - accuracy: 0.95058
Validating epoch 63 | loss: 0.50172 - accuracy: 0.81078
Training epoch 64 | loss: 0.36163 - accuracy: 0.95072
Validating epoch 64 | loss: 0.50407 - accuracy: 0.80619
Training epoch 65 | loss: 0.36209 - accuracy: 0.95029
Validating epoch 65 | loss: 0.52482 - accuracy: 0.78784
Training epoch 66 | loss: 0.37127 - accuracy: 0.94061
Validating epoch 66 | loss: 0.51581 - accuracy: 0.79817
Training epoch 67 | loss: 0.36919 - accuracy: 0.94494
Validating epoch 67 | loss: 0.51792 - accuracy: 0.79472
Training epoch 68 | loss: 0.36498 - accuracy: 0.94711
Validating epoch 68 | loss: 0.51021 - accuracy: 0.8039
Training epoch 69 | loss: 0.36871 - accuracy: 0.9435
Validating epoch 69 | loss: 0.51645 - accuracy: 0.79931
Training epoch 70 | loss: 0.36748 - accuracy: 0.94465
Validating epoch 70 | loss: 0.51743 - accuracy: 0.79702
Training epoch 71 | loss: 0.36514 - accuracy: 0.94697
Validating epoch 71 | loss: 0.51197 - accuracy: 0.80161
Training epoch 72 | loss: 0.36407 - accuracy: 0.95043
Validating epoch 72 | loss: 0.51206 - accuracy: 0.80275
Training epoch 73 | loss: 0.36727 - accuracy: 0.9448
Validating epoch 73 | loss: 0.52657 - accuracy: 0.78899
Training epoch 74 | loss: 0.36774 - accuracy: 0.94436
Validating epoch 74 | loss: 0.5163 - accuracy: 0.79472
Training epoch 75 | loss: 0.37864 - accuracy: 0.93483
Validating epoch 75 | loss: 0.5229 - accuracy: 0.79128
Training epoch 76 | loss: 0.37688 - accuracy: 0.93512
Validating epoch 76 | loss: 0.50742 - accuracy: 0.80619
Training epoch 77 | loss: 0.38129 - accuracy: 0.93092
Validating epoch 77 | loss: 0.50388 - accuracy: 0.80963
Training epoch 78 | loss: 0.37857 - accuracy: 0.93251
Validating epoch 78 | loss: 0.5107 - accuracy: 0.8039
Training epoch 79 | loss: 0.36906 - accuracy: 0.94335
Validating epoch 79 | loss: 0.50491 - accuracy: 0.80849
Training epoch 80 | loss: 0.36835 - accuracy: 0.94581
Validating epoch 80 | loss: 0.51286 - accuracy: 0.80161
Training epoch 81 | loss: 0.36325 - accuracy: 0.94913
Validating epoch 81 | loss: 0.52103 - accuracy: 0.79128
Training epoch 82 | loss: 0.3729 - accuracy: 0.94104
Validating epoch 82 | loss: 0.49996 - accuracy: 0.81422
Training epoch 83 | loss: 0.36468 - accuracy: 0.9474
Validating epoch 83 | loss: 0.51055 - accuracy: 0.8039
Training epoch 84 | loss: 0.36635 - accuracy: 0.94798
Validating epoch 84 | loss: 0.50836 - accuracy: 0.8039
Training epoch 85 | loss: 0.36104 - accuracy: 0.9513
Validating epoch 85 | loss: 0.51126 - accuracy: 0.80161
Training epoch 86 | loss: 0.35974 - accuracy: 0.9526
Validating epoch 86 | loss: 0.50645 - accuracy: 0.80734
Training epoch 87 | loss: 0.35774 - accuracy: 0.95491
Validating epoch 87 | loss: 0.50379 - accuracy: 0.81193
Training epoch 88 | loss: 0.35691 - accuracy: 0.95564
Validating epoch 88 | loss: 0.51369 - accuracy: 0.79931
Training epoch 89 | loss: 0.35911 - accuracy: 0.95549
Validating epoch 89 | loss: 0.50758 - accuracy: 0.80505
Training epoch 90 | loss: 0.36443 - accuracy: 0.95405
Validating epoch 90 | loss: 0.50094 - accuracy: 0.81193
Training epoch 91 | loss: 0.36701 - accuracy: 0.94494
Validating epoch 91 | loss: 0.51559 - accuracy: 0.79931
Training epoch 92 | loss: 0.36491 - accuracy: 0.94754
Validating epoch 92 | loss: 0.50387 - accuracy: 0.80849
Training epoch 93 | loss: 0.36238 - accuracy: 0.95188
Validating epoch 93 | loss: 0.51225 - accuracy: 0.79931
Training epoch 94 | loss: 0.36096 - accuracy: 0.95361
Validating epoch 94 | loss: 0.50966 - accuracy: 0.80161
Training epoch 95 | loss: 0.35769 - accuracy: 0.95448
Validating epoch 95 | loss: 0.50458 - accuracy: 0.80619
Training epoch 96 | loss: 0.35753 - accuracy: 0.9552
Validating epoch 96 | loss: 0.50869 - accuracy: 0.80275
Training epoch 97 | loss: 0.36311 - accuracy: 0.95145
Validating epoch 97 | loss: 0.50722 - accuracy: 0.80849
Training epoch 98 | loss: 0.3552 - accuracy: 0.95751
Validating epoch 98 | loss: 0.50659 - accuracy: 0.80505
Training epoch 99 | loss: 0.35799 - accuracy: 0.95434
Validating epoch 99 | loss: 0.51035 - accuracy: 0.80161
Model is RNN, dataset is sst, undersample is True, aug mode is None, geo is 0.5, pct_usage is None, small_label is 1, small_prop is 0.5, balance_seed is 3, lr is 0.001
Training epoch 0 | loss: 0.68756 - accuracy: 0.57867
Validating epoch 0 | loss: 0.65614 - accuracy: 0.69954
Training epoch 1 | loss: 0.59686 - accuracy: 0.74127
Validating epoch 1 | loss: 0.52124 - accuracy: 0.79014
Training epoch 2 | loss: 0.52606 - accuracy: 0.7759
Validating epoch 2 | loss: 0.51117 - accuracy: 0.79702
Training epoch 3 | loss: 0.50982 - accuracy: 0.7964
Validating epoch 3 | loss: 0.51408 - accuracy: 0.78899
Training epoch 4 | loss: 0.49106 - accuracy: 0.81967
Validating epoch 4 | loss: 0.52026 - accuracy: 0.79128
Training epoch 5 | loss: 0.48393 - accuracy: 0.81856
Validating epoch 5 | loss: 0.51235 - accuracy: 0.79587
Training epoch 6 | loss: 0.48208 - accuracy: 0.82881
Validating epoch 6 | loss: 0.51266 - accuracy: 0.79931
Training epoch 7 | loss: 0.47388 - accuracy: 0.83213
Validating epoch 7 | loss: 0.52669 - accuracy: 0.78096
Training epoch 8 | loss: 0.46264 - accuracy: 0.84432
Validating epoch 8 | loss: 0.51907 - accuracy: 0.79128
Training epoch 9 | loss: 0.45556 - accuracy: 0.85623
Validating epoch 9 | loss: 0.50882 - accuracy: 0.79817
Training epoch 10 | loss: 0.44544 - accuracy: 0.86731
Validating epoch 10 | loss: 0.52763 - accuracy: 0.7844
Training epoch 11 | loss: 0.43682 - accuracy: 0.87535
Validating epoch 11 | loss: 0.50872 - accuracy: 0.8039
Training epoch 12 | loss: 0.44388 - accuracy: 0.86759
Validating epoch 12 | loss: 0.50511 - accuracy: 0.80734
Training epoch 13 | loss: 0.43029 - accuracy: 0.88033
Validating epoch 13 | loss: 0.5188 - accuracy: 0.79128
Training epoch 14 | loss: 0.42969 - accuracy: 0.88421
Validating epoch 14 | loss: 0.50474 - accuracy: 0.80619
Training epoch 15 | loss: 0.43864 - accuracy: 0.87424
Validating epoch 15 | loss: 0.52863 - accuracy: 0.78211
Training epoch 16 | loss: 0.44072 - accuracy: 0.86953
Validating epoch 16 | loss: 0.52042 - accuracy: 0.7867
Training epoch 17 | loss: 0.43122 - accuracy: 0.8795
Validating epoch 17 | loss: 0.51472 - accuracy: 0.79358
Training epoch 18 | loss: 0.42282 - accuracy: 0.88615
Validating epoch 18 | loss: 0.51429 - accuracy: 0.79817
Training epoch 19 | loss: 0.43365 - accuracy: 0.88006
Validating epoch 19 | loss: 0.51112 - accuracy: 0.79931
Training epoch 20 | loss: 0.42231 - accuracy: 0.89114
Validating epoch 20 | loss: 0.50909 - accuracy: 0.8039
Training epoch 21 | loss: 0.41191 - accuracy: 0.90166
Validating epoch 21 | loss: 0.52133 - accuracy: 0.78899
Training epoch 22 | loss: 0.40052 - accuracy: 0.91357
Validating epoch 22 | loss: 0.50985 - accuracy: 0.8039
Training epoch 23 | loss: 0.40111 - accuracy: 0.91302
Validating epoch 23 | loss: 0.51312 - accuracy: 0.80046
Training epoch 24 | loss: 0.40077 - accuracy: 0.91219
Validating epoch 24 | loss: 0.52103 - accuracy: 0.78899
Training epoch 25 | loss: 0.40319 - accuracy: 0.9072
Validating epoch 25 | loss: 0.51918 - accuracy: 0.7867
Training epoch 26 | loss: 0.39745 - accuracy: 0.91413
Validating epoch 26 | loss: 0.52163 - accuracy: 0.79014
Training epoch 27 | loss: 0.39042 - accuracy: 0.92271
Validating epoch 27 | loss: 0.51381 - accuracy: 0.79472
Training epoch 28 | loss: 0.38783 - accuracy: 0.92382
Validating epoch 28 | loss: 0.52666 - accuracy: 0.78784
Training epoch 29 | loss: 0.38906 - accuracy: 0.92161
Validating epoch 29 | loss: 0.51758 - accuracy: 0.79128
Training epoch 30 | loss: 0.39329 - accuracy: 0.92188
Validating epoch 30 | loss: 0.51695 - accuracy: 0.79243
Training epoch 31 | loss: 0.38817 - accuracy: 0.92438
Validating epoch 31 | loss: 0.52366 - accuracy: 0.78899
Training epoch 32 | loss: 0.39365 - accuracy: 0.92244
Validating epoch 32 | loss: 0.51943 - accuracy: 0.79128
Training epoch 33 | loss: 0.39 - accuracy: 0.92382
Validating epoch 33 | loss: 0.51399 - accuracy: 0.79817
Training epoch 34 | loss: 0.38602 - accuracy: 0.92521
Validating epoch 34 | loss: 0.51589 - accuracy: 0.79587
Training epoch 35 | loss: 0.39958 - accuracy: 0.90997
Validating epoch 35 | loss: 0.52178 - accuracy: 0.78784
Training epoch 36 | loss: 0.3872 - accuracy: 0.92521
Validating epoch 36 | loss: 0.51434 - accuracy: 0.79702
Training epoch 37 | loss: 0.37877 - accuracy: 0.93407
Validating epoch 37 | loss: 0.52325 - accuracy: 0.7867
Training epoch 38 | loss: 0.38769 - accuracy: 0.92687
Validating epoch 38 | loss: 0.52106 - accuracy: 0.78899
Training epoch 39 | loss: 0.38596 - accuracy: 0.92715
Validating epoch 39 | loss: 0.5279 - accuracy: 0.78555
Training epoch 40 | loss: 0.39421 - accuracy: 0.9169
Validating epoch 40 | loss: 0.52448 - accuracy: 0.78899
Training epoch 41 | loss: 0.39216 - accuracy: 0.9205
Validating epoch 41 | loss: 0.5274 - accuracy: 0.7844
Training epoch 42 | loss: 0.39427 - accuracy: 0.9169
Validating epoch 42 | loss: 0.5179 - accuracy: 0.79243
Training epoch 43 | loss: 0.38624 - accuracy: 0.92992
Validating epoch 43 | loss: 0.51816 - accuracy: 0.79128
Training epoch 44 | loss: 0.3818 - accuracy: 0.92992
Validating epoch 44 | loss: 0.51582 - accuracy: 0.79472
Training epoch 45 | loss: 0.37613 - accuracy: 0.93657
Validating epoch 45 | loss: 0.51863 - accuracy: 0.79358
Training epoch 46 | loss: 0.38157 - accuracy: 0.93186
Validating epoch 46 | loss: 0.51529 - accuracy: 0.79472
Training epoch 47 | loss: 0.38695 - accuracy: 0.92438
Validating epoch 47 | loss: 0.52087 - accuracy: 0.79014
Training epoch 48 | loss: 0.37644 - accuracy: 0.93629
Validating epoch 48 | loss: 0.52202 - accuracy: 0.79014
Training epoch 49 | loss: 0.37606 - accuracy: 0.9385
Validating epoch 49 | loss: 0.5146 - accuracy: 0.79472
Training epoch 50 | loss: 0.37495 - accuracy: 0.9385
Validating epoch 50 | loss: 0.51902 - accuracy: 0.79128
Training epoch 51 | loss: 0.37331 - accuracy: 0.93906
Validating epoch 51 | loss: 0.52342 - accuracy: 0.78899
Training epoch 52 | loss: 0.386 - accuracy: 0.93102
Validating epoch 52 | loss: 0.52202 - accuracy: 0.78899
Training epoch 53 | loss: 0.37328 - accuracy: 0.94017
Validating epoch 53 | loss: 0.52458 - accuracy: 0.7844
Training epoch 54 | loss: 0.37363 - accuracy: 0.94211
Validating epoch 54 | loss: 0.52159 - accuracy: 0.79358
Training epoch 55 | loss: 0.37592 - accuracy: 0.93629
Validating epoch 55 | loss: 0.51506 - accuracy: 0.79817
Training epoch 56 | loss: 0.37944 - accuracy: 0.93213
Validating epoch 56 | loss: 0.51855 - accuracy: 0.79472
Training epoch 57 | loss: 0.37467 - accuracy: 0.93684
Validating epoch 57 | loss: 0.51592 - accuracy: 0.79587
Training epoch 58 | loss: 0.374 - accuracy: 0.93906
Validating epoch 58 | loss: 0.52075 - accuracy: 0.79358
Training epoch 59 | loss: 0.37921 - accuracy: 0.93629
Validating epoch 59 | loss: 0.51782 - accuracy: 0.79358
Training epoch 60 | loss: 0.37212 - accuracy: 0.94183
Validating epoch 60 | loss: 0.52297 - accuracy: 0.79128
Training epoch 61 | loss: 0.36691 - accuracy: 0.94488
Validating epoch 61 | loss: 0.51366 - accuracy: 0.80275
Training epoch 62 | loss: 0.37121 - accuracy: 0.94127
Validating epoch 62 | loss: 0.51791 - accuracy: 0.79702
Training epoch 63 | loss: 0.38101 - accuracy: 0.93186
Validating epoch 63 | loss: 0.51742 - accuracy: 0.79358
Training epoch 64 | loss: 0.37288 - accuracy: 0.94044
Validating epoch 64 | loss: 0.51813 - accuracy: 0.79243
Training epoch 65 | loss: 0.37773 - accuracy: 0.93352
Validating epoch 65 | loss: 0.5147 - accuracy: 0.79817
Training epoch 66 | loss: 0.37533 - accuracy: 0.9385
Validating epoch 66 | loss: 0.51313 - accuracy: 0.79931
Training epoch 67 | loss: 0.37073 - accuracy: 0.94183
Validating epoch 67 | loss: 0.5209 - accuracy: 0.79243
Training epoch 68 | loss: 0.36785 - accuracy: 0.94349
Validating epoch 68 | loss: 0.50831 - accuracy: 0.80505
Training epoch 69 | loss: 0.36881 - accuracy: 0.94377
Validating epoch 69 | loss: 0.52387 - accuracy: 0.79014
Training epoch 70 | loss: 0.36935 - accuracy: 0.94543
Validating epoch 70 | loss: 0.51999 - accuracy: 0.79243
Training epoch 71 | loss: 0.36803 - accuracy: 0.94709
Validating epoch 71 | loss: 0.52194 - accuracy: 0.79014
Training epoch 72 | loss: 0.36992 - accuracy: 0.94211
Validating epoch 72 | loss: 0.51956 - accuracy: 0.79243
Training epoch 73 | loss: 0.36976 - accuracy: 0.94321
Validating epoch 73 | loss: 0.52832 - accuracy: 0.78326
Training epoch 74 | loss: 0.37828 - accuracy: 0.93407
Validating epoch 74 | loss: 0.52779 - accuracy: 0.7844
Training epoch 75 | loss: 0.37715 - accuracy: 0.9338
Validating epoch 75 | loss: 0.5206 - accuracy: 0.79243
Training epoch 76 | loss: 0.3723 - accuracy: 0.94238
Validating epoch 76 | loss: 0.51828 - accuracy: 0.79358
Training epoch 77 | loss: 0.36485 - accuracy: 0.94848
Validating epoch 77 | loss: 0.52233 - accuracy: 0.79128
Training epoch 78 | loss: 0.36588 - accuracy: 0.94792
Validating epoch 78 | loss: 0.52441 - accuracy: 0.78899
Training epoch 79 | loss: 0.37763 - accuracy: 0.93241
Validating epoch 79 | loss: 0.5225 - accuracy: 0.79014
Training epoch 80 | loss: 0.36786 - accuracy: 0.94432
Validating epoch 80 | loss: 0.52405 - accuracy: 0.79128
Training epoch 81 | loss: 0.36378 - accuracy: 0.94931
Validating epoch 81 | loss: 0.52782 - accuracy: 0.7867
Training epoch 82 | loss: 0.36596 - accuracy: 0.94681
Validating epoch 82 | loss: 0.53181 - accuracy: 0.78211
Training epoch 83 | loss: 0.37291 - accuracy: 0.94044
Validating epoch 83 | loss: 0.52965 - accuracy: 0.78326
Training epoch 84 | loss: 0.37303 - accuracy: 0.9385
Validating epoch 84 | loss: 0.51476 - accuracy: 0.79702
Training epoch 85 | loss: 0.36724 - accuracy: 0.94598
Validating epoch 85 | loss: 0.51706 - accuracy: 0.79587
Training epoch 86 | loss: 0.37285 - accuracy: 0.94211
Validating epoch 86 | loss: 0.52055 - accuracy: 0.79128
Training epoch 87 | loss: 0.37014 - accuracy: 0.94321
Validating epoch 87 | loss: 0.52062 - accuracy: 0.79358
Training epoch 88 | loss: 0.36657 - accuracy: 0.94737
Validating epoch 88 | loss: 0.52365 - accuracy: 0.78784
Training epoch 89 | loss: 0.36257 - accuracy: 0.95069
Validating epoch 89 | loss: 0.52066 - accuracy: 0.79358
Training epoch 90 | loss: 0.36363 - accuracy: 0.94903
Validating epoch 90 | loss: 0.52032 - accuracy: 0.79128
Training epoch 91 | loss: 0.36207 - accuracy: 0.94986
Validating epoch 91 | loss: 0.52033 - accuracy: 0.79243
Training epoch 92 | loss: 0.36735 - accuracy: 0.94571
Validating epoch 92 | loss: 0.5401 - accuracy: 0.77294
Training epoch 93 | loss: 0.37014 - accuracy: 0.94488
Validating epoch 93 | loss: 0.51946 - accuracy: 0.79358
Training epoch 94 | loss: 0.3623 - accuracy: 0.94903
Validating epoch 94 | loss: 0.51834 - accuracy: 0.79587
Training epoch 95 | loss: 0.36135 - accuracy: 0.95263
Validating epoch 95 | loss: 0.5216 - accuracy: 0.79243
Training epoch 96 | loss: 0.35951 - accuracy: 0.95235
Validating epoch 96 | loss: 0.52086 - accuracy: 0.79243
Training epoch 97 | loss: 0.35919 - accuracy: 0.95291
Validating epoch 97 | loss: 0.51965 - accuracy: 0.79243
Training epoch 98 | loss: 0.36075 - accuracy: 0.95457
Validating epoch 98 | loss: 0.51948 - accuracy: 0.79472
Training epoch 99 | loss: 0.36343 - accuracy: 0.95042
Validating epoch 99 | loss: 0.52807 - accuracy: 0.78555
Model is RNN, dataset is sst, undersample is False, aug mode is context, geo is 1, pct_usage is None, small_label is 1, small_prop is 0.5, balance_seed is 3, lr is 0.001
Training epoch 0 | loss: 0.63451 - accuracy: 0.66737
Validating epoch 0 | loss: 0.56963 - accuracy: 0.75
Training epoch 1 | loss: 0.49764 - accuracy: 0.81601
Validating epoch 1 | loss: 0.61475 - accuracy: 0.67202
Training epoch 2 | loss: 0.46188 - accuracy: 0.84849
Validating epoch 2 | loss: 0.61516 - accuracy: 0.68234
Training epoch 3 | loss: 0.43597 - accuracy: 0.87583
Validating epoch 3 | loss: 0.62599 - accuracy: 0.68005
Training epoch 4 | loss: 0.42121 - accuracy: 0.89018
Validating epoch 4 | loss: 0.61225 - accuracy: 0.69381
Training epoch 5 | loss: 0.42308 - accuracy: 0.88776
Validating epoch 5 | loss: 0.61832 - accuracy: 0.68693
Training epoch 6 | loss: 0.40813 - accuracy: 0.90363
Validating epoch 6 | loss: 0.62415 - accuracy: 0.68463
Training epoch 7 | loss: 0.40005 - accuracy: 0.91208
Validating epoch 7 | loss: 0.6142 - accuracy: 0.69151
Training epoch 8 | loss: 0.394 - accuracy: 0.91873
Validating epoch 8 | loss: 0.61955 - accuracy: 0.69151
Training epoch 9 | loss: 0.3989 - accuracy: 0.91344
Validating epoch 9 | loss: 0.61927 - accuracy: 0.69266
Training epoch 10 | loss: 0.40694 - accuracy: 0.90529
Validating epoch 10 | loss: 0.615 - accuracy: 0.69495
Training epoch 11 | loss: 0.38803 - accuracy: 0.92508
Validating epoch 11 | loss: 0.60723 - accuracy: 0.70069
Training epoch 12 | loss: 0.38759 - accuracy: 0.92477
Validating epoch 12 | loss: 0.60554 - accuracy: 0.70757
Training epoch 13 | loss: 0.37788 - accuracy: 0.93384
Validating epoch 13 | loss: 0.61791 - accuracy: 0.68922
Training epoch 14 | loss: 0.37649 - accuracy: 0.93656
Validating epoch 14 | loss: 0.6066 - accuracy: 0.70183
Training epoch 15 | loss: 0.37715 - accuracy: 0.9355
Validating epoch 15 | loss: 0.61769 - accuracy: 0.69725
Training epoch 16 | loss: 0.3703 - accuracy: 0.94139
Validating epoch 16 | loss: 0.61287 - accuracy: 0.70183
Training epoch 17 | loss: 0.36897 - accuracy: 0.94381
Validating epoch 17 | loss: 0.60681 - accuracy: 0.70413
Training epoch 18 | loss: 0.37099 - accuracy: 0.94094
Validating epoch 18 | loss: 0.60947 - accuracy: 0.70069
Training epoch 19 | loss: 0.37677 - accuracy: 0.9355
Validating epoch 19 | loss: 0.61127 - accuracy: 0.69954
Training epoch 20 | loss: 0.36817 - accuracy: 0.94456
Validating epoch 20 | loss: 0.61171 - accuracy: 0.69954
Training epoch 21 | loss: 0.36489 - accuracy: 0.94758
Validating epoch 21 | loss: 0.59912 - accuracy: 0.71101
Training epoch 22 | loss: 0.36135 - accuracy: 0.95211
Validating epoch 22 | loss: 0.6244 - accuracy: 0.68922
Training epoch 23 | loss: 0.36322 - accuracy: 0.94955
Validating epoch 23 | loss: 0.60302 - accuracy: 0.70528
Training epoch 24 | loss: 0.35981 - accuracy: 0.95242
Validating epoch 24 | loss: 0.60555 - accuracy: 0.70642
Training epoch 25 | loss: 0.35547 - accuracy: 0.95801
Validating epoch 25 | loss: 0.62664 - accuracy: 0.68349
Training epoch 26 | loss: 0.36455 - accuracy: 0.94773
Validating epoch 26 | loss: 0.62354 - accuracy: 0.68922
Training epoch 27 | loss: 0.35732 - accuracy: 0.95604
Validating epoch 27 | loss: 0.60686 - accuracy: 0.70298
Training epoch 28 | loss: 0.35806 - accuracy: 0.95514
Validating epoch 28 | loss: 0.61253 - accuracy: 0.70069
Training epoch 29 | loss: 0.35683 - accuracy: 0.95604
Validating epoch 29 | loss: 0.61012 - accuracy: 0.69839
Training epoch 30 | loss: 0.35551 - accuracy: 0.9577
Validating epoch 30 | loss: 0.60633 - accuracy: 0.70528
Training epoch 31 | loss: 0.35907 - accuracy: 0.95438
Validating epoch 31 | loss: 0.60858 - accuracy: 0.70298
Training epoch 32 | loss: 0.35765 - accuracy: 0.95529
Validating epoch 32 | loss: 0.60799 - accuracy: 0.70528
Training epoch 33 | loss: 0.35726 - accuracy: 0.95589
Validating epoch 33 | loss: 0.62134 - accuracy: 0.68693
Training epoch 34 | loss: 0.35254 - accuracy: 0.96073
Validating epoch 34 | loss: 0.61383 - accuracy: 0.69839
Training epoch 35 | loss: 0.354 - accuracy: 0.95921
Validating epoch 35 | loss: 0.62328 - accuracy: 0.69037
Training epoch 36 | loss: 0.34997 - accuracy: 0.96329
Validating epoch 36 | loss: 0.6177 - accuracy: 0.69266
Training epoch 37 | loss: 0.35 - accuracy: 0.96329
Validating epoch 37 | loss: 0.61425 - accuracy: 0.69954
Training epoch 38 | loss: 0.34849 - accuracy: 0.9645
Validating epoch 38 | loss: 0.60467 - accuracy: 0.70986
Training epoch 39 | loss: 0.34766 - accuracy: 0.96571
Validating epoch 39 | loss: 0.60648 - accuracy: 0.70298
Training epoch 40 | loss: 0.34885 - accuracy: 0.9645
Validating epoch 40 | loss: 0.61659 - accuracy: 0.69495
Training epoch 41 | loss: 0.35837 - accuracy: 0.95468
Validating epoch 41 | loss: 0.62675 - accuracy: 0.68463
Training epoch 42 | loss: 0.36043 - accuracy: 0.95181
Validating epoch 42 | loss: 0.61564 - accuracy: 0.6961
Training epoch 43 | loss: 0.3642 - accuracy: 0.94879
Validating epoch 43 | loss: 0.61132 - accuracy: 0.70183
Training epoch 44 | loss: 0.35277 - accuracy: 0.96042
Validating epoch 44 | loss: 0.60368 - accuracy: 0.70872
Training epoch 45 | loss: 0.35113 - accuracy: 0.96163
Validating epoch 45 | loss: 0.59917 - accuracy: 0.7133
Training epoch 46 | loss: 0.36638 - accuracy: 0.94607
Validating epoch 46 | loss: 0.61326 - accuracy: 0.69954
Training epoch 47 | loss: 0.3537 - accuracy: 0.95876
Validating epoch 47 | loss: 0.61116 - accuracy: 0.70069
Training epoch 48 | loss: 0.3507 - accuracy: 0.96239
Validating epoch 48 | loss: 0.61602 - accuracy: 0.69839
Training epoch 49 | loss: 0.35178 - accuracy: 0.96088
Validating epoch 49 | loss: 0.61002 - accuracy: 0.70298
Training epoch 50 | loss: 0.34972 - accuracy: 0.96254
Validating epoch 50 | loss: 0.60951 - accuracy: 0.70298
Training epoch 51 | loss: 0.35167 - accuracy: 0.96103
Validating epoch 51 | loss: 0.60194 - accuracy: 0.71216
Training epoch 52 | loss: 0.34668 - accuracy: 0.96662
Validating epoch 52 | loss: 0.60546 - accuracy: 0.70757
Training epoch 53 | loss: 0.34674 - accuracy: 0.96647
Validating epoch 53 | loss: 0.59739 - accuracy: 0.71674
Training epoch 54 | loss: 0.34359 - accuracy: 0.96964
Validating epoch 54 | loss: 0.59918 - accuracy: 0.71445
Training epoch 55 | loss: 0.34284 - accuracy: 0.97054
Validating epoch 55 | loss: 0.59865 - accuracy: 0.71445
Training epoch 56 | loss: 0.34195 - accuracy: 0.97145
Validating epoch 56 | loss: 0.60594 - accuracy: 0.70642
Training epoch 57 | loss: 0.34389 - accuracy: 0.96918
Validating epoch 57 | loss: 0.59764 - accuracy: 0.7156
Training epoch 58 | loss: 0.34194 - accuracy: 0.9713
Validating epoch 58 | loss: 0.60416 - accuracy: 0.70986
Training epoch 59 | loss: 0.34838 - accuracy: 0.96465
Validating epoch 59 | loss: 0.61111 - accuracy: 0.70069
Training epoch 60 | loss: 0.34672 - accuracy: 0.96616
Validating epoch 60 | loss: 0.60983 - accuracy: 0.70298
Training epoch 61 | loss: 0.35033 - accuracy: 0.96269
Validating epoch 61 | loss: 0.60492 - accuracy: 0.70642
Training epoch 62 | loss: 0.34424 - accuracy: 0.96918
Validating epoch 62 | loss: 0.61556 - accuracy: 0.69725
Training epoch 63 | loss: 0.34297 - accuracy: 0.97054
Validating epoch 63 | loss: 0.61283 - accuracy: 0.70183
Training epoch 64 | loss: 0.34721 - accuracy: 0.96616
Validating epoch 64 | loss: 0.61563 - accuracy: 0.69839
Training epoch 65 | loss: 0.34345 - accuracy: 0.96979
Validating epoch 65 | loss: 0.61339 - accuracy: 0.69839
Training epoch 66 | loss: 0.34825 - accuracy: 0.96511
Validating epoch 66 | loss: 0.61245 - accuracy: 0.70069
Training epoch 67 | loss: 0.34698 - accuracy: 0.96586
Validating epoch 67 | loss: 0.61441 - accuracy: 0.69839
Training epoch 68 | loss: 0.34301 - accuracy: 0.97039
Validating epoch 68 | loss: 0.61828 - accuracy: 0.69381
Training epoch 69 | loss: 0.34374 - accuracy: 0.96934
Validating epoch 69 | loss: 0.62031 - accuracy: 0.69266
Training epoch 70 | loss: 0.3468 - accuracy: 0.96631
Validating epoch 70 | loss: 0.62363 - accuracy: 0.68922
Training epoch 71 | loss: 0.34896 - accuracy: 0.9642
Validating epoch 71 | loss: 0.61717 - accuracy: 0.69495
Training epoch 72 | loss: 0.35806 - accuracy: 0.95483
Validating epoch 72 | loss: 0.60639 - accuracy: 0.70757
Training epoch 73 | loss: 0.35368 - accuracy: 0.95937
Validating epoch 73 | loss: 0.61883 - accuracy: 0.69266
Training epoch 74 | loss: 0.34435 - accuracy: 0.96934
Validating epoch 74 | loss: 0.6137 - accuracy: 0.69725
Training epoch 75 | loss: 0.34547 - accuracy: 0.96752
Validating epoch 75 | loss: 0.61883 - accuracy: 0.69495
Training epoch 76 | loss: 0.34837 - accuracy: 0.9642
Validating epoch 76 | loss: 0.60512 - accuracy: 0.70642
Training epoch 77 | loss: 0.34675 - accuracy: 0.96631
Validating epoch 77 | loss: 0.61582 - accuracy: 0.69725
Training epoch 78 | loss: 0.34183 - accuracy: 0.971
Validating epoch 78 | loss: 0.62082 - accuracy: 0.69266
Training epoch 79 | loss: 0.34195 - accuracy: 0.97115
Validating epoch 79 | loss: 0.61877 - accuracy: 0.69381
Training epoch 80 | loss: 0.3403 - accuracy: 0.97251
Validating epoch 80 | loss: 0.60935 - accuracy: 0.70298
Training epoch 81 | loss: 0.33956 - accuracy: 0.97387
Validating epoch 81 | loss: 0.6073 - accuracy: 0.70413
Training epoch 82 | loss: 0.33911 - accuracy: 0.97402
Validating epoch 82 | loss: 0.59336 - accuracy: 0.71904
Training epoch 83 | loss: 0.34005 - accuracy: 0.97356
Validating epoch 83 | loss: 0.61533 - accuracy: 0.69839
Training epoch 84 | loss: 0.34033 - accuracy: 0.97281
Validating epoch 84 | loss: 0.60007 - accuracy: 0.71101
Training epoch 85 | loss: 0.33935 - accuracy: 0.97402
Validating epoch 85 | loss: 0.60945 - accuracy: 0.70528
Training epoch 86 | loss: 0.3381 - accuracy: 0.97523
Validating epoch 86 | loss: 0.60527 - accuracy: 0.70757
Training epoch 87 | loss: 0.34201 - accuracy: 0.971
Validating epoch 87 | loss: 0.60765 - accuracy: 0.70528
Training epoch 88 | loss: 0.33876 - accuracy: 0.97447
Validating epoch 88 | loss: 0.60199 - accuracy: 0.71101
Training epoch 89 | loss: 0.34135 - accuracy: 0.97175
Validating epoch 89 | loss: 0.60604 - accuracy: 0.70757
Training epoch 90 | loss: 0.33998 - accuracy: 0.97296
Validating epoch 90 | loss: 0.6104 - accuracy: 0.70183
Training epoch 91 | loss: 0.33956 - accuracy: 0.97356
Validating epoch 91 | loss: 0.61029 - accuracy: 0.70183
Training epoch 92 | loss: 0.33912 - accuracy: 0.97432
Validating epoch 92 | loss: 0.59554 - accuracy: 0.71674
Training epoch 93 | loss: 0.33919 - accuracy: 0.97402
Validating epoch 93 | loss: 0.60727 - accuracy: 0.70642
Training epoch 94 | loss: 0.3381 - accuracy: 0.97492
Validating epoch 94 | loss: 0.59689 - accuracy: 0.7156
Training epoch 95 | loss: 0.33888 - accuracy: 0.97432
Validating epoch 95 | loss: 0.61134 - accuracy: 0.70069
Training epoch 96 | loss: 0.33747 - accuracy: 0.97553
Validating epoch 96 | loss: 0.60619 - accuracy: 0.70642
Training epoch 97 | loss: 0.33774 - accuracy: 0.97553
Validating epoch 97 | loss: 0.6063 - accuracy: 0.70528
Training epoch 98 | loss: 0.33785 - accuracy: 0.97553
Validating epoch 98 | loss: 0.61877 - accuracy: 0.69151
Training epoch 99 | loss: 0.34162 - accuracy: 0.9713
Validating epoch 99 | loss: 0.6074 - accuracy: 0.70528
