Model is RNN, dataset is sst, undersample is False, aug mode is None, geo is 0.5, pct_usage is None, small_label is 0, small_prop is 0.1, balance_seed is 1, lr is 0.001
Training epoch 0 | loss: 0.62985 - accuracy: 0.68627
Validating epoch 0 | loss: 0.56533 - accuracy: 0.73624
Training epoch 1 | loss: 0.49987 - accuracy: 0.81199
Validating epoch 1 | loss: 0.54537 - accuracy: 0.76491
Training epoch 2 | loss: 0.45284 - accuracy: 0.85636
Validating epoch 2 | loss: 0.52802 - accuracy: 0.77867
Training epoch 3 | loss: 0.43213 - accuracy: 0.88526
Validating epoch 3 | loss: 0.55919 - accuracy: 0.75344
Training epoch 4 | loss: 0.42081 - accuracy: 0.89017
Validating epoch 4 | loss: 0.57325 - accuracy: 0.73968
Training epoch 5 | loss: 0.42064 - accuracy: 0.88988
Validating epoch 5 | loss: 0.52866 - accuracy: 0.78784
Training epoch 6 | loss: 0.40375 - accuracy: 0.90766
Validating epoch 6 | loss: 0.56848 - accuracy: 0.74197
Training epoch 7 | loss: 0.39103 - accuracy: 0.92269
Validating epoch 7 | loss: 0.54702 - accuracy: 0.76491
Training epoch 8 | loss: 0.389 - accuracy: 0.92283
Validating epoch 8 | loss: 0.54491 - accuracy: 0.76491
Training epoch 9 | loss: 0.39486 - accuracy: 0.91618
Validating epoch 9 | loss: 0.57855 - accuracy: 0.7328
Training epoch 10 | loss: 0.37375 - accuracy: 0.93844
Validating epoch 10 | loss: 0.60695 - accuracy: 0.70413
Training epoch 11 | loss: 0.38668 - accuracy: 0.9315
Validating epoch 11 | loss: 0.56367 - accuracy: 0.74771
Training epoch 12 | loss: 0.37689 - accuracy: 0.93743
Validating epoch 12 | loss: 0.56665 - accuracy: 0.74541
Training epoch 13 | loss: 0.37645 - accuracy: 0.93497
Validating epoch 13 | loss: 0.59942 - accuracy: 0.7133
Training epoch 14 | loss: 0.36877 - accuracy: 0.94595
Validating epoch 14 | loss: 0.57353 - accuracy: 0.73739
Training epoch 15 | loss: 0.36458 - accuracy: 0.94798
Validating epoch 15 | loss: 0.58318 - accuracy: 0.72821
Training epoch 16 | loss: 0.37845 - accuracy: 0.93685
Validating epoch 16 | loss: 0.52633 - accuracy: 0.78555
Training epoch 17 | loss: 0.37097 - accuracy: 0.94118
Validating epoch 17 | loss: 0.58286 - accuracy: 0.72936
Training epoch 18 | loss: 0.36555 - accuracy: 0.9474
Validating epoch 18 | loss: 0.62145 - accuracy: 0.68922
Training epoch 19 | loss: 0.39535 - accuracy: 0.92052
Validating epoch 19 | loss: 0.58171 - accuracy: 0.7305
Training epoch 20 | loss: 0.35952 - accuracy: 0.95289
Validating epoch 20 | loss: 0.56126 - accuracy: 0.75
Training epoch 21 | loss: 0.35689 - accuracy: 0.95578
Validating epoch 21 | loss: 0.59215 - accuracy: 0.71789
Training epoch 22 | loss: 0.35505 - accuracy: 0.95968
Validating epoch 22 | loss: 0.60506 - accuracy: 0.70757
Training epoch 23 | loss: 0.35332 - accuracy: 0.9591
Validating epoch 23 | loss: 0.58031 - accuracy: 0.73165
Training epoch 24 | loss: 0.35962 - accuracy: 0.95506
Validating epoch 24 | loss: 0.55916 - accuracy: 0.75459
Training epoch 25 | loss: 0.37052 - accuracy: 0.94263
Validating epoch 25 | loss: 0.63597 - accuracy: 0.67661
Training epoch 26 | loss: 0.39411 - accuracy: 0.91908
Validating epoch 26 | loss: 0.59213 - accuracy: 0.72018
Training epoch 27 | loss: 0.36347 - accuracy: 0.94827
Validating epoch 27 | loss: 0.61722 - accuracy: 0.69725
Training epoch 28 | loss: 0.35711 - accuracy: 0.95766
Validating epoch 28 | loss: 0.59659 - accuracy: 0.7156
Training epoch 29 | loss: 0.35619 - accuracy: 0.95679
Validating epoch 29 | loss: 0.61529 - accuracy: 0.69725
Training epoch 30 | loss: 0.35682 - accuracy: 0.95997
Validating epoch 30 | loss: 0.61294 - accuracy: 0.69954
Training epoch 31 | loss: 0.35069 - accuracy: 0.96171
Validating epoch 31 | loss: 0.59777 - accuracy: 0.71445
Training epoch 32 | loss: 0.34944 - accuracy: 0.96301
Validating epoch 32 | loss: 0.61849 - accuracy: 0.69495
Training epoch 33 | loss: 0.34738 - accuracy: 0.96546
Validating epoch 33 | loss: 0.61993 - accuracy: 0.69381
Training epoch 34 | loss: 0.35069 - accuracy: 0.96142
Validating epoch 34 | loss: 0.59454 - accuracy: 0.71904
Training epoch 35 | loss: 0.35116 - accuracy: 0.96344
Validating epoch 35 | loss: 0.6552 - accuracy: 0.65826
Training epoch 36 | loss: 0.35845 - accuracy: 0.95419
Validating epoch 36 | loss: 0.58294 - accuracy: 0.72706
Training epoch 37 | loss: 0.35211 - accuracy: 0.96243
Validating epoch 37 | loss: 0.58749 - accuracy: 0.72477
Training epoch 38 | loss: 0.34907 - accuracy: 0.96329
Validating epoch 38 | loss: 0.62622 - accuracy: 0.68578
Training epoch 39 | loss: 0.3535 - accuracy: 0.9591
Validating epoch 39 | loss: 0.58027 - accuracy: 0.7328
Training epoch 40 | loss: 0.34835 - accuracy: 0.9646
Validating epoch 40 | loss: 0.61173 - accuracy: 0.70183
Training epoch 41 | loss: 0.36413 - accuracy: 0.95448
Validating epoch 41 | loss: 0.66346 - accuracy: 0.64679
Training epoch 42 | loss: 0.37741 - accuracy: 0.93396
Validating epoch 42 | loss: 0.5584 - accuracy: 0.75344
Training epoch 43 | loss: 0.35471 - accuracy: 0.96026
Validating epoch 43 | loss: 0.59726 - accuracy: 0.7156
Training epoch 44 | loss: 0.34946 - accuracy: 0.96561
Validating epoch 44 | loss: 0.60475 - accuracy: 0.70642
Training epoch 45 | loss: 0.34828 - accuracy: 0.96416
Validating epoch 45 | loss: 0.61356 - accuracy: 0.69954
Training epoch 46 | loss: 0.348 - accuracy: 0.96445
Validating epoch 46 | loss: 0.59046 - accuracy: 0.72248
Training epoch 47 | loss: 0.3486 - accuracy: 0.96633
Validating epoch 47 | loss: 0.5932 - accuracy: 0.72018
Training epoch 48 | loss: 0.3522 - accuracy: 0.96243
Validating epoch 48 | loss: 0.61297 - accuracy: 0.70069
Training epoch 49 | loss: 0.35358 - accuracy: 0.95882
Validating epoch 49 | loss: 0.57779 - accuracy: 0.73509
Training epoch 50 | loss: 0.34905 - accuracy: 0.96358
Validating epoch 50 | loss: 0.5989 - accuracy: 0.71216
Training epoch 51 | loss: 0.34883 - accuracy: 0.96402
Validating epoch 51 | loss: 0.58339 - accuracy: 0.72821
Training epoch 52 | loss: 0.34846 - accuracy: 0.96647
Validating epoch 52 | loss: 0.60829 - accuracy: 0.70413
Training epoch 53 | loss: 0.34519 - accuracy: 0.96763
Validating epoch 53 | loss: 0.64005 - accuracy: 0.67202
Training epoch 54 | loss: 0.34485 - accuracy: 0.96792
Validating epoch 54 | loss: 0.62472 - accuracy: 0.68922
Training epoch 55 | loss: 0.34476 - accuracy: 0.96792
Validating epoch 55 | loss: 0.62689 - accuracy: 0.68578
Training epoch 56 | loss: 0.35908 - accuracy: 0.9552
Validating epoch 56 | loss: 0.60408 - accuracy: 0.70872
Training epoch 57 | loss: 0.34595 - accuracy: 0.96691
Validating epoch 57 | loss: 0.61689 - accuracy: 0.69725
Training epoch 58 | loss: 0.34693 - accuracy: 0.96575
Validating epoch 58 | loss: 0.57359 - accuracy: 0.73739
Training epoch 59 | loss: 0.34896 - accuracy: 0.96604
Validating epoch 59 | loss: 0.5902 - accuracy: 0.72248
Training epoch 60 | loss: 0.34739 - accuracy: 0.96517
Validating epoch 60 | loss: 0.57327 - accuracy: 0.74083
Training epoch 61 | loss: 0.34744 - accuracy: 0.96532
Validating epoch 61 | loss: 0.65266 - accuracy: 0.6594
Training epoch 62 | loss: 0.34521 - accuracy: 0.96749
Validating epoch 62 | loss: 0.6304 - accuracy: 0.68234
Training epoch 63 | loss: 0.346 - accuracy: 0.96647
Validating epoch 63 | loss: 0.61693 - accuracy: 0.69725
Training epoch 64 | loss: 0.35394 - accuracy: 0.96257
Validating epoch 64 | loss: 0.56555 - accuracy: 0.74771
Training epoch 65 | loss: 0.34693 - accuracy: 0.96532
Validating epoch 65 | loss: 0.57561 - accuracy: 0.73624
Training epoch 66 | loss: 0.34593 - accuracy: 0.96893
Validating epoch 66 | loss: 0.65714 - accuracy: 0.65596
Training epoch 67 | loss: 0.34386 - accuracy: 0.96893
Validating epoch 67 | loss: 0.61804 - accuracy: 0.69495
Training epoch 68 | loss: 0.34315 - accuracy: 0.96965
Validating epoch 68 | loss: 0.61371 - accuracy: 0.70069
Training epoch 69 | loss: 0.3428 - accuracy: 0.96994
Validating epoch 69 | loss: 0.61205 - accuracy: 0.70183
Training epoch 70 | loss: 0.34656 - accuracy: 0.97038
Validating epoch 70 | loss: 0.57785 - accuracy: 0.73509
Training epoch 71 | loss: 0.34747 - accuracy: 0.96503
Validating epoch 71 | loss: 0.61848 - accuracy: 0.69495
Training epoch 72 | loss: 0.3481 - accuracy: 0.96676
Validating epoch 72 | loss: 0.62438 - accuracy: 0.68922
Training epoch 73 | loss: 0.34835 - accuracy: 0.96676
Validating epoch 73 | loss: 0.61642 - accuracy: 0.6961
Training epoch 74 | loss: 0.34678 - accuracy: 0.96575
Validating epoch 74 | loss: 0.62064 - accuracy: 0.69151
Training epoch 75 | loss: 0.34838 - accuracy: 0.96431
Validating epoch 75 | loss: 0.587 - accuracy: 0.72592
Training epoch 76 | loss: 0.35737 - accuracy: 0.95462
Validating epoch 76 | loss: 0.59168 - accuracy: 0.71904
Training epoch 77 | loss: 0.34392 - accuracy: 0.96864
Validating epoch 77 | loss: 0.61157 - accuracy: 0.69954
Training epoch 78 | loss: 0.34606 - accuracy: 0.96864
Validating epoch 78 | loss: 0.63443 - accuracy: 0.6789
Training epoch 79 | loss: 0.34209 - accuracy: 0.97066
Validating epoch 79 | loss: 0.60364 - accuracy: 0.70986
Training epoch 80 | loss: 0.34262 - accuracy: 0.97023
Validating epoch 80 | loss: 0.5857 - accuracy: 0.72706
Training epoch 81 | loss: 0.34211 - accuracy: 0.97066
Validating epoch 81 | loss: 0.63037 - accuracy: 0.68119
Training epoch 82 | loss: 0.34768 - accuracy: 0.9672
Validating epoch 82 | loss: 0.60185 - accuracy: 0.70986
Training epoch 83 | loss: 0.3426 - accuracy: 0.97023
Validating epoch 83 | loss: 0.57441 - accuracy: 0.73968
Training epoch 84 | loss: 0.34239 - accuracy: 0.97038
Validating epoch 84 | loss: 0.60292 - accuracy: 0.70757
Training epoch 85 | loss: 0.34157 - accuracy: 0.97124
Validating epoch 85 | loss: 0.65559 - accuracy: 0.65711
Training epoch 86 | loss: 0.34715 - accuracy: 0.96532
Validating epoch 86 | loss: 0.66572 - accuracy: 0.64679
Training epoch 87 | loss: 0.35228 - accuracy: 0.9604
Validating epoch 87 | loss: 0.59333 - accuracy: 0.72018
Training epoch 88 | loss: 0.34272 - accuracy: 0.96994
Validating epoch 88 | loss: 0.59594 - accuracy: 0.71789
Training epoch 89 | loss: 0.34867 - accuracy: 0.96387
Validating epoch 89 | loss: 0.62417 - accuracy: 0.68922
Training epoch 90 | loss: 0.34389 - accuracy: 0.96879
Validating epoch 90 | loss: 0.64512 - accuracy: 0.66743
Training epoch 91 | loss: 0.34262 - accuracy: 0.96994
Validating epoch 91 | loss: 0.59809 - accuracy: 0.7156
Training epoch 92 | loss: 0.34357 - accuracy: 0.96908
Validating epoch 92 | loss: 0.62202 - accuracy: 0.69037
Training epoch 93 | loss: 0.34832 - accuracy: 0.96647
Validating epoch 93 | loss: 0.57699 - accuracy: 0.73509
Training epoch 94 | loss: 0.34819 - accuracy: 0.96647
Validating epoch 94 | loss: 0.60993 - accuracy: 0.70413
Training epoch 95 | loss: 0.34234 - accuracy: 0.97052
Validating epoch 95 | loss: 0.60261 - accuracy: 0.71101
Training epoch 96 | loss: 0.34354 - accuracy: 0.96908
Validating epoch 96 | loss: 0.61642 - accuracy: 0.6961
Training epoch 97 | loss: 0.34902 - accuracy: 0.96315
Validating epoch 97 | loss: 0.59757 - accuracy: 0.71674
Training epoch 98 | loss: 0.34256 - accuracy: 0.97023
Validating epoch 98 | loss: 0.6143 - accuracy: 0.69839
Training epoch 99 | loss: 0.34734 - accuracy: 0.96517
Validating epoch 99 | loss: 0.59647 - accuracy: 0.7156
Model is RNN, dataset is sst, undersample is True, aug mode is None, geo is 0.5, pct_usage is None, small_label is 0, small_prop is 0.1, balance_seed is 1, lr is 0.001
Training epoch 0 | loss: 0.69528 - accuracy: 0.5
Validating epoch 0 | loss: 0.69387 - accuracy: 0.49083
Training epoch 1 | loss: 0.6924 - accuracy: 0.50151
Validating epoch 1 | loss: 0.69141 - accuracy: 0.49083
Training epoch 2 | loss: 0.6914 - accuracy: 0.51511
Validating epoch 2 | loss: 0.68803 - accuracy: 0.62271
Training epoch 3 | loss: 0.68612 - accuracy: 0.61178
Validating epoch 3 | loss: 0.67994 - accuracy: 0.69381
Training epoch 4 | loss: 0.67323 - accuracy: 0.68731
Validating epoch 4 | loss: 0.66023 - accuracy: 0.70528
Training epoch 5 | loss: 0.64825 - accuracy: 0.72356
Validating epoch 5 | loss: 0.62 - accuracy: 0.74312
Training epoch 6 | loss: 0.62499 - accuracy: 0.71903
Validating epoch 6 | loss: 0.61797 - accuracy: 0.69037
Training epoch 7 | loss: 0.60364 - accuracy: 0.71903
Validating epoch 7 | loss: 0.59464 - accuracy: 0.72362
Training epoch 8 | loss: 0.57476 - accuracy: 0.75831
Validating epoch 8 | loss: 0.56025 - accuracy: 0.76376
Training epoch 9 | loss: 0.54161 - accuracy: 0.79305
Validating epoch 9 | loss: 0.56189 - accuracy: 0.75688
Training epoch 10 | loss: 0.52295 - accuracy: 0.80665
Validating epoch 10 | loss: 0.55175 - accuracy: 0.76147
Training epoch 11 | loss: 0.5025 - accuracy: 0.82024
Validating epoch 11 | loss: 0.54185 - accuracy: 0.77179
Training epoch 12 | loss: 0.48678 - accuracy: 0.83384
Validating epoch 12 | loss: 0.54243 - accuracy: 0.77179
Training epoch 13 | loss: 0.47854 - accuracy: 0.84592
Validating epoch 13 | loss: 0.57143 - accuracy: 0.73509
Training epoch 14 | loss: 0.47337 - accuracy: 0.82779
Validating epoch 14 | loss: 0.56195 - accuracy: 0.74885
Training epoch 15 | loss: 0.49772 - accuracy: 0.80211
Validating epoch 15 | loss: 0.54579 - accuracy: 0.76147
Training epoch 16 | loss: 0.45041 - accuracy: 0.86103
Validating epoch 16 | loss: 0.5454 - accuracy: 0.75803
Training epoch 17 | loss: 0.44835 - accuracy: 0.86707
Validating epoch 17 | loss: 0.53875 - accuracy: 0.77064
Training epoch 18 | loss: 0.43448 - accuracy: 0.87009
Validating epoch 18 | loss: 0.54371 - accuracy: 0.76032
Training epoch 19 | loss: 0.43086 - accuracy: 0.88066
Validating epoch 19 | loss: 0.54671 - accuracy: 0.76261
Training epoch 20 | loss: 0.42899 - accuracy: 0.88822
Validating epoch 20 | loss: 0.54702 - accuracy: 0.75803
Training epoch 21 | loss: 0.43169 - accuracy: 0.88671
Validating epoch 21 | loss: 0.54581 - accuracy: 0.76147
Training epoch 22 | loss: 0.46608 - accuracy: 0.84592
Validating epoch 22 | loss: 0.54692 - accuracy: 0.76261
Training epoch 23 | loss: 0.42052 - accuracy: 0.88973
Validating epoch 23 | loss: 0.54626 - accuracy: 0.76491
Training epoch 24 | loss: 0.42246 - accuracy: 0.88369
Validating epoch 24 | loss: 0.54349 - accuracy: 0.7672
Training epoch 25 | loss: 0.41433 - accuracy: 0.89275
Validating epoch 25 | loss: 0.5664 - accuracy: 0.74083
Training epoch 26 | loss: 0.41754 - accuracy: 0.88973
Validating epoch 26 | loss: 0.5484 - accuracy: 0.75917
Training epoch 27 | loss: 0.40816 - accuracy: 0.89275
Validating epoch 27 | loss: 0.55715 - accuracy: 0.75
Training epoch 28 | loss: 0.41767 - accuracy: 0.89275
Validating epoch 28 | loss: 0.55093 - accuracy: 0.76032
Training epoch 29 | loss: 0.43306 - accuracy: 0.87311
Validating epoch 29 | loss: 0.54271 - accuracy: 0.76835
Training epoch 30 | loss: 0.41897 - accuracy: 0.89577
Validating epoch 30 | loss: 0.54349 - accuracy: 0.7672
Training epoch 31 | loss: 0.41514 - accuracy: 0.89879
Validating epoch 31 | loss: 0.54825 - accuracy: 0.76147
Training epoch 32 | loss: 0.43593 - accuracy: 0.87915
Validating epoch 32 | loss: 0.56466 - accuracy: 0.74197
Training epoch 33 | loss: 0.43826 - accuracy: 0.88066
Validating epoch 33 | loss: 0.54649 - accuracy: 0.76376
Training epoch 34 | loss: 0.43548 - accuracy: 0.89124
Validating epoch 34 | loss: 0.55339 - accuracy: 0.76147
Training epoch 35 | loss: 0.416 - accuracy: 0.89879
Validating epoch 35 | loss: 0.54119 - accuracy: 0.7695
Training epoch 36 | loss: 0.41256 - accuracy: 0.90634
Validating epoch 36 | loss: 0.53722 - accuracy: 0.77752
Training epoch 37 | loss: 0.40222 - accuracy: 0.91541
Validating epoch 37 | loss: 0.54156 - accuracy: 0.7672
Training epoch 38 | loss: 0.41476 - accuracy: 0.91239
Validating epoch 38 | loss: 0.53894 - accuracy: 0.77179
Training epoch 39 | loss: 0.39777 - accuracy: 0.91843
Validating epoch 39 | loss: 0.54049 - accuracy: 0.77064
Training epoch 40 | loss: 0.3945 - accuracy: 0.92145
Validating epoch 40 | loss: 0.55163 - accuracy: 0.76032
Training epoch 41 | loss: 0.39676 - accuracy: 0.91843
Validating epoch 41 | loss: 0.5414 - accuracy: 0.76835
Training epoch 42 | loss: 0.39282 - accuracy: 0.92447
Validating epoch 42 | loss: 0.5425 - accuracy: 0.7695
Training epoch 43 | loss: 0.39202 - accuracy: 0.92447
Validating epoch 43 | loss: 0.5528 - accuracy: 0.75803
Training epoch 44 | loss: 0.38144 - accuracy: 0.92145
Validating epoch 44 | loss: 0.54387 - accuracy: 0.76376
Training epoch 45 | loss: 0.39152 - accuracy: 0.92598
Validating epoch 45 | loss: 0.54538 - accuracy: 0.76491
Training epoch 46 | loss: 0.38746 - accuracy: 0.929
Validating epoch 46 | loss: 0.54324 - accuracy: 0.7695
Training epoch 47 | loss: 0.37737 - accuracy: 0.92598
Validating epoch 47 | loss: 0.55285 - accuracy: 0.75803
Training epoch 48 | loss: 0.39088 - accuracy: 0.91843
Validating epoch 48 | loss: 0.54651 - accuracy: 0.76491
Training epoch 49 | loss: 0.45615 - accuracy: 0.87009
Validating epoch 49 | loss: 0.57341 - accuracy: 0.73739
Training epoch 50 | loss: 0.42339 - accuracy: 0.90181
Validating epoch 50 | loss: 0.55152 - accuracy: 0.75917
Training epoch 51 | loss: 0.42479 - accuracy: 0.89879
Validating epoch 51 | loss: 0.5655 - accuracy: 0.74427
Training epoch 52 | loss: 0.42844 - accuracy: 0.90785
Validating epoch 52 | loss: 0.56156 - accuracy: 0.75
Training epoch 53 | loss: 0.41411 - accuracy: 0.90483
Validating epoch 53 | loss: 0.54979 - accuracy: 0.75803
Training epoch 54 | loss: 0.38071 - accuracy: 0.91692
Validating epoch 54 | loss: 0.54829 - accuracy: 0.76261
Training epoch 55 | loss: 0.37313 - accuracy: 0.93202
Validating epoch 55 | loss: 0.54737 - accuracy: 0.76376
Training epoch 56 | loss: 0.38821 - accuracy: 0.929
Validating epoch 56 | loss: 0.55425 - accuracy: 0.75459
Training epoch 57 | loss: 0.40653 - accuracy: 0.92749
Validating epoch 57 | loss: 0.56883 - accuracy: 0.74312
Training epoch 58 | loss: 0.38294 - accuracy: 0.92749
Validating epoch 58 | loss: 0.54581 - accuracy: 0.76261
Training epoch 59 | loss: 0.39554 - accuracy: 0.91088
Validating epoch 59 | loss: 0.55097 - accuracy: 0.75917
Training epoch 60 | loss: 0.39933 - accuracy: 0.91994
Validating epoch 60 | loss: 0.56152 - accuracy: 0.74771
Training epoch 61 | loss: 0.40361 - accuracy: 0.91088
Validating epoch 61 | loss: 0.53513 - accuracy: 0.77867
Training epoch 62 | loss: 0.38254 - accuracy: 0.93353
Validating epoch 62 | loss: 0.5525 - accuracy: 0.75917
Training epoch 63 | loss: 0.37514 - accuracy: 0.929
Validating epoch 63 | loss: 0.53435 - accuracy: 0.77867
Training epoch 64 | loss: 0.38458 - accuracy: 0.91692
Validating epoch 64 | loss: 0.53597 - accuracy: 0.77408
Training epoch 65 | loss: 0.38994 - accuracy: 0.93353
Validating epoch 65 | loss: 0.54539 - accuracy: 0.76376
Training epoch 66 | loss: 0.3946 - accuracy: 0.929
Validating epoch 66 | loss: 0.53938 - accuracy: 0.77064
Training epoch 67 | loss: 0.37115 - accuracy: 0.93958
Validating epoch 67 | loss: 0.54043 - accuracy: 0.77064
Training epoch 68 | loss: 0.36296 - accuracy: 0.94109
Validating epoch 68 | loss: 0.53972 - accuracy: 0.7695
Training epoch 69 | loss: 0.36901 - accuracy: 0.9426
Validating epoch 69 | loss: 0.54672 - accuracy: 0.76376
Training epoch 70 | loss: 0.3725 - accuracy: 0.94562
Validating epoch 70 | loss: 0.54098 - accuracy: 0.76835
Training epoch 71 | loss: 0.36587 - accuracy: 0.94713
Validating epoch 71 | loss: 0.53951 - accuracy: 0.77179
Training epoch 72 | loss: 0.37243 - accuracy: 0.94562
Validating epoch 72 | loss: 0.54202 - accuracy: 0.7695
Training epoch 73 | loss: 0.37141 - accuracy: 0.94713
Validating epoch 73 | loss: 0.54517 - accuracy: 0.76147
Training epoch 74 | loss: 0.36324 - accuracy: 0.95015
Validating epoch 74 | loss: 0.5402 - accuracy: 0.77064
Training epoch 75 | loss: 0.36235 - accuracy: 0.95015
Validating epoch 75 | loss: 0.54681 - accuracy: 0.76491
Training epoch 76 | loss: 0.3686 - accuracy: 0.94411
Validating epoch 76 | loss: 0.54504 - accuracy: 0.76491
Training epoch 77 | loss: 0.35659 - accuracy: 0.95015
Validating epoch 77 | loss: 0.55024 - accuracy: 0.76261
Training epoch 78 | loss: 0.36035 - accuracy: 0.95317
Validating epoch 78 | loss: 0.53828 - accuracy: 0.77179
Training epoch 79 | loss: 0.3578 - accuracy: 0.95166
Validating epoch 79 | loss: 0.54886 - accuracy: 0.76376
Training epoch 80 | loss: 0.43489 - accuracy: 0.88671
Validating epoch 80 | loss: 0.57832 - accuracy: 0.7328
Training epoch 81 | loss: 0.40862 - accuracy: 0.91843
Validating epoch 81 | loss: 0.57849 - accuracy: 0.72936
Training epoch 82 | loss: 0.38911 - accuracy: 0.9139
Validating epoch 82 | loss: 0.54319 - accuracy: 0.7672
Training epoch 83 | loss: 0.37231 - accuracy: 0.94713
Validating epoch 83 | loss: 0.55822 - accuracy: 0.75229
Training epoch 84 | loss: 0.40506 - accuracy: 0.93505
Validating epoch 84 | loss: 0.55791 - accuracy: 0.74541
Training epoch 85 | loss: 0.36506 - accuracy: 0.94864
Validating epoch 85 | loss: 0.54817 - accuracy: 0.76032
Training epoch 86 | loss: 0.36484 - accuracy: 0.94864
Validating epoch 86 | loss: 0.55264 - accuracy: 0.75803
Training epoch 87 | loss: 0.35816 - accuracy: 0.95015
Validating epoch 87 | loss: 0.55439 - accuracy: 0.75115
Training epoch 88 | loss: 0.36402 - accuracy: 0.94864
Validating epoch 88 | loss: 0.5445 - accuracy: 0.7672
Training epoch 89 | loss: 0.37778 - accuracy: 0.94562
Validating epoch 89 | loss: 0.54829 - accuracy: 0.76261
Training epoch 90 | loss: 0.38281 - accuracy: 0.94864
Validating epoch 90 | loss: 0.53835 - accuracy: 0.77179
Training epoch 91 | loss: 0.36584 - accuracy: 0.94713
Validating epoch 91 | loss: 0.5359 - accuracy: 0.77523
Training epoch 92 | loss: 0.35957 - accuracy: 0.95317
Validating epoch 92 | loss: 0.55188 - accuracy: 0.75803
Training epoch 93 | loss: 0.36862 - accuracy: 0.9426
Validating epoch 93 | loss: 0.54106 - accuracy: 0.7695
Training epoch 94 | loss: 0.35874 - accuracy: 0.95468
Validating epoch 94 | loss: 0.53646 - accuracy: 0.77638
Training epoch 95 | loss: 0.36505 - accuracy: 0.95468
Validating epoch 95 | loss: 0.53558 - accuracy: 0.77294
Training epoch 96 | loss: 0.35327 - accuracy: 0.95317
Validating epoch 96 | loss: 0.54164 - accuracy: 0.77179
Training epoch 97 | loss: 0.36534 - accuracy: 0.95468
Validating epoch 97 | loss: 0.54026 - accuracy: 0.7672
Training epoch 98 | loss: 0.35884 - accuracy: 0.95468
Validating epoch 98 | loss: 0.53859 - accuracy: 0.77294
Training epoch 99 | loss: 0.3651 - accuracy: 0.95468
Validating epoch 99 | loss: 0.53826 - accuracy: 0.77179
Model is RNN, dataset is sst, undersample is False, aug mode is context, geo is 1, pct_usage is None, small_label is 0, small_prop is 0.1, balance_seed is 1, lr is 0.001
Training epoch 0 | loss: 0.62964 - accuracy: 0.68829
Validating epoch 0 | loss: 0.61749 - accuracy: 0.68005
Training epoch 1 | loss: 0.46046 - accuracy: 0.86185
Validating epoch 1 | loss: 0.5929 - accuracy: 0.70757
Training epoch 2 | loss: 0.41596 - accuracy: 0.89639
Validating epoch 2 | loss: 0.61838 - accuracy: 0.68922
Training epoch 3 | loss: 0.40391 - accuracy: 0.90824
Validating epoch 3 | loss: 0.63879 - accuracy: 0.67546
Training epoch 4 | loss: 0.38609 - accuracy: 0.92847
Validating epoch 4 | loss: 0.64182 - accuracy: 0.67087
Training epoch 5 | loss: 0.38238 - accuracy: 0.93223
Validating epoch 5 | loss: 0.66368 - accuracy: 0.64679
Training epoch 6 | loss: 0.36779 - accuracy: 0.94379
Validating epoch 6 | loss: 0.66489 - accuracy: 0.64794
Training epoch 7 | loss: 0.36072 - accuracy: 0.95679
Validating epoch 7 | loss: 0.65951 - accuracy: 0.65482
Training epoch 8 | loss: 0.3542 - accuracy: 0.96069
Validating epoch 8 | loss: 0.67248 - accuracy: 0.63876
Training epoch 9 | loss: 0.35137 - accuracy: 0.96142
Validating epoch 9 | loss: 0.62504 - accuracy: 0.68578
Training epoch 10 | loss: 0.35165 - accuracy: 0.96026
Validating epoch 10 | loss: 0.65357 - accuracy: 0.66055
Training epoch 11 | loss: 0.34637 - accuracy: 0.96662
Validating epoch 11 | loss: 0.66781 - accuracy: 0.6445
Training epoch 12 | loss: 0.37125 - accuracy: 0.9422
Validating epoch 12 | loss: 0.62221 - accuracy: 0.69151
Training epoch 13 | loss: 0.36697 - accuracy: 0.94292
Validating epoch 13 | loss: 0.64513 - accuracy: 0.66743
Training epoch 14 | loss: 0.35476 - accuracy: 0.9591
Validating epoch 14 | loss: 0.68285 - accuracy: 0.62959
Training epoch 15 | loss: 0.34849 - accuracy: 0.96604
Validating epoch 15 | loss: 0.68797 - accuracy: 0.62615
Training epoch 16 | loss: 0.33952 - accuracy: 0.97572
Validating epoch 16 | loss: 0.64115 - accuracy: 0.67202
Training epoch 17 | loss: 0.34141 - accuracy: 0.97384
Validating epoch 17 | loss: 0.66778 - accuracy: 0.6445
Training epoch 18 | loss: 0.33709 - accuracy: 0.97543
Validating epoch 18 | loss: 0.65311 - accuracy: 0.6594
Training epoch 19 | loss: 0.3363 - accuracy: 0.97659
Validating epoch 19 | loss: 0.66203 - accuracy: 0.65023
Training epoch 20 | loss: 0.33841 - accuracy: 0.97442
Validating epoch 20 | loss: 0.65671 - accuracy: 0.65596
Training epoch 21 | loss: 0.33456 - accuracy: 0.97847
Validating epoch 21 | loss: 0.67403 - accuracy: 0.63876
Training epoch 22 | loss: 0.33435 - accuracy: 0.97847
Validating epoch 22 | loss: 0.65917 - accuracy: 0.65252
Training epoch 23 | loss: 0.34345 - accuracy: 0.97139
Validating epoch 23 | loss: 0.65117 - accuracy: 0.66284
Training epoch 24 | loss: 0.33658 - accuracy: 0.97645
Validating epoch 24 | loss: 0.66822 - accuracy: 0.6445
Training epoch 25 | loss: 0.3526 - accuracy: 0.9591
Validating epoch 25 | loss: 0.65752 - accuracy: 0.65482
Training epoch 26 | loss: 0.35231 - accuracy: 0.95997
Validating epoch 26 | loss: 0.63896 - accuracy: 0.67546
Training epoch 27 | loss: 0.34023 - accuracy: 0.97269
Validating epoch 27 | loss: 0.65133 - accuracy: 0.66284
Training epoch 28 | loss: 0.35229 - accuracy: 0.96228
Validating epoch 28 | loss: 0.66609 - accuracy: 0.64908
Training epoch 29 | loss: 0.33779 - accuracy: 0.97746
Validating epoch 29 | loss: 0.66996 - accuracy: 0.6445
Training epoch 30 | loss: 0.33423 - accuracy: 0.97847
Validating epoch 30 | loss: 0.66901 - accuracy: 0.64335
Training epoch 31 | loss: 0.33249 - accuracy: 0.98049
Validating epoch 31 | loss: 0.68035 - accuracy: 0.63417
Training epoch 32 | loss: 0.33239 - accuracy: 0.98064
Validating epoch 32 | loss: 0.67478 - accuracy: 0.63991
Training epoch 33 | loss: 0.34152 - accuracy: 0.97341
Validating epoch 33 | loss: 0.65902 - accuracy: 0.65482
Training epoch 34 | loss: 0.33755 - accuracy: 0.97471
Validating epoch 34 | loss: 0.68659 - accuracy: 0.62729
Training epoch 35 | loss: 0.33638 - accuracy: 0.97659
Validating epoch 35 | loss: 0.67417 - accuracy: 0.63876
Training epoch 36 | loss: 0.33206 - accuracy: 0.98064
Validating epoch 36 | loss: 0.68463 - accuracy: 0.62729
Training epoch 37 | loss: 0.33412 - accuracy: 0.97876
Validating epoch 37 | loss: 0.66845 - accuracy: 0.6445
Training epoch 38 | loss: 0.3315 - accuracy: 0.98165
Validating epoch 38 | loss: 0.71452 - accuracy: 0.59862
Training epoch 39 | loss: 0.33749 - accuracy: 0.975
Validating epoch 39 | loss: 0.68134 - accuracy: 0.63188
Training epoch 40 | loss: 0.34281 - accuracy: 0.96994
Validating epoch 40 | loss: 0.63293 - accuracy: 0.6789
Training epoch 41 | loss: 0.33515 - accuracy: 0.97789
Validating epoch 41 | loss: 0.68012 - accuracy: 0.63073
Training epoch 42 | loss: 0.33093 - accuracy: 0.98194
Validating epoch 42 | loss: 0.69362 - accuracy: 0.62041
Training epoch 43 | loss: 0.32976 - accuracy: 0.98324
Validating epoch 43 | loss: 0.69357 - accuracy: 0.62041
Training epoch 44 | loss: 0.32926 - accuracy: 0.98382
Validating epoch 44 | loss: 0.69292 - accuracy: 0.62156
Training epoch 45 | loss: 0.32879 - accuracy: 0.98425
Validating epoch 45 | loss: 0.69891 - accuracy: 0.61353
Training epoch 46 | loss: 0.33057 - accuracy: 0.98237
Validating epoch 46 | loss: 0.68093 - accuracy: 0.63073
Training epoch 47 | loss: 0.32916 - accuracy: 0.98382
Validating epoch 47 | loss: 0.70301 - accuracy: 0.61124
Training epoch 48 | loss: 0.32907 - accuracy: 0.98396
Validating epoch 48 | loss: 0.6913 - accuracy: 0.62156
Training epoch 49 | loss: 0.33194 - accuracy: 0.98324
Validating epoch 49 | loss: 0.69544 - accuracy: 0.61812
Training epoch 50 | loss: 0.32904 - accuracy: 0.9841
Validating epoch 50 | loss: 0.68658 - accuracy: 0.62615
Training epoch 51 | loss: 0.32845 - accuracy: 0.98454
Validating epoch 51 | loss: 0.69037 - accuracy: 0.62385
Training epoch 52 | loss: 0.32878 - accuracy: 0.98425
Validating epoch 52 | loss: 0.70065 - accuracy: 0.61239
Training epoch 53 | loss: 0.33065 - accuracy: 0.98454
Validating epoch 53 | loss: 0.69197 - accuracy: 0.62271
Training epoch 54 | loss: 0.3325 - accuracy: 0.9802
Validating epoch 54 | loss: 0.68718 - accuracy: 0.62615
Training epoch 55 | loss: 0.33029 - accuracy: 0.98266
Validating epoch 55 | loss: 0.67376 - accuracy: 0.64106
Training epoch 56 | loss: 0.32904 - accuracy: 0.9841
Validating epoch 56 | loss: 0.68083 - accuracy: 0.63303
Training epoch 57 | loss: 0.32879 - accuracy: 0.98425
Validating epoch 57 | loss: 0.68546 - accuracy: 0.62844
Training epoch 58 | loss: 0.32854 - accuracy: 0.98439
Validating epoch 58 | loss: 0.69321 - accuracy: 0.62041
Training epoch 59 | loss: 0.32823 - accuracy: 0.98483
Validating epoch 59 | loss: 0.6884 - accuracy: 0.625
Training epoch 60 | loss: 0.32823 - accuracy: 0.98468
Validating epoch 60 | loss: 0.66992 - accuracy: 0.6445
Training epoch 61 | loss: 0.32862 - accuracy: 0.98439
Validating epoch 61 | loss: 0.67556 - accuracy: 0.63876
Training epoch 62 | loss: 0.32837 - accuracy: 0.98468
Validating epoch 62 | loss: 0.6837 - accuracy: 0.63073
Training epoch 63 | loss: 0.3286 - accuracy: 0.98454
Validating epoch 63 | loss: 0.67245 - accuracy: 0.63991
Training epoch 64 | loss: 0.32884 - accuracy: 0.9841
Validating epoch 64 | loss: 0.65552 - accuracy: 0.65826
Training epoch 65 | loss: 0.33206 - accuracy: 0.98078
Validating epoch 65 | loss: 0.6839 - accuracy: 0.62959
Training epoch 66 | loss: 0.32894 - accuracy: 0.9841
Validating epoch 66 | loss: 0.68649 - accuracy: 0.62615
Training epoch 67 | loss: 0.32977 - accuracy: 0.98324
Validating epoch 67 | loss: 0.67305 - accuracy: 0.63991
Training epoch 68 | loss: 0.33785 - accuracy: 0.97731
Validating epoch 68 | loss: 0.66448 - accuracy: 0.64908
Training epoch 69 | loss: 0.33523 - accuracy: 0.97775
Validating epoch 69 | loss: 0.6883 - accuracy: 0.625
Training epoch 70 | loss: 0.33097 - accuracy: 0.98179
Validating epoch 70 | loss: 0.69142 - accuracy: 0.62271
Training epoch 71 | loss: 0.33021 - accuracy: 0.98251
Validating epoch 71 | loss: 0.68253 - accuracy: 0.62959
Training epoch 72 | loss: 0.32835 - accuracy: 0.98468
Validating epoch 72 | loss: 0.68745 - accuracy: 0.62615
Training epoch 73 | loss: 0.32892 - accuracy: 0.98396
Validating epoch 73 | loss: 0.71035 - accuracy: 0.60436
Training epoch 74 | loss: 0.34378 - accuracy: 0.96893
Validating epoch 74 | loss: 0.67218 - accuracy: 0.63991
Training epoch 75 | loss: 0.33458 - accuracy: 0.97832
Validating epoch 75 | loss: 0.67961 - accuracy: 0.63417
Training epoch 76 | loss: 0.32945 - accuracy: 0.98353
Validating epoch 76 | loss: 0.67377 - accuracy: 0.63876
Training epoch 77 | loss: 0.32941 - accuracy: 0.98353
Validating epoch 77 | loss: 0.67419 - accuracy: 0.63876
Training epoch 78 | loss: 0.32939 - accuracy: 0.98353
Validating epoch 78 | loss: 0.66302 - accuracy: 0.64794
Training epoch 79 | loss: 0.33569 - accuracy: 0.97731
Validating epoch 79 | loss: 0.67806 - accuracy: 0.63647
Training epoch 80 | loss: 0.3306 - accuracy: 0.98208
Validating epoch 80 | loss: 0.65948 - accuracy: 0.65138
Training epoch 81 | loss: 0.33151 - accuracy: 0.9815
Validating epoch 81 | loss: 0.68653 - accuracy: 0.625
Training epoch 82 | loss: 0.3283 - accuracy: 0.98468
Validating epoch 82 | loss: 0.68231 - accuracy: 0.63073
Training epoch 83 | loss: 0.33068 - accuracy: 0.98223
Validating epoch 83 | loss: 0.70644 - accuracy: 0.60665
Training epoch 84 | loss: 0.33509 - accuracy: 0.97775
Validating epoch 84 | loss: 0.69636 - accuracy: 0.61697
Training epoch 85 | loss: 0.32783 - accuracy: 0.98512
Validating epoch 85 | loss: 0.68161 - accuracy: 0.63073
Training epoch 86 | loss: 0.32759 - accuracy: 0.9854
Validating epoch 86 | loss: 0.66419 - accuracy: 0.65023
Training epoch 87 | loss: 0.33257 - accuracy: 0.98251
Validating epoch 87 | loss: 0.68239 - accuracy: 0.62959
Training epoch 88 | loss: 0.32822 - accuracy: 0.98483
Validating epoch 88 | loss: 0.67162 - accuracy: 0.64106
Training epoch 89 | loss: 0.33217 - accuracy: 0.98295
Validating epoch 89 | loss: 0.67109 - accuracy: 0.6422
Training epoch 90 | loss: 0.32827 - accuracy: 0.98483
Validating epoch 90 | loss: 0.6767 - accuracy: 0.63647
Training epoch 91 | loss: 0.32794 - accuracy: 0.98512
Validating epoch 91 | loss: 0.68243 - accuracy: 0.63073
Training epoch 92 | loss: 0.32796 - accuracy: 0.98512
Validating epoch 92 | loss: 0.67827 - accuracy: 0.63303
Training epoch 93 | loss: 0.32798 - accuracy: 0.98497
Validating epoch 93 | loss: 0.68443 - accuracy: 0.62959
Training epoch 94 | loss: 0.32882 - accuracy: 0.98396
Validating epoch 94 | loss: 0.66702 - accuracy: 0.64564
Training epoch 95 | loss: 0.33065 - accuracy: 0.98208
Validating epoch 95 | loss: 0.6512 - accuracy: 0.66055
Training epoch 96 | loss: 0.3438 - accuracy: 0.97066
Validating epoch 96 | loss: 0.67633 - accuracy: 0.63761
Training epoch 97 | loss: 0.34114 - accuracy: 0.97298
Validating epoch 97 | loss: 0.69512 - accuracy: 0.61697
Training epoch 98 | loss: 0.35384 - accuracy: 0.96069
Validating epoch 98 | loss: 0.63324 - accuracy: 0.68005
Training epoch 99 | loss: 0.3477 - accuracy: 0.9672
Validating epoch 99 | loss: 0.70946 - accuracy: 0.60321
Model is RNN, dataset is sst, undersample is False, aug mode is None, geo is 0.5, pct_usage is None, small_label is 1, small_prop is 0.1, balance_seed is 1, lr is 0.001
Training epoch 0 | loss: 0.65938 - accuracy: 0.59986
Validating epoch 0 | loss: 0.5976 - accuracy: 0.74427
Training epoch 1 | loss: 0.53496 - accuracy: 0.78179
Validating epoch 1 | loss: 0.54523 - accuracy: 0.75573
Training epoch 2 | loss: 0.46573 - accuracy: 0.84364
Validating epoch 2 | loss: 0.54416 - accuracy: 0.76261
Training epoch 3 | loss: 0.43707 - accuracy: 0.87702
Validating epoch 3 | loss: 0.54389 - accuracy: 0.76376
Training epoch 4 | loss: 0.41275 - accuracy: 0.90101
Validating epoch 4 | loss: 0.5486 - accuracy: 0.76147
Training epoch 5 | loss: 0.41444 - accuracy: 0.89884
Validating epoch 5 | loss: 0.54177 - accuracy: 0.7695
Training epoch 6 | loss: 0.4076 - accuracy: 0.90419
Validating epoch 6 | loss: 0.55897 - accuracy: 0.75115
Training epoch 7 | loss: 0.39978 - accuracy: 0.91113
Validating epoch 7 | loss: 0.55241 - accuracy: 0.76032
Training epoch 8 | loss: 0.42832 - accuracy: 0.88367
Validating epoch 8 | loss: 0.56837 - accuracy: 0.74427
Training epoch 9 | loss: 0.39975 - accuracy: 0.91199
Validating epoch 9 | loss: 0.6026 - accuracy: 0.70872
Training epoch 10 | loss: 0.39408 - accuracy: 0.91763
Validating epoch 10 | loss: 0.62463 - accuracy: 0.68463
Training epoch 11 | loss: 0.65213 - accuracy: 0.65636
Validating epoch 11 | loss: 0.5965 - accuracy: 0.70528
Training epoch 12 | loss: 0.43897 - accuracy: 0.87038
Validating epoch 12 | loss: 0.5837 - accuracy: 0.72706
Training epoch 13 | loss: 0.41002 - accuracy: 0.90347
Validating epoch 13 | loss: 0.55782 - accuracy: 0.75
Training epoch 14 | loss: 0.39997 - accuracy: 0.91156
Validating epoch 14 | loss: 0.57277 - accuracy: 0.73968
Training epoch 15 | loss: 0.39804 - accuracy: 0.91546
Validating epoch 15 | loss: 0.56851 - accuracy: 0.74197
Training epoch 16 | loss: 0.38461 - accuracy: 0.92962
Validating epoch 16 | loss: 0.56951 - accuracy: 0.74197
Training epoch 17 | loss: 0.38268 - accuracy: 0.93107
Validating epoch 17 | loss: 0.61284 - accuracy: 0.70069
Training epoch 18 | loss: 0.40098 - accuracy: 0.90925
Validating epoch 18 | loss: 0.58832 - accuracy: 0.72133
Training epoch 19 | loss: 0.37614 - accuracy: 0.93613
Validating epoch 19 | loss: 0.60591 - accuracy: 0.70757
Training epoch 20 | loss: 0.37357 - accuracy: 0.93844
Validating epoch 20 | loss: 0.57644 - accuracy: 0.7328
Training epoch 21 | loss: 0.37166 - accuracy: 0.94263
Validating epoch 21 | loss: 0.58603 - accuracy: 0.72477
Training epoch 22 | loss: 0.37133 - accuracy: 0.94104
Validating epoch 22 | loss: 0.58146 - accuracy: 0.72936
Training epoch 23 | loss: 0.37681 - accuracy: 0.93512
Validating epoch 23 | loss: 0.59571 - accuracy: 0.7156
Training epoch 24 | loss: 0.37246 - accuracy: 0.93931
Validating epoch 24 | loss: 0.56402 - accuracy: 0.74771
Training epoch 25 | loss: 0.38066 - accuracy: 0.9354
Validating epoch 25 | loss: 0.59264 - accuracy: 0.72018
Training epoch 26 | loss: 0.37171 - accuracy: 0.94176
Validating epoch 26 | loss: 0.54585 - accuracy: 0.76835
Training epoch 27 | loss: 0.48192 - accuracy: 0.82587
Validating epoch 27 | loss: 0.58174 - accuracy: 0.72936
Training epoch 28 | loss: 0.39814 - accuracy: 0.91503
Validating epoch 28 | loss: 0.56643 - accuracy: 0.74312
Training epoch 29 | loss: 0.38988 - accuracy: 0.92269
Validating epoch 29 | loss: 0.56368 - accuracy: 0.74541
Training epoch 30 | loss: 0.36984 - accuracy: 0.94277
Validating epoch 30 | loss: 0.56778 - accuracy: 0.74771
Training epoch 31 | loss: 0.3669 - accuracy: 0.9461
Validating epoch 31 | loss: 0.59769 - accuracy: 0.71445
Training epoch 32 | loss: 0.36671 - accuracy: 0.94538
Validating epoch 32 | loss: 0.5612 - accuracy: 0.74885
Training epoch 33 | loss: 0.36396 - accuracy: 0.94841
Validating epoch 33 | loss: 0.55993 - accuracy: 0.75229
Training epoch 34 | loss: 0.36804 - accuracy: 0.94393
Validating epoch 34 | loss: 0.5742 - accuracy: 0.73739
Training epoch 35 | loss: 0.36695 - accuracy: 0.94566
Validating epoch 35 | loss: 0.58118 - accuracy: 0.73165
Training epoch 36 | loss: 0.3624 - accuracy: 0.9513
Validating epoch 36 | loss: 0.58617 - accuracy: 0.72592
Training epoch 37 | loss: 0.37049 - accuracy: 0.9409
Validating epoch 37 | loss: 0.61932 - accuracy: 0.69381
Training epoch 38 | loss: 0.36211 - accuracy: 0.94986
Validating epoch 38 | loss: 0.62482 - accuracy: 0.68463
Training epoch 39 | loss: 0.35975 - accuracy: 0.95506
Validating epoch 39 | loss: 0.61199 - accuracy: 0.69954
Training epoch 40 | loss: 0.35538 - accuracy: 0.95723
Validating epoch 40 | loss: 0.60364 - accuracy: 0.70642
Training epoch 41 | loss: 0.35789 - accuracy: 0.95491
Validating epoch 41 | loss: 0.59677 - accuracy: 0.7156
Training epoch 42 | loss: 0.3622 - accuracy: 0.95434
Validating epoch 42 | loss: 0.55119 - accuracy: 0.76261
Training epoch 43 | loss: 0.35959 - accuracy: 0.95275
Validating epoch 43 | loss: 0.57162 - accuracy: 0.73968
Training epoch 44 | loss: 0.36634 - accuracy: 0.94509
Validating epoch 44 | loss: 0.54647 - accuracy: 0.76491
Training epoch 45 | loss: 0.35793 - accuracy: 0.95462
Validating epoch 45 | loss: 0.60017 - accuracy: 0.7133
Training epoch 46 | loss: 0.35479 - accuracy: 0.9578
Validating epoch 46 | loss: 0.60881 - accuracy: 0.70413
Training epoch 47 | loss: 0.36191 - accuracy: 0.95448
Validating epoch 47 | loss: 0.62699 - accuracy: 0.68463
Training epoch 48 | loss: 0.35923 - accuracy: 0.95303
Validating epoch 48 | loss: 0.58746 - accuracy: 0.72362
Training epoch 49 | loss: 0.35338 - accuracy: 0.95925
Validating epoch 49 | loss: 0.61614 - accuracy: 0.69495
Training epoch 50 | loss: 0.3509 - accuracy: 0.96171
Validating epoch 50 | loss: 0.61741 - accuracy: 0.69381
Training epoch 51 | loss: 0.35017 - accuracy: 0.96257
Validating epoch 51 | loss: 0.61422 - accuracy: 0.6961
Training epoch 52 | loss: 0.35022 - accuracy: 0.96243
Validating epoch 52 | loss: 0.58111 - accuracy: 0.72936
Training epoch 53 | loss: 0.35502 - accuracy: 0.95751
Validating epoch 53 | loss: 0.57871 - accuracy: 0.7328
Training epoch 54 | loss: 0.35873 - accuracy: 0.95549
Validating epoch 54 | loss: 0.6057 - accuracy: 0.70528
