Model is Bert, dataset is sst, undersample is False, aug mode is None, geo is None, pct_usage is None, small_label is 0, small_prop is 0.2, balance_seed is 22, lr is 2e-05, max_epochs is 4, split_num is 0
Training epoch 0 | loss: 0.40292 - accuracy: 0.79566
Validating epoch 0 | loss: 0.54381 - accuracy: 0.82339
Training epoch 1 | loss: 0.08471 - accuracy: 0.97442
Validating epoch 1 | loss: 0.8834 - accuracy: 0.79014
Training epoch 2 | loss: 0.02031 - accuracy: 0.99538
Validating epoch 2 | loss: 1.06178 - accuracy: 0.78326
Training epoch 3 | loss: 0.00951 - accuracy: 0.99783
Validating epoch 3 | loss: 1.01593 - accuracy: 0.80161
Model is Bert, dataset is sst, undersample is True, aug mode is None, geo is None, pct_usage is None, small_label is 0, small_prop is 0.2, balance_seed is 22, lr is 2e-05, max_epochs is 4, split_num is 0
Training epoch 0 | loss: 0.31863 - accuracy: 0.84292
Validating epoch 0 | loss: 0.48035 - accuracy: 0.85436
Training epoch 1 | loss: 0.01682 - accuracy: 0.99581
Validating epoch 1 | loss: 0.69147 - accuracy: 0.8555
Training epoch 2 | loss: 0.00359 - accuracy: 0.99942
Validating epoch 2 | loss: 0.74344 - accuracy: 0.86239
Training epoch 3 | loss: 0.00194 - accuracy: 0.99986
Validating epoch 3 | loss: 0.7612 - accuracy: 0.86468
Model is Bert, dataset is sst, undersample is None, aug mode is synonym, geo is 0.1, pct_usage is None, small_label is 0, small_prop is 0.2, balance_seed is 22, lr is 2e-05, max_epochs is 4, split_num is 0
Training epoch 0 | loss: 0.31681 - accuracy: 0.85997
Validating epoch 0 | loss: 0.54899 - accuracy: 0.75688
Training epoch 1 | loss: 0.07563 - accuracy: 0.975
Validating epoch 1 | loss: 0.72501 - accuracy: 0.77179
Training epoch 2 | loss: 0.03101 - accuracy: 0.99118
Validating epoch 2 | loss: 0.98341 - accuracy: 0.7672
Training epoch 3 | loss: 0.0167 - accuracy: 0.99538
Validating epoch 3 | loss: 0.97045 - accuracy: 0.77867
Model is Bert, dataset is sst, undersample is None, aug mode is synonym, geo is 0.3, pct_usage is None, small_label is 0, small_prop is 0.2, balance_seed is 22, lr is 2e-05, max_epochs is 4, split_num is 0
Training epoch 0 | loss: 0.3732 - accuracy: 0.81474
Validating epoch 0 | loss: 0.60384 - accuracy: 0.80619
Training epoch 1 | loss: 0.07911 - accuracy: 0.97399
Validating epoch 1 | loss: 0.99602 - accuracy: 0.75115
Training epoch 2 | loss: 0.02132 - accuracy: 0.99379
Validating epoch 2 | loss: 1.1722 - accuracy: 0.76835
Training epoch 3 | loss: 0.01165 - accuracy: 0.99725
Validating epoch 3 | loss: 1.04668 - accuracy: 0.80046
Model is Bert, dataset is sst, undersample is None, aug mode is synonym, geo is 0.5, pct_usage is None, small_label is 0, small_prop is 0.2, balance_seed is 22, lr is 2e-05, max_epochs is 4, split_num is 0
Training epoch 0 | loss: 0.39018 - accuracy: 0.80332
Validating epoch 0 | loss: 0.67858 - accuracy: 0.80734
Training epoch 1 | loss: 0.08166 - accuracy: 0.97471
Validating epoch 1 | loss: 1.0133 - accuracy: 0.75459
Training epoch 2 | loss: 0.03133 - accuracy: 0.99133
Validating epoch 2 | loss: 0.95422 - accuracy: 0.79128
Training epoch 3 | loss: 0.01266 - accuracy: 0.99668
Validating epoch 3 | loss: 0.96535 - accuracy: 0.79931
Model is Bert, dataset is sst, undersample is None, aug mode is synonym, geo is 0.7, pct_usage is None, small_label is 0, small_prop is 0.2, balance_seed is 22, lr is 2e-05, max_epochs is 4, split_num is 0
Training epoch 0 | loss: 0.38436 - accuracy: 0.80072
Validating epoch 0 | loss: 0.56274 - accuracy: 0.79243
Training epoch 1 | loss: 0.07264 - accuracy: 0.9776
Validating epoch 1 | loss: 0.82816 - accuracy: 0.80046
Training epoch 2 | loss: 0.02337 - accuracy: 0.99436
Validating epoch 2 | loss: 0.9447 - accuracy: 0.79587
Training epoch 3 | loss: 0.01174 - accuracy: 0.99754
Validating epoch 3 | loss: 0.95824 - accuracy: 0.80505
Model is Bert, dataset is sst, undersample is None, aug mode is synonym, geo is 0.9, pct_usage is None, small_label is 0, small_prop is 0.2, balance_seed is 22, lr is 2e-05, max_epochs is 4, split_num is 0
Training epoch 0 | loss: 0.36828 - accuracy: 0.81373
Validating epoch 0 | loss: 0.55128 - accuracy: 0.83945
Training epoch 1 | loss: 0.06844 - accuracy: 0.97861
Validating epoch 1 | loss: 0.8436 - accuracy: 0.79014
Training epoch 2 | loss: 0.01988 - accuracy: 0.9948
Validating epoch 2 | loss: 0.89064 - accuracy: 0.81995
Training epoch 3 | loss: 0.01055 - accuracy: 0.99754
Validating epoch 3 | loss: 1.03154 - accuracy: 0.80275
Model is Bert, dataset is sst, undersample is False, aug mode is None, geo is None, pct_usage is None, small_label is 1, small_prop is 0.2, balance_seed is 22, lr is 2e-05, max_epochs is 4, split_num is 0
Training epoch 0 | loss: 0.3916 - accuracy: 0.80173
Validating epoch 0 | loss: 0.44751 - accuracy: 0.83601
Training epoch 1 | loss: 0.06862 - accuracy: 0.9802
Validating epoch 1 | loss: 0.59982 - accuracy: 0.85321
Training epoch 2 | loss: 0.02054 - accuracy: 0.9948
Validating epoch 2 | loss: 0.72175 - accuracy: 0.8406
Training epoch 3 | loss: 0.0081 - accuracy: 0.99841
Validating epoch 3 | loss: 0.70186 - accuracy: 0.85321
Model is Bert, dataset is sst, undersample is True, aug mode is None, geo is None, pct_usage is None, small_label is 1, small_prop is 0.2, balance_seed is 22, lr is 2e-05, max_epochs is 4, split_num is 0
Training epoch 0 | loss: 0.33163 - accuracy: 0.84176
Validating epoch 0 | loss: 0.71257 - accuracy: 0.7844
Training epoch 1 | loss: 0.0387 - accuracy: 0.98945
Validating epoch 1 | loss: 0.54586 - accuracy: 0.86583
Training epoch 2 | loss: 0.0089 - accuracy: 0.99812
Validating epoch 2 | loss: 0.64175 - accuracy: 0.86583
Training epoch 3 | loss: 0.00497 - accuracy: 0.99913
Validating epoch 3 | loss: 0.6335 - accuracy: 0.86927
Model is Bert, dataset is sst, undersample is None, aug mode is synonym, geo is 0.1, pct_usage is None, small_label is 1, small_prop is 0.2, balance_seed is 22, lr is 2e-05, max_epochs is 4, split_num is 0
Training epoch 0 | loss: 0.3534 - accuracy: 0.83237
Validating epoch 0 | loss: 0.57483 - accuracy: 0.77638
Training epoch 1 | loss: 0.10279 - accuracy: 0.9659
Validating epoch 1 | loss: 0.41748 - accuracy: 0.8578
Training epoch 2 | loss: 0.04868 - accuracy: 0.98497
Validating epoch 2 | loss: 0.48928 - accuracy: 0.84862
Training epoch 3 | loss: 0.02433 - accuracy: 0.9948
Validating epoch 3 | loss: 0.58979 - accuracy: 0.83257
Model is Bert, dataset is sst, undersample is None, aug mode is synonym, geo is 0.3, pct_usage is None, small_label is 1, small_prop is 0.2, balance_seed is 22, lr is 2e-05, max_epochs is 4, split_num is 0
Training epoch 0 | loss: 0.38495 - accuracy: 0.81272
Validating epoch 0 | loss: 0.3621 - accuracy: 0.86583
Training epoch 1 | loss: 0.08966 - accuracy: 0.96951
Validating epoch 1 | loss: 0.52879 - accuracy: 0.8383
Training epoch 2 | loss: 0.03176 - accuracy: 0.99205
Validating epoch 2 | loss: 0.62592 - accuracy: 0.84518
Training epoch 3 | loss: 0.01401 - accuracy: 0.99668
Validating epoch 3 | loss: 0.64284 - accuracy: 0.85092
Model is Bert, dataset is sst, undersample is None, aug mode is synonym, geo is 0.5, pct_usage is None, small_label is 1, small_prop is 0.2, balance_seed is 22, lr is 2e-05, max_epochs is 4, split_num is 0
Training epoch 0 | loss: 0.39613 - accuracy: 0.79798
Validating epoch 0 | loss: 0.37041 - accuracy: 0.86353
Training epoch 1 | loss: 0.09052 - accuracy: 0.97182
Validating epoch 1 | loss: 0.48176 - accuracy: 0.85092
Training epoch 2 | loss: 0.02934 - accuracy: 0.99292
Validating epoch 2 | loss: 0.59441 - accuracy: 0.85092
Training epoch 3 | loss: 0.01601 - accuracy: 0.99639
Validating epoch 3 | loss: 0.70094 - accuracy: 0.8406
Model is Bert, dataset is sst, undersample is None, aug mode is synonym, geo is 0.7, pct_usage is None, small_label is 1, small_prop is 0.2, balance_seed is 22, lr is 2e-05, max_epochs is 4, split_num is 0
Training epoch 0 | loss: 0.38762 - accuracy: 0.81488
Validating epoch 0 | loss: 0.37995 - accuracy: 0.84518
Training epoch 1 | loss: 0.09065 - accuracy: 0.97168
Validating epoch 1 | loss: 0.62359 - accuracy: 0.83601
Training epoch 2 | loss: 0.0322 - accuracy: 0.99147
Validating epoch 2 | loss: 0.5305 - accuracy: 0.86239
Training epoch 3 | loss: 0.02011 - accuracy: 0.99523
Validating epoch 3 | loss: 0.6175 - accuracy: 0.85665
Model is Bert, dataset is sst, undersample is None, aug mode is synonym, geo is 0.9, pct_usage is None, small_label is 1, small_prop is 0.2, balance_seed is 22, lr is 2e-05, max_epochs is 4, split_num is 0
Training epoch 0 | loss: 0.37356 - accuracy: 0.81965
Validating epoch 0 | loss: 0.43594 - accuracy: 0.85092
Training epoch 1 | loss: 0.07086 - accuracy: 0.97905
Validating epoch 1 | loss: 0.5527 - accuracy: 0.84518
Training epoch 2 | loss: 0.02619 - accuracy: 0.99263
Validating epoch 2 | loss: 0.63027 - accuracy: 0.8555
Training epoch 3 | loss: 0.01674 - accuracy: 0.99552
Validating epoch 3 | loss: 0.68449 - accuracy: 0.84633
Model is Bert, dataset is sst, undersample is False, aug mode is None, geo is None, pct_usage is None, small_label is 0, small_prop is 0.4, balance_seed is 22, lr is 2e-05, max_epochs is 4, split_num is 0
Training epoch 0 | loss: 0.41234 - accuracy: 0.7961
Validating epoch 0 | loss: 0.41147 - accuracy: 0.84977
Training epoch 1 | loss: 0.12094 - accuracy: 0.95939
Validating epoch 1 | loss: 0.60132 - accuracy: 0.83257
Training epoch 2 | loss: 0.04131 - accuracy: 0.98829
Validating epoch 2 | loss: 0.62988 - accuracy: 0.84748
Training epoch 3 | loss: 0.02138 - accuracy: 0.99408
Validating epoch 3 | loss: 0.67587 - accuracy: 0.85321
Model is Bert, dataset is sst, undersample is True, aug mode is None, geo is None, pct_usage is None, small_label is 0, small_prop is 0.4, balance_seed is 22, lr is 2e-05, max_epochs is 4, split_num is 0
Training epoch 0 | loss: 0.40357 - accuracy: 0.79379
Validating epoch 0 | loss: 0.4113 - accuracy: 0.85321
Training epoch 1 | loss: 0.07631 - accuracy: 0.97818
Validating epoch 1 | loss: 0.49985 - accuracy: 0.86239
Training epoch 2 | loss: 0.022 - accuracy: 0.99523
Validating epoch 2 | loss: 0.61653 - accuracy: 0.86927
Training epoch 3 | loss: 0.01419 - accuracy: 0.99725
Validating epoch 3 | loss: 0.63627 - accuracy: 0.86697
Model is Bert, dataset is sst, undersample is None, aug mode is synonym, geo is 0.1, pct_usage is None, small_label is 0, small_prop is 0.4, balance_seed is 22, lr is 2e-05, max_epochs is 4, split_num is 0
Training epoch 0 | loss: 0.361 - accuracy: 0.81835
Validating epoch 0 | loss: 0.48291 - accuracy: 0.79817
Training epoch 1 | loss: 0.12155 - accuracy: 0.95246
Validating epoch 1 | loss: 0.67966 - accuracy: 0.76491
Training epoch 2 | loss: 0.06702 - accuracy: 0.97717
Validating epoch 2 | loss: 0.74394 - accuracy: 0.79014
Training epoch 3 | loss: 0.04134 - accuracy: 0.98829
Validating epoch 3 | loss: 0.69543 - accuracy: 0.81078
Model is Bert, dataset is sst, undersample is None, aug mode is synonym, geo is 0.3, pct_usage is None, small_label is 0, small_prop is 0.4, balance_seed is 22, lr is 2e-05, max_epochs is 4, split_num is 0
Training epoch 0 | loss: 0.41487 - accuracy: 0.79292
Validating epoch 0 | loss: 0.51586 - accuracy: 0.80849
Training epoch 1 | loss: 0.14302 - accuracy: 0.95116
Validating epoch 1 | loss: 0.43527 - accuracy: 0.86009
Training epoch 2 | loss: 0.07296 - accuracy: 0.9776
Validating epoch 2 | loss: 0.61066 - accuracy: 0.83716
Training epoch 3 | loss: 0.03355 - accuracy: 0.99046
Validating epoch 3 | loss: 0.7261 - accuracy: 0.82798
Model is Bert, dataset is sst, undersample is None, aug mode is synonym, geo is 0.5, pct_usage is None, small_label is 0, small_prop is 0.4, balance_seed is 22, lr is 2e-05, max_epochs is 4, split_num is 0
Training epoch 0 | loss: 0.47223 - accuracy: 0.76402
Validating epoch 0 | loss: 0.35836 - accuracy: 0.8578
Training epoch 1 | loss: 0.1701 - accuracy: 0.93931
Validating epoch 1 | loss: 0.41548 - accuracy: 0.85321
Training epoch 2 | loss: 0.07933 - accuracy: 0.97818
Validating epoch 2 | loss: 0.62974 - accuracy: 0.82339
Training epoch 3 | loss: 0.0422 - accuracy: 0.98916
Validating epoch 3 | loss: 0.59568 - accuracy: 0.84289
Model is Bert, dataset is sst, undersample is None, aug mode is synonym, geo is 0.7, pct_usage is None, small_label is 0, small_prop is 0.4, balance_seed is 22, lr is 2e-05, max_epochs is 4, split_num is 0
Training epoch 0 | loss: 0.42224 - accuracy: 0.79292
Validating epoch 0 | loss: 0.38062 - accuracy: 0.84633
Training epoch 1 | loss: 0.15077 - accuracy: 0.94986
Validating epoch 1 | loss: 0.43908 - accuracy: 0.85436
Training epoch 2 | loss: 0.06274 - accuracy: 0.98353
Validating epoch 2 | loss: 0.63075 - accuracy: 0.84174
Training epoch 3 | loss: 0.03375 - accuracy: 0.99147
Validating epoch 3 | loss: 0.64433 - accuracy: 0.84404
Model is Bert, dataset is sst, undersample is None, aug mode is synonym, geo is 0.9, pct_usage is None, small_label is 0, small_prop is 0.4, balance_seed is 22, lr is 2e-05, max_epochs is 4, split_num is 0
Training epoch 0 | loss: 0.41764 - accuracy: 0.80101
Validating epoch 0 | loss: 0.33424 - accuracy: 0.87615
Training epoch 1 | loss: 0.13631 - accuracy: 0.95592
Validating epoch 1 | loss: 0.52725 - accuracy: 0.8406
Training epoch 2 | loss: 0.05417 - accuracy: 0.98598
Validating epoch 2 | loss: 0.56107 - accuracy: 0.84862
Training epoch 3 | loss: 0.03173 - accuracy: 0.99306
Validating epoch 3 | loss: 0.58944 - accuracy: 0.8555
Model is Bert, dataset is sst, undersample is False, aug mode is None, geo is None, pct_usage is None, small_label is 1, small_prop is 0.4, balance_seed is 22, lr is 2e-05, max_epochs is 4, split_num is 0
Training epoch 0 | loss: 0.41682 - accuracy: 0.78974
Validating epoch 0 | loss: 0.34319 - accuracy: 0.85894
Training epoch 1 | loss: 0.1156 - accuracy: 0.96199
Validating epoch 1 | loss: 0.36772 - accuracy: 0.875
Training epoch 2 | loss: 0.03859 - accuracy: 0.98873
Validating epoch 2 | loss: 0.43978 - accuracy: 0.88532
Training epoch 3 | loss: 0.01648 - accuracy: 0.99566
Validating epoch 3 | loss: 0.48121 - accuracy: 0.88417
Model is Bert, dataset is sst, undersample is True, aug mode is None, geo is None, pct_usage is None, small_label is 1, small_prop is 0.4, balance_seed is 22, lr is 2e-05, max_epochs is 4, split_num is 0
Training epoch 0 | loss: 0.4133 - accuracy: 0.78367
Validating epoch 0 | loss: 0.3677 - accuracy: 0.86239
Training epoch 1 | loss: 0.08372 - accuracy: 0.97384
Validating epoch 1 | loss: 0.45997 - accuracy: 0.86239
Training epoch 2 | loss: 0.01786 - accuracy: 0.99566
Validating epoch 2 | loss: 0.54902 - accuracy: 0.88188
Training epoch 3 | loss: 0.00672 - accuracy: 0.99884
Validating epoch 3 | loss: 0.5782 - accuracy: 0.88073
Model is Bert, dataset is sst, undersample is None, aug mode is synonym, geo is 0.1, pct_usage is None, small_label is 1, small_prop is 0.4, balance_seed is 22, lr is 2e-05, max_epochs is 4, split_num is 0
Training epoch 0 | loss: 0.35664 - accuracy: 0.8354
Validating epoch 0 | loss: 0.48768 - accuracy: 0.80505
Training epoch 1 | loss: 0.13241 - accuracy: 0.95434
Validating epoch 1 | loss: 0.35378 - accuracy: 0.86239
Training epoch 2 | loss: 0.07303 - accuracy: 0.9763
Validating epoch 2 | loss: 0.48588 - accuracy: 0.84862
Training epoch 3 | loss: 0.04939 - accuracy: 0.98526
Validating epoch 3 | loss: 0.46304 - accuracy: 0.8578
Model is Bert, dataset is sst, undersample is None, aug mode is synonym, geo is 0.3, pct_usage is None, small_label is 1, small_prop is 0.4, balance_seed is 22, lr is 2e-05, max_epochs is 4, split_num is 0
Training epoch 0 | loss: 0.43013 - accuracy: 0.78266
Validating epoch 0 | loss: 0.31947 - accuracy: 0.86927
Training epoch 1 | loss: 0.15536 - accuracy: 0.94566
Validating epoch 1 | loss: 0.32461 - accuracy: 0.87844
Training epoch 2 | loss: 0.06598 - accuracy: 0.9802
Validating epoch 2 | loss: 0.41046 - accuracy: 0.87271
Training epoch 3 | loss: 0.0454 - accuracy: 0.98772
Validating epoch 3 | loss: 0.44976 - accuracy: 0.875
Model is Bert, dataset is sst, undersample is None, aug mode is synonym, geo is 0.5, pct_usage is None, small_label is 1, small_prop is 0.4, balance_seed is 22, lr is 2e-05, max_epochs is 4, split_num is 0
Training epoch 0 | loss: 0.44275 - accuracy: 0.77298
Validating epoch 0 | loss: 0.34146 - accuracy: 0.8578
Training epoch 1 | loss: 0.16948 - accuracy: 0.94003
Validating epoch 1 | loss: 0.33634 - accuracy: 0.88073
Training epoch 2 | loss: 0.05743 - accuracy: 0.98237
Validating epoch 2 | loss: 0.40493 - accuracy: 0.88532
Training epoch 3 | loss: 0.02868 - accuracy: 0.99277
Validating epoch 3 | loss: 0.47283 - accuracy: 0.87959
Model is Bert, dataset is sst, undersample is None, aug mode is synonym, geo is 0.7, pct_usage is None, small_label is 1, small_prop is 0.4, balance_seed is 22, lr is 2e-05, max_epochs is 4, split_num is 0
Training epoch 0 | loss: 0.40574 - accuracy: 0.80679
Validating epoch 0 | loss: 0.34419 - accuracy: 0.86468
Training epoch 1 | loss: 0.13862 - accuracy: 0.95029
Validating epoch 1 | loss: 0.36452 - accuracy: 0.88761
Training epoch 2 | loss: 0.05572 - accuracy: 0.98367
Validating epoch 2 | loss: 0.4364 - accuracy: 0.88188
Training epoch 3 | loss: 0.02949 - accuracy: 0.99306
Validating epoch 3 | loss: 0.44606 - accuracy: 0.88417
Model is Bert, dataset is sst, undersample is None, aug mode is synonym, geo is 0.9, pct_usage is None, small_label is 1, small_prop is 0.4, balance_seed is 22, lr is 2e-05, max_epochs is 4, split_num is 0
Training epoch 0 | loss: 0.41435 - accuracy: 0.80332
Validating epoch 0 | loss: 0.32942 - accuracy: 0.87271
Training epoch 1 | loss: 0.14545 - accuracy: 0.95361
Validating epoch 1 | loss: 0.3767 - accuracy: 0.875
Training epoch 2 | loss: 0.05258 - accuracy: 0.98569
Validating epoch 2 | loss: 0.48926 - accuracy: 0.87156
Training epoch 3 | loss: 0.02945 - accuracy: 0.99306
Validating epoch 3 | loss: 0.49217 - accuracy: 0.87615
Model is Bert, dataset is sst, undersample is False, aug mode is None, geo is None, pct_usage is None, small_label is 0, small_prop is 0.6, balance_seed is 22, lr is 2e-05, max_epochs is 4, split_num is 0
Training epoch 0 | loss: 0.43121 - accuracy: 0.7896
Validating epoch 0 | loss: 0.38493 - accuracy: 0.84518
Training epoch 1 | loss: 0.16115 - accuracy: 0.94306
Validating epoch 1 | loss: 0.40052 - accuracy: 0.87041
Training epoch 2 | loss: 0.07054 - accuracy: 0.97977
Validating epoch 2 | loss: 0.50484 - accuracy: 0.86239
Training epoch 3 | loss: 0.03839 - accuracy: 0.9896
Validating epoch 3 | loss: 0.5598 - accuracy: 0.86239
Model is Bert, dataset is sst, undersample is True, aug mode is None, geo is None, pct_usage is None, small_label is 0, small_prop is 0.6, balance_seed is 22, lr is 2e-05, max_epochs is 4, split_num is 0
Training epoch 0 | loss: 0.40154 - accuracy: 0.7987
Validating epoch 0 | loss: 0.38223 - accuracy: 0.86583
Training epoch 1 | loss: 0.11448 - accuracy: 0.96503
Validating epoch 1 | loss: 0.46579 - accuracy: 0.87615
Training epoch 2 | loss: 0.03609 - accuracy: 0.99032
Validating epoch 2 | loss: 0.53866 - accuracy: 0.86927
Training epoch 3 | loss: 0.01644 - accuracy: 0.99566
Validating epoch 3 | loss: 0.5445 - accuracy: 0.88073
Model is Bert, dataset is sst, undersample is None, aug mode is synonym, geo is 0.1, pct_usage is None, small_label is 0, small_prop is 0.6, balance_seed is 22, lr is 2e-05, max_epochs is 4, split_num is 0
Training epoch 0 | loss: 0.35548 - accuracy: 0.82486
Validating epoch 0 | loss: 0.59453 - accuracy: 0.75917
Training epoch 1 | loss: 0.12584 - accuracy: 0.95318
Validating epoch 1 | loss: 0.60253 - accuracy: 0.79702
Training epoch 2 | loss: 0.07277 - accuracy: 0.9737
Validating epoch 2 | loss: 0.60648 - accuracy: 0.81651
Training epoch 3 | loss: 0.04475 - accuracy: 0.98656
Validating epoch 3 | loss: 0.64484 - accuracy: 0.81995
Model is Bert, dataset is sst, undersample is None, aug mode is synonym, geo is 0.3, pct_usage is None, small_label is 0, small_prop is 0.6, balance_seed is 22, lr is 2e-05, max_epochs is 4, split_num is 0
Training epoch 0 | loss: 0.40869 - accuracy: 0.80607
Validating epoch 0 | loss: 0.36269 - accuracy: 0.86124
Training epoch 1 | loss: 0.1629 - accuracy: 0.94234
Validating epoch 1 | loss: 0.39509 - accuracy: 0.86009
Training epoch 2 | loss: 0.0882 - accuracy: 0.9698
Validating epoch 2 | loss: 0.52804 - accuracy: 0.84633
Training epoch 3 | loss: 0.04872 - accuracy: 0.98598
Validating epoch 3 | loss: 0.57353 - accuracy: 0.84174
Model is Bert, dataset is sst, undersample is None, aug mode is synonym, geo is 0.5, pct_usage is None, small_label is 0, small_prop is 0.6, balance_seed is 22, lr is 2e-05, max_epochs is 4, split_num is 0
Training epoch 0 | loss: 0.44275 - accuracy: 0.77558
Validating epoch 0 | loss: 0.42304 - accuracy: 0.84748
Training epoch 1 | loss: 0.17082 - accuracy: 0.93757
Validating epoch 1 | loss: 0.41689 - accuracy: 0.85665
Training epoch 2 | loss: 0.08019 - accuracy: 0.97384
Validating epoch 2 | loss: 0.5554 - accuracy: 0.84518
Training epoch 3 | loss: 0.04217 - accuracy: 0.98829
Validating epoch 3 | loss: 0.54916 - accuracy: 0.86239
Model is Bert, dataset is sst, undersample is None, aug mode is synonym, geo is 0.7, pct_usage is None, small_label is 0, small_prop is 0.6, balance_seed is 22, lr is 2e-05, max_epochs is 4, split_num is 0
Training epoch 0 | loss: 0.43594 - accuracy: 0.77731
Validating epoch 0 | loss: 0.3181 - accuracy: 0.87959
Training epoch 1 | loss: 0.17399 - accuracy: 0.93873
Validating epoch 1 | loss: 0.44717 - accuracy: 0.83601
Training epoch 2 | loss: 0.06909 - accuracy: 0.97645
Validating epoch 2 | loss: 0.45402 - accuracy: 0.86812
Training epoch 3 | loss: 0.03914 - accuracy: 0.98728
Validating epoch 3 | loss: 0.51684 - accuracy: 0.86009
Model is Bert, dataset is sst, undersample is None, aug mode is synonym, geo is 0.9, pct_usage is None, small_label is 0, small_prop is 0.6, balance_seed is 22, lr is 2e-05, max_epochs is 4, split_num is 0
Training epoch 0 | loss: 0.48607 - accuracy: 0.74205
Validating epoch 0 | loss: 0.31603 - accuracy: 0.875
Training epoch 1 | loss: 0.19128 - accuracy: 0.93208
Validating epoch 1 | loss: 0.35624 - accuracy: 0.87844
Training epoch 2 | loss: 0.08568 - accuracy: 0.97529
Validating epoch 2 | loss: 0.42759 - accuracy: 0.88073
Training epoch 3 | loss: 0.05222 - accuracy: 0.98714
Validating epoch 3 | loss: 0.46755 - accuracy: 0.87385
Model is Bert, dataset is sst, undersample is False, aug mode is None, geo is None, pct_usage is None, small_label is 1, small_prop is 0.6, balance_seed is 22, lr is 2e-05, max_epochs is 4, split_num is 0
Training epoch 0 | loss: 0.44559 - accuracy: 0.77182
Validating epoch 0 | loss: 0.31051 - accuracy: 0.88188
Training epoch 1 | loss: 0.16501 - accuracy: 0.94061
Validating epoch 1 | loss: 0.3705 - accuracy: 0.87156
Training epoch 2 | loss: 0.06688 - accuracy: 0.98078
Validating epoch 2 | loss: 0.40751 - accuracy: 0.88876
Training epoch 3 | loss: 0.02915 - accuracy: 0.99292
Validating epoch 3 | loss: 0.43558 - accuracy: 0.88991
Model is Bert, dataset is sst, undersample is True, aug mode is None, geo is None, pct_usage is None, small_label is 1, small_prop is 0.6, balance_seed is 22, lr is 2e-05, max_epochs is 4, split_num is 0
Training epoch 0 | loss: 0.43611 - accuracy: 0.78049
Validating epoch 0 | loss: 0.3375 - accuracy: 0.86468
Training epoch 1 | loss: 0.15138 - accuracy: 0.94581
Validating epoch 1 | loss: 0.35065 - accuracy: 0.88303
Training epoch 2 | loss: 0.05223 - accuracy: 0.98555
Validating epoch 2 | loss: 0.4413 - accuracy: 0.88073
Training epoch 3 | loss: 0.01892 - accuracy: 0.99566
Validating epoch 3 | loss: 0.48987 - accuracy: 0.88761
Model is Bert, dataset is sst, undersample is None, aug mode is synonym, geo is 0.1, pct_usage is None, small_label is 1, small_prop is 0.6, balance_seed is 22, lr is 2e-05, max_epochs is 4, split_num is 0
Training epoch 0 | loss: 0.35359 - accuracy: 0.84032
Validating epoch 0 | loss: 0.40641 - accuracy: 0.8406
Training epoch 1 | loss: 0.13871 - accuracy: 0.94855
Validating epoch 1 | loss: 0.46415 - accuracy: 0.83716
Training epoch 2 | loss: 0.0697 - accuracy: 0.97746
Validating epoch 2 | loss: 0.42729 - accuracy: 0.86239
Training epoch 3 | loss: 0.04877 - accuracy: 0.98598
Validating epoch 3 | loss: 0.44174 - accuracy: 0.86124
Model is Bert, dataset is sst, undersample is None, aug mode is synonym, geo is 0.3, pct_usage is None, small_label is 1, small_prop is 0.6, balance_seed is 22, lr is 2e-05, max_epochs is 4, split_num is 0
Training epoch 0 | loss: 0.42048 - accuracy: 0.78858
Validating epoch 0 | loss: 0.3522 - accuracy: 0.85321
Training epoch 1 | loss: 0.1734 - accuracy: 0.93786
Validating epoch 1 | loss: 0.36957 - accuracy: 0.88073
Training epoch 2 | loss: 0.0841 - accuracy: 0.97327
Validating epoch 2 | loss: 0.37932 - accuracy: 0.88073
Training epoch 3 | loss: 0.04659 - accuracy: 0.98642
Validating epoch 3 | loss: 0.41831 - accuracy: 0.88532
Model is Bert, dataset is sst, undersample is None, aug mode is synonym, geo is 0.5, pct_usage is None, small_label is 1, small_prop is 0.6, balance_seed is 22, lr is 2e-05, max_epochs is 4, split_num is 0
Training epoch 0 | loss: 0.45709 - accuracy: 0.76777
Validating epoch 0 | loss: 0.30088 - accuracy: 0.86583
Training epoch 1 | loss: 0.20344 - accuracy: 0.92413
Validating epoch 1 | loss: 0.33836 - accuracy: 0.88073
Training epoch 2 | loss: 0.09521 - accuracy: 0.96936
Validating epoch 2 | loss: 0.39231 - accuracy: 0.87844
Training epoch 3 | loss: 0.04888 - accuracy: 0.98728
Validating epoch 3 | loss: 0.413 - accuracy: 0.88647
Model is Bert, dataset is sst, undersample is None, aug mode is synonym, geo is 0.7, pct_usage is None, small_label is 1, small_prop is 0.6, balance_seed is 22, lr is 2e-05, max_epochs is 4, split_num is 0
Training epoch 0 | loss: 0.45802 - accuracy: 0.76272
Validating epoch 0 | loss: 0.33587 - accuracy: 0.86697
Training epoch 1 | loss: 0.18047 - accuracy: 0.93439
Validating epoch 1 | loss: 0.31855 - accuracy: 0.89335
Training epoch 2 | loss: 0.07506 - accuracy: 0.97818
Validating epoch 2 | loss: 0.38888 - accuracy: 0.88991
Training epoch 3 | loss: 0.03828 - accuracy: 0.98988
Validating epoch 3 | loss: 0.42172 - accuracy: 0.88761
Model is Bert, dataset is sst, undersample is None, aug mode is synonym, geo is 0.9, pct_usage is None, small_label is 1, small_prop is 0.6, balance_seed is 22, lr is 2e-05, max_epochs is 4, split_num is 0
Training epoch 0 | loss: 0.4236 - accuracy: 0.79422
Validating epoch 0 | loss: 0.31056 - accuracy: 0.87041
Training epoch 1 | loss: 0.17107 - accuracy: 0.93743
Validating epoch 1 | loss: 0.33971 - accuracy: 0.88647
Training epoch 2 | loss: 0.06821 - accuracy: 0.97731
Validating epoch 2 | loss: 0.41314 - accuracy: 0.88761
Training epoch 3 | loss: 0.03508 - accuracy: 0.98988
Validating epoch 3 | loss: 0.44861 - accuracy: 0.88647
Model is Bert, dataset is sst, undersample is False, aug mode is None, geo is None, pct_usage is None, small_label is 0, small_prop is 0.8, balance_seed is 22, lr is 2e-05, max_epochs is 4, split_num is 0
Training epoch 0 | loss: 0.45092 - accuracy: 0.78353
Validating epoch 0 | loss: 0.36976 - accuracy: 0.85665
Training epoch 1 | loss: 0.20509 - accuracy: 0.92428
Validating epoch 1 | loss: 0.39077 - accuracy: 0.86927
Training epoch 2 | loss: 0.09731 - accuracy: 0.97139
Validating epoch 2 | loss: 0.44254 - accuracy: 0.87156
Training epoch 3 | loss: 0.05181 - accuracy: 0.98613
Validating epoch 3 | loss: 0.44641 - accuracy: 0.88073
Model is Bert, dataset is sst, undersample is True, aug mode is None, geo is None, pct_usage is None, small_label is 0, small_prop is 0.8, balance_seed is 22, lr is 2e-05, max_epochs is 4, split_num is 0
Training epoch 0 | loss: 0.41863 - accuracy: 0.79624
Validating epoch 0 | loss: 0.33288 - accuracy: 0.86583
Training epoch 1 | loss: 0.15639 - accuracy: 0.94465
Validating epoch 1 | loss: 0.34478 - accuracy: 0.88532
Training epoch 2 | loss: 0.06676 - accuracy: 0.98107
Validating epoch 2 | loss: 0.40451 - accuracy: 0.89335
Training epoch 3 | loss: 0.0335 - accuracy: 0.99075
Validating epoch 3 | loss: 0.44291 - accuracy: 0.88876
Model is Bert, dataset is sst, undersample is None, aug mode is synonym, geo is 0.1, pct_usage is None, small_label is 0, small_prop is 0.8, balance_seed is 22, lr is 2e-05, max_epochs is 4, split_num is 0
Training epoch 0 | loss: 0.35747 - accuracy: 0.83786
Validating epoch 0 | loss: 0.58011 - accuracy: 0.74885
Training epoch 1 | loss: 0.1535 - accuracy: 0.94523
Validating epoch 1 | loss: 0.62483 - accuracy: 0.7672
Training epoch 2 | loss: 0.08507 - accuracy: 0.97211
Validating epoch 2 | loss: 0.57378 - accuracy: 0.80734
Training epoch 3 | loss: 0.05928 - accuracy: 0.98078
Validating epoch 3 | loss: 0.60816 - accuracy: 0.81995
Model is Bert, dataset is sst, undersample is None, aug mode is synonym, geo is 0.3, pct_usage is None, small_label is 0, small_prop is 0.8, balance_seed is 22, lr is 2e-05, max_epochs is 4, split_num is 0
Training epoch 0 | loss: 0.41444 - accuracy: 0.79494
Validating epoch 0 | loss: 0.41826 - accuracy: 0.83601
Training epoch 1 | loss: 0.173 - accuracy: 0.93295
Validating epoch 1 | loss: 0.3868 - accuracy: 0.86239
Training epoch 2 | loss: 0.08024 - accuracy: 0.97254
Validating epoch 2 | loss: 0.50709 - accuracy: 0.84977
Training epoch 3 | loss: 0.05087 - accuracy: 0.98353
Validating epoch 3 | loss: 0.49922 - accuracy: 0.86353
Model is Bert, dataset is sst, undersample is None, aug mode is synonym, geo is 0.5, pct_usage is None, small_label is 0, small_prop is 0.8, balance_seed is 22, lr is 2e-05, max_epochs is 4, split_num is 0
Training epoch 0 | loss: 0.44836 - accuracy: 0.77616
Validating epoch 0 | loss: 0.35009 - accuracy: 0.85894
Training epoch 1 | loss: 0.20104 - accuracy: 0.9289
Validating epoch 1 | loss: 0.38518 - accuracy: 0.86124
Training epoch 2 | loss: 0.10396 - accuracy: 0.96402
Validating epoch 2 | loss: 0.45323 - accuracy: 0.86009
Training epoch 3 | loss: 0.06211 - accuracy: 0.98194
Validating epoch 3 | loss: 0.51114 - accuracy: 0.86583
Model is Bert, dataset is sst, undersample is None, aug mode is synonym, geo is 0.7, pct_usage is None, small_label is 0, small_prop is 0.8, balance_seed is 22, lr is 2e-05, max_epochs is 4, split_num is 0
Training epoch 0 | loss: 0.45161 - accuracy: 0.78006
Validating epoch 0 | loss: 0.31264 - accuracy: 0.87041
Training epoch 1 | loss: 0.20697 - accuracy: 0.92254
Validating epoch 1 | loss: 0.41528 - accuracy: 0.85436
Training epoch 2 | loss: 0.10423 - accuracy: 0.96344
Validating epoch 2 | loss: 0.44499 - accuracy: 0.87041
Training epoch 3 | loss: 0.0531 - accuracy: 0.98642
Validating epoch 3 | loss: 0.49328 - accuracy: 0.86697
Model is Bert, dataset is sst, undersample is None, aug mode is synonym, geo is 0.9, pct_usage is None, small_label is 0, small_prop is 0.8, balance_seed is 22, lr is 2e-05, max_epochs is 4, split_num is 0
Training epoch 0 | loss: 0.4608 - accuracy: 0.76156
Validating epoch 0 | loss: 0.31769 - accuracy: 0.88073
Training epoch 1 | loss: 0.21509 - accuracy: 0.91676
Validating epoch 1 | loss: 0.35682 - accuracy: 0.86697
Training epoch 2 | loss: 0.10565 - accuracy: 0.96633
Validating epoch 2 | loss: 0.42647 - accuracy: 0.86468
Training epoch 3 | loss: 0.06064 - accuracy: 0.98006
Validating epoch 3 | loss: 0.45511 - accuracy: 0.86812
Model is Bert, dataset is sst, undersample is False, aug mode is None, geo is None, pct_usage is None, small_label is 1, small_prop is 0.8, balance_seed is 22, lr is 2e-05, max_epochs is 4, split_num is 0
Training epoch 0 | loss: 0.44064 - accuracy: 0.78309
Validating epoch 0 | loss: 0.31889 - accuracy: 0.87385
Training epoch 1 | loss: 0.18589 - accuracy: 0.93092
Validating epoch 1 | loss: 0.32139 - accuracy: 0.89106
Training epoch 2 | loss: 0.08213 - accuracy: 0.97442
Validating epoch 2 | loss: 0.39536 - accuracy: 0.88647
Training epoch 3 | loss: 0.04264 - accuracy: 0.98772
Validating epoch 3 | loss: 0.44091 - accuracy: 0.88991
Model is Bert, dataset is sst, undersample is True, aug mode is None, geo is None, pct_usage is None, small_label is 1, small_prop is 0.8, balance_seed is 22, lr is 2e-05, max_epochs is 4, split_num is 0
Training epoch 0 | loss: 0.44219 - accuracy: 0.76922
Validating epoch 0 | loss: 0.29558 - accuracy: 0.88188
Training epoch 1 | loss: 0.17212 - accuracy: 0.93468
Validating epoch 1 | loss: 0.33468 - accuracy: 0.88876
Training epoch 2 | loss: 0.07311 - accuracy: 0.97659
Validating epoch 2 | loss: 0.41622 - accuracy: 0.87844
Training epoch 3 | loss: 0.03771 - accuracy: 0.99046
Validating epoch 3 | loss: 0.46064 - accuracy: 0.87729
Model is Bert, dataset is sst, undersample is None, aug mode is synonym, geo is 0.1, pct_usage is None, small_label is 1, small_prop is 0.8, balance_seed is 22, lr is 2e-05, max_epochs is 4, split_num is 0
Training epoch 0 | loss: 0.3743 - accuracy: 0.81171
Validating epoch 0 | loss: 0.37791 - accuracy: 0.8406
Training epoch 1 | loss: 0.1341 - accuracy: 0.9513
Validating epoch 1 | loss: 0.44935 - accuracy: 0.8211
Training epoch 2 | loss: 0.07507 - accuracy: 0.97269
Validating epoch 2 | loss: 0.39721 - accuracy: 0.87385
Training epoch 3 | loss: 0.0478 - accuracy: 0.98483
Validating epoch 3 | loss: 0.44063 - accuracy: 0.87271
Model is Bert, dataset is sst, undersample is None, aug mode is synonym, geo is 0.3, pct_usage is None, small_label is 1, small_prop is 0.8, balance_seed is 22, lr is 2e-05, max_epochs is 4, split_num is 0
Training epoch 0 | loss: 0.45073 - accuracy: 0.76546
Validating epoch 0 | loss: 0.31794 - accuracy: 0.86927
Training epoch 1 | loss: 0.18184 - accuracy: 0.93006
Validating epoch 1 | loss: 0.31559 - accuracy: 0.88647
Training epoch 2 | loss: 0.09585 - accuracy: 0.96604
Validating epoch 2 | loss: 0.38081 - accuracy: 0.88532
Training epoch 3 | loss: 0.05191 - accuracy: 0.98483
Validating epoch 3 | loss: 0.39521 - accuracy: 0.88647
Model is Bert, dataset is sst, undersample is None, aug mode is synonym, geo is 0.5, pct_usage is None, small_label is 1, small_prop is 0.8, balance_seed is 22, lr is 2e-05, max_epochs is 4, split_num is 0
Training epoch 0 | loss: 0.44298 - accuracy: 0.77991
Validating epoch 0 | loss: 0.29429 - accuracy: 0.88876
Training epoch 1 | loss: 0.19546 - accuracy: 0.92717
Validating epoch 1 | loss: 0.28291 - accuracy: 0.89335
Training epoch 2 | loss: 0.09821 - accuracy: 0.96864
Validating epoch 2 | loss: 0.34393 - accuracy: 0.8922
Training epoch 3 | loss: 0.05363 - accuracy: 0.98237
Validating epoch 3 | loss: 0.38896 - accuracy: 0.89335
Model is Bert, dataset is sst, undersample is None, aug mode is synonym, geo is 0.7, pct_usage is None, small_label is 1, small_prop is 0.8, balance_seed is 22, lr is 2e-05, max_epochs is 4, split_num is 0
Training epoch 0 | loss: 0.45285 - accuracy: 0.77269
Validating epoch 0 | loss: 0.3245 - accuracy: 0.86927
Training epoch 1 | loss: 0.21232 - accuracy: 0.91864
Validating epoch 1 | loss: 0.31705 - accuracy: 0.88991
Training epoch 2 | loss: 0.11107 - accuracy: 0.96358
Validating epoch 2 | loss: 0.38064 - accuracy: 0.88991
Training epoch 3 | loss: 0.05974 - accuracy: 0.98092
Validating epoch 3 | loss: 0.41064 - accuracy: 0.88647
Model is Bert, dataset is sst, undersample is None, aug mode is synonym, geo is 0.9, pct_usage is None, small_label is 1, small_prop is 0.8, balance_seed is 22, lr is 2e-05, max_epochs is 4, split_num is 0
Training epoch 0 | loss: 0.43835 - accuracy: 0.78512
Validating epoch 0 | loss: 0.31801 - accuracy: 0.86583
Training epoch 1 | loss: 0.19575 - accuracy: 0.92948
Validating epoch 1 | loss: 0.34224 - accuracy: 0.88647
Training epoch 2 | loss: 0.09619 - accuracy: 0.96792
Validating epoch 2 | loss: 0.37463 - accuracy: 0.88761
Training epoch 3 | loss: 0.04305 - accuracy: 0.98743
Validating epoch 3 | loss: 0.42585 - accuracy: 0.88073
