Model is Bert, dataset is sst, undersample is False, aug mode is None, geo is None, pct_usage is None, small_label is 0, small_prop is 0.2, balance_seed is 14, lr is 2e-05, max_epochs is 4, split_num is 0
Training epoch 0 | loss: 0.36545 - accuracy: 0.82023
Validating epoch 0 | loss: 0.42702 - accuracy: 0.86468
Training epoch 1 | loss: 0.0568 - accuracy: 0.98439
Validating epoch 1 | loss: 0.96775 - accuracy: 0.79243
Training epoch 2 | loss: 0.01882 - accuracy: 0.99538
Validating epoch 2 | loss: 1.04947 - accuracy: 0.80161
Training epoch 3 | loss: 0.00837 - accuracy: 0.99798
Validating epoch 3 | loss: 1.07131 - accuracy: 0.80275
Model is Bert, dataset is sst, undersample is True, aug mode is None, geo is None, pct_usage is None, small_label is 0, small_prop is 0.2, balance_seed is 14, lr is 2e-05, max_epochs is 4, split_num is 0
Training epoch 0 | loss: 0.31004 - accuracy: 0.84234
Validating epoch 0 | loss: 0.58722 - accuracy: 0.86009
Training epoch 1 | loss: 0.0181 - accuracy: 0.99552
Validating epoch 1 | loss: 0.66249 - accuracy: 0.86583
Training epoch 2 | loss: 0.00264 - accuracy: 0.99971
Validating epoch 2 | loss: 0.76259 - accuracy: 0.86927
Training epoch 3 | loss: 0.00117 - accuracy: 1.0
Validating epoch 3 | loss: 0.779 - accuracy: 0.86468
Model is Bert, dataset is sst, undersample is None, aug mode is synonym, geo is 0.1, pct_usage is None, small_label is 0, small_prop is 0.2, balance_seed is 14, lr is 2e-05, max_epochs is 4, split_num is 0
Training epoch 0 | loss: 0.31605 - accuracy: 0.86618
Validating epoch 0 | loss: 0.6259 - accuracy: 0.78096
Training epoch 1 | loss: 0.08561 - accuracy: 0.9698
Validating epoch 1 | loss: 0.8156 - accuracy: 0.74885
Training epoch 2 | loss: 0.03381 - accuracy: 0.98931
Validating epoch 2 | loss: 1.09298 - accuracy: 0.74427
Training epoch 3 | loss: 0.0165 - accuracy: 0.99581
Validating epoch 3 | loss: 1.08785 - accuracy: 0.76376
Model is Bert, dataset is sst, undersample is None, aug mode is synonym, geo is 0.3, pct_usage is None, small_label is 0, small_prop is 0.2, balance_seed is 14, lr is 2e-05, max_epochs is 4, split_num is 0
Training epoch 0 | loss: 0.37744 - accuracy: 0.82717
Validating epoch 0 | loss: 0.58985 - accuracy: 0.80505
Training epoch 1 | loss: 0.08927 - accuracy: 0.97023
Validating epoch 1 | loss: 0.9234 - accuracy: 0.76261
Training epoch 2 | loss: 0.03267 - accuracy: 0.99046
Validating epoch 2 | loss: 0.99162 - accuracy: 0.77867
Training epoch 3 | loss: 0.01723 - accuracy: 0.99538
Validating epoch 3 | loss: 0.95821 - accuracy: 0.79128
Model is Bert, dataset is sst, undersample is None, aug mode is synonym, geo is 0.5, pct_usage is None, small_label is 0, small_prop is 0.2, balance_seed is 14, lr is 2e-05, max_epochs is 4, split_num is 0
Training epoch 0 | loss: 0.38952 - accuracy: 0.80954
Validating epoch 0 | loss: 0.66602 - accuracy: 0.77523
Training epoch 1 | loss: 0.09294 - accuracy: 0.96994
Validating epoch 1 | loss: 0.88293 - accuracy: 0.78326
Training epoch 2 | loss: 0.03481 - accuracy: 0.99075
Validating epoch 2 | loss: 0.84734 - accuracy: 0.81537
Training epoch 3 | loss: 0.02115 - accuracy: 0.99393
Validating epoch 3 | loss: 0.91439 - accuracy: 0.80849
Model is Bert, dataset is sst, undersample is None, aug mode is synonym, geo is 0.7, pct_usage is None, small_label is 0, small_prop is 0.2, balance_seed is 14, lr is 2e-05, max_epochs is 4, split_num is 0
Training epoch 0 | loss: 0.38674 - accuracy: 0.80202
Validating epoch 0 | loss: 0.53807 - accuracy: 0.81995
Training epoch 1 | loss: 0.08133 - accuracy: 0.97442
Validating epoch 1 | loss: 0.71631 - accuracy: 0.81537
Training epoch 2 | loss: 0.02722 - accuracy: 0.99292
Validating epoch 2 | loss: 1.01155 - accuracy: 0.79243
Training epoch 3 | loss: 0.01171 - accuracy: 0.99769
Validating epoch 3 | loss: 0.92277 - accuracy: 0.81651
Model is Bert, dataset is sst, undersample is None, aug mode is synonym, geo is 0.9, pct_usage is None, small_label is 0, small_prop is 0.2, balance_seed is 14, lr is 2e-05, max_epochs is 4, split_num is 0
Training epoch 0 | loss: 0.36607 - accuracy: 0.8172
Validating epoch 0 | loss: 0.56984 - accuracy: 0.82683
Training epoch 1 | loss: 0.07488 - accuracy: 0.97529
Validating epoch 1 | loss: 0.9423 - accuracy: 0.78096
Training epoch 2 | loss: 0.02315 - accuracy: 0.99451
Validating epoch 2 | loss: 0.89834 - accuracy: 0.81651
Training epoch 3 | loss: 0.01579 - accuracy: 0.99653
Validating epoch 3 | loss: 0.81558 - accuracy: 0.82454
Model is Bert, dataset is sst, undersample is False, aug mode is None, geo is None, pct_usage is None, small_label is 1, small_prop is 0.2, balance_seed is 14, lr is 2e-05, max_epochs is 4, split_num is 0
Training epoch 0 | loss: 0.36262 - accuracy: 0.82355
Validating epoch 0 | loss: 0.37673 - accuracy: 0.87844
Training epoch 1 | loss: 0.05625 - accuracy: 0.98468
Validating epoch 1 | loss: 0.58026 - accuracy: 0.84518
Training epoch 2 | loss: 0.01595 - accuracy: 0.99653
Validating epoch 2 | loss: 0.81477 - accuracy: 0.8406
Training epoch 3 | loss: 0.00744 - accuracy: 0.99827
Validating epoch 3 | loss: 0.77421 - accuracy: 0.85321
Model is Bert, dataset is sst, undersample is True, aug mode is None, geo is None, pct_usage is None, small_label is 1, small_prop is 0.2, balance_seed is 14, lr is 2e-05, max_epochs is 4, split_num is 0
Training epoch 0 | loss: 0.35388 - accuracy: 0.81662
Validating epoch 0 | loss: 0.49357 - accuracy: 0.83372
Training epoch 1 | loss: 0.02575 - accuracy: 0.99379
Validating epoch 1 | loss: 0.6524 - accuracy: 0.85894
Training epoch 2 | loss: 0.00251 - accuracy: 1.0
Validating epoch 2 | loss: 0.73225 - accuracy: 0.8578
Training epoch 3 | loss: 0.0021 - accuracy: 0.99986
Validating epoch 3 | loss: 0.75982 - accuracy: 0.8578
Model is Bert, dataset is sst, undersample is None, aug mode is synonym, geo is 0.1, pct_usage is None, small_label is 1, small_prop is 0.2, balance_seed is 14, lr is 2e-05, max_epochs is 4, split_num is 0
Training epoch 0 | loss: 0.35037 - accuracy: 0.83454
Validating epoch 0 | loss: 0.44664 - accuracy: 0.82454
Training epoch 1 | loss: 0.10058 - accuracy: 0.96879
Validating epoch 1 | loss: 0.59213 - accuracy: 0.81307
Training epoch 2 | loss: 0.04465 - accuracy: 0.98786
Validating epoch 2 | loss: 0.69688 - accuracy: 0.81881
Training epoch 3 | loss: 0.02756 - accuracy: 0.99191
Validating epoch 3 | loss: 0.63875 - accuracy: 0.83486
Model is Bert, dataset is sst, undersample is None, aug mode is synonym, geo is 0.3, pct_usage is None, small_label is 1, small_prop is 0.2, balance_seed is 14, lr is 2e-05, max_epochs is 4, split_num is 0
Training epoch 0 | loss: 0.3938 - accuracy: 0.80087
Validating epoch 0 | loss: 0.33363 - accuracy: 0.85436
Training epoch 1 | loss: 0.09607 - accuracy: 0.96965
Validating epoch 1 | loss: 0.58445 - accuracy: 0.83372
Training epoch 2 | loss: 0.0365 - accuracy: 0.98858
Validating epoch 2 | loss: 0.5131 - accuracy: 0.86124
Training epoch 3 | loss: 0.0183 - accuracy: 0.99552
Validating epoch 3 | loss: 0.62958 - accuracy: 0.84977
Model is Bert, dataset is sst, undersample is None, aug mode is synonym, geo is 0.5, pct_usage is None, small_label is 1, small_prop is 0.2, balance_seed is 14, lr is 2e-05, max_epochs is 4, split_num is 0
Training epoch 0 | loss: 0.43277 - accuracy: 0.78107
Validating epoch 0 | loss: 0.31502 - accuracy: 0.875
Training epoch 1 | loss: 0.09675 - accuracy: 0.9698
Validating epoch 1 | loss: 0.55625 - accuracy: 0.84289
Training epoch 2 | loss: 0.02934 - accuracy: 0.99364
Validating epoch 2 | loss: 0.65226 - accuracy: 0.84748
Training epoch 3 | loss: 0.01521 - accuracy: 0.99639
Validating epoch 3 | loss: 0.67622 - accuracy: 0.84404
Model is Bert, dataset is sst, undersample is None, aug mode is synonym, geo is 0.7, pct_usage is None, small_label is 1, small_prop is 0.2, balance_seed is 14, lr is 2e-05, max_epochs is 4, split_num is 0
Training epoch 0 | loss: 0.42091 - accuracy: 0.78179
Validating epoch 0 | loss: 0.34079 - accuracy: 0.87959
Training epoch 1 | loss: 0.0958 - accuracy: 0.97081
Validating epoch 1 | loss: 0.55524 - accuracy: 0.83716
Training epoch 2 | loss: 0.03324 - accuracy: 0.99075
Validating epoch 2 | loss: 0.54466 - accuracy: 0.86697
Training epoch 3 | loss: 0.01663 - accuracy: 0.99566
Validating epoch 3 | loss: 0.60164 - accuracy: 0.85894
Model is Bert, dataset is sst, undersample is None, aug mode is synonym, geo is 0.9, pct_usage is None, small_label is 1, small_prop is 0.2, balance_seed is 14, lr is 2e-05, max_epochs is 4, split_num is 0
Training epoch 0 | loss: 0.39832 - accuracy: 0.80506
Validating epoch 0 | loss: 0.3822 - accuracy: 0.85894
Training epoch 1 | loss: 0.07915 - accuracy: 0.97688
Validating epoch 1 | loss: 0.47005 - accuracy: 0.86927
Training epoch 2 | loss: 0.03113 - accuracy: 0.99147
Validating epoch 2 | loss: 0.63111 - accuracy: 0.85092
Training epoch 3 | loss: 0.01466 - accuracy: 0.99668
Validating epoch 3 | loss: 0.61417 - accuracy: 0.86124
Model is Bert, dataset is sst, undersample is False, aug mode is None, geo is None, pct_usage is None, small_label is 0, small_prop is 0.4, balance_seed is 14, lr is 2e-05, max_epochs is 4, split_num is 0
Training epoch 0 | loss: 0.43206 - accuracy: 0.76676
Validating epoch 0 | loss: 0.40635 - accuracy: 0.84862
Training epoch 1 | loss: 0.12312 - accuracy: 0.95896
Validating epoch 1 | loss: 0.51736 - accuracy: 0.85321
Training epoch 2 | loss: 0.04224 - accuracy: 0.98988
Validating epoch 2 | loss: 0.62512 - accuracy: 0.85092
Training epoch 3 | loss: 0.02079 - accuracy: 0.99595
Validating epoch 3 | loss: 0.68418 - accuracy: 0.84748
Model is Bert, dataset is sst, undersample is True, aug mode is None, geo is None, pct_usage is None, small_label is 0, small_prop is 0.4, balance_seed is 14, lr is 2e-05, max_epochs is 4, split_num is 0
Training epoch 0 | loss: 0.36813 - accuracy: 0.82616
Validating epoch 0 | loss: 0.37951 - accuracy: 0.86927
Training epoch 1 | loss: 0.0677 - accuracy: 0.98136
Validating epoch 1 | loss: 0.45501 - accuracy: 0.86927
Training epoch 2 | loss: 0.01651 - accuracy: 0.99624
Validating epoch 2 | loss: 0.56388 - accuracy: 0.87615
Training epoch 3 | loss: 0.00927 - accuracy: 0.99855
Validating epoch 3 | loss: 0.53355 - accuracy: 0.87844
Model is Bert, dataset is sst, undersample is None, aug mode is synonym, geo is 0.1, pct_usage is None, small_label is 0, small_prop is 0.4, balance_seed is 14, lr is 2e-05, max_epochs is 4, split_num is 0
Training epoch 0 | loss: 0.35238 - accuracy: 0.82775
Validating epoch 0 | loss: 0.49507 - accuracy: 0.81766
Training epoch 1 | loss: 0.11919 - accuracy: 0.95578
Validating epoch 1 | loss: 0.79603 - accuracy: 0.76376
Training epoch 2 | loss: 0.06118 - accuracy: 0.98049
Validating epoch 2 | loss: 0.73518 - accuracy: 0.7844
Training epoch 3 | loss: 0.03139 - accuracy: 0.99032
Validating epoch 3 | loss: 0.7526 - accuracy: 0.80046
Model is Bert, dataset is sst, undersample is None, aug mode is synonym, geo is 0.3, pct_usage is None, small_label is 0, small_prop is 0.4, balance_seed is 14, lr is 2e-05, max_epochs is 4, split_num is 0
Training epoch 0 | loss: 0.39776 - accuracy: 0.81301
Validating epoch 0 | loss: 0.49108 - accuracy: 0.80849
Training epoch 1 | loss: 0.142 - accuracy: 0.94957
Validating epoch 1 | loss: 0.55836 - accuracy: 0.82454
Training epoch 2 | loss: 0.06089 - accuracy: 0.98107
Validating epoch 2 | loss: 0.70573 - accuracy: 0.81766
Training epoch 3 | loss: 0.03326 - accuracy: 0.99003
Validating epoch 3 | loss: 0.69665 - accuracy: 0.83257
Model is Bert, dataset is sst, undersample is None, aug mode is synonym, geo is 0.5, pct_usage is None, small_label is 0, small_prop is 0.4, balance_seed is 14, lr is 2e-05, max_epochs is 4, split_num is 0
Training epoch 0 | loss: 0.4112 - accuracy: 0.8091
Validating epoch 0 | loss: 0.48738 - accuracy: 0.83142
Training epoch 1 | loss: 0.14824 - accuracy: 0.94855
Validating epoch 1 | loss: 0.54884 - accuracy: 0.83257
Training epoch 2 | loss: 0.0559 - accuracy: 0.98512
Validating epoch 2 | loss: 0.6117 - accuracy: 0.83945
Training epoch 3 | loss: 0.02929 - accuracy: 0.99263
Validating epoch 3 | loss: 0.6973 - accuracy: 0.83945
Model is Bert, dataset is sst, undersample is None, aug mode is synonym, geo is 0.7, pct_usage is None, small_label is 0, small_prop is 0.4, balance_seed is 14, lr is 2e-05, max_epochs is 4, split_num is 0
Training epoch 0 | loss: 0.42083 - accuracy: 0.79566
Validating epoch 0 | loss: 0.41875 - accuracy: 0.83372
Training epoch 1 | loss: 0.15751 - accuracy: 0.94408
Validating epoch 1 | loss: 0.56315 - accuracy: 0.83142
Training epoch 2 | loss: 0.06302 - accuracy: 0.98223
Validating epoch 2 | loss: 0.63803 - accuracy: 0.83716
Training epoch 3 | loss: 0.02975 - accuracy: 0.9922
Validating epoch 3 | loss: 0.65391 - accuracy: 0.83945
Model is Bert, dataset is sst, undersample is None, aug mode is synonym, geo is 0.9, pct_usage is None, small_label is 0, small_prop is 0.4, balance_seed is 14, lr is 2e-05, max_epochs is 4, split_num is 0
Training epoch 0 | loss: 0.42847 - accuracy: 0.78454
Validating epoch 0 | loss: 0.37093 - accuracy: 0.85436
Training epoch 1 | loss: 0.1328 - accuracy: 0.95376
Validating epoch 1 | loss: 0.53736 - accuracy: 0.83142
Training epoch 2 | loss: 0.04486 - accuracy: 0.98844
Validating epoch 2 | loss: 0.67378 - accuracy: 0.83486
Training epoch 3 | loss: 0.02524 - accuracy: 0.99408
Validating epoch 3 | loss: 0.69489 - accuracy: 0.8406
Model is Bert, dataset is sst, undersample is False, aug mode is None, geo is None, pct_usage is None, small_label is 1, small_prop is 0.4, balance_seed is 14, lr is 2e-05, max_epochs is 4, split_num is 0
Training epoch 0 | loss: 0.43262 - accuracy: 0.78049
Validating epoch 0 | loss: 0.30991 - accuracy: 0.86812
Training epoch 1 | loss: 0.12325 - accuracy: 0.95853
Validating epoch 1 | loss: 0.4605 - accuracy: 0.86927
Training epoch 2 | loss: 0.03609 - accuracy: 0.99104
Validating epoch 2 | loss: 0.52329 - accuracy: 0.87271
Training epoch 3 | loss: 0.01689 - accuracy: 0.9961
Validating epoch 3 | loss: 0.53462 - accuracy: 0.87729
Model is Bert, dataset is sst, undersample is True, aug mode is None, geo is None, pct_usage is None, small_label is 1, small_prop is 0.4, balance_seed is 14, lr is 2e-05, max_epochs is 4, split_num is 0
Training epoch 0 | loss: 0.40234 - accuracy: 0.79812
Validating epoch 0 | loss: 0.36712 - accuracy: 0.86009
Training epoch 1 | loss: 0.08839 - accuracy: 0.9737
Validating epoch 1 | loss: 0.48065 - accuracy: 0.86697
Training epoch 2 | loss: 0.03227 - accuracy: 0.99205
Validating epoch 2 | loss: 0.5493 - accuracy: 0.86927
Training epoch 3 | loss: 0.01572 - accuracy: 0.99697
Validating epoch 3 | loss: 0.58943 - accuracy: 0.86812
Model is Bert, dataset is sst, undersample is None, aug mode is synonym, geo is 0.1, pct_usage is None, small_label is 1, small_prop is 0.4, balance_seed is 14, lr is 2e-05, max_epochs is 4, split_num is 0
Training epoch 0 | loss: 0.33743 - accuracy: 0.83699
Validating epoch 0 | loss: 0.69065 - accuracy: 0.75115
Training epoch 1 | loss: 0.12033 - accuracy: 0.95954
Validating epoch 1 | loss: 0.4652 - accuracy: 0.85436
Training epoch 2 | loss: 0.06253 - accuracy: 0.98078
Validating epoch 2 | loss: 0.5352 - accuracy: 0.84404
Training epoch 3 | loss: 0.03888 - accuracy: 0.98916
Validating epoch 3 | loss: 0.50597 - accuracy: 0.86124
Model is Bert, dataset is sst, undersample is None, aug mode is synonym, geo is 0.3, pct_usage is None, small_label is 1, small_prop is 0.4, balance_seed is 14, lr is 2e-05, max_epochs is 4, split_num is 0
Training epoch 0 | loss: 0.41006 - accuracy: 0.79436
Validating epoch 0 | loss: 0.4702 - accuracy: 0.80161
Training epoch 1 | loss: 0.14656 - accuracy: 0.94855
Validating epoch 1 | loss: 0.40238 - accuracy: 0.86697
Training epoch 2 | loss: 0.05904 - accuracy: 0.98179
Validating epoch 2 | loss: 0.59844 - accuracy: 0.84633
Training epoch 3 | loss: 0.02968 - accuracy: 0.99263
Validating epoch 3 | loss: 0.5313 - accuracy: 0.86812
Model is Bert, dataset is sst, undersample is None, aug mode is synonym, geo is 0.5, pct_usage is None, small_label is 1, small_prop is 0.4, balance_seed is 14, lr is 2e-05, max_epochs is 4, split_num is 0
Training epoch 0 | loss: 0.43315 - accuracy: 0.77847
Validating epoch 0 | loss: 0.32104 - accuracy: 0.86697
Training epoch 1 | loss: 0.13312 - accuracy: 0.9526
Validating epoch 1 | loss: 0.35712 - accuracy: 0.88303
Training epoch 2 | loss: 0.04462 - accuracy: 0.98786
Validating epoch 2 | loss: 0.59547 - accuracy: 0.86124
Training epoch 3 | loss: 0.0245 - accuracy: 0.99364
Validating epoch 3 | loss: 0.55339 - accuracy: 0.87615
Model is Bert, dataset is sst, undersample is None, aug mode is synonym, geo is 0.7, pct_usage is None, small_label is 1, small_prop is 0.4, balance_seed is 14, lr is 2e-05, max_epochs is 4, split_num is 0
Training epoch 0 | loss: 0.45163 - accuracy: 0.76691
Validating epoch 0 | loss: 0.34608 - accuracy: 0.85894
Training epoch 1 | loss: 0.15963 - accuracy: 0.94249
Validating epoch 1 | loss: 0.41932 - accuracy: 0.86927
Training epoch 2 | loss: 0.06397 - accuracy: 0.98121
Validating epoch 2 | loss: 0.46104 - accuracy: 0.87156
Training epoch 3 | loss: 0.03972 - accuracy: 0.98945
Validating epoch 3 | loss: 0.48061 - accuracy: 0.875
Model is Bert, dataset is sst, undersample is None, aug mode is synonym, geo is 0.9, pct_usage is None, small_label is 1, small_prop is 0.4, balance_seed is 14, lr is 2e-05, max_epochs is 4, split_num is 0
Training epoch 0 | loss: 0.43523 - accuracy: 0.77601
Validating epoch 0 | loss: 0.30653 - accuracy: 0.88417
Training epoch 1 | loss: 0.12786 - accuracy: 0.95318
Validating epoch 1 | loss: 0.42055 - accuracy: 0.875
Training epoch 2 | loss: 0.04202 - accuracy: 0.98974
Validating epoch 2 | loss: 0.5123 - accuracy: 0.875
Training epoch 3 | loss: 0.02677 - accuracy: 0.9935
Validating epoch 3 | loss: 0.5361 - accuracy: 0.87959
Model is Bert, dataset is sst, undersample is False, aug mode is None, geo is None, pct_usage is None, small_label is 0, small_prop is 0.6, balance_seed is 14, lr is 2e-05, max_epochs is 4, split_num is 0
Training epoch 0 | loss: 0.42735 - accuracy: 0.79697
Validating epoch 0 | loss: 0.39309 - accuracy: 0.85436
Training epoch 1 | loss: 0.16589 - accuracy: 0.94118
Validating epoch 1 | loss: 0.33341 - accuracy: 0.87271
Training epoch 2 | loss: 0.06914 - accuracy: 0.97876
Validating epoch 2 | loss: 0.45059 - accuracy: 0.87041
Training epoch 3 | loss: 0.03081 - accuracy: 0.99306
Validating epoch 3 | loss: 0.53917 - accuracy: 0.86468
Model is Bert, dataset is sst, undersample is True, aug mode is None, geo is None, pct_usage is None, small_label is 0, small_prop is 0.6, balance_seed is 14, lr is 2e-05, max_epochs is 4, split_num is 0
Training epoch 0 | loss: 0.4487 - accuracy: 0.7578
Validating epoch 0 | loss: 0.36711 - accuracy: 0.86239
Training epoch 1 | loss: 0.14023 - accuracy: 0.95
Validating epoch 1 | loss: 0.46279 - accuracy: 0.87041
Training epoch 2 | loss: 0.03663 - accuracy: 0.99075
Validating epoch 2 | loss: 0.52815 - accuracy: 0.87844
Training epoch 3 | loss: 0.02214 - accuracy: 0.99436
Validating epoch 3 | loss: 0.52164 - accuracy: 0.87844
Model is Bert, dataset is sst, undersample is None, aug mode is synonym, geo is 0.1, pct_usage is None, small_label is 0, small_prop is 0.6, balance_seed is 14, lr is 2e-05, max_epochs is 4, split_num is 0
Training epoch 0 | loss: 0.3609 - accuracy: 0.81821
Validating epoch 0 | loss: 0.58636 - accuracy: 0.77752
Training epoch 1 | loss: 0.13272 - accuracy: 0.95087
Validating epoch 1 | loss: 0.61749 - accuracy: 0.77064
Training epoch 2 | loss: 0.0788 - accuracy: 0.97341
Validating epoch 2 | loss: 0.72183 - accuracy: 0.78555
Training epoch 3 | loss: 0.04801 - accuracy: 0.98526
Validating epoch 3 | loss: 0.67115 - accuracy: 0.81881
Model is Bert, dataset is sst, undersample is None, aug mode is synonym, geo is 0.3, pct_usage is None, small_label is 0, small_prop is 0.6, balance_seed is 14, lr is 2e-05, max_epochs is 4, split_num is 0
Training epoch 0 | loss: 0.41811 - accuracy: 0.79003
Validating epoch 0 | loss: 0.49728 - accuracy: 0.79358
Training epoch 1 | loss: 0.16497 - accuracy: 0.93974
Validating epoch 1 | loss: 0.44276 - accuracy: 0.84748
Training epoch 2 | loss: 0.08218 - accuracy: 0.97312
Validating epoch 2 | loss: 0.51681 - accuracy: 0.85321
Training epoch 3 | loss: 0.05008 - accuracy: 0.9854
Validating epoch 3 | loss: 0.56589 - accuracy: 0.84518
Model is Bert, dataset is sst, undersample is None, aug mode is synonym, geo is 0.5, pct_usage is None, small_label is 0, small_prop is 0.6, balance_seed is 14, lr is 2e-05, max_epochs is 4, split_num is 0
Training epoch 0 | loss: 0.43352 - accuracy: 0.77645
Validating epoch 0 | loss: 0.38051 - accuracy: 0.86353
Training epoch 1 | loss: 0.16944 - accuracy: 0.93598
Validating epoch 1 | loss: 0.53953 - accuracy: 0.84174
Training epoch 2 | loss: 0.07543 - accuracy: 0.97587
Validating epoch 2 | loss: 0.52352 - accuracy: 0.86009
Training epoch 3 | loss: 0.03247 - accuracy: 0.99061
Validating epoch 3 | loss: 0.60887 - accuracy: 0.86239
Model is Bert, dataset is sst, undersample is None, aug mode is synonym, geo is 0.7, pct_usage is None, small_label is 0, small_prop is 0.6, balance_seed is 14, lr is 2e-05, max_epochs is 4, split_num is 0
Training epoch 0 | loss: 0.45091 - accuracy: 0.77384
Validating epoch 0 | loss: 0.37735 - accuracy: 0.86239
Training epoch 1 | loss: 0.17439 - accuracy: 0.93743
Validating epoch 1 | loss: 0.37749 - accuracy: 0.87156
Training epoch 2 | loss: 0.08052 - accuracy: 0.97471
Validating epoch 2 | loss: 0.45736 - accuracy: 0.86812
Training epoch 3 | loss: 0.04297 - accuracy: 0.98829
Validating epoch 3 | loss: 0.52473 - accuracy: 0.86927
Model is Bert, dataset is sst, undersample is None, aug mode is synonym, geo is 0.9, pct_usage is None, small_label is 0, small_prop is 0.6, balance_seed is 14, lr is 2e-05, max_epochs is 4, split_num is 0
Training epoch 0 | loss: 0.43579 - accuracy: 0.78699
Validating epoch 0 | loss: 0.32811 - accuracy: 0.86927
Training epoch 1 | loss: 0.16552 - accuracy: 0.94017
Validating epoch 1 | loss: 0.41509 - accuracy: 0.85436
Training epoch 2 | loss: 0.07063 - accuracy: 0.97948
Validating epoch 2 | loss: 0.4912 - accuracy: 0.87385
Training epoch 3 | loss: 0.03676 - accuracy: 0.99003
Validating epoch 3 | loss: 0.5087 - accuracy: 0.87271
Model is Bert, dataset is sst, undersample is False, aug mode is None, geo is None, pct_usage is None, small_label is 1, small_prop is 0.6, balance_seed is 14, lr is 2e-05, max_epochs is 4, split_num is 0
Training epoch 0 | loss: 0.43897 - accuracy: 0.78179
Validating epoch 0 | loss: 0.33494 - accuracy: 0.87385
Training epoch 1 | loss: 0.16636 - accuracy: 0.94032
Validating epoch 1 | loss: 0.36609 - accuracy: 0.87041
Training epoch 2 | loss: 0.06429 - accuracy: 0.98035
Validating epoch 2 | loss: 0.46066 - accuracy: 0.875
Training epoch 3 | loss: 0.03247 - accuracy: 0.99075
Validating epoch 3 | loss: 0.47185 - accuracy: 0.86927
Model is Bert, dataset is sst, undersample is True, aug mode is None, geo is None, pct_usage is None, small_label is 1, small_prop is 0.6, balance_seed is 14, lr is 2e-05, max_epochs is 4, split_num is 0
Training epoch 0 | loss: 0.43071 - accuracy: 0.77572
Validating epoch 0 | loss: 0.33385 - accuracy: 0.87729
Training epoch 1 | loss: 0.12882 - accuracy: 0.95491
Validating epoch 1 | loss: 0.38504 - accuracy: 0.87959
Training epoch 2 | loss: 0.04311 - accuracy: 0.98772
Validating epoch 2 | loss: 0.43372 - accuracy: 0.89679
Training epoch 3 | loss: 0.02018 - accuracy: 0.99494
Validating epoch 3 | loss: 0.47197 - accuracy: 0.8945
Model is Bert, dataset is sst, undersample is None, aug mode is synonym, geo is 0.1, pct_usage is None, small_label is 1, small_prop is 0.6, balance_seed is 14, lr is 2e-05, max_epochs is 4, split_num is 0
Training epoch 0 | loss: 0.37037 - accuracy: 0.82168
Validating epoch 0 | loss: 0.45832 - accuracy: 0.80275
Training epoch 1 | loss: 0.13186 - accuracy: 0.95246
Validating epoch 1 | loss: 0.35946 - accuracy: 0.86239
Training epoch 2 | loss: 0.07955 - accuracy: 0.97225
Validating epoch 2 | loss: 0.41328 - accuracy: 0.86812
Training epoch 3 | loss: 0.05398 - accuracy: 0.98353
Validating epoch 3 | loss: 0.43326 - accuracy: 0.87041
Model is Bert, dataset is sst, undersample is None, aug mode is synonym, geo is 0.3, pct_usage is None, small_label is 1, small_prop is 0.6, balance_seed is 14, lr is 2e-05, max_epochs is 4, split_num is 0
Training epoch 0 | loss: 0.43309 - accuracy: 0.77254
Validating epoch 0 | loss: 0.36865 - accuracy: 0.8555
Training epoch 1 | loss: 0.17091 - accuracy: 0.93728
Validating epoch 1 | loss: 0.34836 - accuracy: 0.87271
Training epoch 2 | loss: 0.07787 - accuracy: 0.97558
Validating epoch 2 | loss: 0.43158 - accuracy: 0.87615
Training epoch 3 | loss: 0.04507 - accuracy: 0.98642
Validating epoch 3 | loss: 0.42568 - accuracy: 0.88188
Model is Bert, dataset is sst, undersample is None, aug mode is synonym, geo is 0.5, pct_usage is None, small_label is 1, small_prop is 0.6, balance_seed is 14, lr is 2e-05, max_epochs is 4, split_num is 0
Training epoch 0 | loss: 0.46828 - accuracy: 0.76026
Validating epoch 0 | loss: 0.33621 - accuracy: 0.86697
Training epoch 1 | loss: 0.18894 - accuracy: 0.93136
Validating epoch 1 | loss: 0.35486 - accuracy: 0.88303
Training epoch 2 | loss: 0.08436 - accuracy: 0.9724
Validating epoch 2 | loss: 0.4133 - accuracy: 0.87271
Training epoch 3 | loss: 0.04568 - accuracy: 0.98656
Validating epoch 3 | loss: 0.45107 - accuracy: 0.88417
Model is Bert, dataset is sst, undersample is None, aug mode is synonym, geo is 0.7, pct_usage is None, small_label is 1, small_prop is 0.6, balance_seed is 14, lr is 2e-05, max_epochs is 4, split_num is 0
Training epoch 0 | loss: 0.45625 - accuracy: 0.77052
Validating epoch 0 | loss: 0.32123 - accuracy: 0.87385
Training epoch 1 | loss: 0.20718 - accuracy: 0.9224
Validating epoch 1 | loss: 0.32926 - accuracy: 0.87844
Training epoch 2 | loss: 0.09886 - accuracy: 0.96893
Validating epoch 2 | loss: 0.40298 - accuracy: 0.88073
Training epoch 3 | loss: 0.05139 - accuracy: 0.98627
Validating epoch 3 | loss: 0.43135 - accuracy: 0.88303
Model is Bert, dataset is sst, undersample is None, aug mode is synonym, geo is 0.9, pct_usage is None, small_label is 1, small_prop is 0.6, balance_seed is 14, lr is 2e-05, max_epochs is 4, split_num is 0
Training epoch 0 | loss: 0.4492 - accuracy: 0.77702
Validating epoch 0 | loss: 0.31665 - accuracy: 0.87271
Training epoch 1 | loss: 0.17071 - accuracy: 0.93887
Validating epoch 1 | loss: 0.35952 - accuracy: 0.88073
Training epoch 2 | loss: 0.06205 - accuracy: 0.98194
Validating epoch 2 | loss: 0.45205 - accuracy: 0.87959
Training epoch 3 | loss: 0.03608 - accuracy: 0.99075
Validating epoch 3 | loss: 0.47007 - accuracy: 0.88073
Model is Bert, dataset is sst, undersample is False, aug mode is None, geo is None, pct_usage is None, small_label is 0, small_prop is 0.8, balance_seed is 14, lr is 2e-05, max_epochs is 4, split_num is 0
Training epoch 0 | loss: 0.43206 - accuracy: 0.79263
Validating epoch 0 | loss: 0.30492 - accuracy: 0.87271
Training epoch 1 | loss: 0.18867 - accuracy: 0.92905
Validating epoch 1 | loss: 0.33453 - accuracy: 0.87959
Training epoch 2 | loss: 0.08747 - accuracy: 0.97254
Validating epoch 2 | loss: 0.43314 - accuracy: 0.87041
Training epoch 3 | loss: 0.04358 - accuracy: 0.98887
Validating epoch 3 | loss: 0.49042 - accuracy: 0.87729
Model is Bert, dataset is sst, undersample is True, aug mode is None, geo is None, pct_usage is None, small_label is 0, small_prop is 0.8, balance_seed is 14, lr is 2e-05, max_epochs is 4, split_num is 0
Training epoch 0 | loss: 0.43781 - accuracy: 0.79538
Validating epoch 0 | loss: 0.30301 - accuracy: 0.87729
Training epoch 1 | loss: 0.1869 - accuracy: 0.93295
Validating epoch 1 | loss: 0.33235 - accuracy: 0.88876
Training epoch 2 | loss: 0.07934 - accuracy: 0.97775
Validating epoch 2 | loss: 0.39526 - accuracy: 0.88188
Training epoch 3 | loss: 0.04114 - accuracy: 0.98916
Validating epoch 3 | loss: 0.46896 - accuracy: 0.87959
Model is Bert, dataset is sst, undersample is None, aug mode is synonym, geo is 0.1, pct_usage is None, small_label is 0, small_prop is 0.8, balance_seed is 14, lr is 2e-05, max_epochs is 4, split_num is 0
Training epoch 0 | loss: 0.36302 - accuracy: 0.81604
Validating epoch 0 | loss: 0.55591 - accuracy: 0.77294
Training epoch 1 | loss: 0.13319 - accuracy: 0.95058
Validating epoch 1 | loss: 0.71176 - accuracy: 0.75
Training epoch 2 | loss: 0.08236 - accuracy: 0.97081
Validating epoch 2 | loss: 0.70722 - accuracy: 0.79243
Training epoch 3 | loss: 0.0586 - accuracy: 0.9802
Validating epoch 3 | loss: 0.60314 - accuracy: 0.82683
Model is Bert, dataset is sst, undersample is None, aug mode is synonym, geo is 0.3, pct_usage is None, small_label is 0, small_prop is 0.8, balance_seed is 14, lr is 2e-05, max_epochs is 4, split_num is 0
Training epoch 0 | loss: 0.41699 - accuracy: 0.79711
Validating epoch 0 | loss: 0.41511 - accuracy: 0.83486
Training epoch 1 | loss: 0.17051 - accuracy: 0.9354
Validating epoch 1 | loss: 0.40459 - accuracy: 0.86124
Training epoch 2 | loss: 0.08474 - accuracy: 0.97081
Validating epoch 2 | loss: 0.47727 - accuracy: 0.86009
Training epoch 3 | loss: 0.05378 - accuracy: 0.9841
Validating epoch 3 | loss: 0.51794 - accuracy: 0.86353
Model is Bert, dataset is sst, undersample is None, aug mode is synonym, geo is 0.5, pct_usage is None, small_label is 0, small_prop is 0.8, balance_seed is 14, lr is 2e-05, max_epochs is 4, split_num is 0
Training epoch 0 | loss: 0.46592 - accuracy: 0.76821
Validating epoch 0 | loss: 0.3471 - accuracy: 0.86468
Training epoch 1 | loss: 0.2084 - accuracy: 0.92081
Validating epoch 1 | loss: 0.38151 - accuracy: 0.86353
Training epoch 2 | loss: 0.10722 - accuracy: 0.96445
Validating epoch 2 | loss: 0.46332 - accuracy: 0.85894
Training epoch 3 | loss: 0.06934 - accuracy: 0.97934
Validating epoch 3 | loss: 0.49593 - accuracy: 0.86583
Model is Bert, dataset is sst, undersample is None, aug mode is synonym, geo is 0.7, pct_usage is None, small_label is 0, small_prop is 0.8, balance_seed is 14, lr is 2e-05, max_epochs is 4, split_num is 0
Training epoch 0 | loss: 0.45243 - accuracy: 0.77832
Validating epoch 0 | loss: 0.36317 - accuracy: 0.86353
Training epoch 1 | loss: 0.20119 - accuracy: 0.92341
Validating epoch 1 | loss: 0.33278 - accuracy: 0.88073
Training epoch 2 | loss: 0.09595 - accuracy: 0.96936
Validating epoch 2 | loss: 0.47378 - accuracy: 0.86239
Training epoch 3 | loss: 0.05311 - accuracy: 0.98584
Validating epoch 3 | loss: 0.46067 - accuracy: 0.87615
Model is Bert, dataset is sst, undersample is None, aug mode is synonym, geo is 0.9, pct_usage is None, small_label is 0, small_prop is 0.8, balance_seed is 14, lr is 2e-05, max_epochs is 4, split_num is 0
Training epoch 0 | loss: 0.41835 - accuracy: 0.79133
Validating epoch 0 | loss: 0.33339 - accuracy: 0.87271
Training epoch 1 | loss: 0.18473 - accuracy: 0.93107
Validating epoch 1 | loss: 0.3607 - accuracy: 0.875
Training epoch 2 | loss: 0.08345 - accuracy: 0.97399
Validating epoch 2 | loss: 0.44279 - accuracy: 0.875
Training epoch 3 | loss: 0.05011 - accuracy: 0.98671
Validating epoch 3 | loss: 0.46776 - accuracy: 0.87271
Model is Bert, dataset is sst, undersample is False, aug mode is None, geo is None, pct_usage is None, small_label is 1, small_prop is 0.8, balance_seed is 14, lr is 2e-05, max_epochs is 4, split_num is 0
Training epoch 0 | loss: 0.45984 - accuracy: 0.76358
Validating epoch 0 | loss: 0.30994 - accuracy: 0.87959
Training epoch 1 | loss: 0.19119 - accuracy: 0.93035
Validating epoch 1 | loss: 0.33267 - accuracy: 0.875
Training epoch 2 | loss: 0.08318 - accuracy: 0.97442
Validating epoch 2 | loss: 0.43411 - accuracy: 0.87729
Training epoch 3 | loss: 0.04263 - accuracy: 0.98714
Validating epoch 3 | loss: 0.43945 - accuracy: 0.88991
Model is Bert, dataset is sst, undersample is True, aug mode is None, geo is None, pct_usage is None, small_label is 1, small_prop is 0.8, balance_seed is 14, lr is 2e-05, max_epochs is 4, split_num is 0
Training epoch 0 | loss: 0.43749 - accuracy: 0.77543
Validating epoch 0 | loss: 0.31179 - accuracy: 0.88417
Training epoch 1 | loss: 0.1797 - accuracy: 0.93483
Validating epoch 1 | loss: 0.34815 - accuracy: 0.88417
Training epoch 2 | loss: 0.07354 - accuracy: 0.97702
Validating epoch 2 | loss: 0.42284 - accuracy: 0.88647
Training epoch 3 | loss: 0.03903 - accuracy: 0.98945
Validating epoch 3 | loss: 0.45701 - accuracy: 0.88876
Model is Bert, dataset is sst, undersample is None, aug mode is synonym, geo is 0.1, pct_usage is None, small_label is 1, small_prop is 0.8, balance_seed is 14, lr is 2e-05, max_epochs is 4, split_num is 0
Training epoch 0 | loss: 0.37631 - accuracy: 0.82023
Validating epoch 0 | loss: 0.38852 - accuracy: 0.84404
Training epoch 1 | loss: 0.14765 - accuracy: 0.94595
Validating epoch 1 | loss: 0.55311 - accuracy: 0.79702
Training epoch 2 | loss: 0.07949 - accuracy: 0.97269
Validating epoch 2 | loss: 0.40172 - accuracy: 0.86812
Training epoch 3 | loss: 0.0549 - accuracy: 0.98295
Validating epoch 3 | loss: 0.45103 - accuracy: 0.86583
Model is Bert, dataset is sst, undersample is None, aug mode is synonym, geo is 0.3, pct_usage is None, small_label is 1, small_prop is 0.8, balance_seed is 14, lr is 2e-05, max_epochs is 4, split_num is 0
Training epoch 0 | loss: 0.43298 - accuracy: 0.78627
Validating epoch 0 | loss: 0.35412 - accuracy: 0.85206
Training epoch 1 | loss: 0.19792 - accuracy: 0.92659
Validating epoch 1 | loss: 0.35008 - accuracy: 0.88303
Training epoch 2 | loss: 0.11189 - accuracy: 0.96503
Validating epoch 2 | loss: 0.35816 - accuracy: 0.88073
Training epoch 3 | loss: 0.06913 - accuracy: 0.97876
Validating epoch 3 | loss: 0.38995 - accuracy: 0.88188
Model is Bert, dataset is sst, undersample is None, aug mode is synonym, geo is 0.5, pct_usage is None, small_label is 1, small_prop is 0.8, balance_seed is 14, lr is 2e-05, max_epochs is 4, split_num is 0
Training epoch 0 | loss: 0.43976 - accuracy: 0.7841
Validating epoch 0 | loss: 0.32151 - accuracy: 0.875
Training epoch 1 | loss: 0.20722 - accuracy: 0.925
Validating epoch 1 | loss: 0.32234 - accuracy: 0.89335
Training epoch 2 | loss: 0.10225 - accuracy: 0.96647
Validating epoch 2 | loss: 0.3834 - accuracy: 0.88761
Training epoch 3 | loss: 0.0538 - accuracy: 0.98483
Validating epoch 3 | loss: 0.40734 - accuracy: 0.88876
Model is Bert, dataset is sst, undersample is None, aug mode is synonym, geo is 0.7, pct_usage is None, small_label is 1, small_prop is 0.8, balance_seed is 14, lr is 2e-05, max_epochs is 4, split_num is 0
Training epoch 0 | loss: 0.44003 - accuracy: 0.77486
Validating epoch 0 | loss: 0.32741 - accuracy: 0.875
Training epoch 1 | loss: 0.18529 - accuracy: 0.93092
Validating epoch 1 | loss: 0.33401 - accuracy: 0.88761
Training epoch 2 | loss: 0.08299 - accuracy: 0.97341
Validating epoch 2 | loss: 0.38639 - accuracy: 0.88991
Training epoch 3 | loss: 0.04547 - accuracy: 0.98699
Validating epoch 3 | loss: 0.42757 - accuracy: 0.89335
Model is Bert, dataset is sst, undersample is None, aug mode is synonym, geo is 0.9, pct_usage is None, small_label is 1, small_prop is 0.8, balance_seed is 14, lr is 2e-05, max_epochs is 4, split_num is 0
Training epoch 0 | loss: 0.4324 - accuracy: 0.79191
Validating epoch 0 | loss: 0.30962 - accuracy: 0.87041
Training epoch 1 | loss: 0.18744 - accuracy: 0.93165
Validating epoch 1 | loss: 0.32852 - accuracy: 0.87844
Training epoch 2 | loss: 0.07892 - accuracy: 0.97529
Validating epoch 2 | loss: 0.41967 - accuracy: 0.88647
Training epoch 3 | loss: 0.04128 - accuracy: 0.98974
Validating epoch 3 | loss: 0.44213 - accuracy: 0.88647
