Model is Bert, dataset is sst, undersample is False, aug mode is None, geo is None, pct_usage is None, small_label is 0, small_prop is 0.2, balance_seed is 26, lr is 2e-05, max_epochs is 4, split_num is 0
Training epoch 0 | loss: 0.39968 - accuracy: 0.80419
Validating epoch 0 | loss: 0.51689 - accuracy: 0.81881
Training epoch 1 | loss: 0.10389 - accuracy: 0.96864
Validating epoch 1 | loss: 0.72102 - accuracy: 0.80963
Training epoch 2 | loss: 0.0389 - accuracy: 0.98988
Validating epoch 2 | loss: 0.94676 - accuracy: 0.79358
Training epoch 3 | loss: 0.02129 - accuracy: 0.99566
Validating epoch 3 | loss: 0.94611 - accuracy: 0.80046
Model is Bert, dataset is sst, undersample is True, aug mode is None, geo is None, pct_usage is None, small_label is 0, small_prop is 0.2, balance_seed is 26, lr is 2e-05, max_epochs is 4, split_num is 0
Training epoch 0 | loss: 0.32852 - accuracy: 0.83092
Validating epoch 0 | loss: 0.45922 - accuracy: 0.86583
Training epoch 1 | loss: 0.01797 - accuracy: 0.99595
Validating epoch 1 | loss: 0.66038 - accuracy: 0.86353
Training epoch 2 | loss: 0.0039 - accuracy: 0.99899
Validating epoch 2 | loss: 0.70821 - accuracy: 0.86239
Training epoch 3 | loss: 0.00106 - accuracy: 1.0
Validating epoch 3 | loss: 0.75 - accuracy: 0.8555
Model is Bert, dataset is sst, undersample is None, aug mode is synonym, geo is 0.1, pct_usage is None, small_label is 0, small_prop is 0.2, balance_seed is 26, lr is 2e-05, max_epochs is 4, split_num is 0
Training epoch 0 | loss: 0.3376 - accuracy: 0.83064
Validating epoch 0 | loss: 0.73655 - accuracy: 0.75803
Training epoch 1 | loss: 0.08065 - accuracy: 0.96994
Validating epoch 1 | loss: 0.94626 - accuracy: 0.7305
Training epoch 2 | loss: 0.03244 - accuracy: 0.98858
Validating epoch 2 | loss: 0.89352 - accuracy: 0.77523
Training epoch 3 | loss: 0.01726 - accuracy: 0.9948
Validating epoch 3 | loss: 0.92078 - accuracy: 0.78899
Model is Bert, dataset is sst, undersample is None, aug mode is synonym, geo is 0.3, pct_usage is None, small_label is 0, small_prop is 0.2, balance_seed is 26, lr is 2e-05, max_epochs is 4, split_num is 0
Training epoch 0 | loss: 0.39226 - accuracy: 0.80029
Validating epoch 0 | loss: 0.63316 - accuracy: 0.79128
Training epoch 1 | loss: 0.09736 - accuracy: 0.96734
Validating epoch 1 | loss: 0.93134 - accuracy: 0.76491
Training epoch 2 | loss: 0.03237 - accuracy: 0.99017
Validating epoch 2 | loss: 0.72385 - accuracy: 0.81651
Training epoch 3 | loss: 0.01701 - accuracy: 0.99436
Validating epoch 3 | loss: 0.87935 - accuracy: 0.80161
Model is Bert, dataset is sst, undersample is None, aug mode is synonym, geo is 0.5, pct_usage is None, small_label is 0, small_prop is 0.2, balance_seed is 26, lr is 2e-05, max_epochs is 4, split_num is 0
Training epoch 0 | loss: 0.40288 - accuracy: 0.79436
Validating epoch 0 | loss: 0.44448 - accuracy: 0.82454
Training epoch 1 | loss: 0.1032 - accuracy: 0.96488
Validating epoch 1 | loss: 0.62116 - accuracy: 0.82454
Training epoch 2 | loss: 0.03136 - accuracy: 0.99133
Validating epoch 2 | loss: 0.73088 - accuracy: 0.81995
Training epoch 3 | loss: 0.02018 - accuracy: 0.99422
Validating epoch 3 | loss: 0.91966 - accuracy: 0.79472
Model is Bert, dataset is sst, undersample is None, aug mode is synonym, geo is 0.7, pct_usage is None, small_label is 0, small_prop is 0.2, balance_seed is 26, lr is 2e-05, max_epochs is 4, split_num is 0
Training epoch 0 | loss: 0.40041 - accuracy: 0.79697
Validating epoch 0 | loss: 0.57585 - accuracy: 0.81881
Training epoch 1 | loss: 0.09122 - accuracy: 0.97283
Validating epoch 1 | loss: 0.73876 - accuracy: 0.79014
Training epoch 2 | loss: 0.03613 - accuracy: 0.99032
Validating epoch 2 | loss: 0.77308 - accuracy: 0.81307
Training epoch 3 | loss: 0.01976 - accuracy: 0.9961
Validating epoch 3 | loss: 0.83681 - accuracy: 0.8211
Model is Bert, dataset is sst, undersample is None, aug mode is synonym, geo is 0.9, pct_usage is None, small_label is 0, small_prop is 0.2, balance_seed is 26, lr is 2e-05, max_epochs is 4, split_num is 0
Training epoch 0 | loss: 0.38484 - accuracy: 0.80809
Validating epoch 0 | loss: 0.51413 - accuracy: 0.8211
Training epoch 1 | loss: 0.08239 - accuracy: 0.97659
Validating epoch 1 | loss: 0.811 - accuracy: 0.79817
Training epoch 2 | loss: 0.03205 - accuracy: 0.99176
Validating epoch 2 | loss: 0.81026 - accuracy: 0.81307
Training epoch 3 | loss: 0.01677 - accuracy: 0.99653
Validating epoch 3 | loss: 0.90676 - accuracy: 0.79014
Model is Bert, dataset is sst, undersample is False, aug mode is None, geo is None, pct_usage is None, small_label is 1, small_prop is 0.2, balance_seed is 26, lr is 2e-05, max_epochs is 4, split_num is 0
Training epoch 0 | loss: 0.38726 - accuracy: 0.81286
Validating epoch 0 | loss: 0.4341 - accuracy: 0.86239
Training epoch 1 | loss: 0.07022 - accuracy: 0.97832
Validating epoch 1 | loss: 0.46209 - accuracy: 0.88073
Training epoch 2 | loss: 0.02558 - accuracy: 0.99436
Validating epoch 2 | loss: 0.68311 - accuracy: 0.85206
Training epoch 3 | loss: 0.01357 - accuracy: 0.99711
Validating epoch 3 | loss: 0.69282 - accuracy: 0.85665
Model is Bert, dataset is sst, undersample is True, aug mode is None, geo is None, pct_usage is None, small_label is 1, small_prop is 0.2, balance_seed is 26, lr is 2e-05, max_epochs is 4, split_num is 0
Training epoch 0 | loss: 0.36366 - accuracy: 0.82081
Validating epoch 0 | loss: 0.46176 - accuracy: 0.86353
Training epoch 1 | loss: 0.03324 - accuracy: 0.99075
Validating epoch 1 | loss: 0.62754 - accuracy: 0.85894
Training epoch 2 | loss: 0.0064 - accuracy: 0.9987
Validating epoch 2 | loss: 0.68489 - accuracy: 0.87041
Training epoch 3 | loss: 0.00395 - accuracy: 0.99942
Validating epoch 3 | loss: 0.71519 - accuracy: 0.87156
Model is Bert, dataset is sst, undersample is None, aug mode is synonym, geo is 0.1, pct_usage is None, small_label is 1, small_prop is 0.2, balance_seed is 26, lr is 2e-05, max_epochs is 4, split_num is 0
Training epoch 0 | loss: 0.33522 - accuracy: 0.83454
Validating epoch 0 | loss: 0.45625 - accuracy: 0.81881
Training epoch 1 | loss: 0.09019 - accuracy: 0.96908
Validating epoch 1 | loss: 0.53851 - accuracy: 0.83142
Training epoch 2 | loss: 0.03586 - accuracy: 0.98829
Validating epoch 2 | loss: 0.73287 - accuracy: 0.8039
Training epoch 3 | loss: 0.01684 - accuracy: 0.99509
Validating epoch 3 | loss: 0.64427 - accuracy: 0.8406
Model is Bert, dataset is sst, undersample is None, aug mode is synonym, geo is 0.3, pct_usage is None, small_label is 1, small_prop is 0.2, balance_seed is 26, lr is 2e-05, max_epochs is 4, split_num is 0
Training epoch 0 | loss: 0.39506 - accuracy: 0.80896
Validating epoch 0 | loss: 0.43601 - accuracy: 0.84633
Training epoch 1 | loss: 0.0957 - accuracy: 0.96821
Validating epoch 1 | loss: 0.54366 - accuracy: 0.83945
Training epoch 2 | loss: 0.03422 - accuracy: 0.99061
Validating epoch 2 | loss: 0.73499 - accuracy: 0.82913
Training epoch 3 | loss: 0.01866 - accuracy: 0.99523
Validating epoch 3 | loss: 0.67423 - accuracy: 0.8555
Model is Bert, dataset is sst, undersample is None, aug mode is synonym, geo is 0.5, pct_usage is None, small_label is 1, small_prop is 0.2, balance_seed is 26, lr is 2e-05, max_epochs is 4, split_num is 0
Training epoch 0 | loss: 0.41685 - accuracy: 0.78801
Validating epoch 0 | loss: 0.4286 - accuracy: 0.8555
Training epoch 1 | loss: 0.10263 - accuracy: 0.96676
Validating epoch 1 | loss: 0.63987 - accuracy: 0.83142
Training epoch 2 | loss: 0.02751 - accuracy: 0.99292
Validating epoch 2 | loss: 0.74361 - accuracy: 0.84404
Training epoch 3 | loss: 0.01857 - accuracy: 0.99509
Validating epoch 3 | loss: 0.6356 - accuracy: 0.86468
Model is Bert, dataset is sst, undersample is None, aug mode is synonym, geo is 0.7, pct_usage is None, small_label is 1, small_prop is 0.2, balance_seed is 26, lr is 2e-05, max_epochs is 4, split_num is 0
Training epoch 0 | loss: 0.38486 - accuracy: 0.80289
Validating epoch 0 | loss: 0.35789 - accuracy: 0.88417
Training epoch 1 | loss: 0.07466 - accuracy: 0.97746
Validating epoch 1 | loss: 0.57642 - accuracy: 0.86124
Training epoch 2 | loss: 0.02249 - accuracy: 0.99408
Validating epoch 2 | loss: 0.62519 - accuracy: 0.86583
Training epoch 3 | loss: 0.01438 - accuracy: 0.99668
Validating epoch 3 | loss: 0.74024 - accuracy: 0.86009
Model is Bert, dataset is sst, undersample is None, aug mode is synonym, geo is 0.9, pct_usage is None, small_label is 1, small_prop is 0.2, balance_seed is 26, lr is 2e-05, max_epochs is 4, split_num is 0
Training epoch 0 | loss: 0.37959 - accuracy: 0.80737
Validating epoch 0 | loss: 0.38875 - accuracy: 0.87156
Training epoch 1 | loss: 0.07114 - accuracy: 0.98006
Validating epoch 1 | loss: 0.48127 - accuracy: 0.86468
Training epoch 2 | loss: 0.02486 - accuracy: 0.99408
Validating epoch 2 | loss: 0.68653 - accuracy: 0.83601
Training epoch 3 | loss: 0.01437 - accuracy: 0.99697
Validating epoch 3 | loss: 0.59715 - accuracy: 0.86927
Model is Bert, dataset is sst, undersample is False, aug mode is None, geo is None, pct_usage is None, small_label is 0, small_prop is 0.4, balance_seed is 26, lr is 2e-05, max_epochs is 4, split_num is 0
Training epoch 0 | loss: 0.43678 - accuracy: 0.78251
Validating epoch 0 | loss: 0.41285 - accuracy: 0.8406
Training epoch 1 | loss: 0.14274 - accuracy: 0.9513
Validating epoch 1 | loss: 0.54252 - accuracy: 0.83601
Training epoch 2 | loss: 0.04891 - accuracy: 0.98642
Validating epoch 2 | loss: 0.64467 - accuracy: 0.84289
Training epoch 3 | loss: 0.02201 - accuracy: 0.99538
Validating epoch 3 | loss: 0.665 - accuracy: 0.84518
Model is Bert, dataset is sst, undersample is True, aug mode is None, geo is None, pct_usage is None, small_label is 0, small_prop is 0.4, balance_seed is 26, lr is 2e-05, max_epochs is 4, split_num is 0
Training epoch 0 | loss: 0.37992 - accuracy: 0.82124
Validating epoch 0 | loss: 0.37509 - accuracy: 0.85665
Training epoch 1 | loss: 0.07326 - accuracy: 0.97905
Validating epoch 1 | loss: 0.48042 - accuracy: 0.87729
Training epoch 2 | loss: 0.01687 - accuracy: 0.99581
Validating epoch 2 | loss: 0.59857 - accuracy: 0.86812
Training epoch 3 | loss: 0.00807 - accuracy: 0.99827
Validating epoch 3 | loss: 0.61436 - accuracy: 0.87156
Model is Bert, dataset is sst, undersample is None, aug mode is synonym, geo is 0.1, pct_usage is None, small_label is 0, small_prop is 0.4, balance_seed is 26, lr is 2e-05, max_epochs is 4, split_num is 0
Training epoch 0 | loss: 0.33383 - accuracy: 0.85043
Validating epoch 0 | loss: 0.47207 - accuracy: 0.80963
Training epoch 1 | loss: 0.10687 - accuracy: 0.96127
Validating epoch 1 | loss: 0.65502 - accuracy: 0.77867
Training epoch 2 | loss: 0.05393 - accuracy: 0.98179
Validating epoch 2 | loss: 0.74833 - accuracy: 0.81193
Training epoch 3 | loss: 0.02954 - accuracy: 0.99032
Validating epoch 3 | loss: 0.75602 - accuracy: 0.81193
Model is Bert, dataset is sst, undersample is None, aug mode is synonym, geo is 0.3, pct_usage is None, small_label is 0, small_prop is 0.4, balance_seed is 26, lr is 2e-05, max_epochs is 4, split_num is 0
Training epoch 0 | loss: 0.42215 - accuracy: 0.80145
Validating epoch 0 | loss: 0.47714 - accuracy: 0.83028
Training epoch 1 | loss: 0.15973 - accuracy: 0.9448
Validating epoch 1 | loss: 0.54008 - accuracy: 0.83716
Training epoch 2 | loss: 0.07468 - accuracy: 0.97688
Validating epoch 2 | loss: 0.61501 - accuracy: 0.82798
Training epoch 3 | loss: 0.04014 - accuracy: 0.98873
Validating epoch 3 | loss: 0.6384 - accuracy: 0.83486
Model is Bert, dataset is sst, undersample is None, aug mode is synonym, geo is 0.5, pct_usage is None, small_label is 0, small_prop is 0.4, balance_seed is 26, lr is 2e-05, max_epochs is 4, split_num is 0
Training epoch 0 | loss: 0.41693 - accuracy: 0.79003
Validating epoch 0 | loss: 0.37995 - accuracy: 0.85665
Training epoch 1 | loss: 0.14016 - accuracy: 0.95029
Validating epoch 1 | loss: 0.46018 - accuracy: 0.86468
Training epoch 2 | loss: 0.04743 - accuracy: 0.98512
Validating epoch 2 | loss: 0.61817 - accuracy: 0.84633
Training epoch 3 | loss: 0.02345 - accuracy: 0.99306
Validating epoch 3 | loss: 0.69041 - accuracy: 0.84977
Model is Bert, dataset is sst, undersample is None, aug mode is synonym, geo is 0.7, pct_usage is None, small_label is 0, small_prop is 0.4, balance_seed is 26, lr is 2e-05, max_epochs is 4, split_num is 0
Training epoch 0 | loss: 0.42483 - accuracy: 0.78382
Validating epoch 0 | loss: 0.3701 - accuracy: 0.85321
Training epoch 1 | loss: 0.1496 - accuracy: 0.94812
Validating epoch 1 | loss: 0.4064 - accuracy: 0.86697
Training epoch 2 | loss: 0.05269 - accuracy: 0.98497
Validating epoch 2 | loss: 0.54132 - accuracy: 0.85665
Training epoch 3 | loss: 0.02876 - accuracy: 0.99249
Validating epoch 3 | loss: 0.62252 - accuracy: 0.85665
Model is Bert, dataset is sst, undersample is None, aug mode is synonym, geo is 0.9, pct_usage is None, small_label is 0, small_prop is 0.4, balance_seed is 26, lr is 2e-05, max_epochs is 4, split_num is 0
Training epoch 0 | loss: 0.43373 - accuracy: 0.7776
Validating epoch 0 | loss: 0.35229 - accuracy: 0.86697
Training epoch 1 | loss: 0.14398 - accuracy: 0.95072
Validating epoch 1 | loss: 0.49189 - accuracy: 0.84518
Training epoch 2 | loss: 0.04726 - accuracy: 0.98468
Validating epoch 2 | loss: 0.53912 - accuracy: 0.86468
Training epoch 3 | loss: 0.02039 - accuracy: 0.99465
Validating epoch 3 | loss: 0.5934 - accuracy: 0.86124
Model is Bert, dataset is sst, undersample is False, aug mode is None, geo is None, pct_usage is None, small_label is 1, small_prop is 0.4, balance_seed is 26, lr is 2e-05, max_epochs is 4, split_num is 0
Training epoch 0 | loss: 0.44347 - accuracy: 0.78107
Validating epoch 0 | loss: 0.32245 - accuracy: 0.875
Training epoch 1 | loss: 0.15679 - accuracy: 0.94653
Validating epoch 1 | loss: 0.40615 - accuracy: 0.87041
Training epoch 2 | loss: 0.06387 - accuracy: 0.98179
Validating epoch 2 | loss: 0.46102 - accuracy: 0.87271
Training epoch 3 | loss: 0.03212 - accuracy: 0.99191
Validating epoch 3 | loss: 0.51509 - accuracy: 0.875
Model is Bert, dataset is sst, undersample is True, aug mode is None, geo is None, pct_usage is None, small_label is 1, small_prop is 0.4, balance_seed is 26, lr is 2e-05, max_epochs is 4, split_num is 0
Training epoch 0 | loss: 0.38945 - accuracy: 0.81561
Validating epoch 0 | loss: 0.34734 - accuracy: 0.87729
Training epoch 1 | loss: 0.07998 - accuracy: 0.97413
Validating epoch 1 | loss: 0.46276 - accuracy: 0.87156
Training epoch 2 | loss: 0.02177 - accuracy: 0.9935
Validating epoch 2 | loss: 0.56671 - accuracy: 0.86353
Training epoch 3 | loss: 0.00871 - accuracy: 0.99827
Validating epoch 3 | loss: 0.59765 - accuracy: 0.875
Model is Bert, dataset is sst, undersample is None, aug mode is synonym, geo is 0.1, pct_usage is None, small_label is 1, small_prop is 0.4, balance_seed is 26, lr is 2e-05, max_epochs is 4, split_num is 0
Training epoch 0 | loss: 0.36003 - accuracy: 0.83179
Validating epoch 0 | loss: 0.35378 - accuracy: 0.85092
Training epoch 1 | loss: 0.12795 - accuracy: 0.95535
Validating epoch 1 | loss: 0.41901 - accuracy: 0.86009
Training epoch 2 | loss: 0.07274 - accuracy: 0.97746
Validating epoch 2 | loss: 0.47399 - accuracy: 0.85665
Training epoch 3 | loss: 0.05112 - accuracy: 0.98526
Validating epoch 3 | loss: 0.46284 - accuracy: 0.8578
Model is Bert, dataset is sst, undersample is None, aug mode is synonym, geo is 0.3, pct_usage is None, small_label is 1, small_prop is 0.4, balance_seed is 26, lr is 2e-05, max_epochs is 4, split_num is 0
Training epoch 0 | loss: 0.45576 - accuracy: 0.76084
Validating epoch 0 | loss: 0.38425 - accuracy: 0.84862
Training epoch 1 | loss: 0.16794 - accuracy: 0.93902
Validating epoch 1 | loss: 0.36669 - accuracy: 0.86697
Training epoch 2 | loss: 0.07799 - accuracy: 0.97486
Validating epoch 2 | loss: 0.44543 - accuracy: 0.87271
Training epoch 3 | loss: 0.03939 - accuracy: 0.98887
Validating epoch 3 | loss: 0.50554 - accuracy: 0.86583
Model is Bert, dataset is sst, undersample is None, aug mode is synonym, geo is 0.5, pct_usage is None, small_label is 1, small_prop is 0.4, balance_seed is 26, lr is 2e-05, max_epochs is 4, split_num is 0
Training epoch 0 | loss: 0.41075 - accuracy: 0.80202
Validating epoch 0 | loss: 0.33704 - accuracy: 0.87615
Training epoch 1 | loss: 0.14053 - accuracy: 0.95347
Validating epoch 1 | loss: 0.38466 - accuracy: 0.87041
Training epoch 2 | loss: 0.05861 - accuracy: 0.98136
Validating epoch 2 | loss: 0.4295 - accuracy: 0.88532
Training epoch 3 | loss: 0.0294 - accuracy: 0.99249
Validating epoch 3 | loss: 0.4803 - accuracy: 0.88188
Model is Bert, dataset is sst, undersample is None, aug mode is synonym, geo is 0.7, pct_usage is None, small_label is 1, small_prop is 0.4, balance_seed is 26, lr is 2e-05, max_epochs is 4, split_num is 0
Training epoch 0 | loss: 0.42026 - accuracy: 0.80072
Validating epoch 0 | loss: 0.32675 - accuracy: 0.88532
Training epoch 1 | loss: 0.13462 - accuracy: 0.95434
Validating epoch 1 | loss: 0.39278 - accuracy: 0.8922
Training epoch 2 | loss: 0.05162 - accuracy: 0.98454
Validating epoch 2 | loss: 0.45921 - accuracy: 0.88532
Training epoch 3 | loss: 0.02714 - accuracy: 0.99292
Validating epoch 3 | loss: 0.48425 - accuracy: 0.89106
Model is Bert, dataset is sst, undersample is None, aug mode is synonym, geo is 0.9, pct_usage is None, small_label is 1, small_prop is 0.4, balance_seed is 26, lr is 2e-05, max_epochs is 4, split_num is 0
Training epoch 0 | loss: 0.4253 - accuracy: 0.78569
Validating epoch 0 | loss: 0.34186 - accuracy: 0.87271
Training epoch 1 | loss: 0.14038 - accuracy: 0.95303
Validating epoch 1 | loss: 0.3625 - accuracy: 0.89106
Training epoch 2 | loss: 0.04538 - accuracy: 0.98801
Validating epoch 2 | loss: 0.44053 - accuracy: 0.89106
Training epoch 3 | loss: 0.02514 - accuracy: 0.99465
Validating epoch 3 | loss: 0.48807 - accuracy: 0.8945
Model is Bert, dataset is sst, undersample is False, aug mode is None, geo is None, pct_usage is None, small_label is 0, small_prop is 0.6, balance_seed is 26, lr is 2e-05, max_epochs is 4, split_num is 0
Training epoch 0 | loss: 0.43956 - accuracy: 0.77876
Validating epoch 0 | loss: 0.33226 - accuracy: 0.87041
Training epoch 1 | loss: 0.17591 - accuracy: 0.93829
Validating epoch 1 | loss: 0.36886 - accuracy: 0.88417
Training epoch 2 | loss: 0.07519 - accuracy: 0.97818
Validating epoch 2 | loss: 0.44849 - accuracy: 0.875
Training epoch 3 | loss: 0.03703 - accuracy: 0.99061
Validating epoch 3 | loss: 0.47476 - accuracy: 0.88303
Model is Bert, dataset is sst, undersample is True, aug mode is None, geo is None, pct_usage is None, small_label is 0, small_prop is 0.6, balance_seed is 26, lr is 2e-05, max_epochs is 4, split_num is 0
Training epoch 0 | loss: 0.42328 - accuracy: 0.78801
Validating epoch 0 | loss: 0.31014 - accuracy: 0.87156
Training epoch 1 | loss: 0.12106 - accuracy: 0.96185
Validating epoch 1 | loss: 0.41453 - accuracy: 0.87041
Training epoch 2 | loss: 0.03294 - accuracy: 0.99017
Validating epoch 2 | loss: 0.47923 - accuracy: 0.88073
Training epoch 3 | loss: 0.0126 - accuracy: 0.99653
Validating epoch 3 | loss: 0.5435 - accuracy: 0.87729
Model is Bert, dataset is sst, undersample is None, aug mode is synonym, geo is 0.1, pct_usage is None, small_label is 0, small_prop is 0.6, balance_seed is 26, lr is 2e-05, max_epochs is 4, split_num is 0
Training epoch 0 | loss: 0.34355 - accuracy: 0.84668
Validating epoch 0 | loss: 0.65425 - accuracy: 0.73624
Training epoch 1 | loss: 0.12359 - accuracy: 0.95477
Validating epoch 1 | loss: 0.55705 - accuracy: 0.81193
Training epoch 2 | loss: 0.06475 - accuracy: 0.97861
Validating epoch 2 | loss: 0.64111 - accuracy: 0.81995
Training epoch 3 | loss: 0.04575 - accuracy: 0.98483
Validating epoch 3 | loss: 0.63897 - accuracy: 0.82913
Model is Bert, dataset is sst, undersample is None, aug mode is synonym, geo is 0.3, pct_usage is None, small_label is 0, small_prop is 0.6, balance_seed is 26, lr is 2e-05, max_epochs is 4, split_num is 0
Training epoch 0 | loss: 0.44111 - accuracy: 0.76763
Validating epoch 0 | loss: 0.34161 - accuracy: 0.86468
Training epoch 1 | loss: 0.16243 - accuracy: 0.93916
Validating epoch 1 | loss: 0.47605 - accuracy: 0.82683
Training epoch 2 | loss: 0.07785 - accuracy: 0.97327
Validating epoch 2 | loss: 0.52135 - accuracy: 0.8555
Training epoch 3 | loss: 0.04207 - accuracy: 0.98844
Validating epoch 3 | loss: 0.59083 - accuracy: 0.84404
Model is Bert, dataset is sst, undersample is None, aug mode is synonym, geo is 0.5, pct_usage is None, small_label is 0, small_prop is 0.6, balance_seed is 26, lr is 2e-05, max_epochs is 4, split_num is 0
Training epoch 0 | loss: 0.42305 - accuracy: 0.79335
Validating epoch 0 | loss: 0.35501 - accuracy: 0.85092
Training epoch 1 | loss: 0.17105 - accuracy: 0.93642
Validating epoch 1 | loss: 0.52798 - accuracy: 0.83028
Training epoch 2 | loss: 0.07661 - accuracy: 0.97587
Validating epoch 2 | loss: 0.58287 - accuracy: 0.83372
Training epoch 3 | loss: 0.04569 - accuracy: 0.98786
Validating epoch 3 | loss: 0.56493 - accuracy: 0.85092
Model is Bert, dataset is sst, undersample is None, aug mode is synonym, geo is 0.7, pct_usage is None, small_label is 0, small_prop is 0.6, balance_seed is 26, lr is 2e-05, max_epochs is 4, split_num is 0
Training epoch 0 | loss: 0.46697 - accuracy: 0.75376
Validating epoch 0 | loss: 0.42082 - accuracy: 0.84748
Training epoch 1 | loss: 0.20574 - accuracy: 0.91821
Validating epoch 1 | loss: 0.39758 - accuracy: 0.85206
Training epoch 2 | loss: 0.0825 - accuracy: 0.97428
Validating epoch 2 | loss: 0.47437 - accuracy: 0.86239
Training epoch 3 | loss: 0.03849 - accuracy: 0.98988
Validating epoch 3 | loss: 0.51333 - accuracy: 0.86812
Model is Bert, dataset is sst, undersample is None, aug mode is synonym, geo is 0.9, pct_usage is None, small_label is 0, small_prop is 0.6, balance_seed is 26, lr is 2e-05, max_epochs is 4, split_num is 0
Training epoch 0 | loss: 0.44378 - accuracy: 0.77543
Validating epoch 0 | loss: 0.32018 - accuracy: 0.87271
Training epoch 1 | loss: 0.19711 - accuracy: 0.92616
Validating epoch 1 | loss: 0.40147 - accuracy: 0.86697
Training epoch 2 | loss: 0.07985 - accuracy: 0.97572
Validating epoch 2 | loss: 0.4715 - accuracy: 0.87615
Training epoch 3 | loss: 0.0434 - accuracy: 0.98801
Validating epoch 3 | loss: 0.49634 - accuracy: 0.87959
Model is Bert, dataset is sst, undersample is False, aug mode is None, geo is None, pct_usage is None, small_label is 1, small_prop is 0.6, balance_seed is 26, lr is 2e-05, max_epochs is 4, split_num is 0
Training epoch 0 | loss: 0.45553 - accuracy: 0.76012
Validating epoch 0 | loss: 0.30041 - accuracy: 0.87844
Training epoch 1 | loss: 0.18039 - accuracy: 0.93526
Validating epoch 1 | loss: 0.30844 - accuracy: 0.8922
Training epoch 2 | loss: 0.07324 - accuracy: 0.97601
Validating epoch 2 | loss: 0.39962 - accuracy: 0.88532
Training epoch 3 | loss: 0.0368 - accuracy: 0.98829
Validating epoch 3 | loss: 0.42656 - accuracy: 0.89679
Model is Bert, dataset is sst, undersample is True, aug mode is None, geo is None, pct_usage is None, small_label is 1, small_prop is 0.6, balance_seed is 26, lr is 2e-05, max_epochs is 4, split_num is 0
Training epoch 0 | loss: 0.43023 - accuracy: 0.78945
Validating epoch 0 | loss: 0.3795 - accuracy: 0.85894
Training epoch 1 | loss: 0.16629 - accuracy: 0.94147
Validating epoch 1 | loss: 0.36564 - accuracy: 0.87959
Training epoch 2 | loss: 0.06019 - accuracy: 0.98454
Validating epoch 2 | loss: 0.44597 - accuracy: 0.87844
Training epoch 3 | loss: 0.03126 - accuracy: 0.9922
Validating epoch 3 | loss: 0.51176 - accuracy: 0.87156
Model is Bert, dataset is sst, undersample is None, aug mode is synonym, geo is 0.1, pct_usage is None, small_label is 1, small_prop is 0.6, balance_seed is 26, lr is 2e-05, max_epochs is 4, split_num is 0
Training epoch 0 | loss: 0.35999 - accuracy: 0.82312
Validating epoch 0 | loss: 0.41822 - accuracy: 0.83372
Training epoch 1 | loss: 0.12726 - accuracy: 0.95405
Validating epoch 1 | loss: 0.42041 - accuracy: 0.84977
Training epoch 2 | loss: 0.07605 - accuracy: 0.97283
Validating epoch 2 | loss: 0.45156 - accuracy: 0.84633
Training epoch 3 | loss: 0.04527 - accuracy: 0.98627
Validating epoch 3 | loss: 0.46463 - accuracy: 0.86009
Model is Bert, dataset is sst, undersample is None, aug mode is synonym, geo is 0.3, pct_usage is None, small_label is 1, small_prop is 0.6, balance_seed is 26, lr is 2e-05, max_epochs is 4, split_num is 0
Training epoch 0 | loss: 0.44095 - accuracy: 0.77124
Validating epoch 0 | loss: 0.32294 - accuracy: 0.875
Training epoch 1 | loss: 0.17948 - accuracy: 0.93353
Validating epoch 1 | loss: 0.33868 - accuracy: 0.88073
Training epoch 2 | loss: 0.0741 - accuracy: 0.97746
Validating epoch 2 | loss: 0.4004 - accuracy: 0.87959
Training epoch 3 | loss: 0.04415 - accuracy: 0.98656
Validating epoch 3 | loss: 0.43537 - accuracy: 0.87844
Model is Bert, dataset is sst, undersample is None, aug mode is synonym, geo is 0.5, pct_usage is None, small_label is 1, small_prop is 0.6, balance_seed is 26, lr is 2e-05, max_epochs is 4, split_num is 0
Training epoch 0 | loss: 0.45348 - accuracy: 0.77514
Validating epoch 0 | loss: 0.36285 - accuracy: 0.85436
Training epoch 1 | loss: 0.18176 - accuracy: 0.93512
Validating epoch 1 | loss: 0.34474 - accuracy: 0.88647
Training epoch 2 | loss: 0.07841 - accuracy: 0.97659
Validating epoch 2 | loss: 0.42143 - accuracy: 0.88073
Training epoch 3 | loss: 0.04406 - accuracy: 0.98815
Validating epoch 3 | loss: 0.44052 - accuracy: 0.88188
Model is Bert, dataset is sst, undersample is None, aug mode is synonym, geo is 0.7, pct_usage is None, small_label is 1, small_prop is 0.6, balance_seed is 26, lr is 2e-05, max_epochs is 4, split_num is 0
Training epoch 0 | loss: 0.43225 - accuracy: 0.77341
Validating epoch 0 | loss: 0.29957 - accuracy: 0.87844
Training epoch 1 | loss: 0.16757 - accuracy: 0.93916
Validating epoch 1 | loss: 0.34333 - accuracy: 0.88647
Training epoch 2 | loss: 0.0698 - accuracy: 0.97746
Validating epoch 2 | loss: 0.39865 - accuracy: 0.88991
Training epoch 3 | loss: 0.03658 - accuracy: 0.98988
Validating epoch 3 | loss: 0.43483 - accuracy: 0.89679
Model is Bert, dataset is sst, undersample is None, aug mode is synonym, geo is 0.9, pct_usage is None, small_label is 1, small_prop is 0.6, balance_seed is 26, lr is 2e-05, max_epochs is 4, split_num is 0
Training epoch 0 | loss: 0.43161 - accuracy: 0.78396
Validating epoch 0 | loss: 0.32133 - accuracy: 0.87271
Training epoch 1 | loss: 0.16796 - accuracy: 0.9422
Validating epoch 1 | loss: 0.34607 - accuracy: 0.88303
Training epoch 2 | loss: 0.06935 - accuracy: 0.98049
Validating epoch 2 | loss: 0.4117 - accuracy: 0.88417
Training epoch 3 | loss: 0.03888 - accuracy: 0.99032
Validating epoch 3 | loss: 0.44043 - accuracy: 0.88761
Model is Bert, dataset is sst, undersample is False, aug mode is None, geo is None, pct_usage is None, small_label is 0, small_prop is 0.8, balance_seed is 26, lr is 2e-05, max_epochs is 4, split_num is 0
Training epoch 0 | loss: 0.45726 - accuracy: 0.75824
Validating epoch 0 | loss: 0.30807 - accuracy: 0.87729
Training epoch 1 | loss: 0.19605 - accuracy: 0.92789
Validating epoch 1 | loss: 0.31881 - accuracy: 0.86927
Training epoch 2 | loss: 0.0899 - accuracy: 0.97341
Validating epoch 2 | loss: 0.47126 - accuracy: 0.86239
Training epoch 3 | loss: 0.04501 - accuracy: 0.98642
Validating epoch 3 | loss: 0.47027 - accuracy: 0.875
Model is Bert, dataset is sst, undersample is True, aug mode is None, geo is None, pct_usage is None, small_label is 0, small_prop is 0.8, balance_seed is 26, lr is 2e-05, max_epochs is 4, split_num is 0
Training epoch 0 | loss: 0.41975 - accuracy: 0.79523
Validating epoch 0 | loss: 0.40209 - accuracy: 0.86239
Training epoch 1 | loss: 0.15385 - accuracy: 0.94538
Validating epoch 1 | loss: 0.37655 - accuracy: 0.88532
Training epoch 2 | loss: 0.06728 - accuracy: 0.98035
Validating epoch 2 | loss: 0.40638 - accuracy: 0.88073
Training epoch 3 | loss: 0.0324 - accuracy: 0.99234
Validating epoch 3 | loss: 0.43525 - accuracy: 0.88647
Model is Bert, dataset is sst, undersample is None, aug mode is synonym, geo is 0.1, pct_usage is None, small_label is 0, small_prop is 0.8, balance_seed is 26, lr is 2e-05, max_epochs is 4, split_num is 0
Training epoch 0 | loss: 0.33045 - accuracy: 0.84523
Validating epoch 0 | loss: 0.609 - accuracy: 0.77867
Training epoch 1 | loss: 0.13294 - accuracy: 0.95087
Validating epoch 1 | loss: 0.56246 - accuracy: 0.80161
Training epoch 2 | loss: 0.07343 - accuracy: 0.97283
Validating epoch 2 | loss: 0.5903 - accuracy: 0.81651
Training epoch 3 | loss: 0.05328 - accuracy: 0.98324
Validating epoch 3 | loss: 0.57372 - accuracy: 0.83601
Model is Bert, dataset is sst, undersample is None, aug mode is synonym, geo is 0.3, pct_usage is None, small_label is 0, small_prop is 0.8, balance_seed is 26, lr is 2e-05, max_epochs is 4, split_num is 0
Training epoch 0 | loss: 0.4034 - accuracy: 0.81517
Validating epoch 0 | loss: 0.42706 - accuracy: 0.8039
Training epoch 1 | loss: 0.1721 - accuracy: 0.93367
Validating epoch 1 | loss: 0.5039 - accuracy: 0.82798
Training epoch 2 | loss: 0.08689 - accuracy: 0.97009
Validating epoch 2 | loss: 0.49843 - accuracy: 0.85436
Training epoch 3 | loss: 0.04922 - accuracy: 0.98569
Validating epoch 3 | loss: 0.54665 - accuracy: 0.86009
Model is Bert, dataset is sst, undersample is None, aug mode is synonym, geo is 0.5, pct_usage is None, small_label is 0, small_prop is 0.8, balance_seed is 26, lr is 2e-05, max_epochs is 4, split_num is 0
Training epoch 0 | loss: 0.43179 - accuracy: 0.7922
Validating epoch 0 | loss: 0.31631 - accuracy: 0.87041
Training epoch 1 | loss: 0.18786 - accuracy: 0.92934
Validating epoch 1 | loss: 0.37219 - accuracy: 0.87385
Training epoch 2 | loss: 0.09383 - accuracy: 0.96763
Validating epoch 2 | loss: 0.48575 - accuracy: 0.86353
Training epoch 3 | loss: 0.05371 - accuracy: 0.98454
Validating epoch 3 | loss: 0.49497 - accuracy: 0.875
Model is Bert, dataset is sst, undersample is None, aug mode is synonym, geo is 0.7, pct_usage is None, small_label is 0, small_prop is 0.8, balance_seed is 26, lr is 2e-05, max_epochs is 4, split_num is 0
Training epoch 0 | loss: 0.46415 - accuracy: 0.76214
Validating epoch 0 | loss: 0.31468 - accuracy: 0.87271
Training epoch 1 | loss: 0.20542 - accuracy: 0.92038
Validating epoch 1 | loss: 0.36838 - accuracy: 0.86239
Training epoch 2 | loss: 0.08727 - accuracy: 0.97225
Validating epoch 2 | loss: 0.4464 - accuracy: 0.87041
Training epoch 3 | loss: 0.0502 - accuracy: 0.98468
Validating epoch 3 | loss: 0.50476 - accuracy: 0.87156
Model is Bert, dataset is sst, undersample is None, aug mode is synonym, geo is 0.9, pct_usage is None, small_label is 0, small_prop is 0.8, balance_seed is 26, lr is 2e-05, max_epochs is 4, split_num is 0
Training epoch 0 | loss: 0.43534 - accuracy: 0.78671
Validating epoch 0 | loss: 0.3027 - accuracy: 0.87615
Training epoch 1 | loss: 0.20965 - accuracy: 0.92384
Validating epoch 1 | loss: 0.32253 - accuracy: 0.88303
Training epoch 2 | loss: 0.09534 - accuracy: 0.96994
Validating epoch 2 | loss: 0.39649 - accuracy: 0.88417
Training epoch 3 | loss: 0.05413 - accuracy: 0.98468
Validating epoch 3 | loss: 0.45304 - accuracy: 0.87156
Model is Bert, dataset is sst, undersample is False, aug mode is None, geo is None, pct_usage is None, small_label is 1, small_prop is 0.8, balance_seed is 26, lr is 2e-05, max_epochs is 4, split_num is 0
Training epoch 0 | loss: 0.45706 - accuracy: 0.76084
Validating epoch 0 | loss: 0.3164 - accuracy: 0.87271
Training epoch 1 | loss: 0.19672 - accuracy: 0.92529
Validating epoch 1 | loss: 0.30833 - accuracy: 0.88761
Training epoch 2 | loss: 0.08985 - accuracy: 0.96908
Validating epoch 2 | loss: 0.38576 - accuracy: 0.88647
Training epoch 3 | loss: 0.04224 - accuracy: 0.98829
Validating epoch 3 | loss: 0.45031 - accuracy: 0.87959
Model is Bert, dataset is sst, undersample is True, aug mode is None, geo is None, pct_usage is None, small_label is 1, small_prop is 0.8, balance_seed is 26, lr is 2e-05, max_epochs is 4, split_num is 0
Training epoch 0 | loss: 0.43931 - accuracy: 0.7737
Validating epoch 0 | loss: 0.32373 - accuracy: 0.87615
Training epoch 1 | loss: 0.1857 - accuracy: 0.9341
Validating epoch 1 | loss: 0.32994 - accuracy: 0.88647
Training epoch 2 | loss: 0.08224 - accuracy: 0.97399
Validating epoch 2 | loss: 0.38982 - accuracy: 0.87959
Training epoch 3 | loss: 0.04408 - accuracy: 0.98815
Validating epoch 3 | loss: 0.44354 - accuracy: 0.87844
Model is Bert, dataset is sst, undersample is None, aug mode is synonym, geo is 0.1, pct_usage is None, small_label is 1, small_prop is 0.8, balance_seed is 26, lr is 2e-05, max_epochs is 4, split_num is 0
Training epoch 0 | loss: 0.36749 - accuracy: 0.82197
Validating epoch 0 | loss: 0.37031 - accuracy: 0.84518
Training epoch 1 | loss: 0.13472 - accuracy: 0.94855
Validating epoch 1 | loss: 0.45033 - accuracy: 0.85206
Training epoch 2 | loss: 0.08036 - accuracy: 0.97384
Validating epoch 2 | loss: 0.42487 - accuracy: 0.86927
Training epoch 3 | loss: 0.05393 - accuracy: 0.98454
Validating epoch 3 | loss: 0.46163 - accuracy: 0.86468
Model is Bert, dataset is sst, undersample is None, aug mode is synonym, geo is 0.3, pct_usage is None, small_label is 1, small_prop is 0.8, balance_seed is 26, lr is 2e-05, max_epochs is 4, split_num is 0
Training epoch 0 | loss: 0.45102 - accuracy: 0.75997
Validating epoch 0 | loss: 0.30204 - accuracy: 0.87271
Training epoch 1 | loss: 0.18761 - accuracy: 0.92977
Validating epoch 1 | loss: 0.3365 - accuracy: 0.87844
Training epoch 2 | loss: 0.0882 - accuracy: 0.97066
Validating epoch 2 | loss: 0.38723 - accuracy: 0.88417
Training epoch 3 | loss: 0.06243 - accuracy: 0.9815
Validating epoch 3 | loss: 0.38396 - accuracy: 0.89106
Model is Bert, dataset is sst, undersample is None, aug mode is synonym, geo is 0.5, pct_usage is None, small_label is 1, small_prop is 0.8, balance_seed is 26, lr is 2e-05, max_epochs is 4, split_num is 0
Training epoch 0 | loss: 0.45309 - accuracy: 0.77124
Validating epoch 0 | loss: 0.33194 - accuracy: 0.87156
Training epoch 1 | loss: 0.19239 - accuracy: 0.92876
Validating epoch 1 | loss: 0.33004 - accuracy: 0.89335
Training epoch 2 | loss: 0.09259 - accuracy: 0.96806
Validating epoch 2 | loss: 0.37526 - accuracy: 0.89564
Training epoch 3 | loss: 0.04823 - accuracy: 0.98584
Validating epoch 3 | loss: 0.41027 - accuracy: 0.89564
Model is Bert, dataset is sst, undersample is None, aug mode is synonym, geo is 0.7, pct_usage is None, small_label is 1, small_prop is 0.8, balance_seed is 26, lr is 2e-05, max_epochs is 4, split_num is 0
Training epoch 0 | loss: 0.45504 - accuracy: 0.77717
Validating epoch 0 | loss: 0.33537 - accuracy: 0.86927
Training epoch 1 | loss: 0.21646 - accuracy: 0.91893
Validating epoch 1 | loss: 0.31556 - accuracy: 0.8922
Training epoch 2 | loss: 0.11143 - accuracy: 0.9646
Validating epoch 2 | loss: 0.37002 - accuracy: 0.88876
Training epoch 3 | loss: 0.06429 - accuracy: 0.98251
Validating epoch 3 | loss: 0.39821 - accuracy: 0.89106
Model is Bert, dataset is sst, undersample is None, aug mode is synonym, geo is 0.9, pct_usage is None, small_label is 1, small_prop is 0.8, balance_seed is 26, lr is 2e-05, max_epochs is 4, split_num is 0
Training epoch 0 | loss: 0.48241 - accuracy: 0.75376
Validating epoch 0 | loss: 0.31822 - accuracy: 0.87959
Training epoch 1 | loss: 0.21829 - accuracy: 0.91575
Validating epoch 1 | loss: 0.30077 - accuracy: 0.88303
Training epoch 2 | loss: 0.10474 - accuracy: 0.96517
Validating epoch 2 | loss: 0.37957 - accuracy: 0.88417
Training epoch 3 | loss: 0.05844 - accuracy: 0.98179
Validating epoch 3 | loss: 0.41737 - accuracy: 0.87959
