Model is Bert, dataset is sst, undersample is False, aug mode is None, geo is None, pct_usage is None, small_label is 0, small_prop is 0.2, balance_seed is 3, lr is 2e-05, max_epochs is 4, split_num is 0
Training epoch 0 | loss: 0.3948 - accuracy: 0.79147
Validating epoch 0 | loss: 0.43443 - accuracy: 0.83716
Training epoch 1 | loss: 0.07252 - accuracy: 0.97601
Validating epoch 1 | loss: 0.57069 - accuracy: 0.84862
Training epoch 2 | loss: 0.01697 - accuracy: 0.99581
Validating epoch 2 | loss: 0.92251 - accuracy: 0.80275
Training epoch 3 | loss: 0.00762 - accuracy: 0.99841
Validating epoch 3 | loss: 1.01028 - accuracy: 0.79702
Model is Bert, dataset is sst, undersample is True, aug mode is None, geo is None, pct_usage is None, small_label is 0, small_prop is 0.2, balance_seed is 3, lr is 2e-05, max_epochs is 4, split_num is 0
Training epoch 0 | loss: 0.33592 - accuracy: 0.82861
Validating epoch 0 | loss: 0.42428 - accuracy: 0.87041
Training epoch 1 | loss: 0.03264 - accuracy: 0.99277
Validating epoch 1 | loss: 0.58873 - accuracy: 0.86124
Training epoch 2 | loss: 0.01176 - accuracy: 0.99798
Validating epoch 2 | loss: 0.61415 - accuracy: 0.87041
Training epoch 3 | loss: 0.00602 - accuracy: 0.99855
Validating epoch 3 | loss: 0.62438 - accuracy: 0.87041
Model is Bert, dataset is sst, undersample is None, aug mode is synonym, geo is 0.1, pct_usage is None, small_label is 0, small_prop is 0.2, balance_seed is 3, lr is 2e-05, max_epochs is 4, split_num is 0
Training epoch 0 | loss: 0.34454 - accuracy: 0.83064
Validating epoch 0 | loss: 0.67267 - accuracy: 0.75115
Training epoch 1 | loss: 0.08571 - accuracy: 0.9711
Validating epoch 1 | loss: 0.82969 - accuracy: 0.76147
Training epoch 2 | loss: 0.0377 - accuracy: 0.98671
Validating epoch 2 | loss: 0.94059 - accuracy: 0.75459
Training epoch 3 | loss: 0.01455 - accuracy: 0.99595
Validating epoch 3 | loss: 0.99632 - accuracy: 0.7695
Model is Bert, dataset is sst, undersample is None, aug mode is synonym, geo is 0.3, pct_usage is None, small_label is 0, small_prop is 0.2, balance_seed is 3, lr is 2e-05, max_epochs is 4, split_num is 0
Training epoch 0 | loss: 0.36879 - accuracy: 0.80983
Validating epoch 0 | loss: 0.52938 - accuracy: 0.83028
Training epoch 1 | loss: 0.0913 - accuracy: 0.96951
Validating epoch 1 | loss: 0.7087 - accuracy: 0.79358
Training epoch 2 | loss: 0.02641 - accuracy: 0.99249
Validating epoch 2 | loss: 1.0439 - accuracy: 0.77982
Training epoch 3 | loss: 0.01229 - accuracy: 0.99639
Validating epoch 3 | loss: 0.96599 - accuracy: 0.80161
Model is Bert, dataset is sst, undersample is None, aug mode is synonym, geo is 0.5, pct_usage is None, small_label is 0, small_prop is 0.2, balance_seed is 3, lr is 2e-05, max_epochs is 4, split_num is 0
Training epoch 0 | loss: 0.39844 - accuracy: 0.80101
Validating epoch 0 | loss: 0.44104 - accuracy: 0.85206
Training epoch 1 | loss: 0.086 - accuracy: 0.97413
Validating epoch 1 | loss: 1.07564 - accuracy: 0.75
Training epoch 2 | loss: 0.03303 - accuracy: 0.9909
Validating epoch 2 | loss: 0.95742 - accuracy: 0.80161
Training epoch 3 | loss: 0.01474 - accuracy: 0.99552
Validating epoch 3 | loss: 0.95632 - accuracy: 0.80619
Model is Bert, dataset is sst, undersample is None, aug mode is synonym, geo is 0.7, pct_usage is None, small_label is 0, small_prop is 0.2, balance_seed is 3, lr is 2e-05, max_epochs is 4, split_num is 0
Training epoch 0 | loss: 0.42107 - accuracy: 0.78945
Validating epoch 0 | loss: 0.43773 - accuracy: 0.84748
Training epoch 1 | loss: 0.10919 - accuracy: 0.96416
Validating epoch 1 | loss: 0.7038 - accuracy: 0.79702
Training epoch 2 | loss: 0.03802 - accuracy: 0.99003
Validating epoch 2 | loss: 0.83283 - accuracy: 0.8039
Training epoch 3 | loss: 0.02413 - accuracy: 0.99422
Validating epoch 3 | loss: 0.86033 - accuracy: 0.80161
Model is Bert, dataset is sst, undersample is None, aug mode is synonym, geo is 0.9, pct_usage is None, small_label is 0, small_prop is 0.2, balance_seed is 3, lr is 2e-05, max_epochs is 4, split_num is 0
Training epoch 0 | loss: 0.41382 - accuracy: 0.78569
Validating epoch 0 | loss: 0.53764 - accuracy: 0.83028
Training epoch 1 | loss: 0.09936 - accuracy: 0.97052
Validating epoch 1 | loss: 0.58993 - accuracy: 0.84289
Training epoch 2 | loss: 0.03161 - accuracy: 0.99205
Validating epoch 2 | loss: 0.90539 - accuracy: 0.77638
Training epoch 3 | loss: 0.014 - accuracy: 0.9961
Validating epoch 3 | loss: 0.83219 - accuracy: 0.81078
Model is Bert, dataset is sst, undersample is False, aug mode is None, geo is None, pct_usage is None, small_label is 1, small_prop is 0.2, balance_seed is 3, lr is 2e-05, max_epochs is 4, split_num is 0
Training epoch 0 | loss: 0.39265 - accuracy: 0.80361
Validating epoch 0 | loss: 0.39737 - accuracy: 0.84862
Training epoch 1 | loss: 0.08383 - accuracy: 0.97543
Validating epoch 1 | loss: 0.4963 - accuracy: 0.8555
Training epoch 2 | loss: 0.0245 - accuracy: 0.99379
Validating epoch 2 | loss: 0.72497 - accuracy: 0.84633
Training epoch 3 | loss: 0.01123 - accuracy: 0.99754
Validating epoch 3 | loss: 0.71871 - accuracy: 0.85206
Model is Bert, dataset is sst, undersample is True, aug mode is None, geo is None, pct_usage is None, small_label is 1, small_prop is 0.2, balance_seed is 3, lr is 2e-05, max_epochs is 4, split_num is 0
Training epoch 0 | loss: 0.3396 - accuracy: 0.84249
Validating epoch 0 | loss: 0.43617 - accuracy: 0.84748
Training epoch 1 | loss: 0.02291 - accuracy: 0.99494
Validating epoch 1 | loss: 0.62599 - accuracy: 0.85894
Training epoch 2 | loss: 0.00403 - accuracy: 0.99942
Validating epoch 2 | loss: 0.69481 - accuracy: 0.85665
Training epoch 3 | loss: 0.00176 - accuracy: 1.0
Validating epoch 3 | loss: 0.75302 - accuracy: 0.85665
Model is Bert, dataset is sst, undersample is None, aug mode is synonym, geo is 0.1, pct_usage is None, small_label is 1, small_prop is 0.2, balance_seed is 3, lr is 2e-05, max_epochs is 4, split_num is 0
Training epoch 0 | loss: 0.35515 - accuracy: 0.82283
Validating epoch 0 | loss: 0.40284 - accuracy: 0.84518
Training epoch 1 | loss: 0.09255 - accuracy: 0.96777
Validating epoch 1 | loss: 0.53006 - accuracy: 0.83486
Training epoch 2 | loss: 0.04035 - accuracy: 0.98613
Validating epoch 2 | loss: 0.66549 - accuracy: 0.83257
Training epoch 3 | loss: 0.0181 - accuracy: 0.99538
Validating epoch 3 | loss: 0.69561 - accuracy: 0.83372
Model is Bert, dataset is sst, undersample is None, aug mode is synonym, geo is 0.3, pct_usage is None, small_label is 1, small_prop is 0.2, balance_seed is 3, lr is 2e-05, max_epochs is 4, split_num is 0
Training epoch 0 | loss: 0.43052 - accuracy: 0.7763
Validating epoch 0 | loss: 0.52851 - accuracy: 0.81078
Training epoch 1 | loss: 0.11629 - accuracy: 0.95896
Validating epoch 1 | loss: 0.56489 - accuracy: 0.83372
Training epoch 2 | loss: 0.03814 - accuracy: 0.98931
Validating epoch 2 | loss: 0.70399 - accuracy: 0.82683
Training epoch 3 | loss: 0.02149 - accuracy: 0.99451
Validating epoch 3 | loss: 0.72038 - accuracy: 0.82913
Model is Bert, dataset is sst, undersample is None, aug mode is synonym, geo is 0.5, pct_usage is None, small_label is 1, small_prop is 0.2, balance_seed is 3, lr is 2e-05, max_epochs is 4, split_num is 0
Training epoch 0 | loss: 0.40701 - accuracy: 0.79639
Validating epoch 0 | loss: 0.38367 - accuracy: 0.85665
Training epoch 1 | loss: 0.09405 - accuracy: 0.97139
Validating epoch 1 | loss: 0.52652 - accuracy: 0.84977
Training epoch 2 | loss: 0.03477 - accuracy: 0.98974
Validating epoch 2 | loss: 0.67536 - accuracy: 0.83372
Training epoch 3 | loss: 0.01944 - accuracy: 0.9961
Validating epoch 3 | loss: 0.61781 - accuracy: 0.85665
Model is Bert, dataset is sst, undersample is None, aug mode is synonym, geo is 0.7, pct_usage is None, small_label is 1, small_prop is 0.2, balance_seed is 3, lr is 2e-05, max_epochs is 4, split_num is 0
Training epoch 0 | loss: 0.40008 - accuracy: 0.80361
Validating epoch 0 | loss: 0.47145 - accuracy: 0.84404
Training epoch 1 | loss: 0.07734 - accuracy: 0.97529
Validating epoch 1 | loss: 0.60012 - accuracy: 0.84748
Training epoch 2 | loss: 0.03968 - accuracy: 0.98945
Validating epoch 2 | loss: 0.52705 - accuracy: 0.86697
Training epoch 3 | loss: 0.01913 - accuracy: 0.99408
Validating epoch 3 | loss: 0.59289 - accuracy: 0.84977
Model is Bert, dataset is sst, undersample is None, aug mode is synonym, geo is 0.9, pct_usage is None, small_label is 1, small_prop is 0.2, balance_seed is 3, lr is 2e-05, max_epochs is 4, split_num is 0
Training epoch 0 | loss: 0.39223 - accuracy: 0.8026
Validating epoch 0 | loss: 0.39393 - accuracy: 0.85665
Training epoch 1 | loss: 0.08749 - accuracy: 0.97543
Validating epoch 1 | loss: 0.59028 - accuracy: 0.83716
Training epoch 2 | loss: 0.03391 - accuracy: 0.99263
Validating epoch 2 | loss: 0.63969 - accuracy: 0.84289
Training epoch 3 | loss: 0.01695 - accuracy: 0.9961
Validating epoch 3 | loss: 0.65262 - accuracy: 0.84633
Model is Bert, dataset is sst, undersample is False, aug mode is None, geo is None, pct_usage is None, small_label is 0, small_prop is 0.4, balance_seed is 3, lr is 2e-05, max_epochs is 4, split_num is 0
Training epoch 0 | loss: 0.43509 - accuracy: 0.78064
Validating epoch 0 | loss: 0.37257 - accuracy: 0.84862
Training epoch 1 | loss: 0.12677 - accuracy: 0.95766
Validating epoch 1 | loss: 0.51711 - accuracy: 0.8555
Training epoch 2 | loss: 0.039 - accuracy: 0.98945
Validating epoch 2 | loss: 0.5976 - accuracy: 0.86239
Training epoch 3 | loss: 0.01501 - accuracy: 0.99639
Validating epoch 3 | loss: 0.66209 - accuracy: 0.86124
Model is Bert, dataset is sst, undersample is True, aug mode is None, geo is None, pct_usage is None, small_label is 0, small_prop is 0.4, balance_seed is 3, lr is 2e-05, max_epochs is 4, split_num is 0
Training epoch 0 | loss: 0.39634 - accuracy: 0.81069
Validating epoch 0 | loss: 0.4068 - accuracy: 0.86239
Training epoch 1 | loss: 0.07569 - accuracy: 0.97717
Validating epoch 1 | loss: 0.56421 - accuracy: 0.85436
Training epoch 2 | loss: 0.02107 - accuracy: 0.99552
Validating epoch 2 | loss: 0.57723 - accuracy: 0.87615
Training epoch 3 | loss: 0.01022 - accuracy: 0.99841
Validating epoch 3 | loss: 0.63707 - accuracy: 0.86812
Model is Bert, dataset is sst, undersample is None, aug mode is synonym, geo is 0.1, pct_usage is None, small_label is 0, small_prop is 0.4, balance_seed is 3, lr is 2e-05, max_epochs is 4, split_num is 0
Training epoch 0 | loss: 0.36045 - accuracy: 0.80809
Validating epoch 0 | loss: 0.62142 - accuracy: 0.77867
Training epoch 1 | loss: 0.10823 - accuracy: 0.9578
Validating epoch 1 | loss: 0.80538 - accuracy: 0.74197
Training epoch 2 | loss: 0.05975 - accuracy: 0.97919
Validating epoch 2 | loss: 0.67939 - accuracy: 0.80505
Training epoch 3 | loss: 0.04041 - accuracy: 0.98642
Validating epoch 3 | loss: 0.70056 - accuracy: 0.81651
Model is Bert, dataset is sst, undersample is None, aug mode is synonym, geo is 0.3, pct_usage is None, small_label is 0, small_prop is 0.4, balance_seed is 3, lr is 2e-05, max_epochs is 4, split_num is 0
Training epoch 0 | loss: 0.43144 - accuracy: 0.77688
Validating epoch 0 | loss: 0.54617 - accuracy: 0.78784
Training epoch 1 | loss: 0.13342 - accuracy: 0.95159
Validating epoch 1 | loss: 0.54024 - accuracy: 0.82798
Training epoch 2 | loss: 0.04773 - accuracy: 0.98512
Validating epoch 2 | loss: 0.78743 - accuracy: 0.80963
Training epoch 3 | loss: 0.02461 - accuracy: 0.99335
Validating epoch 3 | loss: 0.72105 - accuracy: 0.83142
Model is Bert, dataset is sst, undersample is None, aug mode is synonym, geo is 0.5, pct_usage is None, small_label is 0, small_prop is 0.4, balance_seed is 3, lr is 2e-05, max_epochs is 4, split_num is 0
Training epoch 0 | loss: 0.41815 - accuracy: 0.79682
Validating epoch 0 | loss: 0.44643 - accuracy: 0.84289
Training epoch 1 | loss: 0.13922 - accuracy: 0.95217
Validating epoch 1 | loss: 0.59364 - accuracy: 0.83257
Training epoch 2 | loss: 0.0505 - accuracy: 0.98512
Validating epoch 2 | loss: 0.64906 - accuracy: 0.84404
Training epoch 3 | loss: 0.03111 - accuracy: 0.99234
Validating epoch 3 | loss: 0.71556 - accuracy: 0.84174
Model is Bert, dataset is sst, undersample is None, aug mode is synonym, geo is 0.7, pct_usage is None, small_label is 0, small_prop is 0.4, balance_seed is 3, lr is 2e-05, max_epochs is 4, split_num is 0
Training epoch 0 | loss: 0.4369 - accuracy: 0.78468
Validating epoch 0 | loss: 0.36667 - accuracy: 0.86124
Training epoch 1 | loss: 0.15245 - accuracy: 0.9474
Validating epoch 1 | loss: 0.45449 - accuracy: 0.85894
Training epoch 2 | loss: 0.05078 - accuracy: 0.98454
Validating epoch 2 | loss: 0.66495 - accuracy: 0.8406
Training epoch 3 | loss: 0.02448 - accuracy: 0.99335
Validating epoch 3 | loss: 0.68187 - accuracy: 0.85206
Model is Bert, dataset is sst, undersample is None, aug mode is synonym, geo is 0.9, pct_usage is None, small_label is 0, small_prop is 0.4, balance_seed is 3, lr is 2e-05, max_epochs is 4, split_num is 0
Training epoch 0 | loss: 0.44714 - accuracy: 0.77803
Validating epoch 0 | loss: 0.37443 - accuracy: 0.87156
Training epoch 1 | loss: 0.15637 - accuracy: 0.94595
Validating epoch 1 | loss: 0.46603 - accuracy: 0.84289
Training epoch 2 | loss: 0.05986 - accuracy: 0.98497
Validating epoch 2 | loss: 0.52032 - accuracy: 0.86583
Training epoch 3 | loss: 0.03297 - accuracy: 0.9935
Validating epoch 3 | loss: 0.59984 - accuracy: 0.8578
Model is Bert, dataset is sst, undersample is False, aug mode is None, geo is None, pct_usage is None, small_label is 1, small_prop is 0.4, balance_seed is 3, lr is 2e-05, max_epochs is 4, split_num is 0
Training epoch 0 | loss: 0.41993 - accuracy: 0.78584
Validating epoch 0 | loss: 0.34449 - accuracy: 0.87271
Training epoch 1 | loss: 0.14134 - accuracy: 0.9513
Validating epoch 1 | loss: 0.38056 - accuracy: 0.87844
Training epoch 2 | loss: 0.04355 - accuracy: 0.98772
Validating epoch 2 | loss: 0.52497 - accuracy: 0.87271
Training epoch 3 | loss: 0.0175 - accuracy: 0.99552
Validating epoch 3 | loss: 0.53035 - accuracy: 0.87615
Model is Bert, dataset is sst, undersample is True, aug mode is None, geo is None, pct_usage is None, small_label is 1, small_prop is 0.4, balance_seed is 3, lr is 2e-05, max_epochs is 4, split_num is 0
Training epoch 0 | loss: 0.41797 - accuracy: 0.79104
Validating epoch 0 | loss: 0.32019 - accuracy: 0.86583
Training epoch 1 | loss: 0.07974 - accuracy: 0.97514
Validating epoch 1 | loss: 0.5034 - accuracy: 0.86927
Training epoch 2 | loss: 0.01508 - accuracy: 0.99639
Validating epoch 2 | loss: 0.57298 - accuracy: 0.87271
Training epoch 3 | loss: 0.00627 - accuracy: 0.99812
Validating epoch 3 | loss: 0.60605 - accuracy: 0.875
Model is Bert, dataset is sst, undersample is None, aug mode is synonym, geo is 0.1, pct_usage is None, small_label is 1, small_prop is 0.4, balance_seed is 3, lr is 2e-05, max_epochs is 4, split_num is 0
Training epoch 0 | loss: 0.36432 - accuracy: 0.82876
Validating epoch 0 | loss: 0.36778 - accuracy: 0.83257
Training epoch 1 | loss: 0.11703 - accuracy: 0.95896
Validating epoch 1 | loss: 0.42724 - accuracy: 0.85436
Training epoch 2 | loss: 0.06226 - accuracy: 0.97847
Validating epoch 2 | loss: 0.50657 - accuracy: 0.8578
Training epoch 3 | loss: 0.03743 - accuracy: 0.98829
Validating epoch 3 | loss: 0.53403 - accuracy: 0.85206
Model is Bert, dataset is sst, undersample is None, aug mode is synonym, geo is 0.3, pct_usage is None, small_label is 1, small_prop is 0.4, balance_seed is 3, lr is 2e-05, max_epochs is 4, split_num is 0
Training epoch 0 | loss: 0.43196 - accuracy: 0.78353
Validating epoch 0 | loss: 0.36284 - accuracy: 0.86468
Training epoch 1 | loss: 0.1601 - accuracy: 0.94306
Validating epoch 1 | loss: 0.3859 - accuracy: 0.86927
Training epoch 2 | loss: 0.06997 - accuracy: 0.97919
Validating epoch 2 | loss: 0.44591 - accuracy: 0.87959
Training epoch 3 | loss: 0.0394 - accuracy: 0.9896
Validating epoch 3 | loss: 0.49379 - accuracy: 0.875
Model is Bert, dataset is sst, undersample is None, aug mode is synonym, geo is 0.5, pct_usage is None, small_label is 1, small_prop is 0.4, balance_seed is 3, lr is 2e-05, max_epochs is 4, split_num is 0
Training epoch 0 | loss: 0.43257 - accuracy: 0.78382
Validating epoch 0 | loss: 0.38292 - accuracy: 0.84748
Training epoch 1 | loss: 0.16372 - accuracy: 0.94046
Validating epoch 1 | loss: 0.4323 - accuracy: 0.85894
Training epoch 2 | loss: 0.06248 - accuracy: 0.97962
Validating epoch 2 | loss: 0.48904 - accuracy: 0.86697
Training epoch 3 | loss: 0.03396 - accuracy: 0.99032
Validating epoch 3 | loss: 0.47619 - accuracy: 0.87615
Model is Bert, dataset is sst, undersample is None, aug mode is synonym, geo is 0.7, pct_usage is None, small_label is 1, small_prop is 0.4, balance_seed is 3, lr is 2e-05, max_epochs is 4, split_num is 0
Training epoch 0 | loss: 0.4604 - accuracy: 0.77832
Validating epoch 0 | loss: 0.31694 - accuracy: 0.87959
Training epoch 1 | loss: 0.16823 - accuracy: 0.94277
Validating epoch 1 | loss: 0.40193 - accuracy: 0.86583
Training epoch 2 | loss: 0.0686 - accuracy: 0.97934
Validating epoch 2 | loss: 0.43799 - accuracy: 0.88188
Training epoch 3 | loss: 0.03304 - accuracy: 0.99191
Validating epoch 3 | loss: 0.48905 - accuracy: 0.88417
Model is Bert, dataset is sst, undersample is None, aug mode is synonym, geo is 0.9, pct_usage is None, small_label is 1, small_prop is 0.4, balance_seed is 3, lr is 2e-05, max_epochs is 4, split_num is 0
Training epoch 0 | loss: 0.42044 - accuracy: 0.80116
Validating epoch 0 | loss: 0.36361 - accuracy: 0.85894
Training epoch 1 | loss: 0.14245 - accuracy: 0.95318
Validating epoch 1 | loss: 0.35503 - accuracy: 0.88073
Training epoch 2 | loss: 0.0488 - accuracy: 0.98555
Validating epoch 2 | loss: 0.49189 - accuracy: 0.875
Training epoch 3 | loss: 0.02481 - accuracy: 0.99422
Validating epoch 3 | loss: 0.50096 - accuracy: 0.88073
Model is Bert, dataset is sst, undersample is False, aug mode is None, geo is None, pct_usage is None, small_label is 0, small_prop is 0.6, balance_seed is 3, lr is 2e-05, max_epochs is 4, split_num is 0
Training epoch 0 | loss: 0.44178 - accuracy: 0.76445
Validating epoch 0 | loss: 0.34696 - accuracy: 0.86239
Training epoch 1 | loss: 0.16538 - accuracy: 0.9396
Validating epoch 1 | loss: 0.39119 - accuracy: 0.86124
Training epoch 2 | loss: 0.05825 - accuracy: 0.98208
Validating epoch 2 | loss: 0.51692 - accuracy: 0.87041
Training epoch 3 | loss: 0.02643 - accuracy: 0.99306
Validating epoch 3 | loss: 0.54556 - accuracy: 0.86697
Model is Bert, dataset is sst, undersample is True, aug mode is None, geo is None, pct_usage is None, small_label is 0, small_prop is 0.6, balance_seed is 3, lr is 2e-05, max_epochs is 4, split_num is 0
Training epoch 0 | loss: 0.40591 - accuracy: 0.7961
Validating epoch 0 | loss: 0.31425 - accuracy: 0.86812
Training epoch 1 | loss: 0.12141 - accuracy: 0.95665
Validating epoch 1 | loss: 0.35954 - accuracy: 0.88761
Training epoch 2 | loss: 0.0328 - accuracy: 0.99133
Validating epoch 2 | loss: 0.45571 - accuracy: 0.88532
Training epoch 3 | loss: 0.01623 - accuracy: 0.99581
Validating epoch 3 | loss: 0.46575 - accuracy: 0.88647
Model is Bert, dataset is sst, undersample is None, aug mode is synonym, geo is 0.1, pct_usage is None, small_label is 0, small_prop is 0.6, balance_seed is 3, lr is 2e-05, max_epochs is 4, split_num is 0
Training epoch 0 | loss: 0.3448 - accuracy: 0.84754
Validating epoch 0 | loss: 0.44341 - accuracy: 0.81422
Training epoch 1 | loss: 0.14492 - accuracy: 0.9461
Validating epoch 1 | loss: 0.59017 - accuracy: 0.77867
Training epoch 2 | loss: 0.07933 - accuracy: 0.97413
Validating epoch 2 | loss: 0.66897 - accuracy: 0.79587
Training epoch 3 | loss: 0.05364 - accuracy: 0.98396
Validating epoch 3 | loss: 0.64467 - accuracy: 0.81537
Model is Bert, dataset is sst, undersample is None, aug mode is synonym, geo is 0.3, pct_usage is None, small_label is 0, small_prop is 0.6, balance_seed is 3, lr is 2e-05, max_epochs is 4, split_num is 0
Training epoch 0 | loss: 0.40195 - accuracy: 0.8065
Validating epoch 0 | loss: 0.35874 - accuracy: 0.8555
Training epoch 1 | loss: 0.15592 - accuracy: 0.94306
Validating epoch 1 | loss: 0.42052 - accuracy: 0.86239
Training epoch 2 | loss: 0.06935 - accuracy: 0.97818
Validating epoch 2 | loss: 0.62008 - accuracy: 0.83601
Training epoch 3 | loss: 0.04131 - accuracy: 0.98699
Validating epoch 3 | loss: 0.58049 - accuracy: 0.84518
Model is Bert, dataset is sst, undersample is None, aug mode is synonym, geo is 0.5, pct_usage is None, small_label is 0, small_prop is 0.6, balance_seed is 3, lr is 2e-05, max_epochs is 4, split_num is 0
Training epoch 0 | loss: 0.44295 - accuracy: 0.76893
Validating epoch 0 | loss: 0.3578 - accuracy: 0.85206
Training epoch 1 | loss: 0.1634 - accuracy: 0.93844
Validating epoch 1 | loss: 0.44918 - accuracy: 0.84633
Training epoch 2 | loss: 0.06075 - accuracy: 0.97934
Validating epoch 2 | loss: 0.56349 - accuracy: 0.85436
Training epoch 3 | loss: 0.03183 - accuracy: 0.99191
Validating epoch 3 | loss: 0.59731 - accuracy: 0.86009
Model is Bert, dataset is sst, undersample is None, aug mode is synonym, geo is 0.7, pct_usage is None, small_label is 0, small_prop is 0.6, balance_seed is 3, lr is 2e-05, max_epochs is 4, split_num is 0
Training epoch 0 | loss: 0.43805 - accuracy: 0.78483
Validating epoch 0 | loss: 0.31927 - accuracy: 0.87385
Training epoch 1 | loss: 0.18669 - accuracy: 0.93107
Validating epoch 1 | loss: 0.41952 - accuracy: 0.8578
Training epoch 2 | loss: 0.08414 - accuracy: 0.97514
Validating epoch 2 | loss: 0.4916 - accuracy: 0.84289
Training epoch 3 | loss: 0.04395 - accuracy: 0.98728
Validating epoch 3 | loss: 0.53368 - accuracy: 0.85436
Model is Bert, dataset is sst, undersample is None, aug mode is synonym, geo is 0.9, pct_usage is None, small_label is 0, small_prop is 0.6, balance_seed is 3, lr is 2e-05, max_epochs is 4, split_num is 0
Training epoch 0 | loss: 0.43192 - accuracy: 0.78208
Validating epoch 0 | loss: 0.30888 - accuracy: 0.87156
Training epoch 1 | loss: 0.15888 - accuracy: 0.94408
Validating epoch 1 | loss: 0.36078 - accuracy: 0.88303
Training epoch 2 | loss: 0.05957 - accuracy: 0.98121
Validating epoch 2 | loss: 0.49333 - accuracy: 0.86468
Training epoch 3 | loss: 0.02953 - accuracy: 0.99176
Validating epoch 3 | loss: 0.52782 - accuracy: 0.87385
Model is Bert, dataset is sst, undersample is False, aug mode is None, geo is None, pct_usage is None, small_label is 1, small_prop is 0.6, balance_seed is 3, lr is 2e-05, max_epochs is 4, split_num is 0
Training epoch 0 | loss: 0.43868 - accuracy: 0.77269
Validating epoch 0 | loss: 0.35498 - accuracy: 0.87959
Training epoch 1 | loss: 0.16769 - accuracy: 0.94075
Validating epoch 1 | loss: 0.36253 - accuracy: 0.87844
Training epoch 2 | loss: 0.06665 - accuracy: 0.97991
Validating epoch 2 | loss: 0.40066 - accuracy: 0.88303
Training epoch 3 | loss: 0.03212 - accuracy: 0.99176
Validating epoch 3 | loss: 0.46595 - accuracy: 0.88188
Model is Bert, dataset is sst, undersample is True, aug mode is None, geo is None, pct_usage is None, small_label is 1, small_prop is 0.6, balance_seed is 3, lr is 2e-05, max_epochs is 4, split_num is 0
Training epoch 0 | loss: 0.4412 - accuracy: 0.77934
Validating epoch 0 | loss: 0.38718 - accuracy: 0.84518
Training epoch 1 | loss: 0.15591 - accuracy: 0.94538
Validating epoch 1 | loss: 0.35354 - accuracy: 0.88073
Training epoch 2 | loss: 0.05713 - accuracy: 0.9854
Validating epoch 2 | loss: 0.46073 - accuracy: 0.87729
Training epoch 3 | loss: 0.02579 - accuracy: 0.99509
Validating epoch 3 | loss: 0.49657 - accuracy: 0.87729
Model is Bert, dataset is sst, undersample is None, aug mode is synonym, geo is 0.1, pct_usage is None, small_label is 1, small_prop is 0.6, balance_seed is 3, lr is 2e-05, max_epochs is 4, split_num is 0
Training epoch 0 | loss: 0.36476 - accuracy: 0.82225
Validating epoch 0 | loss: 0.49738 - accuracy: 0.80619
Training epoch 1 | loss: 0.13633 - accuracy: 0.9513
Validating epoch 1 | loss: 0.39278 - accuracy: 0.85436
Training epoch 2 | loss: 0.07672 - accuracy: 0.97355
Validating epoch 2 | loss: 0.44674 - accuracy: 0.86009
Training epoch 3 | loss: 0.04866 - accuracy: 0.98526
Validating epoch 3 | loss: 0.42413 - accuracy: 0.875
Model is Bert, dataset is sst, undersample is None, aug mode is synonym, geo is 0.3, pct_usage is None, small_label is 1, small_prop is 0.6, balance_seed is 3, lr is 2e-05, max_epochs is 4, split_num is 0
Training epoch 0 | loss: 0.42429 - accuracy: 0.78902
Validating epoch 0 | loss: 0.32804 - accuracy: 0.86697
Training epoch 1 | loss: 0.17634 - accuracy: 0.93396
Validating epoch 1 | loss: 0.34534 - accuracy: 0.87615
Training epoch 2 | loss: 0.08417 - accuracy: 0.97009
Validating epoch 2 | loss: 0.38595 - accuracy: 0.87844
Training epoch 3 | loss: 0.04298 - accuracy: 0.98685
Validating epoch 3 | loss: 0.45473 - accuracy: 0.87959
Model is Bert, dataset is sst, undersample is None, aug mode is synonym, geo is 0.5, pct_usage is None, small_label is 1, small_prop is 0.6, balance_seed is 3, lr is 2e-05, max_epochs is 4, split_num is 0
Training epoch 0 | loss: 0.42605 - accuracy: 0.79566
Validating epoch 0 | loss: 0.32857 - accuracy: 0.88876
Training epoch 1 | loss: 0.17831 - accuracy: 0.93685
Validating epoch 1 | loss: 0.31679 - accuracy: 0.89335
Training epoch 2 | loss: 0.08075 - accuracy: 0.97486
Validating epoch 2 | loss: 0.38967 - accuracy: 0.88532
Training epoch 3 | loss: 0.04594 - accuracy: 0.98656
Validating epoch 3 | loss: 0.43989 - accuracy: 0.88761
Model is Bert, dataset is sst, undersample is None, aug mode is synonym, geo is 0.7, pct_usage is None, small_label is 1, small_prop is 0.6, balance_seed is 3, lr is 2e-05, max_epochs is 4, split_num is 0
Training epoch 0 | loss: 0.44051 - accuracy: 0.78526
Validating epoch 0 | loss: 0.31816 - accuracy: 0.87844
Training epoch 1 | loss: 0.19285 - accuracy: 0.92977
Validating epoch 1 | loss: 0.35402 - accuracy: 0.88647
Training epoch 2 | loss: 0.08597 - accuracy: 0.97312
Validating epoch 2 | loss: 0.35494 - accuracy: 0.89335
Training epoch 3 | loss: 0.05101 - accuracy: 0.98671
Validating epoch 3 | loss: 0.38515 - accuracy: 0.89335
Model is Bert, dataset is sst, undersample is None, aug mode is synonym, geo is 0.9, pct_usage is None, small_label is 1, small_prop is 0.6, balance_seed is 3, lr is 2e-05, max_epochs is 4, split_num is 0
Training epoch 0 | loss: 0.44133 - accuracy: 0.77645
Validating epoch 0 | loss: 0.34338 - accuracy: 0.86009
Training epoch 1 | loss: 0.17996 - accuracy: 0.9341
Validating epoch 1 | loss: 0.33726 - accuracy: 0.87959
Training epoch 2 | loss: 0.06666 - accuracy: 0.9802
Validating epoch 2 | loss: 0.39229 - accuracy: 0.8922
Training epoch 3 | loss: 0.03981 - accuracy: 0.98902
Validating epoch 3 | loss: 0.44026 - accuracy: 0.88761
Model is Bert, dataset is sst, undersample is False, aug mode is None, geo is None, pct_usage is None, small_label is 0, small_prop is 0.8, balance_seed is 3, lr is 2e-05, max_epochs is 4, split_num is 0
Training epoch 0 | loss: 0.43674 - accuracy: 0.78699
Validating epoch 0 | loss: 0.32909 - accuracy: 0.86239
Training epoch 1 | loss: 0.18969 - accuracy: 0.93208
Validating epoch 1 | loss: 0.36087 - accuracy: 0.87156
Training epoch 2 | loss: 0.08113 - accuracy: 0.97442
Validating epoch 2 | loss: 0.39615 - accuracy: 0.875
Training epoch 3 | loss: 0.0379 - accuracy: 0.99061
Validating epoch 3 | loss: 0.47584 - accuracy: 0.87615
Model is Bert, dataset is sst, undersample is True, aug mode is None, geo is None, pct_usage is None, small_label is 0, small_prop is 0.8, balance_seed is 3, lr is 2e-05, max_epochs is 4, split_num is 0
Training epoch 0 | loss: 0.42509 - accuracy: 0.78512
Validating epoch 0 | loss: 0.30513 - accuracy: 0.87844
Training epoch 1 | loss: 0.15828 - accuracy: 0.94422
Validating epoch 1 | loss: 0.31572 - accuracy: 0.89564
Training epoch 2 | loss: 0.06305 - accuracy: 0.98179
Validating epoch 2 | loss: 0.46259 - accuracy: 0.86812
Training epoch 3 | loss: 0.03205 - accuracy: 0.99176
Validating epoch 3 | loss: 0.45332 - accuracy: 0.88532
Model is Bert, dataset is sst, undersample is None, aug mode is synonym, geo is 0.1, pct_usage is None, small_label is 0, small_prop is 0.8, balance_seed is 3, lr is 2e-05, max_epochs is 4, split_num is 0
Training epoch 0 | loss: 0.36615 - accuracy: 0.82659
Validating epoch 0 | loss: 0.59249 - accuracy: 0.76147
Training epoch 1 | loss: 0.14421 - accuracy: 0.94509
Validating epoch 1 | loss: 0.66998 - accuracy: 0.76491
Training epoch 2 | loss: 0.08109 - accuracy: 0.97182
Validating epoch 2 | loss: 0.598 - accuracy: 0.81651
Training epoch 3 | loss: 0.05682 - accuracy: 0.98223
Validating epoch 3 | loss: 0.64819 - accuracy: 0.81422
Model is Bert, dataset is sst, undersample is None, aug mode is synonym, geo is 0.3, pct_usage is None, small_label is 0, small_prop is 0.8, balance_seed is 3, lr is 2e-05, max_epochs is 4, split_num is 0
Training epoch 0 | loss: 0.40912 - accuracy: 0.80361
Validating epoch 0 | loss: 0.51427 - accuracy: 0.8211
Training epoch 1 | loss: 0.18289 - accuracy: 0.92962
Validating epoch 1 | loss: 0.52034 - accuracy: 0.83486
Training epoch 2 | loss: 0.09643 - accuracy: 0.96647
Validating epoch 2 | loss: 0.42594 - accuracy: 0.86697
Training epoch 3 | loss: 0.05823 - accuracy: 0.98396
Validating epoch 3 | loss: 0.50599 - accuracy: 0.86353
Model is Bert, dataset is sst, undersample is None, aug mode is synonym, geo is 0.5, pct_usage is None, small_label is 0, small_prop is 0.8, balance_seed is 3, lr is 2e-05, max_epochs is 4, split_num is 0
Training epoch 0 | loss: 0.4369 - accuracy: 0.77197
Validating epoch 0 | loss: 0.37869 - accuracy: 0.85436
Training epoch 1 | loss: 0.19001 - accuracy: 0.92702
Validating epoch 1 | loss: 0.3962 - accuracy: 0.86353
Training epoch 2 | loss: 0.09273 - accuracy: 0.97009
Validating epoch 2 | loss: 0.48447 - accuracy: 0.86353
Training epoch 3 | loss: 0.04858 - accuracy: 0.98512
Validating epoch 3 | loss: 0.52257 - accuracy: 0.87271
Model is Bert, dataset is sst, undersample is None, aug mode is synonym, geo is 0.7, pct_usage is None, small_label is 0, small_prop is 0.8, balance_seed is 3, lr is 2e-05, max_epochs is 4, split_num is 0
Training epoch 0 | loss: 0.44623 - accuracy: 0.76474
Validating epoch 0 | loss: 0.33674 - accuracy: 0.87156
Training epoch 1 | loss: 0.19569 - accuracy: 0.92717
Validating epoch 1 | loss: 0.37025 - accuracy: 0.86239
Training epoch 2 | loss: 0.08784 - accuracy: 0.97168
Validating epoch 2 | loss: 0.42744 - accuracy: 0.86812
Training epoch 3 | loss: 0.0459 - accuracy: 0.98743
Validating epoch 3 | loss: 0.48894 - accuracy: 0.87271
Model is Bert, dataset is sst, undersample is None, aug mode is synonym, geo is 0.9, pct_usage is None, small_label is 0, small_prop is 0.8, balance_seed is 3, lr is 2e-05, max_epochs is 4, split_num is 0
Training epoch 0 | loss: 0.443 - accuracy: 0.77775
Validating epoch 0 | loss: 0.30806 - accuracy: 0.87041
Training epoch 1 | loss: 0.19225 - accuracy: 0.9302
Validating epoch 1 | loss: 0.32811 - accuracy: 0.87729
Training epoch 2 | loss: 0.0849 - accuracy: 0.97124
Validating epoch 2 | loss: 0.40759 - accuracy: 0.87615
Training epoch 3 | loss: 0.03987 - accuracy: 0.98844
Validating epoch 3 | loss: 0.46309 - accuracy: 0.87615
Model is Bert, dataset is sst, undersample is False, aug mode is None, geo is None, pct_usage is None, small_label is 1, small_prop is 0.8, balance_seed is 3, lr is 2e-05, max_epochs is 4, split_num is 0
Training epoch 0 | loss: 0.45218 - accuracy: 0.77775
Validating epoch 0 | loss: 0.3268 - accuracy: 0.87156
Training epoch 1 | loss: 0.20156 - accuracy: 0.92962
Validating epoch 1 | loss: 0.33879 - accuracy: 0.87271
Training epoch 2 | loss: 0.09194 - accuracy: 0.97081
Validating epoch 2 | loss: 0.42386 - accuracy: 0.87959
Training epoch 3 | loss: 0.04596 - accuracy: 0.98786
Validating epoch 3 | loss: 0.44335 - accuracy: 0.87959
Model is Bert, dataset is sst, undersample is True, aug mode is None, geo is None, pct_usage is None, small_label is 1, small_prop is 0.8, balance_seed is 3, lr is 2e-05, max_epochs is 4, split_num is 0
Training epoch 0 | loss: 0.46671 - accuracy: 0.75564
Validating epoch 0 | loss: 0.33395 - accuracy: 0.86697
Training epoch 1 | loss: 0.19209 - accuracy: 0.93223
Validating epoch 1 | loss: 0.32456 - accuracy: 0.87615
Training epoch 2 | loss: 0.0894 - accuracy: 0.9724
Validating epoch 2 | loss: 0.40434 - accuracy: 0.87729
Training epoch 3 | loss: 0.04632 - accuracy: 0.98815
Validating epoch 3 | loss: 0.44738 - accuracy: 0.88417
Model is Bert, dataset is sst, undersample is None, aug mode is synonym, geo is 0.1, pct_usage is None, small_label is 1, small_prop is 0.8, balance_seed is 3, lr is 2e-05, max_epochs is 4, split_num is 0
Training epoch 0 | loss: 0.37454 - accuracy: 0.81127
Validating epoch 0 | loss: 0.39813 - accuracy: 0.83372
Training epoch 1 | loss: 0.13203 - accuracy: 0.95029
Validating epoch 1 | loss: 0.4142 - accuracy: 0.85321
Training epoch 2 | loss: 0.07671 - accuracy: 0.97384
Validating epoch 2 | loss: 0.47051 - accuracy: 0.84289
Training epoch 3 | loss: 0.05212 - accuracy: 0.98439
Validating epoch 3 | loss: 0.40134 - accuracy: 0.87729
Model is Bert, dataset is sst, undersample is None, aug mode is synonym, geo is 0.3, pct_usage is None, small_label is 1, small_prop is 0.8, balance_seed is 3, lr is 2e-05, max_epochs is 4, split_num is 0
Training epoch 0 | loss: 0.4422 - accuracy: 0.77934
Validating epoch 0 | loss: 0.29878 - accuracy: 0.88532
Training epoch 1 | loss: 0.19276 - accuracy: 0.92789
Validating epoch 1 | loss: 0.29234 - accuracy: 0.88532
Training epoch 2 | loss: 0.10027 - accuracy: 0.9659
Validating epoch 2 | loss: 0.36589 - accuracy: 0.88761
Training epoch 3 | loss: 0.05986 - accuracy: 0.9828
Validating epoch 3 | loss: 0.36717 - accuracy: 0.88991
Model is Bert, dataset is sst, undersample is None, aug mode is synonym, geo is 0.5, pct_usage is None, small_label is 1, small_prop is 0.8, balance_seed is 3, lr is 2e-05, max_epochs is 4, split_num is 0
Training epoch 0 | loss: 0.43447 - accuracy: 0.7802
Validating epoch 0 | loss: 0.31654 - accuracy: 0.86697
Training epoch 1 | loss: 0.19557 - accuracy: 0.92934
Validating epoch 1 | loss: 0.36519 - accuracy: 0.86468
Training epoch 2 | loss: 0.09029 - accuracy: 0.97168
Validating epoch 2 | loss: 0.36387 - accuracy: 0.88532
Training epoch 3 | loss: 0.04823 - accuracy: 0.98728
Validating epoch 3 | loss: 0.40528 - accuracy: 0.89106
Model is Bert, dataset is sst, undersample is None, aug mode is synonym, geo is 0.7, pct_usage is None, small_label is 1, small_prop is 0.8, balance_seed is 3, lr is 2e-05, max_epochs is 4, split_num is 0
Training epoch 0 | loss: 0.43954 - accuracy: 0.77861
Validating epoch 0 | loss: 0.31315 - accuracy: 0.88303
Training epoch 1 | loss: 0.18564 - accuracy: 0.9315
Validating epoch 1 | loss: 0.32686 - accuracy: 0.88303
Training epoch 2 | loss: 0.09012 - accuracy: 0.97038
Validating epoch 2 | loss: 0.37834 - accuracy: 0.88417
Training epoch 3 | loss: 0.04617 - accuracy: 0.98584
Validating epoch 3 | loss: 0.42741 - accuracy: 0.8922
Model is Bert, dataset is sst, undersample is None, aug mode is synonym, geo is 0.9, pct_usage is None, small_label is 1, small_prop is 0.8, balance_seed is 3, lr is 2e-05, max_epochs is 4, split_num is 0
Training epoch 0 | loss: 0.45627 - accuracy: 0.77486
Validating epoch 0 | loss: 0.30775 - accuracy: 0.87271
Training epoch 1 | loss: 0.19864 - accuracy: 0.92457
Validating epoch 1 | loss: 0.2997 - accuracy: 0.88761
Training epoch 2 | loss: 0.09112 - accuracy: 0.97038
Validating epoch 2 | loss: 0.36019 - accuracy: 0.88647
Training epoch 3 | loss: 0.04733 - accuracy: 0.98671
Validating epoch 3 | loss: 0.39915 - accuracy: 0.89335
