Model is Bert, dataset is sst, undersample is False, aug mode is None, geo is None, pct_usage is None, small_label is 0, small_prop is 0.2, balance_seed is 4, lr is 2e-05, max_epochs is 4, split_num is 0
Training epoch 0 | loss: 0.39904 - accuracy: 0.78916
Validating epoch 0 | loss: 0.36865 - accuracy: 0.86239
Training epoch 1 | loss: 0.07342 - accuracy: 0.97673
Validating epoch 1 | loss: 0.82554 - accuracy: 0.8039
Training epoch 2 | loss: 0.02055 - accuracy: 0.99393
Validating epoch 2 | loss: 0.94658 - accuracy: 0.79587
Training epoch 3 | loss: 0.00747 - accuracy: 0.99855
Validating epoch 3 | loss: 0.97715 - accuracy: 0.79817
Model is Bert, dataset is sst, undersample is True, aug mode is None, geo is None, pct_usage is None, small_label is 0, small_prop is 0.2, balance_seed is 4, lr is 2e-05, max_epochs is 4, split_num is 0
Training epoch 0 | loss: 0.33247 - accuracy: 0.83483
Validating epoch 0 | loss: 0.4683 - accuracy: 0.8555
Training epoch 1 | loss: 0.02178 - accuracy: 0.99364
Validating epoch 1 | loss: 0.59408 - accuracy: 0.85894
Training epoch 2 | loss: 0.00304 - accuracy: 0.99957
Validating epoch 2 | loss: 0.69749 - accuracy: 0.86239
Training epoch 3 | loss: 0.00133 - accuracy: 0.99986
Validating epoch 3 | loss: 0.72665 - accuracy: 0.86239
Model is Bert, dataset is sst, undersample is None, aug mode is synonym, geo is 0.1, pct_usage is None, small_label is 0, small_prop is 0.2, balance_seed is 4, lr is 2e-05, max_epochs is 4, split_num is 0
Training epoch 0 | loss: 0.35013 - accuracy: 0.82832
Validating epoch 0 | loss: 0.62204 - accuracy: 0.75
Training epoch 1 | loss: 0.09225 - accuracy: 0.96633
Validating epoch 1 | loss: 0.94045 - accuracy: 0.70528
Training epoch 2 | loss: 0.03648 - accuracy: 0.98801
Validating epoch 2 | loss: 0.80937 - accuracy: 0.77179
Training epoch 3 | loss: 0.01421 - accuracy: 0.99595
Validating epoch 3 | loss: 0.96699 - accuracy: 0.76606
Model is Bert, dataset is sst, undersample is None, aug mode is synonym, geo is 0.3, pct_usage is None, small_label is 0, small_prop is 0.2, balance_seed is 4, lr is 2e-05, max_epochs is 4, split_num is 0
Training epoch 0 | loss: 0.37632 - accuracy: 0.80694
Validating epoch 0 | loss: 0.61349 - accuracy: 0.78555
Training epoch 1 | loss: 0.08939 - accuracy: 0.96749
Validating epoch 1 | loss: 0.76208 - accuracy: 0.78784
Training epoch 2 | loss: 0.02543 - accuracy: 0.99364
Validating epoch 2 | loss: 0.92033 - accuracy: 0.79014
Training epoch 3 | loss: 0.01286 - accuracy: 0.99595
Validating epoch 3 | loss: 0.98639 - accuracy: 0.78784
Model is Bert, dataset is sst, undersample is None, aug mode is synonym, geo is 0.5, pct_usage is None, small_label is 0, small_prop is 0.2, balance_seed is 4, lr is 2e-05, max_epochs is 4, split_num is 0
Training epoch 0 | loss: 0.38115 - accuracy: 0.81243
Validating epoch 0 | loss: 0.46303 - accuracy: 0.83257
Training epoch 1 | loss: 0.0917 - accuracy: 0.96864
Validating epoch 1 | loss: 0.82452 - accuracy: 0.78555
Training epoch 2 | loss: 0.02871 - accuracy: 0.9909
Validating epoch 2 | loss: 0.96762 - accuracy: 0.79128
Training epoch 3 | loss: 0.01325 - accuracy: 0.99668
Validating epoch 3 | loss: 0.97115 - accuracy: 0.79587
Model is Bert, dataset is sst, undersample is None, aug mode is synonym, geo is 0.7, pct_usage is None, small_label is 0, small_prop is 0.2, balance_seed is 4, lr is 2e-05, max_epochs is 4, split_num is 0
Training epoch 0 | loss: 0.41862 - accuracy: 0.78685
Validating epoch 0 | loss: 0.37797 - accuracy: 0.85665
Training epoch 1 | loss: 0.10726 - accuracy: 0.96214
Validating epoch 1 | loss: 0.78388 - accuracy: 0.79128
Training epoch 2 | loss: 0.0338 - accuracy: 0.99032
Validating epoch 2 | loss: 0.94306 - accuracy: 0.78555
Training epoch 3 | loss: 0.0227 - accuracy: 0.99494
Validating epoch 3 | loss: 0.82026 - accuracy: 0.82569
Model is Bert, dataset is sst, undersample is None, aug mode is synonym, geo is 0.9, pct_usage is None, small_label is 0, small_prop is 0.2, balance_seed is 4, lr is 2e-05, max_epochs is 4, split_num is 0
Training epoch 0 | loss: 0.41251 - accuracy: 0.79566
Validating epoch 0 | loss: 0.5033 - accuracy: 0.81422
Training epoch 1 | loss: 0.09769 - accuracy: 0.96763
Validating epoch 1 | loss: 0.62976 - accuracy: 0.8211
Training epoch 2 | loss: 0.03588 - accuracy: 0.98902
Validating epoch 2 | loss: 0.8815 - accuracy: 0.7844
Training epoch 3 | loss: 0.01482 - accuracy: 0.99711
Validating epoch 3 | loss: 0.82041 - accuracy: 0.80505
Model is Bert, dataset is sst, undersample is False, aug mode is None, geo is None, pct_usage is None, small_label is 1, small_prop is 0.2, balance_seed is 4, lr is 2e-05, max_epochs is 4, split_num is 0
Training epoch 0 | loss: 0.38824 - accuracy: 0.80448
Validating epoch 0 | loss: 0.35759 - accuracy: 0.86812
Training epoch 1 | loss: 0.067 - accuracy: 0.97991
Validating epoch 1 | loss: 0.50218 - accuracy: 0.85894
Training epoch 2 | loss: 0.01739 - accuracy: 0.99566
Validating epoch 2 | loss: 0.63734 - accuracy: 0.8578
Training epoch 3 | loss: 0.00756 - accuracy: 0.99812
Validating epoch 3 | loss: 0.74792 - accuracy: 0.85206
Model is Bert, dataset is sst, undersample is True, aug mode is None, geo is None, pct_usage is None, small_label is 1, small_prop is 0.2, balance_seed is 4, lr is 2e-05, max_epochs is 4, split_num is 0
Training epoch 0 | loss: 0.33493 - accuracy: 0.83569
Validating epoch 0 | loss: 0.44195 - accuracy: 0.84862
Training epoch 1 | loss: 0.02702 - accuracy: 0.99263
Validating epoch 1 | loss: 0.62054 - accuracy: 0.84289
Training epoch 2 | loss: 0.00618 - accuracy: 0.99928
Validating epoch 2 | loss: 0.73974 - accuracy: 0.84748
Training epoch 3 | loss: 0.00243 - accuracy: 0.99986
Validating epoch 3 | loss: 0.75351 - accuracy: 0.84518
Model is Bert, dataset is sst, undersample is None, aug mode is synonym, geo is 0.1, pct_usage is None, small_label is 1, small_prop is 0.2, balance_seed is 4, lr is 2e-05, max_epochs is 4, split_num is 0
Training epoch 0 | loss: 0.35342 - accuracy: 0.82168
Validating epoch 0 | loss: 0.41742 - accuracy: 0.83372
Training epoch 1 | loss: 0.09719 - accuracy: 0.96358
Validating epoch 1 | loss: 0.56845 - accuracy: 0.82339
Training epoch 2 | loss: 0.04377 - accuracy: 0.98656
Validating epoch 2 | loss: 0.62401 - accuracy: 0.82798
Training epoch 3 | loss: 0.01707 - accuracy: 0.99538
Validating epoch 3 | loss: 0.67192 - accuracy: 0.82913
Model is Bert, dataset is sst, undersample is None, aug mode is synonym, geo is 0.3, pct_usage is None, small_label is 1, small_prop is 0.2, balance_seed is 4, lr is 2e-05, max_epochs is 4, split_num is 0
Training epoch 0 | loss: 0.45492 - accuracy: 0.76387
Validating epoch 0 | loss: 0.41756 - accuracy: 0.82798
Training epoch 1 | loss: 0.1152 - accuracy: 0.95968
Validating epoch 1 | loss: 0.45785 - accuracy: 0.86009
Training epoch 2 | loss: 0.03133 - accuracy: 0.99118
Validating epoch 2 | loss: 0.78881 - accuracy: 0.81422
Training epoch 3 | loss: 0.0164 - accuracy: 0.9961
Validating epoch 3 | loss: 0.62754 - accuracy: 0.84862
Model is Bert, dataset is sst, undersample is None, aug mode is synonym, geo is 0.5, pct_usage is None, small_label is 1, small_prop is 0.2, balance_seed is 4, lr is 2e-05, max_epochs is 4, split_num is 0
Training epoch 0 | loss: 0.39972 - accuracy: 0.79682
Validating epoch 0 | loss: 0.38582 - accuracy: 0.85894
Training epoch 1 | loss: 0.09657 - accuracy: 0.97124
Validating epoch 1 | loss: 0.48565 - accuracy: 0.85665
Training epoch 2 | loss: 0.03543 - accuracy: 0.9896
Validating epoch 2 | loss: 0.5671 - accuracy: 0.85321
Training epoch 3 | loss: 0.02054 - accuracy: 0.99552
Validating epoch 3 | loss: 0.59398 - accuracy: 0.8555
Model is Bert, dataset is sst, undersample is None, aug mode is synonym, geo is 0.7, pct_usage is None, small_label is 1, small_prop is 0.2, balance_seed is 4, lr is 2e-05, max_epochs is 4, split_num is 0
Training epoch 0 | loss: 0.39846 - accuracy: 0.79754
Validating epoch 0 | loss: 0.42718 - accuracy: 0.84174
Training epoch 1 | loss: 0.07391 - accuracy: 0.97746
Validating epoch 1 | loss: 0.5212 - accuracy: 0.86812
Training epoch 2 | loss: 0.02823 - accuracy: 0.99162
Validating epoch 2 | loss: 0.64923 - accuracy: 0.84748
Training epoch 3 | loss: 0.01356 - accuracy: 0.99682
Validating epoch 3 | loss: 0.60471 - accuracy: 0.86468
Model is Bert, dataset is sst, undersample is None, aug mode is synonym, geo is 0.9, pct_usage is None, small_label is 1, small_prop is 0.2, balance_seed is 4, lr is 2e-05, max_epochs is 4, split_num is 0
Training epoch 0 | loss: 0.39016 - accuracy: 0.81069
Validating epoch 0 | loss: 0.39028 - accuracy: 0.85894
Training epoch 1 | loss: 0.09078 - accuracy: 0.97312
Validating epoch 1 | loss: 0.46824 - accuracy: 0.86468
Training epoch 2 | loss: 0.03459 - accuracy: 0.99104
Validating epoch 2 | loss: 0.67869 - accuracy: 0.84174
Training epoch 3 | loss: 0.02009 - accuracy: 0.9961
Validating epoch 3 | loss: 0.64279 - accuracy: 0.84633
Model is Bert, dataset is sst, undersample is False, aug mode is None, geo is None, pct_usage is None, small_label is 0, small_prop is 0.4, balance_seed is 4, lr is 2e-05, max_epochs is 4, split_num is 0
Training epoch 0 | loss: 0.43792 - accuracy: 0.76994
Validating epoch 0 | loss: 0.34488 - accuracy: 0.85321
Training epoch 1 | loss: 0.12397 - accuracy: 0.95535
Validating epoch 1 | loss: 0.4803 - accuracy: 0.85436
Training epoch 2 | loss: 0.03087 - accuracy: 0.99162
Validating epoch 2 | loss: 0.68967 - accuracy: 0.84518
Training epoch 3 | loss: 0.01251 - accuracy: 0.99682
Validating epoch 3 | loss: 0.77436 - accuracy: 0.83945
Model is Bert, dataset is sst, undersample is True, aug mode is None, geo is None, pct_usage is None, small_label is 0, small_prop is 0.4, balance_seed is 4, lr is 2e-05, max_epochs is 4, split_num is 0
Training epoch 0 | loss: 0.38614 - accuracy: 0.81445
Validating epoch 0 | loss: 0.39171 - accuracy: 0.85206
Training epoch 1 | loss: 0.07442 - accuracy: 0.97587
Validating epoch 1 | loss: 0.44501 - accuracy: 0.87615
Training epoch 2 | loss: 0.01596 - accuracy: 0.99581
Validating epoch 2 | loss: 0.54773 - accuracy: 0.86927
Training epoch 3 | loss: 0.00818 - accuracy: 0.99827
Validating epoch 3 | loss: 0.55275 - accuracy: 0.87615
Model is Bert, dataset is sst, undersample is None, aug mode is synonym, geo is 0.1, pct_usage is None, small_label is 0, small_prop is 0.4, balance_seed is 4, lr is 2e-05, max_epochs is 4, split_num is 0
Training epoch 0 | loss: 0.35395 - accuracy: 0.81792
Validating epoch 0 | loss: 0.54766 - accuracy: 0.77752
Training epoch 1 | loss: 0.12504 - accuracy: 0.95303
Validating epoch 1 | loss: 0.58188 - accuracy: 0.79931
Training epoch 2 | loss: 0.05588 - accuracy: 0.9802
Validating epoch 2 | loss: 0.6408 - accuracy: 0.82225
Training epoch 3 | loss: 0.03057 - accuracy: 0.9909
Validating epoch 3 | loss: 0.72629 - accuracy: 0.81995
Model is Bert, dataset is sst, undersample is None, aug mode is synonym, geo is 0.3, pct_usage is None, small_label is 0, small_prop is 0.4, balance_seed is 4, lr is 2e-05, max_epochs is 4, split_num is 0
Training epoch 0 | loss: 0.43076 - accuracy: 0.7802
Validating epoch 0 | loss: 0.357 - accuracy: 0.8578
Training epoch 1 | loss: 0.13984 - accuracy: 0.94884
Validating epoch 1 | loss: 0.49214 - accuracy: 0.8406
Training epoch 2 | loss: 0.05088 - accuracy: 0.98367
Validating epoch 2 | loss: 0.66936 - accuracy: 0.82454
Training epoch 3 | loss: 0.02702 - accuracy: 0.99263
Validating epoch 3 | loss: 0.67654 - accuracy: 0.84174
Model is Bert, dataset is sst, undersample is None, aug mode is synonym, geo is 0.5, pct_usage is None, small_label is 0, small_prop is 0.4, balance_seed is 4, lr is 2e-05, max_epochs is 4, split_num is 0
Training epoch 0 | loss: 0.40975 - accuracy: 0.80303
Validating epoch 0 | loss: 0.53784 - accuracy: 0.80963
Training epoch 1 | loss: 0.14638 - accuracy: 0.95043
Validating epoch 1 | loss: 0.55205 - accuracy: 0.82683
Training epoch 2 | loss: 0.06128 - accuracy: 0.98035
Validating epoch 2 | loss: 0.60562 - accuracy: 0.84518
Training epoch 3 | loss: 0.0318 - accuracy: 0.99292
Validating epoch 3 | loss: 0.68034 - accuracy: 0.8383
Model is Bert, dataset is sst, undersample is None, aug mode is synonym, geo is 0.7, pct_usage is None, small_label is 0, small_prop is 0.4, balance_seed is 4, lr is 2e-05, max_epochs is 4, split_num is 0
Training epoch 0 | loss: 0.43071 - accuracy: 0.78902
Validating epoch 0 | loss: 0.32109 - accuracy: 0.86927
Training epoch 1 | loss: 0.13958 - accuracy: 0.94725
Validating epoch 1 | loss: 0.48964 - accuracy: 0.86583
Training epoch 2 | loss: 0.04705 - accuracy: 0.98613
Validating epoch 2 | loss: 0.62406 - accuracy: 0.85206
Training epoch 3 | loss: 0.02359 - accuracy: 0.99408
Validating epoch 3 | loss: 0.63443 - accuracy: 0.8578
Model is Bert, dataset is sst, undersample is None, aug mode is synonym, geo is 0.9, pct_usage is None, small_label is 0, small_prop is 0.4, balance_seed is 4, lr is 2e-05, max_epochs is 4, split_num is 0
Training epoch 0 | loss: 0.44303 - accuracy: 0.77616
Validating epoch 0 | loss: 0.40186 - accuracy: 0.84977
Training epoch 1 | loss: 0.14751 - accuracy: 0.94841
Validating epoch 1 | loss: 0.50529 - accuracy: 0.84518
Training epoch 2 | loss: 0.05338 - accuracy: 0.98468
Validating epoch 2 | loss: 0.48368 - accuracy: 0.87959
Training epoch 3 | loss: 0.02525 - accuracy: 0.99408
Validating epoch 3 | loss: 0.57149 - accuracy: 0.85436
Model is Bert, dataset is sst, undersample is False, aug mode is None, geo is None, pct_usage is None, small_label is 1, small_prop is 0.4, balance_seed is 4, lr is 2e-05, max_epochs is 4, split_num is 0
Training epoch 0 | loss: 0.42659 - accuracy: 0.78671
Validating epoch 0 | loss: 0.33684 - accuracy: 0.87615
Training epoch 1 | loss: 0.13586 - accuracy: 0.95564
Validating epoch 1 | loss: 0.38348 - accuracy: 0.86927
Training epoch 2 | loss: 0.04277 - accuracy: 0.98858
Validating epoch 2 | loss: 0.44548 - accuracy: 0.87844
Training epoch 3 | loss: 0.02112 - accuracy: 0.99509
Validating epoch 3 | loss: 0.48582 - accuracy: 0.87844
Model is Bert, dataset is sst, undersample is True, aug mode is None, geo is None, pct_usage is None, small_label is 1, small_prop is 0.4, balance_seed is 4, lr is 2e-05, max_epochs is 4, split_num is 0
Training epoch 0 | loss: 0.41624 - accuracy: 0.79118
Validating epoch 0 | loss: 0.32609 - accuracy: 0.87844
Training epoch 1 | loss: 0.10351 - accuracy: 0.96936
Validating epoch 1 | loss: 0.40669 - accuracy: 0.87385
Training epoch 2 | loss: 0.02904 - accuracy: 0.99306
Validating epoch 2 | loss: 0.51493 - accuracy: 0.86927
Training epoch 3 | loss: 0.01286 - accuracy: 0.9974
Validating epoch 3 | loss: 0.56552 - accuracy: 0.86812
Model is Bert, dataset is sst, undersample is None, aug mode is synonym, geo is 0.1, pct_usage is None, small_label is 1, small_prop is 0.4, balance_seed is 4, lr is 2e-05, max_epochs is 4, split_num is 0
Training epoch 0 | loss: 0.3485 - accuracy: 0.83136
Validating epoch 0 | loss: 0.39083 - accuracy: 0.84289
Training epoch 1 | loss: 0.116 - accuracy: 0.95853
Validating epoch 1 | loss: 0.42138 - accuracy: 0.85206
Training epoch 2 | loss: 0.06337 - accuracy: 0.97934
Validating epoch 2 | loss: 0.55382 - accuracy: 0.83028
Training epoch 3 | loss: 0.04158 - accuracy: 0.98642
Validating epoch 3 | loss: 0.46771 - accuracy: 0.86239
Model is Bert, dataset is sst, undersample is None, aug mode is synonym, geo is 0.3, pct_usage is None, small_label is 1, small_prop is 0.4, balance_seed is 4, lr is 2e-05, max_epochs is 4, split_num is 0
Training epoch 0 | loss: 0.43194 - accuracy: 0.78483
Validating epoch 0 | loss: 0.31744 - accuracy: 0.86697
Training epoch 1 | loss: 0.15556 - accuracy: 0.94249
Validating epoch 1 | loss: 0.40035 - accuracy: 0.85436
Training epoch 2 | loss: 0.0643 - accuracy: 0.97991
Validating epoch 2 | loss: 0.43158 - accuracy: 0.875
Training epoch 3 | loss: 0.0367 - accuracy: 0.99017
Validating epoch 3 | loss: 0.45142 - accuracy: 0.87844
Model is Bert, dataset is sst, undersample is None, aug mode is synonym, geo is 0.5, pct_usage is None, small_label is 1, small_prop is 0.4, balance_seed is 4, lr is 2e-05, max_epochs is 4, split_num is 0
Training epoch 0 | loss: 0.43502 - accuracy: 0.78584
Validating epoch 0 | loss: 0.31284 - accuracy: 0.88188
Training epoch 1 | loss: 0.16615 - accuracy: 0.94104
Validating epoch 1 | loss: 0.32317 - accuracy: 0.87959
Training epoch 2 | loss: 0.05755 - accuracy: 0.98237
Validating epoch 2 | loss: 0.42033 - accuracy: 0.88991
Training epoch 3 | loss: 0.03041 - accuracy: 0.99133
Validating epoch 3 | loss: 0.44189 - accuracy: 0.8922
Model is Bert, dataset is sst, undersample is None, aug mode is synonym, geo is 0.7, pct_usage is None, small_label is 1, small_prop is 0.4, balance_seed is 4, lr is 2e-05, max_epochs is 4, split_num is 0
Training epoch 0 | loss: 0.44369 - accuracy: 0.7828
Validating epoch 0 | loss: 0.30794 - accuracy: 0.87156
Training epoch 1 | loss: 0.16161 - accuracy: 0.94249
Validating epoch 1 | loss: 0.35406 - accuracy: 0.87844
Training epoch 2 | loss: 0.06141 - accuracy: 0.98338
Validating epoch 2 | loss: 0.42387 - accuracy: 0.88417
Training epoch 3 | loss: 0.03809 - accuracy: 0.99003
Validating epoch 3 | loss: 0.4395 - accuracy: 0.88761
Model is Bert, dataset is sst, undersample is None, aug mode is synonym, geo is 0.9, pct_usage is None, small_label is 1, small_prop is 0.4, balance_seed is 4, lr is 2e-05, max_epochs is 4, split_num is 0
Training epoch 0 | loss: 0.42497 - accuracy: 0.79855
Validating epoch 0 | loss: 0.31905 - accuracy: 0.87385
Training epoch 1 | loss: 0.14308 - accuracy: 0.94783
Validating epoch 1 | loss: 0.37364 - accuracy: 0.88417
Training epoch 2 | loss: 0.04723 - accuracy: 0.98555
Validating epoch 2 | loss: 0.48702 - accuracy: 0.87959
Training epoch 3 | loss: 0.02051 - accuracy: 0.99523
Validating epoch 3 | loss: 0.50093 - accuracy: 0.88417
Model is Bert, dataset is sst, undersample is False, aug mode is None, geo is None, pct_usage is None, small_label is 0, small_prop is 0.6, balance_seed is 4, lr is 2e-05, max_epochs is 4, split_num is 0
Training epoch 0 | loss: 0.45168 - accuracy: 0.75246
Validating epoch 0 | loss: 0.35475 - accuracy: 0.8555
Training epoch 1 | loss: 0.15977 - accuracy: 0.94075
Validating epoch 1 | loss: 0.45787 - accuracy: 0.84404
Training epoch 2 | loss: 0.05786 - accuracy: 0.9815
Validating epoch 2 | loss: 0.53407 - accuracy: 0.87041
Training epoch 3 | loss: 0.02627 - accuracy: 0.99306
Validating epoch 3 | loss: 0.51807 - accuracy: 0.87385
Model is Bert, dataset is sst, undersample is True, aug mode is None, geo is None, pct_usage is None, small_label is 0, small_prop is 0.6, balance_seed is 4, lr is 2e-05, max_epochs is 4, split_num is 0
Training epoch 0 | loss: 0.40984 - accuracy: 0.79075
Validating epoch 0 | loss: 0.32651 - accuracy: 0.88188
Training epoch 1 | loss: 0.10415 - accuracy: 0.96358
Validating epoch 1 | loss: 0.4216 - accuracy: 0.87959
Training epoch 2 | loss: 0.02768 - accuracy: 0.99321
Validating epoch 2 | loss: 0.56341 - accuracy: 0.86927
Training epoch 3 | loss: 0.0121 - accuracy: 0.99769
Validating epoch 3 | loss: 0.56689 - accuracy: 0.87385
Model is Bert, dataset is sst, undersample is None, aug mode is synonym, geo is 0.1, pct_usage is None, small_label is 0, small_prop is 0.6, balance_seed is 4, lr is 2e-05, max_epochs is 4, split_num is 0
Training epoch 0 | loss: 0.34055 - accuracy: 0.85
Validating epoch 0 | loss: 0.50934 - accuracy: 0.80505
Training epoch 1 | loss: 0.13154 - accuracy: 0.95058
Validating epoch 1 | loss: 0.8689 - accuracy: 0.72362
Training epoch 2 | loss: 0.07164 - accuracy: 0.97514
Validating epoch 2 | loss: 0.68483 - accuracy: 0.77179
Training epoch 3 | loss: 0.04264 - accuracy: 0.98584
Validating epoch 3 | loss: 0.6618 - accuracy: 0.81307
Model is Bert, dataset is sst, undersample is None, aug mode is synonym, geo is 0.3, pct_usage is None, small_label is 0, small_prop is 0.6, balance_seed is 4, lr is 2e-05, max_epochs is 4, split_num is 0
Training epoch 0 | loss: 0.41163 - accuracy: 0.79653
Validating epoch 0 | loss: 0.349 - accuracy: 0.85894
Training epoch 1 | loss: 0.15684 - accuracy: 0.94234
Validating epoch 1 | loss: 0.4746 - accuracy: 0.85321
Training epoch 2 | loss: 0.07835 - accuracy: 0.97312
Validating epoch 2 | loss: 0.49366 - accuracy: 0.86009
Training epoch 3 | loss: 0.0388 - accuracy: 0.98858
Validating epoch 3 | loss: 0.52593 - accuracy: 0.86468
Model is Bert, dataset is sst, undersample is None, aug mode is synonym, geo is 0.5, pct_usage is None, small_label is 0, small_prop is 0.6, balance_seed is 4, lr is 2e-05, max_epochs is 4, split_num is 0
Training epoch 0 | loss: 0.44238 - accuracy: 0.7672
Validating epoch 0 | loss: 0.33666 - accuracy: 0.86927
Training epoch 1 | loss: 0.16447 - accuracy: 0.93685
Validating epoch 1 | loss: 0.42027 - accuracy: 0.84518
Training epoch 2 | loss: 0.06319 - accuracy: 0.97977
Validating epoch 2 | loss: 0.56492 - accuracy: 0.8555
Training epoch 3 | loss: 0.03004 - accuracy: 0.99191
Validating epoch 3 | loss: 0.61577 - accuracy: 0.85436
Model is Bert, dataset is sst, undersample is None, aug mode is synonym, geo is 0.7, pct_usage is None, small_label is 0, small_prop is 0.6, balance_seed is 4, lr is 2e-05, max_epochs is 4, split_num is 0
Training epoch 0 | loss: 0.43947 - accuracy: 0.77919
Validating epoch 0 | loss: 0.34067 - accuracy: 0.86812
Training epoch 1 | loss: 0.17316 - accuracy: 0.93598
Validating epoch 1 | loss: 0.40021 - accuracy: 0.86697
Training epoch 2 | loss: 0.07424 - accuracy: 0.97847
Validating epoch 2 | loss: 0.49014 - accuracy: 0.86468
Training epoch 3 | loss: 0.0433 - accuracy: 0.98728
Validating epoch 3 | loss: 0.50317 - accuracy: 0.86697
Model is Bert, dataset is sst, undersample is None, aug mode is synonym, geo is 0.9, pct_usage is None, small_label is 0, small_prop is 0.6, balance_seed is 4, lr is 2e-05, max_epochs is 4, split_num is 0
Training epoch 0 | loss: 0.42507 - accuracy: 0.77645
Validating epoch 0 | loss: 0.30679 - accuracy: 0.87844
Training epoch 1 | loss: 0.16053 - accuracy: 0.94003
Validating epoch 1 | loss: 0.39096 - accuracy: 0.88073
Training epoch 2 | loss: 0.05606 - accuracy: 0.98353
Validating epoch 2 | loss: 0.59954 - accuracy: 0.85321
Training epoch 3 | loss: 0.02847 - accuracy: 0.99234
Validating epoch 3 | loss: 0.56854 - accuracy: 0.87156
Model is Bert, dataset is sst, undersample is False, aug mode is None, geo is None, pct_usage is None, small_label is 1, small_prop is 0.6, balance_seed is 4, lr is 2e-05, max_epochs is 4, split_num is 0
Training epoch 0 | loss: 0.44433 - accuracy: 0.77225
Validating epoch 0 | loss: 0.33103 - accuracy: 0.87271
Training epoch 1 | loss: 0.18128 - accuracy: 0.93382
Validating epoch 1 | loss: 0.33843 - accuracy: 0.88303
Training epoch 2 | loss: 0.07791 - accuracy: 0.97529
Validating epoch 2 | loss: 0.40904 - accuracy: 0.88073
Training epoch 3 | loss: 0.03707 - accuracy: 0.99017
Validating epoch 3 | loss: 0.44149 - accuracy: 0.88303
Model is Bert, dataset is sst, undersample is True, aug mode is None, geo is None, pct_usage is None, small_label is 1, small_prop is 0.6, balance_seed is 4, lr is 2e-05, max_epochs is 4, split_num is 0
Training epoch 0 | loss: 0.45138 - accuracy: 0.77052
Validating epoch 0 | loss: 0.3256 - accuracy: 0.86124
Training epoch 1 | loss: 0.14776 - accuracy: 0.95029
Validating epoch 1 | loss: 0.44459 - accuracy: 0.86124
Training epoch 2 | loss: 0.05429 - accuracy: 0.98786
Validating epoch 2 | loss: 0.46269 - accuracy: 0.87615
Training epoch 3 | loss: 0.03241 - accuracy: 0.9922
Validating epoch 3 | loss: 0.49498 - accuracy: 0.87385
Model is Bert, dataset is sst, undersample is None, aug mode is synonym, geo is 0.1, pct_usage is None, small_label is 1, small_prop is 0.6, balance_seed is 4, lr is 2e-05, max_epochs is 4, split_num is 0
Training epoch 0 | loss: 0.36829 - accuracy: 0.82298
Validating epoch 0 | loss: 0.34865 - accuracy: 0.85321
Training epoch 1 | loss: 0.12311 - accuracy: 0.9539
Validating epoch 1 | loss: 0.36157 - accuracy: 0.86697
Training epoch 2 | loss: 0.07232 - accuracy: 0.97688
Validating epoch 2 | loss: 0.3951 - accuracy: 0.86583
Training epoch 3 | loss: 0.04104 - accuracy: 0.98728
Validating epoch 3 | loss: 0.45084 - accuracy: 0.86697
Model is Bert, dataset is sst, undersample is None, aug mode is synonym, geo is 0.3, pct_usage is None, small_label is 1, small_prop is 0.6, balance_seed is 4, lr is 2e-05, max_epochs is 4, split_num is 0
Training epoch 0 | loss: 0.42304 - accuracy: 0.78728
Validating epoch 0 | loss: 0.35022 - accuracy: 0.85092
Training epoch 1 | loss: 0.17034 - accuracy: 0.93945
Validating epoch 1 | loss: 0.33138 - accuracy: 0.87959
Training epoch 2 | loss: 0.08077 - accuracy: 0.9737
Validating epoch 2 | loss: 0.35825 - accuracy: 0.88532
Training epoch 3 | loss: 0.04627 - accuracy: 0.98613
Validating epoch 3 | loss: 0.40684 - accuracy: 0.87959
Model is Bert, dataset is sst, undersample is None, aug mode is synonym, geo is 0.5, pct_usage is None, small_label is 1, small_prop is 0.6, balance_seed is 4, lr is 2e-05, max_epochs is 4, split_num is 0
Training epoch 0 | loss: 0.42363 - accuracy: 0.79393
Validating epoch 0 | loss: 0.30381 - accuracy: 0.87385
Training epoch 1 | loss: 0.1859 - accuracy: 0.93208
Validating epoch 1 | loss: 0.31633 - accuracy: 0.88073
Training epoch 2 | loss: 0.07935 - accuracy: 0.9776
Validating epoch 2 | loss: 0.38681 - accuracy: 0.88188
Training epoch 3 | loss: 0.05089 - accuracy: 0.98613
Validating epoch 3 | loss: 0.41686 - accuracy: 0.88417
Model is Bert, dataset is sst, undersample is None, aug mode is synonym, geo is 0.7, pct_usage is None, small_label is 1, small_prop is 0.6, balance_seed is 4, lr is 2e-05, max_epochs is 4, split_num is 0
Training epoch 0 | loss: 0.44265 - accuracy: 0.78512
Validating epoch 0 | loss: 0.30839 - accuracy: 0.87959
Training epoch 1 | loss: 0.18526 - accuracy: 0.93223
Validating epoch 1 | loss: 0.34064 - accuracy: 0.89106
Training epoch 2 | loss: 0.08216 - accuracy: 0.97399
Validating epoch 2 | loss: 0.39473 - accuracy: 0.88417
Training epoch 3 | loss: 0.03854 - accuracy: 0.99046
Validating epoch 3 | loss: 0.43893 - accuracy: 0.88073
Model is Bert, dataset is sst, undersample is None, aug mode is synonym, geo is 0.9, pct_usage is None, small_label is 1, small_prop is 0.6, balance_seed is 4, lr is 2e-05, max_epochs is 4, split_num is 0
Training epoch 0 | loss: 0.45783 - accuracy: 0.76546
Validating epoch 0 | loss: 0.3609 - accuracy: 0.87959
Training epoch 1 | loss: 0.17105 - accuracy: 0.9396
Validating epoch 1 | loss: 0.32688 - accuracy: 0.89106
Training epoch 2 | loss: 0.07315 - accuracy: 0.97746
Validating epoch 2 | loss: 0.36724 - accuracy: 0.88876
Training epoch 3 | loss: 0.03733 - accuracy: 0.99061
Validating epoch 3 | loss: 0.41886 - accuracy: 0.88991
Model is Bert, dataset is sst, undersample is False, aug mode is None, geo is None, pct_usage is None, small_label is 0, small_prop is 0.8, balance_seed is 4, lr is 2e-05, max_epochs is 4, split_num is 0
Training epoch 0 | loss: 0.44836 - accuracy: 0.78714
Validating epoch 0 | loss: 0.33125 - accuracy: 0.8578
Training epoch 1 | loss: 0.19301 - accuracy: 0.93035
Validating epoch 1 | loss: 0.33939 - accuracy: 0.87271
Training epoch 2 | loss: 0.08673 - accuracy: 0.97038
Validating epoch 2 | loss: 0.41016 - accuracy: 0.87844
Training epoch 3 | loss: 0.04916 - accuracy: 0.98642
Validating epoch 3 | loss: 0.45359 - accuracy: 0.88303
Model is Bert, dataset is sst, undersample is True, aug mode is None, geo is None, pct_usage is None, small_label is 0, small_prop is 0.8, balance_seed is 4, lr is 2e-05, max_epochs is 4, split_num is 0
Training epoch 0 | loss: 0.43813 - accuracy: 0.77919
Validating epoch 0 | loss: 0.31359 - accuracy: 0.88417
Training epoch 1 | loss: 0.16729 - accuracy: 0.94162
Validating epoch 1 | loss: 0.35907 - accuracy: 0.88188
Training epoch 2 | loss: 0.07178 - accuracy: 0.97832
Validating epoch 2 | loss: 0.41313 - accuracy: 0.87959
Training epoch 3 | loss: 0.03686 - accuracy: 0.99017
Validating epoch 3 | loss: 0.46051 - accuracy: 0.88647
Model is Bert, dataset is sst, undersample is None, aug mode is synonym, geo is 0.1, pct_usage is None, small_label is 0, small_prop is 0.8, balance_seed is 4, lr is 2e-05, max_epochs is 4, split_num is 0
Training epoch 0 | loss: 0.36395 - accuracy: 0.82355
Validating epoch 0 | loss: 0.49109 - accuracy: 0.80734
Training epoch 1 | loss: 0.14775 - accuracy: 0.9422
Validating epoch 1 | loss: 0.5956 - accuracy: 0.80505
Training epoch 2 | loss: 0.08244 - accuracy: 0.97341
Validating epoch 2 | loss: 0.73467 - accuracy: 0.78555
Training epoch 3 | loss: 0.05959 - accuracy: 0.97919
Validating epoch 3 | loss: 0.61142 - accuracy: 0.82339
Model is Bert, dataset is sst, undersample is None, aug mode is synonym, geo is 0.3, pct_usage is None, small_label is 0, small_prop is 0.8, balance_seed is 4, lr is 2e-05, max_epochs is 4, split_num is 0
Training epoch 0 | loss: 0.41717 - accuracy: 0.79783
Validating epoch 0 | loss: 0.38857 - accuracy: 0.84977
Training epoch 1 | loss: 0.18473 - accuracy: 0.92977
Validating epoch 1 | loss: 0.41846 - accuracy: 0.85436
Training epoch 2 | loss: 0.09279 - accuracy: 0.96835
Validating epoch 2 | loss: 0.45739 - accuracy: 0.87271
Training epoch 3 | loss: 0.05422 - accuracy: 0.98425
Validating epoch 3 | loss: 0.51105 - accuracy: 0.86927
Model is Bert, dataset is sst, undersample is None, aug mode is synonym, geo is 0.5, pct_usage is None, small_label is 0, small_prop is 0.8, balance_seed is 4, lr is 2e-05, max_epochs is 4, split_num is 0
Training epoch 0 | loss: 0.45509 - accuracy: 0.76777
Validating epoch 0 | loss: 0.34529 - accuracy: 0.87271
Training epoch 1 | loss: 0.18556 - accuracy: 0.92803
Validating epoch 1 | loss: 0.37906 - accuracy: 0.86812
Training epoch 2 | loss: 0.089 - accuracy: 0.97038
Validating epoch 2 | loss: 0.47687 - accuracy: 0.86697
Training epoch 3 | loss: 0.04868 - accuracy: 0.98642
Validating epoch 3 | loss: 0.4784 - accuracy: 0.87156
Model is Bert, dataset is sst, undersample is None, aug mode is synonym, geo is 0.7, pct_usage is None, small_label is 0, small_prop is 0.8, balance_seed is 4, lr is 2e-05, max_epochs is 4, split_num is 0
Training epoch 0 | loss: 0.46485 - accuracy: 0.7604
Validating epoch 0 | loss: 0.36693 - accuracy: 0.84518
Training epoch 1 | loss: 0.2066 - accuracy: 0.92052
Validating epoch 1 | loss: 0.36896 - accuracy: 0.86697
Training epoch 2 | loss: 0.09687 - accuracy: 0.96749
Validating epoch 2 | loss: 0.426 - accuracy: 0.875
Training epoch 3 | loss: 0.0535 - accuracy: 0.98396
Validating epoch 3 | loss: 0.48164 - accuracy: 0.875
Model is Bert, dataset is sst, undersample is None, aug mode is synonym, geo is 0.9, pct_usage is None, small_label is 0, small_prop is 0.8, balance_seed is 4, lr is 2e-05, max_epochs is 4, split_num is 0
Training epoch 0 | loss: 0.45026 - accuracy: 0.77471
Validating epoch 0 | loss: 0.31993 - accuracy: 0.87729
Training epoch 1 | loss: 0.19952 - accuracy: 0.92572
Validating epoch 1 | loss: 0.3268 - accuracy: 0.88073
Training epoch 2 | loss: 0.10004 - accuracy: 0.96936
Validating epoch 2 | loss: 0.38143 - accuracy: 0.88761
Training epoch 3 | loss: 0.04809 - accuracy: 0.98801
Validating epoch 3 | loss: 0.45048 - accuracy: 0.88188
Model is Bert, dataset is sst, undersample is False, aug mode is None, geo is None, pct_usage is None, small_label is 1, small_prop is 0.8, balance_seed is 4, lr is 2e-05, max_epochs is 4, split_num is 0
Training epoch 0 | loss: 0.44694 - accuracy: 0.77225
Validating epoch 0 | loss: 0.2966 - accuracy: 0.88188
Training epoch 1 | loss: 0.18729 - accuracy: 0.92977
Validating epoch 1 | loss: 0.33076 - accuracy: 0.86697
Training epoch 2 | loss: 0.07664 - accuracy: 0.97572
Validating epoch 2 | loss: 0.41562 - accuracy: 0.88761
Training epoch 3 | loss: 0.03778 - accuracy: 0.99017
Validating epoch 3 | loss: 0.44613 - accuracy: 0.88761
Model is Bert, dataset is sst, undersample is True, aug mode is None, geo is None, pct_usage is None, small_label is 1, small_prop is 0.8, balance_seed is 4, lr is 2e-05, max_epochs is 4, split_num is 0
Training epoch 0 | loss: 0.48491 - accuracy: 0.74176
Validating epoch 0 | loss: 0.38708 - accuracy: 0.83486
Training epoch 1 | loss: 0.20299 - accuracy: 0.925
Validating epoch 1 | loss: 0.3224 - accuracy: 0.87729
Training epoch 2 | loss: 0.08666 - accuracy: 0.97197
Validating epoch 2 | loss: 0.38825 - accuracy: 0.87959
Training epoch 3 | loss: 0.04576 - accuracy: 0.98671
Validating epoch 3 | loss: 0.42297 - accuracy: 0.88417
Model is Bert, dataset is sst, undersample is None, aug mode is synonym, geo is 0.1, pct_usage is None, small_label is 1, small_prop is 0.8, balance_seed is 4, lr is 2e-05, max_epochs is 4, split_num is 0
Training epoch 0 | loss: 0.37414 - accuracy: 0.81156
Validating epoch 0 | loss: 0.36754 - accuracy: 0.84518
Training epoch 1 | loss: 0.13592 - accuracy: 0.94884
Validating epoch 1 | loss: 0.42352 - accuracy: 0.8555
Training epoch 2 | loss: 0.08041 - accuracy: 0.97442
Validating epoch 2 | loss: 0.44994 - accuracy: 0.86124
Training epoch 3 | loss: 0.05378 - accuracy: 0.98208
Validating epoch 3 | loss: 0.41354 - accuracy: 0.87385
Model is Bert, dataset is sst, undersample is None, aug mode is synonym, geo is 0.3, pct_usage is None, small_label is 1, small_prop is 0.8, balance_seed is 4, lr is 2e-05, max_epochs is 4, split_num is 0
Training epoch 0 | loss: 0.46136 - accuracy: 0.76503
Validating epoch 0 | loss: 0.32875 - accuracy: 0.86697
Training epoch 1 | loss: 0.19486 - accuracy: 0.92645
Validating epoch 1 | loss: 0.3062 - accuracy: 0.88761
Training epoch 2 | loss: 0.09887 - accuracy: 0.96633
Validating epoch 2 | loss: 0.35631 - accuracy: 0.88647
Training epoch 3 | loss: 0.05847 - accuracy: 0.98165
Validating epoch 3 | loss: 0.38318 - accuracy: 0.88761
Model is Bert, dataset is sst, undersample is None, aug mode is synonym, geo is 0.5, pct_usage is None, small_label is 1, small_prop is 0.8, balance_seed is 4, lr is 2e-05, max_epochs is 4, split_num is 0
Training epoch 0 | loss: 0.4475 - accuracy: 0.7711
Validating epoch 0 | loss: 0.30976 - accuracy: 0.875
Training epoch 1 | loss: 0.19607 - accuracy: 0.92861
Validating epoch 1 | loss: 0.32548 - accuracy: 0.87959
Training epoch 2 | loss: 0.09472 - accuracy: 0.96951
Validating epoch 2 | loss: 0.33842 - accuracy: 0.89679
Training epoch 3 | loss: 0.05419 - accuracy: 0.98338
Validating epoch 3 | loss: 0.36886 - accuracy: 0.89564
Model is Bert, dataset is sst, undersample is None, aug mode is synonym, geo is 0.7, pct_usage is None, small_label is 1, small_prop is 0.8, balance_seed is 4, lr is 2e-05, max_epochs is 4, split_num is 0
Training epoch 0 | loss: 0.44497 - accuracy: 0.77052
Validating epoch 0 | loss: 0.32057 - accuracy: 0.87041
Training epoch 1 | loss: 0.18821 - accuracy: 0.92948
Validating epoch 1 | loss: 0.31662 - accuracy: 0.89106
Training epoch 2 | loss: 0.08368 - accuracy: 0.97081
Validating epoch 2 | loss: 0.3863 - accuracy: 0.88761
Training epoch 3 | loss: 0.0468 - accuracy: 0.98526
Validating epoch 3 | loss: 0.43218 - accuracy: 0.88417
Model is Bert, dataset is sst, undersample is None, aug mode is synonym, geo is 0.9, pct_usage is None, small_label is 1, small_prop is 0.8, balance_seed is 4, lr is 2e-05, max_epochs is 4, split_num is 0
Training epoch 0 | loss: 0.45028 - accuracy: 0.77702
Validating epoch 0 | loss: 0.28011 - accuracy: 0.88876
Training epoch 1 | loss: 0.1928 - accuracy: 0.92991
Validating epoch 1 | loss: 0.32452 - accuracy: 0.88303
Training epoch 2 | loss: 0.08506 - accuracy: 0.97197
Validating epoch 2 | loss: 0.37513 - accuracy: 0.88991
Training epoch 3 | loss: 0.04162 - accuracy: 0.98916
Validating epoch 3 | loss: 0.41345 - accuracy: 0.89564
