Model is Bert, dataset is sst, undersample is False, aug mode is None, geo is None, pct_usage is None, small_label is 0, small_prop is 0.2, balance_seed is 12, lr is 2e-05, max_epochs is 4, split_num is 0
Training epoch 0 | loss: 0.36614 - accuracy: 0.82095
Validating epoch 0 | loss: 0.37686 - accuracy: 0.87041
Training epoch 1 | loss: 0.06126 - accuracy: 0.98121
Validating epoch 1 | loss: 0.97015 - accuracy: 0.77867
Training epoch 2 | loss: 0.01667 - accuracy: 0.99509
Validating epoch 2 | loss: 0.82906 - accuracy: 0.83028
Training epoch 3 | loss: 0.0076 - accuracy: 0.9987
Validating epoch 3 | loss: 1.03452 - accuracy: 0.80963
Model is Bert, dataset is sst, undersample is True, aug mode is None, geo is None, pct_usage is None, small_label is 0, small_prop is 0.2, balance_seed is 12, lr is 2e-05, max_epochs is 4, split_num is 0
Training epoch 0 | loss: 0.31925 - accuracy: 0.83613
Validating epoch 0 | loss: 0.53717 - accuracy: 0.84977
Training epoch 1 | loss: 0.01254 - accuracy: 0.99697
Validating epoch 1 | loss: 0.75292 - accuracy: 0.85436
Training epoch 2 | loss: 0.00392 - accuracy: 0.99957
Validating epoch 2 | loss: 0.82683 - accuracy: 0.84862
Training epoch 3 | loss: 0.00111 - accuracy: 1.0
Validating epoch 3 | loss: 0.85103 - accuracy: 0.84633
Model is Bert, dataset is sst, undersample is None, aug mode is synonym, geo is 0.1, pct_usage is None, small_label is 0, small_prop is 0.2, balance_seed is 12, lr is 2e-05, max_epochs is 4, split_num is 0
Training epoch 0 | loss: 0.31669 - accuracy: 0.86228
Validating epoch 0 | loss: 0.54388 - accuracy: 0.7867
Training epoch 1 | loss: 0.09022 - accuracy: 0.96749
Validating epoch 1 | loss: 0.86331 - accuracy: 0.75
Training epoch 2 | loss: 0.03582 - accuracy: 0.98844
Validating epoch 2 | loss: 1.0711 - accuracy: 0.73739
Training epoch 3 | loss: 0.01935 - accuracy: 0.99422
Validating epoch 3 | loss: 0.95595 - accuracy: 0.77982
Model is Bert, dataset is sst, undersample is None, aug mode is synonym, geo is 0.3, pct_usage is None, small_label is 0, small_prop is 0.2, balance_seed is 12, lr is 2e-05, max_epochs is 4, split_num is 0
Training epoch 0 | loss: 0.3573 - accuracy: 0.83656
Validating epoch 0 | loss: 0.58713 - accuracy: 0.80275
Training epoch 1 | loss: 0.08413 - accuracy: 0.97124
Validating epoch 1 | loss: 0.91862 - accuracy: 0.76032
Training epoch 2 | loss: 0.02677 - accuracy: 0.99306
Validating epoch 2 | loss: 0.97577 - accuracy: 0.78096
Training epoch 3 | loss: 0.0124 - accuracy: 0.99725
Validating epoch 3 | loss: 1.0493 - accuracy: 0.77179
Model is Bert, dataset is sst, undersample is None, aug mode is synonym, geo is 0.5, pct_usage is None, small_label is 0, small_prop is 0.2, balance_seed is 12, lr is 2e-05, max_epochs is 4, split_num is 0
Training epoch 0 | loss: 0.39368 - accuracy: 0.8104
Validating epoch 0 | loss: 0.38831 - accuracy: 0.84748
Training epoch 1 | loss: 0.09324 - accuracy: 0.97139
Validating epoch 1 | loss: 0.71314 - accuracy: 0.79243
Training epoch 2 | loss: 0.0238 - accuracy: 0.99234
Validating epoch 2 | loss: 0.9228 - accuracy: 0.80161
Training epoch 3 | loss: 0.01266 - accuracy: 0.99595
Validating epoch 3 | loss: 0.93253 - accuracy: 0.80619
Model is Bert, dataset is sst, undersample is None, aug mode is synonym, geo is 0.7, pct_usage is None, small_label is 0, small_prop is 0.2, balance_seed is 12, lr is 2e-05, max_epochs is 4, split_num is 0
Training epoch 0 | loss: 0.38366 - accuracy: 0.81171
Validating epoch 0 | loss: 0.51443 - accuracy: 0.82798
Training epoch 1 | loss: 0.08107 - accuracy: 0.97457
Validating epoch 1 | loss: 0.7286 - accuracy: 0.81422
Training epoch 2 | loss: 0.03067 - accuracy: 0.99234
Validating epoch 2 | loss: 0.85245 - accuracy: 0.81651
Training epoch 3 | loss: 0.01635 - accuracy: 0.99538
Validating epoch 3 | loss: 0.93103 - accuracy: 0.81422
Model is Bert, dataset is sst, undersample is None, aug mode is synonym, geo is 0.9, pct_usage is None, small_label is 0, small_prop is 0.2, balance_seed is 12, lr is 2e-05, max_epochs is 4, split_num is 0
Training epoch 0 | loss: 0.3701 - accuracy: 0.81965
Validating epoch 0 | loss: 0.52568 - accuracy: 0.82683
Training epoch 1 | loss: 0.07389 - accuracy: 0.97832
Validating epoch 1 | loss: 0.6553 - accuracy: 0.83601
Training epoch 2 | loss: 0.02328 - accuracy: 0.99393
Validating epoch 2 | loss: 0.93711 - accuracy: 0.80161
Training epoch 3 | loss: 0.01566 - accuracy: 0.99639
Validating epoch 3 | loss: 0.85837 - accuracy: 0.82225
Model is Bert, dataset is sst, undersample is False, aug mode is None, geo is None, pct_usage is None, small_label is 1, small_prop is 0.2, balance_seed is 12, lr is 2e-05, max_epochs is 4, split_num is 0
Training epoch 0 | loss: 0.37485 - accuracy: 0.82066
Validating epoch 0 | loss: 0.37538 - accuracy: 0.85894
Training epoch 1 | loss: 0.06386 - accuracy: 0.98078
Validating epoch 1 | loss: 0.54645 - accuracy: 0.85092
Training epoch 2 | loss: 0.0198 - accuracy: 0.99566
Validating epoch 2 | loss: 0.75793 - accuracy: 0.84289
Training epoch 3 | loss: 0.00743 - accuracy: 0.99841
Validating epoch 3 | loss: 0.75313 - accuracy: 0.84862
Model is Bert, dataset is sst, undersample is True, aug mode is None, geo is None, pct_usage is None, small_label is 1, small_prop is 0.2, balance_seed is 12, lr is 2e-05, max_epochs is 4, split_num is 0
Training epoch 0 | loss: 0.33 - accuracy: 0.83049
Validating epoch 0 | loss: 0.47143 - accuracy: 0.84977
Training epoch 1 | loss: 0.02184 - accuracy: 0.9948
Validating epoch 1 | loss: 0.69758 - accuracy: 0.84633
Training epoch 2 | loss: 0.00326 - accuracy: 0.99971
Validating epoch 2 | loss: 0.7532 - accuracy: 0.85092
Training epoch 3 | loss: 0.00164 - accuracy: 1.0
Validating epoch 3 | loss: 0.79226 - accuracy: 0.84862
Model is Bert, dataset is sst, undersample is None, aug mode is synonym, geo is 0.1, pct_usage is None, small_label is 1, small_prop is 0.2, balance_seed is 12, lr is 2e-05, max_epochs is 4, split_num is 0
Training epoch 0 | loss: 0.34087 - accuracy: 0.83931
Validating epoch 0 | loss: 0.57303 - accuracy: 0.79243
Training epoch 1 | loss: 0.0961 - accuracy: 0.96705
Validating epoch 1 | loss: 0.64201 - accuracy: 0.81193
Training epoch 2 | loss: 0.0369 - accuracy: 0.98916
Validating epoch 2 | loss: 0.63122 - accuracy: 0.82683
Training epoch 3 | loss: 0.01838 - accuracy: 0.99451
Validating epoch 3 | loss: 0.64766 - accuracy: 0.82913
Model is Bert, dataset is sst, undersample is None, aug mode is synonym, geo is 0.3, pct_usage is None, small_label is 1, small_prop is 0.2, balance_seed is 12, lr is 2e-05, max_epochs is 4, split_num is 0
Training epoch 0 | loss: 0.38936 - accuracy: 0.80506
Validating epoch 0 | loss: 0.37043 - accuracy: 0.85436
Training epoch 1 | loss: 0.10019 - accuracy: 0.96705
Validating epoch 1 | loss: 0.51078 - accuracy: 0.84289
Training epoch 2 | loss: 0.02978 - accuracy: 0.99104
Validating epoch 2 | loss: 0.7351 - accuracy: 0.81307
Training epoch 3 | loss: 0.01654 - accuracy: 0.99595
Validating epoch 3 | loss: 0.58754 - accuracy: 0.85436
Model is Bert, dataset is sst, undersample is None, aug mode is synonym, geo is 0.5, pct_usage is None, small_label is 1, small_prop is 0.2, balance_seed is 12, lr is 2e-05, max_epochs is 4, split_num is 0
Training epoch 0 | loss: 0.4244 - accuracy: 0.79104
Validating epoch 0 | loss: 0.33115 - accuracy: 0.86927
Training epoch 1 | loss: 0.10199 - accuracy: 0.96806
Validating epoch 1 | loss: 0.66273 - accuracy: 0.80505
Training epoch 2 | loss: 0.03291 - accuracy: 0.99162
Validating epoch 2 | loss: 0.60576 - accuracy: 0.85321
Training epoch 3 | loss: 0.02276 - accuracy: 0.99436
Validating epoch 3 | loss: 0.69435 - accuracy: 0.83486
Model is Bert, dataset is sst, undersample is None, aug mode is synonym, geo is 0.7, pct_usage is None, small_label is 1, small_prop is 0.2, balance_seed is 12, lr is 2e-05, max_epochs is 4, split_num is 0
Training epoch 0 | loss: 0.39804 - accuracy: 0.79798
Validating epoch 0 | loss: 0.39565 - accuracy: 0.84862
Training epoch 1 | loss: 0.07902 - accuracy: 0.97514
Validating epoch 1 | loss: 0.5945 - accuracy: 0.83372
Training epoch 2 | loss: 0.02799 - accuracy: 0.99263
Validating epoch 2 | loss: 0.57422 - accuracy: 0.84977
Training epoch 3 | loss: 0.01606 - accuracy: 0.9961
Validating epoch 3 | loss: 0.53992 - accuracy: 0.86239
Model is Bert, dataset is sst, undersample is None, aug mode is synonym, geo is 0.9, pct_usage is None, small_label is 1, small_prop is 0.2, balance_seed is 12, lr is 2e-05, max_epochs is 4, split_num is 0
Training epoch 0 | loss: 0.39058 - accuracy: 0.80824
Validating epoch 0 | loss: 0.38234 - accuracy: 0.8555
Training epoch 1 | loss: 0.08737 - accuracy: 0.97298
Validating epoch 1 | loss: 0.51173 - accuracy: 0.85436
Training epoch 2 | loss: 0.02859 - accuracy: 0.99335
Validating epoch 2 | loss: 0.55294 - accuracy: 0.8578
Training epoch 3 | loss: 0.01301 - accuracy: 0.99697
Validating epoch 3 | loss: 0.66826 - accuracy: 0.84977
Model is Bert, dataset is sst, undersample is False, aug mode is None, geo is None, pct_usage is None, small_label is 0, small_prop is 0.4, balance_seed is 12, lr is 2e-05, max_epochs is 4, split_num is 0
Training epoch 0 | loss: 0.44349 - accuracy: 0.77038
Validating epoch 0 | loss: 0.35112 - accuracy: 0.85894
Training epoch 1 | loss: 0.14928 - accuracy: 0.94942
Validating epoch 1 | loss: 0.45179 - accuracy: 0.85092
Training epoch 2 | loss: 0.05456 - accuracy: 0.98382
Validating epoch 2 | loss: 0.57205 - accuracy: 0.86009
Training epoch 3 | loss: 0.02377 - accuracy: 0.9948
Validating epoch 3 | loss: 0.62694 - accuracy: 0.86583
Model is Bert, dataset is sst, undersample is True, aug mode is None, geo is None, pct_usage is None, small_label is 0, small_prop is 0.4, balance_seed is 12, lr is 2e-05, max_epochs is 4, split_num is 0
Training epoch 0 | loss: 0.37863 - accuracy: 0.82095
Validating epoch 0 | loss: 0.42572 - accuracy: 0.84862
Training epoch 1 | loss: 0.07071 - accuracy: 0.9789
Validating epoch 1 | loss: 0.45385 - accuracy: 0.87729
Training epoch 2 | loss: 0.02176 - accuracy: 0.99523
Validating epoch 2 | loss: 0.54883 - accuracy: 0.87156
Training epoch 3 | loss: 0.01069 - accuracy: 0.99798
Validating epoch 3 | loss: 0.53853 - accuracy: 0.87615
Model is Bert, dataset is sst, undersample is None, aug mode is synonym, geo is 0.1, pct_usage is None, small_label is 0, small_prop is 0.4, balance_seed is 12, lr is 2e-05, max_epochs is 4, split_num is 0
Training epoch 0 | loss: 0.34411 - accuracy: 0.82789
Validating epoch 0 | loss: 0.47705 - accuracy: 0.82569
Training epoch 1 | loss: 0.10966 - accuracy: 0.95896
Validating epoch 1 | loss: 0.60525 - accuracy: 0.81766
Training epoch 2 | loss: 0.06294 - accuracy: 0.97847
Validating epoch 2 | loss: 0.64078 - accuracy: 0.82454
Training epoch 3 | loss: 0.03602 - accuracy: 0.99104
Validating epoch 3 | loss: 0.72859 - accuracy: 0.81537
Model is Bert, dataset is sst, undersample is None, aug mode is synonym, geo is 0.3, pct_usage is None, small_label is 0, small_prop is 0.4, balance_seed is 12, lr is 2e-05, max_epochs is 4, split_num is 0
Training epoch 0 | loss: 0.39835 - accuracy: 0.81503
Validating epoch 0 | loss: 0.4548 - accuracy: 0.82798
Training epoch 1 | loss: 0.15562 - accuracy: 0.94393
Validating epoch 1 | loss: 0.48456 - accuracy: 0.84174
Training epoch 2 | loss: 0.07382 - accuracy: 0.97702
Validating epoch 2 | loss: 0.62556 - accuracy: 0.82339
Training epoch 3 | loss: 0.0357 - accuracy: 0.98931
Validating epoch 3 | loss: 0.67277 - accuracy: 0.83257
Model is Bert, dataset is sst, undersample is None, aug mode is synonym, geo is 0.5, pct_usage is None, small_label is 0, small_prop is 0.4, balance_seed is 12, lr is 2e-05, max_epochs is 4, split_num is 0
Training epoch 0 | loss: 0.41435 - accuracy: 0.80289
Validating epoch 0 | loss: 0.43654 - accuracy: 0.83257
Training epoch 1 | loss: 0.14832 - accuracy: 0.94711
Validating epoch 1 | loss: 0.51173 - accuracy: 0.84518
Training epoch 2 | loss: 0.05936 - accuracy: 0.9815
Validating epoch 2 | loss: 0.68374 - accuracy: 0.83372
Training epoch 3 | loss: 0.02972 - accuracy: 0.99118
Validating epoch 3 | loss: 0.67625 - accuracy: 0.84289
Model is Bert, dataset is sst, undersample is None, aug mode is synonym, geo is 0.7, pct_usage is None, small_label is 0, small_prop is 0.4, balance_seed is 12, lr is 2e-05, max_epochs is 4, split_num is 0
Training epoch 0 | loss: 0.4339 - accuracy: 0.7922
Validating epoch 0 | loss: 0.45447 - accuracy: 0.82225
Training epoch 1 | loss: 0.15453 - accuracy: 0.94538
Validating epoch 1 | loss: 0.49732 - accuracy: 0.84633
Training epoch 2 | loss: 0.05798 - accuracy: 0.98251
Validating epoch 2 | loss: 0.61094 - accuracy: 0.84518
Training epoch 3 | loss: 0.03741 - accuracy: 0.98945
Validating epoch 3 | loss: 0.6316 - accuracy: 0.85092
Model is Bert, dataset is sst, undersample is None, aug mode is synonym, geo is 0.9, pct_usage is None, small_label is 0, small_prop is 0.4, balance_seed is 12, lr is 2e-05, max_epochs is 4, split_num is 0
Training epoch 0 | loss: 0.42903 - accuracy: 0.78497
Validating epoch 0 | loss: 0.32241 - accuracy: 0.87844
Training epoch 1 | loss: 0.13801 - accuracy: 0.95275
Validating epoch 1 | loss: 0.53306 - accuracy: 0.83945
Training epoch 2 | loss: 0.0442 - accuracy: 0.98671
Validating epoch 2 | loss: 0.57627 - accuracy: 0.86583
Training epoch 3 | loss: 0.02463 - accuracy: 0.9935
Validating epoch 3 | loss: 0.65497 - accuracy: 0.8555
Model is Bert, dataset is sst, undersample is False, aug mode is None, geo is None, pct_usage is None, small_label is 1, small_prop is 0.4, balance_seed is 12, lr is 2e-05, max_epochs is 4, split_num is 0
Training epoch 0 | loss: 0.44406 - accuracy: 0.77355
Validating epoch 0 | loss: 0.32888 - accuracy: 0.87156
Training epoch 1 | loss: 0.14407 - accuracy: 0.9526
Validating epoch 1 | loss: 0.3838 - accuracy: 0.87844
Training epoch 2 | loss: 0.05589 - accuracy: 0.98237
Validating epoch 2 | loss: 0.42141 - accuracy: 0.88417
Training epoch 3 | loss: 0.02294 - accuracy: 0.99595
Validating epoch 3 | loss: 0.50094 - accuracy: 0.875
Model is Bert, dataset is sst, undersample is True, aug mode is None, geo is None, pct_usage is None, small_label is 1, small_prop is 0.4, balance_seed is 12, lr is 2e-05, max_epochs is 4, split_num is 0
Training epoch 0 | loss: 0.40289 - accuracy: 0.79697
Validating epoch 0 | loss: 0.32831 - accuracy: 0.87271
Training epoch 1 | loss: 0.07902 - accuracy: 0.97572
Validating epoch 1 | loss: 0.51465 - accuracy: 0.86812
Training epoch 2 | loss: 0.0239 - accuracy: 0.99509
Validating epoch 2 | loss: 0.5494 - accuracy: 0.87271
Training epoch 3 | loss: 0.00997 - accuracy: 0.99841
Validating epoch 3 | loss: 0.57991 - accuracy: 0.87156
Model is Bert, dataset is sst, undersample is None, aug mode is synonym, geo is 0.1, pct_usage is None, small_label is 1, small_prop is 0.4, balance_seed is 12, lr is 2e-05, max_epochs is 4, split_num is 0
Training epoch 0 | loss: 0.35849 - accuracy: 0.82225
Validating epoch 0 | loss: 0.52598 - accuracy: 0.78555
Training epoch 1 | loss: 0.12283 - accuracy: 0.95665
Validating epoch 1 | loss: 0.53783 - accuracy: 0.8211
Training epoch 2 | loss: 0.07161 - accuracy: 0.97775
Validating epoch 2 | loss: 0.51353 - accuracy: 0.84289
Training epoch 3 | loss: 0.03779 - accuracy: 0.98844
Validating epoch 3 | loss: 0.48891 - accuracy: 0.86353
Model is Bert, dataset is sst, undersample is None, aug mode is synonym, geo is 0.3, pct_usage is None, small_label is 1, small_prop is 0.4, balance_seed is 12, lr is 2e-05, max_epochs is 4, split_num is 0
Training epoch 0 | loss: 0.41807 - accuracy: 0.79032
Validating epoch 0 | loss: 0.44944 - accuracy: 0.80849
Training epoch 1 | loss: 0.15758 - accuracy: 0.94393
Validating epoch 1 | loss: 0.42907 - accuracy: 0.85665
Training epoch 2 | loss: 0.06939 - accuracy: 0.97876
Validating epoch 2 | loss: 0.43608 - accuracy: 0.86697
Training epoch 3 | loss: 0.03942 - accuracy: 0.99046
Validating epoch 3 | loss: 0.44016 - accuracy: 0.88188
Model is Bert, dataset is sst, undersample is None, aug mode is synonym, geo is 0.5, pct_usage is None, small_label is 1, small_prop is 0.4, balance_seed is 12, lr is 2e-05, max_epochs is 4, split_num is 0
Training epoch 0 | loss: 0.42867 - accuracy: 0.775
Validating epoch 0 | loss: 0.33082 - accuracy: 0.86812
Training epoch 1 | loss: 0.1406 - accuracy: 0.95014
Validating epoch 1 | loss: 0.34787 - accuracy: 0.88532
Training epoch 2 | loss: 0.04793 - accuracy: 0.98642
Validating epoch 2 | loss: 0.45898 - accuracy: 0.86927
Training epoch 3 | loss: 0.02595 - accuracy: 0.99335
Validating epoch 3 | loss: 0.4631 - accuracy: 0.88073
Model is Bert, dataset is sst, undersample is None, aug mode is synonym, geo is 0.7, pct_usage is None, small_label is 1, small_prop is 0.4, balance_seed is 12, lr is 2e-05, max_epochs is 4, split_num is 0
Training epoch 0 | loss: 0.45473 - accuracy: 0.76431
Validating epoch 0 | loss: 0.32231 - accuracy: 0.87615
Training epoch 1 | loss: 0.16553 - accuracy: 0.94061
Validating epoch 1 | loss: 0.41599 - accuracy: 0.87729
Training epoch 2 | loss: 0.06471 - accuracy: 0.98107
Validating epoch 2 | loss: 0.42588 - accuracy: 0.87959
Training epoch 3 | loss: 0.02928 - accuracy: 0.99335
Validating epoch 3 | loss: 0.47069 - accuracy: 0.87615
Model is Bert, dataset is sst, undersample is None, aug mode is synonym, geo is 0.9, pct_usage is None, small_label is 1, small_prop is 0.4, balance_seed is 12, lr is 2e-05, max_epochs is 4, split_num is 0
Training epoch 0 | loss: 0.41947 - accuracy: 0.79017
Validating epoch 0 | loss: 0.31417 - accuracy: 0.87271
Training epoch 1 | loss: 0.12958 - accuracy: 0.95592
Validating epoch 1 | loss: 0.45085 - accuracy: 0.87615
Training epoch 2 | loss: 0.04322 - accuracy: 0.98786
Validating epoch 2 | loss: 0.4707 - accuracy: 0.88073
Training epoch 3 | loss: 0.02058 - accuracy: 0.99436
Validating epoch 3 | loss: 0.50216 - accuracy: 0.88188
Model is Bert, dataset is sst, undersample is False, aug mode is None, geo is None, pct_usage is None, small_label is 0, small_prop is 0.6, balance_seed is 12, lr is 2e-05, max_epochs is 4, split_num is 0
Training epoch 0 | loss: 0.43152 - accuracy: 0.78699
Validating epoch 0 | loss: 0.37049 - accuracy: 0.8555
Training epoch 1 | loss: 0.1762 - accuracy: 0.93728
Validating epoch 1 | loss: 0.3493 - accuracy: 0.87156
Training epoch 2 | loss: 0.06476 - accuracy: 0.97789
Validating epoch 2 | loss: 0.45383 - accuracy: 0.86927
Training epoch 3 | loss: 0.03044 - accuracy: 0.9922
Validating epoch 3 | loss: 0.52865 - accuracy: 0.87041
Model is Bert, dataset is sst, undersample is True, aug mode is None, geo is None, pct_usage is None, small_label is 0, small_prop is 0.6, balance_seed is 12, lr is 2e-05, max_epochs is 4, split_num is 0
Training epoch 0 | loss: 0.45265 - accuracy: 0.75997
Validating epoch 0 | loss: 0.31354 - accuracy: 0.87385
Training epoch 1 | loss: 0.13494 - accuracy: 0.95246
Validating epoch 1 | loss: 0.39687 - accuracy: 0.88188
Training epoch 2 | loss: 0.04151 - accuracy: 0.98714
Validating epoch 2 | loss: 0.51386 - accuracy: 0.87959
Training epoch 3 | loss: 0.02005 - accuracy: 0.99451
Validating epoch 3 | loss: 0.52532 - accuracy: 0.87729
Model is Bert, dataset is sst, undersample is None, aug mode is synonym, geo is 0.1, pct_usage is None, small_label is 0, small_prop is 0.6, balance_seed is 12, lr is 2e-05, max_epochs is 4, split_num is 0
Training epoch 0 | loss: 0.36684 - accuracy: 0.81474
Validating epoch 0 | loss: 0.44077 - accuracy: 0.82339
Training epoch 1 | loss: 0.13478 - accuracy: 0.95029
Validating epoch 1 | loss: 0.61574 - accuracy: 0.76032
Training epoch 2 | loss: 0.07036 - accuracy: 0.97731
Validating epoch 2 | loss: 0.75076 - accuracy: 0.78899
Training epoch 3 | loss: 0.04746 - accuracy: 0.98454
Validating epoch 3 | loss: 0.66697 - accuracy: 0.82454
Model is Bert, dataset is sst, undersample is None, aug mode is synonym, geo is 0.3, pct_usage is None, small_label is 0, small_prop is 0.6, balance_seed is 12, lr is 2e-05, max_epochs is 4, split_num is 0
Training epoch 0 | loss: 0.40891 - accuracy: 0.79451
Validating epoch 0 | loss: 0.41696 - accuracy: 0.83601
Training epoch 1 | loss: 0.16811 - accuracy: 0.93757
Validating epoch 1 | loss: 0.49653 - accuracy: 0.83372
Training epoch 2 | loss: 0.07523 - accuracy: 0.97428
Validating epoch 2 | loss: 0.58166 - accuracy: 0.8555
Training epoch 3 | loss: 0.04702 - accuracy: 0.98598
Validating epoch 3 | loss: 0.59466 - accuracy: 0.85894
Model is Bert, dataset is sst, undersample is None, aug mode is synonym, geo is 0.5, pct_usage is None, small_label is 0, small_prop is 0.6, balance_seed is 12, lr is 2e-05, max_epochs is 4, split_num is 0
Training epoch 0 | loss: 0.43856 - accuracy: 0.77442
Validating epoch 0 | loss: 0.37063 - accuracy: 0.85436
Training epoch 1 | loss: 0.16973 - accuracy: 0.93743
Validating epoch 1 | loss: 0.42304 - accuracy: 0.8578
Training epoch 2 | loss: 0.06348 - accuracy: 0.98035
Validating epoch 2 | loss: 0.54983 - accuracy: 0.8578
Training epoch 3 | loss: 0.03569 - accuracy: 0.9896
Validating epoch 3 | loss: 0.61001 - accuracy: 0.86353
Model is Bert, dataset is sst, undersample is None, aug mode is synonym, geo is 0.7, pct_usage is None, small_label is 0, small_prop is 0.6, balance_seed is 12, lr is 2e-05, max_epochs is 4, split_num is 0
Training epoch 0 | loss: 0.44522 - accuracy: 0.77168
Validating epoch 0 | loss: 0.35367 - accuracy: 0.85665
Training epoch 1 | loss: 0.16819 - accuracy: 0.9409
Validating epoch 1 | loss: 0.34594 - accuracy: 0.88188
Training epoch 2 | loss: 0.08396 - accuracy: 0.97572
Validating epoch 2 | loss: 0.49867 - accuracy: 0.85894
Training epoch 3 | loss: 0.04545 - accuracy: 0.98786
Validating epoch 3 | loss: 0.54679 - accuracy: 0.85894
Model is Bert, dataset is sst, undersample is None, aug mode is synonym, geo is 0.9, pct_usage is None, small_label is 0, small_prop is 0.6, balance_seed is 12, lr is 2e-05, max_epochs is 4, split_num is 0
Training epoch 0 | loss: 0.43252 - accuracy: 0.78425
Validating epoch 0 | loss: 0.35389 - accuracy: 0.86353
Training epoch 1 | loss: 0.16489 - accuracy: 0.94133
Validating epoch 1 | loss: 0.37282 - accuracy: 0.875
Training epoch 2 | loss: 0.06472 - accuracy: 0.97934
Validating epoch 2 | loss: 0.4678 - accuracy: 0.875
Training epoch 3 | loss: 0.03179 - accuracy: 0.99234
Validating epoch 3 | loss: 0.53884 - accuracy: 0.875
Model is Bert, dataset is sst, undersample is False, aug mode is None, geo is None, pct_usage is None, small_label is 1, small_prop is 0.6, balance_seed is 12, lr is 2e-05, max_epochs is 4, split_num is 0
Training epoch 0 | loss: 0.44344 - accuracy: 0.78338
Validating epoch 0 | loss: 0.32385 - accuracy: 0.87615
Training epoch 1 | loss: 0.17821 - accuracy: 0.93945
Validating epoch 1 | loss: 0.35576 - accuracy: 0.87844
Training epoch 2 | loss: 0.07585 - accuracy: 0.97803
Validating epoch 2 | loss: 0.40186 - accuracy: 0.87959
Training epoch 3 | loss: 0.03659 - accuracy: 0.99176
Validating epoch 3 | loss: 0.43735 - accuracy: 0.87271
Model is Bert, dataset is sst, undersample is True, aug mode is None, geo is None, pct_usage is None, small_label is 1, small_prop is 0.6, balance_seed is 12, lr is 2e-05, max_epochs is 4, split_num is 0
Training epoch 0 | loss: 0.43046 - accuracy: 0.77413
Validating epoch 0 | loss: 0.31419 - accuracy: 0.87959
Training epoch 1 | loss: 0.12656 - accuracy: 0.95853
Validating epoch 1 | loss: 0.39743 - accuracy: 0.875
Training epoch 2 | loss: 0.0366 - accuracy: 0.98974
Validating epoch 2 | loss: 0.52903 - accuracy: 0.875
Training epoch 3 | loss: 0.017 - accuracy: 0.99624
Validating epoch 3 | loss: 0.57284 - accuracy: 0.86583
Model is Bert, dataset is sst, undersample is None, aug mode is synonym, geo is 0.1, pct_usage is None, small_label is 1, small_prop is 0.6, balance_seed is 12, lr is 2e-05, max_epochs is 4, split_num is 0
Training epoch 0 | loss: 0.37137 - accuracy: 0.81561
Validating epoch 0 | loss: 0.41093 - accuracy: 0.82798
Training epoch 1 | loss: 0.14047 - accuracy: 0.94682
Validating epoch 1 | loss: 0.38561 - accuracy: 0.8578
Training epoch 2 | loss: 0.07928 - accuracy: 0.97038
Validating epoch 2 | loss: 0.37998 - accuracy: 0.86583
Training epoch 3 | loss: 0.0493 - accuracy: 0.98468
Validating epoch 3 | loss: 0.40378 - accuracy: 0.86927
Model is Bert, dataset is sst, undersample is None, aug mode is synonym, geo is 0.3, pct_usage is None, small_label is 1, small_prop is 0.6, balance_seed is 12, lr is 2e-05, max_epochs is 4, split_num is 0
Training epoch 0 | loss: 0.44332 - accuracy: 0.77197
Validating epoch 0 | loss: 0.34171 - accuracy: 0.8555
Training epoch 1 | loss: 0.16502 - accuracy: 0.93801
Validating epoch 1 | loss: 0.36399 - accuracy: 0.87959
Training epoch 2 | loss: 0.07247 - accuracy: 0.97457
Validating epoch 2 | loss: 0.41318 - accuracy: 0.87615
Training epoch 3 | loss: 0.03695 - accuracy: 0.98931
Validating epoch 3 | loss: 0.44462 - accuracy: 0.88073
Model is Bert, dataset is sst, undersample is None, aug mode is synonym, geo is 0.5, pct_usage is None, small_label is 1, small_prop is 0.6, balance_seed is 12, lr is 2e-05, max_epochs is 4, split_num is 0
Training epoch 0 | loss: 0.46327 - accuracy: 0.76488
Validating epoch 0 | loss: 0.29778 - accuracy: 0.88417
Training epoch 1 | loss: 0.18767 - accuracy: 0.93208
Validating epoch 1 | loss: 0.35412 - accuracy: 0.88188
Training epoch 2 | loss: 0.0778 - accuracy: 0.97514
Validating epoch 2 | loss: 0.40152 - accuracy: 0.89679
Training epoch 3 | loss: 0.04289 - accuracy: 0.98757
Validating epoch 3 | loss: 0.41803 - accuracy: 0.88991
Model is Bert, dataset is sst, undersample is None, aug mode is synonym, geo is 0.7, pct_usage is None, small_label is 1, small_prop is 0.6, balance_seed is 12, lr is 2e-05, max_epochs is 4, split_num is 0
Training epoch 0 | loss: 0.46101 - accuracy: 0.77182
Validating epoch 0 | loss: 0.31954 - accuracy: 0.86583
Training epoch 1 | loss: 0.20293 - accuracy: 0.92818
Validating epoch 1 | loss: 0.3447 - accuracy: 0.87959
Training epoch 2 | loss: 0.10283 - accuracy: 0.9685
Validating epoch 2 | loss: 0.39492 - accuracy: 0.87615
Training epoch 3 | loss: 0.05731 - accuracy: 0.98425
Validating epoch 3 | loss: 0.39873 - accuracy: 0.875
Model is Bert, dataset is sst, undersample is None, aug mode is synonym, geo is 0.9, pct_usage is None, small_label is 1, small_prop is 0.6, balance_seed is 12, lr is 2e-05, max_epochs is 4, split_num is 0
Training epoch 0 | loss: 0.43489 - accuracy: 0.78179
Validating epoch 0 | loss: 0.31177 - accuracy: 0.87271
Training epoch 1 | loss: 0.1666 - accuracy: 0.94176
Validating epoch 1 | loss: 0.32322 - accuracy: 0.88073
Training epoch 2 | loss: 0.06366 - accuracy: 0.98136
Validating epoch 2 | loss: 0.40206 - accuracy: 0.88188
Training epoch 3 | loss: 0.03613 - accuracy: 0.99075
Validating epoch 3 | loss: 0.40545 - accuracy: 0.88303
Model is Bert, dataset is sst, undersample is False, aug mode is None, geo is None, pct_usage is None, small_label is 0, small_prop is 0.8, balance_seed is 12, lr is 2e-05, max_epochs is 4, split_num is 0
Training epoch 0 | loss: 0.43109 - accuracy: 0.79176
Validating epoch 0 | loss: 0.29684 - accuracy: 0.87729
Training epoch 1 | loss: 0.18484 - accuracy: 0.93121
Validating epoch 1 | loss: 0.33977 - accuracy: 0.88073
Training epoch 2 | loss: 0.07855 - accuracy: 0.975
Validating epoch 2 | loss: 0.4163 - accuracy: 0.88417
Training epoch 3 | loss: 0.03528 - accuracy: 0.99075
Validating epoch 3 | loss: 0.47805 - accuracy: 0.88073
Model is Bert, dataset is sst, undersample is True, aug mode is None, geo is None, pct_usage is None, small_label is 0, small_prop is 0.8, balance_seed is 12, lr is 2e-05, max_epochs is 4, split_num is 0
Training epoch 0 | loss: 0.42977 - accuracy: 0.80101
Validating epoch 0 | loss: 0.31876 - accuracy: 0.875
Training epoch 1 | loss: 0.1891 - accuracy: 0.93208
Validating epoch 1 | loss: 0.31806 - accuracy: 0.88647
Training epoch 2 | loss: 0.08045 - accuracy: 0.97558
Validating epoch 2 | loss: 0.38663 - accuracy: 0.87959
Training epoch 3 | loss: 0.04334 - accuracy: 0.98988
Validating epoch 3 | loss: 0.44161 - accuracy: 0.87729
Model is Bert, dataset is sst, undersample is None, aug mode is synonym, geo is 0.1, pct_usage is None, small_label is 0, small_prop is 0.8, balance_seed is 12, lr is 2e-05, max_epochs is 4, split_num is 0
Training epoch 0 | loss: 0.36001 - accuracy: 0.82587
Validating epoch 0 | loss: 0.63808 - accuracy: 0.76032
Training epoch 1 | loss: 0.14595 - accuracy: 0.94595
Validating epoch 1 | loss: 0.48802 - accuracy: 0.81078
Training epoch 2 | loss: 0.08874 - accuracy: 0.96763
Validating epoch 2 | loss: 0.58913 - accuracy: 0.79931
Training epoch 3 | loss: 0.05647 - accuracy: 0.98049
Validating epoch 3 | loss: 0.6222 - accuracy: 0.81651
Model is Bert, dataset is sst, undersample is None, aug mode is synonym, geo is 0.3, pct_usage is None, small_label is 0, small_prop is 0.8, balance_seed is 12, lr is 2e-05, max_epochs is 4, split_num is 0
Training epoch 0 | loss: 0.42142 - accuracy: 0.79697
Validating epoch 0 | loss: 0.39752 - accuracy: 0.83716
Training epoch 1 | loss: 0.1671 - accuracy: 0.93627
Validating epoch 1 | loss: 0.45418 - accuracy: 0.84862
Training epoch 2 | loss: 0.08681 - accuracy: 0.97066
Validating epoch 2 | loss: 0.44727 - accuracy: 0.87041
Training epoch 3 | loss: 0.05282 - accuracy: 0.98194
Validating epoch 3 | loss: 0.57267 - accuracy: 0.85436
Model is Bert, dataset is sst, undersample is None, aug mode is synonym, geo is 0.5, pct_usage is None, small_label is 0, small_prop is 0.8, balance_seed is 12, lr is 2e-05, max_epochs is 4, split_num is 0
Training epoch 0 | loss: 0.45798 - accuracy: 0.77009
Validating epoch 0 | loss: 0.36148 - accuracy: 0.85665
Training epoch 1 | loss: 0.20693 - accuracy: 0.9211
Validating epoch 1 | loss: 0.38129 - accuracy: 0.86468
Training epoch 2 | loss: 0.09936 - accuracy: 0.96604
Validating epoch 2 | loss: 0.47305 - accuracy: 0.85321
Training epoch 3 | loss: 0.05651 - accuracy: 0.98194
Validating epoch 3 | loss: 0.52923 - accuracy: 0.85894
Model is Bert, dataset is sst, undersample is None, aug mode is synonym, geo is 0.7, pct_usage is None, small_label is 0, small_prop is 0.8, balance_seed is 12, lr is 2e-05, max_epochs is 4, split_num is 0
Training epoch 0 | loss: 0.44322 - accuracy: 0.78309
Validating epoch 0 | loss: 0.31471 - accuracy: 0.87385
Training epoch 1 | loss: 0.19037 - accuracy: 0.92919
Validating epoch 1 | loss: 0.33397 - accuracy: 0.87844
Training epoch 2 | loss: 0.08898 - accuracy: 0.9711
Validating epoch 2 | loss: 0.43681 - accuracy: 0.87844
Training epoch 3 | loss: 0.05046 - accuracy: 0.98396
Validating epoch 3 | loss: 0.51498 - accuracy: 0.87156
Model is Bert, dataset is sst, undersample is None, aug mode is synonym, geo is 0.9, pct_usage is None, small_label is 0, small_prop is 0.8, balance_seed is 12, lr is 2e-05, max_epochs is 4, split_num is 0
Training epoch 0 | loss: 0.42996 - accuracy: 0.78584
Validating epoch 0 | loss: 0.29893 - accuracy: 0.87729
Training epoch 1 | loss: 0.18968 - accuracy: 0.93078
Validating epoch 1 | loss: 0.33887 - accuracy: 0.87615
Training epoch 2 | loss: 0.08269 - accuracy: 0.97197
Validating epoch 2 | loss: 0.44655 - accuracy: 0.87729
Training epoch 3 | loss: 0.04256 - accuracy: 0.98887
Validating epoch 3 | loss: 0.47354 - accuracy: 0.87959
Model is Bert, dataset is sst, undersample is False, aug mode is None, geo is None, pct_usage is None, small_label is 1, small_prop is 0.8, balance_seed is 12, lr is 2e-05, max_epochs is 4, split_num is 0
Training epoch 0 | loss: 0.44351 - accuracy: 0.77283
Validating epoch 0 | loss: 0.32703 - accuracy: 0.86812
Training epoch 1 | loss: 0.18993 - accuracy: 0.92948
Validating epoch 1 | loss: 0.34018 - accuracy: 0.87156
Training epoch 2 | loss: 0.08415 - accuracy: 0.97269
Validating epoch 2 | loss: 0.40743 - accuracy: 0.88647
Training epoch 3 | loss: 0.04381 - accuracy: 0.98757
Validating epoch 3 | loss: 0.4431 - accuracy: 0.88532
Model is Bert, dataset is sst, undersample is True, aug mode is None, geo is None, pct_usage is None, small_label is 1, small_prop is 0.8, balance_seed is 12, lr is 2e-05, max_epochs is 4, split_num is 0
Training epoch 0 | loss: 0.45421 - accuracy: 0.76098
Validating epoch 0 | loss: 0.3255 - accuracy: 0.86927
Training epoch 1 | loss: 0.19288 - accuracy: 0.92962
Validating epoch 1 | loss: 0.32563 - accuracy: 0.88303
Training epoch 2 | loss: 0.0822 - accuracy: 0.97587
Validating epoch 2 | loss: 0.42375 - accuracy: 0.88303
Training epoch 3 | loss: 0.04176 - accuracy: 0.98829
Validating epoch 3 | loss: 0.45271 - accuracy: 0.88761
Model is Bert, dataset is sst, undersample is None, aug mode is synonym, geo is 0.1, pct_usage is None, small_label is 1, small_prop is 0.8, balance_seed is 12, lr is 2e-05, max_epochs is 4, split_num is 0
Training epoch 0 | loss: 0.37305 - accuracy: 0.81864
Validating epoch 0 | loss: 0.48365 - accuracy: 0.81422
Training epoch 1 | loss: 0.15536 - accuracy: 0.94133
Validating epoch 1 | loss: 0.49653 - accuracy: 0.8211
Training epoch 2 | loss: 0.09192 - accuracy: 0.96647
Validating epoch 2 | loss: 0.47283 - accuracy: 0.85206
Training epoch 3 | loss: 0.05182 - accuracy: 0.98382
Validating epoch 3 | loss: 0.45032 - accuracy: 0.87385
Model is Bert, dataset is sst, undersample is None, aug mode is synonym, geo is 0.3, pct_usage is None, small_label is 1, small_prop is 0.8, balance_seed is 12, lr is 2e-05, max_epochs is 4, split_num is 0
Training epoch 0 | loss: 0.42715 - accuracy: 0.79147
Validating epoch 0 | loss: 0.32225 - accuracy: 0.86583
Training epoch 1 | loss: 0.19901 - accuracy: 0.92861
Validating epoch 1 | loss: 0.31943 - accuracy: 0.88991
Training epoch 2 | loss: 0.12249 - accuracy: 0.95824
Validating epoch 2 | loss: 0.32894 - accuracy: 0.89679
Training epoch 3 | loss: 0.06506 - accuracy: 0.98266
Validating epoch 3 | loss: 0.37246 - accuracy: 0.89106
Model is Bert, dataset is sst, undersample is None, aug mode is synonym, geo is 0.5, pct_usage is None, small_label is 1, small_prop is 0.8, balance_seed is 12, lr is 2e-05, max_epochs is 4, split_num is 0
Training epoch 0 | loss: 0.44858 - accuracy: 0.78208
Validating epoch 0 | loss: 0.31039 - accuracy: 0.87729
Training epoch 1 | loss: 0.21088 - accuracy: 0.92009
Validating epoch 1 | loss: 0.31692 - accuracy: 0.875
Training epoch 2 | loss: 0.10192 - accuracy: 0.96691
Validating epoch 2 | loss: 0.35276 - accuracy: 0.88876
Training epoch 3 | loss: 0.06477 - accuracy: 0.98194
Validating epoch 3 | loss: 0.37524 - accuracy: 0.89564
Model is Bert, dataset is sst, undersample is None, aug mode is synonym, geo is 0.7, pct_usage is None, small_label is 1, small_prop is 0.8, balance_seed is 12, lr is 2e-05, max_epochs is 4, split_num is 0
Training epoch 0 | loss: 0.44741 - accuracy: 0.77688
Validating epoch 0 | loss: 0.30831 - accuracy: 0.87156
Training epoch 1 | loss: 0.19701 - accuracy: 0.92601
Validating epoch 1 | loss: 0.30904 - accuracy: 0.88876
Training epoch 2 | loss: 0.08695 - accuracy: 0.97211
Validating epoch 2 | loss: 0.37385 - accuracy: 0.88761
Training epoch 3 | loss: 0.04656 - accuracy: 0.98728
Validating epoch 3 | loss: 0.41722 - accuracy: 0.88876
Model is Bert, dataset is sst, undersample is None, aug mode is synonym, geo is 0.9, pct_usage is None, small_label is 1, small_prop is 0.8, balance_seed is 12, lr is 2e-05, max_epochs is 4, split_num is 0
Training epoch 0 | loss: 0.43952 - accuracy: 0.79191
Validating epoch 0 | loss: 0.32259 - accuracy: 0.86697
Training epoch 1 | loss: 0.19119 - accuracy: 0.93165
Validating epoch 1 | loss: 0.31432 - accuracy: 0.87959
Training epoch 2 | loss: 0.08421 - accuracy: 0.97442
Validating epoch 2 | loss: 0.40372 - accuracy: 0.88417
Training epoch 3 | loss: 0.04472 - accuracy: 0.98757
Validating epoch 3 | loss: 0.42057 - accuracy: 0.88417
