Model is Bert, dataset is sst, undersample is False, aug mode is None, geo is None, pct_usage is None, small_label is 0, small_prop is 0.2, balance_seed is 23, lr is 2e-05, max_epochs is 4, split_num is 0
Training epoch 0 | loss: 0.40576 - accuracy: 0.79668
Validating epoch 0 | loss: 0.42706 - accuracy: 0.8406
Training epoch 1 | loss: 0.09129 - accuracy: 0.96994
Validating epoch 1 | loss: 0.80097 - accuracy: 0.77982
Training epoch 2 | loss: 0.02449 - accuracy: 0.99408
Validating epoch 2 | loss: 0.92546 - accuracy: 0.7844
Training epoch 3 | loss: 0.01128 - accuracy: 0.99711
Validating epoch 3 | loss: 0.88583 - accuracy: 0.8039
Model is Bert, dataset is sst, undersample is True, aug mode is None, geo is None, pct_usage is None, small_label is 0, small_prop is 0.2, balance_seed is 23, lr is 2e-05, max_epochs is 4, split_num is 0
Training epoch 0 | loss: 0.33512 - accuracy: 0.84061
Validating epoch 0 | loss: 0.51688 - accuracy: 0.84977
Training epoch 1 | loss: 0.0201 - accuracy: 0.99523
Validating epoch 1 | loss: 0.67957 - accuracy: 0.85894
Training epoch 2 | loss: 0.00497 - accuracy: 0.99899
Validating epoch 2 | loss: 0.73369 - accuracy: 0.8578
Training epoch 3 | loss: 0.00183 - accuracy: 0.99986
Validating epoch 3 | loss: 0.74488 - accuracy: 0.86583
Model is Bert, dataset is sst, undersample is None, aug mode is synonym, geo is 0.1, pct_usage is None, small_label is 0, small_prop is 0.2, balance_seed is 23, lr is 2e-05, max_epochs is 4, split_num is 0
Training epoch 0 | loss: 0.32227 - accuracy: 0.85434
Validating epoch 0 | loss: 0.50448 - accuracy: 0.79243
Training epoch 1 | loss: 0.08207 - accuracy: 0.97023
Validating epoch 1 | loss: 0.95253 - accuracy: 0.70413
Training epoch 2 | loss: 0.03269 - accuracy: 0.99061
Validating epoch 2 | loss: 0.95025 - accuracy: 0.74771
Training epoch 3 | loss: 0.01526 - accuracy: 0.99581
Validating epoch 3 | loss: 0.94864 - accuracy: 0.76835
Model is Bert, dataset is sst, undersample is None, aug mode is synonym, geo is 0.3, pct_usage is None, small_label is 0, small_prop is 0.2, balance_seed is 23, lr is 2e-05, max_epochs is 4, split_num is 0
Training epoch 0 | loss: 0.37844 - accuracy: 0.80636
Validating epoch 0 | loss: 0.6975 - accuracy: 0.7695
Training epoch 1 | loss: 0.08427 - accuracy: 0.97312
Validating epoch 1 | loss: 0.75451 - accuracy: 0.80161
Training epoch 2 | loss: 0.02959 - accuracy: 0.98988
Validating epoch 2 | loss: 0.92336 - accuracy: 0.8039
Training epoch 3 | loss: 0.0118 - accuracy: 0.99668
Validating epoch 3 | loss: 1.05577 - accuracy: 0.78211
Model is Bert, dataset is sst, undersample is None, aug mode is synonym, geo is 0.5, pct_usage is None, small_label is 0, small_prop is 0.2, balance_seed is 23, lr is 2e-05, max_epochs is 4, split_num is 0
Training epoch 0 | loss: 0.40225 - accuracy: 0.80058
Validating epoch 0 | loss: 0.53577 - accuracy: 0.82454
Training epoch 1 | loss: 0.08475 - accuracy: 0.97009
Validating epoch 1 | loss: 0.85272 - accuracy: 0.79358
Training epoch 2 | loss: 0.02793 - accuracy: 0.99176
Validating epoch 2 | loss: 0.95321 - accuracy: 0.79587
Training epoch 3 | loss: 0.01592 - accuracy: 0.99509
Validating epoch 3 | loss: 0.98789 - accuracy: 0.79817
Model is Bert, dataset is sst, undersample is None, aug mode is synonym, geo is 0.7, pct_usage is None, small_label is 0, small_prop is 0.2, balance_seed is 23, lr is 2e-05, max_epochs is 4, split_num is 0
Training epoch 0 | loss: 0.39846 - accuracy: 0.79812
Validating epoch 0 | loss: 0.69446 - accuracy: 0.77408
Training epoch 1 | loss: 0.07912 - accuracy: 0.975
Validating epoch 1 | loss: 0.88301 - accuracy: 0.7867
Training epoch 2 | loss: 0.02178 - accuracy: 0.99408
Validating epoch 2 | loss: 1.06346 - accuracy: 0.78784
Training epoch 3 | loss: 0.01255 - accuracy: 0.99653
Validating epoch 3 | loss: 0.96514 - accuracy: 0.81307
Model is Bert, dataset is sst, undersample is None, aug mode is synonym, geo is 0.9, pct_usage is None, small_label is 0, small_prop is 0.2, balance_seed is 23, lr is 2e-05, max_epochs is 4, split_num is 0
Training epoch 0 | loss: 0.38396 - accuracy: 0.80896
Validating epoch 0 | loss: 0.42312 - accuracy: 0.84633
Training epoch 1 | loss: 0.08993 - accuracy: 0.97153
Validating epoch 1 | loss: 0.64398 - accuracy: 0.82798
Training epoch 2 | loss: 0.02701 - accuracy: 0.99306
Validating epoch 2 | loss: 0.91158 - accuracy: 0.80505
Training epoch 3 | loss: 0.0147 - accuracy: 0.99581
Validating epoch 3 | loss: 0.87295 - accuracy: 0.81422
Model is Bert, dataset is sst, undersample is False, aug mode is None, geo is None, pct_usage is None, small_label is 1, small_prop is 0.2, balance_seed is 23, lr is 2e-05, max_epochs is 4, split_num is 0
Training epoch 0 | loss: 0.40759 - accuracy: 0.79162
Validating epoch 0 | loss: 0.40469 - accuracy: 0.8406
Training epoch 1 | loss: 0.07945 - accuracy: 0.97717
Validating epoch 1 | loss: 0.69434 - accuracy: 0.82683
Training epoch 2 | loss: 0.02799 - accuracy: 0.99234
Validating epoch 2 | loss: 0.63843 - accuracy: 0.86124
Training epoch 3 | loss: 0.01086 - accuracy: 0.99798
Validating epoch 3 | loss: 0.7357 - accuracy: 0.84862
Model is Bert, dataset is sst, undersample is True, aug mode is None, geo is None, pct_usage is None, small_label is 1, small_prop is 0.2, balance_seed is 23, lr is 2e-05, max_epochs is 4, split_num is 0
Training epoch 0 | loss: 0.34186 - accuracy: 0.83671
Validating epoch 0 | loss: 0.42733 - accuracy: 0.86009
Training epoch 1 | loss: 0.0267 - accuracy: 0.9948
Validating epoch 1 | loss: 0.67556 - accuracy: 0.82454
Training epoch 2 | loss: 0.01028 - accuracy: 0.9974
Validating epoch 2 | loss: 0.64509 - accuracy: 0.86239
Training epoch 3 | loss: 0.00228 - accuracy: 1.0
Validating epoch 3 | loss: 0.67964 - accuracy: 0.8578
Model is Bert, dataset is sst, undersample is None, aug mode is synonym, geo is 0.1, pct_usage is None, small_label is 1, small_prop is 0.2, balance_seed is 23, lr is 2e-05, max_epochs is 4, split_num is 0
Training epoch 0 | loss: 0.3654 - accuracy: 0.82847
Validating epoch 0 | loss: 0.45825 - accuracy: 0.80505
Training epoch 1 | loss: 0.11457 - accuracy: 0.96214
Validating epoch 1 | loss: 0.61205 - accuracy: 0.80046
Training epoch 2 | loss: 0.0542 - accuracy: 0.98382
Validating epoch 2 | loss: 0.62147 - accuracy: 0.81422
Training epoch 3 | loss: 0.03823 - accuracy: 0.98916
Validating epoch 3 | loss: 0.68858 - accuracy: 0.80849
Model is Bert, dataset is sst, undersample is None, aug mode is synonym, geo is 0.3, pct_usage is None, small_label is 1, small_prop is 0.2, balance_seed is 23, lr is 2e-05, max_epochs is 4, split_num is 0
Training epoch 0 | loss: 0.40076 - accuracy: 0.80549
Validating epoch 0 | loss: 0.32275 - accuracy: 0.87615
Training epoch 1 | loss: 0.10463 - accuracy: 0.96604
Validating epoch 1 | loss: 0.47344 - accuracy: 0.86009
Training epoch 2 | loss: 0.03639 - accuracy: 0.99032
Validating epoch 2 | loss: 0.65176 - accuracy: 0.83257
Training epoch 3 | loss: 0.02134 - accuracy: 0.99494
Validating epoch 3 | loss: 0.6423 - accuracy: 0.84633
Model is Bert, dataset is sst, undersample is None, aug mode is synonym, geo is 0.5, pct_usage is None, small_label is 1, small_prop is 0.2, balance_seed is 23, lr is 2e-05, max_epochs is 4, split_num is 0
Training epoch 0 | loss: 0.39429 - accuracy: 0.80838
Validating epoch 0 | loss: 0.37484 - accuracy: 0.86468
Training epoch 1 | loss: 0.10012 - accuracy: 0.96618
Validating epoch 1 | loss: 0.51903 - accuracy: 0.8578
Training epoch 2 | loss: 0.0342 - accuracy: 0.99017
Validating epoch 2 | loss: 0.58928 - accuracy: 0.85894
Training epoch 3 | loss: 0.01749 - accuracy: 0.99595
Validating epoch 3 | loss: 0.638 - accuracy: 0.8555
Model is Bert, dataset is sst, undersample is None, aug mode is synonym, geo is 0.7, pct_usage is None, small_label is 1, small_prop is 0.2, balance_seed is 23, lr is 2e-05, max_epochs is 4, split_num is 0
Training epoch 0 | loss: 0.39128 - accuracy: 0.81402
Validating epoch 0 | loss: 0.35738 - accuracy: 0.86812
Training epoch 1 | loss: 0.09093 - accuracy: 0.9724
Validating epoch 1 | loss: 0.57345 - accuracy: 0.84174
Training epoch 2 | loss: 0.04044 - accuracy: 0.98916
Validating epoch 2 | loss: 0.48088 - accuracy: 0.87844
Training epoch 3 | loss: 0.02074 - accuracy: 0.9948
Validating epoch 3 | loss: 0.55607 - accuracy: 0.86353
Model is Bert, dataset is sst, undersample is None, aug mode is synonym, geo is 0.9, pct_usage is None, small_label is 1, small_prop is 0.2, balance_seed is 23, lr is 2e-05, max_epochs is 4, split_num is 0
Training epoch 0 | loss: 0.39842 - accuracy: 0.80477
Validating epoch 0 | loss: 0.44582 - accuracy: 0.83945
Training epoch 1 | loss: 0.09118 - accuracy: 0.97211
Validating epoch 1 | loss: 0.57704 - accuracy: 0.84174
Training epoch 2 | loss: 0.02722 - accuracy: 0.99306
Validating epoch 2 | loss: 0.62711 - accuracy: 0.84977
Training epoch 3 | loss: 0.01871 - accuracy: 0.99595
Validating epoch 3 | loss: 0.67368 - accuracy: 0.84748
Model is Bert, dataset is sst, undersample is False, aug mode is None, geo is None, pct_usage is None, small_label is 0, small_prop is 0.4, balance_seed is 23, lr is 2e-05, max_epochs is 4, split_num is 0
Training epoch 0 | loss: 0.42801 - accuracy: 0.78945
Validating epoch 0 | loss: 0.38412 - accuracy: 0.85894
Training epoch 1 | loss: 0.14099 - accuracy: 0.95058
Validating epoch 1 | loss: 0.59929 - accuracy: 0.81766
Training epoch 2 | loss: 0.04265 - accuracy: 0.98829
Validating epoch 2 | loss: 0.67308 - accuracy: 0.84862
Training epoch 3 | loss: 0.02255 - accuracy: 0.99509
Validating epoch 3 | loss: 0.70688 - accuracy: 0.85092
Model is Bert, dataset is sst, undersample is True, aug mode is None, geo is None, pct_usage is None, small_label is 0, small_prop is 0.4, balance_seed is 23, lr is 2e-05, max_epochs is 4, split_num is 0
Training epoch 0 | loss: 0.3914 - accuracy: 0.80029
Validating epoch 0 | loss: 0.38215 - accuracy: 0.85665
Training epoch 1 | loss: 0.07104 - accuracy: 0.98006
Validating epoch 1 | loss: 0.50965 - accuracy: 0.86239
Training epoch 2 | loss: 0.01489 - accuracy: 0.99697
Validating epoch 2 | loss: 0.57696 - accuracy: 0.87385
Training epoch 3 | loss: 0.00875 - accuracy: 0.99812
Validating epoch 3 | loss: 0.60334 - accuracy: 0.87041
Model is Bert, dataset is sst, undersample is None, aug mode is synonym, geo is 0.1, pct_usage is None, small_label is 0, small_prop is 0.4, balance_seed is 23, lr is 2e-05, max_epochs is 4, split_num is 0
Training epoch 0 | loss: 0.36855 - accuracy: 0.80954
Validating epoch 0 | loss: 0.66575 - accuracy: 0.74083
Training epoch 1 | loss: 0.12576 - accuracy: 0.95491
Validating epoch 1 | loss: 0.5069 - accuracy: 0.81766
Training epoch 2 | loss: 0.0562 - accuracy: 0.98165
Validating epoch 2 | loss: 0.77051 - accuracy: 0.78096
Training epoch 3 | loss: 0.03516 - accuracy: 0.98873
Validating epoch 3 | loss: 0.77032 - accuracy: 0.80619
Model is Bert, dataset is sst, undersample is None, aug mode is synonym, geo is 0.3, pct_usage is None, small_label is 0, small_prop is 0.4, balance_seed is 23, lr is 2e-05, max_epochs is 4, split_num is 0
Training epoch 0 | loss: 0.42627 - accuracy: 0.78699
Validating epoch 0 | loss: 0.49816 - accuracy: 0.80963
Training epoch 1 | loss: 0.14083 - accuracy: 0.94986
Validating epoch 1 | loss: 0.51866 - accuracy: 0.84977
Training epoch 2 | loss: 0.06561 - accuracy: 0.97876
Validating epoch 2 | loss: 0.62967 - accuracy: 0.82798
Training epoch 3 | loss: 0.03144 - accuracy: 0.99234
Validating epoch 3 | loss: 0.66481 - accuracy: 0.83142
Model is Bert, dataset is sst, undersample is None, aug mode is synonym, geo is 0.5, pct_usage is None, small_label is 0, small_prop is 0.4, balance_seed is 23, lr is 2e-05, max_epochs is 4, split_num is 0
Training epoch 0 | loss: 0.47989 - accuracy: 0.76098
Validating epoch 0 | loss: 0.44968 - accuracy: 0.82569
Training epoch 1 | loss: 0.17956 - accuracy: 0.93699
Validating epoch 1 | loss: 0.4648 - accuracy: 0.84862
Training epoch 2 | loss: 0.0791 - accuracy: 0.97616
Validating epoch 2 | loss: 0.68195 - accuracy: 0.8211
Training epoch 3 | loss: 0.03965 - accuracy: 0.99061
Validating epoch 3 | loss: 0.68851 - accuracy: 0.82913
Model is Bert, dataset is sst, undersample is None, aug mode is synonym, geo is 0.7, pct_usage is None, small_label is 0, small_prop is 0.4, balance_seed is 23, lr is 2e-05, max_epochs is 4, split_num is 0
Training epoch 0 | loss: 0.4208 - accuracy: 0.79277
Validating epoch 0 | loss: 0.31795 - accuracy: 0.87156
Training epoch 1 | loss: 0.14464 - accuracy: 0.95188
Validating epoch 1 | loss: 0.54105 - accuracy: 0.84404
Training epoch 2 | loss: 0.05648 - accuracy: 0.9854
Validating epoch 2 | loss: 0.55127 - accuracy: 0.84633
Training epoch 3 | loss: 0.02863 - accuracy: 0.99321
Validating epoch 3 | loss: 0.62094 - accuracy: 0.84748
Model is Bert, dataset is sst, undersample is None, aug mode is synonym, geo is 0.9, pct_usage is None, small_label is 0, small_prop is 0.4, balance_seed is 23, lr is 2e-05, max_epochs is 4, split_num is 0
Training epoch 0 | loss: 0.42194 - accuracy: 0.79783
Validating epoch 0 | loss: 0.3828 - accuracy: 0.85206
Training epoch 1 | loss: 0.14292 - accuracy: 0.9539
Validating epoch 1 | loss: 0.39493 - accuracy: 0.86468
Training epoch 2 | loss: 0.05382 - accuracy: 0.98598
Validating epoch 2 | loss: 0.64391 - accuracy: 0.83486
Training epoch 3 | loss: 0.02986 - accuracy: 0.99277
Validating epoch 3 | loss: 0.65913 - accuracy: 0.84289
Model is Bert, dataset is sst, undersample is False, aug mode is None, geo is None, pct_usage is None, small_label is 1, small_prop is 0.4, balance_seed is 23, lr is 2e-05, max_epochs is 4, split_num is 0
Training epoch 0 | loss: 0.4247 - accuracy: 0.78974
Validating epoch 0 | loss: 0.33926 - accuracy: 0.86239
Training epoch 1 | loss: 0.13103 - accuracy: 0.95751
Validating epoch 1 | loss: 0.37893 - accuracy: 0.88073
Training epoch 2 | loss: 0.04176 - accuracy: 0.98887
Validating epoch 2 | loss: 0.4831 - accuracy: 0.88303
Training epoch 3 | loss: 0.01828 - accuracy: 0.99581
Validating epoch 3 | loss: 0.5134 - accuracy: 0.88188
Model is Bert, dataset is sst, undersample is True, aug mode is None, geo is None, pct_usage is None, small_label is 1, small_prop is 0.4, balance_seed is 23, lr is 2e-05, max_epochs is 4, split_num is 0
Training epoch 0 | loss: 0.43499 - accuracy: 0.77616
Validating epoch 0 | loss: 0.40006 - accuracy: 0.85436
Training epoch 1 | loss: 0.1017 - accuracy: 0.9711
Validating epoch 1 | loss: 0.40665 - accuracy: 0.87385
Training epoch 2 | loss: 0.0274 - accuracy: 0.9922
Validating epoch 2 | loss: 0.50704 - accuracy: 0.87041
Training epoch 3 | loss: 0.00975 - accuracy: 0.99855
Validating epoch 3 | loss: 0.53141 - accuracy: 0.87729
Model is Bert, dataset is sst, undersample is None, aug mode is synonym, geo is 0.1, pct_usage is None, small_label is 1, small_prop is 0.4, balance_seed is 23, lr is 2e-05, max_epochs is 4, split_num is 0
Training epoch 0 | loss: 0.3583 - accuracy: 0.82934
Validating epoch 0 | loss: 0.39568 - accuracy: 0.83716
Training epoch 1 | loss: 0.1229 - accuracy: 0.95564
Validating epoch 1 | loss: 0.39361 - accuracy: 0.86353
Training epoch 2 | loss: 0.06412 - accuracy: 0.98006
Validating epoch 2 | loss: 0.53314 - accuracy: 0.8406
Training epoch 3 | loss: 0.03507 - accuracy: 0.9896
Validating epoch 3 | loss: 0.48425 - accuracy: 0.8555
Model is Bert, dataset is sst, undersample is None, aug mode is synonym, geo is 0.3, pct_usage is None, small_label is 1, small_prop is 0.4, balance_seed is 23, lr is 2e-05, max_epochs is 4, split_num is 0
Training epoch 0 | loss: 0.44125 - accuracy: 0.77355
Validating epoch 0 | loss: 0.34068 - accuracy: 0.85894
Training epoch 1 | loss: 0.16973 - accuracy: 0.9409
Validating epoch 1 | loss: 0.37641 - accuracy: 0.86353
Training epoch 2 | loss: 0.07656 - accuracy: 0.97645
Validating epoch 2 | loss: 0.42026 - accuracy: 0.87041
Training epoch 3 | loss: 0.0427 - accuracy: 0.98931
Validating epoch 3 | loss: 0.476 - accuracy: 0.86927
Model is Bert, dataset is sst, undersample is None, aug mode is synonym, geo is 0.5, pct_usage is None, small_label is 1, small_prop is 0.4, balance_seed is 23, lr is 2e-05, max_epochs is 4, split_num is 0
Training epoch 0 | loss: 0.43414 - accuracy: 0.77529
Validating epoch 0 | loss: 0.31787 - accuracy: 0.87156
Training epoch 1 | loss: 0.13785 - accuracy: 0.95361
Validating epoch 1 | loss: 0.38575 - accuracy: 0.87959
Training epoch 2 | loss: 0.04434 - accuracy: 0.98786
Validating epoch 2 | loss: 0.43078 - accuracy: 0.88417
Training epoch 3 | loss: 0.03058 - accuracy: 0.99147
Validating epoch 3 | loss: 0.46032 - accuracy: 0.88417
Model is Bert, dataset is sst, undersample is None, aug mode is synonym, geo is 0.7, pct_usage is None, small_label is 1, small_prop is 0.4, balance_seed is 23, lr is 2e-05, max_epochs is 4, split_num is 0
Training epoch 0 | loss: 0.41761 - accuracy: 0.80491
Validating epoch 0 | loss: 0.32462 - accuracy: 0.87385
Training epoch 1 | loss: 0.14462 - accuracy: 0.95072
Validating epoch 1 | loss: 0.32924 - accuracy: 0.88991
Training epoch 2 | loss: 0.06062 - accuracy: 0.98179
Validating epoch 2 | loss: 0.40201 - accuracy: 0.88647
Training epoch 3 | loss: 0.0316 - accuracy: 0.99191
Validating epoch 3 | loss: 0.42395 - accuracy: 0.88303
Model is Bert, dataset is sst, undersample is None, aug mode is synonym, geo is 0.9, pct_usage is None, small_label is 1, small_prop is 0.4, balance_seed is 23, lr is 2e-05, max_epochs is 4, split_num is 0
Training epoch 0 | loss: 0.42588 - accuracy: 0.79624
Validating epoch 0 | loss: 0.32566 - accuracy: 0.87041
Training epoch 1 | loss: 0.15228 - accuracy: 0.94711
Validating epoch 1 | loss: 0.36744 - accuracy: 0.88303
Training epoch 2 | loss: 0.05356 - accuracy: 0.98656
Validating epoch 2 | loss: 0.4426 - accuracy: 0.88417
Training epoch 3 | loss: 0.02851 - accuracy: 0.99364
Validating epoch 3 | loss: 0.46514 - accuracy: 0.87729
Model is Bert, dataset is sst, undersample is False, aug mode is None, geo is None, pct_usage is None, small_label is 0, small_prop is 0.6, balance_seed is 23, lr is 2e-05, max_epochs is 4, split_num is 0
Training epoch 0 | loss: 0.4227 - accuracy: 0.79928
Validating epoch 0 | loss: 0.42765 - accuracy: 0.83142
Training epoch 1 | loss: 0.17974 - accuracy: 0.93324
Validating epoch 1 | loss: 0.35162 - accuracy: 0.87271
Training epoch 2 | loss: 0.07416 - accuracy: 0.97832
Validating epoch 2 | loss: 0.49191 - accuracy: 0.86468
Training epoch 3 | loss: 0.0364 - accuracy: 0.99147
Validating epoch 3 | loss: 0.55583 - accuracy: 0.86353
Model is Bert, dataset is sst, undersample is True, aug mode is None, geo is None, pct_usage is None, small_label is 0, small_prop is 0.6, balance_seed is 23, lr is 2e-05, max_epochs is 4, split_num is 0
Training epoch 0 | loss: 0.4147 - accuracy: 0.79032
Validating epoch 0 | loss: 0.34234 - accuracy: 0.87271
Training epoch 1 | loss: 0.11332 - accuracy: 0.96156
Validating epoch 1 | loss: 0.46391 - accuracy: 0.86009
Training epoch 2 | loss: 0.03165 - accuracy: 0.99017
Validating epoch 2 | loss: 0.57192 - accuracy: 0.87156
Training epoch 3 | loss: 0.01579 - accuracy: 0.9961
Validating epoch 3 | loss: 0.59863 - accuracy: 0.86927
Model is Bert, dataset is sst, undersample is None, aug mode is synonym, geo is 0.1, pct_usage is None, small_label is 0, small_prop is 0.6, balance_seed is 23, lr is 2e-05, max_epochs is 4, split_num is 0
Training epoch 0 | loss: 0.36057 - accuracy: 0.82211
Validating epoch 0 | loss: 0.4545 - accuracy: 0.82225
Training epoch 1 | loss: 0.12022 - accuracy: 0.95694
Validating epoch 1 | loss: 0.63768 - accuracy: 0.78211
Training epoch 2 | loss: 0.07707 - accuracy: 0.97384
Validating epoch 2 | loss: 0.60596 - accuracy: 0.80619
Training epoch 3 | loss: 0.0441 - accuracy: 0.98714
Validating epoch 3 | loss: 0.63091 - accuracy: 0.82683
Model is Bert, dataset is sst, undersample is None, aug mode is synonym, geo is 0.3, pct_usage is None, small_label is 0, small_prop is 0.6, balance_seed is 23, lr is 2e-05, max_epochs is 4, split_num is 0
Training epoch 0 | loss: 0.41589 - accuracy: 0.8052
Validating epoch 0 | loss: 0.361 - accuracy: 0.84748
Training epoch 1 | loss: 0.17211 - accuracy: 0.93685
Validating epoch 1 | loss: 0.39208 - accuracy: 0.86124
Training epoch 2 | loss: 0.08632 - accuracy: 0.97052
Validating epoch 2 | loss: 0.47534 - accuracy: 0.8555
Training epoch 3 | loss: 0.05153 - accuracy: 0.98439
Validating epoch 3 | loss: 0.58725 - accuracy: 0.84518
Model is Bert, dataset is sst, undersample is None, aug mode is synonym, geo is 0.5, pct_usage is None, small_label is 0, small_prop is 0.6, balance_seed is 23, lr is 2e-05, max_epochs is 4, split_num is 0
Training epoch 0 | loss: 0.43008 - accuracy: 0.78454
Validating epoch 0 | loss: 0.46407 - accuracy: 0.8211
Training epoch 1 | loss: 0.18273 - accuracy: 0.93815
Validating epoch 1 | loss: 0.45702 - accuracy: 0.84748
Training epoch 2 | loss: 0.08134 - accuracy: 0.97442
Validating epoch 2 | loss: 0.57402 - accuracy: 0.84633
Training epoch 3 | loss: 0.04177 - accuracy: 0.98743
Validating epoch 3 | loss: 0.59454 - accuracy: 0.85665
Model is Bert, dataset is sst, undersample is None, aug mode is synonym, geo is 0.7, pct_usage is None, small_label is 0, small_prop is 0.6, balance_seed is 23, lr is 2e-05, max_epochs is 4, split_num is 0
Training epoch 0 | loss: 0.43532 - accuracy: 0.77659
Validating epoch 0 | loss: 0.30858 - accuracy: 0.87271
Training epoch 1 | loss: 0.17237 - accuracy: 0.93699
Validating epoch 1 | loss: 0.42028 - accuracy: 0.86124
Training epoch 2 | loss: 0.07186 - accuracy: 0.97731
Validating epoch 2 | loss: 0.51151 - accuracy: 0.8555
Training epoch 3 | loss: 0.03664 - accuracy: 0.98902
Validating epoch 3 | loss: 0.57866 - accuracy: 0.85321
Model is Bert, dataset is sst, undersample is None, aug mode is synonym, geo is 0.9, pct_usage is None, small_label is 0, small_prop is 0.6, balance_seed is 23, lr is 2e-05, max_epochs is 4, split_num is 0
Training epoch 0 | loss: 0.48143 - accuracy: 0.75116
Validating epoch 0 | loss: 0.32811 - accuracy: 0.86353
Training epoch 1 | loss: 0.20799 - accuracy: 0.92355
Validating epoch 1 | loss: 0.3776 - accuracy: 0.85894
Training epoch 2 | loss: 0.09115 - accuracy: 0.97254
Validating epoch 2 | loss: 0.46624 - accuracy: 0.86697
Training epoch 3 | loss: 0.05661 - accuracy: 0.98598
Validating epoch 3 | loss: 0.51543 - accuracy: 0.86583
Model is Bert, dataset is sst, undersample is False, aug mode is None, geo is None, pct_usage is None, small_label is 1, small_prop is 0.6, balance_seed is 23, lr is 2e-05, max_epochs is 4, split_num is 0
Training epoch 0 | loss: 0.4286 - accuracy: 0.78757
Validating epoch 0 | loss: 0.30541 - accuracy: 0.88188
Training epoch 1 | loss: 0.16238 - accuracy: 0.9448
Validating epoch 1 | loss: 0.36722 - accuracy: 0.86468
Training epoch 2 | loss: 0.06295 - accuracy: 0.98251
Validating epoch 2 | loss: 0.42247 - accuracy: 0.88417
Training epoch 3 | loss: 0.03319 - accuracy: 0.9909
Validating epoch 3 | loss: 0.46729 - accuracy: 0.88532
Model is Bert, dataset is sst, undersample is True, aug mode is None, geo is None, pct_usage is None, small_label is 1, small_prop is 0.6, balance_seed is 23, lr is 2e-05, max_epochs is 4, split_num is 0
Training epoch 0 | loss: 0.43064 - accuracy: 0.77818
Validating epoch 0 | loss: 0.34444 - accuracy: 0.86124
Training epoch 1 | loss: 0.14121 - accuracy: 0.95217
Validating epoch 1 | loss: 0.3592 - accuracy: 0.875
Training epoch 2 | loss: 0.04818 - accuracy: 0.98757
Validating epoch 2 | loss: 0.42597 - accuracy: 0.88532
Training epoch 3 | loss: 0.02758 - accuracy: 0.99335
Validating epoch 3 | loss: 0.45567 - accuracy: 0.87729
Model is Bert, dataset is sst, undersample is None, aug mode is synonym, geo is 0.1, pct_usage is None, small_label is 1, small_prop is 0.6, balance_seed is 23, lr is 2e-05, max_epochs is 4, split_num is 0
Training epoch 0 | loss: 0.36025 - accuracy: 0.83887
Validating epoch 0 | loss: 0.39601 - accuracy: 0.8383
Training epoch 1 | loss: 0.14379 - accuracy: 0.94711
Validating epoch 1 | loss: 0.39006 - accuracy: 0.85894
Training epoch 2 | loss: 0.09223 - accuracy: 0.9698
Validating epoch 2 | loss: 0.50276 - accuracy: 0.83601
Training epoch 3 | loss: 0.05288 - accuracy: 0.98497
Validating epoch 3 | loss: 0.47203 - accuracy: 0.85206
Model is Bert, dataset is sst, undersample is None, aug mode is synonym, geo is 0.3, pct_usage is None, small_label is 1, small_prop is 0.6, balance_seed is 23, lr is 2e-05, max_epochs is 4, split_num is 0
Training epoch 0 | loss: 0.42832 - accuracy: 0.78801
Validating epoch 0 | loss: 0.34444 - accuracy: 0.86468
Training epoch 1 | loss: 0.17476 - accuracy: 0.93584
Validating epoch 1 | loss: 0.34313 - accuracy: 0.87729
Training epoch 2 | loss: 0.08193 - accuracy: 0.97399
Validating epoch 2 | loss: 0.40329 - accuracy: 0.87844
Training epoch 3 | loss: 0.0512 - accuracy: 0.98598
Validating epoch 3 | loss: 0.41661 - accuracy: 0.87844
Model is Bert, dataset is sst, undersample is None, aug mode is synonym, geo is 0.5, pct_usage is None, small_label is 1, small_prop is 0.6, balance_seed is 23, lr is 2e-05, max_epochs is 4, split_num is 0
Training epoch 0 | loss: 0.4543 - accuracy: 0.76633
Validating epoch 0 | loss: 0.3119 - accuracy: 0.86697
Training epoch 1 | loss: 0.18977 - accuracy: 0.93266
Validating epoch 1 | loss: 0.3553 - accuracy: 0.86812
Training epoch 2 | loss: 0.09305 - accuracy: 0.97197
Validating epoch 2 | loss: 0.40244 - accuracy: 0.87271
Training epoch 3 | loss: 0.05583 - accuracy: 0.98439
Validating epoch 3 | loss: 0.42802 - accuracy: 0.87385
Model is Bert, dataset is sst, undersample is None, aug mode is synonym, geo is 0.7, pct_usage is None, small_label is 1, small_prop is 0.6, balance_seed is 23, lr is 2e-05, max_epochs is 4, split_num is 0
Training epoch 0 | loss: 0.44391 - accuracy: 0.77587
Validating epoch 0 | loss: 0.35705 - accuracy: 0.86812
Training epoch 1 | loss: 0.17365 - accuracy: 0.93815
Validating epoch 1 | loss: 0.31386 - accuracy: 0.88991
Training epoch 2 | loss: 0.07594 - accuracy: 0.97601
Validating epoch 2 | loss: 0.39557 - accuracy: 0.89106
Training epoch 3 | loss: 0.04045 - accuracy: 0.98931
Validating epoch 3 | loss: 0.40492 - accuracy: 0.89106
Model is Bert, dataset is sst, undersample is None, aug mode is synonym, geo is 0.9, pct_usage is None, small_label is 1, small_prop is 0.6, balance_seed is 23, lr is 2e-05, max_epochs is 4, split_num is 0
Training epoch 0 | loss: 0.42478 - accuracy: 0.79249
Validating epoch 0 | loss: 0.2906 - accuracy: 0.87729
Training epoch 1 | loss: 0.16603 - accuracy: 0.94263
Validating epoch 1 | loss: 0.3213 - accuracy: 0.89106
Training epoch 2 | loss: 0.07204 - accuracy: 0.97789
Validating epoch 2 | loss: 0.37822 - accuracy: 0.89106
Training epoch 3 | loss: 0.03536 - accuracy: 0.99032
Validating epoch 3 | loss: 0.39427 - accuracy: 0.90138
Model is Bert, dataset is sst, undersample is False, aug mode is None, geo is None, pct_usage is None, small_label is 0, small_prop is 0.8, balance_seed is 23, lr is 2e-05, max_epochs is 4, split_num is 0
Training epoch 0 | loss: 0.44396 - accuracy: 0.78974
Validating epoch 0 | loss: 0.33078 - accuracy: 0.87271
Training epoch 1 | loss: 0.19495 - accuracy: 0.93006
Validating epoch 1 | loss: 0.32821 - accuracy: 0.88876
Training epoch 2 | loss: 0.08821 - accuracy: 0.97197
Validating epoch 2 | loss: 0.44809 - accuracy: 0.87156
Training epoch 3 | loss: 0.04466 - accuracy: 0.98829
Validating epoch 3 | loss: 0.42704 - accuracy: 0.88532
Model is Bert, dataset is sst, undersample is True, aug mode is None, geo is None, pct_usage is None, small_label is 0, small_prop is 0.8, balance_seed is 23, lr is 2e-05, max_epochs is 4, split_num is 0
Training epoch 0 | loss: 0.43851 - accuracy: 0.78526
Validating epoch 0 | loss: 0.3234 - accuracy: 0.875
Training epoch 1 | loss: 0.16936 - accuracy: 0.9409
Validating epoch 1 | loss: 0.31663 - accuracy: 0.88876
Training epoch 2 | loss: 0.06505 - accuracy: 0.9802
Validating epoch 2 | loss: 0.41854 - accuracy: 0.88303
Training epoch 3 | loss: 0.02761 - accuracy: 0.99321
Validating epoch 3 | loss: 0.45216 - accuracy: 0.88303
Model is Bert, dataset is sst, undersample is None, aug mode is synonym, geo is 0.1, pct_usage is None, small_label is 0, small_prop is 0.8, balance_seed is 23, lr is 2e-05, max_epochs is 4, split_num is 0
Training epoch 0 | loss: 0.35444 - accuracy: 0.83873
Validating epoch 0 | loss: 0.53189 - accuracy: 0.75344
Training epoch 1 | loss: 0.15264 - accuracy: 0.94263
Validating epoch 1 | loss: 0.78868 - accuracy: 0.72018
Training epoch 2 | loss: 0.08459 - accuracy: 0.9711
Validating epoch 2 | loss: 0.58468 - accuracy: 0.80849
Training epoch 3 | loss: 0.06057 - accuracy: 0.97948
Validating epoch 3 | loss: 0.63574 - accuracy: 0.81422
Model is Bert, dataset is sst, undersample is None, aug mode is synonym, geo is 0.3, pct_usage is None, small_label is 0, small_prop is 0.8, balance_seed is 23, lr is 2e-05, max_epochs is 4, split_num is 0
Training epoch 0 | loss: 0.41467 - accuracy: 0.79277
Validating epoch 0 | loss: 0.39452 - accuracy: 0.83142
Training epoch 1 | loss: 0.17127 - accuracy: 0.93815
Validating epoch 1 | loss: 0.44812 - accuracy: 0.8555
Training epoch 2 | loss: 0.09494 - accuracy: 0.97052
Validating epoch 2 | loss: 0.42418 - accuracy: 0.8578
Training epoch 3 | loss: 0.06055 - accuracy: 0.98006
Validating epoch 3 | loss: 0.50535 - accuracy: 0.8578
Model is Bert, dataset is sst, undersample is None, aug mode is synonym, geo is 0.5, pct_usage is None, small_label is 0, small_prop is 0.8, balance_seed is 23, lr is 2e-05, max_epochs is 4, split_num is 0
Training epoch 0 | loss: 0.44684 - accuracy: 0.77355
Validating epoch 0 | loss: 0.3421 - accuracy: 0.86697
Training epoch 1 | loss: 0.20257 - accuracy: 0.92428
Validating epoch 1 | loss: 0.34445 - accuracy: 0.87156
Training epoch 2 | loss: 0.10569 - accuracy: 0.96431
Validating epoch 2 | loss: 0.41843 - accuracy: 0.875
Training epoch 3 | loss: 0.05263 - accuracy: 0.98512
Validating epoch 3 | loss: 0.48467 - accuracy: 0.86927
Model is Bert, dataset is sst, undersample is None, aug mode is synonym, geo is 0.7, pct_usage is None, small_label is 0, small_prop is 0.8, balance_seed is 23, lr is 2e-05, max_epochs is 4, split_num is 0
Training epoch 0 | loss: 0.45193 - accuracy: 0.77948
Validating epoch 0 | loss: 0.32409 - accuracy: 0.86353
Training epoch 1 | loss: 0.20013 - accuracy: 0.92702
Validating epoch 1 | loss: 0.38612 - accuracy: 0.8578
Training epoch 2 | loss: 0.09616 - accuracy: 0.96792
Validating epoch 2 | loss: 0.43648 - accuracy: 0.86812
Training epoch 3 | loss: 0.05114 - accuracy: 0.98497
Validating epoch 3 | loss: 0.4842 - accuracy: 0.86239
Model is Bert, dataset is sst, undersample is None, aug mode is synonym, geo is 0.9, pct_usage is None, small_label is 0, small_prop is 0.8, balance_seed is 23, lr is 2e-05, max_epochs is 4, split_num is 0
Training epoch 0 | loss: 0.47103 - accuracy: 0.75318
Validating epoch 0 | loss: 0.31444 - accuracy: 0.875
Training epoch 1 | loss: 0.21409 - accuracy: 0.92052
Validating epoch 1 | loss: 0.34252 - accuracy: 0.87041
Training epoch 2 | loss: 0.11054 - accuracy: 0.96373
Validating epoch 2 | loss: 0.41891 - accuracy: 0.87615
Training epoch 3 | loss: 0.06129 - accuracy: 0.98309
Validating epoch 3 | loss: 0.46779 - accuracy: 0.86927
Model is Bert, dataset is sst, undersample is False, aug mode is None, geo is None, pct_usage is None, small_label is 1, small_prop is 0.8, balance_seed is 23, lr is 2e-05, max_epochs is 4, split_num is 0
Training epoch 0 | loss: 0.45003 - accuracy: 0.77514
Validating epoch 0 | loss: 0.32211 - accuracy: 0.87271
Training epoch 1 | loss: 0.1911 - accuracy: 0.92702
Validating epoch 1 | loss: 0.31978 - accuracy: 0.90023
Training epoch 2 | loss: 0.08423 - accuracy: 0.97052
Validating epoch 2 | loss: 0.38931 - accuracy: 0.89106
Training epoch 3 | loss: 0.04128 - accuracy: 0.98844
Validating epoch 3 | loss: 0.4398 - accuracy: 0.89106
Model is Bert, dataset is sst, undersample is True, aug mode is None, geo is None, pct_usage is None, small_label is 1, small_prop is 0.8, balance_seed is 23, lr is 2e-05, max_epochs is 4, split_num is 0
Training epoch 0 | loss: 0.4381 - accuracy: 0.78049
Validating epoch 0 | loss: 0.30285 - accuracy: 0.88188
Training epoch 1 | loss: 0.17784 - accuracy: 0.93829
Validating epoch 1 | loss: 0.33137 - accuracy: 0.88188
Training epoch 2 | loss: 0.0845 - accuracy: 0.97486
Validating epoch 2 | loss: 0.40288 - accuracy: 0.88188
Training epoch 3 | loss: 0.04188 - accuracy: 0.98931
Validating epoch 3 | loss: 0.44414 - accuracy: 0.88303
Model is Bert, dataset is sst, undersample is None, aug mode is synonym, geo is 0.1, pct_usage is None, small_label is 1, small_prop is 0.8, balance_seed is 23, lr is 2e-05, max_epochs is 4, split_num is 0
Training epoch 0 | loss: 0.37453 - accuracy: 0.81647
Validating epoch 0 | loss: 0.38733 - accuracy: 0.84633
Training epoch 1 | loss: 0.14925 - accuracy: 0.94509
Validating epoch 1 | loss: 0.4211 - accuracy: 0.85436
Training epoch 2 | loss: 0.0829 - accuracy: 0.97095
Validating epoch 2 | loss: 0.37864 - accuracy: 0.87156
Training epoch 3 | loss: 0.05373 - accuracy: 0.98223
Validating epoch 3 | loss: 0.40791 - accuracy: 0.87729
Model is Bert, dataset is sst, undersample is None, aug mode is synonym, geo is 0.3, pct_usage is None, small_label is 1, small_prop is 0.8, balance_seed is 23, lr is 2e-05, max_epochs is 4, split_num is 0
Training epoch 0 | loss: 0.45557 - accuracy: 0.76286
Validating epoch 0 | loss: 0.3167 - accuracy: 0.86812
Training epoch 1 | loss: 0.19027 - accuracy: 0.92818
Validating epoch 1 | loss: 0.31733 - accuracy: 0.88303
Training epoch 2 | loss: 0.09347 - accuracy: 0.96618
Validating epoch 2 | loss: 0.37648 - accuracy: 0.87729
Training epoch 3 | loss: 0.05551 - accuracy: 0.98165
Validating epoch 3 | loss: 0.3834 - accuracy: 0.87959
Model is Bert, dataset is sst, undersample is None, aug mode is synonym, geo is 0.5, pct_usage is None, small_label is 1, small_prop is 0.8, balance_seed is 23, lr is 2e-05, max_epochs is 4, split_num is 0
Training epoch 0 | loss: 0.44877 - accuracy: 0.775
Validating epoch 0 | loss: 0.30502 - accuracy: 0.87385
Training epoch 1 | loss: 0.19621 - accuracy: 0.92746
Validating epoch 1 | loss: 0.31608 - accuracy: 0.88647
Training epoch 2 | loss: 0.08646 - accuracy: 0.97124
Validating epoch 2 | loss: 0.37069 - accuracy: 0.8945
Training epoch 3 | loss: 0.05627 - accuracy: 0.98266
Validating epoch 3 | loss: 0.40484 - accuracy: 0.89106
Model is Bert, dataset is sst, undersample is None, aug mode is synonym, geo is 0.7, pct_usage is None, small_label is 1, small_prop is 0.8, balance_seed is 23, lr is 2e-05, max_epochs is 4, split_num is 0
Training epoch 0 | loss: 0.46178 - accuracy: 0.76936
Validating epoch 0 | loss: 0.33774 - accuracy: 0.8578
Training epoch 1 | loss: 0.20336 - accuracy: 0.92384
Validating epoch 1 | loss: 0.31558 - accuracy: 0.88532
Training epoch 2 | loss: 0.09913 - accuracy: 0.96749
Validating epoch 2 | loss: 0.34399 - accuracy: 0.89564
Training epoch 3 | loss: 0.05475 - accuracy: 0.98468
Validating epoch 3 | loss: 0.3785 - accuracy: 0.88991
Model is Bert, dataset is sst, undersample is None, aug mode is synonym, geo is 0.9, pct_usage is None, small_label is 1, small_prop is 0.8, balance_seed is 23, lr is 2e-05, max_epochs is 4, split_num is 0
Training epoch 0 | loss: 0.43677 - accuracy: 0.78483
Validating epoch 0 | loss: 0.30487 - accuracy: 0.87844
Training epoch 1 | loss: 0.19408 - accuracy: 0.92948
Validating epoch 1 | loss: 0.37823 - accuracy: 0.87156
Training epoch 2 | loss: 0.09592 - accuracy: 0.96792
Validating epoch 2 | loss: 0.40719 - accuracy: 0.88073
Training epoch 3 | loss: 0.04474 - accuracy: 0.98786
Validating epoch 3 | loss: 0.43889 - accuracy: 0.88876
