Model is Bert, dataset is sst, undersample is False, aug mode is None, geo is None, pct_usage is None, small_label is 0, small_prop is 0.2, balance_seed is 0, lr is 2e-05, max_epochs is 4, split_num is 0
Training epoch 0 | loss: 0.40332 - accuracy: 0.79162
Validating epoch 0 | loss: 0.44078 - accuracy: 0.82913
Training epoch 1 | loss: 0.08792 - accuracy: 0.97355
Validating epoch 1 | loss: 0.66581 - accuracy: 0.82683
Training epoch 2 | loss: 0.02561 - accuracy: 0.99451
Validating epoch 2 | loss: 0.98309 - accuracy: 0.79358
Training epoch 3 | loss: 0.01625 - accuracy: 0.99682
Validating epoch 3 | loss: 0.8767 - accuracy: 0.81995
Model is Bert, dataset is sst, undersample is True, aug mode is None, geo is None, pct_usage is None, small_label is 0, small_prop is 0.2, balance_seed is 0, lr is 2e-05, max_epochs is 4, split_num is 0
Training epoch 0 | loss: 0.32033 - accuracy: 0.84234
Validating epoch 0 | loss: 0.45296 - accuracy: 0.86812
Training epoch 1 | loss: 0.01736 - accuracy: 0.99682
Validating epoch 1 | loss: 0.68178 - accuracy: 0.85436
Training epoch 2 | loss: 0.00836 - accuracy: 0.9987
Validating epoch 2 | loss: 0.66393 - accuracy: 0.86583
Training epoch 3 | loss: 0.00658 - accuracy: 0.9987
Validating epoch 3 | loss: 0.69692 - accuracy: 0.86697
Model is Bert, dataset is sst, undersample is None, aug mode is synonym, geo is 0.1, pct_usage is None, small_label is 0, small_prop is 0.2, balance_seed is 0, lr is 2e-05, max_epochs is 4, split_num is 0
Training epoch 0 | loss: 0.33643 - accuracy: 0.82962
Validating epoch 0 | loss: 0.72525 - accuracy: 0.74427
Training epoch 1 | loss: 0.08553 - accuracy: 0.96792
Validating epoch 1 | loss: 0.98061 - accuracy: 0.71789
Training epoch 2 | loss: 0.03448 - accuracy: 0.98829
Validating epoch 2 | loss: 0.89553 - accuracy: 0.77294
Training epoch 3 | loss: 0.01815 - accuracy: 0.99538
Validating epoch 3 | loss: 0.97292 - accuracy: 0.7695
Model is Bert, dataset is sst, undersample is None, aug mode is synonym, geo is 0.3, pct_usage is None, small_label is 0, small_prop is 0.2, balance_seed is 0, lr is 2e-05, max_epochs is 4, split_num is 0
Training epoch 0 | loss: 0.37834 - accuracy: 0.80535
Validating epoch 0 | loss: 0.49442 - accuracy: 0.82798
Training epoch 1 | loss: 0.08583 - accuracy: 0.96994
Validating epoch 1 | loss: 0.85977 - accuracy: 0.77867
Training epoch 2 | loss: 0.02888 - accuracy: 0.99234
Validating epoch 2 | loss: 0.83676 - accuracy: 0.81881
Training epoch 3 | loss: 0.00901 - accuracy: 0.99725
Validating epoch 3 | loss: 1.05405 - accuracy: 0.78555
Model is Bert, dataset is sst, undersample is None, aug mode is synonym, geo is 0.5, pct_usage is None, small_label is 0, small_prop is 0.2, balance_seed is 0, lr is 2e-05, max_epochs is 4, split_num is 0
Training epoch 0 | loss: 0.39293 - accuracy: 0.80462
Validating epoch 0 | loss: 0.43824 - accuracy: 0.8406
Training epoch 1 | loss: 0.10346 - accuracy: 0.96734
Validating epoch 1 | loss: 0.77667 - accuracy: 0.80161
Training epoch 2 | loss: 0.03051 - accuracy: 0.99118
Validating epoch 2 | loss: 0.81752 - accuracy: 0.81766
Training epoch 3 | loss: 0.02117 - accuracy: 0.99335
Validating epoch 3 | loss: 0.86105 - accuracy: 0.81078
Model is Bert, dataset is sst, undersample is None, aug mode is synonym, geo is 0.7, pct_usage is None, small_label is 0, small_prop is 0.2, balance_seed is 0, lr is 2e-05, max_epochs is 4, split_num is 0
Training epoch 0 | loss: 0.41737 - accuracy: 0.78902
Validating epoch 0 | loss: 0.44564 - accuracy: 0.82225
Training epoch 1 | loss: 0.10504 - accuracy: 0.96546
Validating epoch 1 | loss: 0.68046 - accuracy: 0.82913
Training epoch 2 | loss: 0.03921 - accuracy: 0.9896
Validating epoch 2 | loss: 0.85004 - accuracy: 0.80161
Training epoch 3 | loss: 0.02349 - accuracy: 0.99523
Validating epoch 3 | loss: 0.86964 - accuracy: 0.80963
Model is Bert, dataset is sst, undersample is None, aug mode is synonym, geo is 0.9, pct_usage is None, small_label is 0, small_prop is 0.2, balance_seed is 0, lr is 2e-05, max_epochs is 4, split_num is 0
Training epoch 0 | loss: 0.41703 - accuracy: 0.79205
Validating epoch 0 | loss: 0.63305 - accuracy: 0.77867
Training epoch 1 | loss: 0.09627 - accuracy: 0.97038
Validating epoch 1 | loss: 0.76088 - accuracy: 0.80275
Training epoch 2 | loss: 0.03751 - accuracy: 0.9896
Validating epoch 2 | loss: 0.73804 - accuracy: 0.83028
Training epoch 3 | loss: 0.01751 - accuracy: 0.99595
Validating epoch 3 | loss: 0.83526 - accuracy: 0.8211
Model is Bert, dataset is sst, undersample is False, aug mode is None, geo is None, pct_usage is None, small_label is 1, small_prop is 0.2, balance_seed is 0, lr is 2e-05, max_epochs is 4, split_num is 0
Training epoch 0 | loss: 0.38018 - accuracy: 0.80592
Validating epoch 0 | loss: 0.46276 - accuracy: 0.84289
Training epoch 1 | loss: 0.06874 - accuracy: 0.97746
Validating epoch 1 | loss: 0.56562 - accuracy: 0.84748
Training epoch 2 | loss: 0.01674 - accuracy: 0.99523
Validating epoch 2 | loss: 0.76221 - accuracy: 0.84174
Training epoch 3 | loss: 0.00639 - accuracy: 0.99913
Validating epoch 3 | loss: 0.71119 - accuracy: 0.84977
Model is Bert, dataset is sst, undersample is True, aug mode is None, geo is None, pct_usage is None, small_label is 1, small_prop is 0.2, balance_seed is 0, lr is 2e-05, max_epochs is 4, split_num is 0
Training epoch 0 | loss: 0.33441 - accuracy: 0.83584
Validating epoch 0 | loss: 0.48613 - accuracy: 0.84404
Training epoch 1 | loss: 0.02743 - accuracy: 0.99422
Validating epoch 1 | loss: 0.65628 - accuracy: 0.85321
Training epoch 2 | loss: 0.00825 - accuracy: 0.99827
Validating epoch 2 | loss: 0.77848 - accuracy: 0.84289
Training epoch 3 | loss: 0.00303 - accuracy: 0.99942
Validating epoch 3 | loss: 0.723 - accuracy: 0.86009
Model is Bert, dataset is sst, undersample is None, aug mode is synonym, geo is 0.1, pct_usage is None, small_label is 1, small_prop is 0.2, balance_seed is 0, lr is 2e-05, max_epochs is 4, split_num is 0
Training epoch 0 | loss: 0.34845 - accuracy: 0.82529
Validating epoch 0 | loss: 0.41458 - accuracy: 0.82569
Training epoch 1 | loss: 0.09719 - accuracy: 0.9659
Validating epoch 1 | loss: 0.56291 - accuracy: 0.82683
Training epoch 2 | loss: 0.03649 - accuracy: 0.98931
Validating epoch 2 | loss: 0.67536 - accuracy: 0.82225
Training epoch 3 | loss: 0.01952 - accuracy: 0.99364
Validating epoch 3 | loss: 0.72759 - accuracy: 0.81995
Model is Bert, dataset is sst, undersample is None, aug mode is synonym, geo is 0.3, pct_usage is None, small_label is 1, small_prop is 0.2, balance_seed is 0, lr is 2e-05, max_epochs is 4, split_num is 0
Training epoch 0 | loss: 0.43607 - accuracy: 0.77847
Validating epoch 0 | loss: 0.38713 - accuracy: 0.84289
Training epoch 1 | loss: 0.11362 - accuracy: 0.96257
Validating epoch 1 | loss: 0.5225 - accuracy: 0.8383
Training epoch 2 | loss: 0.0287 - accuracy: 0.99321
Validating epoch 2 | loss: 0.65965 - accuracy: 0.84518
Training epoch 3 | loss: 0.01445 - accuracy: 0.9961
Validating epoch 3 | loss: 0.70904 - accuracy: 0.83945
Model is Bert, dataset is sst, undersample is None, aug mode is synonym, geo is 0.5, pct_usage is None, small_label is 1, small_prop is 0.2, balance_seed is 0, lr is 2e-05, max_epochs is 4, split_num is 0
Training epoch 0 | loss: 0.41585 - accuracy: 0.78757
Validating epoch 0 | loss: 0.37634 - accuracy: 0.85665
Training epoch 1 | loss: 0.10126 - accuracy: 0.9659
Validating epoch 1 | loss: 0.4812 - accuracy: 0.85665
Training epoch 2 | loss: 0.02759 - accuracy: 0.99306
Validating epoch 2 | loss: 0.59735 - accuracy: 0.84862
Training epoch 3 | loss: 0.01662 - accuracy: 0.99566
Validating epoch 3 | loss: 0.57143 - accuracy: 0.86124
Model is Bert, dataset is sst, undersample is None, aug mode is synonym, geo is 0.7, pct_usage is None, small_label is 1, small_prop is 0.2, balance_seed is 0, lr is 2e-05, max_epochs is 4, split_num is 0
Training epoch 0 | loss: 0.40171 - accuracy: 0.79234
Validating epoch 0 | loss: 0.39035 - accuracy: 0.8555
Training epoch 1 | loss: 0.07845 - accuracy: 0.97558
Validating epoch 1 | loss: 0.66344 - accuracy: 0.82339
Training epoch 2 | loss: 0.02718 - accuracy: 0.99292
Validating epoch 2 | loss: 0.56097 - accuracy: 0.86124
Training epoch 3 | loss: 0.01089 - accuracy: 0.9974
Validating epoch 3 | loss: 0.71537 - accuracy: 0.84862
Model is Bert, dataset is sst, undersample is None, aug mode is synonym, geo is 0.9, pct_usage is None, small_label is 1, small_prop is 0.2, balance_seed is 0, lr is 2e-05, max_epochs is 4, split_num is 0
Training epoch 0 | loss: 0.38453 - accuracy: 0.81156
Validating epoch 0 | loss: 0.41987 - accuracy: 0.84748
Training epoch 1 | loss: 0.09977 - accuracy: 0.97023
Validating epoch 1 | loss: 0.53418 - accuracy: 0.84748
Training epoch 2 | loss: 0.03641 - accuracy: 0.99162
Validating epoch 2 | loss: 0.57336 - accuracy: 0.85894
Training epoch 3 | loss: 0.01991 - accuracy: 0.99509
Validating epoch 3 | loss: 0.5969 - accuracy: 0.85092
Model is Bert, dataset is sst, undersample is False, aug mode is None, geo is None, pct_usage is None, small_label is 0, small_prop is 0.4, balance_seed is 0, lr is 2e-05, max_epochs is 4, split_num is 0
Training epoch 0 | loss: 0.43082 - accuracy: 0.7802
Validating epoch 0 | loss: 0.32927 - accuracy: 0.88876
Training epoch 1 | loss: 0.12637 - accuracy: 0.95491
Validating epoch 1 | loss: 0.53036 - accuracy: 0.84404
Training epoch 2 | loss: 0.04101 - accuracy: 0.98815
Validating epoch 2 | loss: 0.68094 - accuracy: 0.84404
Training epoch 3 | loss: 0.01971 - accuracy: 0.99494
Validating epoch 3 | loss: 0.65992 - accuracy: 0.85206
Model is Bert, dataset is sst, undersample is True, aug mode is None, geo is None, pct_usage is None, small_label is 0, small_prop is 0.4, balance_seed is 0, lr is 2e-05, max_epochs is 4, split_num is 0
Training epoch 0 | loss: 0.39474 - accuracy: 0.8091
Validating epoch 0 | loss: 0.41021 - accuracy: 0.86583
Training epoch 1 | loss: 0.07421 - accuracy: 0.97717
Validating epoch 1 | loss: 0.50759 - accuracy: 0.87271
Training epoch 2 | loss: 0.01855 - accuracy: 0.9948
Validating epoch 2 | loss: 0.58684 - accuracy: 0.875
Training epoch 3 | loss: 0.00881 - accuracy: 0.99783
Validating epoch 3 | loss: 0.62199 - accuracy: 0.875
Model is Bert, dataset is sst, undersample is None, aug mode is synonym, geo is 0.1, pct_usage is None, small_label is 0, small_prop is 0.4, balance_seed is 0, lr is 2e-05, max_epochs is 4, split_num is 0
Training epoch 0 | loss: 0.3577 - accuracy: 0.81734
Validating epoch 0 | loss: 0.66513 - accuracy: 0.72592
Training epoch 1 | loss: 0.11478 - accuracy: 0.95636
Validating epoch 1 | loss: 0.81918 - accuracy: 0.74197
Training epoch 2 | loss: 0.05815 - accuracy: 0.97934
Validating epoch 2 | loss: 0.77132 - accuracy: 0.77752
Training epoch 3 | loss: 0.03369 - accuracy: 0.98916
Validating epoch 3 | loss: 0.74552 - accuracy: 0.80619
Model is Bert, dataset is sst, undersample is None, aug mode is synonym, geo is 0.3, pct_usage is None, small_label is 0, small_prop is 0.4, balance_seed is 0, lr is 2e-05, max_epochs is 4, split_num is 0
Training epoch 0 | loss: 0.44982 - accuracy: 0.7685
Validating epoch 0 | loss: 0.4979 - accuracy: 0.82454
Training epoch 1 | loss: 0.15572 - accuracy: 0.94379
Validating epoch 1 | loss: 0.57944 - accuracy: 0.78784
Training epoch 2 | loss: 0.06905 - accuracy: 0.97789
Validating epoch 2 | loss: 0.65172 - accuracy: 0.81651
Training epoch 3 | loss: 0.03965 - accuracy: 0.98743
Validating epoch 3 | loss: 0.65643 - accuracy: 0.82569
Model is Bert, dataset is sst, undersample is None, aug mode is synonym, geo is 0.5, pct_usage is None, small_label is 0, small_prop is 0.4, balance_seed is 0, lr is 2e-05, max_epochs is 4, split_num is 0
Training epoch 0 | loss: 0.41649 - accuracy: 0.79841
Validating epoch 0 | loss: 0.33573 - accuracy: 0.86353
Training epoch 1 | loss: 0.15022 - accuracy: 0.94552
Validating epoch 1 | loss: 0.44 - accuracy: 0.8555
Training epoch 2 | loss: 0.05554 - accuracy: 0.98396
Validating epoch 2 | loss: 0.63962 - accuracy: 0.8383
Training epoch 3 | loss: 0.03369 - accuracy: 0.99263
Validating epoch 3 | loss: 0.67395 - accuracy: 0.83486
Model is Bert, dataset is sst, undersample is None, aug mode is synonym, geo is 0.7, pct_usage is None, small_label is 0, small_prop is 0.4, balance_seed is 0, lr is 2e-05, max_epochs is 4, split_num is 0
Training epoch 0 | loss: 0.42797 - accuracy: 0.78382
Validating epoch 0 | loss: 0.36513 - accuracy: 0.84862
Training epoch 1 | loss: 0.13802 - accuracy: 0.94928
Validating epoch 1 | loss: 0.51785 - accuracy: 0.84404
Training epoch 2 | loss: 0.05671 - accuracy: 0.98454
Validating epoch 2 | loss: 0.6044 - accuracy: 0.84748
Training epoch 3 | loss: 0.02818 - accuracy: 0.99205
Validating epoch 3 | loss: 0.62933 - accuracy: 0.85206
Model is Bert, dataset is sst, undersample is None, aug mode is synonym, geo is 0.9, pct_usage is None, small_label is 0, small_prop is 0.4, balance_seed is 0, lr is 2e-05, max_epochs is 4, split_num is 0
Training epoch 0 | loss: 0.44368 - accuracy: 0.77182
Validating epoch 0 | loss: 0.39164 - accuracy: 0.87041
Training epoch 1 | loss: 0.15498 - accuracy: 0.94812
Validating epoch 1 | loss: 0.48644 - accuracy: 0.85436
Training epoch 2 | loss: 0.05598 - accuracy: 0.98512
Validating epoch 2 | loss: 0.61639 - accuracy: 0.85436
Training epoch 3 | loss: 0.02769 - accuracy: 0.99436
Validating epoch 3 | loss: 0.65157 - accuracy: 0.84633
Model is Bert, dataset is sst, undersample is False, aug mode is None, geo is None, pct_usage is None, small_label is 1, small_prop is 0.4, balance_seed is 0, lr is 2e-05, max_epochs is 4, split_num is 0
Training epoch 0 | loss: 0.43826 - accuracy: 0.7776
Validating epoch 0 | loss: 0.35197 - accuracy: 0.87041
Training epoch 1 | loss: 0.14925 - accuracy: 0.95014
Validating epoch 1 | loss: 0.40114 - accuracy: 0.87385
Training epoch 2 | loss: 0.05071 - accuracy: 0.98642
Validating epoch 2 | loss: 0.46345 - accuracy: 0.875
Training epoch 3 | loss: 0.02864 - accuracy: 0.9935
Validating epoch 3 | loss: 0.47883 - accuracy: 0.87385
Model is Bert, dataset is sst, undersample is True, aug mode is None, geo is None, pct_usage is None, small_label is 1, small_prop is 0.4, balance_seed is 0, lr is 2e-05, max_epochs is 4, split_num is 0
Training epoch 0 | loss: 0.40224 - accuracy: 0.79075
Validating epoch 0 | loss: 0.45474 - accuracy: 0.85206
Training epoch 1 | loss: 0.07015 - accuracy: 0.97587
Validating epoch 1 | loss: 0.51442 - accuracy: 0.86239
Training epoch 2 | loss: 0.00984 - accuracy: 0.9974
Validating epoch 2 | loss: 0.66924 - accuracy: 0.86353
Training epoch 3 | loss: 0.0062 - accuracy: 0.9987
Validating epoch 3 | loss: 0.69801 - accuracy: 0.86239
Model is Bert, dataset is sst, undersample is None, aug mode is synonym, geo is 0.1, pct_usage is None, small_label is 1, small_prop is 0.4, balance_seed is 0, lr is 2e-05, max_epochs is 4, split_num is 0
Training epoch 0 | loss: 0.36225 - accuracy: 0.83121
Validating epoch 0 | loss: 0.45442 - accuracy: 0.81193
Training epoch 1 | loss: 0.11925 - accuracy: 0.95723
Validating epoch 1 | loss: 0.41213 - accuracy: 0.86583
Training epoch 2 | loss: 0.05828 - accuracy: 0.98107
Validating epoch 2 | loss: 0.42806 - accuracy: 0.85894
Training epoch 3 | loss: 0.04225 - accuracy: 0.98873
Validating epoch 3 | loss: 0.46007 - accuracy: 0.86239
Model is Bert, dataset is sst, undersample is None, aug mode is synonym, geo is 0.3, pct_usage is None, small_label is 1, small_prop is 0.4, balance_seed is 0, lr is 2e-05, max_epochs is 4, split_num is 0
Training epoch 0 | loss: 0.42519 - accuracy: 0.78555
Validating epoch 0 | loss: 0.37517 - accuracy: 0.86239
Training epoch 1 | loss: 0.1669 - accuracy: 0.94249
Validating epoch 1 | loss: 0.33599 - accuracy: 0.88303
Training epoch 2 | loss: 0.07263 - accuracy: 0.97789
Validating epoch 2 | loss: 0.41683 - accuracy: 0.87385
Training epoch 3 | loss: 0.03779 - accuracy: 0.99075
Validating epoch 3 | loss: 0.44273 - accuracy: 0.87385
Model is Bert, dataset is sst, undersample is None, aug mode is synonym, geo is 0.5, pct_usage is None, small_label is 1, small_prop is 0.4, balance_seed is 0, lr is 2e-05, max_epochs is 4, split_num is 0
Training epoch 0 | loss: 0.43818 - accuracy: 0.78179
Validating epoch 0 | loss: 0.33434 - accuracy: 0.86468
Training epoch 1 | loss: 0.14628 - accuracy: 0.94957
Validating epoch 1 | loss: 0.38255 - accuracy: 0.87729
Training epoch 2 | loss: 0.0585 - accuracy: 0.98251
Validating epoch 2 | loss: 0.40358 - accuracy: 0.88303
Training epoch 3 | loss: 0.02918 - accuracy: 0.99118
Validating epoch 3 | loss: 0.46176 - accuracy: 0.87615
Model is Bert, dataset is sst, undersample is None, aug mode is synonym, geo is 0.7, pct_usage is None, small_label is 1, small_prop is 0.4, balance_seed is 0, lr is 2e-05, max_epochs is 4, split_num is 0
Training epoch 0 | loss: 0.44539 - accuracy: 0.77861
Validating epoch 0 | loss: 0.32359 - accuracy: 0.86124
Training epoch 1 | loss: 0.15696 - accuracy: 0.94509
Validating epoch 1 | loss: 0.36235 - accuracy: 0.87615
Training epoch 2 | loss: 0.06299 - accuracy: 0.97948
Validating epoch 2 | loss: 0.44933 - accuracy: 0.87729
Training epoch 3 | loss: 0.03093 - accuracy: 0.99263
Validating epoch 3 | loss: 0.48436 - accuracy: 0.87271
Model is Bert, dataset is sst, undersample is None, aug mode is synonym, geo is 0.9, pct_usage is None, small_label is 1, small_prop is 0.4, balance_seed is 0, lr is 2e-05, max_epochs is 4, split_num is 0
Training epoch 0 | loss: 0.41962 - accuracy: 0.80116
Validating epoch 0 | loss: 0.3333 - accuracy: 0.86239
Training epoch 1 | loss: 0.12971 - accuracy: 0.95694
Validating epoch 1 | loss: 0.37313 - accuracy: 0.87729
Training epoch 2 | loss: 0.04191 - accuracy: 0.98671
Validating epoch 2 | loss: 0.50695 - accuracy: 0.87615
Training epoch 3 | loss: 0.01888 - accuracy: 0.99465
Validating epoch 3 | loss: 0.52791 - accuracy: 0.87156
Model is Bert, dataset is sst, undersample is False, aug mode is None, geo is None, pct_usage is None, small_label is 0, small_prop is 0.6, balance_seed is 0, lr is 2e-05, max_epochs is 4, split_num is 0
Training epoch 0 | loss: 0.4484 - accuracy: 0.75246
Validating epoch 0 | loss: 0.34213 - accuracy: 0.87271
Training epoch 1 | loss: 0.16882 - accuracy: 0.93743
Validating epoch 1 | loss: 0.38181 - accuracy: 0.87271
Training epoch 2 | loss: 0.06462 - accuracy: 0.9802
Validating epoch 2 | loss: 0.48713 - accuracy: 0.87729
Training epoch 3 | loss: 0.0308 - accuracy: 0.99118
Validating epoch 3 | loss: 0.54127 - accuracy: 0.86927
Model is Bert, dataset is sst, undersample is True, aug mode is None, geo is None, pct_usage is None, small_label is 0, small_prop is 0.6, balance_seed is 0, lr is 2e-05, max_epochs is 4, split_num is 0
Training epoch 0 | loss: 0.40546 - accuracy: 0.79942
Validating epoch 0 | loss: 0.32185 - accuracy: 0.88303
Training epoch 1 | loss: 0.12191 - accuracy: 0.95954
Validating epoch 1 | loss: 0.37528 - accuracy: 0.88303
Training epoch 2 | loss: 0.04048 - accuracy: 0.99017
Validating epoch 2 | loss: 0.43133 - accuracy: 0.88647
Training epoch 3 | loss: 0.02243 - accuracy: 0.99552
Validating epoch 3 | loss: 0.47584 - accuracy: 0.89335
Model is Bert, dataset is sst, undersample is None, aug mode is synonym, geo is 0.1, pct_usage is None, small_label is 0, small_prop is 0.6, balance_seed is 0, lr is 2e-05, max_epochs is 4, split_num is 0
Training epoch 0 | loss: 0.34351 - accuracy: 0.85145
Validating epoch 0 | loss: 0.52203 - accuracy: 0.77867
Training epoch 1 | loss: 0.1291 - accuracy: 0.95231
Validating epoch 1 | loss: 0.66843 - accuracy: 0.7672
Training epoch 2 | loss: 0.07532 - accuracy: 0.97341
Validating epoch 2 | loss: 0.64051 - accuracy: 0.81078
Training epoch 3 | loss: 0.04424 - accuracy: 0.98613
Validating epoch 3 | loss: 0.66884 - accuracy: 0.81307
Model is Bert, dataset is sst, undersample is None, aug mode is synonym, geo is 0.3, pct_usage is None, small_label is 0, small_prop is 0.6, balance_seed is 0, lr is 2e-05, max_epochs is 4, split_num is 0
Training epoch 0 | loss: 0.41138 - accuracy: 0.80058
Validating epoch 0 | loss: 0.38119 - accuracy: 0.84748
Training epoch 1 | loss: 0.16053 - accuracy: 0.93945
Validating epoch 1 | loss: 0.41006 - accuracy: 0.85894
Training epoch 2 | loss: 0.07093 - accuracy: 0.97558
Validating epoch 2 | loss: 0.53997 - accuracy: 0.85665
Training epoch 3 | loss: 0.03429 - accuracy: 0.98916
Validating epoch 3 | loss: 0.57844 - accuracy: 0.85665
Model is Bert, dataset is sst, undersample is None, aug mode is synonym, geo is 0.5, pct_usage is None, small_label is 0, small_prop is 0.6, balance_seed is 0, lr is 2e-05, max_epochs is 4, split_num is 0
Training epoch 0 | loss: 0.45153 - accuracy: 0.76214
Validating epoch 0 | loss: 0.34857 - accuracy: 0.86468
Training epoch 1 | loss: 0.16727 - accuracy: 0.93887
Validating epoch 1 | loss: 0.43507 - accuracy: 0.85894
Training epoch 2 | loss: 0.0615 - accuracy: 0.9828
Validating epoch 2 | loss: 0.5649 - accuracy: 0.85665
Training epoch 3 | loss: 0.02488 - accuracy: 0.9935
Validating epoch 3 | loss: 0.60602 - accuracy: 0.86697
Model is Bert, dataset is sst, undersample is None, aug mode is synonym, geo is 0.7, pct_usage is None, small_label is 0, small_prop is 0.6, balance_seed is 0, lr is 2e-05, max_epochs is 4, split_num is 0
Training epoch 0 | loss: 0.43733 - accuracy: 0.78627
Validating epoch 0 | loss: 0.3204 - accuracy: 0.87729
Training epoch 1 | loss: 0.17853 - accuracy: 0.93685
Validating epoch 1 | loss: 0.46037 - accuracy: 0.84518
Training epoch 2 | loss: 0.07588 - accuracy: 0.97688
Validating epoch 2 | loss: 0.48798 - accuracy: 0.86239
Training epoch 3 | loss: 0.03938 - accuracy: 0.99003
Validating epoch 3 | loss: 0.55546 - accuracy: 0.85894
Model is Bert, dataset is sst, undersample is None, aug mode is synonym, geo is 0.9, pct_usage is None, small_label is 0, small_prop is 0.6, balance_seed is 0, lr is 2e-05, max_epochs is 4, split_num is 0
Training epoch 0 | loss: 0.43114 - accuracy: 0.77789
Validating epoch 0 | loss: 0.33641 - accuracy: 0.87156
Training epoch 1 | loss: 0.15541 - accuracy: 0.94393
Validating epoch 1 | loss: 0.36227 - accuracy: 0.87844
Training epoch 2 | loss: 0.06122 - accuracy: 0.98251
Validating epoch 2 | loss: 0.47853 - accuracy: 0.87729
Training epoch 3 | loss: 0.02799 - accuracy: 0.99234
Validating epoch 3 | loss: 0.51547 - accuracy: 0.87729
Model is Bert, dataset is sst, undersample is False, aug mode is None, geo is None, pct_usage is None, small_label is 1, small_prop is 0.6, balance_seed is 0, lr is 2e-05, max_epochs is 4, split_num is 0
Training epoch 0 | loss: 0.44208 - accuracy: 0.77341
Validating epoch 0 | loss: 0.31396 - accuracy: 0.86927
Training epoch 1 | loss: 0.16427 - accuracy: 0.94176
Validating epoch 1 | loss: 0.37631 - accuracy: 0.87615
Training epoch 2 | loss: 0.0671 - accuracy: 0.97861
Validating epoch 2 | loss: 0.45006 - accuracy: 0.87959
Training epoch 3 | loss: 0.03298 - accuracy: 0.99147
Validating epoch 3 | loss: 0.46918 - accuracy: 0.88188
Model is Bert, dataset is sst, undersample is True, aug mode is None, geo is None, pct_usage is None, small_label is 1, small_prop is 0.6, balance_seed is 0, lr is 2e-05, max_epochs is 4, split_num is 0
Training epoch 0 | loss: 0.44506 - accuracy: 0.77298
Validating epoch 0 | loss: 0.32055 - accuracy: 0.87271
Training epoch 1 | loss: 0.14582 - accuracy: 0.94986
Validating epoch 1 | loss: 0.36433 - accuracy: 0.87615
Training epoch 2 | loss: 0.04781 - accuracy: 0.98598
Validating epoch 2 | loss: 0.44198 - accuracy: 0.875
Training epoch 3 | loss: 0.02218 - accuracy: 0.99509
Validating epoch 3 | loss: 0.49589 - accuracy: 0.87615
Model is Bert, dataset is sst, undersample is None, aug mode is synonym, geo is 0.1, pct_usage is None, small_label is 1, small_prop is 0.6, balance_seed is 0, lr is 2e-05, max_epochs is 4, split_num is 0
Training epoch 0 | loss: 0.36855 - accuracy: 0.82312
Validating epoch 0 | loss: 0.3636 - accuracy: 0.85321
Training epoch 1 | loss: 0.12664 - accuracy: 0.95376
Validating epoch 1 | loss: 0.40377 - accuracy: 0.86239
Training epoch 2 | loss: 0.07765 - accuracy: 0.97413
Validating epoch 2 | loss: 0.45228 - accuracy: 0.86239
Training epoch 3 | loss: 0.04203 - accuracy: 0.98642
Validating epoch 3 | loss: 0.45251 - accuracy: 0.87041
Model is Bert, dataset is sst, undersample is None, aug mode is synonym, geo is 0.3, pct_usage is None, small_label is 1, small_prop is 0.6, balance_seed is 0, lr is 2e-05, max_epochs is 4, split_num is 0
Training epoch 0 | loss: 0.43244 - accuracy: 0.775
Validating epoch 0 | loss: 0.33081 - accuracy: 0.85436
Training epoch 1 | loss: 0.17771 - accuracy: 0.93382
Validating epoch 1 | loss: 0.35302 - accuracy: 0.87729
Training epoch 2 | loss: 0.08694 - accuracy: 0.97225
Validating epoch 2 | loss: 0.36072 - accuracy: 0.88647
Training epoch 3 | loss: 0.05017 - accuracy: 0.98598
Validating epoch 3 | loss: 0.40216 - accuracy: 0.88303
Model is Bert, dataset is sst, undersample is None, aug mode is synonym, geo is 0.5, pct_usage is None, small_label is 1, small_prop is 0.6, balance_seed is 0, lr is 2e-05, max_epochs is 4, split_num is 0
Training epoch 0 | loss: 0.42117 - accuracy: 0.7922
Validating epoch 0 | loss: 0.33694 - accuracy: 0.87156
Training epoch 1 | loss: 0.17515 - accuracy: 0.93815
Validating epoch 1 | loss: 0.34506 - accuracy: 0.87729
Training epoch 2 | loss: 0.06866 - accuracy: 0.97919
Validating epoch 2 | loss: 0.39589 - accuracy: 0.88761
Training epoch 3 | loss: 0.03709 - accuracy: 0.98916
Validating epoch 3 | loss: 0.43374 - accuracy: 0.88303
Model is Bert, dataset is sst, undersample is None, aug mode is synonym, geo is 0.7, pct_usage is None, small_label is 1, small_prop is 0.6, balance_seed is 0, lr is 2e-05, max_epochs is 4, split_num is 0
Training epoch 0 | loss: 0.44694 - accuracy: 0.77861
Validating epoch 0 | loss: 0.30874 - accuracy: 0.88073
Training epoch 1 | loss: 0.1813 - accuracy: 0.93396
Validating epoch 1 | loss: 0.38524 - accuracy: 0.86583
Training epoch 2 | loss: 0.07891 - accuracy: 0.97543
Validating epoch 2 | loss: 0.36023 - accuracy: 0.88532
Training epoch 3 | loss: 0.04082 - accuracy: 0.98902
Validating epoch 3 | loss: 0.42728 - accuracy: 0.88876
Model is Bert, dataset is sst, undersample is None, aug mode is synonym, geo is 0.9, pct_usage is None, small_label is 1, small_prop is 0.6, balance_seed is 0, lr is 2e-05, max_epochs is 4, split_num is 0
Training epoch 0 | loss: 0.44042 - accuracy: 0.7724
Validating epoch 0 | loss: 0.33884 - accuracy: 0.87729
Training epoch 1 | loss: 0.1589 - accuracy: 0.94017
Validating epoch 1 | loss: 0.34857 - accuracy: 0.87729
Training epoch 2 | loss: 0.06563 - accuracy: 0.98194
Validating epoch 2 | loss: 0.40693 - accuracy: 0.88532
Training epoch 3 | loss: 0.0326 - accuracy: 0.99234
Validating epoch 3 | loss: 0.44127 - accuracy: 0.88303
Model is Bert, dataset is sst, undersample is False, aug mode is None, geo is None, pct_usage is None, small_label is 0, small_prop is 0.8, balance_seed is 0, lr is 2e-05, max_epochs is 4, split_num is 0
Training epoch 0 | loss: 0.44155 - accuracy: 0.78049
Validating epoch 0 | loss: 0.31766 - accuracy: 0.87271
Training epoch 1 | loss: 0.19299 - accuracy: 0.93266
Validating epoch 1 | loss: 0.38178 - accuracy: 0.86812
Training epoch 2 | loss: 0.09792 - accuracy: 0.9698
Validating epoch 2 | loss: 0.39383 - accuracy: 0.87385
Training epoch 3 | loss: 0.05295 - accuracy: 0.98627
Validating epoch 3 | loss: 0.44421 - accuracy: 0.87844
Model is Bert, dataset is sst, undersample is True, aug mode is None, geo is None, pct_usage is None, small_label is 0, small_prop is 0.8, balance_seed is 0, lr is 2e-05, max_epochs is 4, split_num is 0
Training epoch 0 | loss: 0.44243 - accuracy: 0.78309
Validating epoch 0 | loss: 0.35324 - accuracy: 0.87959
Training epoch 1 | loss: 0.17327 - accuracy: 0.9396
Validating epoch 1 | loss: 0.31906 - accuracy: 0.88647
Training epoch 2 | loss: 0.06983 - accuracy: 0.97876
Validating epoch 2 | loss: 0.37753 - accuracy: 0.88876
Training epoch 3 | loss: 0.0347 - accuracy: 0.99133
Validating epoch 3 | loss: 0.43234 - accuracy: 0.8922
Model is Bert, dataset is sst, undersample is None, aug mode is synonym, geo is 0.1, pct_usage is None, small_label is 0, small_prop is 0.8, balance_seed is 0, lr is 2e-05, max_epochs is 4, split_num is 0
Training epoch 0 | loss: 0.35161 - accuracy: 0.83165
Validating epoch 0 | loss: 0.4986 - accuracy: 0.80505
Training epoch 1 | loss: 0.14848 - accuracy: 0.94451
Validating epoch 1 | loss: 0.68693 - accuracy: 0.75688
Training epoch 2 | loss: 0.09469 - accuracy: 0.96691
Validating epoch 2 | loss: 0.55235 - accuracy: 0.8211
Training epoch 3 | loss: 0.05381 - accuracy: 0.98295
Validating epoch 3 | loss: 0.59403 - accuracy: 0.82454
Model is Bert, dataset is sst, undersample is None, aug mode is synonym, geo is 0.3, pct_usage is None, small_label is 0, small_prop is 0.8, balance_seed is 0, lr is 2e-05, max_epochs is 4, split_num is 0
Training epoch 0 | loss: 0.41988 - accuracy: 0.80014
Validating epoch 0 | loss: 0.42483 - accuracy: 0.81766
Training epoch 1 | loss: 0.19809 - accuracy: 0.92558
Validating epoch 1 | loss: 0.40102 - accuracy: 0.84862
Training epoch 2 | loss: 0.09732 - accuracy: 0.96806
Validating epoch 2 | loss: 0.47146 - accuracy: 0.84518
Training epoch 3 | loss: 0.06107 - accuracy: 0.97977
Validating epoch 3 | loss: 0.50261 - accuracy: 0.84862
Model is Bert, dataset is sst, undersample is None, aug mode is synonym, geo is 0.5, pct_usage is None, small_label is 0, small_prop is 0.8, balance_seed is 0, lr is 2e-05, max_epochs is 4, split_num is 0
Training epoch 0 | loss: 0.44573 - accuracy: 0.7672
Validating epoch 0 | loss: 0.41929 - accuracy: 0.83372
Training epoch 1 | loss: 0.19955 - accuracy: 0.92514
Validating epoch 1 | loss: 0.36392 - accuracy: 0.87385
Training epoch 2 | loss: 0.09789 - accuracy: 0.96604
Validating epoch 2 | loss: 0.44193 - accuracy: 0.875
Training epoch 3 | loss: 0.05112 - accuracy: 0.9854
Validating epoch 3 | loss: 0.52635 - accuracy: 0.86583
Model is Bert, dataset is sst, undersample is None, aug mode is synonym, geo is 0.7, pct_usage is None, small_label is 0, small_prop is 0.8, balance_seed is 0, lr is 2e-05, max_epochs is 4, split_num is 0
Training epoch 0 | loss: 0.45088 - accuracy: 0.77558
Validating epoch 0 | loss: 0.34561 - accuracy: 0.85665
Training epoch 1 | loss: 0.20204 - accuracy: 0.92413
Validating epoch 1 | loss: 0.36289 - accuracy: 0.85894
Training epoch 2 | loss: 0.09355 - accuracy: 0.96922
Validating epoch 2 | loss: 0.43864 - accuracy: 0.87156
Training epoch 3 | loss: 0.0496 - accuracy: 0.98642
Validating epoch 3 | loss: 0.48055 - accuracy: 0.87615
Model is Bert, dataset is sst, undersample is None, aug mode is synonym, geo is 0.9, pct_usage is None, small_label is 0, small_prop is 0.8, balance_seed is 0, lr is 2e-05, max_epochs is 4, split_num is 0
Training epoch 0 | loss: 0.43936 - accuracy: 0.78208
Validating epoch 0 | loss: 0.36068 - accuracy: 0.86353
Training epoch 1 | loss: 0.19431 - accuracy: 0.92529
Validating epoch 1 | loss: 0.38565 - accuracy: 0.86124
Training epoch 2 | loss: 0.09072 - accuracy: 0.97124
Validating epoch 2 | loss: 0.4245 - accuracy: 0.87385
Training epoch 3 | loss: 0.05177 - accuracy: 0.98584
Validating epoch 3 | loss: 0.44942 - accuracy: 0.88876
Model is Bert, dataset is sst, undersample is False, aug mode is None, geo is None, pct_usage is None, small_label is 1, small_prop is 0.8, balance_seed is 0, lr is 2e-05, max_epochs is 4, split_num is 0
Training epoch 0 | loss: 0.44722 - accuracy: 0.77413
Validating epoch 0 | loss: 0.30669 - accuracy: 0.88188
Training epoch 1 | loss: 0.1983 - accuracy: 0.92818
Validating epoch 1 | loss: 0.36055 - accuracy: 0.86583
Training epoch 2 | loss: 0.08944 - accuracy: 0.96994
Validating epoch 2 | loss: 0.40763 - accuracy: 0.88303
Training epoch 3 | loss: 0.04285 - accuracy: 0.98858
Validating epoch 3 | loss: 0.45566 - accuracy: 0.87844
Model is Bert, dataset is sst, undersample is True, aug mode is None, geo is None, pct_usage is None, small_label is 1, small_prop is 0.8, balance_seed is 0, lr is 2e-05, max_epochs is 4, split_num is 0
Training epoch 0 | loss: 0.46474 - accuracy: 0.75535
Validating epoch 0 | loss: 0.37131 - accuracy: 0.86353
Training epoch 1 | loss: 0.18756 - accuracy: 0.93092
Validating epoch 1 | loss: 0.32621 - accuracy: 0.88188
Training epoch 2 | loss: 0.07831 - accuracy: 0.97486
Validating epoch 2 | loss: 0.45089 - accuracy: 0.88073
Training epoch 3 | loss: 0.03879 - accuracy: 0.98988
Validating epoch 3 | loss: 0.44901 - accuracy: 0.87959
Model is Bert, dataset is sst, undersample is None, aug mode is synonym, geo is 0.1, pct_usage is None, small_label is 1, small_prop is 0.8, balance_seed is 0, lr is 2e-05, max_epochs is 4, split_num is 0
Training epoch 0 | loss: 0.38295 - accuracy: 0.80621
Validating epoch 0 | loss: 0.46621 - accuracy: 0.78899
Training epoch 1 | loss: 0.13239 - accuracy: 0.95188
Validating epoch 1 | loss: 0.42628 - accuracy: 0.86009
Training epoch 2 | loss: 0.08389 - accuracy: 0.97095
Validating epoch 2 | loss: 0.40649 - accuracy: 0.87041
Training epoch 3 | loss: 0.05825 - accuracy: 0.98237
Validating epoch 3 | loss: 0.41789 - accuracy: 0.86812
Model is Bert, dataset is sst, undersample is None, aug mode is synonym, geo is 0.3, pct_usage is None, small_label is 1, small_prop is 0.8, balance_seed is 0, lr is 2e-05, max_epochs is 4, split_num is 0
Training epoch 0 | loss: 0.45995 - accuracy: 0.76965
Validating epoch 0 | loss: 0.34058 - accuracy: 0.85092
Training epoch 1 | loss: 0.19353 - accuracy: 0.92702
Validating epoch 1 | loss: 0.3093 - accuracy: 0.88417
Training epoch 2 | loss: 0.09942 - accuracy: 0.96749
Validating epoch 2 | loss: 0.34904 - accuracy: 0.88761
Training epoch 3 | loss: 0.05544 - accuracy: 0.9841
Validating epoch 3 | loss: 0.39135 - accuracy: 0.88991
Model is Bert, dataset is sst, undersample is None, aug mode is synonym, geo is 0.5, pct_usage is None, small_label is 1, small_prop is 0.8, balance_seed is 0, lr is 2e-05, max_epochs is 4, split_num is 0
Training epoch 0 | loss: 0.45806 - accuracy: 0.77211
Validating epoch 0 | loss: 0.30048 - accuracy: 0.86927
Training epoch 1 | loss: 0.20366 - accuracy: 0.92442
Validating epoch 1 | loss: 0.29838 - accuracy: 0.88876
Training epoch 2 | loss: 0.09836 - accuracy: 0.9711
Validating epoch 2 | loss: 0.35227 - accuracy: 0.88303
Training epoch 3 | loss: 0.06337 - accuracy: 0.98092
Validating epoch 3 | loss: 0.37613 - accuracy: 0.88761
Model is Bert, dataset is sst, undersample is None, aug mode is synonym, geo is 0.7, pct_usage is None, small_label is 1, small_prop is 0.8, balance_seed is 0, lr is 2e-05, max_epochs is 4, split_num is 0
Training epoch 0 | loss: 0.44404 - accuracy: 0.77428
Validating epoch 0 | loss: 0.32324 - accuracy: 0.87271
Training epoch 1 | loss: 0.19108 - accuracy: 0.9302
Validating epoch 1 | loss: 0.34728 - accuracy: 0.88532
Training epoch 2 | loss: 0.08344 - accuracy: 0.97211
Validating epoch 2 | loss: 0.39354 - accuracy: 0.8922
Training epoch 3 | loss: 0.04486 - accuracy: 0.98714
Validating epoch 3 | loss: 0.42723 - accuracy: 0.8922
Model is Bert, dataset is sst, undersample is None, aug mode is synonym, geo is 0.9, pct_usage is None, small_label is 1, small_prop is 0.8, balance_seed is 0, lr is 2e-05, max_epochs is 4, split_num is 0
Training epoch 0 | loss: 0.44144 - accuracy: 0.77659
Validating epoch 0 | loss: 0.28531 - accuracy: 0.89794
Training epoch 1 | loss: 0.17784 - accuracy: 0.93367
Validating epoch 1 | loss: 0.31424 - accuracy: 0.8945
Training epoch 2 | loss: 0.07482 - accuracy: 0.97746
Validating epoch 2 | loss: 0.38132 - accuracy: 0.89794
Training epoch 3 | loss: 0.03686 - accuracy: 0.99133
Validating epoch 3 | loss: 0.4141 - accuracy: 0.90023
