Model is Bert, dataset is sst, undersample is False, aug mode is None, geo is None, pct_usage is None, small_label is 0, small_prop is 0.2, balance_seed is 6, lr is 2e-05, max_epochs is 4, split_num is 0
Training epoch 0 | loss: 0.39118 - accuracy: 0.81214
Validating epoch 0 | loss: 0.66195 - accuracy: 0.76376
Training epoch 1 | loss: 0.08419 - accuracy: 0.97283
Validating epoch 1 | loss: 0.80881 - accuracy: 0.79358
Training epoch 2 | loss: 0.031 - accuracy: 0.99263
Validating epoch 2 | loss: 0.92587 - accuracy: 0.79931
Training epoch 3 | loss: 0.01643 - accuracy: 0.99725
Validating epoch 3 | loss: 0.86379 - accuracy: 0.80734
Model is Bert, dataset is sst, undersample is True, aug mode is None, geo is None, pct_usage is None, small_label is 0, small_prop is 0.2, balance_seed is 6, lr is 2e-05, max_epochs is 4, split_num is 0
Training epoch 0 | loss: 0.30668 - accuracy: 0.84928
Validating epoch 0 | loss: 0.45278 - accuracy: 0.86583
Training epoch 1 | loss: 0.02323 - accuracy: 0.99422
Validating epoch 1 | loss: 0.59893 - accuracy: 0.84977
Training epoch 2 | loss: 0.00272 - accuracy: 0.99971
Validating epoch 2 | loss: 0.7333 - accuracy: 0.84518
Training epoch 3 | loss: 0.00133 - accuracy: 1.0
Validating epoch 3 | loss: 0.77416 - accuracy: 0.8555
Model is Bert, dataset is sst, undersample is None, aug mode is synonym, geo is 0.1, pct_usage is None, small_label is 0, small_prop is 0.2, balance_seed is 6, lr is 2e-05, max_epochs is 4, split_num is 0
Training epoch 0 | loss: 0.34774 - accuracy: 0.83107
Validating epoch 0 | loss: 0.56855 - accuracy: 0.79587
Training epoch 1 | loss: 0.10166 - accuracy: 0.96402
Validating epoch 1 | loss: 0.77915 - accuracy: 0.75803
Training epoch 2 | loss: 0.04216 - accuracy: 0.98569
Validating epoch 2 | loss: 0.85792 - accuracy: 0.7867
Training epoch 3 | loss: 0.02371 - accuracy: 0.99335
Validating epoch 3 | loss: 0.93949 - accuracy: 0.77752
Model is Bert, dataset is sst, undersample is None, aug mode is synonym, geo is 0.3, pct_usage is None, small_label is 0, small_prop is 0.2, balance_seed is 6, lr is 2e-05, max_epochs is 4, split_num is 0
Training epoch 0 | loss: 0.38461 - accuracy: 0.80939
Validating epoch 0 | loss: 0.53641 - accuracy: 0.81651
Training epoch 1 | loss: 0.08811 - accuracy: 0.97052
Validating epoch 1 | loss: 0.78904 - accuracy: 0.78326
Training epoch 2 | loss: 0.02245 - accuracy: 0.99379
Validating epoch 2 | loss: 0.98079 - accuracy: 0.7867
Training epoch 3 | loss: 0.01361 - accuracy: 0.99581
Validating epoch 3 | loss: 0.981 - accuracy: 0.79472
Model is Bert, dataset is sst, undersample is None, aug mode is synonym, geo is 0.5, pct_usage is None, small_label is 0, small_prop is 0.2, balance_seed is 6, lr is 2e-05, max_epochs is 4, split_num is 0
Training epoch 0 | loss: 0.3836 - accuracy: 0.80607
Validating epoch 0 | loss: 0.59442 - accuracy: 0.81537
Training epoch 1 | loss: 0.08535 - accuracy: 0.97341
Validating epoch 1 | loss: 0.86059 - accuracy: 0.79128
Training epoch 2 | loss: 0.02905 - accuracy: 0.99147
Validating epoch 2 | loss: 0.94885 - accuracy: 0.79128
Training epoch 3 | loss: 0.01297 - accuracy: 0.99668
Validating epoch 3 | loss: 0.98172 - accuracy: 0.80734
Model is Bert, dataset is sst, undersample is None, aug mode is synonym, geo is 0.7, pct_usage is None, small_label is 0, small_prop is 0.2, balance_seed is 6, lr is 2e-05, max_epochs is 4, split_num is 0
Training epoch 0 | loss: 0.39651 - accuracy: 0.79379
Validating epoch 0 | loss: 0.40817 - accuracy: 0.85894
Training epoch 1 | loss: 0.08489 - accuracy: 0.97384
Validating epoch 1 | loss: 0.72584 - accuracy: 0.83486
Training epoch 2 | loss: 0.02293 - accuracy: 0.99379
Validating epoch 2 | loss: 0.93386 - accuracy: 0.81422
Training epoch 3 | loss: 0.01396 - accuracy: 0.99711
Validating epoch 3 | loss: 0.93838 - accuracy: 0.81422
Model is Bert, dataset is sst, undersample is None, aug mode is synonym, geo is 0.9, pct_usage is None, small_label is 0, small_prop is 0.2, balance_seed is 6, lr is 2e-05, max_epochs is 4, split_num is 0
Training epoch 0 | loss: 0.39816 - accuracy: 0.79798
Validating epoch 0 | loss: 0.45962 - accuracy: 0.8555
Training epoch 1 | loss: 0.07816 - accuracy: 0.97587
Validating epoch 1 | loss: 0.59299 - accuracy: 0.84289
Training epoch 2 | loss: 0.02064 - accuracy: 0.99451
Validating epoch 2 | loss: 0.83902 - accuracy: 0.81651
Training epoch 3 | loss: 0.01105 - accuracy: 0.99725
Validating epoch 3 | loss: 0.88136 - accuracy: 0.81422
Model is Bert, dataset is sst, undersample is False, aug mode is None, geo is None, pct_usage is None, small_label is 1, small_prop is 0.2, balance_seed is 6, lr is 2e-05, max_epochs is 4, split_num is 0
Training epoch 0 | loss: 0.3737 - accuracy: 0.8263
Validating epoch 0 | loss: 0.42245 - accuracy: 0.83716
Training epoch 1 | loss: 0.06412 - accuracy: 0.98136
Validating epoch 1 | loss: 0.61138 - accuracy: 0.8406
Training epoch 2 | loss: 0.02457 - accuracy: 0.99422
Validating epoch 2 | loss: 0.57402 - accuracy: 0.86124
Training epoch 3 | loss: 0.01216 - accuracy: 0.99754
Validating epoch 3 | loss: 0.64487 - accuracy: 0.85665
Model is Bert, dataset is sst, undersample is True, aug mode is None, geo is None, pct_usage is None, small_label is 1, small_prop is 0.2, balance_seed is 6, lr is 2e-05, max_epochs is 4, split_num is 0
Training epoch 0 | loss: 0.34027 - accuracy: 0.82818
Validating epoch 0 | loss: 0.44345 - accuracy: 0.86583
Training epoch 1 | loss: 0.02408 - accuracy: 0.99422
Validating epoch 1 | loss: 0.72432 - accuracy: 0.84289
Training epoch 2 | loss: 0.00566 - accuracy: 0.99899
Validating epoch 2 | loss: 0.70282 - accuracy: 0.84977
Training epoch 3 | loss: 0.00214 - accuracy: 0.99986
Validating epoch 3 | loss: 0.71303 - accuracy: 0.86812
Model is Bert, dataset is sst, undersample is None, aug mode is synonym, geo is 0.1, pct_usage is None, small_label is 1, small_prop is 0.2, balance_seed is 6, lr is 2e-05, max_epochs is 4, split_num is 0
Training epoch 0 | loss: 0.33559 - accuracy: 0.84176
Validating epoch 0 | loss: 0.38907 - accuracy: 0.84633
Training epoch 1 | loss: 0.08326 - accuracy: 0.97095
Validating epoch 1 | loss: 0.39033 - accuracy: 0.86239
Training epoch 2 | loss: 0.03475 - accuracy: 0.98873
Validating epoch 2 | loss: 0.60544 - accuracy: 0.8383
Training epoch 3 | loss: 0.01695 - accuracy: 0.99552
Validating epoch 3 | loss: 0.59983 - accuracy: 0.84862
Model is Bert, dataset is sst, undersample is None, aug mode is synonym, geo is 0.3, pct_usage is None, small_label is 1, small_prop is 0.2, balance_seed is 6, lr is 2e-05, max_epochs is 4, split_num is 0
Training epoch 0 | loss: 0.39132 - accuracy: 0.80592
Validating epoch 0 | loss: 0.31979 - accuracy: 0.86812
Training epoch 1 | loss: 0.10901 - accuracy: 0.96474
Validating epoch 1 | loss: 0.54301 - accuracy: 0.83945
Training epoch 2 | loss: 0.03647 - accuracy: 0.98902
Validating epoch 2 | loss: 0.59782 - accuracy: 0.84633
Training epoch 3 | loss: 0.01714 - accuracy: 0.99552
Validating epoch 3 | loss: 0.62914 - accuracy: 0.84977
Model is Bert, dataset is sst, undersample is None, aug mode is synonym, geo is 0.5, pct_usage is None, small_label is 1, small_prop is 0.2, balance_seed is 6, lr is 2e-05, max_epochs is 4, split_num is 0
Training epoch 0 | loss: 0.39033 - accuracy: 0.80939
Validating epoch 0 | loss: 0.39832 - accuracy: 0.8555
Training epoch 1 | loss: 0.07728 - accuracy: 0.97384
Validating epoch 1 | loss: 0.51692 - accuracy: 0.86927
Training epoch 2 | loss: 0.0261 - accuracy: 0.99292
Validating epoch 2 | loss: 0.58329 - accuracy: 0.8578
Training epoch 3 | loss: 0.01432 - accuracy: 0.99624
Validating epoch 3 | loss: 0.56478 - accuracy: 0.87156
Model is Bert, dataset is sst, undersample is None, aug mode is synonym, geo is 0.7, pct_usage is None, small_label is 1, small_prop is 0.2, balance_seed is 6, lr is 2e-05, max_epochs is 4, split_num is 0
Training epoch 0 | loss: 0.3751 - accuracy: 0.82298
Validating epoch 0 | loss: 0.39466 - accuracy: 0.86468
Training epoch 1 | loss: 0.07863 - accuracy: 0.97558
Validating epoch 1 | loss: 0.66513 - accuracy: 0.82798
Training epoch 2 | loss: 0.028 - accuracy: 0.99277
Validating epoch 2 | loss: 0.66826 - accuracy: 0.84633
Training epoch 3 | loss: 0.01548 - accuracy: 0.9961
Validating epoch 3 | loss: 0.60089 - accuracy: 0.86812
Model is Bert, dataset is sst, undersample is None, aug mode is synonym, geo is 0.9, pct_usage is None, small_label is 1, small_prop is 0.2, balance_seed is 6, lr is 2e-05, max_epochs is 4, split_num is 0
Training epoch 0 | loss: 0.40119 - accuracy: 0.79697
Validating epoch 0 | loss: 0.35374 - accuracy: 0.86697
Training epoch 1 | loss: 0.08195 - accuracy: 0.97529
Validating epoch 1 | loss: 0.42497 - accuracy: 0.87271
Training epoch 2 | loss: 0.02314 - accuracy: 0.9948
Validating epoch 2 | loss: 0.56808 - accuracy: 0.86927
Training epoch 3 | loss: 0.01435 - accuracy: 0.99697
Validating epoch 3 | loss: 0.58535 - accuracy: 0.86927
Model is Bert, dataset is sst, undersample is False, aug mode is None, geo is None, pct_usage is None, small_label is 0, small_prop is 0.4, balance_seed is 6, lr is 2e-05, max_epochs is 4, split_num is 0
Training epoch 0 | loss: 0.42047 - accuracy: 0.78512
Validating epoch 0 | loss: 0.39085 - accuracy: 0.86124
Training epoch 1 | loss: 0.14009 - accuracy: 0.95217
Validating epoch 1 | loss: 0.42133 - accuracy: 0.86697
Training epoch 2 | loss: 0.04878 - accuracy: 0.98685
Validating epoch 2 | loss: 0.57082 - accuracy: 0.86353
Training epoch 3 | loss: 0.02938 - accuracy: 0.9922
Validating epoch 3 | loss: 0.60898 - accuracy: 0.86239
Model is Bert, dataset is sst, undersample is True, aug mode is None, geo is None, pct_usage is None, small_label is 0, small_prop is 0.4, balance_seed is 6, lr is 2e-05, max_epochs is 4, split_num is 0
Training epoch 0 | loss: 0.36342 - accuracy: 0.82948
Validating epoch 0 | loss: 0.37225 - accuracy: 0.86353
Training epoch 1 | loss: 0.06933 - accuracy: 0.97919
Validating epoch 1 | loss: 0.48887 - accuracy: 0.87615
Training epoch 2 | loss: 0.0169 - accuracy: 0.99624
Validating epoch 2 | loss: 0.56541 - accuracy: 0.87041
Training epoch 3 | loss: 0.01004 - accuracy: 0.99783
Validating epoch 3 | loss: 0.57566 - accuracy: 0.87271
Model is Bert, dataset is sst, undersample is None, aug mode is synonym, geo is 0.1, pct_usage is None, small_label is 0, small_prop is 0.4, balance_seed is 6, lr is 2e-05, max_epochs is 4, split_num is 0
Training epoch 0 | loss: 0.34012 - accuracy: 0.8487
Validating epoch 0 | loss: 0.52259 - accuracy: 0.77867
Training epoch 1 | loss: 0.11362 - accuracy: 0.95882
Validating epoch 1 | loss: 0.5824 - accuracy: 0.81307
Training epoch 2 | loss: 0.05865 - accuracy: 0.97876
Validating epoch 2 | loss: 0.76895 - accuracy: 0.78784
Training epoch 3 | loss: 0.03718 - accuracy: 0.98945
Validating epoch 3 | loss: 0.70603 - accuracy: 0.8039
Model is Bert, dataset is sst, undersample is None, aug mode is synonym, geo is 0.3, pct_usage is None, small_label is 0, small_prop is 0.4, balance_seed is 6, lr is 2e-05, max_epochs is 4, split_num is 0
Training epoch 0 | loss: 0.3966 - accuracy: 0.80506
Validating epoch 0 | loss: 0.5519 - accuracy: 0.79702
Training epoch 1 | loss: 0.13593 - accuracy: 0.95188
Validating epoch 1 | loss: 0.58613 - accuracy: 0.82569
Training epoch 2 | loss: 0.05502 - accuracy: 0.98266
Validating epoch 2 | loss: 0.76933 - accuracy: 0.81995
Training epoch 3 | loss: 0.02609 - accuracy: 0.99191
Validating epoch 3 | loss: 0.77342 - accuracy: 0.82569
Model is Bert, dataset is sst, undersample is None, aug mode is synonym, geo is 0.5, pct_usage is None, small_label is 0, small_prop is 0.4, balance_seed is 6, lr is 2e-05, max_epochs is 4, split_num is 0
Training epoch 0 | loss: 0.405 - accuracy: 0.80766
Validating epoch 0 | loss: 0.34273 - accuracy: 0.86583
Training epoch 1 | loss: 0.14397 - accuracy: 0.95058
Validating epoch 1 | loss: 0.5193 - accuracy: 0.85206
Training epoch 2 | loss: 0.05614 - accuracy: 0.98237
Validating epoch 2 | loss: 0.61719 - accuracy: 0.85321
Training epoch 3 | loss: 0.03201 - accuracy: 0.99191
Validating epoch 3 | loss: 0.61804 - accuracy: 0.85321
Model is Bert, dataset is sst, undersample is None, aug mode is synonym, geo is 0.7, pct_usage is None, small_label is 0, small_prop is 0.4, balance_seed is 6, lr is 2e-05, max_epochs is 4, split_num is 0
Training epoch 0 | loss: 0.42007 - accuracy: 0.78988
Validating epoch 0 | loss: 0.30951 - accuracy: 0.87156
Training epoch 1 | loss: 0.142 - accuracy: 0.95087
Validating epoch 1 | loss: 0.5142 - accuracy: 0.85665
Training epoch 2 | loss: 0.04234 - accuracy: 0.98772
Validating epoch 2 | loss: 0.65524 - accuracy: 0.85436
Training epoch 3 | loss: 0.02178 - accuracy: 0.99494
Validating epoch 3 | loss: 0.67266 - accuracy: 0.8578
Model is Bert, dataset is sst, undersample is None, aug mode is synonym, geo is 0.9, pct_usage is None, small_label is 0, small_prop is 0.4, balance_seed is 6, lr is 2e-05, max_epochs is 4, split_num is 0
Training epoch 0 | loss: 0.41942 - accuracy: 0.79754
Validating epoch 0 | loss: 0.4174 - accuracy: 0.85665
Training epoch 1 | loss: 0.15799 - accuracy: 0.94523
Validating epoch 1 | loss: 0.41497 - accuracy: 0.86468
Training epoch 2 | loss: 0.06189 - accuracy: 0.98237
Validating epoch 2 | loss: 0.59209 - accuracy: 0.84862
Training epoch 3 | loss: 0.02909 - accuracy: 0.99277
Validating epoch 3 | loss: 0.59696 - accuracy: 0.86239
Model is Bert, dataset is sst, undersample is False, aug mode is None, geo is None, pct_usage is None, small_label is 1, small_prop is 0.4, balance_seed is 6, lr is 2e-05, max_epochs is 4, split_num is 0
Training epoch 0 | loss: 0.45138 - accuracy: 0.75954
Validating epoch 0 | loss: 0.31233 - accuracy: 0.88073
Training epoch 1 | loss: 0.12876 - accuracy: 0.95723
Validating epoch 1 | loss: 0.37322 - accuracy: 0.88303
Training epoch 2 | loss: 0.03714 - accuracy: 0.98931
Validating epoch 2 | loss: 0.45253 - accuracy: 0.88417
Training epoch 3 | loss: 0.01701 - accuracy: 0.99595
Validating epoch 3 | loss: 0.49822 - accuracy: 0.88303
Model is Bert, dataset is sst, undersample is True, aug mode is None, geo is None, pct_usage is None, small_label is 1, small_prop is 0.4, balance_seed is 6, lr is 2e-05, max_epochs is 4, split_num is 0
Training epoch 0 | loss: 0.38211 - accuracy: 0.82023
Validating epoch 0 | loss: 0.34005 - accuracy: 0.87156
Training epoch 1 | loss: 0.06843 - accuracy: 0.97876
Validating epoch 1 | loss: 0.51386 - accuracy: 0.86239
Training epoch 2 | loss: 0.01774 - accuracy: 0.99595
Validating epoch 2 | loss: 0.59266 - accuracy: 0.85436
Training epoch 3 | loss: 0.01055 - accuracy: 0.99682
Validating epoch 3 | loss: 0.58355 - accuracy: 0.86927
Model is Bert, dataset is sst, undersample is None, aug mode is synonym, geo is 0.1, pct_usage is None, small_label is 1, small_prop is 0.4, balance_seed is 6, lr is 2e-05, max_epochs is 4, split_num is 0
Training epoch 0 | loss: 0.34942 - accuracy: 0.83757
Validating epoch 0 | loss: 0.39695 - accuracy: 0.82683
Training epoch 1 | loss: 0.11777 - accuracy: 0.95607
Validating epoch 1 | loss: 0.49381 - accuracy: 0.84174
Training epoch 2 | loss: 0.06412 - accuracy: 0.97948
Validating epoch 2 | loss: 0.48524 - accuracy: 0.84977
Training epoch 3 | loss: 0.04082 - accuracy: 0.98584
Validating epoch 3 | loss: 0.44766 - accuracy: 0.87844
Model is Bert, dataset is sst, undersample is None, aug mode is synonym, geo is 0.3, pct_usage is None, small_label is 1, small_prop is 0.4, balance_seed is 6, lr is 2e-05, max_epochs is 4, split_num is 0
Training epoch 0 | loss: 0.41913 - accuracy: 0.79162
Validating epoch 0 | loss: 0.35285 - accuracy: 0.85321
Training epoch 1 | loss: 0.12937 - accuracy: 0.95694
Validating epoch 1 | loss: 0.36037 - accuracy: 0.87959
Training epoch 2 | loss: 0.05394 - accuracy: 0.98295
Validating epoch 2 | loss: 0.45654 - accuracy: 0.87615
Training epoch 3 | loss: 0.03087 - accuracy: 0.99205
Validating epoch 3 | loss: 0.47022 - accuracy: 0.87844
Model is Bert, dataset is sst, undersample is None, aug mode is synonym, geo is 0.5, pct_usage is None, small_label is 1, small_prop is 0.4, balance_seed is 6, lr is 2e-05, max_epochs is 4, split_num is 0
Training epoch 0 | loss: 0.4356 - accuracy: 0.78685
Validating epoch 0 | loss: 0.32898 - accuracy: 0.86468
Training epoch 1 | loss: 0.14217 - accuracy: 0.9487
Validating epoch 1 | loss: 0.36761 - accuracy: 0.875
Training epoch 2 | loss: 0.05379 - accuracy: 0.98526
Validating epoch 2 | loss: 0.4405 - accuracy: 0.87156
Training epoch 3 | loss: 0.03137 - accuracy: 0.99205
Validating epoch 3 | loss: 0.46573 - accuracy: 0.87615
Model is Bert, dataset is sst, undersample is None, aug mode is synonym, geo is 0.7, pct_usage is None, small_label is 1, small_prop is 0.4, balance_seed is 6, lr is 2e-05, max_epochs is 4, split_num is 0
Training epoch 0 | loss: 0.45128 - accuracy: 0.76416
Validating epoch 0 | loss: 0.31751 - accuracy: 0.87271
Training epoch 1 | loss: 0.14405 - accuracy: 0.95029
Validating epoch 1 | loss: 0.37868 - accuracy: 0.88417
Training epoch 2 | loss: 0.05373 - accuracy: 0.98396
Validating epoch 2 | loss: 0.44193 - accuracy: 0.88761
Training epoch 3 | loss: 0.02493 - accuracy: 0.99408
Validating epoch 3 | loss: 0.46786 - accuracy: 0.8945
Model is Bert, dataset is sst, undersample is None, aug mode is synonym, geo is 0.9, pct_usage is None, small_label is 1, small_prop is 0.4, balance_seed is 6, lr is 2e-05, max_epochs is 4, split_num is 0
Training epoch 0 | loss: 0.42464 - accuracy: 0.78425
Validating epoch 0 | loss: 0.33037 - accuracy: 0.86468
Training epoch 1 | loss: 0.1301 - accuracy: 0.95564
Validating epoch 1 | loss: 0.35538 - accuracy: 0.88303
Training epoch 2 | loss: 0.04874 - accuracy: 0.98685
Validating epoch 2 | loss: 0.45451 - accuracy: 0.87271
Training epoch 3 | loss: 0.02781 - accuracy: 0.99422
Validating epoch 3 | loss: 0.49926 - accuracy: 0.87041
Model is Bert, dataset is sst, undersample is False, aug mode is None, geo is None, pct_usage is None, small_label is 0, small_prop is 0.6, balance_seed is 6, lr is 2e-05, max_epochs is 4, split_num is 0
Training epoch 0 | loss: 0.43288 - accuracy: 0.78454
Validating epoch 0 | loss: 0.33107 - accuracy: 0.86353
Training epoch 1 | loss: 0.17261 - accuracy: 0.93815
Validating epoch 1 | loss: 0.40965 - accuracy: 0.87041
Training epoch 2 | loss: 0.07634 - accuracy: 0.97702
Validating epoch 2 | loss: 0.49905 - accuracy: 0.85436
Training epoch 3 | loss: 0.03828 - accuracy: 0.98988
Validating epoch 3 | loss: 0.5362 - accuracy: 0.86927
Model is Bert, dataset is sst, undersample is True, aug mode is None, geo is None, pct_usage is None, small_label is 0, small_prop is 0.6, balance_seed is 6, lr is 2e-05, max_epochs is 4, split_num is 0
Training epoch 0 | loss: 0.41588 - accuracy: 0.79538
Validating epoch 0 | loss: 0.34346 - accuracy: 0.875
Training epoch 1 | loss: 0.1214 - accuracy: 0.95983
Validating epoch 1 | loss: 0.42417 - accuracy: 0.86927
Training epoch 2 | loss: 0.04372 - accuracy: 0.98844
Validating epoch 2 | loss: 0.50897 - accuracy: 0.87271
Training epoch 3 | loss: 0.01902 - accuracy: 0.99581
Validating epoch 3 | loss: 0.5263 - accuracy: 0.87615
Model is Bert, dataset is sst, undersample is None, aug mode is synonym, geo is 0.1, pct_usage is None, small_label is 0, small_prop is 0.6, balance_seed is 6, lr is 2e-05, max_epochs is 4, split_num is 0
Training epoch 0 | loss: 0.36961 - accuracy: 0.81402
Validating epoch 0 | loss: 0.55641 - accuracy: 0.79014
Training epoch 1 | loss: 0.12614 - accuracy: 0.9513
Validating epoch 1 | loss: 0.57478 - accuracy: 0.81193
Training epoch 2 | loss: 0.06743 - accuracy: 0.97616
Validating epoch 2 | loss: 0.63885 - accuracy: 0.81537
Training epoch 3 | loss: 0.04031 - accuracy: 0.98671
Validating epoch 3 | loss: 0.6581 - accuracy: 0.82683
Model is Bert, dataset is sst, undersample is None, aug mode is synonym, geo is 0.3, pct_usage is None, small_label is 0, small_prop is 0.6, balance_seed is 6, lr is 2e-05, max_epochs is 4, split_num is 0
Training epoch 0 | loss: 0.41238 - accuracy: 0.79884
Validating epoch 0 | loss: 0.47633 - accuracy: 0.81078
Training epoch 1 | loss: 0.16592 - accuracy: 0.9396
Validating epoch 1 | loss: 0.46841 - accuracy: 0.84633
Training epoch 2 | loss: 0.07025 - accuracy: 0.9776
Validating epoch 2 | loss: 0.5815 - accuracy: 0.84174
Training epoch 3 | loss: 0.04092 - accuracy: 0.98685
Validating epoch 3 | loss: 0.57388 - accuracy: 0.8383
Model is Bert, dataset is sst, undersample is None, aug mode is synonym, geo is 0.5, pct_usage is None, small_label is 0, small_prop is 0.6, balance_seed is 6, lr is 2e-05, max_epochs is 4, split_num is 0
Training epoch 0 | loss: 0.41905 - accuracy: 0.79422
Validating epoch 0 | loss: 0.40034 - accuracy: 0.85092
Training epoch 1 | loss: 0.18503 - accuracy: 0.93092
Validating epoch 1 | loss: 0.46206 - accuracy: 0.84174
Training epoch 2 | loss: 0.08295 - accuracy: 0.97514
Validating epoch 2 | loss: 0.53717 - accuracy: 0.84748
Training epoch 3 | loss: 0.04617 - accuracy: 0.98844
Validating epoch 3 | loss: 0.57707 - accuracy: 0.85092
Model is Bert, dataset is sst, undersample is None, aug mode is synonym, geo is 0.7, pct_usage is None, small_label is 0, small_prop is 0.6, balance_seed is 6, lr is 2e-05, max_epochs is 4, split_num is 0
Training epoch 0 | loss: 0.44253 - accuracy: 0.77211
Validating epoch 0 | loss: 0.32863 - accuracy: 0.86697
Training epoch 1 | loss: 0.1782 - accuracy: 0.93497
Validating epoch 1 | loss: 0.42325 - accuracy: 0.86468
Training epoch 2 | loss: 0.07196 - accuracy: 0.9776
Validating epoch 2 | loss: 0.51591 - accuracy: 0.86583
Training epoch 3 | loss: 0.03599 - accuracy: 0.98858
Validating epoch 3 | loss: 0.56666 - accuracy: 0.87041
Model is Bert, dataset is sst, undersample is None, aug mode is synonym, geo is 0.9, pct_usage is None, small_label is 0, small_prop is 0.6, balance_seed is 6, lr is 2e-05, max_epochs is 4, split_num is 0
Training epoch 0 | loss: 0.41661 - accuracy: 0.79277
Validating epoch 0 | loss: 0.39184 - accuracy: 0.83486
Training epoch 1 | loss: 0.14695 - accuracy: 0.94812
Validating epoch 1 | loss: 0.39025 - accuracy: 0.87615
Training epoch 2 | loss: 0.05297 - accuracy: 0.98367
Validating epoch 2 | loss: 0.56476 - accuracy: 0.86468
Training epoch 3 | loss: 0.02551 - accuracy: 0.99321
Validating epoch 3 | loss: 0.60638 - accuracy: 0.87041
Model is Bert, dataset is sst, undersample is False, aug mode is None, geo is None, pct_usage is None, small_label is 1, small_prop is 0.6, balance_seed is 6, lr is 2e-05, max_epochs is 4, split_num is 0
Training epoch 0 | loss: 0.431 - accuracy: 0.78107
Validating epoch 0 | loss: 0.31525 - accuracy: 0.87615
Training epoch 1 | loss: 0.15506 - accuracy: 0.94465
Validating epoch 1 | loss: 0.33146 - accuracy: 0.88761
Training epoch 2 | loss: 0.05651 - accuracy: 0.98266
Validating epoch 2 | loss: 0.44072 - accuracy: 0.88761
Training epoch 3 | loss: 0.02462 - accuracy: 0.99379
Validating epoch 3 | loss: 0.48153 - accuracy: 0.88876
Model is Bert, dataset is sst, undersample is True, aug mode is None, geo is None, pct_usage is None, small_label is 1, small_prop is 0.6, balance_seed is 6, lr is 2e-05, max_epochs is 4, split_num is 0
Training epoch 0 | loss: 0.4453 - accuracy: 0.7698
Validating epoch 0 | loss: 0.29766 - accuracy: 0.87844
Training epoch 1 | loss: 0.13151 - accuracy: 0.9552
Validating epoch 1 | loss: 0.39427 - accuracy: 0.87729
Training epoch 2 | loss: 0.03887 - accuracy: 0.98786
Validating epoch 2 | loss: 0.46273 - accuracy: 0.88417
Training epoch 3 | loss: 0.0167 - accuracy: 0.9961
Validating epoch 3 | loss: 0.52724 - accuracy: 0.87959
Model is Bert, dataset is sst, undersample is None, aug mode is synonym, geo is 0.1, pct_usage is None, small_label is 1, small_prop is 0.6, balance_seed is 6, lr is 2e-05, max_epochs is 4, split_num is 0
Training epoch 0 | loss: 0.37326 - accuracy: 0.81199
Validating epoch 0 | loss: 0.36734 - accuracy: 0.84404
Training epoch 1 | loss: 0.11877 - accuracy: 0.95535
Validating epoch 1 | loss: 0.39287 - accuracy: 0.85665
Training epoch 2 | loss: 0.0631 - accuracy: 0.97991
Validating epoch 2 | loss: 0.51681 - accuracy: 0.86124
Training epoch 3 | loss: 0.04776 - accuracy: 0.9854
Validating epoch 3 | loss: 0.44701 - accuracy: 0.875
Model is Bert, dataset is sst, undersample is None, aug mode is synonym, geo is 0.3, pct_usage is None, small_label is 1, small_prop is 0.6, balance_seed is 6, lr is 2e-05, max_epochs is 4, split_num is 0
Training epoch 0 | loss: 0.41375 - accuracy: 0.79913
Validating epoch 0 | loss: 0.31857 - accuracy: 0.86812
Training epoch 1 | loss: 0.16182 - accuracy: 0.9422
Validating epoch 1 | loss: 0.35599 - accuracy: 0.88532
Training epoch 2 | loss: 0.07614 - accuracy: 0.97327
Validating epoch 2 | loss: 0.39597 - accuracy: 0.88532
Training epoch 3 | loss: 0.03845 - accuracy: 0.98902
Validating epoch 3 | loss: 0.42908 - accuracy: 0.88188
Model is Bert, dataset is sst, undersample is None, aug mode is synonym, geo is 0.5, pct_usage is None, small_label is 1, small_prop is 0.6, balance_seed is 6, lr is 2e-05, max_epochs is 4, split_num is 0
Training epoch 0 | loss: 0.43501 - accuracy: 0.78627
Validating epoch 0 | loss: 0.31555 - accuracy: 0.86468
Training epoch 1 | loss: 0.17343 - accuracy: 0.93656
Validating epoch 1 | loss: 0.36014 - accuracy: 0.89106
Training epoch 2 | loss: 0.07367 - accuracy: 0.97645
Validating epoch 2 | loss: 0.39036 - accuracy: 0.8945
Training epoch 3 | loss: 0.04299 - accuracy: 0.98671
Validating epoch 3 | loss: 0.4047 - accuracy: 0.8922
Model is Bert, dataset is sst, undersample is None, aug mode is synonym, geo is 0.7, pct_usage is None, small_label is 1, small_prop is 0.6, balance_seed is 6, lr is 2e-05, max_epochs is 4, split_num is 0
Training epoch 0 | loss: 0.43456 - accuracy: 0.78121
Validating epoch 0 | loss: 0.3077 - accuracy: 0.87959
Training epoch 1 | loss: 0.14967 - accuracy: 0.94624
Validating epoch 1 | loss: 0.35739 - accuracy: 0.88761
Training epoch 2 | loss: 0.05613 - accuracy: 0.98338
Validating epoch 2 | loss: 0.41877 - accuracy: 0.88991
Training epoch 3 | loss: 0.03166 - accuracy: 0.99162
Validating epoch 3 | loss: 0.45172 - accuracy: 0.89335
Model is Bert, dataset is sst, undersample is None, aug mode is synonym, geo is 0.9, pct_usage is None, small_label is 1, small_prop is 0.6, balance_seed is 6, lr is 2e-05, max_epochs is 4, split_num is 0
Training epoch 0 | loss: 0.42511 - accuracy: 0.7828
Validating epoch 0 | loss: 0.31515 - accuracy: 0.87385
Training epoch 1 | loss: 0.15519 - accuracy: 0.94364
Validating epoch 1 | loss: 0.33335 - accuracy: 0.88532
Training epoch 2 | loss: 0.05807 - accuracy: 0.98309
Validating epoch 2 | loss: 0.42686 - accuracy: 0.88303
Training epoch 3 | loss: 0.02828 - accuracy: 0.99234
Validating epoch 3 | loss: 0.46381 - accuracy: 0.88417
Model is Bert, dataset is sst, undersample is False, aug mode is None, geo is None, pct_usage is None, small_label is 0, small_prop is 0.8, balance_seed is 6, lr is 2e-05, max_epochs is 4, split_num is 0
Training epoch 0 | loss: 0.43871 - accuracy: 0.78844
Validating epoch 0 | loss: 0.36487 - accuracy: 0.84518
Training epoch 1 | loss: 0.20482 - accuracy: 0.92457
Validating epoch 1 | loss: 0.33984 - accuracy: 0.88073
Training epoch 2 | loss: 0.09054 - accuracy: 0.97413
Validating epoch 2 | loss: 0.42703 - accuracy: 0.87959
Training epoch 3 | loss: 0.0507 - accuracy: 0.98555
Validating epoch 3 | loss: 0.47673 - accuracy: 0.88073
Model is Bert, dataset is sst, undersample is True, aug mode is None, geo is None, pct_usage is None, small_label is 0, small_prop is 0.8, balance_seed is 6, lr is 2e-05, max_epochs is 4, split_num is 0
Training epoch 0 | loss: 0.42499 - accuracy: 0.79408
Validating epoch 0 | loss: 0.31439 - accuracy: 0.87844
Training epoch 1 | loss: 0.16857 - accuracy: 0.94075
Validating epoch 1 | loss: 0.36012 - accuracy: 0.87385
Training epoch 2 | loss: 0.06338 - accuracy: 0.98223
Validating epoch 2 | loss: 0.4602 - accuracy: 0.86812
Training epoch 3 | loss: 0.03377 - accuracy: 0.99162
Validating epoch 3 | loss: 0.4822 - accuracy: 0.87844
Model is Bert, dataset is sst, undersample is None, aug mode is synonym, geo is 0.1, pct_usage is None, small_label is 0, small_prop is 0.8, balance_seed is 6, lr is 2e-05, max_epochs is 4, split_num is 0
Training epoch 0 | loss: 0.3591 - accuracy: 0.83555
Validating epoch 0 | loss: 0.4046 - accuracy: 0.83257
Training epoch 1 | loss: 0.14025 - accuracy: 0.94581
Validating epoch 1 | loss: 0.481 - accuracy: 0.82225
Training epoch 2 | loss: 0.06765 - accuracy: 0.97688
Validating epoch 2 | loss: 0.59167 - accuracy: 0.82569
Training epoch 3 | loss: 0.04711 - accuracy: 0.98613
Validating epoch 3 | loss: 0.61564 - accuracy: 0.82683
Model is Bert, dataset is sst, undersample is None, aug mode is synonym, geo is 0.3, pct_usage is None, small_label is 0, small_prop is 0.8, balance_seed is 6, lr is 2e-05, max_epochs is 4, split_num is 0
Training epoch 0 | loss: 0.40562 - accuracy: 0.81329
Validating epoch 0 | loss: 0.34546 - accuracy: 0.86124
Training epoch 1 | loss: 0.17301 - accuracy: 0.93526
Validating epoch 1 | loss: 0.39837 - accuracy: 0.85321
Training epoch 2 | loss: 0.0909 - accuracy: 0.97124
Validating epoch 2 | loss: 0.4337 - accuracy: 0.86009
Training epoch 3 | loss: 0.05396 - accuracy: 0.98425
Validating epoch 3 | loss: 0.4996 - accuracy: 0.85206
Model is Bert, dataset is sst, undersample is None, aug mode is synonym, geo is 0.5, pct_usage is None, small_label is 0, small_prop is 0.8, balance_seed is 6, lr is 2e-05, max_epochs is 4, split_num is 0
Training epoch 0 | loss: 0.44873 - accuracy: 0.76705
Validating epoch 0 | loss: 0.34357 - accuracy: 0.86812
Training epoch 1 | loss: 0.20794 - accuracy: 0.92168
Validating epoch 1 | loss: 0.37209 - accuracy: 0.87729
Training epoch 2 | loss: 0.10059 - accuracy: 0.9672
Validating epoch 2 | loss: 0.51271 - accuracy: 0.85321
Training epoch 3 | loss: 0.05889 - accuracy: 0.98295
Validating epoch 3 | loss: 0.50195 - accuracy: 0.86697
Model is Bert, dataset is sst, undersample is None, aug mode is synonym, geo is 0.7, pct_usage is None, small_label is 0, small_prop is 0.8, balance_seed is 6, lr is 2e-05, max_epochs is 4, split_num is 0
Training epoch 0 | loss: 0.43786 - accuracy: 0.78613
Validating epoch 0 | loss: 0.35822 - accuracy: 0.85665
Training epoch 1 | loss: 0.20239 - accuracy: 0.92616
Validating epoch 1 | loss: 0.34283 - accuracy: 0.86583
Training epoch 2 | loss: 0.09694 - accuracy: 0.96922
Validating epoch 2 | loss: 0.4081 - accuracy: 0.86583
Training epoch 3 | loss: 0.05398 - accuracy: 0.98382
Validating epoch 3 | loss: 0.45063 - accuracy: 0.87729
Model is Bert, dataset is sst, undersample is None, aug mode is synonym, geo is 0.9, pct_usage is None, small_label is 0, small_prop is 0.8, balance_seed is 6, lr is 2e-05, max_epochs is 4, split_num is 0
Training epoch 0 | loss: 0.46886 - accuracy: 0.74798
Validating epoch 0 | loss: 0.30674 - accuracy: 0.87385
Training epoch 1 | loss: 0.19769 - accuracy: 0.92876
Validating epoch 1 | loss: 0.36038 - accuracy: 0.87156
Training epoch 2 | loss: 0.08661 - accuracy: 0.97139
Validating epoch 2 | loss: 0.434 - accuracy: 0.87844
Training epoch 3 | loss: 0.04166 - accuracy: 0.98801
Validating epoch 3 | loss: 0.47081 - accuracy: 0.87959
Model is Bert, dataset is sst, undersample is False, aug mode is None, geo is None, pct_usage is None, small_label is 1, small_prop is 0.8, balance_seed is 6, lr is 2e-05, max_epochs is 4, split_num is 0
Training epoch 0 | loss: 0.45212 - accuracy: 0.75896
Validating epoch 0 | loss: 0.30682 - accuracy: 0.87156
Training epoch 1 | loss: 0.18216 - accuracy: 0.93526
Validating epoch 1 | loss: 0.36908 - accuracy: 0.87959
Training epoch 2 | loss: 0.07795 - accuracy: 0.97457
Validating epoch 2 | loss: 0.39559 - accuracy: 0.88303
Training epoch 3 | loss: 0.03539 - accuracy: 0.99017
Validating epoch 3 | loss: 0.47277 - accuracy: 0.88761
Model is Bert, dataset is sst, undersample is True, aug mode is None, geo is None, pct_usage is None, small_label is 1, small_prop is 0.8, balance_seed is 6, lr is 2e-05, max_epochs is 4, split_num is 0
Training epoch 0 | loss: 0.40775 - accuracy: 0.8013
Validating epoch 0 | loss: 0.32399 - accuracy: 0.87615
Training epoch 1 | loss: 0.16165 - accuracy: 0.94422
Validating epoch 1 | loss: 0.38521 - accuracy: 0.875
Training epoch 2 | loss: 0.06894 - accuracy: 0.97905
Validating epoch 2 | loss: 0.41437 - accuracy: 0.88761
Training epoch 3 | loss: 0.03559 - accuracy: 0.98988
Validating epoch 3 | loss: 0.49062 - accuracy: 0.88647
Model is Bert, dataset is sst, undersample is None, aug mode is synonym, geo is 0.1, pct_usage is None, small_label is 1, small_prop is 0.8, balance_seed is 6, lr is 2e-05, max_epochs is 4, split_num is 0
Training epoch 0 | loss: 0.36698 - accuracy: 0.83092
Validating epoch 0 | loss: 0.45309 - accuracy: 0.81307
Training epoch 1 | loss: 0.1458 - accuracy: 0.94653
Validating epoch 1 | loss: 0.42642 - accuracy: 0.8406
Training epoch 2 | loss: 0.08664 - accuracy: 0.96951
Validating epoch 2 | loss: 0.40213 - accuracy: 0.86468
Training epoch 3 | loss: 0.05717 - accuracy: 0.98194
Validating epoch 3 | loss: 0.41788 - accuracy: 0.87844
Model is Bert, dataset is sst, undersample is None, aug mode is synonym, geo is 0.3, pct_usage is None, small_label is 1, small_prop is 0.8, balance_seed is 6, lr is 2e-05, max_epochs is 4, split_num is 0
Training epoch 0 | loss: 0.42438 - accuracy: 0.7948
Validating epoch 0 | loss: 0.30819 - accuracy: 0.87729
Training epoch 1 | loss: 0.18462 - accuracy: 0.93136
Validating epoch 1 | loss: 0.32062 - accuracy: 0.88991
Training epoch 2 | loss: 0.09589 - accuracy: 0.96893
Validating epoch 2 | loss: 0.36041 - accuracy: 0.89335
Training epoch 3 | loss: 0.05806 - accuracy: 0.9802
Validating epoch 3 | loss: 0.38853 - accuracy: 0.8945
Model is Bert, dataset is sst, undersample is None, aug mode is synonym, geo is 0.5, pct_usage is None, small_label is 1, small_prop is 0.8, balance_seed is 6, lr is 2e-05, max_epochs is 4, split_num is 0
Training epoch 0 | loss: 0.44884 - accuracy: 0.77124
Validating epoch 0 | loss: 0.30619 - accuracy: 0.88303
Training epoch 1 | loss: 0.18931 - accuracy: 0.93107
Validating epoch 1 | loss: 0.31546 - accuracy: 0.88417
Training epoch 2 | loss: 0.09179 - accuracy: 0.9698
Validating epoch 2 | loss: 0.34389 - accuracy: 0.89106
Training epoch 3 | loss: 0.05244 - accuracy: 0.98324
Validating epoch 3 | loss: 0.38399 - accuracy: 0.8945
Model is Bert, dataset is sst, undersample is None, aug mode is synonym, geo is 0.7, pct_usage is None, small_label is 1, small_prop is 0.8, balance_seed is 6, lr is 2e-05, max_epochs is 4, split_num is 0
Training epoch 0 | loss: 0.44529 - accuracy: 0.78208
Validating epoch 0 | loss: 0.31437 - accuracy: 0.88073
Training epoch 1 | loss: 0.19426 - accuracy: 0.92919
Validating epoch 1 | loss: 0.34364 - accuracy: 0.88761
Training epoch 2 | loss: 0.09573 - accuracy: 0.96749
Validating epoch 2 | loss: 0.38146 - accuracy: 0.88532
Training epoch 3 | loss: 0.05222 - accuracy: 0.98512
Validating epoch 3 | loss: 0.42179 - accuracy: 0.88647
Model is Bert, dataset is sst, undersample is None, aug mode is synonym, geo is 0.9, pct_usage is None, small_label is 1, small_prop is 0.8, balance_seed is 6, lr is 2e-05, max_epochs is 4, split_num is 0
Training epoch 0 | loss: 0.44153 - accuracy: 0.77702
Validating epoch 0 | loss: 0.31287 - accuracy: 0.88532
Training epoch 1 | loss: 0.17121 - accuracy: 0.93858
Validating epoch 1 | loss: 0.33988 - accuracy: 0.88417
Training epoch 2 | loss: 0.07673 - accuracy: 0.97471
Validating epoch 2 | loss: 0.40668 - accuracy: 0.89106
Training epoch 3 | loss: 0.0391 - accuracy: 0.98815
Validating epoch 3 | loss: 0.44127 - accuracy: 0.88647
