Model is Bert, dataset is sfu, undersample is None, aug mode is synonym, geo is 0.1, pct_usage is None, small_label is 0, small_prop is 0.2, balance_seed is 0, lr is 2e-05, max_epochs is 3, split_num is 1
Training epoch 0 | loss: 0.45684 - accuracy: 0.78723
Validating epoch 0 | loss: 0.55389 - accuracy: 0.70874
Training epoch 1 | loss: 0.14004 - accuracy: 0.96383
Validating epoch 1 | loss: 0.55279 - accuracy: 0.74757
Training epoch 2 | loss: 0.06703 - accuracy: 0.9883
Validating epoch 2 | loss: 0.73721 - accuracy: 0.69903
Model is Bert, dataset is sfu, undersample is None, aug mode is synonym, geo is 0.3, pct_usage is None, small_label is 0, small_prop is 0.2, balance_seed is 0, lr is 2e-05, max_epochs is 3, split_num is 1
Training epoch 0 | loss: 0.50431 - accuracy: 0.75426
Validating epoch 0 | loss: 0.4186 - accuracy: 0.83495
Training epoch 1 | loss: 0.22168 - accuracy: 0.94681
Validating epoch 1 | loss: 0.46268 - accuracy: 0.76699
Training epoch 2 | loss: 0.12872 - accuracy: 0.97872
Validating epoch 2 | loss: 0.4255 - accuracy: 0.78641
Model is Bert, dataset is sfu, undersample is None, aug mode is synonym, geo is 0.5, pct_usage is None, small_label is 0, small_prop is 0.2, balance_seed is 0, lr is 2e-05, max_epochs is 3, split_num is 1
Training epoch 0 | loss: 0.5302 - accuracy: 0.76383
Validating epoch 0 | loss: 0.33705 - accuracy: 0.87379
Training epoch 1 | loss: 0.25605 - accuracy: 0.91915
Validating epoch 1 | loss: 0.36016 - accuracy: 0.83495
Training epoch 2 | loss: 0.15493 - accuracy: 0.95745
Validating epoch 2 | loss: 0.34845 - accuracy: 0.84466
Model is Bert, dataset is sfu, undersample is None, aug mode is synonym, geo is 0.7, pct_usage is None, small_label is 0, small_prop is 0.2, balance_seed is 0, lr is 2e-05, max_epochs is 3, split_num is 1
Training epoch 0 | loss: 0.56748 - accuracy: 0.71064
Validating epoch 0 | loss: 0.41169 - accuracy: 0.85437
Training epoch 1 | loss: 0.2596 - accuracy: 0.93617
Validating epoch 1 | loss: 0.37233 - accuracy: 0.83495
Training epoch 2 | loss: 0.15284 - accuracy: 0.9734
Validating epoch 2 | loss: 0.4044 - accuracy: 0.80583
Model is Bert, dataset is sfu, undersample is None, aug mode is synonym, geo is 0.9, pct_usage is None, small_label is 0, small_prop is 0.2, balance_seed is 0, lr is 2e-05, max_epochs is 3, split_num is 1
Training epoch 0 | loss: 0.52617 - accuracy: 0.79149
Validating epoch 0 | loss: 0.39426 - accuracy: 0.81553
Training epoch 1 | loss: 0.24852 - accuracy: 0.94574
Validating epoch 1 | loss: 0.40664 - accuracy: 0.80583
Training epoch 2 | loss: 0.13889 - accuracy: 0.97979
Validating epoch 2 | loss: 0.45926 - accuracy: 0.81553
Model is Bert, dataset is sfu, undersample is False, aug mode is None, geo is None, pct_usage is None, small_label is 0, small_prop is 0.2, balance_seed is 0, lr is 2e-05, max_epochs is 3, split_num is 1
Training epoch 0 | loss: 0.59105 - accuracy: 0.67766
Validating epoch 0 | loss: 0.46205 - accuracy: 0.82524
Training epoch 1 | loss: 0.30636 - accuracy: 0.9117
Validating epoch 1 | loss: 0.42523 - accuracy: 0.81553
Training epoch 2 | loss: 0.16166 - accuracy: 0.96277
Validating epoch 2 | loss: 0.46532 - accuracy: 0.80583
Model is Bert, dataset is sfu, undersample is True, aug mode is None, geo is None, pct_usage is None, small_label is 0, small_prop is 0.2, balance_seed is 0, lr is 2e-05, max_epochs is 3, split_num is 1
Training epoch 0 | loss: 0.51926 - accuracy: 0.7383
Validating epoch 0 | loss: 0.38501 - accuracy: 0.81553
Training epoch 1 | loss: 0.1377 - accuracy: 0.98511
Validating epoch 1 | loss: 0.3777 - accuracy: 0.83495
Training epoch 2 | loss: 0.0536 - accuracy: 1.0
Validating epoch 2 | loss: 0.417 - accuracy: 0.84466
Model is Bert, dataset is sfu, undersample is None, aug mode is synonym, geo is 0.1, pct_usage is None, small_label is 1, small_prop is 0.2, balance_seed is 0, lr is 2e-05, max_epochs is 3, split_num is 1
Training epoch 0 | loss: 0.46764 - accuracy: 0.8117
Validating epoch 0 | loss: 0.51157 - accuracy: 0.7767
Training epoch 1 | loss: 0.2146 - accuracy: 0.95
Validating epoch 1 | loss: 0.58331 - accuracy: 0.70874
Training epoch 2 | loss: 0.11654 - accuracy: 0.98617
Validating epoch 2 | loss: 0.5639 - accuracy: 0.73786
Model is Bert, dataset is sfu, undersample is None, aug mode is synonym, geo is 0.3, pct_usage is None, small_label is 1, small_prop is 0.2, balance_seed is 0, lr is 2e-05, max_epochs is 3, split_num is 1
Training epoch 0 | loss: 0.51484 - accuracy: 0.80426
Validating epoch 0 | loss: 0.4905 - accuracy: 0.76699
Training epoch 1 | loss: 0.24578 - accuracy: 0.93617
Validating epoch 1 | loss: 0.44524 - accuracy: 0.80583
Training epoch 2 | loss: 0.14605 - accuracy: 0.97979
Validating epoch 2 | loss: 0.46138 - accuracy: 0.81553
Model is Bert, dataset is sfu, undersample is None, aug mode is synonym, geo is 0.5, pct_usage is None, small_label is 1, small_prop is 0.2, balance_seed is 0, lr is 2e-05, max_epochs is 3, split_num is 1
Training epoch 0 | loss: 0.57761 - accuracy: 0.68298
Validating epoch 0 | loss: 0.47234 - accuracy: 0.76699
Training epoch 1 | loss: 0.25238 - accuracy: 0.91489
Validating epoch 1 | loss: 0.50421 - accuracy: 0.7767
Training epoch 2 | loss: 0.14942 - accuracy: 0.95957
Validating epoch 2 | loss: 0.54499 - accuracy: 0.7767
Model is Bert, dataset is sfu, undersample is None, aug mode is synonym, geo is 0.7, pct_usage is None, small_label is 1, small_prop is 0.2, balance_seed is 0, lr is 2e-05, max_epochs is 3, split_num is 1
Training epoch 0 | loss: 0.52668 - accuracy: 0.75106
Validating epoch 0 | loss: 0.36237 - accuracy: 0.83495
Training epoch 1 | loss: 0.20284 - accuracy: 0.94787
Validating epoch 1 | loss: 0.42694 - accuracy: 0.82524
Training epoch 2 | loss: 0.11288 - accuracy: 0.97234
Validating epoch 2 | loss: 0.48836 - accuracy: 0.83495
Model is Bert, dataset is sfu, undersample is None, aug mode is synonym, geo is 0.9, pct_usage is None, small_label is 1, small_prop is 0.2, balance_seed is 0, lr is 2e-05, max_epochs is 3, split_num is 1
Training epoch 0 | loss: 0.4963 - accuracy: 0.77021
Validating epoch 0 | loss: 0.40612 - accuracy: 0.83495
Training epoch 1 | loss: 0.21206 - accuracy: 0.94043
Validating epoch 1 | loss: 0.48591 - accuracy: 0.83495
Training epoch 2 | loss: 0.1206 - accuracy: 0.97447
Validating epoch 2 | loss: 0.47964 - accuracy: 0.80583
Model is Bert, dataset is sfu, undersample is False, aug mode is None, geo is None, pct_usage is None, small_label is 1, small_prop is 0.2, balance_seed is 0, lr is 2e-05, max_epochs is 3, split_num is 1
Training epoch 0 | loss: 0.59513 - accuracy: 0.70532
Validating epoch 0 | loss: 0.41943 - accuracy: 0.82524
Training epoch 1 | loss: 0.27287 - accuracy: 0.95
Validating epoch 1 | loss: 0.36785 - accuracy: 0.86408
Training epoch 2 | loss: 0.16167 - accuracy: 0.9734
Validating epoch 2 | loss: 0.36261 - accuracy: 0.85437
Model is Bert, dataset is sfu, undersample is True, aug mode is None, geo is None, pct_usage is None, small_label is 1, small_prop is 0.2, balance_seed is 0, lr is 2e-05, max_epochs is 3, split_num is 1
Training epoch 0 | loss: 0.49075 - accuracy: 0.75851
Validating epoch 0 | loss: 0.3654 - accuracy: 0.87379
Training epoch 1 | loss: 0.14825 - accuracy: 0.9734
Validating epoch 1 | loss: 0.45204 - accuracy: 0.79612
Training epoch 2 | loss: 0.07732 - accuracy: 0.99255
Validating epoch 2 | loss: 0.49024 - accuracy: 0.79612
Model is Bert, dataset is sfu, undersample is None, aug mode is synonym, geo is 0.1, pct_usage is None, small_label is 0, small_prop is 0.4, balance_seed is 0, lr is 2e-05, max_epochs is 3, split_num is 1
Training epoch 0 | loss: 0.50327 - accuracy: 0.75213
Validating epoch 0 | loss: 0.46086 - accuracy: 0.76699
Training epoch 1 | loss: 0.19958 - accuracy: 0.9383
Validating epoch 1 | loss: 0.46595 - accuracy: 0.75728
Training epoch 2 | loss: 0.11706 - accuracy: 0.96489
Validating epoch 2 | loss: 0.46282 - accuracy: 0.76699
Model is Bert, dataset is sfu, undersample is None, aug mode is synonym, geo is 0.3, pct_usage is None, small_label is 0, small_prop is 0.4, balance_seed is 0, lr is 2e-05, max_epochs is 3, split_num is 1
Training epoch 0 | loss: 0.52252 - accuracy: 0.75638
Validating epoch 0 | loss: 0.44234 - accuracy: 0.80583
Training epoch 1 | loss: 0.29706 - accuracy: 0.90106
Validating epoch 1 | loss: 0.3922 - accuracy: 0.83495
Training epoch 2 | loss: 0.21555 - accuracy: 0.94149
Validating epoch 2 | loss: 0.41926 - accuracy: 0.82524
Model is Bert, dataset is sfu, undersample is None, aug mode is synonym, geo is 0.5, pct_usage is None, small_label is 0, small_prop is 0.4, balance_seed is 0, lr is 2e-05, max_epochs is 3, split_num is 1
Training epoch 0 | loss: 0.52356 - accuracy: 0.75532
Validating epoch 0 | loss: 0.37396 - accuracy: 0.81553
Training epoch 1 | loss: 0.25463 - accuracy: 0.92766
Validating epoch 1 | loss: 0.3812 - accuracy: 0.83495
Training epoch 2 | loss: 0.16191 - accuracy: 0.96702
Validating epoch 2 | loss: 0.39491 - accuracy: 0.83495
Model is Bert, dataset is sfu, undersample is None, aug mode is synonym, geo is 0.7, pct_usage is None, small_label is 0, small_prop is 0.4, balance_seed is 0, lr is 2e-05, max_epochs is 3, split_num is 1
Training epoch 0 | loss: 0.4885 - accuracy: 0.75851
Validating epoch 0 | loss: 0.37037 - accuracy: 0.84466
Training epoch 1 | loss: 0.24844 - accuracy: 0.91915
Validating epoch 1 | loss: 0.39102 - accuracy: 0.82524
Training epoch 2 | loss: 0.16769 - accuracy: 0.96064
Validating epoch 2 | loss: 0.3705 - accuracy: 0.82524
Model is Bert, dataset is sfu, undersample is None, aug mode is synonym, geo is 0.9, pct_usage is None, small_label is 0, small_prop is 0.4, balance_seed is 0, lr is 2e-05, max_epochs is 3, split_num is 1
Training epoch 0 | loss: 0.57973 - accuracy: 0.65851
Validating epoch 0 | loss: 0.44488 - accuracy: 0.82524
Training epoch 1 | loss: 0.34574 - accuracy: 0.87553
Validating epoch 1 | loss: 0.4008 - accuracy: 0.85437
Training epoch 2 | loss: 0.23049 - accuracy: 0.93404
Validating epoch 2 | loss: 0.35208 - accuracy: 0.83495
Model is Bert, dataset is sfu, undersample is False, aug mode is None, geo is None, pct_usage is None, small_label is 0, small_prop is 0.4, balance_seed is 0, lr is 2e-05, max_epochs is 3, split_num is 1
Training epoch 0 | loss: 0.58984 - accuracy: 0.69574
Validating epoch 0 | loss: 0.40813 - accuracy: 0.87379
Training epoch 1 | loss: 0.34446 - accuracy: 0.87447
Validating epoch 1 | loss: 0.38557 - accuracy: 0.86408
Training epoch 2 | loss: 0.25265 - accuracy: 0.91702
Validating epoch 2 | loss: 0.38434 - accuracy: 0.81553
Model is Bert, dataset is sfu, undersample is True, aug mode is None, geo is None, pct_usage is None, small_label is 0, small_prop is 0.4, balance_seed is 0, lr is 2e-05, max_epochs is 3, split_num is 1
Training epoch 0 | loss: 0.54957 - accuracy: 0.73404
Validating epoch 0 | loss: 0.38434 - accuracy: 0.86408
Training epoch 1 | loss: 0.23704 - accuracy: 0.93936
Validating epoch 1 | loss: 0.3496 - accuracy: 0.8835
Training epoch 2 | loss: 0.13189 - accuracy: 0.9766
Validating epoch 2 | loss: 0.33703 - accuracy: 0.86408
Model is Bert, dataset is sfu, undersample is None, aug mode is synonym, geo is 0.1, pct_usage is None, small_label is 1, small_prop is 0.4, balance_seed is 0, lr is 2e-05, max_epochs is 3, split_num is 1
Training epoch 0 | loss: 0.58367 - accuracy: 0.65745
Validating epoch 0 | loss: 0.45103 - accuracy: 0.80583
Training epoch 1 | loss: 0.23266 - accuracy: 0.9383
Validating epoch 1 | loss: 0.58723 - accuracy: 0.74757
Training epoch 2 | loss: 0.11554 - accuracy: 0.96702
Validating epoch 2 | loss: 0.71994 - accuracy: 0.70874
Model is Bert, dataset is sfu, undersample is None, aug mode is synonym, geo is 0.3, pct_usage is None, small_label is 1, small_prop is 0.4, balance_seed is 0, lr is 2e-05, max_epochs is 3, split_num is 1
Training epoch 0 | loss: 0.50217 - accuracy: 0.77872
Validating epoch 0 | loss: 0.36052 - accuracy: 0.86408
Training epoch 1 | loss: 0.28561 - accuracy: 0.90106
Validating epoch 1 | loss: 0.35082 - accuracy: 0.85437
Training epoch 2 | loss: 0.19649 - accuracy: 0.94787
Validating epoch 2 | loss: 0.36036 - accuracy: 0.87379
Model is Bert, dataset is sfu, undersample is None, aug mode is synonym, geo is 0.5, pct_usage is None, small_label is 1, small_prop is 0.4, balance_seed is 0, lr is 2e-05, max_epochs is 3, split_num is 1
Training epoch 0 | loss: 0.60699 - accuracy: 0.66702
Validating epoch 0 | loss: 0.49623 - accuracy: 0.78641
Training epoch 1 | loss: 0.32734 - accuracy: 0.88617
Validating epoch 1 | loss: 0.391 - accuracy: 0.82524
Training epoch 2 | loss: 0.25294 - accuracy: 0.90957
Validating epoch 2 | loss: 0.41016 - accuracy: 0.83495
Model is Bert, dataset is sfu, undersample is None, aug mode is synonym, geo is 0.7, pct_usage is None, small_label is 1, small_prop is 0.4, balance_seed is 0, lr is 2e-05, max_epochs is 3, split_num is 1
Training epoch 0 | loss: 0.55758 - accuracy: 0.71596
Validating epoch 0 | loss: 0.39934 - accuracy: 0.83495
Training epoch 1 | loss: 0.30826 - accuracy: 0.89681
Validating epoch 1 | loss: 0.39285 - accuracy: 0.82524
Training epoch 2 | loss: 0.2301 - accuracy: 0.91702
Validating epoch 2 | loss: 0.38858 - accuracy: 0.83495
Model is Bert, dataset is sfu, undersample is None, aug mode is synonym, geo is 0.9, pct_usage is None, small_label is 1, small_prop is 0.4, balance_seed is 0, lr is 2e-05, max_epochs is 3, split_num is 1
Training epoch 0 | loss: 0.59282 - accuracy: 0.67021
Validating epoch 0 | loss: 0.4191 - accuracy: 0.83495
Training epoch 1 | loss: 0.3075 - accuracy: 0.89043
Validating epoch 1 | loss: 0.37416 - accuracy: 0.83495
Training epoch 2 | loss: 0.19456 - accuracy: 0.94894
Validating epoch 2 | loss: 0.41851 - accuracy: 0.84466
Model is Bert, dataset is sfu, undersample is False, aug mode is None, geo is None, pct_usage is None, small_label is 1, small_prop is 0.4, balance_seed is 0, lr is 2e-05, max_epochs is 3, split_num is 1
Training epoch 0 | loss: 0.63511 - accuracy: 0.66064
Validating epoch 0 | loss: 0.50692 - accuracy: 0.82524
Training epoch 1 | loss: 0.33098 - accuracy: 0.88936
Validating epoch 1 | loss: 0.44345 - accuracy: 0.84466
Training epoch 2 | loss: 0.20452 - accuracy: 0.94149
Validating epoch 2 | loss: 0.47668 - accuracy: 0.84466
Model is Bert, dataset is sfu, undersample is True, aug mode is None, geo is None, pct_usage is None, small_label is 1, small_prop is 0.4, balance_seed is 0, lr is 2e-05, max_epochs is 3, split_num is 1
Training epoch 0 | loss: 0.52768 - accuracy: 0.78085
Validating epoch 0 | loss: 0.41791 - accuracy: 0.82524
Training epoch 1 | loss: 0.29037 - accuracy: 0.89574
Validating epoch 1 | loss: 0.43125 - accuracy: 0.7767
Training epoch 2 | loss: 0.18415 - accuracy: 0.95319
Validating epoch 2 | loss: 0.45543 - accuracy: 0.80583
Model is Bert, dataset is sfu, undersample is None, aug mode is synonym, geo is 0.1, pct_usage is None, small_label is 0, small_prop is 0.6, balance_seed is 0, lr is 2e-05, max_epochs is 3, split_num is 1
Training epoch 0 | loss: 0.46498 - accuracy: 0.77766
Validating epoch 0 | loss: 0.40411 - accuracy: 0.78641
Training epoch 1 | loss: 0.25847 - accuracy: 0.91064
Validating epoch 1 | loss: 0.38071 - accuracy: 0.81553
Training epoch 2 | loss: 0.18938 - accuracy: 0.94362
Validating epoch 2 | loss: 0.49169 - accuracy: 0.76699
Model is Bert, dataset is sfu, undersample is None, aug mode is synonym, geo is 0.3, pct_usage is None, small_label is 0, small_prop is 0.6, balance_seed is 0, lr is 2e-05, max_epochs is 3, split_num is 1
Training epoch 0 | loss: 0.62055 - accuracy: 0.65
Validating epoch 0 | loss: 0.46488 - accuracy: 0.83495
Training epoch 1 | loss: 0.33837 - accuracy: 0.89468
Validating epoch 1 | loss: 0.41383 - accuracy: 0.82524
Training epoch 2 | loss: 0.21423 - accuracy: 0.93617
Validating epoch 2 | loss: 0.42398 - accuracy: 0.82524
Model is Bert, dataset is sfu, undersample is None, aug mode is synonym, geo is 0.5, pct_usage is None, small_label is 0, small_prop is 0.6, balance_seed is 0, lr is 2e-05, max_epochs is 3, split_num is 1
Training epoch 0 | loss: 0.56201 - accuracy: 0.71489
Validating epoch 0 | loss: 0.38881 - accuracy: 0.84466
Training epoch 1 | loss: 0.29613 - accuracy: 0.90319
Validating epoch 1 | loss: 0.36701 - accuracy: 0.83495
Training epoch 2 | loss: 0.21157 - accuracy: 0.9266
Validating epoch 2 | loss: 0.38964 - accuracy: 0.81553
Model is Bert, dataset is sfu, undersample is None, aug mode is synonym, geo is 0.7, pct_usage is None, small_label is 0, small_prop is 0.6, balance_seed is 0, lr is 2e-05, max_epochs is 3, split_num is 1
Training epoch 0 | loss: 0.56159 - accuracy: 0.69468
Validating epoch 0 | loss: 0.36923 - accuracy: 0.86408
Training epoch 1 | loss: 0.28966 - accuracy: 0.90213
Validating epoch 1 | loss: 0.39025 - accuracy: 0.81553
Training epoch 2 | loss: 0.21406 - accuracy: 0.94149
Validating epoch 2 | loss: 0.41761 - accuracy: 0.78641
Model is Bert, dataset is sfu, undersample is None, aug mode is synonym, geo is 0.9, pct_usage is None, small_label is 0, small_prop is 0.6, balance_seed is 0, lr is 2e-05, max_epochs is 3, split_num is 1
Training epoch 0 | loss: 0.56389 - accuracy: 0.68085
Validating epoch 0 | loss: 0.37818 - accuracy: 0.8932
Training epoch 1 | loss: 0.32046 - accuracy: 0.8883
Validating epoch 1 | loss: 0.39244 - accuracy: 0.81553
Training epoch 2 | loss: 0.21499 - accuracy: 0.93936
Validating epoch 2 | loss: 0.38479 - accuracy: 0.83495
Model is Bert, dataset is sfu, undersample is False, aug mode is None, geo is None, pct_usage is None, small_label is 0, small_prop is 0.6, balance_seed is 0, lr is 2e-05, max_epochs is 3, split_num is 1
Training epoch 0 | loss: 0.55947 - accuracy: 0.71915
Validating epoch 0 | loss: 0.4074 - accuracy: 0.83495
Training epoch 1 | loss: 0.31535 - accuracy: 0.89362
Validating epoch 1 | loss: 0.38082 - accuracy: 0.8835
Training epoch 2 | loss: 0.23406 - accuracy: 0.91596
Validating epoch 2 | loss: 0.36269 - accuracy: 0.82524
Model is Bert, dataset is sfu, undersample is True, aug mode is None, geo is None, pct_usage is None, small_label is 0, small_prop is 0.6, balance_seed is 0, lr is 2e-05, max_epochs is 3, split_num is 1
Training epoch 0 | loss: 0.55562 - accuracy: 0.71277
Validating epoch 0 | loss: 0.42621 - accuracy: 0.83495
Training epoch 1 | loss: 0.29359 - accuracy: 0.91702
Validating epoch 1 | loss: 0.39451 - accuracy: 0.83495
Training epoch 2 | loss: 0.20261 - accuracy: 0.94894
Validating epoch 2 | loss: 0.40956 - accuracy: 0.83495
Model is Bert, dataset is sfu, undersample is None, aug mode is synonym, geo is 0.1, pct_usage is None, small_label is 1, small_prop is 0.6, balance_seed is 0, lr is 2e-05, max_epochs is 3, split_num is 1
Training epoch 0 | loss: 0.51805 - accuracy: 0.77447
Validating epoch 0 | loss: 0.47081 - accuracy: 0.7767
Training epoch 1 | loss: 0.25175 - accuracy: 0.93511
Validating epoch 1 | loss: 0.47271 - accuracy: 0.7767
Training epoch 2 | loss: 0.18087 - accuracy: 0.94681
Validating epoch 2 | loss: 0.49424 - accuracy: 0.76699
Model is Bert, dataset is sfu, undersample is None, aug mode is synonym, geo is 0.3, pct_usage is None, small_label is 1, small_prop is 0.6, balance_seed is 0, lr is 2e-05, max_epochs is 3, split_num is 1
Training epoch 0 | loss: 0.56385 - accuracy: 0.72021
Validating epoch 0 | loss: 0.39339 - accuracy: 0.83495
Training epoch 1 | loss: 0.29626 - accuracy: 0.91383
Validating epoch 1 | loss: 0.40233 - accuracy: 0.82524
Training epoch 2 | loss: 0.20846 - accuracy: 0.94787
Validating epoch 2 | loss: 0.42288 - accuracy: 0.80583
Model is Bert, dataset is sfu, undersample is None, aug mode is synonym, geo is 0.5, pct_usage is None, small_label is 1, small_prop is 0.6, balance_seed is 0, lr is 2e-05, max_epochs is 3, split_num is 1
Training epoch 0 | loss: 0.54138 - accuracy: 0.70851
Validating epoch 0 | loss: 0.40543 - accuracy: 0.79612
Training epoch 1 | loss: 0.29641 - accuracy: 0.89362
Validating epoch 1 | loss: 0.35262 - accuracy: 0.86408
Training epoch 2 | loss: 0.21887 - accuracy: 0.93511
Validating epoch 2 | loss: 0.34239 - accuracy: 0.85437
Model is Bert, dataset is sfu, undersample is None, aug mode is synonym, geo is 0.7, pct_usage is None, small_label is 1, small_prop is 0.6, balance_seed is 0, lr is 2e-05, max_epochs is 3, split_num is 1
Training epoch 0 | loss: 0.60559 - accuracy: 0.64894
Validating epoch 0 | loss: 0.44907 - accuracy: 0.81553
Training epoch 1 | loss: 0.32181 - accuracy: 0.88617
Validating epoch 1 | loss: 0.39667 - accuracy: 0.82524
Training epoch 2 | loss: 0.2266 - accuracy: 0.93511
Validating epoch 2 | loss: 0.40451 - accuracy: 0.82524
Model is Bert, dataset is sfu, undersample is None, aug mode is synonym, geo is 0.9, pct_usage is None, small_label is 1, small_prop is 0.6, balance_seed is 0, lr is 2e-05, max_epochs is 3, split_num is 1
Training epoch 0 | loss: 0.54021 - accuracy: 0.7383
Validating epoch 0 | loss: 0.38946 - accuracy: 0.8835
Training epoch 1 | loss: 0.33384 - accuracy: 0.88511
Validating epoch 1 | loss: 0.35717 - accuracy: 0.82524
Training epoch 2 | loss: 0.25349 - accuracy: 0.92021
Validating epoch 2 | loss: 0.35703 - accuracy: 0.86408
Model is Bert, dataset is sfu, undersample is False, aug mode is None, geo is None, pct_usage is None, small_label is 1, small_prop is 0.6, balance_seed is 0, lr is 2e-05, max_epochs is 3, split_num is 1
Training epoch 0 | loss: 0.51175 - accuracy: 0.74043
Validating epoch 0 | loss: 0.37606 - accuracy: 0.83495
Training epoch 1 | loss: 0.31711 - accuracy: 0.87979
Validating epoch 1 | loss: 0.34296 - accuracy: 0.84466
Training epoch 2 | loss: 0.2195 - accuracy: 0.93617
Validating epoch 2 | loss: 0.34852 - accuracy: 0.84466
Model is Bert, dataset is sfu, undersample is True, aug mode is None, geo is None, pct_usage is None, small_label is 1, small_prop is 0.6, balance_seed is 0, lr is 2e-05, max_epochs is 3, split_num is 1
Training epoch 0 | loss: 0.51795 - accuracy: 0.76596
Validating epoch 0 | loss: 0.37015 - accuracy: 0.85437
Training epoch 1 | loss: 0.29352 - accuracy: 0.90319
Validating epoch 1 | loss: 0.37965 - accuracy: 0.83495
Training epoch 2 | loss: 0.20695 - accuracy: 0.94468
Validating epoch 2 | loss: 0.40902 - accuracy: 0.82524
Model is Bert, dataset is sfu, undersample is None, aug mode is synonym, geo is 0.1, pct_usage is None, small_label is 0, small_prop is 0.8, balance_seed is 0, lr is 2e-05, max_epochs is 3, split_num is 1
Training epoch 0 | loss: 0.55197 - accuracy: 0.75745
Validating epoch 0 | loss: 0.45774 - accuracy: 0.75728
Training epoch 1 | loss: 0.26664 - accuracy: 0.92872
Validating epoch 1 | loss: 0.43314 - accuracy: 0.76699
Training epoch 2 | loss: 0.18148 - accuracy: 0.94681
Validating epoch 2 | loss: 0.41921 - accuracy: 0.78641
Model is Bert, dataset is sfu, undersample is None, aug mode is synonym, geo is 0.3, pct_usage is None, small_label is 0, small_prop is 0.8, balance_seed is 0, lr is 2e-05, max_epochs is 3, split_num is 1
Training epoch 0 | loss: 0.60649 - accuracy: 0.68298
Validating epoch 0 | loss: 0.48506 - accuracy: 0.80583
Training epoch 1 | loss: 0.32972 - accuracy: 0.88723
Validating epoch 1 | loss: 0.37736 - accuracy: 0.82524
Training epoch 2 | loss: 0.23456 - accuracy: 0.92766
Validating epoch 2 | loss: 0.38007 - accuracy: 0.82524
Model is Bert, dataset is sfu, undersample is None, aug mode is synonym, geo is 0.5, pct_usage is None, small_label is 0, small_prop is 0.8, balance_seed is 0, lr is 2e-05, max_epochs is 3, split_num is 1
Training epoch 0 | loss: 0.54281 - accuracy: 0.74468
Validating epoch 0 | loss: 0.37988 - accuracy: 0.86408
Training epoch 1 | loss: 0.31343 - accuracy: 0.89894
Validating epoch 1 | loss: 0.35231 - accuracy: 0.81553
Training epoch 2 | loss: 0.22807 - accuracy: 0.9234
Validating epoch 2 | loss: 0.34632 - accuracy: 0.81553
Model is Bert, dataset is sfu, undersample is None, aug mode is synonym, geo is 0.7, pct_usage is None, small_label is 0, small_prop is 0.8, balance_seed is 0, lr is 2e-05, max_epochs is 3, split_num is 1
Training epoch 0 | loss: 0.5836 - accuracy: 0.66915
Validating epoch 0 | loss: 0.42852 - accuracy: 0.82524
Training epoch 1 | loss: 0.34244 - accuracy: 0.8734
Validating epoch 1 | loss: 0.39071 - accuracy: 0.84466
Training epoch 2 | loss: 0.28478 - accuracy: 0.91064
Validating epoch 2 | loss: 0.36626 - accuracy: 0.85437
Model is Bert, dataset is sfu, undersample is None, aug mode is synonym, geo is 0.9, pct_usage is None, small_label is 0, small_prop is 0.8, balance_seed is 0, lr is 2e-05, max_epochs is 3, split_num is 1
Training epoch 0 | loss: 0.58433 - accuracy: 0.70851
Validating epoch 0 | loss: 0.4344 - accuracy: 0.84466
Training epoch 1 | loss: 0.32259 - accuracy: 0.88617
Validating epoch 1 | loss: 0.41958 - accuracy: 0.81553
Training epoch 2 | loss: 0.23321 - accuracy: 0.91383
Validating epoch 2 | loss: 0.43509 - accuracy: 0.81553
Model is Bert, dataset is sfu, undersample is False, aug mode is None, geo is None, pct_usage is None, small_label is 0, small_prop is 0.8, balance_seed is 0, lr is 2e-05, max_epochs is 3, split_num is 1
Training epoch 0 | loss: 0.62059 - accuracy: 0.64043
Validating epoch 0 | loss: 0.47998 - accuracy: 0.8932
Training epoch 1 | loss: 0.38461 - accuracy: 0.88298
Validating epoch 1 | loss: 0.35259 - accuracy: 0.83495
Training epoch 2 | loss: 0.28031 - accuracy: 0.90957
Validating epoch 2 | loss: 0.33938 - accuracy: 0.83495
Model is Bert, dataset is sfu, undersample is True, aug mode is None, geo is None, pct_usage is None, small_label is 0, small_prop is 0.8, balance_seed is 0, lr is 2e-05, max_epochs is 3, split_num is 1
Training epoch 0 | loss: 0.57675 - accuracy: 0.74255
Validating epoch 0 | loss: 0.41483 - accuracy: 0.81553
Training epoch 1 | loss: 0.35201 - accuracy: 0.87021
Validating epoch 1 | loss: 0.38515 - accuracy: 0.84466
Training epoch 2 | loss: 0.26196 - accuracy: 0.91702
Validating epoch 2 | loss: 0.37948 - accuracy: 0.84466
Model is Bert, dataset is sfu, undersample is None, aug mode is synonym, geo is 0.1, pct_usage is None, small_label is 1, small_prop is 0.8, balance_seed is 0, lr is 2e-05, max_epochs is 3, split_num is 1
Training epoch 0 | loss: 0.49781 - accuracy: 0.78936
Validating epoch 0 | loss: 0.40748 - accuracy: 0.80583
Training epoch 1 | loss: 0.20451 - accuracy: 0.94149
Validating epoch 1 | loss: 0.58922 - accuracy: 0.71845
Training epoch 2 | loss: 0.14135 - accuracy: 0.96064
Validating epoch 2 | loss: 0.62695 - accuracy: 0.71845
Model is Bert, dataset is sfu, undersample is None, aug mode is synonym, geo is 0.3, pct_usage is None, small_label is 1, small_prop is 0.8, balance_seed is 0, lr is 2e-05, max_epochs is 3, split_num is 1
Training epoch 0 | loss: 0.5443 - accuracy: 0.74681
Validating epoch 0 | loss: 0.41725 - accuracy: 0.85437
Training epoch 1 | loss: 0.34831 - accuracy: 0.88511
Validating epoch 1 | loss: 0.37977 - accuracy: 0.81553
Training epoch 2 | loss: 0.28149 - accuracy: 0.91383
Validating epoch 2 | loss: 0.37811 - accuracy: 0.83495
Model is Bert, dataset is sfu, undersample is None, aug mode is synonym, geo is 0.5, pct_usage is None, small_label is 1, small_prop is 0.8, balance_seed is 0, lr is 2e-05, max_epochs is 3, split_num is 1
Training epoch 0 | loss: 0.56086 - accuracy: 0.72553
Validating epoch 0 | loss: 0.41356 - accuracy: 0.84466
Training epoch 1 | loss: 0.34643 - accuracy: 0.88085
Validating epoch 1 | loss: 0.38469 - accuracy: 0.85437
Training epoch 2 | loss: 0.27402 - accuracy: 0.90426
Validating epoch 2 | loss: 0.34622 - accuracy: 0.86408
Model is Bert, dataset is sfu, undersample is None, aug mode is synonym, geo is 0.7, pct_usage is None, small_label is 1, small_prop is 0.8, balance_seed is 0, lr is 2e-05, max_epochs is 3, split_num is 1
Training epoch 0 | loss: 0.51681 - accuracy: 0.77872
Validating epoch 0 | loss: 0.36047 - accuracy: 0.85437
Training epoch 1 | loss: 0.3117 - accuracy: 0.89362
Validating epoch 1 | loss: 0.35083 - accuracy: 0.83495
Training epoch 2 | loss: 0.24794 - accuracy: 0.92128
Validating epoch 2 | loss: 0.3637 - accuracy: 0.82524
Model is Bert, dataset is sfu, undersample is None, aug mode is synonym, geo is 0.9, pct_usage is None, small_label is 1, small_prop is 0.8, balance_seed is 0, lr is 2e-05, max_epochs is 3, split_num is 1
Training epoch 0 | loss: 0.59057 - accuracy: 0.70106
Validating epoch 0 | loss: 0.44723 - accuracy: 0.87379
Training epoch 1 | loss: 0.3295 - accuracy: 0.89255
Validating epoch 1 | loss: 0.41034 - accuracy: 0.80583
Training epoch 2 | loss: 0.25978 - accuracy: 0.91915
Validating epoch 2 | loss: 0.41601 - accuracy: 0.83495
Model is Bert, dataset is sfu, undersample is False, aug mode is None, geo is None, pct_usage is None, small_label is 1, small_prop is 0.8, balance_seed is 0, lr is 2e-05, max_epochs is 3, split_num is 1
Training epoch 0 | loss: 0.63389 - accuracy: 0.61702
Validating epoch 0 | loss: 0.48988 - accuracy: 0.79612
Training epoch 1 | loss: 0.33617 - accuracy: 0.8766
Validating epoch 1 | loss: 0.41505 - accuracy: 0.84466
Training epoch 2 | loss: 0.24745 - accuracy: 0.92021
Validating epoch 2 | loss: 0.41917 - accuracy: 0.83495
Model is Bert, dataset is sfu, undersample is True, aug mode is None, geo is None, pct_usage is None, small_label is 1, small_prop is 0.8, balance_seed is 0, lr is 2e-05, max_epochs is 3, split_num is 1
Training epoch 0 | loss: 0.57032 - accuracy: 0.70532
Validating epoch 0 | loss: 0.40012 - accuracy: 0.84466
Training epoch 1 | loss: 0.33677 - accuracy: 0.89043
Validating epoch 1 | loss: 0.37555 - accuracy: 0.82524
Training epoch 2 | loss: 0.25118 - accuracy: 0.91809
Validating epoch 2 | loss: 0.37524 - accuracy: 0.80583
