Model is Bert, dataset is sfu, undersample is None, aug mode is synonym, geo is 0.1, pct_usage is None, small_label is 0, small_prop is 0.2, balance_seed is 0, lr is 2e-05, max_epochs is 3, split_num is 4
Training epoch 0 | loss: 0.46947 - accuracy: 0.82553
Validating epoch 0 | loss: 0.3928 - accuracy: 0.82524
Training epoch 1 | loss: 0.20007 - accuracy: 0.95
Validating epoch 1 | loss: 0.46489 - accuracy: 0.76699
Training epoch 2 | loss: 0.11831 - accuracy: 0.97447
Validating epoch 2 | loss: 0.44486 - accuracy: 0.81553
Model is Bert, dataset is sfu, undersample is None, aug mode is synonym, geo is 0.3, pct_usage is None, small_label is 0, small_prop is 0.2, balance_seed is 0, lr is 2e-05, max_epochs is 3, split_num is 4
Training epoch 0 | loss: 0.51782 - accuracy: 0.74255
Validating epoch 0 | loss: 0.34471 - accuracy: 0.8835
Training epoch 1 | loss: 0.24222 - accuracy: 0.93617
Validating epoch 1 | loss: 0.31331 - accuracy: 0.87379
Training epoch 2 | loss: 0.14696 - accuracy: 0.97021
Validating epoch 2 | loss: 0.34863 - accuracy: 0.84466
Model is Bert, dataset is sfu, undersample is None, aug mode is synonym, geo is 0.5, pct_usage is None, small_label is 0, small_prop is 0.2, balance_seed is 0, lr is 2e-05, max_epochs is 3, split_num is 4
Training epoch 0 | loss: 0.58952 - accuracy: 0.66596
Validating epoch 0 | loss: 0.3768 - accuracy: 0.86408
Training epoch 1 | loss: 0.27137 - accuracy: 0.92766
Validating epoch 1 | loss: 0.31994 - accuracy: 0.85437
Training epoch 2 | loss: 0.16097 - accuracy: 0.96596
Validating epoch 2 | loss: 0.3125 - accuracy: 0.86408
Model is Bert, dataset is sfu, undersample is None, aug mode is synonym, geo is 0.7, pct_usage is None, small_label is 0, small_prop is 0.2, balance_seed is 0, lr is 2e-05, max_epochs is 3, split_num is 4
Training epoch 0 | loss: 0.58642 - accuracy: 0.69574
Validating epoch 0 | loss: 0.36917 - accuracy: 0.86408
Training epoch 1 | loss: 0.27403 - accuracy: 0.92234
Validating epoch 1 | loss: 0.30951 - accuracy: 0.85437
Training epoch 2 | loss: 0.1616 - accuracy: 0.96383
Validating epoch 2 | loss: 0.33625 - accuracy: 0.81553
Model is Bert, dataset is sfu, undersample is None, aug mode is synonym, geo is 0.9, pct_usage is None, small_label is 0, small_prop is 0.2, balance_seed is 0, lr is 2e-05, max_epochs is 3, split_num is 4
Training epoch 0 | loss: 0.54167 - accuracy: 0.74468
Validating epoch 0 | loss: 0.32823 - accuracy: 0.86408
Training epoch 1 | loss: 0.26129 - accuracy: 0.93404
Validating epoch 1 | loss: 0.30027 - accuracy: 0.85437
Training epoch 2 | loss: 0.17146 - accuracy: 0.95745
Validating epoch 2 | loss: 0.30826 - accuracy: 0.85437
Model is Bert, dataset is sfu, undersample is False, aug mode is None, geo is None, pct_usage is None, small_label is 0, small_prop is 0.2, balance_seed is 0, lr is 2e-05, max_epochs is 3, split_num is 4
Training epoch 0 | loss: 0.60685 - accuracy: 0.66702
Validating epoch 0 | loss: 0.37219 - accuracy: 0.8835
Training epoch 1 | loss: 0.2885 - accuracy: 0.90319
Validating epoch 1 | loss: 0.2856 - accuracy: 0.85437
Training epoch 2 | loss: 0.18335 - accuracy: 0.95
Validating epoch 2 | loss: 0.3085 - accuracy: 0.84466
Model is Bert, dataset is sfu, undersample is True, aug mode is None, geo is None, pct_usage is None, small_label is 0, small_prop is 0.2, balance_seed is 0, lr is 2e-05, max_epochs is 3, split_num is 4
Training epoch 0 | loss: 0.45393 - accuracy: 0.80957
Validating epoch 0 | loss: 0.35079 - accuracy: 0.84466
Training epoch 1 | loss: 0.13309 - accuracy: 0.97447
Validating epoch 1 | loss: 0.33206 - accuracy: 0.85437
Training epoch 2 | loss: 0.07485 - accuracy: 0.98723
Validating epoch 2 | loss: 0.35215 - accuracy: 0.87379
Model is Bert, dataset is sfu, undersample is None, aug mode is synonym, geo is 0.1, pct_usage is None, small_label is 1, small_prop is 0.2, balance_seed is 0, lr is 2e-05, max_epochs is 3, split_num is 4
Training epoch 0 | loss: 0.48029 - accuracy: 0.75213
Validating epoch 0 | loss: 0.53032 - accuracy: 0.70874
Training epoch 1 | loss: 0.19051 - accuracy: 0.95532
Validating epoch 1 | loss: 0.50536 - accuracy: 0.73786
Training epoch 2 | loss: 0.10821 - accuracy: 0.98085
Validating epoch 2 | loss: 0.47872 - accuracy: 0.7767
Model is Bert, dataset is sfu, undersample is None, aug mode is synonym, geo is 0.3, pct_usage is None, small_label is 1, small_prop is 0.2, balance_seed is 0, lr is 2e-05, max_epochs is 3, split_num is 4
Training epoch 0 | loss: 0.61373 - accuracy: 0.65426
Validating epoch 0 | loss: 0.38725 - accuracy: 0.8835
Training epoch 1 | loss: 0.26325 - accuracy: 0.91596
Validating epoch 1 | loss: 0.41615 - accuracy: 0.78641
Training epoch 2 | loss: 0.11761 - accuracy: 0.9734
Validating epoch 2 | loss: 0.40331 - accuracy: 0.79612
Model is Bert, dataset is sfu, undersample is None, aug mode is synonym, geo is 0.5, pct_usage is None, small_label is 1, small_prop is 0.2, balance_seed is 0, lr is 2e-05, max_epochs is 3, split_num is 4
Training epoch 0 | loss: 0.57299 - accuracy: 0.70426
Validating epoch 0 | loss: 0.366 - accuracy: 0.87379
Training epoch 1 | loss: 0.29586 - accuracy: 0.90957
Validating epoch 1 | loss: 0.29837 - accuracy: 0.85437
Training epoch 2 | loss: 0.16977 - accuracy: 0.96383
Validating epoch 2 | loss: 0.32218 - accuracy: 0.84466
Model is Bert, dataset is sfu, undersample is None, aug mode is synonym, geo is 0.7, pct_usage is None, small_label is 1, small_prop is 0.2, balance_seed is 0, lr is 2e-05, max_epochs is 3, split_num is 4
Training epoch 0 | loss: 0.52712 - accuracy: 0.77021
Validating epoch 0 | loss: 0.3285 - accuracy: 0.87379
Training epoch 1 | loss: 0.2569 - accuracy: 0.92553
Validating epoch 1 | loss: 0.29832 - accuracy: 0.86408
Training epoch 2 | loss: 0.18511 - accuracy: 0.95638
Validating epoch 2 | loss: 0.30976 - accuracy: 0.84466
Model is Bert, dataset is sfu, undersample is None, aug mode is synonym, geo is 0.9, pct_usage is None, small_label is 1, small_prop is 0.2, balance_seed is 0, lr is 2e-05, max_epochs is 3, split_num is 4
Training epoch 0 | loss: 0.56631 - accuracy: 0.71809
Validating epoch 0 | loss: 0.39641 - accuracy: 0.83495
Training epoch 1 | loss: 0.29779 - accuracy: 0.91809
Validating epoch 1 | loss: 0.27009 - accuracy: 0.8835
Training epoch 2 | loss: 0.16759 - accuracy: 0.9617
Validating epoch 2 | loss: 0.29922 - accuracy: 0.85437
Model is Bert, dataset is sfu, undersample is False, aug mode is None, geo is None, pct_usage is None, small_label is 1, small_prop is 0.2, balance_seed is 0, lr is 2e-05, max_epochs is 3, split_num is 4
Training epoch 0 | loss: 0.49741 - accuracy: 0.76383
Validating epoch 0 | loss: 0.385 - accuracy: 0.82524
Training epoch 1 | loss: 0.21726 - accuracy: 0.94681
Validating epoch 1 | loss: 0.38163 - accuracy: 0.81553
Training epoch 2 | loss: 0.12742 - accuracy: 0.97979
Validating epoch 2 | loss: 0.43869 - accuracy: 0.7767
Model is Bert, dataset is sfu, undersample is True, aug mode is None, geo is None, pct_usage is None, small_label is 1, small_prop is 0.2, balance_seed is 0, lr is 2e-05, max_epochs is 3, split_num is 4
Training epoch 0 | loss: 0.5772 - accuracy: 0.68511
Validating epoch 0 | loss: 0.35305 - accuracy: 0.86408
Training epoch 1 | loss: 0.1811 - accuracy: 0.95957
Validating epoch 1 | loss: 0.30193 - accuracy: 0.85437
Training epoch 2 | loss: 0.06448 - accuracy: 0.99149
Validating epoch 2 | loss: 0.43097 - accuracy: 0.81553
Model is Bert, dataset is sfu, undersample is None, aug mode is synonym, geo is 0.1, pct_usage is None, small_label is 0, small_prop is 0.4, balance_seed is 0, lr is 2e-05, max_epochs is 3, split_num is 4
Training epoch 0 | loss: 0.53708 - accuracy: 0.74468
Validating epoch 0 | loss: 0.47346 - accuracy: 0.67961
Training epoch 1 | loss: 0.20863 - accuracy: 0.94362
Validating epoch 1 | loss: 0.39246 - accuracy: 0.78641
Training epoch 2 | loss: 0.12498 - accuracy: 0.96383
Validating epoch 2 | loss: 0.41706 - accuracy: 0.78641
Model is Bert, dataset is sfu, undersample is None, aug mode is synonym, geo is 0.3, pct_usage is None, small_label is 0, small_prop is 0.4, balance_seed is 0, lr is 2e-05, max_epochs is 3, split_num is 4
Training epoch 0 | loss: 0.51815 - accuracy: 0.75
Validating epoch 0 | loss: 0.34578 - accuracy: 0.85437
Training epoch 1 | loss: 0.25372 - accuracy: 0.92553
Validating epoch 1 | loss: 0.31611 - accuracy: 0.87379
Training epoch 2 | loss: 0.16811 - accuracy: 0.96915
Validating epoch 2 | loss: 0.32386 - accuracy: 0.84466
Model is Bert, dataset is sfu, undersample is None, aug mode is synonym, geo is 0.5, pct_usage is None, small_label is 0, small_prop is 0.4, balance_seed is 0, lr is 2e-05, max_epochs is 3, split_num is 4
Training epoch 0 | loss: 0.61846 - accuracy: 0.60851
Validating epoch 0 | loss: 0.43388 - accuracy: 0.85437
Training epoch 1 | loss: 0.3177 - accuracy: 0.89787
Validating epoch 1 | loss: 0.28541 - accuracy: 0.87379
Training epoch 2 | loss: 0.20968 - accuracy: 0.93298
Validating epoch 2 | loss: 0.28384 - accuracy: 0.87379
Model is Bert, dataset is sfu, undersample is None, aug mode is synonym, geo is 0.7, pct_usage is None, small_label is 0, small_prop is 0.4, balance_seed is 0, lr is 2e-05, max_epochs is 3, split_num is 4
Training epoch 0 | loss: 0.50282 - accuracy: 0.78404
Validating epoch 0 | loss: 0.29723 - accuracy: 0.87379
Training epoch 1 | loss: 0.2878 - accuracy: 0.90319
Validating epoch 1 | loss: 0.26729 - accuracy: 0.8932
Training epoch 2 | loss: 0.21002 - accuracy: 0.94255
Validating epoch 2 | loss: 0.27893 - accuracy: 0.8932
Model is Bert, dataset is sfu, undersample is None, aug mode is synonym, geo is 0.9, pct_usage is None, small_label is 0, small_prop is 0.4, balance_seed is 0, lr is 2e-05, max_epochs is 3, split_num is 4
Training epoch 0 | loss: 0.56474 - accuracy: 0.71596
Validating epoch 0 | loss: 0.33907 - accuracy: 0.8835
Training epoch 1 | loss: 0.29115 - accuracy: 0.89362
Validating epoch 1 | loss: 0.26728 - accuracy: 0.87379
Training epoch 2 | loss: 0.19029 - accuracy: 0.94255
Validating epoch 2 | loss: 0.26996 - accuracy: 0.8835
Model is Bert, dataset is sfu, undersample is False, aug mode is None, geo is None, pct_usage is None, small_label is 0, small_prop is 0.4, balance_seed is 0, lr is 2e-05, max_epochs is 3, split_num is 4
Training epoch 0 | loss: 0.60972 - accuracy: 0.63191
Validating epoch 0 | loss: 0.36729 - accuracy: 0.87379
Training epoch 1 | loss: 0.31357 - accuracy: 0.89574
Validating epoch 1 | loss: 0.29585 - accuracy: 0.84466
Training epoch 2 | loss: 0.19287 - accuracy: 0.94362
Validating epoch 2 | loss: 0.28883 - accuracy: 0.84466
Model is Bert, dataset is sfu, undersample is True, aug mode is None, geo is None, pct_usage is None, small_label is 0, small_prop is 0.4, balance_seed is 0, lr is 2e-05, max_epochs is 3, split_num is 4
Training epoch 0 | loss: 0.60088 - accuracy: 0.68298
Validating epoch 0 | loss: 0.365 - accuracy: 0.84466
Training epoch 1 | loss: 0.27327 - accuracy: 0.92128
Validating epoch 1 | loss: 0.3516 - accuracy: 0.82524
Training epoch 2 | loss: 0.16342 - accuracy: 0.9617
Validating epoch 2 | loss: 0.35073 - accuracy: 0.84466
Model is Bert, dataset is sfu, undersample is None, aug mode is synonym, geo is 0.1, pct_usage is None, small_label is 1, small_prop is 0.4, balance_seed is 0, lr is 2e-05, max_epochs is 3, split_num is 4
Training epoch 0 | loss: 0.50113 - accuracy: 0.79468
Validating epoch 0 | loss: 0.38819 - accuracy: 0.81553
Training epoch 1 | loss: 0.2364 - accuracy: 0.93404
Validating epoch 1 | loss: 0.41676 - accuracy: 0.74757
Training epoch 2 | loss: 0.14176 - accuracy: 0.95638
Validating epoch 2 | loss: 0.49499 - accuracy: 0.71845
Model is Bert, dataset is sfu, undersample is None, aug mode is synonym, geo is 0.3, pct_usage is None, small_label is 1, small_prop is 0.4, balance_seed is 0, lr is 2e-05, max_epochs is 3, split_num is 4
Training epoch 0 | loss: 0.56984 - accuracy: 0.72234
Validating epoch 0 | loss: 0.35484 - accuracy: 0.86408
Training epoch 1 | loss: 0.3233 - accuracy: 0.89043
Validating epoch 1 | loss: 0.3118 - accuracy: 0.86408
Training epoch 2 | loss: 0.24017 - accuracy: 0.92234
Validating epoch 2 | loss: 0.31924 - accuracy: 0.85437
Model is Bert, dataset is sfu, undersample is None, aug mode is synonym, geo is 0.5, pct_usage is None, small_label is 1, small_prop is 0.4, balance_seed is 0, lr is 2e-05, max_epochs is 3, split_num is 4
Training epoch 0 | loss: 0.57461 - accuracy: 0.7
Validating epoch 0 | loss: 0.37134 - accuracy: 0.85437
Training epoch 1 | loss: 0.29787 - accuracy: 0.90213
Validating epoch 1 | loss: 0.30867 - accuracy: 0.85437
Training epoch 2 | loss: 0.19345 - accuracy: 0.94043
Validating epoch 2 | loss: 0.32369 - accuracy: 0.86408
Model is Bert, dataset is sfu, undersample is None, aug mode is synonym, geo is 0.7, pct_usage is None, small_label is 1, small_prop is 0.4, balance_seed is 0, lr is 2e-05, max_epochs is 3, split_num is 4
Training epoch 0 | loss: 0.53249 - accuracy: 0.72872
Validating epoch 0 | loss: 0.32971 - accuracy: 0.8835
Training epoch 1 | loss: 0.28913 - accuracy: 0.90319
Validating epoch 1 | loss: 0.31021 - accuracy: 0.85437
Training epoch 2 | loss: 0.20081 - accuracy: 0.94043
Validating epoch 2 | loss: 0.32569 - accuracy: 0.86408
Model is Bert, dataset is sfu, undersample is None, aug mode is synonym, geo is 0.9, pct_usage is None, small_label is 1, small_prop is 0.4, balance_seed is 0, lr is 2e-05, max_epochs is 3, split_num is 4
Training epoch 0 | loss: 0.56581 - accuracy: 0.7117
Validating epoch 0 | loss: 0.33005 - accuracy: 0.87379
Training epoch 1 | loss: 0.34223 - accuracy: 0.86702
Validating epoch 1 | loss: 0.3032 - accuracy: 0.87379
Training epoch 2 | loss: 0.26019 - accuracy: 0.91702
Validating epoch 2 | loss: 0.30929 - accuracy: 0.86408
Model is Bert, dataset is sfu, undersample is False, aug mode is None, geo is None, pct_usage is None, small_label is 1, small_prop is 0.4, balance_seed is 0, lr is 2e-05, max_epochs is 3, split_num is 4
Training epoch 0 | loss: 0.54391 - accuracy: 0.71489
Validating epoch 0 | loss: 0.33407 - accuracy: 0.87379
Training epoch 1 | loss: 0.2957 - accuracy: 0.91064
Validating epoch 1 | loss: 0.33295 - accuracy: 0.84466
Training epoch 2 | loss: 0.20944 - accuracy: 0.94043
Validating epoch 2 | loss: 0.31937 - accuracy: 0.84466
Model is Bert, dataset is sfu, undersample is True, aug mode is None, geo is None, pct_usage is None, small_label is 1, small_prop is 0.4, balance_seed is 0, lr is 2e-05, max_epochs is 3, split_num is 4
Training epoch 0 | loss: 0.58408 - accuracy: 0.6766
Validating epoch 0 | loss: 0.37704 - accuracy: 0.86408
Training epoch 1 | loss: 0.30152 - accuracy: 0.91915
Validating epoch 1 | loss: 0.3277 - accuracy: 0.86408
Training epoch 2 | loss: 0.19204 - accuracy: 0.95532
Validating epoch 2 | loss: 0.29678 - accuracy: 0.87379
Model is Bert, dataset is sfu, undersample is None, aug mode is synonym, geo is 0.1, pct_usage is None, small_label is 0, small_prop is 0.6, balance_seed is 0, lr is 2e-05, max_epochs is 3, split_num is 4
Training epoch 0 | loss: 0.51846 - accuracy: 0.76809
Validating epoch 0 | loss: 0.3876 - accuracy: 0.81553
Training epoch 1 | loss: 0.22607 - accuracy: 0.94681
Validating epoch 1 | loss: 0.38731 - accuracy: 0.7767
Training epoch 2 | loss: 0.13709 - accuracy: 0.96702
Validating epoch 2 | loss: 0.40919 - accuracy: 0.82524
Model is Bert, dataset is sfu, undersample is None, aug mode is synonym, geo is 0.3, pct_usage is None, small_label is 0, small_prop is 0.6, balance_seed is 0, lr is 2e-05, max_epochs is 3, split_num is 4
Training epoch 0 | loss: 0.57694 - accuracy: 0.72021
Validating epoch 0 | loss: 0.37633 - accuracy: 0.8835
Training epoch 1 | loss: 0.31973 - accuracy: 0.90957
Validating epoch 1 | loss: 0.32831 - accuracy: 0.85437
Training epoch 2 | loss: 0.2366 - accuracy: 0.93085
Validating epoch 2 | loss: 0.32425 - accuracy: 0.85437
Model is Bert, dataset is sfu, undersample is None, aug mode is synonym, geo is 0.5, pct_usage is None, small_label is 0, small_prop is 0.6, balance_seed is 0, lr is 2e-05, max_epochs is 3, split_num is 4
Training epoch 0 | loss: 0.57046 - accuracy: 0.70106
Validating epoch 0 | loss: 0.35489 - accuracy: 0.86408
Training epoch 1 | loss: 0.3194 - accuracy: 0.91064
Validating epoch 1 | loss: 0.31394 - accuracy: 0.86408
Training epoch 2 | loss: 0.23221 - accuracy: 0.92766
Validating epoch 2 | loss: 0.30956 - accuracy: 0.87379
Model is Bert, dataset is sfu, undersample is None, aug mode is synonym, geo is 0.7, pct_usage is None, small_label is 0, small_prop is 0.6, balance_seed is 0, lr is 2e-05, max_epochs is 3, split_num is 4
Training epoch 0 | loss: 0.60317 - accuracy: 0.65532
Validating epoch 0 | loss: 0.36733 - accuracy: 0.83495
Training epoch 1 | loss: 0.32162 - accuracy: 0.88723
Validating epoch 1 | loss: 0.28536 - accuracy: 0.86408
Training epoch 2 | loss: 0.2437 - accuracy: 0.91489
Validating epoch 2 | loss: 0.29405 - accuracy: 0.87379
Model is Bert, dataset is sfu, undersample is None, aug mode is synonym, geo is 0.9, pct_usage is None, small_label is 0, small_prop is 0.6, balance_seed is 0, lr is 2e-05, max_epochs is 3, split_num is 4
Training epoch 0 | loss: 0.55703 - accuracy: 0.73085
Validating epoch 0 | loss: 0.34231 - accuracy: 0.86408
Training epoch 1 | loss: 0.30673 - accuracy: 0.89255
Validating epoch 1 | loss: 0.28358 - accuracy: 0.85437
Training epoch 2 | loss: 0.23635 - accuracy: 0.9266
Validating epoch 2 | loss: 0.30617 - accuracy: 0.8835
Model is Bert, dataset is sfu, undersample is False, aug mode is None, geo is None, pct_usage is None, small_label is 0, small_prop is 0.6, balance_seed is 0, lr is 2e-05, max_epochs is 3, split_num is 4
Training epoch 0 | loss: 0.57285 - accuracy: 0.70426
Validating epoch 0 | loss: 0.37207 - accuracy: 0.8835
Training epoch 1 | loss: 0.33635 - accuracy: 0.89787
Validating epoch 1 | loss: 0.28129 - accuracy: 0.85437
Training epoch 2 | loss: 0.23921 - accuracy: 0.93191
Validating epoch 2 | loss: 0.27404 - accuracy: 0.86408
Model is Bert, dataset is sfu, undersample is True, aug mode is None, geo is None, pct_usage is None, small_label is 0, small_prop is 0.6, balance_seed is 0, lr is 2e-05, max_epochs is 3, split_num is 4
Training epoch 0 | loss: 0.52124 - accuracy: 0.77234
Validating epoch 0 | loss: 0.34684 - accuracy: 0.87379
Training epoch 1 | loss: 0.28428 - accuracy: 0.92021
Validating epoch 1 | loss: 0.3072 - accuracy: 0.86408
Training epoch 2 | loss: 0.18776 - accuracy: 0.9617
Validating epoch 2 | loss: 0.28795 - accuracy: 0.84466
Model is Bert, dataset is sfu, undersample is None, aug mode is synonym, geo is 0.1, pct_usage is None, small_label is 1, small_prop is 0.6, balance_seed is 0, lr is 2e-05, max_epochs is 3, split_num is 4
Training epoch 0 | loss: 0.4688 - accuracy: 0.79468
Validating epoch 0 | loss: 0.43411 - accuracy: 0.75728
Training epoch 1 | loss: 0.2453 - accuracy: 0.92766
Validating epoch 1 | loss: 0.49109 - accuracy: 0.73786
Training epoch 2 | loss: 0.17497 - accuracy: 0.95319
Validating epoch 2 | loss: 0.46485 - accuracy: 0.74757
Model is Bert, dataset is sfu, undersample is None, aug mode is synonym, geo is 0.3, pct_usage is None, small_label is 1, small_prop is 0.6, balance_seed is 0, lr is 2e-05, max_epochs is 3, split_num is 4
Training epoch 0 | loss: 0.55731 - accuracy: 0.73191
Validating epoch 0 | loss: 0.3738 - accuracy: 0.84466
Training epoch 1 | loss: 0.30519 - accuracy: 0.9
Validating epoch 1 | loss: 0.37191 - accuracy: 0.84466
Training epoch 2 | loss: 0.22114 - accuracy: 0.93723
Validating epoch 2 | loss: 0.32108 - accuracy: 0.84466
Model is Bert, dataset is sfu, undersample is None, aug mode is synonym, geo is 0.5, pct_usage is None, small_label is 1, small_prop is 0.6, balance_seed is 0, lr is 2e-05, max_epochs is 3, split_num is 4
Training epoch 0 | loss: 0.55575 - accuracy: 0.68617
Validating epoch 0 | loss: 0.4537 - accuracy: 0.76699
Training epoch 1 | loss: 0.29832 - accuracy: 0.89574
Validating epoch 1 | loss: 0.31338 - accuracy: 0.83495
Training epoch 2 | loss: 0.22227 - accuracy: 0.9266
Validating epoch 2 | loss: 0.32447 - accuracy: 0.84466
Model is Bert, dataset is sfu, undersample is None, aug mode is synonym, geo is 0.7, pct_usage is None, small_label is 1, small_prop is 0.6, balance_seed is 0, lr is 2e-05, max_epochs is 3, split_num is 4
Training epoch 0 | loss: 0.49409 - accuracy: 0.77979
Validating epoch 0 | loss: 0.29995 - accuracy: 0.87379
Training epoch 1 | loss: 0.29312 - accuracy: 0.90851
Validating epoch 1 | loss: 0.27952 - accuracy: 0.8835
Training epoch 2 | loss: 0.21692 - accuracy: 0.93723
Validating epoch 2 | loss: 0.3004 - accuracy: 0.8835
Model is Bert, dataset is sfu, undersample is None, aug mode is synonym, geo is 0.9, pct_usage is None, small_label is 1, small_prop is 0.6, balance_seed is 0, lr is 2e-05, max_epochs is 3, split_num is 4
Training epoch 0 | loss: 0.51385 - accuracy: 0.74681
Validating epoch 0 | loss: 0.30816 - accuracy: 0.87379
Training epoch 1 | loss: 0.29359 - accuracy: 0.89574
Validating epoch 1 | loss: 0.2691 - accuracy: 0.87379
Training epoch 2 | loss: 0.22713 - accuracy: 0.93511
Validating epoch 2 | loss: 0.29205 - accuracy: 0.87379
Model is Bert, dataset is sfu, undersample is False, aug mode is None, geo is None, pct_usage is None, small_label is 1, small_prop is 0.6, balance_seed is 0, lr is 2e-05, max_epochs is 3, split_num is 4
Training epoch 0 | loss: 0.56224 - accuracy: 0.72553
Validating epoch 0 | loss: 0.35535 - accuracy: 0.86408
Training epoch 1 | loss: 0.3406 - accuracy: 0.88723
Validating epoch 1 | loss: 0.29412 - accuracy: 0.8932
Training epoch 2 | loss: 0.26685 - accuracy: 0.92128
Validating epoch 2 | loss: 0.2829 - accuracy: 0.8835
Model is Bert, dataset is sfu, undersample is True, aug mode is None, geo is None, pct_usage is None, small_label is 1, small_prop is 0.6, balance_seed is 0, lr is 2e-05, max_epochs is 3, split_num is 4
Training epoch 0 | loss: 0.54913 - accuracy: 0.74149
Validating epoch 0 | loss: 0.36069 - accuracy: 0.87379
Training epoch 1 | loss: 0.30398 - accuracy: 0.90532
Validating epoch 1 | loss: 0.30888 - accuracy: 0.85437
Training epoch 2 | loss: 0.21504 - accuracy: 0.94043
Validating epoch 2 | loss: 0.3184 - accuracy: 0.85437
Model is Bert, dataset is sfu, undersample is None, aug mode is synonym, geo is 0.1, pct_usage is None, small_label is 0, small_prop is 0.8, balance_seed is 0, lr is 2e-05, max_epochs is 3, split_num is 4
Training epoch 0 | loss: 0.46786 - accuracy: 0.81915
Validating epoch 0 | loss: 0.36136 - accuracy: 0.85437
Training epoch 1 | loss: 0.21921 - accuracy: 0.92553
Validating epoch 1 | loss: 0.39082 - accuracy: 0.81553
Training epoch 2 | loss: 0.13922 - accuracy: 0.95957
Validating epoch 2 | loss: 0.41358 - accuracy: 0.80583
Model is Bert, dataset is sfu, undersample is None, aug mode is synonym, geo is 0.3, pct_usage is None, small_label is 0, small_prop is 0.8, balance_seed is 0, lr is 2e-05, max_epochs is 3, split_num is 4
Training epoch 0 | loss: 0.64516 - accuracy: 0.60745
Validating epoch 0 | loss: 0.44205 - accuracy: 0.84466
Training epoch 1 | loss: 0.36843 - accuracy: 0.88191
Validating epoch 1 | loss: 0.28979 - accuracy: 0.86408
Training epoch 2 | loss: 0.24512 - accuracy: 0.91915
Validating epoch 2 | loss: 0.28677 - accuracy: 0.85437
Model is Bert, dataset is sfu, undersample is None, aug mode is synonym, geo is 0.5, pct_usage is None, small_label is 0, small_prop is 0.8, balance_seed is 0, lr is 2e-05, max_epochs is 3, split_num is 4
Training epoch 0 | loss: 0.54082 - accuracy: 0.72872
Validating epoch 0 | loss: 0.31606 - accuracy: 0.8932
Training epoch 1 | loss: 0.30492 - accuracy: 0.89362
Validating epoch 1 | loss: 0.29101 - accuracy: 0.8835
Training epoch 2 | loss: 0.23671 - accuracy: 0.92447
Validating epoch 2 | loss: 0.27134 - accuracy: 0.8932
Model is Bert, dataset is sfu, undersample is None, aug mode is synonym, geo is 0.7, pct_usage is None, small_label is 0, small_prop is 0.8, balance_seed is 0, lr is 2e-05, max_epochs is 3, split_num is 4
Training epoch 0 | loss: 0.51247 - accuracy: 0.77128
Validating epoch 0 | loss: 0.31186 - accuracy: 0.8835
Training epoch 1 | loss: 0.3038 - accuracy: 0.89681
Validating epoch 1 | loss: 0.28887 - accuracy: 0.86408
Training epoch 2 | loss: 0.23891 - accuracy: 0.9266
Validating epoch 2 | loss: 0.28309 - accuracy: 0.86408
Model is Bert, dataset is sfu, undersample is None, aug mode is synonym, geo is 0.9, pct_usage is None, small_label is 0, small_prop is 0.8, balance_seed is 0, lr is 2e-05, max_epochs is 3, split_num is 4
Training epoch 0 | loss: 0.55603 - accuracy: 0.74043
Validating epoch 0 | loss: 0.35752 - accuracy: 0.87379
Training epoch 1 | loss: 0.31765 - accuracy: 0.88936
Validating epoch 1 | loss: 0.301 - accuracy: 0.8835
Training epoch 2 | loss: 0.24859 - accuracy: 0.91277
Validating epoch 2 | loss: 0.28118 - accuracy: 0.87379
Model is Bert, dataset is sfu, undersample is False, aug mode is None, geo is None, pct_usage is None, small_label is 0, small_prop is 0.8, balance_seed is 0, lr is 2e-05, max_epochs is 3, split_num is 4
Training epoch 0 | loss: 0.53442 - accuracy: 0.75638
Validating epoch 0 | loss: 0.32651 - accuracy: 0.87379
Training epoch 1 | loss: 0.31927 - accuracy: 0.89043
Validating epoch 1 | loss: 0.26891 - accuracy: 0.86408
Training epoch 2 | loss: 0.24744 - accuracy: 0.9266
Validating epoch 2 | loss: 0.26227 - accuracy: 0.85437
Model is Bert, dataset is sfu, undersample is True, aug mode is None, geo is None, pct_usage is None, small_label is 0, small_prop is 0.8, balance_seed is 0, lr is 2e-05, max_epochs is 3, split_num is 4
Training epoch 0 | loss: 0.52057 - accuracy: 0.76702
Validating epoch 0 | loss: 0.33822 - accuracy: 0.87379
Training epoch 1 | loss: 0.30604 - accuracy: 0.90638
Validating epoch 1 | loss: 0.2799 - accuracy: 0.86408
Training epoch 2 | loss: 0.23333 - accuracy: 0.93191
Validating epoch 2 | loss: 0.28506 - accuracy: 0.86408
Model is Bert, dataset is sfu, undersample is None, aug mode is synonym, geo is 0.1, pct_usage is None, small_label is 1, small_prop is 0.8, balance_seed is 0, lr is 2e-05, max_epochs is 3, split_num is 4
Training epoch 0 | loss: 0.54935 - accuracy: 0.73191
Validating epoch 0 | loss: 0.39455 - accuracy: 0.81553
Training epoch 1 | loss: 0.25762 - accuracy: 0.92234
Validating epoch 1 | loss: 0.33874 - accuracy: 0.84466
Training epoch 2 | loss: 0.15597 - accuracy: 0.95532
Validating epoch 2 | loss: 0.41948 - accuracy: 0.80583
Model is Bert, dataset is sfu, undersample is None, aug mode is synonym, geo is 0.3, pct_usage is None, small_label is 1, small_prop is 0.8, balance_seed is 0, lr is 2e-05, max_epochs is 3, split_num is 4
Training epoch 0 | loss: 0.54626 - accuracy: 0.73191
Validating epoch 0 | loss: 0.33865 - accuracy: 0.8932
Training epoch 1 | loss: 0.31929 - accuracy: 0.8883
Validating epoch 1 | loss: 0.30657 - accuracy: 0.85437
Training epoch 2 | loss: 0.23663 - accuracy: 0.92447
Validating epoch 2 | loss: 0.27585 - accuracy: 0.8932
Model is Bert, dataset is sfu, undersample is None, aug mode is synonym, geo is 0.5, pct_usage is None, small_label is 1, small_prop is 0.8, balance_seed is 0, lr is 2e-05, max_epochs is 3, split_num is 4
Training epoch 0 | loss: 0.50574 - accuracy: 0.76489
Validating epoch 0 | loss: 0.30579 - accuracy: 0.87379
Training epoch 1 | loss: 0.30909 - accuracy: 0.89255
Validating epoch 1 | loss: 0.2861 - accuracy: 0.86408
Training epoch 2 | loss: 0.25066 - accuracy: 0.92234
Validating epoch 2 | loss: 0.27398 - accuracy: 0.87379
Model is Bert, dataset is sfu, undersample is None, aug mode is synonym, geo is 0.7, pct_usage is None, small_label is 1, small_prop is 0.8, balance_seed is 0, lr is 2e-05, max_epochs is 3, split_num is 4
Training epoch 0 | loss: 0.55494 - accuracy: 0.73723
Validating epoch 0 | loss: 0.34292 - accuracy: 0.8835
Training epoch 1 | loss: 0.34397 - accuracy: 0.87872
Validating epoch 1 | loss: 0.29492 - accuracy: 0.87379
Training epoch 2 | loss: 0.25848 - accuracy: 0.91596
Validating epoch 2 | loss: 0.2763 - accuracy: 0.87379
Model is Bert, dataset is sfu, undersample is None, aug mode is synonym, geo is 0.9, pct_usage is None, small_label is 1, small_prop is 0.8, balance_seed is 0, lr is 2e-05, max_epochs is 3, split_num is 4
Training epoch 0 | loss: 0.57246 - accuracy: 0.69787
Validating epoch 0 | loss: 0.3548 - accuracy: 0.90291
Training epoch 1 | loss: 0.30787 - accuracy: 0.8883
Validating epoch 1 | loss: 0.26526 - accuracy: 0.90291
Training epoch 2 | loss: 0.23543 - accuracy: 0.92021
Validating epoch 2 | loss: 0.26213 - accuracy: 0.8835
Model is Bert, dataset is sfu, undersample is False, aug mode is None, geo is None, pct_usage is None, small_label is 1, small_prop is 0.8, balance_seed is 0, lr is 2e-05, max_epochs is 3, split_num is 4
Training epoch 0 | loss: 0.49668 - accuracy: 0.80106
Validating epoch 0 | loss: 0.3111 - accuracy: 0.90291
Training epoch 1 | loss: 0.31864 - accuracy: 0.87766
Validating epoch 1 | loss: 0.31949 - accuracy: 0.86408
Training epoch 2 | loss: 0.24528 - accuracy: 0.91383
Validating epoch 2 | loss: 0.28072 - accuracy: 0.86408
Model is Bert, dataset is sfu, undersample is True, aug mode is None, geo is None, pct_usage is None, small_label is 1, small_prop is 0.8, balance_seed is 0, lr is 2e-05, max_epochs is 3, split_num is 4
Training epoch 0 | loss: 0.56216 - accuracy: 0.7234
Validating epoch 0 | loss: 0.35455 - accuracy: 0.84466
Training epoch 1 | loss: 0.32802 - accuracy: 0.89043
Validating epoch 1 | loss: 0.31091 - accuracy: 0.87379
Training epoch 2 | loss: 0.25943 - accuracy: 0.91809
Validating epoch 2 | loss: 0.32269 - accuracy: 0.86408
