Model is Bert, dataset is sfu, undersample is None, aug mode is synonym, geo is 0.1, pct_usage is None, small_label is 0, small_prop is 0.2, balance_seed is 2, lr is 2e-05, max_epochs is 3, split_num is 3
Training epoch 0 | loss: 0.47312 - accuracy: 0.80213
Validating epoch 0 | loss: 0.70439 - accuracy: 0.76699
Training epoch 1 | loss: 0.16713 - accuracy: 0.95532
Validating epoch 1 | loss: 0.80779 - accuracy: 0.73786
Training epoch 2 | loss: 0.09547 - accuracy: 0.97979
Validating epoch 2 | loss: 1.01484 - accuracy: 0.71845
Model is Bert, dataset is sfu, undersample is None, aug mode is synonym, geo is 0.3, pct_usage is None, small_label is 0, small_prop is 0.2, balance_seed is 2, lr is 2e-05, max_epochs is 3, split_num is 3
Training epoch 0 | loss: 0.53132 - accuracy: 0.76383
Validating epoch 0 | loss: 0.40928 - accuracy: 0.85437
Training epoch 1 | loss: 0.22996 - accuracy: 0.94787
Validating epoch 1 | loss: 0.39611 - accuracy: 0.83495
Training epoch 2 | loss: 0.13011 - accuracy: 0.98298
Validating epoch 2 | loss: 0.45196 - accuracy: 0.80583
Model is Bert, dataset is sfu, undersample is None, aug mode is synonym, geo is 0.5, pct_usage is None, small_label is 0, small_prop is 0.2, balance_seed is 2, lr is 2e-05, max_epochs is 3, split_num is 3
Training epoch 0 | loss: 0.54082 - accuracy: 0.73298
Validating epoch 0 | loss: 0.35995 - accuracy: 0.8835
Training epoch 1 | loss: 0.21051 - accuracy: 0.93617
Validating epoch 1 | loss: 0.5311 - accuracy: 0.79612
Training epoch 2 | loss: 0.09902 - accuracy: 0.97553
Validating epoch 2 | loss: 0.58713 - accuracy: 0.79612
Model is Bert, dataset is sfu, undersample is None, aug mode is synonym, geo is 0.7, pct_usage is None, small_label is 0, small_prop is 0.2, balance_seed is 2, lr is 2e-05, max_epochs is 3, split_num is 3
Training epoch 0 | loss: 0.49633 - accuracy: 0.76809
Validating epoch 0 | loss: 0.5356 - accuracy: 0.80583
Training epoch 1 | loss: 0.22006 - accuracy: 0.94468
Validating epoch 1 | loss: 0.58148 - accuracy: 0.80583
Training epoch 2 | loss: 0.13031 - accuracy: 0.97872
Validating epoch 2 | loss: 0.72066 - accuracy: 0.7767
Model is Bert, dataset is sfu, undersample is None, aug mode is synonym, geo is 0.9, pct_usage is None, small_label is 0, small_prop is 0.2, balance_seed is 2, lr is 2e-05, max_epochs is 3, split_num is 3
Training epoch 0 | loss: 0.54894 - accuracy: 0.75106
Validating epoch 0 | loss: 0.47241 - accuracy: 0.81553
Training epoch 1 | loss: 0.25841 - accuracy: 0.9266
Validating epoch 1 | loss: 0.58974 - accuracy: 0.7767
Training epoch 2 | loss: 0.12571 - accuracy: 0.98191
Validating epoch 2 | loss: 0.6434 - accuracy: 0.7767
Model is Bert, dataset is sfu, undersample is False, aug mode is None, geo is None, pct_usage is None, small_label is 0, small_prop is 0.2, balance_seed is 2, lr is 2e-05, max_epochs is 3, split_num is 3
Training epoch 0 | loss: 0.51987 - accuracy: 0.76702
Validating epoch 0 | loss: 0.38457 - accuracy: 0.87379
Training epoch 1 | loss: 0.24175 - accuracy: 0.9383
Validating epoch 1 | loss: 0.55005 - accuracy: 0.82524
Training epoch 2 | loss: 0.15555 - accuracy: 0.96064
Validating epoch 2 | loss: 0.69333 - accuracy: 0.7767
Model is Bert, dataset is sfu, undersample is True, aug mode is None, geo is None, pct_usage is None, small_label is 0, small_prop is 0.2, balance_seed is 2, lr is 2e-05, max_epochs is 3, split_num is 3
Training epoch 0 | loss: 0.51125 - accuracy: 0.75638
Validating epoch 0 | loss: 0.37871 - accuracy: 0.86408
Training epoch 1 | loss: 0.19119 - accuracy: 0.96915
Validating epoch 1 | loss: 0.32446 - accuracy: 0.86408
Training epoch 2 | loss: 0.09071 - accuracy: 0.99681
Validating epoch 2 | loss: 0.32204 - accuracy: 0.85437
Model is Bert, dataset is sfu, undersample is None, aug mode is synonym, geo is 0.1, pct_usage is None, small_label is 1, small_prop is 0.2, balance_seed is 2, lr is 2e-05, max_epochs is 3, split_num is 3
Training epoch 0 | loss: 0.52002 - accuracy: 0.74362
Validating epoch 0 | loss: 0.41125 - accuracy: 0.78641
Training epoch 1 | loss: 0.23916 - accuracy: 0.93085
Validating epoch 1 | loss: 0.31743 - accuracy: 0.84466
Training epoch 2 | loss: 0.14025 - accuracy: 0.96915
Validating epoch 2 | loss: 0.31919 - accuracy: 0.83495
Model is Bert, dataset is sfu, undersample is None, aug mode is synonym, geo is 0.3, pct_usage is None, small_label is 1, small_prop is 0.2, balance_seed is 2, lr is 2e-05, max_epochs is 3, split_num is 3
Training epoch 0 | loss: 0.52994 - accuracy: 0.75957
Validating epoch 0 | loss: 0.34898 - accuracy: 0.90291
Training epoch 1 | loss: 0.26326 - accuracy: 0.93191
Validating epoch 1 | loss: 0.27907 - accuracy: 0.87379
Training epoch 2 | loss: 0.15189 - accuracy: 0.97128
Validating epoch 2 | loss: 0.26846 - accuracy: 0.8835
Model is Bert, dataset is sfu, undersample is None, aug mode is synonym, geo is 0.5, pct_usage is None, small_label is 1, small_prop is 0.2, balance_seed is 2, lr is 2e-05, max_epochs is 3, split_num is 3
Training epoch 0 | loss: 0.58684 - accuracy: 0.72128
Validating epoch 0 | loss: 0.37492 - accuracy: 0.8835
Training epoch 1 | loss: 0.28826 - accuracy: 0.91383
Validating epoch 1 | loss: 0.30882 - accuracy: 0.84466
Training epoch 2 | loss: 0.1809 - accuracy: 0.95638
Validating epoch 2 | loss: 0.32676 - accuracy: 0.81553
Model is Bert, dataset is sfu, undersample is None, aug mode is synonym, geo is 0.7, pct_usage is None, small_label is 1, small_prop is 0.2, balance_seed is 2, lr is 2e-05, max_epochs is 3, split_num is 3
Training epoch 0 | loss: 0.52624 - accuracy: 0.72128
Validating epoch 0 | loss: 0.33083 - accuracy: 0.84466
Training epoch 1 | loss: 0.24573 - accuracy: 0.93404
Validating epoch 1 | loss: 0.2889 - accuracy: 0.8835
Training epoch 2 | loss: 0.14825 - accuracy: 0.96915
Validating epoch 2 | loss: 0.26625 - accuracy: 0.8835
Model is Bert, dataset is sfu, undersample is None, aug mode is synonym, geo is 0.9, pct_usage is None, small_label is 1, small_prop is 0.2, balance_seed is 2, lr is 2e-05, max_epochs is 3, split_num is 3
Training epoch 0 | loss: 0.52157 - accuracy: 0.73404
Validating epoch 0 | loss: 0.35137 - accuracy: 0.8835
Training epoch 1 | loss: 0.21044 - accuracy: 0.95426
Validating epoch 1 | loss: 0.30486 - accuracy: 0.84466
Training epoch 2 | loss: 0.12169 - accuracy: 0.9766
Validating epoch 2 | loss: 0.30831 - accuracy: 0.86408
Model is Bert, dataset is sfu, undersample is False, aug mode is None, geo is None, pct_usage is None, small_label is 1, small_prop is 0.2, balance_seed is 2, lr is 2e-05, max_epochs is 3, split_num is 3
Training epoch 0 | loss: 0.55079 - accuracy: 0.73191
Validating epoch 0 | loss: 0.37528 - accuracy: 0.90291
Training epoch 1 | loss: 0.26734 - accuracy: 0.94468
Validating epoch 1 | loss: 0.29165 - accuracy: 0.87379
Training epoch 2 | loss: 0.15078 - accuracy: 0.98085
Validating epoch 2 | loss: 0.27044 - accuracy: 0.8835
Model is Bert, dataset is sfu, undersample is True, aug mode is None, geo is None, pct_usage is None, small_label is 1, small_prop is 0.2, balance_seed is 2, lr is 2e-05, max_epochs is 3, split_num is 3
Training epoch 0 | loss: 0.47371 - accuracy: 0.77872
Validating epoch 0 | loss: 0.31101 - accuracy: 0.87379
Training epoch 1 | loss: 0.13048 - accuracy: 0.99043
Validating epoch 1 | loss: 0.29975 - accuracy: 0.87379
Training epoch 2 | loss: 0.06654 - accuracy: 0.99574
Validating epoch 2 | loss: 0.21471 - accuracy: 0.91262
Model is Bert, dataset is sfu, undersample is None, aug mode is synonym, geo is 0.1, pct_usage is None, small_label is 0, small_prop is 0.4, balance_seed is 2, lr is 2e-05, max_epochs is 3, split_num is 3
Training epoch 0 | loss: 0.49223 - accuracy: 0.77553
Validating epoch 0 | loss: 0.46346 - accuracy: 0.79612
Training epoch 1 | loss: 0.20766 - accuracy: 0.93298
Validating epoch 1 | loss: 0.36915 - accuracy: 0.83495
Training epoch 2 | loss: 0.1447 - accuracy: 0.95851
Validating epoch 2 | loss: 0.45415 - accuracy: 0.80583
Model is Bert, dataset is sfu, undersample is None, aug mode is synonym, geo is 0.3, pct_usage is None, small_label is 0, small_prop is 0.4, balance_seed is 2, lr is 2e-05, max_epochs is 3, split_num is 3
Training epoch 0 | loss: 0.56959 - accuracy: 0.7117
Validating epoch 0 | loss: 0.3665 - accuracy: 0.87379
Training epoch 1 | loss: 0.27548 - accuracy: 0.90426
Validating epoch 1 | loss: 0.32107 - accuracy: 0.85437
Training epoch 2 | loss: 0.18706 - accuracy: 0.94574
Validating epoch 2 | loss: 0.32961 - accuracy: 0.84466
Model is Bert, dataset is sfu, undersample is None, aug mode is synonym, geo is 0.5, pct_usage is None, small_label is 0, small_prop is 0.4, balance_seed is 2, lr is 2e-05, max_epochs is 3, split_num is 3
Training epoch 0 | loss: 0.49455 - accuracy: 0.7883
Validating epoch 0 | loss: 0.33463 - accuracy: 0.86408
Training epoch 1 | loss: 0.24484 - accuracy: 0.93511
Validating epoch 1 | loss: 0.39331 - accuracy: 0.83495
Training epoch 2 | loss: 0.1595 - accuracy: 0.96702
Validating epoch 2 | loss: 0.35748 - accuracy: 0.84466
Model is Bert, dataset is sfu, undersample is None, aug mode is synonym, geo is 0.7, pct_usage is None, small_label is 0, small_prop is 0.4, balance_seed is 2, lr is 2e-05, max_epochs is 3, split_num is 3
Training epoch 0 | loss: 0.56059 - accuracy: 0.75319
Validating epoch 0 | loss: 0.4763 - accuracy: 0.82524
Training epoch 1 | loss: 0.29042 - accuracy: 0.91809
Validating epoch 1 | loss: 0.39216 - accuracy: 0.84466
Training epoch 2 | loss: 0.18988 - accuracy: 0.95426
Validating epoch 2 | loss: 0.48805 - accuracy: 0.82524
Model is Bert, dataset is sfu, undersample is None, aug mode is synonym, geo is 0.9, pct_usage is None, small_label is 0, small_prop is 0.4, balance_seed is 2, lr is 2e-05, max_epochs is 3, split_num is 3
Training epoch 0 | loss: 0.57938 - accuracy: 0.69255
Validating epoch 0 | loss: 0.39861 - accuracy: 0.90291
Training epoch 1 | loss: 0.32854 - accuracy: 0.89255
Validating epoch 1 | loss: 0.33354 - accuracy: 0.87379
Training epoch 2 | loss: 0.20474 - accuracy: 0.94681
Validating epoch 2 | loss: 0.32313 - accuracy: 0.87379
Model is Bert, dataset is sfu, undersample is False, aug mode is None, geo is None, pct_usage is None, small_label is 0, small_prop is 0.4, balance_seed is 2, lr is 2e-05, max_epochs is 3, split_num is 3
Training epoch 0 | loss: 0.59497 - accuracy: 0.67234
Validating epoch 0 | loss: 0.47243 - accuracy: 0.84466
Training epoch 1 | loss: 0.31491 - accuracy: 0.90745
Validating epoch 1 | loss: 0.28433 - accuracy: 0.91262
Training epoch 2 | loss: 0.20649 - accuracy: 0.94362
Validating epoch 2 | loss: 0.3831 - accuracy: 0.87379
Model is Bert, dataset is sfu, undersample is True, aug mode is None, geo is None, pct_usage is None, small_label is 0, small_prop is 0.4, balance_seed is 2, lr is 2e-05, max_epochs is 3, split_num is 3
Training epoch 0 | loss: 0.54972 - accuracy: 0.70532
Validating epoch 0 | loss: 0.32481 - accuracy: 0.91262
Training epoch 1 | loss: 0.2594 - accuracy: 0.92128
Validating epoch 1 | loss: 0.29508 - accuracy: 0.87379
Training epoch 2 | loss: 0.13963 - accuracy: 0.97021
Validating epoch 2 | loss: 0.26143 - accuracy: 0.8835
Model is Bert, dataset is sfu, undersample is None, aug mode is synonym, geo is 0.1, pct_usage is None, small_label is 1, small_prop is 0.4, balance_seed is 2, lr is 2e-05, max_epochs is 3, split_num is 3
Training epoch 0 | loss: 0.51062 - accuracy: 0.77872
Validating epoch 0 | loss: 0.3435 - accuracy: 0.86408
Training epoch 1 | loss: 0.25949 - accuracy: 0.92766
Validating epoch 1 | loss: 0.32122 - accuracy: 0.83495
Training epoch 2 | loss: 0.17366 - accuracy: 0.95319
Validating epoch 2 | loss: 0.30744 - accuracy: 0.84466
Model is Bert, dataset is sfu, undersample is None, aug mode is synonym, geo is 0.3, pct_usage is None, small_label is 1, small_prop is 0.4, balance_seed is 2, lr is 2e-05, max_epochs is 3, split_num is 3
Training epoch 0 | loss: 0.5416 - accuracy: 0.74894
Validating epoch 0 | loss: 0.36689 - accuracy: 0.87379
Training epoch 1 | loss: 0.29556 - accuracy: 0.89362
Validating epoch 1 | loss: 0.29533 - accuracy: 0.8835
Training epoch 2 | loss: 0.20063 - accuracy: 0.94043
Validating epoch 2 | loss: 0.26774 - accuracy: 0.8835
Model is Bert, dataset is sfu, undersample is None, aug mode is synonym, geo is 0.5, pct_usage is None, small_label is 1, small_prop is 0.4, balance_seed is 2, lr is 2e-05, max_epochs is 3, split_num is 3
Training epoch 0 | loss: 0.56217 - accuracy: 0.73723
Validating epoch 0 | loss: 0.32674 - accuracy: 0.86408
Training epoch 1 | loss: 0.31679 - accuracy: 0.88511
Validating epoch 1 | loss: 0.25314 - accuracy: 0.8835
Training epoch 2 | loss: 0.21182 - accuracy: 0.94255
Validating epoch 2 | loss: 0.2507 - accuracy: 0.87379
Model is Bert, dataset is sfu, undersample is None, aug mode is synonym, geo is 0.7, pct_usage is None, small_label is 1, small_prop is 0.4, balance_seed is 2, lr is 2e-05, max_epochs is 3, split_num is 3
Training epoch 0 | loss: 0.59303 - accuracy: 0.66915
Validating epoch 0 | loss: 0.40031 - accuracy: 0.87379
Training epoch 1 | loss: 0.30121 - accuracy: 0.9
Validating epoch 1 | loss: 0.25317 - accuracy: 0.90291
Training epoch 2 | loss: 0.20094 - accuracy: 0.93511
Validating epoch 2 | loss: 0.2274 - accuracy: 0.8835
Model is Bert, dataset is sfu, undersample is None, aug mode is synonym, geo is 0.9, pct_usage is None, small_label is 1, small_prop is 0.4, balance_seed is 2, lr is 2e-05, max_epochs is 3, split_num is 3
Training epoch 0 | loss: 0.58006 - accuracy: 0.70106
Validating epoch 0 | loss: 0.41405 - accuracy: 0.87379
Training epoch 1 | loss: 0.35923 - accuracy: 0.87872
Validating epoch 1 | loss: 0.41075 - accuracy: 0.82524
Training epoch 2 | loss: 0.26716 - accuracy: 0.91596
Validating epoch 2 | loss: 0.29181 - accuracy: 0.8932
Model is Bert, dataset is sfu, undersample is False, aug mode is None, geo is None, pct_usage is None, small_label is 1, small_prop is 0.4, balance_seed is 2, lr is 2e-05, max_epochs is 3, split_num is 3
Training epoch 0 | loss: 0.62383 - accuracy: 0.69681
Validating epoch 0 | loss: 0.36874 - accuracy: 0.8835
Training epoch 1 | loss: 0.33859 - accuracy: 0.8883
Validating epoch 1 | loss: 0.28174 - accuracy: 0.90291
Training epoch 2 | loss: 0.24677 - accuracy: 0.92766
Validating epoch 2 | loss: 0.26552 - accuracy: 0.84466
Model is Bert, dataset is sfu, undersample is True, aug mode is None, geo is None, pct_usage is None, small_label is 1, small_prop is 0.4, balance_seed is 2, lr is 2e-05, max_epochs is 3, split_num is 3
Training epoch 0 | loss: 0.60798 - accuracy: 0.64681
Validating epoch 0 | loss: 0.34975 - accuracy: 0.8932
Training epoch 1 | loss: 0.29443 - accuracy: 0.90106
Validating epoch 1 | loss: 0.22792 - accuracy: 0.90291
Training epoch 2 | loss: 0.18833 - accuracy: 0.95426
Validating epoch 2 | loss: 0.22471 - accuracy: 0.90291
Model is Bert, dataset is sfu, undersample is None, aug mode is synonym, geo is 0.1, pct_usage is None, small_label is 0, small_prop is 0.6, balance_seed is 2, lr is 2e-05, max_epochs is 3, split_num is 3
Training epoch 0 | loss: 0.52823 - accuracy: 0.74043
Validating epoch 0 | loss: 0.40259 - accuracy: 0.84466
Training epoch 1 | loss: 0.2643 - accuracy: 0.92021
Validating epoch 1 | loss: 0.33112 - accuracy: 0.85437
Training epoch 2 | loss: 0.18866 - accuracy: 0.94362
Validating epoch 2 | loss: 0.39315 - accuracy: 0.82524
Model is Bert, dataset is sfu, undersample is None, aug mode is synonym, geo is 0.3, pct_usage is None, small_label is 0, small_prop is 0.6, balance_seed is 2, lr is 2e-05, max_epochs is 3, split_num is 3
Training epoch 0 | loss: 0.61881 - accuracy: 0.62872
Validating epoch 0 | loss: 0.43502 - accuracy: 0.87379
Training epoch 1 | loss: 0.31344 - accuracy: 0.90426
Validating epoch 1 | loss: 0.27623 - accuracy: 0.85437
Training epoch 2 | loss: 0.19553 - accuracy: 0.94681
Validating epoch 2 | loss: 0.31679 - accuracy: 0.84466
Model is Bert, dataset is sfu, undersample is None, aug mode is synonym, geo is 0.5, pct_usage is None, small_label is 0, small_prop is 0.6, balance_seed is 2, lr is 2e-05, max_epochs is 3, split_num is 3
Training epoch 0 | loss: 0.58931 - accuracy: 0.68723
Validating epoch 0 | loss: 0.50631 - accuracy: 0.80583
Training epoch 1 | loss: 0.33327 - accuracy: 0.89043
Validating epoch 1 | loss: 0.26652 - accuracy: 0.8932
Training epoch 2 | loss: 0.26264 - accuracy: 0.90638
Validating epoch 2 | loss: 0.39511 - accuracy: 0.85437
Model is Bert, dataset is sfu, undersample is None, aug mode is synonym, geo is 0.7, pct_usage is None, small_label is 0, small_prop is 0.6, balance_seed is 2, lr is 2e-05, max_epochs is 3, split_num is 3
Training epoch 0 | loss: 0.61403 - accuracy: 0.65213
Validating epoch 0 | loss: 0.37653 - accuracy: 0.87379
Training epoch 1 | loss: 0.31963 - accuracy: 0.88723
Validating epoch 1 | loss: 0.26466 - accuracy: 0.8932
Training epoch 2 | loss: 0.24232 - accuracy: 0.91915
Validating epoch 2 | loss: 0.25987 - accuracy: 0.8932
Model is Bert, dataset is sfu, undersample is None, aug mode is synonym, geo is 0.9, pct_usage is None, small_label is 0, small_prop is 0.6, balance_seed is 2, lr is 2e-05, max_epochs is 3, split_num is 3
Training epoch 0 | loss: 0.58882 - accuracy: 0.69255
Validating epoch 0 | loss: 0.31659 - accuracy: 0.93204
Training epoch 1 | loss: 0.30669 - accuracy: 0.89574
Validating epoch 1 | loss: 0.30435 - accuracy: 0.8835
Training epoch 2 | loss: 0.21909 - accuracy: 0.93723
Validating epoch 2 | loss: 0.25851 - accuracy: 0.8835
Model is Bert, dataset is sfu, undersample is False, aug mode is None, geo is None, pct_usage is None, small_label is 0, small_prop is 0.6, balance_seed is 2, lr is 2e-05, max_epochs is 3, split_num is 3
Training epoch 0 | loss: 0.56733 - accuracy: 0.71064
Validating epoch 0 | loss: 0.3271 - accuracy: 0.8932
Training epoch 1 | loss: 0.31 - accuracy: 0.89787
Validating epoch 1 | loss: 0.22208 - accuracy: 0.93204
Training epoch 2 | loss: 0.2424 - accuracy: 0.91809
Validating epoch 2 | loss: 0.29411 - accuracy: 0.8932
Model is Bert, dataset is sfu, undersample is True, aug mode is None, geo is None, pct_usage is None, small_label is 0, small_prop is 0.6, balance_seed is 2, lr is 2e-05, max_epochs is 3, split_num is 3
Training epoch 0 | loss: 0.60159 - accuracy: 0.68404
Validating epoch 0 | loss: 0.40135 - accuracy: 0.8835
Training epoch 1 | loss: 0.32219 - accuracy: 0.90851
Validating epoch 1 | loss: 0.28328 - accuracy: 0.91262
Training epoch 2 | loss: 0.22313 - accuracy: 0.94149
Validating epoch 2 | loss: 0.27405 - accuracy: 0.91262
Model is Bert, dataset is sfu, undersample is None, aug mode is synonym, geo is 0.1, pct_usage is None, small_label is 1, small_prop is 0.6, balance_seed is 2, lr is 2e-05, max_epochs is 3, split_num is 3
Training epoch 0 | loss: 0.56402 - accuracy: 0.71064
Validating epoch 0 | loss: 0.39525 - accuracy: 0.85437
Training epoch 1 | loss: 0.26822 - accuracy: 0.92447
Validating epoch 1 | loss: 0.35823 - accuracy: 0.80583
Training epoch 2 | loss: 0.1689 - accuracy: 0.9617
Validating epoch 2 | loss: 0.33842 - accuracy: 0.83495
Model is Bert, dataset is sfu, undersample is None, aug mode is synonym, geo is 0.3, pct_usage is None, small_label is 1, small_prop is 0.6, balance_seed is 2, lr is 2e-05, max_epochs is 3, split_num is 3
Training epoch 0 | loss: 0.55061 - accuracy: 0.7383
Validating epoch 0 | loss: 0.36169 - accuracy: 0.87379
Training epoch 1 | loss: 0.32768 - accuracy: 0.88404
Validating epoch 1 | loss: 0.29827 - accuracy: 0.87379
Training epoch 2 | loss: 0.24554 - accuracy: 0.92234
Validating epoch 2 | loss: 0.26495 - accuracy: 0.8835
Model is Bert, dataset is sfu, undersample is None, aug mode is synonym, geo is 0.5, pct_usage is None, small_label is 1, small_prop is 0.6, balance_seed is 2, lr is 2e-05, max_epochs is 3, split_num is 3
Training epoch 0 | loss: 0.63065 - accuracy: 0.64681
Validating epoch 0 | loss: 0.42912 - accuracy: 0.87379
Training epoch 1 | loss: 0.3769 - accuracy: 0.86596
Validating epoch 1 | loss: 0.25757 - accuracy: 0.90291
Training epoch 2 | loss: 0.29124 - accuracy: 0.89574
Validating epoch 2 | loss: 0.21502 - accuracy: 0.91262
Model is Bert, dataset is sfu, undersample is None, aug mode is synonym, geo is 0.7, pct_usage is None, small_label is 1, small_prop is 0.6, balance_seed is 2, lr is 2e-05, max_epochs is 3, split_num is 3
Training epoch 0 | loss: 0.59383 - accuracy: 0.67766
Validating epoch 0 | loss: 0.34967 - accuracy: 0.90291
Training epoch 1 | loss: 0.29961 - accuracy: 0.88936
Validating epoch 1 | loss: 0.21096 - accuracy: 0.91262
Training epoch 2 | loss: 0.21933 - accuracy: 0.9234
Validating epoch 2 | loss: 0.21947 - accuracy: 0.91262
Model is Bert, dataset is sfu, undersample is None, aug mode is synonym, geo is 0.9, pct_usage is None, small_label is 1, small_prop is 0.6, balance_seed is 2, lr is 2e-05, max_epochs is 3, split_num is 3
Training epoch 0 | loss: 0.52012 - accuracy: 0.72979
Validating epoch 0 | loss: 0.29404 - accuracy: 0.8835
Training epoch 1 | loss: 0.28416 - accuracy: 0.90426
Validating epoch 1 | loss: 0.22946 - accuracy: 0.90291
Training epoch 2 | loss: 0.20819 - accuracy: 0.94149
Validating epoch 2 | loss: 0.22075 - accuracy: 0.8932
Model is Bert, dataset is sfu, undersample is False, aug mode is None, geo is None, pct_usage is None, small_label is 1, small_prop is 0.6, balance_seed is 2, lr is 2e-05, max_epochs is 3, split_num is 3
Training epoch 0 | loss: 0.53201 - accuracy: 0.71489
Validating epoch 0 | loss: 0.36958 - accuracy: 0.86408
Training epoch 1 | loss: 0.30206 - accuracy: 0.89043
Validating epoch 1 | loss: 0.25802 - accuracy: 0.90291
Training epoch 2 | loss: 0.23573 - accuracy: 0.92766
Validating epoch 2 | loss: 0.27198 - accuracy: 0.8835
Model is Bert, dataset is sfu, undersample is True, aug mode is None, geo is None, pct_usage is None, small_label is 1, small_prop is 0.6, balance_seed is 2, lr is 2e-05, max_epochs is 3, split_num is 3
Training epoch 0 | loss: 0.49918 - accuracy: 0.79362
Validating epoch 0 | loss: 0.33555 - accuracy: 0.90291
Training epoch 1 | loss: 0.23779 - accuracy: 0.9266
Validating epoch 1 | loss: 0.31303 - accuracy: 0.8932
Training epoch 2 | loss: 0.14844 - accuracy: 0.96064
Validating epoch 2 | loss: 0.31663 - accuracy: 0.8932
Model is Bert, dataset is sfu, undersample is None, aug mode is synonym, geo is 0.1, pct_usage is None, small_label is 0, small_prop is 0.8, balance_seed is 2, lr is 2e-05, max_epochs is 3, split_num is 3
Training epoch 0 | loss: 0.49925 - accuracy: 0.80426
Validating epoch 0 | loss: 0.48316 - accuracy: 0.79612
Training epoch 1 | loss: 0.24738 - accuracy: 0.93723
Validating epoch 1 | loss: 0.57017 - accuracy: 0.7767
Training epoch 2 | loss: 0.15839 - accuracy: 0.96383
Validating epoch 2 | loss: 0.59863 - accuracy: 0.7767
Model is Bert, dataset is sfu, undersample is None, aug mode is synonym, geo is 0.3, pct_usage is None, small_label is 0, small_prop is 0.8, balance_seed is 2, lr is 2e-05, max_epochs is 3, split_num is 3
Training epoch 0 | loss: 0.60286 - accuracy: 0.67021
Validating epoch 0 | loss: 0.41807 - accuracy: 0.84466
Training epoch 1 | loss: 0.33315 - accuracy: 0.89681
Validating epoch 1 | loss: 0.47142 - accuracy: 0.80583
Training epoch 2 | loss: 0.25026 - accuracy: 0.91596
Validating epoch 2 | loss: 0.29801 - accuracy: 0.86408
Model is Bert, dataset is sfu, undersample is None, aug mode is synonym, geo is 0.5, pct_usage is None, small_label is 0, small_prop is 0.8, balance_seed is 2, lr is 2e-05, max_epochs is 3, split_num is 3
Training epoch 0 | loss: 0.60079 - accuracy: 0.63617
Validating epoch 0 | loss: 0.42126 - accuracy: 0.90291
Training epoch 1 | loss: 0.32467 - accuracy: 0.89468
Validating epoch 1 | loss: 0.42634 - accuracy: 0.83495
Training epoch 2 | loss: 0.24747 - accuracy: 0.91809
Validating epoch 2 | loss: 0.26914 - accuracy: 0.8932
Model is Bert, dataset is sfu, undersample is None, aug mode is synonym, geo is 0.7, pct_usage is None, small_label is 0, small_prop is 0.8, balance_seed is 2, lr is 2e-05, max_epochs is 3, split_num is 3
Training epoch 0 | loss: 0.58055 - accuracy: 0.7117
Validating epoch 0 | loss: 0.31563 - accuracy: 0.91262
Training epoch 1 | loss: 0.3062 - accuracy: 0.89468
Validating epoch 1 | loss: 0.2449 - accuracy: 0.90291
Training epoch 2 | loss: 0.22197 - accuracy: 0.92872
Validating epoch 2 | loss: 0.26828 - accuracy: 0.8835
Model is Bert, dataset is sfu, undersample is None, aug mode is synonym, geo is 0.9, pct_usage is None, small_label is 0, small_prop is 0.8, balance_seed is 2, lr is 2e-05, max_epochs is 3, split_num is 3
Training epoch 0 | loss: 0.52375 - accuracy: 0.72766
Validating epoch 0 | loss: 0.34769 - accuracy: 0.90291
Training epoch 1 | loss: 0.29939 - accuracy: 0.90532
Validating epoch 1 | loss: 0.30034 - accuracy: 0.8932
Training epoch 2 | loss: 0.24112 - accuracy: 0.9266
Validating epoch 2 | loss: 0.31053 - accuracy: 0.8835
Model is Bert, dataset is sfu, undersample is False, aug mode is None, geo is None, pct_usage is None, small_label is 0, small_prop is 0.8, balance_seed is 2, lr is 2e-05, max_epochs is 3, split_num is 3
Training epoch 0 | loss: 0.58608 - accuracy: 0.68936
Validating epoch 0 | loss: 0.47459 - accuracy: 0.83495
Training epoch 1 | loss: 0.34072 - accuracy: 0.8883
Validating epoch 1 | loss: 0.28449 - accuracy: 0.90291
Training epoch 2 | loss: 0.25703 - accuracy: 0.91489
Validating epoch 2 | loss: 0.29913 - accuracy: 0.87379
Model is Bert, dataset is sfu, undersample is True, aug mode is None, geo is None, pct_usage is None, small_label is 0, small_prop is 0.8, balance_seed is 2, lr is 2e-05, max_epochs is 3, split_num is 3
Training epoch 0 | loss: 0.52002 - accuracy: 0.76915
Validating epoch 0 | loss: 0.31128 - accuracy: 0.92233
Training epoch 1 | loss: 0.27629 - accuracy: 0.90957
Validating epoch 1 | loss: 0.26822 - accuracy: 0.8932
Training epoch 2 | loss: 0.19794 - accuracy: 0.94149
Validating epoch 2 | loss: 0.2691 - accuracy: 0.90291
Model is Bert, dataset is sfu, undersample is None, aug mode is synonym, geo is 0.1, pct_usage is None, small_label is 1, small_prop is 0.8, balance_seed is 2, lr is 2e-05, max_epochs is 3, split_num is 3
Training epoch 0 | loss: 0.47488 - accuracy: 0.77128
Validating epoch 0 | loss: 0.37709 - accuracy: 0.80583
Training epoch 1 | loss: 0.24493 - accuracy: 0.91277
Validating epoch 1 | loss: 0.34771 - accuracy: 0.82524
Training epoch 2 | loss: 0.17124 - accuracy: 0.94894
Validating epoch 2 | loss: 0.32883 - accuracy: 0.83495
Model is Bert, dataset is sfu, undersample is None, aug mode is synonym, geo is 0.3, pct_usage is None, small_label is 1, small_prop is 0.8, balance_seed is 2, lr is 2e-05, max_epochs is 3, split_num is 3
Training epoch 0 | loss: 0.52891 - accuracy: 0.71383
Validating epoch 0 | loss: 0.33023 - accuracy: 0.8932
Training epoch 1 | loss: 0.29882 - accuracy: 0.89362
Validating epoch 1 | loss: 0.27152 - accuracy: 0.8835
Training epoch 2 | loss: 0.21923 - accuracy: 0.93085
Validating epoch 2 | loss: 0.26032 - accuracy: 0.8835
Model is Bert, dataset is sfu, undersample is None, aug mode is synonym, geo is 0.5, pct_usage is None, small_label is 1, small_prop is 0.8, balance_seed is 2, lr is 2e-05, max_epochs is 3, split_num is 3
Training epoch 0 | loss: 0.50907 - accuracy: 0.7734
Validating epoch 0 | loss: 0.31598 - accuracy: 0.91262
Training epoch 1 | loss: 0.32149 - accuracy: 0.88404
Validating epoch 1 | loss: 0.26397 - accuracy: 0.90291
Training epoch 2 | loss: 0.25969 - accuracy: 0.90851
Validating epoch 2 | loss: 0.30907 - accuracy: 0.8932
Model is Bert, dataset is sfu, undersample is None, aug mode is synonym, geo is 0.7, pct_usage is None, small_label is 1, small_prop is 0.8, balance_seed is 2, lr is 2e-05, max_epochs is 3, split_num is 3
Training epoch 0 | loss: 0.62533 - accuracy: 0.61064
Validating epoch 0 | loss: 0.50123 - accuracy: 0.83495
Training epoch 1 | loss: 0.39469 - accuracy: 0.8734
Validating epoch 1 | loss: 0.29237 - accuracy: 0.94175
Training epoch 2 | loss: 0.29109 - accuracy: 0.90106
Validating epoch 2 | loss: 0.26231 - accuracy: 0.92233
Model is Bert, dataset is sfu, undersample is None, aug mode is synonym, geo is 0.9, pct_usage is None, small_label is 1, small_prop is 0.8, balance_seed is 2, lr is 2e-05, max_epochs is 3, split_num is 3
Training epoch 0 | loss: 0.55951 - accuracy: 0.71383
Validating epoch 0 | loss: 0.33506 - accuracy: 0.8835
Training epoch 1 | loss: 0.32828 - accuracy: 0.87553
Validating epoch 1 | loss: 0.27751 - accuracy: 0.8835
Training epoch 2 | loss: 0.23864 - accuracy: 0.92979
Validating epoch 2 | loss: 0.25926 - accuracy: 0.90291
Model is Bert, dataset is sfu, undersample is False, aug mode is None, geo is None, pct_usage is None, small_label is 1, small_prop is 0.8, balance_seed is 2, lr is 2e-05, max_epochs is 3, split_num is 3
Training epoch 0 | loss: 0.6014 - accuracy: 0.66702
Validating epoch 0 | loss: 0.39458 - accuracy: 0.8835
Training epoch 1 | loss: 0.34207 - accuracy: 0.89149
Validating epoch 1 | loss: 0.3356 - accuracy: 0.87379
Training epoch 2 | loss: 0.26138 - accuracy: 0.90851
Validating epoch 2 | loss: 0.29197 - accuracy: 0.90291
Model is Bert, dataset is sfu, undersample is True, aug mode is None, geo is None, pct_usage is None, small_label is 1, small_prop is 0.8, balance_seed is 2, lr is 2e-05, max_epochs is 3, split_num is 3
Training epoch 0 | loss: 0.53837 - accuracy: 0.71383
Validating epoch 0 | loss: 0.32398 - accuracy: 0.8835
Training epoch 1 | loss: 0.30902 - accuracy: 0.88936
Validating epoch 1 | loss: 0.23806 - accuracy: 0.90291
Training epoch 2 | loss: 0.23438 - accuracy: 0.9234
Validating epoch 2 | loss: 0.25358 - accuracy: 0.87379
