Model is Bert, dataset is sfu, undersample is None, aug mode is synonym, geo is 0.1, pct_usage is None, small_label is 0, small_prop is 0.2, balance_seed is 0, lr is 2e-05, max_epochs is 3, split_num is 6
Training epoch 0 | loss: 0.5323 - accuracy: 0.76383
Validating epoch 0 | loss: 0.48844 - accuracy: 0.7767
Training epoch 1 | loss: 0.20393 - accuracy: 0.95426
Validating epoch 1 | loss: 0.44039 - accuracy: 0.80583
Training epoch 2 | loss: 0.10984 - accuracy: 0.97766
Validating epoch 2 | loss: 0.57599 - accuracy: 0.75728
Model is Bert, dataset is sfu, undersample is None, aug mode is synonym, geo is 0.3, pct_usage is None, small_label is 0, small_prop is 0.2, balance_seed is 0, lr is 2e-05, max_epochs is 3, split_num is 6
Training epoch 0 | loss: 0.53959 - accuracy: 0.75957
Validating epoch 0 | loss: 0.37977 - accuracy: 0.82524
Training epoch 1 | loss: 0.23851 - accuracy: 0.94149
Validating epoch 1 | loss: 0.50765 - accuracy: 0.74757
Training epoch 2 | loss: 0.1211 - accuracy: 0.98191
Validating epoch 2 | loss: 0.49513 - accuracy: 0.75728
Model is Bert, dataset is sfu, undersample is None, aug mode is synonym, geo is 0.5, pct_usage is None, small_label is 0, small_prop is 0.2, balance_seed is 0, lr is 2e-05, max_epochs is 3, split_num is 6
Training epoch 0 | loss: 0.5573 - accuracy: 0.70851
Validating epoch 0 | loss: 0.35552 - accuracy: 0.82524
Training epoch 1 | loss: 0.23828 - accuracy: 0.9234
Validating epoch 1 | loss: 0.36978 - accuracy: 0.80583
Training epoch 2 | loss: 0.14277 - accuracy: 0.96596
Validating epoch 2 | loss: 0.36267 - accuracy: 0.79612
Model is Bert, dataset is sfu, undersample is None, aug mode is synonym, geo is 0.7, pct_usage is None, small_label is 0, small_prop is 0.2, balance_seed is 0, lr is 2e-05, max_epochs is 3, split_num is 6
Training epoch 0 | loss: 0.52655 - accuracy: 0.77447
Validating epoch 0 | loss: 0.34819 - accuracy: 0.83495
Training epoch 1 | loss: 0.21822 - accuracy: 0.94149
Validating epoch 1 | loss: 0.30495 - accuracy: 0.84466
Training epoch 2 | loss: 0.11949 - accuracy: 0.97128
Validating epoch 2 | loss: 0.39031 - accuracy: 0.78641
Model is Bert, dataset is sfu, undersample is None, aug mode is synonym, geo is 0.9, pct_usage is None, small_label is 0, small_prop is 0.2, balance_seed is 0, lr is 2e-05, max_epochs is 3, split_num is 6
Training epoch 0 | loss: 0.56515 - accuracy: 0.72766
Validating epoch 0 | loss: 0.39449 - accuracy: 0.85437
Training epoch 1 | loss: 0.28368 - accuracy: 0.92447
Validating epoch 1 | loss: 0.38932 - accuracy: 0.81553
Training epoch 2 | loss: 0.16471 - accuracy: 0.96277
Validating epoch 2 | loss: 0.41096 - accuracy: 0.79612
Model is Bert, dataset is sfu, undersample is False, aug mode is None, geo is None, pct_usage is None, small_label is 0, small_prop is 0.2, balance_seed is 0, lr is 2e-05, max_epochs is 3, split_num is 6
Training epoch 0 | loss: 0.55938 - accuracy: 0.71489
Validating epoch 0 | loss: 0.38547 - accuracy: 0.85437
Training epoch 1 | loss: 0.24982 - accuracy: 0.92979
Validating epoch 1 | loss: 0.40271 - accuracy: 0.82524
Training epoch 2 | loss: 0.14973 - accuracy: 0.96915
Validating epoch 2 | loss: 0.40107 - accuracy: 0.79612
Model is Bert, dataset is sfu, undersample is True, aug mode is None, geo is None, pct_usage is None, small_label is 0, small_prop is 0.2, balance_seed is 0, lr is 2e-05, max_epochs is 3, split_num is 6
Training epoch 0 | loss: 0.53663 - accuracy: 0.71596
Validating epoch 0 | loss: 0.43939 - accuracy: 0.83495
Training epoch 1 | loss: 0.18498 - accuracy: 0.97447
Validating epoch 1 | loss: 0.44461 - accuracy: 0.87379
Training epoch 2 | loss: 0.09741 - accuracy: 0.99149
Validating epoch 2 | loss: 0.4484 - accuracy: 0.82524
Model is Bert, dataset is sfu, undersample is None, aug mode is synonym, geo is 0.1, pct_usage is None, small_label is 1, small_prop is 0.2, balance_seed is 0, lr is 2e-05, max_epochs is 3, split_num is 6
Training epoch 0 | loss: 0.4843 - accuracy: 0.76596
Validating epoch 0 | loss: 0.42392 - accuracy: 0.84466
Training epoch 1 | loss: 0.2182 - accuracy: 0.93723
Validating epoch 1 | loss: 0.43035 - accuracy: 0.80583
Training epoch 2 | loss: 0.13266 - accuracy: 0.97021
Validating epoch 2 | loss: 0.42758 - accuracy: 0.83495
Model is Bert, dataset is sfu, undersample is None, aug mode is synonym, geo is 0.3, pct_usage is None, small_label is 1, small_prop is 0.2, balance_seed is 0, lr is 2e-05, max_epochs is 3, split_num is 6
Training epoch 0 | loss: 0.59094 - accuracy: 0.69574
Validating epoch 0 | loss: 0.41503 - accuracy: 0.86408
Training epoch 1 | loss: 0.34438 - accuracy: 0.90213
Validating epoch 1 | loss: 0.37055 - accuracy: 0.84466
Training epoch 2 | loss: 0.23028 - accuracy: 0.95
Validating epoch 2 | loss: 0.41883 - accuracy: 0.84466
Model is Bert, dataset is sfu, undersample is None, aug mode is synonym, geo is 0.5, pct_usage is None, small_label is 1, small_prop is 0.2, balance_seed is 0, lr is 2e-05, max_epochs is 3, split_num is 6
Training epoch 0 | loss: 0.5938 - accuracy: 0.66809
Validating epoch 0 | loss: 0.39661 - accuracy: 0.84466
Training epoch 1 | loss: 0.30568 - accuracy: 0.9234
Validating epoch 1 | loss: 0.38933 - accuracy: 0.84466
Training epoch 2 | loss: 0.17695 - accuracy: 0.96702
Validating epoch 2 | loss: 0.40816 - accuracy: 0.83495
Model is Bert, dataset is sfu, undersample is None, aug mode is synonym, geo is 0.7, pct_usage is None, small_label is 1, small_prop is 0.2, balance_seed is 0, lr is 2e-05, max_epochs is 3, split_num is 6
Training epoch 0 | loss: 0.51771 - accuracy: 0.7383
Validating epoch 0 | loss: 0.4396 - accuracy: 0.80583
Training epoch 1 | loss: 0.26707 - accuracy: 0.90745
Validating epoch 1 | loss: 0.46407 - accuracy: 0.84466
Training epoch 2 | loss: 0.14977 - accuracy: 0.96702
Validating epoch 2 | loss: 0.41522 - accuracy: 0.87379
Model is Bert, dataset is sfu, undersample is None, aug mode is synonym, geo is 0.9, pct_usage is None, small_label is 1, small_prop is 0.2, balance_seed is 0, lr is 2e-05, max_epochs is 3, split_num is 6
Training epoch 0 | loss: 0.61334 - accuracy: 0.67234
Validating epoch 0 | loss: 0.44694 - accuracy: 0.86408
Training epoch 1 | loss: 0.29282 - accuracy: 0.92766
Validating epoch 1 | loss: 0.3798 - accuracy: 0.85437
Training epoch 2 | loss: 0.17249 - accuracy: 0.96277
Validating epoch 2 | loss: 0.46425 - accuracy: 0.82524
Model is Bert, dataset is sfu, undersample is False, aug mode is None, geo is None, pct_usage is None, small_label is 1, small_prop is 0.2, balance_seed is 0, lr is 2e-05, max_epochs is 3, split_num is 6
Training epoch 0 | loss: 0.49078 - accuracy: 0.77766
Validating epoch 0 | loss: 0.34964 - accuracy: 0.87379
Training epoch 1 | loss: 0.28164 - accuracy: 0.91064
Validating epoch 1 | loss: 0.32213 - accuracy: 0.8835
Training epoch 2 | loss: 0.1807 - accuracy: 0.95851
Validating epoch 2 | loss: 0.33355 - accuracy: 0.87379
Model is Bert, dataset is sfu, undersample is True, aug mode is None, geo is None, pct_usage is None, small_label is 1, small_prop is 0.2, balance_seed is 0, lr is 2e-05, max_epochs is 3, split_num is 6
Training epoch 0 | loss: 0.55451 - accuracy: 0.71064
Validating epoch 0 | loss: 0.37754 - accuracy: 0.91262
Training epoch 1 | loss: 0.20809 - accuracy: 0.95638
Validating epoch 1 | loss: 0.32016 - accuracy: 0.85437
Training epoch 2 | loss: 0.07731 - accuracy: 0.99362
Validating epoch 2 | loss: 0.33725 - accuracy: 0.86408
Model is Bert, dataset is sfu, undersample is None, aug mode is synonym, geo is 0.1, pct_usage is None, small_label is 0, small_prop is 0.4, balance_seed is 0, lr is 2e-05, max_epochs is 3, split_num is 6
Training epoch 0 | loss: 0.56198 - accuracy: 0.70426
Validating epoch 0 | loss: 0.43853 - accuracy: 0.76699
Training epoch 1 | loss: 0.21781 - accuracy: 0.93191
Validating epoch 1 | loss: 0.56043 - accuracy: 0.72816
Training epoch 2 | loss: 0.15082 - accuracy: 0.95319
Validating epoch 2 | loss: 0.50379 - accuracy: 0.75728
Model is Bert, dataset is sfu, undersample is None, aug mode is synonym, geo is 0.3, pct_usage is None, small_label is 0, small_prop is 0.4, balance_seed is 0, lr is 2e-05, max_epochs is 3, split_num is 6
Training epoch 0 | loss: 0.54636 - accuracy: 0.75532
Validating epoch 0 | loss: 0.38686 - accuracy: 0.79612
Training epoch 1 | loss: 0.26346 - accuracy: 0.91915
Validating epoch 1 | loss: 0.40213 - accuracy: 0.79612
Training epoch 2 | loss: 0.16926 - accuracy: 0.9617
Validating epoch 2 | loss: 0.38221 - accuracy: 0.80583
Model is Bert, dataset is sfu, undersample is None, aug mode is synonym, geo is 0.5, pct_usage is None, small_label is 0, small_prop is 0.4, balance_seed is 0, lr is 2e-05, max_epochs is 3, split_num is 6
Training epoch 0 | loss: 0.54242 - accuracy: 0.73298
Validating epoch 0 | loss: 0.34276 - accuracy: 0.87379
Training epoch 1 | loss: 0.27726 - accuracy: 0.92234
Validating epoch 1 | loss: 0.29547 - accuracy: 0.8835
Training epoch 2 | loss: 0.19386 - accuracy: 0.95
Validating epoch 2 | loss: 0.30971 - accuracy: 0.84466
Model is Bert, dataset is sfu, undersample is None, aug mode is synonym, geo is 0.7, pct_usage is None, small_label is 0, small_prop is 0.4, balance_seed is 0, lr is 2e-05, max_epochs is 3, split_num is 6
Training epoch 0 | loss: 0.58239 - accuracy: 0.69681
Validating epoch 0 | loss: 0.43761 - accuracy: 0.81553
Training epoch 1 | loss: 0.34785 - accuracy: 0.87766
Validating epoch 1 | loss: 0.37982 - accuracy: 0.85437
Training epoch 2 | loss: 0.24665 - accuracy: 0.91915
Validating epoch 2 | loss: 0.37954 - accuracy: 0.84466
Model is Bert, dataset is sfu, undersample is None, aug mode is synonym, geo is 0.9, pct_usage is None, small_label is 0, small_prop is 0.4, balance_seed is 0, lr is 2e-05, max_epochs is 3, split_num is 6
Training epoch 0 | loss: 0.58201 - accuracy: 0.68723
Validating epoch 0 | loss: 0.42016 - accuracy: 0.83495
Training epoch 1 | loss: 0.30563 - accuracy: 0.89787
Validating epoch 1 | loss: 0.36623 - accuracy: 0.8835
Training epoch 2 | loss: 0.21825 - accuracy: 0.94255
Validating epoch 2 | loss: 0.37898 - accuracy: 0.84466
Model is Bert, dataset is sfu, undersample is False, aug mode is None, geo is None, pct_usage is None, small_label is 0, small_prop is 0.4, balance_seed is 0, lr is 2e-05, max_epochs is 3, split_num is 6
Training epoch 0 | loss: 0.6084 - accuracy: 0.64894
Validating epoch 0 | loss: 0.38809 - accuracy: 0.86408
Training epoch 1 | loss: 0.31175 - accuracy: 0.88723
Validating epoch 1 | loss: 0.31351 - accuracy: 0.86408
Training epoch 2 | loss: 0.19463 - accuracy: 0.93723
Validating epoch 2 | loss: 0.31283 - accuracy: 0.87379
Model is Bert, dataset is sfu, undersample is True, aug mode is None, geo is None, pct_usage is None, small_label is 0, small_prop is 0.4, balance_seed is 0, lr is 2e-05, max_epochs is 3, split_num is 6
Training epoch 0 | loss: 0.54918 - accuracy: 0.73191
Validating epoch 0 | loss: 0.36714 - accuracy: 0.85437
Training epoch 1 | loss: 0.26011 - accuracy: 0.9234
Validating epoch 1 | loss: 0.28321 - accuracy: 0.87379
Training epoch 2 | loss: 0.13979 - accuracy: 0.97766
Validating epoch 2 | loss: 0.2883 - accuracy: 0.87379
Model is Bert, dataset is sfu, undersample is None, aug mode is synonym, geo is 0.1, pct_usage is None, small_label is 1, small_prop is 0.4, balance_seed is 0, lr is 2e-05, max_epochs is 3, split_num is 6
Training epoch 0 | loss: 0.47711 - accuracy: 0.80851
Validating epoch 0 | loss: 0.40337 - accuracy: 0.85437
Training epoch 1 | loss: 0.24139 - accuracy: 0.9266
Validating epoch 1 | loss: 0.51517 - accuracy: 0.78641
Training epoch 2 | loss: 0.16376 - accuracy: 0.95532
Validating epoch 2 | loss: 0.42123 - accuracy: 0.85437
Model is Bert, dataset is sfu, undersample is None, aug mode is synonym, geo is 0.3, pct_usage is None, small_label is 1, small_prop is 0.4, balance_seed is 0, lr is 2e-05, max_epochs is 3, split_num is 6
Training epoch 0 | loss: 0.654 - accuracy: 0.6383
Validating epoch 0 | loss: 0.45709 - accuracy: 0.85437
Training epoch 1 | loss: 0.34604 - accuracy: 0.86915
Validating epoch 1 | loss: 0.32478 - accuracy: 0.87379
Training epoch 2 | loss: 0.23437 - accuracy: 0.91383
Validating epoch 2 | loss: 0.38826 - accuracy: 0.86408
Model is Bert, dataset is sfu, undersample is None, aug mode is synonym, geo is 0.5, pct_usage is None, small_label is 1, small_prop is 0.4, balance_seed is 0, lr is 2e-05, max_epochs is 3, split_num is 6
Training epoch 0 | loss: 0.57827 - accuracy: 0.69043
Validating epoch 0 | loss: 0.38226 - accuracy: 0.8932
Training epoch 1 | loss: 0.35092 - accuracy: 0.87872
Validating epoch 1 | loss: 0.33717 - accuracy: 0.86408
Training epoch 2 | loss: 0.26623 - accuracy: 0.91596
Validating epoch 2 | loss: 0.31025 - accuracy: 0.87379
Model is Bert, dataset is sfu, undersample is None, aug mode is synonym, geo is 0.7, pct_usage is None, small_label is 1, small_prop is 0.4, balance_seed is 0, lr is 2e-05, max_epochs is 3, split_num is 6
Training epoch 0 | loss: 0.54612 - accuracy: 0.72128
Validating epoch 0 | loss: 0.35374 - accuracy: 0.8932
Training epoch 1 | loss: 0.31931 - accuracy: 0.88723
Validating epoch 1 | loss: 0.28417 - accuracy: 0.8835
Training epoch 2 | loss: 0.22998 - accuracy: 0.93936
Validating epoch 2 | loss: 0.27952 - accuracy: 0.8835
Model is Bert, dataset is sfu, undersample is None, aug mode is synonym, geo is 0.9, pct_usage is None, small_label is 1, small_prop is 0.4, balance_seed is 0, lr is 2e-05, max_epochs is 3, split_num is 6
Training epoch 0 | loss: 0.61535 - accuracy: 0.61383
Validating epoch 0 | loss: 0.45291 - accuracy: 0.83495
Training epoch 1 | loss: 0.33151 - accuracy: 0.87553
Validating epoch 1 | loss: 0.41829 - accuracy: 0.86408
Training epoch 2 | loss: 0.23571 - accuracy: 0.92553
Validating epoch 2 | loss: 0.40126 - accuracy: 0.84466
Model is Bert, dataset is sfu, undersample is False, aug mode is None, geo is None, pct_usage is None, small_label is 1, small_prop is 0.4, balance_seed is 0, lr is 2e-05, max_epochs is 3, split_num is 6
Training epoch 0 | loss: 0.55278 - accuracy: 0.7117
Validating epoch 0 | loss: 0.37561 - accuracy: 0.87379
Training epoch 1 | loss: 0.29598 - accuracy: 0.91064
Validating epoch 1 | loss: 0.31852 - accuracy: 0.87379
Training epoch 2 | loss: 0.209 - accuracy: 0.94149
Validating epoch 2 | loss: 0.32572 - accuracy: 0.8835
Model is Bert, dataset is sfu, undersample is True, aug mode is None, geo is None, pct_usage is None, small_label is 1, small_prop is 0.4, balance_seed is 0, lr is 2e-05, max_epochs is 3, split_num is 6
Training epoch 0 | loss: 0.63829 - accuracy: 0.62553
Validating epoch 0 | loss: 0.45652 - accuracy: 0.84466
Training epoch 1 | loss: 0.38398 - accuracy: 0.86809
Validating epoch 1 | loss: 0.33099 - accuracy: 0.8835
Training epoch 2 | loss: 0.25629 - accuracy: 0.91596
Validating epoch 2 | loss: 0.32853 - accuracy: 0.87379
Model is Bert, dataset is sfu, undersample is None, aug mode is synonym, geo is 0.1, pct_usage is None, small_label is 0, small_prop is 0.6, balance_seed is 0, lr is 2e-05, max_epochs is 3, split_num is 6
Training epoch 0 | loss: 0.4798 - accuracy: 0.75213
Validating epoch 0 | loss: 0.39902 - accuracy: 0.83495
Training epoch 1 | loss: 0.23997 - accuracy: 0.91915
Validating epoch 1 | loss: 0.54962 - accuracy: 0.71845
Training epoch 2 | loss: 0.15593 - accuracy: 0.95638
Validating epoch 2 | loss: 0.50284 - accuracy: 0.7767
Model is Bert, dataset is sfu, undersample is None, aug mode is synonym, geo is 0.3, pct_usage is None, small_label is 0, small_prop is 0.6, balance_seed is 0, lr is 2e-05, max_epochs is 3, split_num is 6
Training epoch 0 | loss: 0.53895 - accuracy: 0.7266
Validating epoch 0 | loss: 0.3881 - accuracy: 0.83495
Training epoch 1 | loss: 0.31395 - accuracy: 0.89894
Validating epoch 1 | loss: 0.30272 - accuracy: 0.87379
Training epoch 2 | loss: 0.22954 - accuracy: 0.9266
Validating epoch 2 | loss: 0.29906 - accuracy: 0.8835
Model is Bert, dataset is sfu, undersample is None, aug mode is synonym, geo is 0.5, pct_usage is None, small_label is 0, small_prop is 0.6, balance_seed is 0, lr is 2e-05, max_epochs is 3, split_num is 6
Training epoch 0 | loss: 0.58764 - accuracy: 0.68617
Validating epoch 0 | loss: 0.41219 - accuracy: 0.87379
Training epoch 1 | loss: 0.33927 - accuracy: 0.88936
Validating epoch 1 | loss: 0.3249 - accuracy: 0.84466
Training epoch 2 | loss: 0.2564 - accuracy: 0.92447
Validating epoch 2 | loss: 0.30694 - accuracy: 0.87379
Model is Bert, dataset is sfu, undersample is None, aug mode is synonym, geo is 0.7, pct_usage is None, small_label is 0, small_prop is 0.6, balance_seed is 0, lr is 2e-05, max_epochs is 3, split_num is 6
Training epoch 0 | loss: 0.52789 - accuracy: 0.76702
Validating epoch 0 | loss: 0.35963 - accuracy: 0.87379
Training epoch 1 | loss: 0.31978 - accuracy: 0.9
Validating epoch 1 | loss: 0.32413 - accuracy: 0.85437
Training epoch 2 | loss: 0.22205 - accuracy: 0.94362
Validating epoch 2 | loss: 0.3072 - accuracy: 0.86408
Model is Bert, dataset is sfu, undersample is None, aug mode is synonym, geo is 0.9, pct_usage is None, small_label is 0, small_prop is 0.6, balance_seed is 0, lr is 2e-05, max_epochs is 3, split_num is 6
Training epoch 0 | loss: 0.55456 - accuracy: 0.70213
Validating epoch 0 | loss: 0.3655 - accuracy: 0.86408
Training epoch 1 | loss: 0.29819 - accuracy: 0.89681
Validating epoch 1 | loss: 0.31082 - accuracy: 0.85437
Training epoch 2 | loss: 0.20889 - accuracy: 0.9383
Validating epoch 2 | loss: 0.31385 - accuracy: 0.86408
Model is Bert, dataset is sfu, undersample is False, aug mode is None, geo is None, pct_usage is None, small_label is 0, small_prop is 0.6, balance_seed is 0, lr is 2e-05, max_epochs is 3, split_num is 6
Training epoch 0 | loss: 0.52543 - accuracy: 0.76277
Validating epoch 0 | loss: 0.37746 - accuracy: 0.81553
Training epoch 1 | loss: 0.32789 - accuracy: 0.88723
Validating epoch 1 | loss: 0.31436 - accuracy: 0.87379
Training epoch 2 | loss: 0.24769 - accuracy: 0.91277
Validating epoch 2 | loss: 0.33064 - accuracy: 0.86408
Model is Bert, dataset is sfu, undersample is True, aug mode is None, geo is None, pct_usage is None, small_label is 0, small_prop is 0.6, balance_seed is 0, lr is 2e-05, max_epochs is 3, split_num is 6
Training epoch 0 | loss: 0.58135 - accuracy: 0.68511
Validating epoch 0 | loss: 0.38292 - accuracy: 0.8835
Training epoch 1 | loss: 0.29136 - accuracy: 0.91702
Validating epoch 1 | loss: 0.31286 - accuracy: 0.86408
Training epoch 2 | loss: 0.18646 - accuracy: 0.96064
Validating epoch 2 | loss: 0.33992 - accuracy: 0.85437
Model is Bert, dataset is sfu, undersample is None, aug mode is synonym, geo is 0.1, pct_usage is None, small_label is 1, small_prop is 0.6, balance_seed is 0, lr is 2e-05, max_epochs is 3, split_num is 6
Training epoch 0 | loss: 0.51408 - accuracy: 0.76596
Validating epoch 0 | loss: 0.43432 - accuracy: 0.84466
Training epoch 1 | loss: 0.23873 - accuracy: 0.94043
Validating epoch 1 | loss: 0.43778 - accuracy: 0.82524
Training epoch 2 | loss: 0.16467 - accuracy: 0.95745
Validating epoch 2 | loss: 0.48836 - accuracy: 0.80583
Model is Bert, dataset is sfu, undersample is None, aug mode is synonym, geo is 0.3, pct_usage is None, small_label is 1, small_prop is 0.6, balance_seed is 0, lr is 2e-05, max_epochs is 3, split_num is 6
Training epoch 0 | loss: 0.59973 - accuracy: 0.65213
Validating epoch 0 | loss: 0.41023 - accuracy: 0.87379
Training epoch 1 | loss: 0.31792 - accuracy: 0.88617
Validating epoch 1 | loss: 0.36008 - accuracy: 0.86408
Training epoch 2 | loss: 0.22218 - accuracy: 0.9266
Validating epoch 2 | loss: 0.38094 - accuracy: 0.8835
Model is Bert, dataset is sfu, undersample is None, aug mode is synonym, geo is 0.5, pct_usage is None, small_label is 1, small_prop is 0.6, balance_seed is 0, lr is 2e-05, max_epochs is 3, split_num is 6
Training epoch 0 | loss: 0.50269 - accuracy: 0.76064
Validating epoch 0 | loss: 0.34616 - accuracy: 0.87379
Training epoch 1 | loss: 0.30628 - accuracy: 0.89468
Validating epoch 1 | loss: 0.34679 - accuracy: 0.85437
Training epoch 2 | loss: 0.24529 - accuracy: 0.92021
Validating epoch 2 | loss: 0.34456 - accuracy: 0.86408
Model is Bert, dataset is sfu, undersample is None, aug mode is synonym, geo is 0.7, pct_usage is None, small_label is 1, small_prop is 0.6, balance_seed is 0, lr is 2e-05, max_epochs is 3, split_num is 6
Training epoch 0 | loss: 0.56996 - accuracy: 0.70745
Validating epoch 0 | loss: 0.35555 - accuracy: 0.87379
Training epoch 1 | loss: 0.30846 - accuracy: 0.89468
Validating epoch 1 | loss: 0.32635 - accuracy: 0.8835
Training epoch 2 | loss: 0.22525 - accuracy: 0.92447
Validating epoch 2 | loss: 0.28248 - accuracy: 0.8932
Model is Bert, dataset is sfu, undersample is None, aug mode is synonym, geo is 0.9, pct_usage is None, small_label is 1, small_prop is 0.6, balance_seed is 0, lr is 2e-05, max_epochs is 3, split_num is 6
Training epoch 0 | loss: 0.5455 - accuracy: 0.76383
Validating epoch 0 | loss: 0.37528 - accuracy: 0.85437
Training epoch 1 | loss: 0.33922 - accuracy: 0.89149
Validating epoch 1 | loss: 0.32883 - accuracy: 0.86408
Training epoch 2 | loss: 0.2599 - accuracy: 0.92447
Validating epoch 2 | loss: 0.31559 - accuracy: 0.86408
Model is Bert, dataset is sfu, undersample is False, aug mode is None, geo is None, pct_usage is None, small_label is 1, small_prop is 0.6, balance_seed is 0, lr is 2e-05, max_epochs is 3, split_num is 6
Training epoch 0 | loss: 0.57774 - accuracy: 0.64787
Validating epoch 0 | loss: 0.35501 - accuracy: 0.8835
Training epoch 1 | loss: 0.30554 - accuracy: 0.89362
Validating epoch 1 | loss: 0.36788 - accuracy: 0.83495
Training epoch 2 | loss: 0.22649 - accuracy: 0.93085
Validating epoch 2 | loss: 0.33942 - accuracy: 0.87379
Model is Bert, dataset is sfu, undersample is True, aug mode is None, geo is None, pct_usage is None, small_label is 1, small_prop is 0.6, balance_seed is 0, lr is 2e-05, max_epochs is 3, split_num is 6
Training epoch 0 | loss: 0.54096 - accuracy: 0.73404
Validating epoch 0 | loss: 0.40624 - accuracy: 0.79612
Training epoch 1 | loss: 0.32737 - accuracy: 0.88404
Validating epoch 1 | loss: 0.32126 - accuracy: 0.8835
Training epoch 2 | loss: 0.23339 - accuracy: 0.92766
Validating epoch 2 | loss: 0.32289 - accuracy: 0.87379
Model is Bert, dataset is sfu, undersample is None, aug mode is synonym, geo is 0.1, pct_usage is None, small_label is 0, small_prop is 0.8, balance_seed is 0, lr is 2e-05, max_epochs is 3, split_num is 6
Training epoch 0 | loss: 0.5632 - accuracy: 0.69468
Validating epoch 0 | loss: 0.46093 - accuracy: 0.7767
Training epoch 1 | loss: 0.24171 - accuracy: 0.93511
Validating epoch 1 | loss: 0.37259 - accuracy: 0.79612
Training epoch 2 | loss: 0.18771 - accuracy: 0.94043
Validating epoch 2 | loss: 0.40577 - accuracy: 0.78641
Model is Bert, dataset is sfu, undersample is None, aug mode is synonym, geo is 0.3, pct_usage is None, small_label is 0, small_prop is 0.8, balance_seed is 0, lr is 2e-05, max_epochs is 3, split_num is 6
Training epoch 0 | loss: 0.53809 - accuracy: 0.69255
Validating epoch 0 | loss: 0.35459 - accuracy: 0.82524
Training epoch 1 | loss: 0.28522 - accuracy: 0.89574
Validating epoch 1 | loss: 0.33965 - accuracy: 0.87379
Training epoch 2 | loss: 0.20591 - accuracy: 0.93298
Validating epoch 2 | loss: 0.35619 - accuracy: 0.84466
Model is Bert, dataset is sfu, undersample is None, aug mode is synonym, geo is 0.5, pct_usage is None, small_label is 0, small_prop is 0.8, balance_seed is 0, lr is 2e-05, max_epochs is 3, split_num is 6
Training epoch 0 | loss: 0.55688 - accuracy: 0.71809
Validating epoch 0 | loss: 0.38999 - accuracy: 0.84466
Training epoch 1 | loss: 0.33425 - accuracy: 0.88617
Validating epoch 1 | loss: 0.32865 - accuracy: 0.84466
Training epoch 2 | loss: 0.24558 - accuracy: 0.92234
Validating epoch 2 | loss: 0.3111 - accuracy: 0.83495
Model is Bert, dataset is sfu, undersample is None, aug mode is synonym, geo is 0.7, pct_usage is None, small_label is 0, small_prop is 0.8, balance_seed is 0, lr is 2e-05, max_epochs is 3, split_num is 6
Training epoch 0 | loss: 0.56522 - accuracy: 0.71702
Validating epoch 0 | loss: 0.36466 - accuracy: 0.86408
Training epoch 1 | loss: 0.32823 - accuracy: 0.89468
Validating epoch 1 | loss: 0.29228 - accuracy: 0.87379
Training epoch 2 | loss: 0.23822 - accuracy: 0.92234
Validating epoch 2 | loss: 0.28897 - accuracy: 0.86408
Model is Bert, dataset is sfu, undersample is None, aug mode is synonym, geo is 0.9, pct_usage is None, small_label is 0, small_prop is 0.8, balance_seed is 0, lr is 2e-05, max_epochs is 3, split_num is 6
Training epoch 0 | loss: 0.54867 - accuracy: 0.70745
Validating epoch 0 | loss: 0.34372 - accuracy: 0.90291
Training epoch 1 | loss: 0.30097 - accuracy: 0.89362
Validating epoch 1 | loss: 0.31882 - accuracy: 0.8835
Training epoch 2 | loss: 0.23047 - accuracy: 0.92447
Validating epoch 2 | loss: 0.29434 - accuracy: 0.86408
Model is Bert, dataset is sfu, undersample is False, aug mode is None, geo is None, pct_usage is None, small_label is 0, small_prop is 0.8, balance_seed is 0, lr is 2e-05, max_epochs is 3, split_num is 6
Training epoch 0 | loss: 0.6016 - accuracy: 0.70745
Validating epoch 0 | loss: 0.42873 - accuracy: 0.85437
Training epoch 1 | loss: 0.33153 - accuracy: 0.8883
Validating epoch 1 | loss: 0.35259 - accuracy: 0.85437
Training epoch 2 | loss: 0.25691 - accuracy: 0.9234
Validating epoch 2 | loss: 0.37596 - accuracy: 0.84466
Model is Bert, dataset is sfu, undersample is True, aug mode is None, geo is None, pct_usage is None, small_label is 0, small_prop is 0.8, balance_seed is 0, lr is 2e-05, max_epochs is 3, split_num is 6
Training epoch 0 | loss: 0.58312 - accuracy: 0.70745
Validating epoch 0 | loss: 0.39873 - accuracy: 0.86408
Training epoch 1 | loss: 0.33758 - accuracy: 0.89362
Validating epoch 1 | loss: 0.31474 - accuracy: 0.87379
Training epoch 2 | loss: 0.25768 - accuracy: 0.92447
Validating epoch 2 | loss: 0.30663 - accuracy: 0.87379
Model is Bert, dataset is sfu, undersample is None, aug mode is synonym, geo is 0.1, pct_usage is None, small_label is 1, small_prop is 0.8, balance_seed is 0, lr is 2e-05, max_epochs is 3, split_num is 6
Training epoch 0 | loss: 0.52774 - accuracy: 0.74681
Validating epoch 0 | loss: 0.3698 - accuracy: 0.84466
Training epoch 1 | loss: 0.26463 - accuracy: 0.92234
Validating epoch 1 | loss: 0.41039 - accuracy: 0.85437
Training epoch 2 | loss: 0.16139 - accuracy: 0.94894
Validating epoch 2 | loss: 0.49326 - accuracy: 0.79612
Model is Bert, dataset is sfu, undersample is None, aug mode is synonym, geo is 0.3, pct_usage is None, small_label is 1, small_prop is 0.8, balance_seed is 0, lr is 2e-05, max_epochs is 3, split_num is 6
Training epoch 0 | loss: 0.54287 - accuracy: 0.71702
Validating epoch 0 | loss: 0.34572 - accuracy: 0.87379
Training epoch 1 | loss: 0.30635 - accuracy: 0.89681
Validating epoch 1 | loss: 0.30834 - accuracy: 0.90291
Training epoch 2 | loss: 0.23465 - accuracy: 0.92766
Validating epoch 2 | loss: 0.3105 - accuracy: 0.8835
Model is Bert, dataset is sfu, undersample is None, aug mode is synonym, geo is 0.5, pct_usage is None, small_label is 1, small_prop is 0.8, balance_seed is 0, lr is 2e-05, max_epochs is 3, split_num is 6
Training epoch 0 | loss: 0.58991 - accuracy: 0.67872
Validating epoch 0 | loss: 0.39086 - accuracy: 0.8835
Training epoch 1 | loss: 0.35215 - accuracy: 0.87872
Validating epoch 1 | loss: 0.31135 - accuracy: 0.87379
Training epoch 2 | loss: 0.26081 - accuracy: 0.90638
Validating epoch 2 | loss: 0.30163 - accuracy: 0.87379
Model is Bert, dataset is sfu, undersample is None, aug mode is synonym, geo is 0.7, pct_usage is None, small_label is 1, small_prop is 0.8, balance_seed is 0, lr is 2e-05, max_epochs is 3, split_num is 6
Training epoch 0 | loss: 0.58341 - accuracy: 0.65851
Validating epoch 0 | loss: 0.39374 - accuracy: 0.87379
Training epoch 1 | loss: 0.3411 - accuracy: 0.87872
Validating epoch 1 | loss: 0.30273 - accuracy: 0.8835
Training epoch 2 | loss: 0.26108 - accuracy: 0.91915
Validating epoch 2 | loss: 0.29563 - accuracy: 0.8835
Model is Bert, dataset is sfu, undersample is None, aug mode is synonym, geo is 0.9, pct_usage is None, small_label is 1, small_prop is 0.8, balance_seed is 0, lr is 2e-05, max_epochs is 3, split_num is 6
Training epoch 0 | loss: 0.59836 - accuracy: 0.67872
Validating epoch 0 | loss: 0.39084 - accuracy: 0.87379
Training epoch 1 | loss: 0.34098 - accuracy: 0.85638
Validating epoch 1 | loss: 0.37396 - accuracy: 0.85437
Training epoch 2 | loss: 0.27076 - accuracy: 0.90532
Validating epoch 2 | loss: 0.36854 - accuracy: 0.85437
Model is Bert, dataset is sfu, undersample is False, aug mode is None, geo is None, pct_usage is None, small_label is 1, small_prop is 0.8, balance_seed is 0, lr is 2e-05, max_epochs is 3, split_num is 6
Training epoch 0 | loss: 0.4912 - accuracy: 0.7766
Validating epoch 0 | loss: 0.35027 - accuracy: 0.8835
Training epoch 1 | loss: 0.30314 - accuracy: 0.89468
Validating epoch 1 | loss: 0.32246 - accuracy: 0.8835
Training epoch 2 | loss: 0.25848 - accuracy: 0.9117
Validating epoch 2 | loss: 0.33159 - accuracy: 0.87379
Model is Bert, dataset is sfu, undersample is True, aug mode is None, geo is None, pct_usage is None, small_label is 1, small_prop is 0.8, balance_seed is 0, lr is 2e-05, max_epochs is 3, split_num is 6
Training epoch 0 | loss: 0.5502 - accuracy: 0.73936
Validating epoch 0 | loss: 0.3615 - accuracy: 0.8835
Training epoch 1 | loss: 0.32224 - accuracy: 0.89362
Validating epoch 1 | loss: 0.32438 - accuracy: 0.8835
Training epoch 2 | loss: 0.26982 - accuracy: 0.91277
Validating epoch 2 | loss: 0.34932 - accuracy: 0.85437
