Model is Bert, dataset is subj, undersample is False, aug mode is None, geo is 0.5, pct_usage is None, small_label is 0, small_prop is 0.1, balance_seed is 1
Training epoch 0 | loss: 0.04609 - accuracy: 0.92122
Validating epoch 0 | loss: 0.66221 - accuracy: 0.839
Training epoch 1 | loss: 0.00409 - accuracy: 0.99567
Validating epoch 1 | loss: 0.68453 - accuracy: 0.858
Training epoch 2 | loss: 0.00082 - accuracy: 0.99956
Validating epoch 2 | loss: 0.88659 - accuracy: 0.841
Training epoch 3 | loss: 0.00034 - accuracy: 0.99978
Validating epoch 3 | loss: 0.87412 - accuracy: 0.847
Model is Bert, dataset is subj, undersample is True, aug mode is None, geo is 0.5, pct_usage is None, small_label is 0, small_prop is 0.1, balance_seed is 1
Training epoch 0 | loss: 0.1099 - accuracy: 0.79667
Validating epoch 0 | loss: 0.22963 - accuracy: 0.927
Training epoch 1 | loss: 0.03262 - accuracy: 0.95444
Validating epoch 1 | loss: 0.15447 - accuracy: 0.945
Training epoch 2 | loss: 0.01595 - accuracy: 0.98556
Validating epoch 2 | loss: 0.16425 - accuracy: 0.949
Training epoch 3 | loss: 0.00896 - accuracy: 0.99333
Validating epoch 3 | loss: 0.16414 - accuracy: 0.95
Model is Bert, dataset is subj, undersample is False, aug mode is trans, geo is 0.1, pct_usage is None, small_label is 0, small_prop is 0.1, balance_seed is 1
Training epoch 0 | loss: 0.05757 - accuracy: 0.90578
Validating epoch 0 | loss: 0.21663 - accuracy: 0.924
Training epoch 1 | loss: 0.01363 - accuracy: 0.98278
Validating epoch 1 | loss: 0.22973 - accuracy: 0.931
Training epoch 2 | loss: 0.0047 - accuracy: 0.99456
Validating epoch 2 | loss: 0.25641 - accuracy: 0.935
Training epoch 3 | loss: 0.00277 - accuracy: 0.99767
Validating epoch 3 | loss: 0.24684 - accuracy: 0.939
Model is Bert, dataset is subj, undersample is False, aug mode is trans, geo is 0.2, pct_usage is None, small_label is 0, small_prop is 0.1, balance_seed is 1
Training epoch 0 | loss: 0.06141 - accuracy: 0.89722
Validating epoch 0 | loss: 0.15371 - accuracy: 0.955
Training epoch 1 | loss: 0.01771 - accuracy: 0.97756
Validating epoch 1 | loss: 0.25152 - accuracy: 0.919
Training epoch 2 | loss: 0.00654 - accuracy: 0.992
Validating epoch 2 | loss: 0.20553 - accuracy: 0.947
Training epoch 3 | loss: 0.004 - accuracy: 0.99533
Validating epoch 3 | loss: 0.22592 - accuracy: 0.942
Model is Bert, dataset is subj, undersample is False, aug mode is trans, geo is 0.3, pct_usage is None, small_label is 0, small_prop is 0.1, balance_seed is 1
Training epoch 0 | loss: 0.05901 - accuracy: 0.90044
Validating epoch 0 | loss: 0.12987 - accuracy: 0.955
Training epoch 1 | loss: 0.01411 - accuracy: 0.98244
Validating epoch 1 | loss: 0.3007 - accuracy: 0.902
Training epoch 2 | loss: 0.00682 - accuracy: 0.99211
Validating epoch 2 | loss: 0.24159 - accuracy: 0.923
Training epoch 3 | loss: 0.00251 - accuracy: 0.99744
Validating epoch 3 | loss: 0.22543 - accuracy: 0.942
Model is Bert, dataset is subj, undersample is False, aug mode is trans, geo is 0.4, pct_usage is None, small_label is 0, small_prop is 0.1, balance_seed is 1
Training epoch 0 | loss: 0.05561 - accuracy: 0.90922
Validating epoch 0 | loss: 0.24088 - accuracy: 0.915
Training epoch 1 | loss: 0.01247 - accuracy: 0.98433
Validating epoch 1 | loss: 0.24149 - accuracy: 0.929
Training epoch 2 | loss: 0.00462 - accuracy: 0.99544
Validating epoch 2 | loss: 0.21704 - accuracy: 0.946
Training epoch 3 | loss: 0.00246 - accuracy: 0.99722
Validating epoch 3 | loss: 0.24209 - accuracy: 0.939
Model is Bert, dataset is subj, undersample is False, aug mode is None, geo is 0.5, pct_usage is None, small_label is 1, small_prop is 0.1, balance_seed is 1
Training epoch 0 | loss: 0.04759 - accuracy: 0.917
Validating epoch 0 | loss: 0.29938 - accuracy: 0.924
Training epoch 1 | loss: 0.00241 - accuracy: 0.99767
Validating epoch 1 | loss: 0.28988 - accuracy: 0.94
Training epoch 2 | loss: 0.0004 - accuracy: 0.99989
Validating epoch 2 | loss: 0.43361 - accuracy: 0.925
Training epoch 3 | loss: 0.00017 - accuracy: 0.99989
Validating epoch 3 | loss: 0.40252 - accuracy: 0.93
Model is Bert, dataset is subj, undersample is True, aug mode is None, geo is 0.5, pct_usage is None, small_label is 1, small_prop is 0.1, balance_seed is 1
Training epoch 0 | loss: 0.11681 - accuracy: 0.79333
Validating epoch 0 | loss: 0.21351 - accuracy: 0.929
Training epoch 1 | loss: 0.03991 - accuracy: 0.95222
Validating epoch 1 | loss: 0.31008 - accuracy: 0.887
Training epoch 2 | loss: 0.02295 - accuracy: 0.97778
Validating epoch 2 | loss: 0.19211 - accuracy: 0.939
Training epoch 3 | loss: 0.01407 - accuracy: 0.98778
Validating epoch 3 | loss: 0.19936 - accuracy: 0.936
Model is Bert, dataset is subj, undersample is False, aug mode is trans, geo is 0.1, pct_usage is None, small_label is 1, small_prop is 0.1, balance_seed is 1
Training epoch 0 | loss: 0.05425 - accuracy: 0.90656
Validating epoch 0 | loss: 0.17299 - accuracy: 0.951
Training epoch 1 | loss: 0.0117 - accuracy: 0.98511
Validating epoch 1 | loss: 0.15 - accuracy: 0.96
Training epoch 2 | loss: 0.0047 - accuracy: 0.99478
Validating epoch 2 | loss: 0.20311 - accuracy: 0.952
Training epoch 3 | loss: 0.00165 - accuracy: 0.99844
Validating epoch 3 | loss: 0.17681 - accuracy: 0.962
Model is Bert, dataset is subj, undersample is False, aug mode is trans, geo is 0.2, pct_usage is None, small_label is 1, small_prop is 0.1, balance_seed is 1
Training epoch 0 | loss: 0.05451 - accuracy: 0.91633
Validating epoch 0 | loss: 0.1533 - accuracy: 0.955
Training epoch 1 | loss: 0.00867 - accuracy: 0.98933
Validating epoch 1 | loss: 0.17901 - accuracy: 0.95
Training epoch 2 | loss: 0.00282 - accuracy: 0.99644
Validating epoch 2 | loss: 0.18755 - accuracy: 0.957
Training epoch 3 | loss: 0.00259 - accuracy: 0.99733
Validating epoch 3 | loss: 0.19295 - accuracy: 0.956
Model is Bert, dataset is subj, undersample is False, aug mode is trans, geo is 0.3, pct_usage is None, small_label is 1, small_prop is 0.1, balance_seed is 1
Training epoch 0 | loss: 0.0551 - accuracy: 0.90711
Validating epoch 0 | loss: 0.25772 - accuracy: 0.928
Training epoch 1 | loss: 0.0124 - accuracy: 0.98489
Validating epoch 1 | loss: 0.15722 - accuracy: 0.949
Training epoch 2 | loss: 0.00367 - accuracy: 0.99511
Validating epoch 2 | loss: 0.20312 - accuracy: 0.949
Training epoch 3 | loss: 0.0022 - accuracy: 0.99778
Validating epoch 3 | loss: 0.20064 - accuracy: 0.952
Model is Bert, dataset is subj, undersample is False, aug mode is trans, geo is 0.4, pct_usage is None, small_label is 1, small_prop is 0.1, balance_seed is 1
Training epoch 0 | loss: 0.0534 - accuracy: 0.90422
Validating epoch 0 | loss: 0.16209 - accuracy: 0.949
Training epoch 1 | loss: 0.00927 - accuracy: 0.988
Validating epoch 1 | loss: 0.16985 - accuracy: 0.953
Training epoch 2 | loss: 0.00307 - accuracy: 0.99722
Validating epoch 2 | loss: 0.17794 - accuracy: 0.958
Training epoch 3 | loss: 0.00164 - accuracy: 0.99833
Validating epoch 3 | loss: 0.17692 - accuracy: 0.963
Model is Bert, dataset is subj, undersample is False, aug mode is None, geo is 0.5, pct_usage is None, small_label is 0, small_prop is 0.2, balance_seed is 1
Training epoch 0 | loss: 0.05252 - accuracy: 0.912
Validating epoch 0 | loss: 0.18519 - accuracy: 0.937
Training epoch 1 | loss: 0.00833 - accuracy: 0.99111
Validating epoch 1 | loss: 0.3116 - accuracy: 0.919
Training epoch 2 | loss: 0.00185 - accuracy: 0.99822
Validating epoch 2 | loss: 0.3354 - accuracy: 0.92
Training epoch 3 | loss: 0.00066 - accuracy: 0.99967
Validating epoch 3 | loss: 0.41767 - accuracy: 0.911
Model is Bert, dataset is subj, undersample is True, aug mode is None, geo is 0.5, pct_usage is None, small_label is 0, small_prop is 0.2, balance_seed is 1
Training epoch 0 | loss: 0.09236 - accuracy: 0.83611
Validating epoch 0 | loss: 0.1607 - accuracy: 0.942
Training epoch 1 | loss: 0.03186 - accuracy: 0.95778
Validating epoch 1 | loss: 0.13835 - accuracy: 0.952
Training epoch 2 | loss: 0.01359 - accuracy: 0.98667
Validating epoch 2 | loss: 0.16243 - accuracy: 0.957
Training epoch 3 | loss: 0.00856 - accuracy: 0.99111
Validating epoch 3 | loss: 0.16721 - accuracy: 0.957
Model is Bert, dataset is subj, undersample is False, aug mode is trans, geo is 0.1, pct_usage is None, small_label is 0, small_prop is 0.2, balance_seed is 1
Training epoch 0 | loss: 0.06147 - accuracy: 0.88989
Validating epoch 0 | loss: 0.19457 - accuracy: 0.928
Training epoch 1 | loss: 0.01862 - accuracy: 0.97656
Validating epoch 1 | loss: 0.25089 - accuracy: 0.914
Training epoch 2 | loss: 0.00765 - accuracy: 0.99089
Validating epoch 2 | loss: 0.18354 - accuracy: 0.95
Training epoch 3 | loss: 0.00331 - accuracy: 0.99611
Validating epoch 3 | loss: 0.21099 - accuracy: 0.944
Model is Bert, dataset is subj, undersample is False, aug mode is trans, geo is 0.2, pct_usage is None, small_label is 0, small_prop is 0.2, balance_seed is 1
Training epoch 0 | loss: 0.06175 - accuracy: 0.896
Validating epoch 0 | loss: 0.141 - accuracy: 0.95
Training epoch 1 | loss: 0.01784 - accuracy: 0.97678
Validating epoch 1 | loss: 0.14554 - accuracy: 0.95
Training epoch 2 | loss: 0.00816 - accuracy: 0.99
Validating epoch 2 | loss: 0.19351 - accuracy: 0.945
Training epoch 3 | loss: 0.00417 - accuracy: 0.99511
Validating epoch 3 | loss: 0.19967 - accuracy: 0.945
Model is Bert, dataset is subj, undersample is False, aug mode is trans, geo is 0.3, pct_usage is None, small_label is 0, small_prop is 0.2, balance_seed is 1
Training epoch 0 | loss: 0.06653 - accuracy: 0.88333
Validating epoch 0 | loss: 0.26465 - accuracy: 0.902
Training epoch 1 | loss: 0.02166 - accuracy: 0.97167
Validating epoch 1 | loss: 0.16157 - accuracy: 0.947
Training epoch 2 | loss: 0.00884 - accuracy: 0.98856
Validating epoch 2 | loss: 0.20383 - accuracy: 0.942
Training epoch 3 | loss: 0.00526 - accuracy: 0.99389
Validating epoch 3 | loss: 0.20653 - accuracy: 0.948
Model is Bert, dataset is subj, undersample is False, aug mode is trans, geo is 0.4, pct_usage is None, small_label is 0, small_prop is 0.2, balance_seed is 1
Training epoch 0 | loss: 0.06076 - accuracy: 0.89522
Validating epoch 0 | loss: 0.12414 - accuracy: 0.956
Training epoch 1 | loss: 0.01828 - accuracy: 0.97556
Validating epoch 1 | loss: 0.21123 - accuracy: 0.934
Training epoch 2 | loss: 0.00797 - accuracy: 0.98944
Validating epoch 2 | loss: 0.18805 - accuracy: 0.945
Training epoch 3 | loss: 0.00494 - accuracy: 0.99422
Validating epoch 3 | loss: 0.1774 - accuracy: 0.954
Model is Bert, dataset is subj, undersample is False, aug mode is None, geo is 0.5, pct_usage is None, small_label is 1, small_prop is 0.2, balance_seed is 1
Training epoch 0 | loss: 0.0543 - accuracy: 0.90056
Validating epoch 0 | loss: 0.13933 - accuracy: 0.957
Training epoch 1 | loss: 0.00537 - accuracy: 0.99478
Validating epoch 1 | loss: 0.22775 - accuracy: 0.953
Training epoch 2 | loss: 0.00108 - accuracy: 0.99878
Validating epoch 2 | loss: 0.23195 - accuracy: 0.956
Training epoch 3 | loss: 0.00025 - accuracy: 0.99989
Validating epoch 3 | loss: 0.2888 - accuracy: 0.951
Model is Bert, dataset is subj, undersample is True, aug mode is None, geo is 0.5, pct_usage is None, small_label is 1, small_prop is 0.2, balance_seed is 1
Training epoch 0 | loss: 0.10408 - accuracy: 0.79333
Validating epoch 0 | loss: 0.19452 - accuracy: 0.933
Training epoch 1 | loss: 0.02829 - accuracy: 0.96222
Validating epoch 1 | loss: 0.17043 - accuracy: 0.95
Training epoch 2 | loss: 0.01243 - accuracy: 0.98722
Validating epoch 2 | loss: 0.17041 - accuracy: 0.952
Training epoch 3 | loss: 0.00532 - accuracy: 0.99556
Validating epoch 3 | loss: 0.16668 - accuracy: 0.954
Model is Bert, dataset is subj, undersample is False, aug mode is trans, geo is 0.1, pct_usage is None, small_label is 1, small_prop is 0.2, balance_seed is 1
Training epoch 0 | loss: 0.05856 - accuracy: 0.906
Validating epoch 0 | loss: 0.19678 - accuracy: 0.93
Training epoch 1 | loss: 0.01429 - accuracy: 0.98211
Validating epoch 1 | loss: 0.1211 - accuracy: 0.964
Training epoch 2 | loss: 0.00554 - accuracy: 0.99367
Validating epoch 2 | loss: 0.13667 - accuracy: 0.966
Training epoch 3 | loss: 0.00207 - accuracy: 0.997
Validating epoch 3 | loss: 0.15 - accuracy: 0.967
Model is Bert, dataset is subj, undersample is False, aug mode is trans, geo is 0.2, pct_usage is None, small_label is 1, small_prop is 0.2, balance_seed is 1
Training epoch 0 | loss: 0.05903 - accuracy: 0.90133
Validating epoch 0 | loss: 0.11954 - accuracy: 0.963
Training epoch 1 | loss: 0.01357 - accuracy: 0.98333
Validating epoch 1 | loss: 0.15189 - accuracy: 0.958
Training epoch 2 | loss: 0.00546 - accuracy: 0.994
Validating epoch 2 | loss: 0.14214 - accuracy: 0.965
Training epoch 3 | loss: 0.00294 - accuracy: 0.99678
Validating epoch 3 | loss: 0.15303 - accuracy: 0.965
Model is Bert, dataset is subj, undersample is False, aug mode is trans, geo is 0.3, pct_usage is None, small_label is 1, small_prop is 0.2, balance_seed is 1
Training epoch 0 | loss: 0.05742 - accuracy: 0.90322
Validating epoch 0 | loss: 0.15563 - accuracy: 0.95
Training epoch 1 | loss: 0.01468 - accuracy: 0.97956
Validating epoch 1 | loss: 0.12557 - accuracy: 0.957
Training epoch 2 | loss: 0.00483 - accuracy: 0.99433
Validating epoch 2 | loss: 0.14084 - accuracy: 0.962
Training epoch 3 | loss: 0.00283 - accuracy: 0.997
Validating epoch 3 | loss: 0.1493 - accuracy: 0.962
Model is Bert, dataset is subj, undersample is False, aug mode is trans, geo is 0.4, pct_usage is None, small_label is 1, small_prop is 0.2, balance_seed is 1
Training epoch 0 | loss: 0.05612 - accuracy: 0.902
Validating epoch 0 | loss: 0.11733 - accuracy: 0.961
Training epoch 1 | loss: 0.01184 - accuracy: 0.98467
Validating epoch 1 | loss: 0.13322 - accuracy: 0.96
Training epoch 2 | loss: 0.00469 - accuracy: 0.99411
Validating epoch 2 | loss: 0.1674 - accuracy: 0.962
Training epoch 3 | loss: 0.00301 - accuracy: 0.99611
Validating epoch 3 | loss: 0.14362 - accuracy: 0.967
Model is Bert, dataset is subj, undersample is False, aug mode is None, geo is 0.5, pct_usage is None, small_label is 0, small_prop is 0.3, balance_seed is 1
Training epoch 0 | loss: 0.05365 - accuracy: 0.91133
Validating epoch 0 | loss: 0.13436 - accuracy: 0.957
Training epoch 1 | loss: 0.0102 - accuracy: 0.98811
Validating epoch 1 | loss: 0.31496 - accuracy: 0.9
Training epoch 2 | loss: 0.0029 - accuracy: 0.997
Validating epoch 2 | loss: 0.18994 - accuracy: 0.952
Training epoch 3 | loss: 0.0006 - accuracy: 0.99967
Validating epoch 3 | loss: 0.23518 - accuracy: 0.946
Model is Bert, dataset is subj, undersample is True, aug mode is None, geo is 0.5, pct_usage is None, small_label is 0, small_prop is 0.3, balance_seed is 1
Training epoch 0 | loss: 0.08385 - accuracy: 0.8563
Validating epoch 0 | loss: 0.13875 - accuracy: 0.963
Training epoch 1 | loss: 0.02482 - accuracy: 0.96815
Validating epoch 1 | loss: 0.14722 - accuracy: 0.954
Training epoch 2 | loss: 0.00878 - accuracy: 0.99148
Validating epoch 2 | loss: 0.17605 - accuracy: 0.944
Training epoch 3 | loss: 0.00425 - accuracy: 0.99667
Validating epoch 3 | loss: 0.14518 - accuracy: 0.958
Model is Bert, dataset is subj, undersample is False, aug mode is trans, geo is 0.1, pct_usage is None, small_label is 0, small_prop is 0.3, balance_seed is 1
Training epoch 0 | loss: 0.07011 - accuracy: 0.87678
Validating epoch 0 | loss: 0.13159 - accuracy: 0.955
Training epoch 1 | loss: 0.02326 - accuracy: 0.96967
Validating epoch 1 | loss: 0.14071 - accuracy: 0.949
Training epoch 2 | loss: 0.01012 - accuracy: 0.98778
Validating epoch 2 | loss: 0.17007 - accuracy: 0.946
Training epoch 3 | loss: 0.00578 - accuracy: 0.99411
Validating epoch 3 | loss: 0.17935 - accuracy: 0.954
Model is Bert, dataset is subj, undersample is False, aug mode is trans, geo is 0.2, pct_usage is None, small_label is 0, small_prop is 0.3, balance_seed is 1
Training epoch 0 | loss: 0.06365 - accuracy: 0.89511
Validating epoch 0 | loss: 0.13921 - accuracy: 0.949
Training epoch 1 | loss: 0.02268 - accuracy: 0.96978
Validating epoch 1 | loss: 0.14376 - accuracy: 0.948
Training epoch 2 | loss: 0.00896 - accuracy: 0.989
Validating epoch 2 | loss: 0.17913 - accuracy: 0.95
Training epoch 3 | loss: 0.00412 - accuracy: 0.99556
Validating epoch 3 | loss: 0.18365 - accuracy: 0.952
Model is Bert, dataset is subj, undersample is False, aug mode is trans, geo is 0.3, pct_usage is None, small_label is 0, small_prop is 0.3, balance_seed is 1
Training epoch 0 | loss: 0.06574 - accuracy: 0.88822
Validating epoch 0 | loss: 0.13434 - accuracy: 0.954
Training epoch 1 | loss: 0.02078 - accuracy: 0.97233
Validating epoch 1 | loss: 0.19634 - accuracy: 0.937
Training epoch 2 | loss: 0.00812 - accuracy: 0.98989
Validating epoch 2 | loss: 0.17026 - accuracy: 0.956
Training epoch 3 | loss: 0.00429 - accuracy: 0.99567
Validating epoch 3 | loss: 0.17329 - accuracy: 0.96
Model is Bert, dataset is subj, undersample is False, aug mode is trans, geo is 0.4, pct_usage is None, small_label is 0, small_prop is 0.3, balance_seed is 1
Training epoch 0 | loss: 0.06213 - accuracy: 0.89278
Validating epoch 0 | loss: 0.14182 - accuracy: 0.955
Training epoch 1 | loss: 0.0213 - accuracy: 0.97056
Validating epoch 1 | loss: 0.13315 - accuracy: 0.959
Training epoch 2 | loss: 0.00938 - accuracy: 0.98822
Validating epoch 2 | loss: 0.14625 - accuracy: 0.959
Training epoch 3 | loss: 0.00521 - accuracy: 0.994
Validating epoch 3 | loss: 0.16288 - accuracy: 0.958
Model is Bert, dataset is subj, undersample is False, aug mode is None, geo is 0.5, pct_usage is None, small_label is 1, small_prop is 0.3, balance_seed is 1
Training epoch 0 | loss: 0.05512 - accuracy: 0.89533
Validating epoch 0 | loss: 0.13173 - accuracy: 0.957
Training epoch 1 | loss: 0.0058 - accuracy: 0.99367
Validating epoch 1 | loss: 0.18997 - accuracy: 0.958
Training epoch 2 | loss: 0.0013 - accuracy: 0.99889
Validating epoch 2 | loss: 0.40181 - accuracy: 0.92
Training epoch 3 | loss: 0.00067 - accuracy: 0.99911
Validating epoch 3 | loss: 0.21966 - accuracy: 0.956
Model is Bert, dataset is subj, undersample is True, aug mode is None, geo is 0.5, pct_usage is None, small_label is 1, small_prop is 0.3, balance_seed is 1
Training epoch 0 | loss: 0.08987 - accuracy: 0.83556
Validating epoch 0 | loss: 0.1875 - accuracy: 0.93
Training epoch 1 | loss: 0.02773 - accuracy: 0.96333
Validating epoch 1 | loss: 0.16294 - accuracy: 0.932
Training epoch 2 | loss: 0.00896 - accuracy: 0.99185
Validating epoch 2 | loss: 0.13018 - accuracy: 0.965
Training epoch 3 | loss: 0.00424 - accuracy: 0.99741
Validating epoch 3 | loss: 0.13347 - accuracy: 0.963
Model is Bert, dataset is subj, undersample is False, aug mode is trans, geo is 0.1, pct_usage is None, small_label is 1, small_prop is 0.3, balance_seed is 1
Training epoch 0 | loss: 0.05879 - accuracy: 0.89733
Validating epoch 0 | loss: 0.12346 - accuracy: 0.96
Training epoch 1 | loss: 0.01487 - accuracy: 0.98111
Validating epoch 1 | loss: 0.11364 - accuracy: 0.965
Training epoch 2 | loss: 0.00652 - accuracy: 0.99167
Validating epoch 2 | loss: 0.11949 - accuracy: 0.969
Training epoch 3 | loss: 0.00282 - accuracy: 0.99667
Validating epoch 3 | loss: 0.12814 - accuracy: 0.968
Model is Bert, dataset is subj, undersample is False, aug mode is trans, geo is 0.2, pct_usage is None, small_label is 1, small_prop is 0.3, balance_seed is 1
Training epoch 0 | loss: 0.05725 - accuracy: 0.90378
Validating epoch 0 | loss: 0.12566 - accuracy: 0.955
Training epoch 1 | loss: 0.01572 - accuracy: 0.97944
Validating epoch 1 | loss: 0.15512 - accuracy: 0.95
Training epoch 2 | loss: 0.00532 - accuracy: 0.99267
Validating epoch 2 | loss: 0.12986 - accuracy: 0.966
Training epoch 3 | loss: 0.00175 - accuracy: 0.99822
Validating epoch 3 | loss: 0.14769 - accuracy: 0.967
Model is Bert, dataset is subj, undersample is False, aug mode is trans, geo is 0.3, pct_usage is None, small_label is 1, small_prop is 0.3, balance_seed is 1
Training epoch 0 | loss: 0.05772 - accuracy: 0.90422
Validating epoch 0 | loss: 0.10651 - accuracy: 0.967
Training epoch 1 | loss: 0.0141 - accuracy: 0.97978
Validating epoch 1 | loss: 0.13624 - accuracy: 0.958
Training epoch 2 | loss: 0.00446 - accuracy: 0.99456
Validating epoch 2 | loss: 0.12842 - accuracy: 0.965
Training epoch 3 | loss: 0.00205 - accuracy: 0.99733
Validating epoch 3 | loss: 0.14065 - accuracy: 0.964
Model is Bert, dataset is subj, undersample is False, aug mode is trans, geo is 0.4, pct_usage is None, small_label is 1, small_prop is 0.3, balance_seed is 1
Training epoch 0 | loss: 0.05722 - accuracy: 0.89878
Validating epoch 0 | loss: 0.11713 - accuracy: 0.96
Training epoch 1 | loss: 0.01341 - accuracy: 0.983
Validating epoch 1 | loss: 0.12594 - accuracy: 0.969
Training epoch 2 | loss: 0.00581 - accuracy: 0.99322
Validating epoch 2 | loss: 0.14753 - accuracy: 0.963
Training epoch 3 | loss: 0.00256 - accuracy: 0.99767
Validating epoch 3 | loss: 0.14242 - accuracy: 0.97
Model is Bert, dataset is subj, undersample is False, aug mode is None, geo is 0.5, pct_usage is None, small_label is 0, small_prop is 0.4, balance_seed is 1
Training epoch 0 | loss: 0.05348 - accuracy: 0.91189
Validating epoch 0 | loss: 0.2013 - accuracy: 0.934
Training epoch 1 | loss: 0.01089 - accuracy: 0.98811
Validating epoch 1 | loss: 0.31566 - accuracy: 0.91
Training epoch 2 | loss: 0.00222 - accuracy: 0.99733
Validating epoch 2 | loss: 0.25501 - accuracy: 0.944
Training epoch 3 | loss: 0.00081 - accuracy: 0.99956
Validating epoch 3 | loss: 0.27045 - accuracy: 0.943
Model is Bert, dataset is subj, undersample is True, aug mode is None, geo is 0.5, pct_usage is None, small_label is 0, small_prop is 0.4, balance_seed is 1
Training epoch 0 | loss: 0.08009 - accuracy: 0.85806
Validating epoch 0 | loss: 0.13509 - accuracy: 0.96
Training epoch 1 | loss: 0.0225 - accuracy: 0.97
Validating epoch 1 | loss: 0.13272 - accuracy: 0.959
Training epoch 2 | loss: 0.00769 - accuracy: 0.9925
Validating epoch 2 | loss: 0.18542 - accuracy: 0.947
Training epoch 3 | loss: 0.00442 - accuracy: 0.99611
Validating epoch 3 | loss: 0.13817 - accuracy: 0.961
Model is Bert, dataset is subj, undersample is False, aug mode is trans, geo is 0.1, pct_usage is None, small_label is 0, small_prop is 0.4, balance_seed is 1
Training epoch 0 | loss: 0.06639 - accuracy: 0.88589
Validating epoch 0 | loss: 0.12192 - accuracy: 0.961
Training epoch 1 | loss: 0.02397 - accuracy: 0.96656
Validating epoch 1 | loss: 0.1353 - accuracy: 0.953
Training epoch 2 | loss: 0.01171 - accuracy: 0.98533
Validating epoch 2 | loss: 0.15602 - accuracy: 0.957
Training epoch 3 | loss: 0.00656 - accuracy: 0.99211
Validating epoch 3 | loss: 0.16401 - accuracy: 0.955
Model is Bert, dataset is subj, undersample is False, aug mode is trans, geo is 0.2, pct_usage is None, small_label is 0, small_prop is 0.4, balance_seed is 1
Training epoch 0 | loss: 0.06544 - accuracy: 0.892
Validating epoch 0 | loss: 0.11768 - accuracy: 0.962
Training epoch 1 | loss: 0.0228 - accuracy: 0.969
Validating epoch 1 | loss: 0.131 - accuracy: 0.957
Training epoch 2 | loss: 0.01087 - accuracy: 0.98567
Validating epoch 2 | loss: 0.14573 - accuracy: 0.959
Training epoch 3 | loss: 0.00525 - accuracy: 0.99311
Validating epoch 3 | loss: 0.17725 - accuracy: 0.955
Model is Bert, dataset is subj, undersample is False, aug mode is trans, geo is 0.3, pct_usage is None, small_label is 0, small_prop is 0.4, balance_seed is 1
Training epoch 0 | loss: 0.06432 - accuracy: 0.896
Validating epoch 0 | loss: 0.15291 - accuracy: 0.947
Training epoch 1 | loss: 0.02355 - accuracy: 0.96967
Validating epoch 1 | loss: 0.16768 - accuracy: 0.942
Training epoch 2 | loss: 0.01085 - accuracy: 0.987
Validating epoch 2 | loss: 0.16302 - accuracy: 0.949
Training epoch 3 | loss: 0.0057 - accuracy: 0.994
Validating epoch 3 | loss: 0.1859 - accuracy: 0.953
Model is Bert, dataset is subj, undersample is False, aug mode is trans, geo is 0.4, pct_usage is None, small_label is 0, small_prop is 0.4, balance_seed is 1
Training epoch 0 | loss: 0.06407 - accuracy: 0.89567
Validating epoch 0 | loss: 0.17022 - accuracy: 0.931
Training epoch 1 | loss: 0.0207 - accuracy: 0.972
Validating epoch 1 | loss: 0.144 - accuracy: 0.949
Training epoch 2 | loss: 0.00941 - accuracy: 0.98833
Validating epoch 2 | loss: 0.15762 - accuracy: 0.953
Training epoch 3 | loss: 0.00501 - accuracy: 0.995
Validating epoch 3 | loss: 0.16859 - accuracy: 0.954
Model is Bert, dataset is subj, undersample is False, aug mode is None, geo is 0.5, pct_usage is None, small_label is 1, small_prop is 0.4, balance_seed is 1
Training epoch 0 | loss: 0.05477 - accuracy: 0.90644
Validating epoch 0 | loss: 0.11212 - accuracy: 0.966
Training epoch 1 | loss: 0.00805 - accuracy: 0.99056
Validating epoch 1 | loss: 0.15459 - accuracy: 0.963
Training epoch 2 | loss: 0.00142 - accuracy: 0.99889
Validating epoch 2 | loss: 0.20828 - accuracy: 0.96
Training epoch 3 | loss: 0.00048 - accuracy: 0.99989
Validating epoch 3 | loss: 0.19551 - accuracy: 0.96
Model is Bert, dataset is subj, undersample is True, aug mode is None, geo is 0.5, pct_usage is None, small_label is 1, small_prop is 0.4, balance_seed is 1
Training epoch 0 | loss: 0.07728 - accuracy: 0.85222
Validating epoch 0 | loss: 0.15845 - accuracy: 0.957
Training epoch 1 | loss: 0.02384 - accuracy: 0.96917
Validating epoch 1 | loss: 0.12757 - accuracy: 0.955
Training epoch 2 | loss: 0.00793 - accuracy: 0.99083
Validating epoch 2 | loss: 0.14477 - accuracy: 0.963
Training epoch 3 | loss: 0.0025 - accuracy: 0.99778
Validating epoch 3 | loss: 0.15109 - accuracy: 0.964
Model is Bert, dataset is subj, undersample is False, aug mode is trans, geo is 0.1, pct_usage is None, small_label is 1, small_prop is 0.4, balance_seed is 1
Training epoch 0 | loss: 0.05816 - accuracy: 0.90578
Validating epoch 0 | loss: 0.11769 - accuracy: 0.962
Training epoch 1 | loss: 0.01709 - accuracy: 0.97867
Validating epoch 1 | loss: 0.1271 - accuracy: 0.967
Training epoch 2 | loss: 0.00687 - accuracy: 0.992
Validating epoch 2 | loss: 0.13595 - accuracy: 0.966
Training epoch 3 | loss: 0.00387 - accuracy: 0.99556
Validating epoch 3 | loss: 0.1432 - accuracy: 0.962
Model is Bert, dataset is subj, undersample is False, aug mode is trans, geo is 0.2, pct_usage is None, small_label is 1, small_prop is 0.4, balance_seed is 1
Training epoch 0 | loss: 0.06225 - accuracy: 0.89822
Validating epoch 0 | loss: 0.12175 - accuracy: 0.961
Training epoch 1 | loss: 0.01582 - accuracy: 0.97611
Validating epoch 1 | loss: 0.12614 - accuracy: 0.963
Training epoch 2 | loss: 0.00566 - accuracy: 0.99233
Validating epoch 2 | loss: 0.13831 - accuracy: 0.967
Training epoch 3 | loss: 0.00326 - accuracy: 0.99678
Validating epoch 3 | loss: 0.15817 - accuracy: 0.96
Model is Bert, dataset is subj, undersample is False, aug mode is trans, geo is 0.3, pct_usage is None, small_label is 1, small_prop is 0.4, balance_seed is 1
Training epoch 0 | loss: 0.05631 - accuracy: 0.90456
Validating epoch 0 | loss: 0.13196 - accuracy: 0.963
Training epoch 1 | loss: 0.01484 - accuracy: 0.98056
Validating epoch 1 | loss: 0.13863 - accuracy: 0.963
Training epoch 2 | loss: 0.00572 - accuracy: 0.992
Validating epoch 2 | loss: 0.14836 - accuracy: 0.967
Training epoch 3 | loss: 0.00283 - accuracy: 0.99733
Validating epoch 3 | loss: 0.1576 - accuracy: 0.962
Model is Bert, dataset is subj, undersample is False, aug mode is trans, geo is 0.4, pct_usage is None, small_label is 1, small_prop is 0.4, balance_seed is 1
Training epoch 0 | loss: 0.05792 - accuracy: 0.907
Validating epoch 0 | loss: 0.12027 - accuracy: 0.959
Training epoch 1 | loss: 0.01367 - accuracy: 0.981
Validating epoch 1 | loss: 0.13372 - accuracy: 0.96
Training epoch 2 | loss: 0.0071 - accuracy: 0.99167
Validating epoch 2 | loss: 0.13186 - accuracy: 0.964
Training epoch 3 | loss: 0.00235 - accuracy: 0.99722
Validating epoch 3 | loss: 0.15652 - accuracy: 0.968
Model is Bert, dataset is subj, undersample is False, aug mode is None, geo is 0.5, pct_usage is None, small_label is 0, small_prop is 0.5, balance_seed is 1
Training epoch 0 | loss: 0.0587 - accuracy: 0.89822
Validating epoch 0 | loss: 0.12268 - accuracy: 0.963
Training epoch 1 | loss: 0.01314 - accuracy: 0.98411
Validating epoch 1 | loss: 0.14323 - accuracy: 0.956
Training epoch 2 | loss: 0.00354 - accuracy: 0.99644
Validating epoch 2 | loss: 0.15378 - accuracy: 0.959
Training epoch 3 | loss: 0.00123 - accuracy: 0.99922
Validating epoch 3 | loss: 0.17437 - accuracy: 0.958
Model is Bert, dataset is subj, undersample is True, aug mode is None, geo is 0.5, pct_usage is None, small_label is 0, small_prop is 0.5, balance_seed is 1
Training epoch 0 | loss: 0.07246 - accuracy: 0.882
Validating epoch 0 | loss: 0.12355 - accuracy: 0.962
Training epoch 1 | loss: 0.02103 - accuracy: 0.97444
Validating epoch 1 | loss: 0.11005 - accuracy: 0.966
Training epoch 2 | loss: 0.00836 - accuracy: 0.99111
Validating epoch 2 | loss: 0.14062 - accuracy: 0.959
Training epoch 3 | loss: 0.00289 - accuracy: 0.99778
Validating epoch 3 | loss: 0.13947 - accuracy: 0.961
Model is Bert, dataset is subj, undersample is False, aug mode is trans, geo is 0.1, pct_usage is None, small_label is 0, small_prop is 0.5, balance_seed is 1
Training epoch 0 | loss: 0.06874 - accuracy: 0.87767
Validating epoch 0 | loss: 0.13628 - accuracy: 0.958
Training epoch 1 | loss: 0.02672 - accuracy: 0.96156
Validating epoch 1 | loss: 0.13701 - accuracy: 0.955
Training epoch 2 | loss: 0.01162 - accuracy: 0.98522
Validating epoch 2 | loss: 0.14679 - accuracy: 0.961
Training epoch 3 | loss: 0.00654 - accuracy: 0.99189
Validating epoch 3 | loss: 0.16444 - accuracy: 0.959
Model is Bert, dataset is subj, undersample is False, aug mode is trans, geo is 0.2, pct_usage is None, small_label is 0, small_prop is 0.5, balance_seed is 1
Training epoch 0 | loss: 0.06408 - accuracy: 0.89022
Validating epoch 0 | loss: 0.11806 - accuracy: 0.959
Training epoch 1 | loss: 0.0247 - accuracy: 0.968
Validating epoch 1 | loss: 0.11348 - accuracy: 0.96
Training epoch 2 | loss: 0.01201 - accuracy: 0.98511
Validating epoch 2 | loss: 0.12797 - accuracy: 0.962
Training epoch 3 | loss: 0.00649 - accuracy: 0.99289
Validating epoch 3 | loss: 0.14242 - accuracy: 0.961
Model is Bert, dataset is subj, undersample is False, aug mode is trans, geo is 0.3, pct_usage is None, small_label is 0, small_prop is 0.5, balance_seed is 1
Training epoch 0 | loss: 0.06368 - accuracy: 0.89622
Validating epoch 0 | loss: 0.13329 - accuracy: 0.954
Training epoch 1 | loss: 0.0228 - accuracy: 0.96922
Validating epoch 1 | loss: 0.12848 - accuracy: 0.953
Training epoch 2 | loss: 0.01004 - accuracy: 0.98767
Validating epoch 2 | loss: 0.17135 - accuracy: 0.955
Training epoch 3 | loss: 0.00606 - accuracy: 0.99344
Validating epoch 3 | loss: 0.17047 - accuracy: 0.953
Model is Bert, dataset is subj, undersample is False, aug mode is trans, geo is 0.4, pct_usage is None, small_label is 0, small_prop is 0.5, balance_seed is 1
Training epoch 0 | loss: 0.06155 - accuracy: 0.90022
Validating epoch 0 | loss: 0.128 - accuracy: 0.955
Training epoch 1 | loss: 0.02224 - accuracy: 0.96978
Validating epoch 1 | loss: 0.14565 - accuracy: 0.945
Training epoch 2 | loss: 0.00964 - accuracy: 0.98789
Validating epoch 2 | loss: 0.13307 - accuracy: 0.96
Training epoch 3 | loss: 0.00569 - accuracy: 0.994
Validating epoch 3 | loss: 0.15247 - accuracy: 0.961
Model is Bert, dataset is subj, undersample is False, aug mode is None, geo is 0.5, pct_usage is None, small_label is 1, small_prop is 0.5, balance_seed is 1
Training epoch 0 | loss: 0.06045 - accuracy: 0.89133
Validating epoch 0 | loss: 0.11517 - accuracy: 0.96
Training epoch 1 | loss: 0.01251 - accuracy: 0.98378
Validating epoch 1 | loss: 0.11484 - accuracy: 0.961
Training epoch 2 | loss: 0.00257 - accuracy: 0.998
Validating epoch 2 | loss: 0.18499 - accuracy: 0.957
Training epoch 3 | loss: 0.00067 - accuracy: 0.99944
Validating epoch 3 | loss: 0.17388 - accuracy: 0.959
Model is Bert, dataset is subj, undersample is True, aug mode is None, geo is 0.5, pct_usage is None, small_label is 1, small_prop is 0.5, balance_seed is 1
Training epoch 0 | loss: 0.07599 - accuracy: 0.862
Validating epoch 0 | loss: 0.24221 - accuracy: 0.902
Training epoch 1 | loss: 0.01963 - accuracy: 0.976
Validating epoch 1 | loss: 0.13988 - accuracy: 0.952
Training epoch 2 | loss: 0.00644 - accuracy: 0.99244
Validating epoch 2 | loss: 0.14765 - accuracy: 0.968
Training epoch 3 | loss: 0.00182 - accuracy: 0.99889
Validating epoch 3 | loss: 0.15074 - accuracy: 0.967
Model is Bert, dataset is subj, undersample is False, aug mode is trans, geo is 0.1, pct_usage is None, small_label is 1, small_prop is 0.5, balance_seed is 1
Training epoch 0 | loss: 0.0625 - accuracy: 0.89167
Validating epoch 0 | loss: 0.11274 - accuracy: 0.966
Training epoch 1 | loss: 0.0171 - accuracy: 0.978
Validating epoch 1 | loss: 0.12102 - accuracy: 0.962
Training epoch 2 | loss: 0.00826 - accuracy: 0.98967
Validating epoch 2 | loss: 0.11785 - accuracy: 0.968
Training epoch 3 | loss: 0.00332 - accuracy: 0.99656
Validating epoch 3 | loss: 0.13641 - accuracy: 0.969
Model is Bert, dataset is subj, undersample is False, aug mode is trans, geo is 0.2, pct_usage is None, small_label is 1, small_prop is 0.5, balance_seed is 1
Training epoch 0 | loss: 0.06072 - accuracy: 0.902
Validating epoch 0 | loss: 0.1183 - accuracy: 0.963
Training epoch 1 | loss: 0.01902 - accuracy: 0.97389
Validating epoch 1 | loss: 0.10866 - accuracy: 0.972
Training epoch 2 | loss: 0.00898 - accuracy: 0.98944
Validating epoch 2 | loss: 0.12082 - accuracy: 0.967
Training epoch 3 | loss: 0.00445 - accuracy: 0.99533
Validating epoch 3 | loss: 0.13646 - accuracy: 0.967
Model is Bert, dataset is subj, undersample is False, aug mode is trans, geo is 0.3, pct_usage is None, small_label is 1, small_prop is 0.5, balance_seed is 1
Training epoch 0 | loss: 0.05869 - accuracy: 0.898
Validating epoch 0 | loss: 0.11441 - accuracy: 0.961
Training epoch 1 | loss: 0.01953 - accuracy: 0.97567
Validating epoch 1 | loss: 0.11107 - accuracy: 0.973
Training epoch 2 | loss: 0.0077 - accuracy: 0.99
Validating epoch 2 | loss: 0.11415 - accuracy: 0.966
Training epoch 3 | loss: 0.00453 - accuracy: 0.99433
Validating epoch 3 | loss: 0.12984 - accuracy: 0.971
Model is Bert, dataset is subj, undersample is False, aug mode is trans, geo is 0.4, pct_usage is None, small_label is 1, small_prop is 0.5, balance_seed is 1
Training epoch 0 | loss: 0.06036 - accuracy: 0.90033
Validating epoch 0 | loss: 0.12966 - accuracy: 0.954
Training epoch 1 | loss: 0.01676 - accuracy: 0.977
Validating epoch 1 | loss: 0.10434 - accuracy: 0.968
Training epoch 2 | loss: 0.00665 - accuracy: 0.99111
Validating epoch 2 | loss: 0.13564 - accuracy: 0.963
Training epoch 3 | loss: 0.00339 - accuracy: 0.99622
Validating epoch 3 | loss: 0.14568 - accuracy: 0.965
Model is Bert, dataset is subj, undersample is False, aug mode is None, geo is 0.5, pct_usage is None, small_label is 0, small_prop is 0.6, balance_seed is 1
Training epoch 0 | loss: 0.05488 - accuracy: 0.913
Validating epoch 0 | loss: 0.11178 - accuracy: 0.96
Training epoch 1 | loss: 0.01292 - accuracy: 0.98344
Validating epoch 1 | loss: 0.13359 - accuracy: 0.966
Training epoch 2 | loss: 0.0034 - accuracy: 0.99589
Validating epoch 2 | loss: 0.16891 - accuracy: 0.96
Training epoch 3 | loss: 0.00104 - accuracy: 0.999
Validating epoch 3 | loss: 0.16866 - accuracy: 0.967
Model is Bert, dataset is subj, undersample is True, aug mode is None, geo is 0.5, pct_usage is None, small_label is 0, small_prop is 0.6, balance_seed is 1
Training epoch 0 | loss: 0.06896 - accuracy: 0.87556
Validating epoch 0 | loss: 0.16821 - accuracy: 0.937
Training epoch 1 | loss: 0.01828 - accuracy: 0.97537
Validating epoch 1 | loss: 0.12213 - accuracy: 0.964
Training epoch 2 | loss: 0.00444 - accuracy: 0.99556
Validating epoch 2 | loss: 0.14383 - accuracy: 0.96
Training epoch 3 | loss: 0.0018 - accuracy: 0.99852
Validating epoch 3 | loss: 0.15842 - accuracy: 0.959
Model is Bert, dataset is subj, undersample is False, aug mode is trans, geo is 0.1, pct_usage is None, small_label is 0, small_prop is 0.6, balance_seed is 1
Training epoch 0 | loss: 0.06614 - accuracy: 0.88978
Validating epoch 0 | loss: 0.15348 - accuracy: 0.938
Training epoch 1 | loss: 0.02746 - accuracy: 0.96167
Validating epoch 1 | loss: 0.12303 - accuracy: 0.956
Training epoch 2 | loss: 0.01263 - accuracy: 0.98411
Validating epoch 2 | loss: 0.15803 - accuracy: 0.952
Training epoch 3 | loss: 0.00803 - accuracy: 0.99156
Validating epoch 3 | loss: 0.17127 - accuracy: 0.948
Model is Bert, dataset is subj, undersample is False, aug mode is trans, geo is 0.2, pct_usage is None, small_label is 0, small_prop is 0.6, balance_seed is 1
Training epoch 0 | loss: 0.06502 - accuracy: 0.89289
Validating epoch 0 | loss: 0.16357 - accuracy: 0.944
Training epoch 1 | loss: 0.0247 - accuracy: 0.96611
Validating epoch 1 | loss: 0.13785 - accuracy: 0.947
Training epoch 2 | loss: 0.01227 - accuracy: 0.98333
Validating epoch 2 | loss: 0.16567 - accuracy: 0.952
Training epoch 3 | loss: 0.00655 - accuracy: 0.99289
Validating epoch 3 | loss: 0.19002 - accuracy: 0.948
Model is Bert, dataset is subj, undersample is False, aug mode is trans, geo is 0.3, pct_usage is None, small_label is 0, small_prop is 0.6, balance_seed is 1
Training epoch 0 | loss: 0.06498 - accuracy: 0.88978
Validating epoch 0 | loss: 0.14035 - accuracy: 0.953
Training epoch 1 | loss: 0.02485 - accuracy: 0.96644
Validating epoch 1 | loss: 0.11793 - accuracy: 0.959
Training epoch 2 | loss: 0.0104 - accuracy: 0.98667
Validating epoch 2 | loss: 0.16416 - accuracy: 0.954
Training epoch 3 | loss: 0.00635 - accuracy: 0.99211
Validating epoch 3 | loss: 0.17463 - accuracy: 0.953
Model is Bert, dataset is subj, undersample is False, aug mode is trans, geo is 0.4, pct_usage is None, small_label is 0, small_prop is 0.6, balance_seed is 1
Training epoch 0 | loss: 0.06822 - accuracy: 0.88378
Validating epoch 0 | loss: 0.1183 - accuracy: 0.959
Training epoch 1 | loss: 0.02278 - accuracy: 0.96878
Validating epoch 1 | loss: 0.14284 - accuracy: 0.957
Training epoch 2 | loss: 0.01109 - accuracy: 0.98544
Validating epoch 2 | loss: 0.15382 - accuracy: 0.957
Training epoch 3 | loss: 0.00596 - accuracy: 0.993
Validating epoch 3 | loss: 0.15365 - accuracy: 0.957
Model is Bert, dataset is subj, undersample is False, aug mode is None, geo is 0.5, pct_usage is None, small_label is 1, small_prop is 0.6, balance_seed is 1
Training epoch 0 | loss: 0.05555 - accuracy: 0.90878
Validating epoch 0 | loss: 0.11031 - accuracy: 0.969
Training epoch 1 | loss: 0.01296 - accuracy: 0.98422
Validating epoch 1 | loss: 0.13347 - accuracy: 0.959
Training epoch 2 | loss: 0.00329 - accuracy: 0.99678
Validating epoch 2 | loss: 0.1378 - accuracy: 0.964
Training epoch 3 | loss: 0.00092 - accuracy: 0.99911
Validating epoch 3 | loss: 0.14628 - accuracy: 0.966
Model is Bert, dataset is subj, undersample is True, aug mode is None, geo is 0.5, pct_usage is None, small_label is 1, small_prop is 0.6, balance_seed is 1
Training epoch 0 | loss: 0.06817 - accuracy: 0.89056
Validating epoch 0 | loss: 0.11342 - accuracy: 0.968
Training epoch 1 | loss: 0.01866 - accuracy: 0.97537
Validating epoch 1 | loss: 0.11523 - accuracy: 0.963
Training epoch 2 | loss: 0.00577 - accuracy: 0.99426
Validating epoch 2 | loss: 0.1303 - accuracy: 0.962
Training epoch 3 | loss: 0.00217 - accuracy: 0.99852
Validating epoch 3 | loss: 0.13937 - accuracy: 0.968
Model is Bert, dataset is subj, undersample is False, aug mode is trans, geo is 0.1, pct_usage is None, small_label is 1, small_prop is 0.6, balance_seed is 1
Training epoch 0 | loss: 0.06156 - accuracy: 0.89378
Validating epoch 0 | loss: 0.12844 - accuracy: 0.953
Training epoch 1 | loss: 0.01886 - accuracy: 0.974
Validating epoch 1 | loss: 0.119 - accuracy: 0.968
Training epoch 2 | loss: 0.00961 - accuracy: 0.98867
Validating epoch 2 | loss: 0.11682 - accuracy: 0.971
Training epoch 3 | loss: 0.00469 - accuracy: 0.99378
Validating epoch 3 | loss: 0.12509 - accuracy: 0.97
Model is Bert, dataset is subj, undersample is False, aug mode is trans, geo is 0.2, pct_usage is None, small_label is 1, small_prop is 0.6, balance_seed is 1
Training epoch 0 | loss: 0.0589 - accuracy: 0.90289
Validating epoch 0 | loss: 0.11083 - accuracy: 0.965
Training epoch 1 | loss: 0.01813 - accuracy: 0.97522
Validating epoch 1 | loss: 0.09977 - accuracy: 0.965
Training epoch 2 | loss: 0.00879 - accuracy: 0.98967
Validating epoch 2 | loss: 0.11673 - accuracy: 0.97
Training epoch 3 | loss: 0.00376 - accuracy: 0.99567
Validating epoch 3 | loss: 0.14903 - accuracy: 0.96
Model is Bert, dataset is subj, undersample is False, aug mode is trans, geo is 0.3, pct_usage is None, small_label is 1, small_prop is 0.6, balance_seed is 1
Training epoch 0 | loss: 0.06244 - accuracy: 0.89511
Validating epoch 0 | loss: 0.10734 - accuracy: 0.963
Training epoch 1 | loss: 0.01832 - accuracy: 0.975
Validating epoch 1 | loss: 0.17236 - accuracy: 0.942
Training epoch 2 | loss: 0.00888 - accuracy: 0.98856
Validating epoch 2 | loss: 0.13169 - accuracy: 0.968
Training epoch 3 | loss: 0.00445 - accuracy: 0.99522
Validating epoch 3 | loss: 0.15269 - accuracy: 0.962
Model is Bert, dataset is subj, undersample is False, aug mode is trans, geo is 0.4, pct_usage is None, small_label is 1, small_prop is 0.6, balance_seed is 1
Training epoch 0 | loss: 0.06045 - accuracy: 0.89644
Validating epoch 0 | loss: 0.10847 - accuracy: 0.966
Training epoch 1 | loss: 0.01909 - accuracy: 0.97478
Validating epoch 1 | loss: 0.12281 - accuracy: 0.959
Training epoch 2 | loss: 0.00836 - accuracy: 0.99022
Validating epoch 2 | loss: 0.12671 - accuracy: 0.966
Training epoch 3 | loss: 0.00459 - accuracy: 0.99556
Validating epoch 3 | loss: 0.14894 - accuracy: 0.962
Model is Bert, dataset is subj, undersample is False, aug mode is None, geo is 0.5, pct_usage is None, small_label is 0, small_prop is 0.7, balance_seed is 1
Training epoch 0 | loss: 0.058 - accuracy: 0.89656
Validating epoch 0 | loss: 0.10768 - accuracy: 0.969
Training epoch 1 | loss: 0.01378 - accuracy: 0.98233
Validating epoch 1 | loss: 0.11991 - accuracy: 0.971
Training epoch 2 | loss: 0.00308 - accuracy: 0.99667
Validating epoch 2 | loss: 0.1707 - accuracy: 0.962
Training epoch 3 | loss: 0.00075 - accuracy: 0.99956
Validating epoch 3 | loss: 0.16743 - accuracy: 0.964
Model is Bert, dataset is subj, undersample is True, aug mode is None, geo is 0.5, pct_usage is None, small_label is 0, small_prop is 0.7, balance_seed is 1
Training epoch 0 | loss: 0.06867 - accuracy: 0.88206
Validating epoch 0 | loss: 0.1205 - accuracy: 0.964
Training epoch 1 | loss: 0.0191 - accuracy: 0.97444
Validating epoch 1 | loss: 0.11215 - accuracy: 0.969
Training epoch 2 | loss: 0.00584 - accuracy: 0.99302
Validating epoch 2 | loss: 0.13848 - accuracy: 0.968
Training epoch 3 | loss: 0.00207 - accuracy: 0.99794
Validating epoch 3 | loss: 0.14328 - accuracy: 0.967
Model is Bert, dataset is subj, undersample is False, aug mode is trans, geo is 0.1, pct_usage is None, small_label is 0, small_prop is 0.7, balance_seed is 1
Training epoch 0 | loss: 0.06657 - accuracy: 0.89022
Validating epoch 0 | loss: 0.13362 - accuracy: 0.95
Training epoch 1 | loss: 0.02516 - accuracy: 0.96378
Validating epoch 1 | loss: 0.13132 - accuracy: 0.953
Training epoch 2 | loss: 0.01137 - accuracy: 0.98622
Validating epoch 2 | loss: 0.14763 - accuracy: 0.957
Training epoch 3 | loss: 0.00684 - accuracy: 0.99211
Validating epoch 3 | loss: 0.1709 - accuracy: 0.954
Model is Bert, dataset is subj, undersample is False, aug mode is trans, geo is 0.2, pct_usage is None, small_label is 0, small_prop is 0.7, balance_seed is 1
Training epoch 0 | loss: 0.06815 - accuracy: 0.88289
Validating epoch 0 | loss: 0.1292 - accuracy: 0.961
Training epoch 1 | loss: 0.02674 - accuracy: 0.96322
Validating epoch 1 | loss: 0.12621 - accuracy: 0.961
Training epoch 2 | loss: 0.01281 - accuracy: 0.98411
Validating epoch 2 | loss: 0.15834 - accuracy: 0.952
Training epoch 3 | loss: 0.00784 - accuracy: 0.99111
Validating epoch 3 | loss: 0.16766 - accuracy: 0.955
Model is Bert, dataset is subj, undersample is False, aug mode is trans, geo is 0.3, pct_usage is None, small_label is 0, small_prop is 0.7, balance_seed is 1
Training epoch 0 | loss: 0.06819 - accuracy: 0.87889
Validating epoch 0 | loss: 0.11944 - accuracy: 0.959
Training epoch 1 | loss: 0.027 - accuracy: 0.96456
Validating epoch 1 | loss: 0.11521 - accuracy: 0.961
Training epoch 2 | loss: 0.01274 - accuracy: 0.983
Validating epoch 2 | loss: 0.13908 - accuracy: 0.957
Training epoch 3 | loss: 0.00622 - accuracy: 0.99333
Validating epoch 3 | loss: 0.16891 - accuracy: 0.952
Model is Bert, dataset is subj, undersample is False, aug mode is trans, geo is 0.4, pct_usage is None, small_label is 0, small_prop is 0.7, balance_seed is 1
Training epoch 0 | loss: 0.06579 - accuracy: 0.89189
Validating epoch 0 | loss: 0.12357 - accuracy: 0.955
Training epoch 1 | loss: 0.02304 - accuracy: 0.96633
Validating epoch 1 | loss: 0.1279 - accuracy: 0.961
Training epoch 2 | loss: 0.01157 - accuracy: 0.98433
Validating epoch 2 | loss: 0.15391 - accuracy: 0.953
Training epoch 3 | loss: 0.00578 - accuracy: 0.99356
Validating epoch 3 | loss: 0.15906 - accuracy: 0.956
Model is Bert, dataset is subj, undersample is False, aug mode is None, geo is 0.5, pct_usage is None, small_label is 1, small_prop is 0.7, balance_seed is 1
Training epoch 0 | loss: 0.05585 - accuracy: 0.91311
Validating epoch 0 | loss: 0.10992 - accuracy: 0.964
Training epoch 1 | loss: 0.01384 - accuracy: 0.98289
Validating epoch 1 | loss: 0.10747 - accuracy: 0.969
Training epoch 2 | loss: 0.00408 - accuracy: 0.99522
Validating epoch 2 | loss: 0.13144 - accuracy: 0.969
Training epoch 3 | loss: 0.00142 - accuracy: 0.99878
Validating epoch 3 | loss: 0.1444 - accuracy: 0.972
Model is Bert, dataset is subj, undersample is True, aug mode is None, geo is 0.5, pct_usage is None, small_label is 1, small_prop is 0.7, balance_seed is 1
Training epoch 0 | loss: 0.06781 - accuracy: 0.88952
Validating epoch 0 | loss: 0.15077 - accuracy: 0.949
Training epoch 1 | loss: 0.02141 - accuracy: 0.97333
Validating epoch 1 | loss: 0.11695 - accuracy: 0.965
Training epoch 2 | loss: 0.00674 - accuracy: 0.99206
Validating epoch 2 | loss: 0.15641 - accuracy: 0.957
Training epoch 3 | loss: 0.00224 - accuracy: 0.9981
Validating epoch 3 | loss: 0.14594 - accuracy: 0.96
Model is Bert, dataset is subj, undersample is False, aug mode is trans, geo is 0.1, pct_usage is None, small_label is 1, small_prop is 0.7, balance_seed is 1
Training epoch 0 | loss: 0.06182 - accuracy: 0.89556
Validating epoch 0 | loss: 0.11022 - accuracy: 0.957
Training epoch 1 | loss: 0.02188 - accuracy: 0.96933
Validating epoch 1 | loss: 0.10546 - accuracy: 0.969
Training epoch 2 | loss: 0.0105 - accuracy: 0.98711
Validating epoch 2 | loss: 0.13116 - accuracy: 0.959
Training epoch 3 | loss: 0.00436 - accuracy: 0.99478
Validating epoch 3 | loss: 0.15682 - accuracy: 0.956
Model is Bert, dataset is subj, undersample is False, aug mode is trans, geo is 0.2, pct_usage is None, small_label is 1, small_prop is 0.7, balance_seed is 1
Training epoch 0 | loss: 0.05797 - accuracy: 0.90244
Validating epoch 0 | loss: 0.1408 - accuracy: 0.956
Training epoch 1 | loss: 0.01874 - accuracy: 0.97511
Validating epoch 1 | loss: 0.10607 - accuracy: 0.967
Training epoch 2 | loss: 0.00839 - accuracy: 0.99011
Validating epoch 2 | loss: 0.17918 - accuracy: 0.949
Training epoch 3 | loss: 0.00473 - accuracy: 0.99411
Validating epoch 3 | loss: 0.14066 - accuracy: 0.963
Model is Bert, dataset is subj, undersample is False, aug mode is trans, geo is 0.3, pct_usage is None, small_label is 1, small_prop is 0.7, balance_seed is 1
Training epoch 0 | loss: 0.06064 - accuracy: 0.89822
Validating epoch 0 | loss: 0.12132 - accuracy: 0.964
Training epoch 1 | loss: 0.0211 - accuracy: 0.97222
Validating epoch 1 | loss: 0.11206 - accuracy: 0.966
Training epoch 2 | loss: 0.00994 - accuracy: 0.98644
Validating epoch 2 | loss: 0.13412 - accuracy: 0.961
Training epoch 3 | loss: 0.00556 - accuracy: 0.99411
Validating epoch 3 | loss: 0.15206 - accuracy: 0.964
Model is Bert, dataset is subj, undersample is False, aug mode is trans, geo is 0.4, pct_usage is None, small_label is 1, small_prop is 0.7, balance_seed is 1
Training epoch 0 | loss: 0.05881 - accuracy: 0.90444
Validating epoch 0 | loss: 0.10307 - accuracy: 0.964
Training epoch 1 | loss: 0.01927 - accuracy: 0.974
Validating epoch 1 | loss: 0.10181 - accuracy: 0.966
Training epoch 2 | loss: 0.00847 - accuracy: 0.98911
Validating epoch 2 | loss: 0.12614 - accuracy: 0.964
Training epoch 3 | loss: 0.00407 - accuracy: 0.99567
Validating epoch 3 | loss: 0.14593 - accuracy: 0.959
Model is Bert, dataset is subj, undersample is False, aug mode is None, geo is 0.5, pct_usage is None, small_label is 0, small_prop is 0.8, balance_seed is 1
Training epoch 0 | loss: 0.06027 - accuracy: 0.90222
Validating epoch 0 | loss: 0.12231 - accuracy: 0.959
Training epoch 1 | loss: 0.0177 - accuracy: 0.97733
Validating epoch 1 | loss: 0.12646 - accuracy: 0.963
Training epoch 2 | loss: 0.00618 - accuracy: 0.99322
Validating epoch 2 | loss: 0.1408 - accuracy: 0.966
Training epoch 3 | loss: 0.0025 - accuracy: 0.99778
Validating epoch 3 | loss: 0.12634 - accuracy: 0.969
Model is Bert, dataset is subj, undersample is True, aug mode is None, geo is 0.5, pct_usage is None, small_label is 0, small_prop is 0.8, balance_seed is 1
Training epoch 0 | loss: 0.06721 - accuracy: 0.88417
Validating epoch 0 | loss: 0.1209 - accuracy: 0.959
Training epoch 1 | loss: 0.01882 - accuracy: 0.97625
Validating epoch 1 | loss: 0.10746 - accuracy: 0.96
Training epoch 2 | loss: 0.00494 - accuracy: 0.99472
Validating epoch 2 | loss: 0.12538 - accuracy: 0.969
Training epoch 3 | loss: 0.00133 - accuracy: 0.99903
Validating epoch 3 | loss: 0.14685 - accuracy: 0.965
Model is Bert, dataset is subj, undersample is False, aug mode is trans, geo is 0.1, pct_usage is None, small_label is 0, small_prop is 0.8, balance_seed is 1
Training epoch 0 | loss: 0.06785 - accuracy: 0.88378
Validating epoch 0 | loss: 0.13549 - accuracy: 0.952
Training epoch 1 | loss: 0.02947 - accuracy: 0.95756
Validating epoch 1 | loss: 0.11661 - accuracy: 0.96
Training epoch 2 | loss: 0.01548 - accuracy: 0.981
Validating epoch 2 | loss: 0.14031 - accuracy: 0.952
Training epoch 3 | loss: 0.00821 - accuracy: 0.99056
Validating epoch 3 | loss: 0.19143 - accuracy: 0.95
Model is Bert, dataset is subj, undersample is False, aug mode is trans, geo is 0.2, pct_usage is None, small_label is 0, small_prop is 0.8, balance_seed is 1
Training epoch 0 | loss: 0.06726 - accuracy: 0.88722
Validating epoch 0 | loss: 0.12092 - accuracy: 0.958
Training epoch 1 | loss: 0.0273 - accuracy: 0.962
Validating epoch 1 | loss: 0.12288 - accuracy: 0.951
Training epoch 2 | loss: 0.01308 - accuracy: 0.98222
Validating epoch 2 | loss: 0.14749 - accuracy: 0.953
Training epoch 3 | loss: 0.00624 - accuracy: 0.99344
Validating epoch 3 | loss: 0.18034 - accuracy: 0.95
Model is Bert, dataset is subj, undersample is False, aug mode is trans, geo is 0.3, pct_usage is None, small_label is 0, small_prop is 0.8, balance_seed is 1
Training epoch 0 | loss: 0.06689 - accuracy: 0.88811
Validating epoch 0 | loss: 0.1288 - accuracy: 0.959
Training epoch 1 | loss: 0.02662 - accuracy: 0.96233
Validating epoch 1 | loss: 0.11675 - accuracy: 0.956
Training epoch 2 | loss: 0.01374 - accuracy: 0.98233
Validating epoch 2 | loss: 0.13272 - accuracy: 0.953
Training epoch 3 | loss: 0.00749 - accuracy: 0.99133
Validating epoch 3 | loss: 0.1553 - accuracy: 0.955
Model is Bert, dataset is subj, undersample is False, aug mode is trans, geo is 0.4, pct_usage is None, small_label is 0, small_prop is 0.8, balance_seed is 1
Training epoch 0 | loss: 0.06828 - accuracy: 0.88533
Validating epoch 0 | loss: 0.1272 - accuracy: 0.957
Training epoch 1 | loss: 0.0278 - accuracy: 0.961
Validating epoch 1 | loss: 0.12876 - accuracy: 0.956
Training epoch 2 | loss: 0.01606 - accuracy: 0.97889
Validating epoch 2 | loss: 0.12933 - accuracy: 0.957
Training epoch 3 | loss: 0.00862 - accuracy: 0.98933
Validating epoch 3 | loss: 0.15316 - accuracy: 0.954
Model is Bert, dataset is subj, undersample is False, aug mode is None, geo is 0.5, pct_usage is None, small_label is 1, small_prop is 0.8, balance_seed is 1
Training epoch 0 | loss: 0.05884 - accuracy: 0.89889
Validating epoch 0 | loss: 0.11502 - accuracy: 0.956
Training epoch 1 | loss: 0.01434 - accuracy: 0.98189
Validating epoch 1 | loss: 0.11812 - accuracy: 0.964
Training epoch 2 | loss: 0.0032 - accuracy: 0.99622
Validating epoch 2 | loss: 0.12974 - accuracy: 0.967
Training epoch 3 | loss: 0.00105 - accuracy: 0.99911
Validating epoch 3 | loss: 0.15541 - accuracy: 0.965
Model is Bert, dataset is subj, undersample is True, aug mode is None, geo is 0.5, pct_usage is None, small_label is 1, small_prop is 0.8, balance_seed is 1
Training epoch 0 | loss: 0.0635 - accuracy: 0.89917
Validating epoch 0 | loss: 0.13741 - accuracy: 0.949
Training epoch 1 | loss: 0.01842 - accuracy: 0.97847
Validating epoch 1 | loss: 0.10597 - accuracy: 0.965
Training epoch 2 | loss: 0.00609 - accuracy: 0.99264
Validating epoch 2 | loss: 0.11842 - accuracy: 0.968
Training epoch 3 | loss: 0.00226 - accuracy: 0.9975
Validating epoch 3 | loss: 0.12796 - accuracy: 0.967
Model is Bert, dataset is subj, undersample is False, aug mode is trans, geo is 0.1, pct_usage is None, small_label is 1, small_prop is 0.8, balance_seed is 1
Training epoch 0 | loss: 0.061 - accuracy: 0.89567
Validating epoch 0 | loss: 0.12694 - accuracy: 0.955
Training epoch 1 | loss: 0.02205 - accuracy: 0.97167
Validating epoch 1 | loss: 0.14075 - accuracy: 0.953
Training epoch 2 | loss: 0.01186 - accuracy: 0.98611
Validating epoch 2 | loss: 0.12636 - accuracy: 0.959
Training epoch 3 | loss: 0.00509 - accuracy: 0.995
Validating epoch 3 | loss: 0.13819 - accuracy: 0.962
Model is Bert, dataset is subj, undersample is False, aug mode is trans, geo is 0.2, pct_usage is None, small_label is 1, small_prop is 0.8, balance_seed is 1
Training epoch 0 | loss: 0.05933 - accuracy: 0.90289
Validating epoch 0 | loss: 0.12747 - accuracy: 0.958
Training epoch 1 | loss: 0.02008 - accuracy: 0.973
Validating epoch 1 | loss: 0.11807 - accuracy: 0.955
Training epoch 2 | loss: 0.00793 - accuracy: 0.99133
Validating epoch 2 | loss: 0.13277 - accuracy: 0.966
Training epoch 3 | loss: 0.00474 - accuracy: 0.99456
Validating epoch 3 | loss: 0.13683 - accuracy: 0.966
Model is Bert, dataset is subj, undersample is False, aug mode is trans, geo is 0.3, pct_usage is None, small_label is 1, small_prop is 0.8, balance_seed is 1
Training epoch 0 | loss: 0.06128 - accuracy: 0.89567
Validating epoch 0 | loss: 0.11 - accuracy: 0.964
Training epoch 1 | loss: 0.01938 - accuracy: 0.97233
Validating epoch 1 | loss: 0.09857 - accuracy: 0.971
Training epoch 2 | loss: 0.00822 - accuracy: 0.98933
Validating epoch 2 | loss: 0.12401 - accuracy: 0.968
Training epoch 3 | loss: 0.00407 - accuracy: 0.99511
Validating epoch 3 | loss: 0.15971 - accuracy: 0.958
Model is Bert, dataset is subj, undersample is False, aug mode is trans, geo is 0.4, pct_usage is None, small_label is 1, small_prop is 0.8, balance_seed is 1
Training epoch 0 | loss: 0.06039 - accuracy: 0.89989
Validating epoch 0 | loss: 0.09978 - accuracy: 0.966
Training epoch 1 | loss: 0.02089 - accuracy: 0.97311
Validating epoch 1 | loss: 0.10609 - accuracy: 0.96
Training epoch 2 | loss: 0.00995 - accuracy: 0.98767
Validating epoch 2 | loss: 0.10499 - accuracy: 0.968
Training epoch 3 | loss: 0.00559 - accuracy: 0.99378
Validating epoch 3 | loss: 0.11973 - accuracy: 0.967
Model is Bert, dataset is subj, undersample is False, aug mode is None, geo is 0.5, pct_usage is None, small_label is 0, small_prop is 0.9, balance_seed is 1
Training epoch 0 | loss: 0.06245 - accuracy: 0.89556
Validating epoch 0 | loss: 0.1047 - accuracy: 0.964
Training epoch 1 | loss: 0.01664 - accuracy: 0.97933
Validating epoch 1 | loss: 0.11004 - accuracy: 0.966
Training epoch 2 | loss: 0.00589 - accuracy: 0.99322
Validating epoch 2 | loss: 0.12428 - accuracy: 0.967
Training epoch 3 | loss: 0.00153 - accuracy: 0.999
Validating epoch 3 | loss: 0.13547 - accuracy: 0.967
Model is Bert, dataset is subj, undersample is True, aug mode is None, geo is 0.5, pct_usage is None, small_label is 0, small_prop is 0.9, balance_seed is 1
Training epoch 0 | loss: 0.05913 - accuracy: 0.90395
Validating epoch 0 | loss: 0.11044 - accuracy: 0.961
Training epoch 1 | loss: 0.0181 - accuracy: 0.9758
Validating epoch 1 | loss: 0.10898 - accuracy: 0.968
Training epoch 2 | loss: 0.00539 - accuracy: 0.99383
Validating epoch 2 | loss: 0.12092 - accuracy: 0.965
Training epoch 3 | loss: 0.00137 - accuracy: 0.99877
Validating epoch 3 | loss: 0.13236 - accuracy: 0.968
Model is Bert, dataset is subj, undersample is False, aug mode is trans, geo is 0.1, pct_usage is None, small_label is 0, small_prop is 0.9, balance_seed is 1
Training epoch 0 | loss: 0.06583 - accuracy: 0.88356
Validating epoch 0 | loss: 0.12686 - accuracy: 0.953
Training epoch 1 | loss: 0.02596 - accuracy: 0.96478
Validating epoch 1 | loss: 0.13027 - accuracy: 0.958
Training epoch 2 | loss: 0.01349 - accuracy: 0.98256
Validating epoch 2 | loss: 0.16581 - accuracy: 0.949
Training epoch 3 | loss: 0.00693 - accuracy: 0.99244
Validating epoch 3 | loss: 0.17867 - accuracy: 0.947
Model is Bert, dataset is subj, undersample is False, aug mode is trans, geo is 0.2, pct_usage is None, small_label is 0, small_prop is 0.9, balance_seed is 1
Training epoch 0 | loss: 0.06765 - accuracy: 0.88478
Validating epoch 0 | loss: 0.12542 - accuracy: 0.957
Training epoch 1 | loss: 0.02621 - accuracy: 0.96389
Validating epoch 1 | loss: 0.12257 - accuracy: 0.957
Training epoch 2 | loss: 0.01328 - accuracy: 0.98244
Validating epoch 2 | loss: 0.12795 - accuracy: 0.956
Training epoch 3 | loss: 0.00739 - accuracy: 0.99156
Validating epoch 3 | loss: 0.1651 - accuracy: 0.955
Model is Bert, dataset is subj, undersample is False, aug mode is trans, geo is 0.3, pct_usage is None, small_label is 0, small_prop is 0.9, balance_seed is 1
Training epoch 0 | loss: 0.06665 - accuracy: 0.89389
Validating epoch 0 | loss: 0.14533 - accuracy: 0.951
Training epoch 1 | loss: 0.02774 - accuracy: 0.96111
Validating epoch 1 | loss: 0.1218 - accuracy: 0.962
Training epoch 2 | loss: 0.01413 - accuracy: 0.98022
Validating epoch 2 | loss: 0.14778 - accuracy: 0.955
Training epoch 3 | loss: 0.00754 - accuracy: 0.99011
Validating epoch 3 | loss: 0.17416 - accuracy: 0.953
Model is Bert, dataset is subj, undersample is False, aug mode is trans, geo is 0.4, pct_usage is None, small_label is 0, small_prop is 0.9, balance_seed is 1
Training epoch 0 | loss: 0.06531 - accuracy: 0.89089
Validating epoch 0 | loss: 0.14334 - accuracy: 0.955
Training epoch 1 | loss: 0.0256 - accuracy: 0.96578
Validating epoch 1 | loss: 0.11881 - accuracy: 0.961
Training epoch 2 | loss: 0.01287 - accuracy: 0.98389
Validating epoch 2 | loss: 0.1323 - accuracy: 0.96
Training epoch 3 | loss: 0.00616 - accuracy: 0.99178
Validating epoch 3 | loss: 0.15678 - accuracy: 0.957
Model is Bert, dataset is subj, undersample is False, aug mode is None, geo is 0.5, pct_usage is None, small_label is 1, small_prop is 0.9, balance_seed is 1
Training epoch 0 | loss: 0.05781 - accuracy: 0.90956
Validating epoch 0 | loss: 0.13188 - accuracy: 0.949
Training epoch 1 | loss: 0.01547 - accuracy: 0.981
Validating epoch 1 | loss: 0.1133 - accuracy: 0.965
Training epoch 2 | loss: 0.00407 - accuracy: 0.99611
Validating epoch 2 | loss: 0.14825 - accuracy: 0.961
Training epoch 3 | loss: 0.00131 - accuracy: 0.99889
Validating epoch 3 | loss: 0.1476 - accuracy: 0.968
Model is Bert, dataset is subj, undersample is True, aug mode is None, geo is 0.5, pct_usage is None, small_label is 1, small_prop is 0.9, balance_seed is 1
Training epoch 0 | loss: 0.06121 - accuracy: 0.89988
Validating epoch 0 | loss: 0.11636 - accuracy: 0.963
Training epoch 1 | loss: 0.01897 - accuracy: 0.97617
Validating epoch 1 | loss: 0.10751 - accuracy: 0.968
Training epoch 2 | loss: 0.00531 - accuracy: 0.99407
Validating epoch 2 | loss: 0.13009 - accuracy: 0.97
Training epoch 3 | loss: 0.00182 - accuracy: 0.9984
Validating epoch 3 | loss: 0.14178 - accuracy: 0.968
Model is Bert, dataset is subj, undersample is False, aug mode is trans, geo is 0.1, pct_usage is None, small_label is 1, small_prop is 0.9, balance_seed is 1
Training epoch 0 | loss: 0.06117 - accuracy: 0.89756
Validating epoch 0 | loss: 0.17176 - accuracy: 0.937
Training epoch 1 | loss: 0.02403 - accuracy: 0.96667
Validating epoch 1 | loss: 0.11195 - accuracy: 0.961
Training epoch 2 | loss: 0.01254 - accuracy: 0.98411
Validating epoch 2 | loss: 0.10573 - accuracy: 0.964
Training epoch 3 | loss: 0.00705 - accuracy: 0.99211
Validating epoch 3 | loss: 0.12299 - accuracy: 0.964
Model is Bert, dataset is subj, undersample is False, aug mode is trans, geo is 0.2, pct_usage is None, small_label is 1, small_prop is 0.9, balance_seed is 1
Training epoch 0 | loss: 0.06049 - accuracy: 0.90267
Validating epoch 0 | loss: 0.11828 - accuracy: 0.959
Training epoch 1 | loss: 0.01982 - accuracy: 0.97156
Validating epoch 1 | loss: 0.11762 - accuracy: 0.963
Training epoch 2 | loss: 0.01047 - accuracy: 0.98778
Validating epoch 2 | loss: 0.13627 - accuracy: 0.958
Training epoch 3 | loss: 0.00479 - accuracy: 0.994
Validating epoch 3 | loss: 0.17475 - accuracy: 0.955
Model is Bert, dataset is subj, undersample is False, aug mode is trans, geo is 0.3, pct_usage is None, small_label is 1, small_prop is 0.9, balance_seed is 1
Training epoch 0 | loss: 0.0617 - accuracy: 0.897
Validating epoch 0 | loss: 0.12458 - accuracy: 0.953
Training epoch 1 | loss: 0.0204 - accuracy: 0.97122
Validating epoch 1 | loss: 0.11173 - accuracy: 0.965
Training epoch 2 | loss: 0.011 - accuracy: 0.98522
Validating epoch 2 | loss: 0.12037 - accuracy: 0.966
Training epoch 3 | loss: 0.00446 - accuracy: 0.99478
Validating epoch 3 | loss: 0.15059 - accuracy: 0.957
Model is Bert, dataset is subj, undersample is False, aug mode is trans, geo is 0.4, pct_usage is None, small_label is 1, small_prop is 0.9, balance_seed is 1
Training epoch 0 | loss: 0.06364 - accuracy: 0.89467
Validating epoch 0 | loss: 0.11074 - accuracy: 0.966
Training epoch 1 | loss: 0.0221 - accuracy: 0.96833
Validating epoch 1 | loss: 0.10108 - accuracy: 0.968
Training epoch 2 | loss: 0.00867 - accuracy: 0.99
Validating epoch 2 | loss: 0.13545 - accuracy: 0.962
Training epoch 3 | loss: 0.00423 - accuracy: 0.99522
Validating epoch 3 | loss: 0.13873 - accuracy: 0.966
