INFO:RnnAgent:Aug mode is None, geo is 0.5, small_label is 0 small_prop is 0.5
INFO:RnnAgent:Training epoch 0 | loss: 0.66986 - accuracy: 0.57789
INFO:RnnAgent:Validating epoch 0 | loss: 0.57399 - accuracy: 0.76261
INFO:RnnAgent:Training epoch 1 | loss: 0.53195 - accuracy: 0.77775
INFO:RnnAgent:Validating epoch 1 | loss: 0.53321 - accuracy: 0.76606
INFO:RnnAgent:Training epoch 2 | loss: 0.49929 - accuracy: 0.80549
INFO:RnnAgent:Validating epoch 2 | loss: 0.52515 - accuracy: 0.77752
INFO:RnnAgent:Training epoch 3 | loss: 0.48091 - accuracy: 0.82775
INFO:RnnAgent:Validating epoch 3 | loss: 0.51941 - accuracy: 0.78899
INFO:RnnAgent:Training epoch 4 | loss: 0.48393 - accuracy: 0.82471
INFO:RnnAgent:Validating epoch 4 | loss: 0.5206 - accuracy: 0.78899
INFO:RnnAgent:Training epoch 5 | loss: 0.4602 - accuracy: 0.84884
INFO:RnnAgent:Validating epoch 5 | loss: 0.52259 - accuracy: 0.7844
INFO:RnnAgent:Training epoch 6 | loss: 0.46014 - accuracy: 0.85217
INFO:RnnAgent:Validating epoch 6 | loss: 0.50841 - accuracy: 0.79931
INFO:RnnAgent:Training epoch 7 | loss: 0.45809 - accuracy: 0.85014
INFO:RnnAgent:Validating epoch 7 | loss: 0.50696 - accuracy: 0.8039
INFO:RnnAgent:Training epoch 8 | loss: 0.47052 - accuracy: 0.83584
INFO:RnnAgent:Validating epoch 8 | loss: 0.50862 - accuracy: 0.79587
INFO:RnnAgent:Training epoch 9 | loss: 0.44927 - accuracy: 0.86228
INFO:RnnAgent:Validating epoch 9 | loss: 0.5117 - accuracy: 0.80046
INFO:RnnAgent:Training epoch 10 | loss: 0.45169 - accuracy: 0.85751
INFO:RnnAgent:Validating epoch 10 | loss: 0.51134 - accuracy: 0.79587
INFO:RnnAgent:Training epoch 11 | loss: 0.43717 - accuracy: 0.87442
INFO:RnnAgent:Validating epoch 11 | loss: 0.51863 - accuracy: 0.78899
INFO:RnnAgent:Training epoch 12 | loss: 0.42587 - accuracy: 0.8841
INFO:RnnAgent:Validating epoch 12 | loss: 0.51293 - accuracy: 0.79358
INFO:RnnAgent:Training epoch 13 | loss: 0.41997 - accuracy: 0.89046
INFO:RnnAgent:Validating epoch 13 | loss: 0.5199 - accuracy: 0.79358
INFO:RnnAgent:Training epoch 14 | loss: 0.41648 - accuracy: 0.89436
INFO:RnnAgent:Validating epoch 14 | loss: 0.51667 - accuracy: 0.79472
INFO:RnnAgent:Training epoch 15 | loss: 0.41385 - accuracy: 0.89827
INFO:RnnAgent:Validating epoch 15 | loss: 0.51317 - accuracy: 0.79702
INFO:RnnAgent:Training epoch 16 | loss: 0.41288 - accuracy: 0.9026
INFO:RnnAgent:Validating epoch 16 | loss: 0.51011 - accuracy: 0.79931
INFO:RnnAgent:Training epoch 17 | loss: 0.41291 - accuracy: 0.89711
INFO:RnnAgent:Validating epoch 17 | loss: 0.51569 - accuracy: 0.79817
INFO:RnnAgent:Training epoch 18 | loss: 0.41301 - accuracy: 0.90231
INFO:RnnAgent:Validating epoch 18 | loss: 0.52039 - accuracy: 0.79243
INFO:RnnAgent:Training epoch 19 | loss: 0.40475 - accuracy: 0.90737
INFO:RnnAgent:Validating epoch 19 | loss: 0.5251 - accuracy: 0.7844
INFO:RnnAgent:Training epoch 20 | loss: 0.41035 - accuracy: 0.90217
INFO:RnnAgent:Validating epoch 20 | loss: 0.51344 - accuracy: 0.79817
INFO:RnnAgent:Training epoch 21 | loss: 0.41044 - accuracy: 0.89957
INFO:RnnAgent:Validating epoch 21 | loss: 0.52071 - accuracy: 0.78784
INFO:RnnAgent:Training epoch 22 | loss: 0.39814 - accuracy: 0.91734
INFO:RnnAgent:Validating epoch 22 | loss: 0.50583 - accuracy: 0.80619
INFO:RnnAgent:Training epoch 23 | loss: 0.38899 - accuracy: 0.9224
INFO:RnnAgent:Validating epoch 23 | loss: 0.51689 - accuracy: 0.79472
INFO:RnnAgent:Training epoch 24 | loss: 0.39126 - accuracy: 0.92254
INFO:RnnAgent:Validating epoch 24 | loss: 0.51249 - accuracy: 0.80046
INFO:RnnAgent:Training epoch 25 | loss: 0.38952 - accuracy: 0.92211
INFO:RnnAgent:Validating epoch 25 | loss: 0.52333 - accuracy: 0.79358
INFO:RnnAgent:Training epoch 26 | loss: 0.38603 - accuracy: 0.92572
INFO:RnnAgent:Validating epoch 26 | loss: 0.52186 - accuracy: 0.78899
INFO:RnnAgent:Training epoch 27 | loss: 0.40084 - accuracy: 0.91185
INFO:RnnAgent:Validating epoch 27 | loss: 0.50239 - accuracy: 0.80963
INFO:RnnAgent:Training epoch 28 | loss: 0.38999 - accuracy: 0.92543
INFO:RnnAgent:Validating epoch 28 | loss: 0.5093 - accuracy: 0.79931
INFO:RnnAgent:Training epoch 29 | loss: 0.37955 - accuracy: 0.93237
INFO:RnnAgent:Validating epoch 29 | loss: 0.50211 - accuracy: 0.80963
INFO:RnnAgent:Training epoch 30 | loss: 0.38317 - accuracy: 0.93064
INFO:RnnAgent:Validating epoch 30 | loss: 0.51283 - accuracy: 0.79931
INFO:RnnAgent:Training epoch 31 | loss: 0.38049 - accuracy: 0.93107
INFO:RnnAgent:Validating epoch 31 | loss: 0.49948 - accuracy: 0.80963
INFO:RnnAgent:Training epoch 32 | loss: 0.38214 - accuracy: 0.93035
INFO:RnnAgent:Validating epoch 32 | loss: 0.50162 - accuracy: 0.80963
INFO:RnnAgent:Training epoch 33 | loss: 0.40959 - accuracy: 0.90332
INFO:RnnAgent:Validating epoch 33 | loss: 0.5198 - accuracy: 0.79128
INFO:RnnAgent:Training epoch 34 | loss: 0.39038 - accuracy: 0.92038
INFO:RnnAgent:Validating epoch 34 | loss: 0.50395 - accuracy: 0.80734
INFO:RnnAgent:Training epoch 35 | loss: 0.38023 - accuracy: 0.93382
INFO:RnnAgent:Validating epoch 35 | loss: 0.49663 - accuracy: 0.81766
INFO:RnnAgent:Training epoch 36 | loss: 0.37807 - accuracy: 0.93497
INFO:RnnAgent:Validating epoch 36 | loss: 0.50922 - accuracy: 0.80275
INFO:RnnAgent:Training epoch 37 | loss: 0.37945 - accuracy: 0.93656
INFO:RnnAgent:Validating epoch 37 | loss: 0.51015 - accuracy: 0.80046
INFO:RnnAgent:Training epoch 38 | loss: 0.37405 - accuracy: 0.93728
INFO:RnnAgent:Validating epoch 38 | loss: 0.50738 - accuracy: 0.8039
INFO:RnnAgent:Training epoch 39 | loss: 0.37364 - accuracy: 0.93844
INFO:RnnAgent:Validating epoch 39 | loss: 0.50736 - accuracy: 0.80275
INFO:RnnAgent:Training epoch 40 | loss: 0.37689 - accuracy: 0.93454
INFO:RnnAgent:Validating epoch 40 | loss: 0.50959 - accuracy: 0.79931
INFO:RnnAgent:Training epoch 41 | loss: 0.37577 - accuracy: 0.93642
INFO:RnnAgent:Validating epoch 41 | loss: 0.5077 - accuracy: 0.80619
INFO:RnnAgent:Training epoch 42 | loss: 0.37095 - accuracy: 0.9409
INFO:RnnAgent:Validating epoch 42 | loss: 0.50326 - accuracy: 0.80849
INFO:RnnAgent:Training epoch 43 | loss: 0.37584 - accuracy: 0.93844
INFO:RnnAgent:Validating epoch 43 | loss: 0.51161 - accuracy: 0.80046
INFO:RnnAgent:Training epoch 44 | loss: 0.38269 - accuracy: 0.9289
INFO:RnnAgent:Validating epoch 44 | loss: 0.54714 - accuracy: 0.76835
INFO:RnnAgent:Training epoch 45 | loss: 0.37866 - accuracy: 0.93309
INFO:RnnAgent:Validating epoch 45 | loss: 0.53671 - accuracy: 0.77523
INFO:RnnAgent:Training epoch 46 | loss: 0.38337 - accuracy: 0.92803
INFO:RnnAgent:Validating epoch 46 | loss: 0.50886 - accuracy: 0.8039
INFO:RnnAgent:Training epoch 47 | loss: 0.37033 - accuracy: 0.94176
INFO:RnnAgent:Validating epoch 47 | loss: 0.50807 - accuracy: 0.8039
INFO:RnnAgent:Training epoch 48 | loss: 0.36706 - accuracy: 0.94538
INFO:RnnAgent:Validating epoch 48 | loss: 0.51088 - accuracy: 0.79817
INFO:RnnAgent:Training epoch 49 | loss: 0.37628 - accuracy: 0.94205
INFO:RnnAgent:Validating epoch 49 | loss: 0.51603 - accuracy: 0.79472
INFO:RnnAgent:Aug mode is synonym, geo is 0.1, small_label is 0 small_prop is 0.5
INFO:RnnAgent:Training epoch 0 | loss: 0.63679 - accuracy: 0.65925
INFO:RnnAgent:Validating epoch 0 | loss: 0.54998 - accuracy: 0.76376
INFO:RnnAgent:Training epoch 1 | loss: 0.49588 - accuracy: 0.81272
INFO:RnnAgent:Validating epoch 1 | loss: 0.55869 - accuracy: 0.75229
INFO:RnnAgent:Training epoch 2 | loss: 0.47228 - accuracy: 0.83873
INFO:RnnAgent:Validating epoch 2 | loss: 0.60419 - accuracy: 0.70298
INFO:RnnAgent:Training epoch 3 | loss: 0.47316 - accuracy: 0.83309
INFO:RnnAgent:Validating epoch 3 | loss: 0.55331 - accuracy: 0.74541
INFO:RnnAgent:Training epoch 4 | loss: 0.45043 - accuracy: 0.85708
INFO:RnnAgent:Validating epoch 4 | loss: 0.52408 - accuracy: 0.7844
INFO:RnnAgent:Training epoch 5 | loss: 0.43938 - accuracy: 0.86734
INFO:RnnAgent:Validating epoch 5 | loss: 0.53322 - accuracy: 0.77179
INFO:RnnAgent:Training epoch 6 | loss: 0.43619 - accuracy: 0.87225
INFO:RnnAgent:Validating epoch 6 | loss: 0.56418 - accuracy: 0.74197
INFO:RnnAgent:Training epoch 7 | loss: 0.42626 - accuracy: 0.88251
INFO:RnnAgent:Validating epoch 7 | loss: 0.57975 - accuracy: 0.72592
INFO:RnnAgent:Training epoch 8 | loss: 0.4286 - accuracy: 0.88382
INFO:RnnAgent:Validating epoch 8 | loss: 0.50984 - accuracy: 0.79587
INFO:RnnAgent:Training epoch 9 | loss: 0.41912 - accuracy: 0.88931
INFO:RnnAgent:Validating epoch 9 | loss: 0.53633 - accuracy: 0.77294
INFO:RnnAgent:Training epoch 10 | loss: 0.40787 - accuracy: 0.9013
INFO:RnnAgent:Validating epoch 10 | loss: 0.57432 - accuracy: 0.73165
INFO:RnnAgent:Training epoch 11 | loss: 0.44032 - accuracy: 0.87095
INFO:RnnAgent:Validating epoch 11 | loss: 0.61355 - accuracy: 0.69495
INFO:RnnAgent:Training epoch 12 | loss: 0.41392 - accuracy: 0.9
INFO:RnnAgent:Validating epoch 12 | loss: 0.58425 - accuracy: 0.72592
INFO:RnnAgent:Training epoch 13 | loss: 0.40077 - accuracy: 0.90896
INFO:RnnAgent:Validating epoch 13 | loss: 0.53849 - accuracy: 0.76376
INFO:RnnAgent:Training epoch 14 | loss: 0.39839 - accuracy: 0.91301
INFO:RnnAgent:Validating epoch 14 | loss: 0.55516 - accuracy: 0.75229
INFO:RnnAgent:Training epoch 15 | loss: 0.391 - accuracy: 0.91691
INFO:RnnAgent:Validating epoch 15 | loss: 0.51704 - accuracy: 0.79243
INFO:RnnAgent:Training epoch 16 | loss: 0.38444 - accuracy: 0.92673
INFO:RnnAgent:Validating epoch 16 | loss: 0.52017 - accuracy: 0.78784
INFO:RnnAgent:Training epoch 17 | loss: 0.38393 - accuracy: 0.92702
INFO:RnnAgent:Validating epoch 17 | loss: 0.51412 - accuracy: 0.79472
INFO:RnnAgent:Training epoch 18 | loss: 0.38872 - accuracy: 0.92529
INFO:RnnAgent:Validating epoch 18 | loss: 0.50598 - accuracy: 0.80505
INFO:RnnAgent:Training epoch 19 | loss: 0.39391 - accuracy: 0.92038
INFO:RnnAgent:Validating epoch 19 | loss: 0.52128 - accuracy: 0.79128
INFO:RnnAgent:Training epoch 20 | loss: 0.3739 - accuracy: 0.93772
INFO:RnnAgent:Validating epoch 20 | loss: 0.54518 - accuracy: 0.76261
INFO:RnnAgent:Training epoch 21 | loss: 0.38057 - accuracy: 0.93049
INFO:RnnAgent:Validating epoch 21 | loss: 0.49447 - accuracy: 0.81422
INFO:RnnAgent:Training epoch 22 | loss: 0.37447 - accuracy: 0.9396
INFO:RnnAgent:Validating epoch 22 | loss: 0.52567 - accuracy: 0.78784
INFO:RnnAgent:Training epoch 23 | loss: 0.37847 - accuracy: 0.93266
INFO:RnnAgent:Validating epoch 23 | loss: 0.52346 - accuracy: 0.78555
INFO:RnnAgent:Training epoch 24 | loss: 0.37207 - accuracy: 0.94075
INFO:RnnAgent:Validating epoch 24 | loss: 0.5415 - accuracy: 0.76032
INFO:RnnAgent:Training epoch 25 | loss: 0.36908 - accuracy: 0.94277
INFO:RnnAgent:Validating epoch 25 | loss: 0.5263 - accuracy: 0.78211
INFO:RnnAgent:Training epoch 26 | loss: 0.36608 - accuracy: 0.94465
INFO:RnnAgent:Validating epoch 26 | loss: 0.58545 - accuracy: 0.72248
INFO:RnnAgent:Training epoch 27 | loss: 0.37203 - accuracy: 0.94061
INFO:RnnAgent:Validating epoch 27 | loss: 0.52527 - accuracy: 0.78555
INFO:RnnAgent:Training epoch 28 | loss: 0.36309 - accuracy: 0.94957
INFO:RnnAgent:Validating epoch 28 | loss: 0.49435 - accuracy: 0.81881
INFO:RnnAgent:Training epoch 29 | loss: 0.37347 - accuracy: 0.93786
INFO:RnnAgent:Validating epoch 29 | loss: 0.55999 - accuracy: 0.74885
INFO:RnnAgent:Training epoch 30 | loss: 0.37346 - accuracy: 0.93974
INFO:RnnAgent:Validating epoch 30 | loss: 0.55133 - accuracy: 0.76032
INFO:RnnAgent:Training epoch 31 | loss: 0.37126 - accuracy: 0.94061
INFO:RnnAgent:Validating epoch 31 | loss: 0.52483 - accuracy: 0.7867
INFO:RnnAgent:Training epoch 32 | loss: 0.36794 - accuracy: 0.94754
INFO:RnnAgent:Validating epoch 32 | loss: 0.5127 - accuracy: 0.80275
INFO:RnnAgent:Training epoch 33 | loss: 0.36023 - accuracy: 0.95347
INFO:RnnAgent:Validating epoch 33 | loss: 0.51093 - accuracy: 0.80046
INFO:RnnAgent:Training epoch 34 | loss: 0.36021 - accuracy: 0.9513
INFO:RnnAgent:Validating epoch 34 | loss: 0.5176 - accuracy: 0.79358
INFO:RnnAgent:Training epoch 35 | loss: 0.3552 - accuracy: 0.95636
INFO:RnnAgent:Validating epoch 35 | loss: 0.52276 - accuracy: 0.7867
INFO:RnnAgent:Training epoch 36 | loss: 0.35015 - accuracy: 0.96257
INFO:RnnAgent:Validating epoch 36 | loss: 0.53583 - accuracy: 0.77294
INFO:RnnAgent:Training epoch 37 | loss: 0.35547 - accuracy: 0.95882
INFO:RnnAgent:Validating epoch 37 | loss: 0.52062 - accuracy: 0.79014
INFO:RnnAgent:Training epoch 38 | loss: 0.35363 - accuracy: 0.96098
INFO:RnnAgent:Validating epoch 38 | loss: 0.51009 - accuracy: 0.80275
INFO:RnnAgent:Training epoch 39 | loss: 0.35199 - accuracy: 0.96228
INFO:RnnAgent:Validating epoch 39 | loss: 0.50912 - accuracy: 0.80505
INFO:RnnAgent:Training epoch 40 | loss: 0.35155 - accuracy: 0.96069
INFO:RnnAgent:Validating epoch 40 | loss: 0.5168 - accuracy: 0.79817
INFO:RnnAgent:Training epoch 41 | loss: 0.36869 - accuracy: 0.94436
INFO:RnnAgent:Validating epoch 41 | loss: 0.52685 - accuracy: 0.78211
INFO:RnnAgent:Training epoch 42 | loss: 0.35949 - accuracy: 0.95202
INFO:RnnAgent:Validating epoch 42 | loss: 0.49712 - accuracy: 0.81307
INFO:RnnAgent:Training epoch 43 | loss: 0.34725 - accuracy: 0.96532
INFO:RnnAgent:Validating epoch 43 | loss: 0.5108 - accuracy: 0.80046
INFO:RnnAgent:Training epoch 44 | loss: 0.34798 - accuracy: 0.96416
INFO:RnnAgent:Validating epoch 44 | loss: 0.5206 - accuracy: 0.79243
INFO:RnnAgent:Training epoch 45 | loss: 0.34846 - accuracy: 0.96373
INFO:RnnAgent:Validating epoch 45 | loss: 0.50836 - accuracy: 0.80161
INFO:RnnAgent:Training epoch 46 | loss: 0.34726 - accuracy: 0.96517
INFO:RnnAgent:Validating epoch 46 | loss: 0.50661 - accuracy: 0.80505
INFO:RnnAgent:Training epoch 47 | loss: 0.34421 - accuracy: 0.96821
INFO:RnnAgent:Validating epoch 47 | loss: 0.50628 - accuracy: 0.80505
INFO:RnnAgent:Training epoch 48 | loss: 0.34618 - accuracy: 0.96662
INFO:RnnAgent:Validating epoch 48 | loss: 0.50954 - accuracy: 0.80046
INFO:RnnAgent:Training epoch 49 | loss: 0.34985 - accuracy: 0.96243
INFO:RnnAgent:Validating epoch 49 | loss: 0.51069 - accuracy: 0.80046
INFO:RnnAgent:Aug mode is synonym, geo is 0.3, small_label is 0 small_prop is 0.5
INFO:RnnAgent:Training epoch 0 | loss: 0.65401 - accuracy: 0.61474
INFO:RnnAgent:Validating epoch 0 | loss: 0.5585 - accuracy: 0.75459
INFO:RnnAgent:Training epoch 1 | loss: 0.52986 - accuracy: 0.7763
INFO:RnnAgent:Validating epoch 1 | loss: 0.526 - accuracy: 0.78326
INFO:RnnAgent:Training epoch 2 | loss: 0.53337 - accuracy: 0.77283
INFO:RnnAgent:Validating epoch 2 | loss: 0.5307 - accuracy: 0.77408
INFO:RnnAgent:Training epoch 3 | loss: 0.49573 - accuracy: 0.80535
INFO:RnnAgent:Validating epoch 3 | loss: 0.51916 - accuracy: 0.79014
INFO:RnnAgent:Training epoch 4 | loss: 0.48761 - accuracy: 0.82153
INFO:RnnAgent:Validating epoch 4 | loss: 0.51079 - accuracy: 0.79587
INFO:RnnAgent:Training epoch 5 | loss: 0.47212 - accuracy: 0.83497
INFO:RnnAgent:Validating epoch 5 | loss: 0.50947 - accuracy: 0.79931
INFO:RnnAgent:Training epoch 6 | loss: 0.46022 - accuracy: 0.85145
INFO:RnnAgent:Validating epoch 6 | loss: 0.50928 - accuracy: 0.79587
INFO:RnnAgent:Training epoch 7 | loss: 0.46179 - accuracy: 0.84624
INFO:RnnAgent:Validating epoch 7 | loss: 0.50876 - accuracy: 0.79817
INFO:RnnAgent:Training epoch 8 | loss: 0.4491 - accuracy: 0.86127
INFO:RnnAgent:Validating epoch 8 | loss: 0.52148 - accuracy: 0.7867
INFO:RnnAgent:Training epoch 9 | loss: 0.44721 - accuracy: 0.85983
INFO:RnnAgent:Validating epoch 9 | loss: 0.50642 - accuracy: 0.80505
INFO:RnnAgent:Training epoch 10 | loss: 0.44439 - accuracy: 0.86517
INFO:RnnAgent:Validating epoch 10 | loss: 0.50648 - accuracy: 0.80275
INFO:RnnAgent:Training epoch 11 | loss: 0.43906 - accuracy: 0.86994
INFO:RnnAgent:Validating epoch 11 | loss: 0.53425 - accuracy: 0.77179
INFO:RnnAgent:Training epoch 12 | loss: 0.43384 - accuracy: 0.87731
INFO:RnnAgent:Validating epoch 12 | loss: 0.50048 - accuracy: 0.81193
INFO:RnnAgent:Training epoch 13 | loss: 0.43463 - accuracy: 0.87399
INFO:RnnAgent:Validating epoch 13 | loss: 0.57283 - accuracy: 0.73509
INFO:RnnAgent:Training epoch 14 | loss: 0.44039 - accuracy: 0.8672
INFO:RnnAgent:Validating epoch 14 | loss: 0.52492 - accuracy: 0.78555
INFO:RnnAgent:Training epoch 15 | loss: 0.43312 - accuracy: 0.8776
INFO:RnnAgent:Validating epoch 15 | loss: 0.51168 - accuracy: 0.79817
INFO:RnnAgent:Training epoch 16 | loss: 0.42307 - accuracy: 0.88483
INFO:RnnAgent:Validating epoch 16 | loss: 0.51483 - accuracy: 0.79817
INFO:RnnAgent:Training epoch 17 | loss: 0.41433 - accuracy: 0.89812
INFO:RnnAgent:Validating epoch 17 | loss: 0.51928 - accuracy: 0.79587
INFO:RnnAgent:Training epoch 18 | loss: 0.41845 - accuracy: 0.89581
INFO:RnnAgent:Validating epoch 18 | loss: 0.50535 - accuracy: 0.80161
INFO:RnnAgent:Training epoch 19 | loss: 0.40554 - accuracy: 0.90578
INFO:RnnAgent:Validating epoch 19 | loss: 0.49987 - accuracy: 0.81078
INFO:RnnAgent:Training epoch 20 | loss: 0.42512 - accuracy: 0.88887
INFO:RnnAgent:Validating epoch 20 | loss: 0.50234 - accuracy: 0.80505
INFO:RnnAgent:Training epoch 21 | loss: 0.41253 - accuracy: 0.90072
INFO:RnnAgent:Validating epoch 21 | loss: 0.49793 - accuracy: 0.80963
INFO:RnnAgent:Training epoch 22 | loss: 0.39981 - accuracy: 0.91344
INFO:RnnAgent:Validating epoch 22 | loss: 0.49688 - accuracy: 0.81422
INFO:RnnAgent:Training epoch 23 | loss: 0.39989 - accuracy: 0.90954
INFO:RnnAgent:Validating epoch 23 | loss: 0.50269 - accuracy: 0.80734
INFO:RnnAgent:Training epoch 24 | loss: 0.3917 - accuracy: 0.91994
INFO:RnnAgent:Validating epoch 24 | loss: 0.4988 - accuracy: 0.80963
INFO:RnnAgent:Training epoch 25 | loss: 0.39108 - accuracy: 0.92038
INFO:RnnAgent:Validating epoch 25 | loss: 0.5041 - accuracy: 0.80619
INFO:RnnAgent:Training epoch 26 | loss: 0.39748 - accuracy: 0.91503
INFO:RnnAgent:Validating epoch 26 | loss: 0.4987 - accuracy: 0.81193
INFO:RnnAgent:Training epoch 27 | loss: 0.38661 - accuracy: 0.92471
INFO:RnnAgent:Validating epoch 27 | loss: 0.49722 - accuracy: 0.81537
INFO:RnnAgent:Training epoch 28 | loss: 0.38562 - accuracy: 0.92803
INFO:RnnAgent:Validating epoch 28 | loss: 0.48893 - accuracy: 0.82225
INFO:RnnAgent:Training epoch 29 | loss: 0.43082 - accuracy: 0.88165
INFO:RnnAgent:Validating epoch 29 | loss: 0.50129 - accuracy: 0.81193
INFO:RnnAgent:Training epoch 30 | loss: 0.39622 - accuracy: 0.91387
INFO:RnnAgent:Validating epoch 30 | loss: 0.50465 - accuracy: 0.80275
INFO:RnnAgent:Training epoch 31 | loss: 0.38642 - accuracy: 0.92486
INFO:RnnAgent:Validating epoch 31 | loss: 0.50089 - accuracy: 0.80963
INFO:RnnAgent:Training epoch 32 | loss: 0.37796 - accuracy: 0.93396
INFO:RnnAgent:Validating epoch 32 | loss: 0.49326 - accuracy: 0.81881
INFO:RnnAgent:Training epoch 33 | loss: 0.37756 - accuracy: 0.9341
INFO:RnnAgent:Validating epoch 33 | loss: 0.49773 - accuracy: 0.81537
INFO:RnnAgent:Training epoch 34 | loss: 0.37882 - accuracy: 0.93295
INFO:RnnAgent:Validating epoch 34 | loss: 0.50955 - accuracy: 0.8039
INFO:RnnAgent:Training epoch 35 | loss: 0.37724 - accuracy: 0.93584
INFO:RnnAgent:Validating epoch 35 | loss: 0.4965 - accuracy: 0.81422
INFO:RnnAgent:Training epoch 36 | loss: 0.37449 - accuracy: 0.93699
INFO:RnnAgent:Validating epoch 36 | loss: 0.48734 - accuracy: 0.82339
INFO:RnnAgent:Training epoch 37 | loss: 0.37133 - accuracy: 0.9409
INFO:RnnAgent:Validating epoch 37 | loss: 0.50372 - accuracy: 0.80849
INFO:RnnAgent:Training epoch 38 | loss: 0.39251 - accuracy: 0.9224
INFO:RnnAgent:Validating epoch 38 | loss: 0.48895 - accuracy: 0.8211
INFO:RnnAgent:Training epoch 39 | loss: 0.37787 - accuracy: 0.93555
INFO:RnnAgent:Validating epoch 39 | loss: 0.49096 - accuracy: 0.8211
INFO:RnnAgent:Training epoch 40 | loss: 0.38404 - accuracy: 0.92702
INFO:RnnAgent:Validating epoch 40 | loss: 0.49535 - accuracy: 0.81537
INFO:RnnAgent:Training epoch 41 | loss: 0.37043 - accuracy: 0.94162
INFO:RnnAgent:Validating epoch 41 | loss: 0.49351 - accuracy: 0.81651
INFO:RnnAgent:Training epoch 42 | loss: 0.36702 - accuracy: 0.94754
INFO:RnnAgent:Validating epoch 42 | loss: 0.50017 - accuracy: 0.81193
INFO:RnnAgent:Training epoch 43 | loss: 0.47873 - accuracy: 0.83598
INFO:RnnAgent:Validating epoch 43 | loss: 0.5095 - accuracy: 0.80161
INFO:RnnAgent:Training epoch 44 | loss: 0.38192 - accuracy: 0.92818
INFO:RnnAgent:Validating epoch 44 | loss: 0.49283 - accuracy: 0.81766
INFO:RnnAgent:Training epoch 45 | loss: 0.37183 - accuracy: 0.93988
INFO:RnnAgent:Validating epoch 45 | loss: 0.5185 - accuracy: 0.79128
INFO:RnnAgent:Training epoch 46 | loss: 0.36862 - accuracy: 0.94379
INFO:RnnAgent:Validating epoch 46 | loss: 0.49085 - accuracy: 0.82339
INFO:RnnAgent:Training epoch 47 | loss: 0.37896 - accuracy: 0.93353
INFO:RnnAgent:Validating epoch 47 | loss: 0.5056 - accuracy: 0.80619
INFO:RnnAgent:Training epoch 48 | loss: 0.37719 - accuracy: 0.93396
INFO:RnnAgent:Validating epoch 48 | loss: 0.50417 - accuracy: 0.80619
INFO:RnnAgent:Training epoch 49 | loss: 0.3678 - accuracy: 0.94624
INFO:RnnAgent:Validating epoch 49 | loss: 0.51218 - accuracy: 0.79817
INFO:RnnAgent:Aug mode is synonym, geo is 0.5, small_label is 0 small_prop is 0.5
INFO:RnnAgent:Training epoch 0 | loss: 0.6549 - accuracy: 0.60997
INFO:RnnAgent:Validating epoch 0 | loss: 0.54867 - accuracy: 0.78096
INFO:RnnAgent:Training epoch 1 | loss: 0.53835 - accuracy: 0.76908
INFO:RnnAgent:Validating epoch 1 | loss: 0.53967 - accuracy: 0.76376
INFO:RnnAgent:Training epoch 2 | loss: 0.51032 - accuracy: 0.79147
INFO:RnnAgent:Validating epoch 2 | loss: 0.52046 - accuracy: 0.78555
INFO:RnnAgent:Training epoch 3 | loss: 0.497 - accuracy: 0.80621
INFO:RnnAgent:Validating epoch 3 | loss: 0.53193 - accuracy: 0.78211
INFO:RnnAgent:Training epoch 4 | loss: 0.48112 - accuracy: 0.82587
INFO:RnnAgent:Validating epoch 4 | loss: 0.51514 - accuracy: 0.7867
INFO:RnnAgent:Training epoch 5 | loss: 0.48024 - accuracy: 0.82832
INFO:RnnAgent:Validating epoch 5 | loss: 0.52115 - accuracy: 0.78326
INFO:RnnAgent:Training epoch 6 | loss: 0.46518 - accuracy: 0.8409
INFO:RnnAgent:Validating epoch 6 | loss: 0.50886 - accuracy: 0.80275
INFO:RnnAgent:Training epoch 7 | loss: 0.45266 - accuracy: 0.85636
INFO:RnnAgent:Validating epoch 7 | loss: 0.5084 - accuracy: 0.78784
INFO:RnnAgent:Training epoch 8 | loss: 0.44997 - accuracy: 0.85636
INFO:RnnAgent:Validating epoch 8 | loss: 0.52234 - accuracy: 0.79128
INFO:RnnAgent:Training epoch 9 | loss: 0.44663 - accuracy: 0.86647
INFO:RnnAgent:Validating epoch 9 | loss: 0.50923 - accuracy: 0.80275
INFO:RnnAgent:Training epoch 10 | loss: 0.43561 - accuracy: 0.87471
INFO:RnnAgent:Validating epoch 10 | loss: 0.52248 - accuracy: 0.7867
INFO:RnnAgent:Training epoch 11 | loss: 0.448 - accuracy: 0.86026
INFO:RnnAgent:Validating epoch 11 | loss: 0.50221 - accuracy: 0.80849
INFO:RnnAgent:Training epoch 12 | loss: 0.42804 - accuracy: 0.88367
INFO:RnnAgent:Validating epoch 12 | loss: 0.50252 - accuracy: 0.80963
INFO:RnnAgent:Training epoch 13 | loss: 0.44696 - accuracy: 0.86286
INFO:RnnAgent:Validating epoch 13 | loss: 0.50941 - accuracy: 0.79817
INFO:RnnAgent:Training epoch 14 | loss: 0.42417 - accuracy: 0.88772
INFO:RnnAgent:Validating epoch 14 | loss: 0.50708 - accuracy: 0.80161
INFO:RnnAgent:Training epoch 15 | loss: 0.41825 - accuracy: 0.89061
INFO:RnnAgent:Validating epoch 15 | loss: 0.50684 - accuracy: 0.80849
INFO:RnnAgent:Training epoch 16 | loss: 0.41203 - accuracy: 0.8987
INFO:RnnAgent:Validating epoch 16 | loss: 0.50579 - accuracy: 0.8039
INFO:RnnAgent:Training epoch 17 | loss: 0.41607 - accuracy: 0.89538
INFO:RnnAgent:Validating epoch 17 | loss: 0.50549 - accuracy: 0.80161
INFO:RnnAgent:Training epoch 18 | loss: 0.43689 - accuracy: 0.87413
INFO:RnnAgent:Validating epoch 18 | loss: 0.51448 - accuracy: 0.79014
INFO:RnnAgent:Training epoch 19 | loss: 0.42957 - accuracy: 0.87905
INFO:RnnAgent:Validating epoch 19 | loss: 0.51058 - accuracy: 0.80046
INFO:RnnAgent:Training epoch 20 | loss: 0.41361 - accuracy: 0.89841
INFO:RnnAgent:Validating epoch 20 | loss: 0.51164 - accuracy: 0.80046
INFO:RnnAgent:Training epoch 21 | loss: 0.40828 - accuracy: 0.90173
INFO:RnnAgent:Validating epoch 21 | loss: 0.50326 - accuracy: 0.80849
INFO:RnnAgent:Training epoch 22 | loss: 0.41098 - accuracy: 0.90101
INFO:RnnAgent:Validating epoch 22 | loss: 0.51741 - accuracy: 0.79128
INFO:RnnAgent:Training epoch 23 | loss: 0.41413 - accuracy: 0.89538
INFO:RnnAgent:Validating epoch 23 | loss: 0.50394 - accuracy: 0.8039
INFO:RnnAgent:Training epoch 24 | loss: 0.39405 - accuracy: 0.9172
INFO:RnnAgent:Validating epoch 24 | loss: 0.51007 - accuracy: 0.79931
INFO:RnnAgent:Training epoch 25 | loss: 0.3872 - accuracy: 0.92514
INFO:RnnAgent:Validating epoch 25 | loss: 0.51796 - accuracy: 0.79128
INFO:RnnAgent:Training epoch 26 | loss: 0.39482 - accuracy: 0.91821
INFO:RnnAgent:Validating epoch 26 | loss: 0.51564 - accuracy: 0.79587
INFO:RnnAgent:Training epoch 27 | loss: 0.38845 - accuracy: 0.92254
INFO:RnnAgent:Validating epoch 27 | loss: 0.51127 - accuracy: 0.79931
INFO:RnnAgent:Training epoch 28 | loss: 0.38229 - accuracy: 0.9289
INFO:RnnAgent:Validating epoch 28 | loss: 0.51122 - accuracy: 0.80161
INFO:RnnAgent:Training epoch 29 | loss: 0.39227 - accuracy: 0.9211
INFO:RnnAgent:Validating epoch 29 | loss: 0.50604 - accuracy: 0.80275
INFO:RnnAgent:Training epoch 30 | loss: 0.38779 - accuracy: 0.92688
INFO:RnnAgent:Validating epoch 30 | loss: 0.51181 - accuracy: 0.79931
INFO:RnnAgent:Training epoch 31 | loss: 0.38068 - accuracy: 0.93165
INFO:RnnAgent:Validating epoch 31 | loss: 0.51133 - accuracy: 0.79702
INFO:RnnAgent:Training epoch 32 | loss: 0.38074 - accuracy: 0.93555
INFO:RnnAgent:Validating epoch 32 | loss: 0.50814 - accuracy: 0.80505
INFO:RnnAgent:Training epoch 33 | loss: 0.37573 - accuracy: 0.93743
INFO:RnnAgent:Validating epoch 33 | loss: 0.51731 - accuracy: 0.79243
INFO:RnnAgent:Training epoch 34 | loss: 0.39045 - accuracy: 0.92543
INFO:RnnAgent:Validating epoch 34 | loss: 0.52397 - accuracy: 0.79014
INFO:RnnAgent:Training epoch 35 | loss: 0.37797 - accuracy: 0.93382
INFO:RnnAgent:Validating epoch 35 | loss: 0.51606 - accuracy: 0.79702
INFO:RnnAgent:Training epoch 36 | loss: 0.38152 - accuracy: 0.93251
INFO:RnnAgent:Validating epoch 36 | loss: 0.51174 - accuracy: 0.80046
INFO:RnnAgent:Training epoch 37 | loss: 0.38359 - accuracy: 0.92803
INFO:RnnAgent:Validating epoch 37 | loss: 0.50715 - accuracy: 0.80619
INFO:RnnAgent:Training epoch 38 | loss: 0.38473 - accuracy: 0.92558
INFO:RnnAgent:Validating epoch 38 | loss: 0.50931 - accuracy: 0.80161
INFO:RnnAgent:Training epoch 39 | loss: 0.38396 - accuracy: 0.93237
INFO:RnnAgent:Validating epoch 39 | loss: 0.50031 - accuracy: 0.81307
INFO:RnnAgent:Training epoch 40 | loss: 0.37226 - accuracy: 0.94176
INFO:RnnAgent:Validating epoch 40 | loss: 0.51981 - accuracy: 0.79014
INFO:RnnAgent:Training epoch 41 | loss: 0.37082 - accuracy: 0.94075
INFO:RnnAgent:Validating epoch 41 | loss: 0.51217 - accuracy: 0.79817
INFO:RnnAgent:Training epoch 42 | loss: 0.37517 - accuracy: 0.93555
INFO:RnnAgent:Validating epoch 42 | loss: 0.49822 - accuracy: 0.81537
INFO:RnnAgent:Training epoch 43 | loss: 0.37288 - accuracy: 0.93902
INFO:RnnAgent:Validating epoch 43 | loss: 0.52021 - accuracy: 0.78784
INFO:RnnAgent:Training epoch 44 | loss: 0.3724 - accuracy: 0.94162
INFO:RnnAgent:Validating epoch 44 | loss: 0.51193 - accuracy: 0.79931
INFO:RnnAgent:Training epoch 45 | loss: 0.36861 - accuracy: 0.94379
INFO:RnnAgent:Validating epoch 45 | loss: 0.51299 - accuracy: 0.79587
INFO:RnnAgent:Training epoch 46 | loss: 0.38125 - accuracy: 0.93136
INFO:RnnAgent:Validating epoch 46 | loss: 0.50651 - accuracy: 0.8039
INFO:RnnAgent:Training epoch 47 | loss: 0.37533 - accuracy: 0.93598
INFO:RnnAgent:Validating epoch 47 | loss: 0.51653 - accuracy: 0.79472
INFO:RnnAgent:Training epoch 48 | loss: 0.37278 - accuracy: 0.93858
INFO:RnnAgent:Validating epoch 48 | loss: 0.52061 - accuracy: 0.78899
INFO:RnnAgent:Training epoch 49 | loss: 0.3755 - accuracy: 0.93613
INFO:RnnAgent:Validating epoch 49 | loss: 0.52255 - accuracy: 0.78899
INFO:RnnAgent:Aug mode is synonym, geo is 0.7, small_label is 0 small_prop is 0.5
INFO:RnnAgent:Training epoch 0 | loss: 0.65868 - accuracy: 0.59971
INFO:RnnAgent:Validating epoch 0 | loss: 0.59742 - accuracy: 0.74541
INFO:RnnAgent:Training epoch 1 | loss: 0.55876 - accuracy: 0.75997
INFO:RnnAgent:Validating epoch 1 | loss: 0.52964 - accuracy: 0.77638
INFO:RnnAgent:Training epoch 2 | loss: 0.51643 - accuracy: 0.78699
INFO:RnnAgent:Validating epoch 2 | loss: 0.51085 - accuracy: 0.80046
INFO:RnnAgent:Training epoch 3 | loss: 0.50453 - accuracy: 0.80159
INFO:RnnAgent:Validating epoch 3 | loss: 0.5202 - accuracy: 0.79128
INFO:RnnAgent:Training epoch 4 | loss: 0.48993 - accuracy: 0.82038
INFO:RnnAgent:Validating epoch 4 | loss: 0.49886 - accuracy: 0.81307
INFO:RnnAgent:Training epoch 5 | loss: 0.48367 - accuracy: 0.82124
INFO:RnnAgent:Validating epoch 5 | loss: 0.49863 - accuracy: 0.80849
INFO:RnnAgent:Training epoch 6 | loss: 0.47495 - accuracy: 0.83064
INFO:RnnAgent:Validating epoch 6 | loss: 0.50332 - accuracy: 0.80275
INFO:RnnAgent:Training epoch 7 | loss: 0.46789 - accuracy: 0.84408
INFO:RnnAgent:Validating epoch 7 | loss: 0.52451 - accuracy: 0.78784
INFO:RnnAgent:Training epoch 8 | loss: 0.46616 - accuracy: 0.84422
INFO:RnnAgent:Validating epoch 8 | loss: 0.50698 - accuracy: 0.80161
INFO:RnnAgent:Training epoch 9 | loss: 0.45583 - accuracy: 0.85462
INFO:RnnAgent:Validating epoch 9 | loss: 0.50849 - accuracy: 0.79931
INFO:RnnAgent:Training epoch 10 | loss: 0.44718 - accuracy: 0.86604
INFO:RnnAgent:Validating epoch 10 | loss: 0.51472 - accuracy: 0.79587
INFO:RnnAgent:Training epoch 11 | loss: 0.4499 - accuracy: 0.86098
INFO:RnnAgent:Validating epoch 11 | loss: 0.51066 - accuracy: 0.79817
INFO:RnnAgent:Training epoch 12 | loss: 0.43793 - accuracy: 0.875
INFO:RnnAgent:Validating epoch 12 | loss: 0.50424 - accuracy: 0.80505
INFO:RnnAgent:Training epoch 13 | loss: 0.42637 - accuracy: 0.88569
INFO:RnnAgent:Validating epoch 13 | loss: 0.50417 - accuracy: 0.80619
INFO:RnnAgent:Training epoch 14 | loss: 0.42783 - accuracy: 0.88064
INFO:RnnAgent:Validating epoch 14 | loss: 0.501 - accuracy: 0.80849
INFO:RnnAgent:Training epoch 15 | loss: 0.4212 - accuracy: 0.8909
INFO:RnnAgent:Validating epoch 15 | loss: 0.49721 - accuracy: 0.81537
INFO:RnnAgent:Training epoch 16 | loss: 0.41563 - accuracy: 0.89451
INFO:RnnAgent:Validating epoch 16 | loss: 0.49973 - accuracy: 0.81193
INFO:RnnAgent:Training epoch 17 | loss: 0.4151 - accuracy: 0.89653
INFO:RnnAgent:Validating epoch 17 | loss: 0.51281 - accuracy: 0.79817
INFO:RnnAgent:Training epoch 18 | loss: 0.4082 - accuracy: 0.90303
INFO:RnnAgent:Validating epoch 18 | loss: 0.50736 - accuracy: 0.80161
INFO:RnnAgent:Training epoch 19 | loss: 0.40904 - accuracy: 0.90564
INFO:RnnAgent:Validating epoch 19 | loss: 0.50611 - accuracy: 0.80619
INFO:RnnAgent:Training epoch 20 | loss: 0.43445 - accuracy: 0.87919
INFO:RnnAgent:Validating epoch 20 | loss: 0.51949 - accuracy: 0.78899
INFO:RnnAgent:Training epoch 21 | loss: 0.43522 - accuracy: 0.88064
INFO:RnnAgent:Validating epoch 21 | loss: 0.50506 - accuracy: 0.80619
INFO:RnnAgent:Training epoch 22 | loss: 0.41115 - accuracy: 0.90188
INFO:RnnAgent:Validating epoch 22 | loss: 0.51298 - accuracy: 0.79931
INFO:RnnAgent:Training epoch 23 | loss: 0.40451 - accuracy: 0.9104
INFO:RnnAgent:Validating epoch 23 | loss: 0.50606 - accuracy: 0.79931
INFO:RnnAgent:Training epoch 24 | loss: 0.39681 - accuracy: 0.91488
INFO:RnnAgent:Validating epoch 24 | loss: 0.52627 - accuracy: 0.7867
INFO:RnnAgent:Training epoch 25 | loss: 0.39405 - accuracy: 0.91936
INFO:RnnAgent:Validating epoch 25 | loss: 0.51038 - accuracy: 0.80046
INFO:RnnAgent:Training epoch 26 | loss: 0.41222 - accuracy: 0.90072
INFO:RnnAgent:Validating epoch 26 | loss: 0.51499 - accuracy: 0.79358
INFO:RnnAgent:Training epoch 27 | loss: 0.40069 - accuracy: 0.91214
INFO:RnnAgent:Validating epoch 27 | loss: 0.50729 - accuracy: 0.8039
INFO:RnnAgent:Training epoch 28 | loss: 0.47916 - accuracy: 0.8315
INFO:RnnAgent:Validating epoch 28 | loss: 0.50921 - accuracy: 0.79817
INFO:RnnAgent:Training epoch 29 | loss: 0.419 - accuracy: 0.89321
INFO:RnnAgent:Validating epoch 29 | loss: 0.50871 - accuracy: 0.80046
INFO:RnnAgent:Training epoch 30 | loss: 0.39968 - accuracy: 0.91214
INFO:RnnAgent:Validating epoch 30 | loss: 0.50359 - accuracy: 0.80505
INFO:RnnAgent:Training epoch 31 | loss: 0.40217 - accuracy: 0.91301
INFO:RnnAgent:Validating epoch 31 | loss: 0.52795 - accuracy: 0.78555
INFO:RnnAgent:Training epoch 32 | loss: 0.42642 - accuracy: 0.88208
INFO:RnnAgent:Validating epoch 32 | loss: 0.49951 - accuracy: 0.81422
INFO:RnnAgent:Training epoch 33 | loss: 0.39838 - accuracy: 0.91286
INFO:RnnAgent:Validating epoch 33 | loss: 0.49958 - accuracy: 0.81307
INFO:RnnAgent:Training epoch 34 | loss: 0.39444 - accuracy: 0.9198
INFO:RnnAgent:Validating epoch 34 | loss: 0.49707 - accuracy: 0.81307
INFO:RnnAgent:Training epoch 35 | loss: 0.39314 - accuracy: 0.92052
INFO:RnnAgent:Validating epoch 35 | loss: 0.51839 - accuracy: 0.79243
INFO:RnnAgent:Training epoch 36 | loss: 0.39332 - accuracy: 0.92038
INFO:RnnAgent:Validating epoch 36 | loss: 0.51077 - accuracy: 0.79931
INFO:RnnAgent:Training epoch 37 | loss: 0.38278 - accuracy: 0.92847
INFO:RnnAgent:Validating epoch 37 | loss: 0.50448 - accuracy: 0.80619
INFO:RnnAgent:Training epoch 38 | loss: 0.38305 - accuracy: 0.92775
INFO:RnnAgent:Validating epoch 38 | loss: 0.50842 - accuracy: 0.80161
INFO:RnnAgent:Training epoch 39 | loss: 0.38966 - accuracy: 0.92616
INFO:RnnAgent:Validating epoch 39 | loss: 0.52364 - accuracy: 0.78899
INFO:RnnAgent:Training epoch 40 | loss: 0.38467 - accuracy: 0.92919
INFO:RnnAgent:Validating epoch 40 | loss: 0.51021 - accuracy: 0.80161
INFO:RnnAgent:Training epoch 41 | loss: 0.39281 - accuracy: 0.91821
INFO:RnnAgent:Validating epoch 41 | loss: 0.50496 - accuracy: 0.80963
INFO:RnnAgent:Training epoch 42 | loss: 0.38322 - accuracy: 0.92803
INFO:RnnAgent:Validating epoch 42 | loss: 0.50498 - accuracy: 0.80734
INFO:RnnAgent:Training epoch 43 | loss: 0.38047 - accuracy: 0.9315
INFO:RnnAgent:Validating epoch 43 | loss: 0.5066 - accuracy: 0.80734
INFO:RnnAgent:Training epoch 44 | loss: 0.37529 - accuracy: 0.93598
INFO:RnnAgent:Validating epoch 44 | loss: 0.51061 - accuracy: 0.80275
INFO:RnnAgent:Training epoch 45 | loss: 0.37208 - accuracy: 0.93988
INFO:RnnAgent:Validating epoch 45 | loss: 0.50132 - accuracy: 0.81078
INFO:RnnAgent:Training epoch 46 | loss: 0.37111 - accuracy: 0.9409
INFO:RnnAgent:Validating epoch 46 | loss: 0.51033 - accuracy: 0.80046
INFO:RnnAgent:Training epoch 47 | loss: 0.3815 - accuracy: 0.93165
INFO:RnnAgent:Validating epoch 47 | loss: 0.50925 - accuracy: 0.79931
INFO:RnnAgent:Training epoch 48 | loss: 0.38221 - accuracy: 0.92934
INFO:RnnAgent:Validating epoch 48 | loss: 0.50418 - accuracy: 0.80619
INFO:RnnAgent:Training epoch 49 | loss: 0.37543 - accuracy: 0.93873
INFO:RnnAgent:Validating epoch 49 | loss: 0.51038 - accuracy: 0.80046
INFO:RnnAgent:Aug mode is synonym, geo is 0.9, small_label is 0 small_prop is 0.5
INFO:RnnAgent:Training epoch 0 | loss: 0.65168 - accuracy: 0.61835
INFO:RnnAgent:Validating epoch 0 | loss: 0.55609 - accuracy: 0.76376
INFO:RnnAgent:Training epoch 1 | loss: 0.54247 - accuracy: 0.76474
INFO:RnnAgent:Validating epoch 1 | loss: 0.52669 - accuracy: 0.7844
INFO:RnnAgent:Training epoch 2 | loss: 0.51175 - accuracy: 0.79249
INFO:RnnAgent:Validating epoch 2 | loss: 0.51378 - accuracy: 0.79358
INFO:RnnAgent:Training epoch 3 | loss: 0.49299 - accuracy: 0.81431
INFO:RnnAgent:Validating epoch 3 | loss: 0.51989 - accuracy: 0.78899
INFO:RnnAgent:Training epoch 4 | loss: 0.48163 - accuracy: 0.82529
INFO:RnnAgent:Validating epoch 4 | loss: 0.53784 - accuracy: 0.77179
INFO:RnnAgent:Training epoch 5 | loss: 0.48226 - accuracy: 0.82934
INFO:RnnAgent:Validating epoch 5 | loss: 0.51518 - accuracy: 0.79817
INFO:RnnAgent:Training epoch 6 | loss: 0.47317 - accuracy: 0.83613
INFO:RnnAgent:Validating epoch 6 | loss: 0.51714 - accuracy: 0.79128
INFO:RnnAgent:Training epoch 7 | loss: 0.48108 - accuracy: 0.83049
INFO:RnnAgent:Validating epoch 7 | loss: 0.49805 - accuracy: 0.81193
INFO:RnnAgent:Training epoch 8 | loss: 0.4611 - accuracy: 0.85043
INFO:RnnAgent:Validating epoch 8 | loss: 0.51857 - accuracy: 0.79128
INFO:RnnAgent:Training epoch 9 | loss: 0.45533 - accuracy: 0.85621
INFO:RnnAgent:Validating epoch 9 | loss: 0.53007 - accuracy: 0.7867
INFO:RnnAgent:Training epoch 10 | loss: 0.44516 - accuracy: 0.86561
INFO:RnnAgent:Validating epoch 10 | loss: 0.53365 - accuracy: 0.77523
INFO:RnnAgent:Training epoch 11 | loss: 0.44845 - accuracy: 0.86199
INFO:RnnAgent:Validating epoch 11 | loss: 0.53247 - accuracy: 0.77638
INFO:RnnAgent:Training epoch 12 | loss: 0.48388 - accuracy: 0.82601
INFO:RnnAgent:Validating epoch 12 | loss: 0.51126 - accuracy: 0.79243
INFO:RnnAgent:Training epoch 13 | loss: 0.43704 - accuracy: 0.87312
INFO:RnnAgent:Validating epoch 13 | loss: 0.50769 - accuracy: 0.80619
INFO:RnnAgent:Training epoch 14 | loss: 0.43906 - accuracy: 0.87254
INFO:RnnAgent:Validating epoch 14 | loss: 0.49675 - accuracy: 0.81651
INFO:RnnAgent:Training epoch 15 | loss: 0.42515 - accuracy: 0.88454
INFO:RnnAgent:Validating epoch 15 | loss: 0.51963 - accuracy: 0.79014
INFO:RnnAgent:Training epoch 16 | loss: 0.42205 - accuracy: 0.88988
INFO:RnnAgent:Validating epoch 16 | loss: 0.5141 - accuracy: 0.79931
INFO:RnnAgent:Training epoch 17 | loss: 0.42489 - accuracy: 0.88396
INFO:RnnAgent:Validating epoch 17 | loss: 0.51016 - accuracy: 0.80046
INFO:RnnAgent:Training epoch 18 | loss: 0.42481 - accuracy: 0.88801
INFO:RnnAgent:Validating epoch 18 | loss: 0.49437 - accuracy: 0.81766
INFO:RnnAgent:Training epoch 19 | loss: 0.41752 - accuracy: 0.89566
INFO:RnnAgent:Validating epoch 19 | loss: 0.50377 - accuracy: 0.80734
INFO:RnnAgent:Training epoch 20 | loss: 0.41885 - accuracy: 0.89162
INFO:RnnAgent:Validating epoch 20 | loss: 0.53026 - accuracy: 0.78211
INFO:RnnAgent:Training epoch 21 | loss: 0.42289 - accuracy: 0.89205
INFO:RnnAgent:Validating epoch 21 | loss: 0.51301 - accuracy: 0.79931
INFO:RnnAgent:Training epoch 22 | loss: 0.40678 - accuracy: 0.90405
INFO:RnnAgent:Validating epoch 22 | loss: 0.52357 - accuracy: 0.78555
INFO:RnnAgent:Training epoch 23 | loss: 0.4121 - accuracy: 0.90101
INFO:RnnAgent:Validating epoch 23 | loss: 0.53817 - accuracy: 0.77408
INFO:RnnAgent:Training epoch 24 | loss: 0.41788 - accuracy: 0.89523
INFO:RnnAgent:Validating epoch 24 | loss: 0.49893 - accuracy: 0.80849
INFO:RnnAgent:Training epoch 25 | loss: 0.40735 - accuracy: 0.90361
INFO:RnnAgent:Validating epoch 25 | loss: 0.52209 - accuracy: 0.79014
INFO:RnnAgent:Training epoch 26 | loss: 0.40083 - accuracy: 0.90983
INFO:RnnAgent:Validating epoch 26 | loss: 0.52904 - accuracy: 0.7844
INFO:RnnAgent:Training epoch 27 | loss: 0.40143 - accuracy: 0.90925
INFO:RnnAgent:Validating epoch 27 | loss: 0.51604 - accuracy: 0.79817
INFO:RnnAgent:Training epoch 28 | loss: 0.40203 - accuracy: 0.91358
INFO:RnnAgent:Validating epoch 28 | loss: 0.50817 - accuracy: 0.80505
INFO:RnnAgent:Training epoch 29 | loss: 0.44296 - accuracy: 0.86835
INFO:RnnAgent:Validating epoch 29 | loss: 0.50032 - accuracy: 0.81307
INFO:RnnAgent:Training epoch 30 | loss: 0.40245 - accuracy: 0.91055
INFO:RnnAgent:Validating epoch 30 | loss: 0.50546 - accuracy: 0.80734
INFO:RnnAgent:Training epoch 31 | loss: 0.414 - accuracy: 0.89653
INFO:RnnAgent:Validating epoch 31 | loss: 0.51481 - accuracy: 0.79817
INFO:RnnAgent:Training epoch 32 | loss: 0.40156 - accuracy: 0.91257
INFO:RnnAgent:Validating epoch 32 | loss: 0.53412 - accuracy: 0.77752
INFO:RnnAgent:Training epoch 33 | loss: 0.45219 - accuracy: 0.8578
INFO:RnnAgent:Validating epoch 33 | loss: 0.52473 - accuracy: 0.78326
INFO:RnnAgent:Training epoch 34 | loss: 0.40339 - accuracy: 0.9078
INFO:RnnAgent:Validating epoch 34 | loss: 0.51319 - accuracy: 0.79472
INFO:RnnAgent:Training epoch 35 | loss: 0.39292 - accuracy: 0.91835
INFO:RnnAgent:Validating epoch 35 | loss: 0.52887 - accuracy: 0.78211
INFO:RnnAgent:Training epoch 36 | loss: 0.39586 - accuracy: 0.91575
INFO:RnnAgent:Validating epoch 36 | loss: 0.51837 - accuracy: 0.79587
INFO:RnnAgent:Training epoch 37 | loss: 0.38989 - accuracy: 0.92139
INFO:RnnAgent:Validating epoch 37 | loss: 0.543 - accuracy: 0.7695
INFO:RnnAgent:Training epoch 38 | loss: 0.39209 - accuracy: 0.91922
INFO:RnnAgent:Validating epoch 38 | loss: 0.51415 - accuracy: 0.80046
INFO:RnnAgent:Training epoch 39 | loss: 0.39405 - accuracy: 0.91965
INFO:RnnAgent:Validating epoch 39 | loss: 0.51148 - accuracy: 0.8039
INFO:RnnAgent:Training epoch 40 | loss: 0.38225 - accuracy: 0.92934
INFO:RnnAgent:Validating epoch 40 | loss: 0.50668 - accuracy: 0.80734
INFO:RnnAgent:Training epoch 41 | loss: 0.38081 - accuracy: 0.93049
INFO:RnnAgent:Validating epoch 41 | loss: 0.50079 - accuracy: 0.80849
INFO:RnnAgent:Training epoch 42 | loss: 0.38379 - accuracy: 0.92832
INFO:RnnAgent:Validating epoch 42 | loss: 0.51479 - accuracy: 0.79931
INFO:RnnAgent:Training epoch 43 | loss: 0.38023 - accuracy: 0.93208
INFO:RnnAgent:Validating epoch 43 | loss: 0.51405 - accuracy: 0.79817
INFO:RnnAgent:Training epoch 44 | loss: 0.37719 - accuracy: 0.9354
INFO:RnnAgent:Validating epoch 44 | loss: 0.51241 - accuracy: 0.79931
INFO:RnnAgent:Training epoch 45 | loss: 0.37849 - accuracy: 0.93367
INFO:RnnAgent:Validating epoch 45 | loss: 0.51665 - accuracy: 0.79702
INFO:RnnAgent:Training epoch 46 | loss: 0.3922 - accuracy: 0.9185
INFO:RnnAgent:Validating epoch 46 | loss: 0.49978 - accuracy: 0.81307
INFO:RnnAgent:Training epoch 47 | loss: 0.38423 - accuracy: 0.9276
INFO:RnnAgent:Validating epoch 47 | loss: 0.50631 - accuracy: 0.80505
INFO:RnnAgent:Training epoch 48 | loss: 0.37919 - accuracy: 0.93266
INFO:RnnAgent:Validating epoch 48 | loss: 0.50451 - accuracy: 0.80619
INFO:RnnAgent:Training epoch 49 | loss: 0.38528 - accuracy: 0.93107
INFO:RnnAgent:Validating epoch 49 | loss: 0.51714 - accuracy: 0.79587
