Model is RNN, dataset is sfu, undersample is False, aug mode is None, geo is 0.5, pct_usage is None, small_label is 0, small_prop is 0.9, balance_seed is 0, lr is 0.001, max_epochs is 100, split_num is 8
Training epoch 0 | loss: 1.78333 - accuracy: 0.45532
Validating epoch 0 | loss: 1.76324 - accuracy: 0.46602
Training epoch 1 | loss: 1.73482 - accuracy: 0.52766
Validating epoch 1 | loss: 1.68075 - accuracy: 0.68932
Training epoch 2 | loss: 1.62225 - accuracy: 0.71915
Validating epoch 2 | loss: 1.52862 - accuracy: 0.91262
Training epoch 3 | loss: 1.4936 - accuracy: 0.64574
Validating epoch 3 | loss: 1.39778 - accuracy: 0.91262
Training epoch 4 | loss: 1.38604 - accuracy: 0.75638
Validating epoch 4 | loss: 1.2981 - accuracy: 0.90291
Training epoch 5 | loss: 1.30114 - accuracy: 0.85957
Validating epoch 5 | loss: 1.21928 - accuracy: 0.92233
Training epoch 6 | loss: 1.24696 - accuracy: 0.86809
Validating epoch 6 | loss: 1.17624 - accuracy: 0.90291
Training epoch 7 | loss: 1.22048 - accuracy: 0.8617
Validating epoch 7 | loss: 1.16136 - accuracy: 0.90291
Training epoch 8 | loss: 1.19819 - accuracy: 0.85745
Validating epoch 8 | loss: 1.14745 - accuracy: 0.90291
Training epoch 9 | loss: 1.19109 - accuracy: 0.86064
Validating epoch 9 | loss: 1.13476 - accuracy: 0.91262
Training epoch 10 | loss: 1.18086 - accuracy: 0.86596
Validating epoch 10 | loss: 1.14437 - accuracy: 0.90291
Training epoch 11 | loss: 1.17736 - accuracy: 0.86915
Validating epoch 11 | loss: 1.13151 - accuracy: 0.91262
Training epoch 12 | loss: 1.17464 - accuracy: 0.8734
Validating epoch 12 | loss: 1.13244 - accuracy: 0.91262
Training epoch 13 | loss: 1.17914 - accuracy: 0.87447
Validating epoch 13 | loss: 1.1336 - accuracy: 0.91262
Training epoch 14 | loss: 1.17132 - accuracy: 0.87766
Validating epoch 14 | loss: 1.13315 - accuracy: 0.91262
Training epoch 15 | loss: 1.18001 - accuracy: 0.87553
Validating epoch 15 | loss: 1.13291 - accuracy: 0.91262
Training epoch 16 | loss: 1.17419 - accuracy: 0.87553
Validating epoch 16 | loss: 1.13545 - accuracy: 0.91262
Training epoch 17 | loss: 1.16838 - accuracy: 0.87872
Validating epoch 17 | loss: 1.14153 - accuracy: 0.90291
Training epoch 18 | loss: 1.18074 - accuracy: 0.86277
Validating epoch 18 | loss: 1.14502 - accuracy: 0.8932
Training epoch 19 | loss: 1.17362 - accuracy: 0.87021
Validating epoch 19 | loss: 1.13269 - accuracy: 0.91262
Training epoch 20 | loss: 1.16729 - accuracy: 0.8734
Validating epoch 20 | loss: 1.13411 - accuracy: 0.90291
Training epoch 21 | loss: 1.17165 - accuracy: 0.87234
Validating epoch 21 | loss: 1.13671 - accuracy: 0.91262
Training epoch 22 | loss: 1.16526 - accuracy: 0.87766
Validating epoch 22 | loss: 1.13203 - accuracy: 0.91262
Training epoch 23 | loss: 1.16716 - accuracy: 0.87979
Validating epoch 23 | loss: 1.1413 - accuracy: 0.90291
Training epoch 24 | loss: 1.16672 - accuracy: 0.87979
Validating epoch 24 | loss: 1.14323 - accuracy: 0.90291
Training epoch 25 | loss: 1.15617 - accuracy: 0.88723
Validating epoch 25 | loss: 1.13352 - accuracy: 0.91262
Training epoch 26 | loss: 1.16719 - accuracy: 0.87447
Validating epoch 26 | loss: 1.14114 - accuracy: 0.90291
Training epoch 27 | loss: 1.16812 - accuracy: 0.87128
Validating epoch 27 | loss: 1.14567 - accuracy: 0.8932
Training epoch 28 | loss: 1.15222 - accuracy: 0.8883
Validating epoch 28 | loss: 1.14722 - accuracy: 0.8932
Training epoch 29 | loss: 1.15422 - accuracy: 0.89149
Validating epoch 29 | loss: 1.15016 - accuracy: 0.8932
Training epoch 30 | loss: 1.14435 - accuracy: 0.89574
Validating epoch 30 | loss: 1.1505 - accuracy: 0.8932
Training epoch 31 | loss: 1.15148 - accuracy: 0.89894
Validating epoch 31 | loss: 1.15052 - accuracy: 0.8932
Training epoch 32 | loss: 1.14879 - accuracy: 0.89787
Validating epoch 32 | loss: 1.14972 - accuracy: 0.8932
Training epoch 33 | loss: 1.14652 - accuracy: 0.89894
Validating epoch 33 | loss: 1.15046 - accuracy: 0.8932
Training epoch 34 | loss: 1.14285 - accuracy: 0.89894
Validating epoch 34 | loss: 1.15046 - accuracy: 0.8932
Training epoch 35 | loss: 1.154 - accuracy: 0.90106
Validating epoch 35 | loss: 1.15049 - accuracy: 0.8932
Training epoch 36 | loss: 1.1462 - accuracy: 0.89894
Validating epoch 36 | loss: 1.15987 - accuracy: 0.8835
Training epoch 37 | loss: 1.14143 - accuracy: 0.90213
Validating epoch 37 | loss: 1.16006 - accuracy: 0.8835
Training epoch 38 | loss: 1.14412 - accuracy: 0.90106
Validating epoch 38 | loss: 1.15856 - accuracy: 0.8835
Training epoch 39 | loss: 1.14561 - accuracy: 0.9
Validating epoch 39 | loss: 1.15968 - accuracy: 0.8835
Training epoch 40 | loss: 1.14374 - accuracy: 0.90106
Validating epoch 40 | loss: 1.15043 - accuracy: 0.8932
Training epoch 41 | loss: 1.14053 - accuracy: 0.90106
Validating epoch 41 | loss: 1.14183 - accuracy: 0.90291
Training epoch 42 | loss: 1.151 - accuracy: 0.89574
Validating epoch 42 | loss: 1.1504 - accuracy: 0.8932
Training epoch 43 | loss: 1.1493 - accuracy: 0.89681
Validating epoch 43 | loss: 1.14312 - accuracy: 0.90291
Training epoch 44 | loss: 1.1351 - accuracy: 0.90319
Validating epoch 44 | loss: 1.1599 - accuracy: 0.8835
Training epoch 45 | loss: 1.14071 - accuracy: 0.90213
Validating epoch 45 | loss: 1.15919 - accuracy: 0.8835
Training epoch 46 | loss: 1.14825 - accuracy: 0.89574
Validating epoch 46 | loss: 1.14649 - accuracy: 0.8932
Training epoch 47 | loss: 1.14985 - accuracy: 0.89255
Validating epoch 47 | loss: 1.15042 - accuracy: 0.8932
Training epoch 48 | loss: 1.14102 - accuracy: 0.89787
Validating epoch 48 | loss: 1.15251 - accuracy: 0.8932
Training epoch 49 | loss: 1.15563 - accuracy: 0.89681
Validating epoch 49 | loss: 1.1413 - accuracy: 0.90291
Training epoch 50 | loss: 1.13823 - accuracy: 0.90213
Validating epoch 50 | loss: 1.15041 - accuracy: 0.8932
Training epoch 51 | loss: 1.1442 - accuracy: 0.90213
Validating epoch 51 | loss: 1.15041 - accuracy: 0.8932
Training epoch 52 | loss: 1.14007 - accuracy: 0.90426
Validating epoch 52 | loss: 1.15042 - accuracy: 0.8932
Training epoch 53 | loss: 1.13405 - accuracy: 0.90426
Validating epoch 53 | loss: 1.14084 - accuracy: 0.90291
Training epoch 54 | loss: 1.14013 - accuracy: 0.90106
Validating epoch 54 | loss: 1.15034 - accuracy: 0.8932
Training epoch 55 | loss: 1.14571 - accuracy: 0.89681
Validating epoch 55 | loss: 1.1434 - accuracy: 0.90291
Training epoch 56 | loss: 1.15074 - accuracy: 0.89787
Validating epoch 56 | loss: 1.14082 - accuracy: 0.90291
Training epoch 57 | loss: 1.14165 - accuracy: 0.90426
Validating epoch 57 | loss: 1.15026 - accuracy: 0.8932
Training epoch 58 | loss: 1.14039 - accuracy: 0.90532
Validating epoch 58 | loss: 1.15517 - accuracy: 0.8835
Training epoch 59 | loss: 1.13832 - accuracy: 0.90745
Validating epoch 59 | loss: 1.14114 - accuracy: 0.90291
Training epoch 60 | loss: 1.14632 - accuracy: 0.90106
Validating epoch 60 | loss: 1.14594 - accuracy: 0.90291
Training epoch 61 | loss: 1.14641 - accuracy: 0.89362
Validating epoch 61 | loss: 1.1407 - accuracy: 0.90291
Training epoch 62 | loss: 1.15425 - accuracy: 0.88617
Validating epoch 62 | loss: 1.14244 - accuracy: 0.90291
Training epoch 63 | loss: 1.14252 - accuracy: 0.90319
Validating epoch 63 | loss: 1.1504 - accuracy: 0.8932
Training epoch 64 | loss: 1.14493 - accuracy: 0.90638
Validating epoch 64 | loss: 1.14839 - accuracy: 0.8932
Training epoch 65 | loss: 1.1385 - accuracy: 0.90638
Validating epoch 65 | loss: 1.15055 - accuracy: 0.8932
Training epoch 66 | loss: 1.13183 - accuracy: 0.90745
Validating epoch 66 | loss: 1.15095 - accuracy: 0.8932
Training epoch 67 | loss: 1.13504 - accuracy: 0.90851
Validating epoch 67 | loss: 1.15221 - accuracy: 0.8932
Training epoch 68 | loss: 1.13434 - accuracy: 0.90957
Validating epoch 68 | loss: 1.1539 - accuracy: 0.8932
Training epoch 69 | loss: 1.13237 - accuracy: 0.90957
Validating epoch 69 | loss: 1.1574 - accuracy: 0.8835
Training epoch 70 | loss: 1.13302 - accuracy: 0.90851
Validating epoch 70 | loss: 1.15064 - accuracy: 0.8932
Training epoch 71 | loss: 1.13123 - accuracy: 0.90851
Validating epoch 71 | loss: 1.1594 - accuracy: 0.8835
Training epoch 72 | loss: 1.13329 - accuracy: 0.91064
Validating epoch 72 | loss: 1.15044 - accuracy: 0.8932
Training epoch 73 | loss: 1.13442 - accuracy: 0.90957
Validating epoch 73 | loss: 1.15343 - accuracy: 0.8932
Training epoch 74 | loss: 1.13884 - accuracy: 0.91064
Validating epoch 74 | loss: 1.15752 - accuracy: 0.8835
Training epoch 75 | loss: 1.13231 - accuracy: 0.90957
Validating epoch 75 | loss: 1.15424 - accuracy: 0.8932
Training epoch 76 | loss: 1.13231 - accuracy: 0.90957
Validating epoch 76 | loss: 1.15421 - accuracy: 0.8932
Training epoch 77 | loss: 1.14153 - accuracy: 0.90957
Validating epoch 77 | loss: 1.15067 - accuracy: 0.8932
Training epoch 78 | loss: 1.13704 - accuracy: 0.91064
Validating epoch 78 | loss: 1.15719 - accuracy: 0.8835
Training epoch 79 | loss: 1.12948 - accuracy: 0.91064
Validating epoch 79 | loss: 1.15239 - accuracy: 0.8932
Training epoch 80 | loss: 1.13962 - accuracy: 0.90957
Validating epoch 80 | loss: 1.15365 - accuracy: 0.8932
Training epoch 81 | loss: 1.138 - accuracy: 0.90851
Validating epoch 81 | loss: 1.15212 - accuracy: 0.8932
Training epoch 82 | loss: 1.16256 - accuracy: 0.88511
Validating epoch 82 | loss: 1.14079 - accuracy: 0.90291
Training epoch 83 | loss: 1.19179 - accuracy: 0.85213
Validating epoch 83 | loss: 1.14069 - accuracy: 0.90291
Training epoch 84 | loss: 1.18645 - accuracy: 0.86064
Validating epoch 84 | loss: 1.14071 - accuracy: 0.90291
Training epoch 85 | loss: 1.16305 - accuracy: 0.88617
Validating epoch 85 | loss: 1.15023 - accuracy: 0.8932
Training epoch 86 | loss: 1.14659 - accuracy: 0.89787
Validating epoch 86 | loss: 1.15062 - accuracy: 0.8932
Training epoch 87 | loss: 1.13943 - accuracy: 0.9
Validating epoch 87 | loss: 1.15174 - accuracy: 0.8932
Training epoch 88 | loss: 1.13998 - accuracy: 0.90319
Validating epoch 88 | loss: 1.15043 - accuracy: 0.8932
Training epoch 89 | loss: 1.13405 - accuracy: 0.90532
Validating epoch 89 | loss: 1.15039 - accuracy: 0.8932
Training epoch 90 | loss: 1.13084 - accuracy: 0.90745
Validating epoch 90 | loss: 1.15039 - accuracy: 0.8932
Training epoch 91 | loss: 1.13536 - accuracy: 0.91064
Validating epoch 91 | loss: 1.15083 - accuracy: 0.8932
Training epoch 92 | loss: 1.13384 - accuracy: 0.91064
Validating epoch 92 | loss: 1.15414 - accuracy: 0.8835
Training epoch 93 | loss: 1.1294 - accuracy: 0.91064
Validating epoch 93 | loss: 1.15016 - accuracy: 0.8932
Training epoch 94 | loss: 1.12936 - accuracy: 0.91064
Validating epoch 94 | loss: 1.15008 - accuracy: 0.8932
Training epoch 95 | loss: 1.13318 - accuracy: 0.91064
Validating epoch 95 | loss: 1.15027 - accuracy: 0.8932
Training epoch 96 | loss: 1.1378 - accuracy: 0.9117
Validating epoch 96 | loss: 1.1503 - accuracy: 0.8932
Training epoch 97 | loss: 1.13314 - accuracy: 0.91064
Validating epoch 97 | loss: 1.15034 - accuracy: 0.8932
Training epoch 98 | loss: 1.13032 - accuracy: 0.9117
Validating epoch 98 | loss: 1.15037 - accuracy: 0.8932
Training epoch 99 | loss: 1.12857 - accuracy: 0.9117
Validating epoch 99 | loss: 1.15037 - accuracy: 0.8932
Model is RNN, dataset is sfu, undersample is True, aug mode is None, geo is 0.5, pct_usage is None, small_label is 0, small_prop is 0.9, balance_seed is 0, lr is 0.001, max_epochs is 100, split_num is 8
Training epoch 0 | loss: 1.78449 - accuracy: 0.18298
Validating epoch 0 | loss: 1.76556 - accuracy: 0.53398
Training epoch 1 | loss: 1.74335 - accuracy: 0.52553
Validating epoch 1 | loss: 1.68579 - accuracy: 0.53398
Training epoch 2 | loss: 1.64232 - accuracy: 0.53085
Validating epoch 2 | loss: 1.55697 - accuracy: 0.53398
Training epoch 3 | loss: 1.52609 - accuracy: 0.53085
Validating epoch 3 | loss: 1.45962 - accuracy: 0.53398
Training epoch 4 | loss: 1.44781 - accuracy: 0.53085
Validating epoch 4 | loss: 1.37274 - accuracy: 0.53398
Training epoch 5 | loss: 1.35482 - accuracy: 0.73511
Validating epoch 5 | loss: 1.27057 - accuracy: 0.90291
Training epoch 6 | loss: 1.26967 - accuracy: 0.87553
Validating epoch 6 | loss: 1.18382 - accuracy: 0.91262
Training epoch 7 | loss: 1.21946 - accuracy: 0.87234
Validating epoch 7 | loss: 1.15603 - accuracy: 0.90291
Training epoch 8 | loss: 1.18935 - accuracy: 0.8766
Validating epoch 8 | loss: 1.15514 - accuracy: 0.8932
Training epoch 9 | loss: 1.18129 - accuracy: 0.87447
Validating epoch 9 | loss: 1.13917 - accuracy: 0.91262
Training epoch 10 | loss: 1.17822 - accuracy: 0.8734
Validating epoch 10 | loss: 1.14337 - accuracy: 0.90291
Training epoch 11 | loss: 1.17803 - accuracy: 0.86809
Validating epoch 11 | loss: 1.13349 - accuracy: 0.91262
Training epoch 12 | loss: 1.15717 - accuracy: 0.88298
Validating epoch 12 | loss: 1.14293 - accuracy: 0.90291
Training epoch 13 | loss: 1.16001 - accuracy: 0.89043
Validating epoch 13 | loss: 1.1351 - accuracy: 0.91262
Training epoch 14 | loss: 1.16137 - accuracy: 0.88298
Validating epoch 14 | loss: 1.14346 - accuracy: 0.90291
Training epoch 15 | loss: 1.16003 - accuracy: 0.88936
Validating epoch 15 | loss: 1.13609 - accuracy: 0.91262
Training epoch 16 | loss: 1.14611 - accuracy: 0.89681
Validating epoch 16 | loss: 1.14988 - accuracy: 0.8932
Training epoch 17 | loss: 1.14243 - accuracy: 0.89894
Validating epoch 17 | loss: 1.13762 - accuracy: 0.90291
Training epoch 18 | loss: 1.14322 - accuracy: 0.90106
Validating epoch 18 | loss: 1.15078 - accuracy: 0.8932
Training epoch 19 | loss: 1.13919 - accuracy: 0.89894
Validating epoch 19 | loss: 1.15041 - accuracy: 0.8932
Training epoch 20 | loss: 1.15283 - accuracy: 0.9
Validating epoch 20 | loss: 1.14099 - accuracy: 0.90291
Training epoch 21 | loss: 1.1526 - accuracy: 0.89894
Validating epoch 21 | loss: 1.15191 - accuracy: 0.8932
Training epoch 22 | loss: 1.14522 - accuracy: 0.89468
Validating epoch 22 | loss: 1.14098 - accuracy: 0.90291
Training epoch 23 | loss: 1.14788 - accuracy: 0.89574
Validating epoch 23 | loss: 1.16098 - accuracy: 0.8835
Training epoch 24 | loss: 1.15962 - accuracy: 0.88617
Validating epoch 24 | loss: 1.14215 - accuracy: 0.90291
Training epoch 25 | loss: 1.15705 - accuracy: 0.88511
Validating epoch 25 | loss: 1.13228 - accuracy: 0.91262
Training epoch 26 | loss: 1.13921 - accuracy: 0.9
Validating epoch 26 | loss: 1.13472 - accuracy: 0.91262
Training epoch 27 | loss: 1.13995 - accuracy: 0.90426
Validating epoch 27 | loss: 1.14835 - accuracy: 0.8932
Training epoch 28 | loss: 1.13665 - accuracy: 0.90426
Validating epoch 28 | loss: 1.14072 - accuracy: 0.90291
Training epoch 29 | loss: 1.14031 - accuracy: 0.90426
Validating epoch 29 | loss: 1.14263 - accuracy: 0.90291
Training epoch 30 | loss: 1.14022 - accuracy: 0.90426
Validating epoch 30 | loss: 1.13165 - accuracy: 0.91262
Training epoch 31 | loss: 1.14136 - accuracy: 0.90106
Validating epoch 31 | loss: 1.13957 - accuracy: 0.90291
Training epoch 32 | loss: 1.13987 - accuracy: 0.90532
Validating epoch 32 | loss: 1.13343 - accuracy: 0.91262
Training epoch 33 | loss: 1.13654 - accuracy: 0.90745
Validating epoch 33 | loss: 1.13433 - accuracy: 0.91262
Training epoch 34 | loss: 1.13201 - accuracy: 0.90638
Validating epoch 34 | loss: 1.142 - accuracy: 0.90291
Training epoch 35 | loss: 1.13704 - accuracy: 0.90638
Validating epoch 35 | loss: 1.14111 - accuracy: 0.90291
Training epoch 36 | loss: 1.13548 - accuracy: 0.90638
Validating epoch 36 | loss: 1.14028 - accuracy: 0.90291
Training epoch 37 | loss: 1.13941 - accuracy: 0.90532
Validating epoch 37 | loss: 1.14672 - accuracy: 0.8932
Training epoch 38 | loss: 1.13856 - accuracy: 0.90638
Validating epoch 38 | loss: 1.15055 - accuracy: 0.8932
Training epoch 39 | loss: 1.14628 - accuracy: 0.89787
Validating epoch 39 | loss: 1.13114 - accuracy: 0.91262
Training epoch 40 | loss: 1.13005 - accuracy: 0.91064
Validating epoch 40 | loss: 1.13662 - accuracy: 0.90291
Training epoch 41 | loss: 1.12635 - accuracy: 0.91489
Validating epoch 41 | loss: 1.13113 - accuracy: 0.91262
Training epoch 42 | loss: 1.13503 - accuracy: 0.90957
Validating epoch 42 | loss: 1.15175 - accuracy: 0.8932
Training epoch 43 | loss: 1.13367 - accuracy: 0.91277
Validating epoch 43 | loss: 1.14071 - accuracy: 0.90291
Training epoch 44 | loss: 1.13627 - accuracy: 0.90957
Validating epoch 44 | loss: 1.14887 - accuracy: 0.8932
Training epoch 45 | loss: 1.12984 - accuracy: 0.91277
Validating epoch 45 | loss: 1.13112 - accuracy: 0.91262
Training epoch 46 | loss: 1.12985 - accuracy: 0.91064
Validating epoch 46 | loss: 1.13868 - accuracy: 0.90291
Training epoch 47 | loss: 1.13351 - accuracy: 0.91489
Validating epoch 47 | loss: 1.15029 - accuracy: 0.8932
Training epoch 48 | loss: 1.13003 - accuracy: 0.91489
Validating epoch 48 | loss: 1.14159 - accuracy: 0.90291
Training epoch 49 | loss: 1.1286 - accuracy: 0.91383
Validating epoch 49 | loss: 1.14117 - accuracy: 0.90291
Training epoch 50 | loss: 1.12519 - accuracy: 0.91383
Validating epoch 50 | loss: 1.14188 - accuracy: 0.90291
Training epoch 51 | loss: 1.1301 - accuracy: 0.91383
Validating epoch 51 | loss: 1.14102 - accuracy: 0.90291
Training epoch 52 | loss: 1.13034 - accuracy: 0.91383
Validating epoch 52 | loss: 1.14145 - accuracy: 0.90291
Training epoch 53 | loss: 1.12685 - accuracy: 0.9117
Validating epoch 53 | loss: 1.13104 - accuracy: 0.91262
Training epoch 54 | loss: 1.1296 - accuracy: 0.91277
Validating epoch 54 | loss: 1.15038 - accuracy: 0.8932
Training epoch 55 | loss: 1.13102 - accuracy: 0.91489
Validating epoch 55 | loss: 1.17809 - accuracy: 0.86408
Training epoch 56 | loss: 1.1446 - accuracy: 0.89681
Validating epoch 56 | loss: 1.1476 - accuracy: 0.8932
Training epoch 57 | loss: 1.16298 - accuracy: 0.88936
Validating epoch 57 | loss: 1.26825 - accuracy: 0.7767
Training epoch 58 | loss: 1.27526 - accuracy: 0.75532
Validating epoch 58 | loss: 1.14529 - accuracy: 0.8932
Training epoch 59 | loss: 1.18731 - accuracy: 0.86809
Validating epoch 59 | loss: 1.14953 - accuracy: 0.8932
Training epoch 60 | loss: 1.17978 - accuracy: 0.8617
Validating epoch 60 | loss: 1.14445 - accuracy: 0.8932
Training epoch 61 | loss: 1.16121 - accuracy: 0.88404
Validating epoch 61 | loss: 1.1325 - accuracy: 0.91262
Training epoch 62 | loss: 1.1564 - accuracy: 0.88404
Validating epoch 62 | loss: 1.14089 - accuracy: 0.90291
Training epoch 63 | loss: 1.15921 - accuracy: 0.88511
Validating epoch 63 | loss: 1.14118 - accuracy: 0.90291
Training epoch 64 | loss: 1.14147 - accuracy: 0.89362
Validating epoch 64 | loss: 1.14989 - accuracy: 0.8932
Training epoch 65 | loss: 1.14346 - accuracy: 0.89894
Validating epoch 65 | loss: 1.15063 - accuracy: 0.8932
Training epoch 66 | loss: 1.14013 - accuracy: 0.90213
Validating epoch 66 | loss: 1.14975 - accuracy: 0.8932
Training epoch 67 | loss: 1.13702 - accuracy: 0.90745
Validating epoch 67 | loss: 1.14074 - accuracy: 0.90291
Training epoch 68 | loss: 1.13669 - accuracy: 0.90957
Validating epoch 68 | loss: 1.14073 - accuracy: 0.90291
Training epoch 69 | loss: 1.12351 - accuracy: 0.91596
Validating epoch 69 | loss: 1.1319 - accuracy: 0.91262
Training epoch 70 | loss: 1.13284 - accuracy: 0.91489
Validating epoch 70 | loss: 1.13764 - accuracy: 0.90291
Training epoch 71 | loss: 1.13081 - accuracy: 0.9117
Validating epoch 71 | loss: 1.14061 - accuracy: 0.90291
Training epoch 72 | loss: 1.14094 - accuracy: 0.90532
Validating epoch 72 | loss: 1.14069 - accuracy: 0.90291
Training epoch 73 | loss: 1.13985 - accuracy: 0.90319
Validating epoch 73 | loss: 1.14028 - accuracy: 0.90291
Training epoch 74 | loss: 1.14019 - accuracy: 0.90851
Validating epoch 74 | loss: 1.1322 - accuracy: 0.91262
Training epoch 75 | loss: 1.1407 - accuracy: 0.9
Validating epoch 75 | loss: 1.14122 - accuracy: 0.90291
Training epoch 76 | loss: 1.12767 - accuracy: 0.91489
Validating epoch 76 | loss: 1.15043 - accuracy: 0.8932
Training epoch 77 | loss: 1.12765 - accuracy: 0.91277
Validating epoch 77 | loss: 1.14987 - accuracy: 0.8932
Training epoch 78 | loss: 1.13145 - accuracy: 0.91702
Validating epoch 78 | loss: 1.15354 - accuracy: 0.8932
Training epoch 79 | loss: 1.12385 - accuracy: 0.91702
Validating epoch 79 | loss: 1.14365 - accuracy: 0.90291
Training epoch 80 | loss: 1.12884 - accuracy: 0.91383
Validating epoch 80 | loss: 1.1373 - accuracy: 0.90291
Training epoch 81 | loss: 1.13382 - accuracy: 0.91383
Validating epoch 81 | loss: 1.14567 - accuracy: 0.8932
Training epoch 82 | loss: 1.13118 - accuracy: 0.91064
Validating epoch 82 | loss: 1.14249 - accuracy: 0.90291
Training epoch 83 | loss: 1.12526 - accuracy: 0.91596
Validating epoch 83 | loss: 1.14463 - accuracy: 0.90291
Training epoch 84 | loss: 1.12376 - accuracy: 0.91702
Validating epoch 84 | loss: 1.14071 - accuracy: 0.90291
Training epoch 85 | loss: 1.13307 - accuracy: 0.91702
Validating epoch 85 | loss: 1.14113 - accuracy: 0.90291
Training epoch 86 | loss: 1.13028 - accuracy: 0.91809
Validating epoch 86 | loss: 1.15037 - accuracy: 0.8932
Training epoch 87 | loss: 1.1273 - accuracy: 0.91702
Validating epoch 87 | loss: 1.1504 - accuracy: 0.8932
Training epoch 88 | loss: 1.11895 - accuracy: 0.91809
Validating epoch 88 | loss: 1.1504 - accuracy: 0.8932
Training epoch 89 | loss: 1.13008 - accuracy: 0.91809
Validating epoch 89 | loss: 1.1504 - accuracy: 0.8932
Training epoch 90 | loss: 1.12638 - accuracy: 0.91809
Validating epoch 90 | loss: 1.1504 - accuracy: 0.8932
Training epoch 91 | loss: 1.12067 - accuracy: 0.91809
Validating epoch 91 | loss: 1.1504 - accuracy: 0.8932
Training epoch 92 | loss: 1.12447 - accuracy: 0.91809
Validating epoch 92 | loss: 1.15039 - accuracy: 0.8932
Training epoch 93 | loss: 1.1226 - accuracy: 0.91809
Validating epoch 93 | loss: 1.15039 - accuracy: 0.8932
Training epoch 94 | loss: 1.12562 - accuracy: 0.91915
Validating epoch 94 | loss: 1.15035 - accuracy: 0.8932
Training epoch 95 | loss: 1.12548 - accuracy: 0.91702
Validating epoch 95 | loss: 1.15039 - accuracy: 0.8932
Training epoch 96 | loss: 1.1281 - accuracy: 0.91809
Validating epoch 96 | loss: 1.1504 - accuracy: 0.8932
Training epoch 97 | loss: 1.13045 - accuracy: 0.91809
Validating epoch 97 | loss: 1.1504 - accuracy: 0.8932
Training epoch 98 | loss: 1.12935 - accuracy: 0.91915
Validating epoch 98 | loss: 1.15659 - accuracy: 0.8835
Training epoch 99 | loss: 1.12454 - accuracy: 0.91809
Validating epoch 99 | loss: 1.15564 - accuracy: 0.8835
Model is RNN, dataset is sfu, undersample is False, aug mode is None, geo is 0.5, pct_usage is None, small_label is 1, small_prop is 0.9, balance_seed is 0, lr is 0.001, max_epochs is 100, split_num is 8
Training epoch 0 | loss: 1.79939 - accuracy: 0.0117
Validating epoch 0 | loss: 1.78629 - accuracy: 0.40777
Training epoch 1 | loss: 1.77046 - accuracy: 0.4383
Validating epoch 1 | loss: 1.73375 - accuracy: 0.53398
Training epoch 2 | loss: 1.6907 - accuracy: 0.52979
Validating epoch 2 | loss: 1.60857 - accuracy: 0.53398
Training epoch 3 | loss: 1.55597 - accuracy: 0.55638
Validating epoch 3 | loss: 1.43998 - accuracy: 0.53398
Training epoch 4 | loss: 1.40697 - accuracy: 0.76489
Validating epoch 4 | loss: 1.29084 - accuracy: 0.91262
Training epoch 5 | loss: 1.2801 - accuracy: 0.86809
Validating epoch 5 | loss: 1.17256 - accuracy: 0.91262
Training epoch 6 | loss: 1.21531 - accuracy: 0.87021
Validating epoch 6 | loss: 1.15111 - accuracy: 0.90291
Training epoch 7 | loss: 1.1855 - accuracy: 0.87234
Validating epoch 7 | loss: 1.13388 - accuracy: 0.91262
Training epoch 8 | loss: 1.19029 - accuracy: 0.86915
Validating epoch 8 | loss: 1.13581 - accuracy: 0.91262
Training epoch 9 | loss: 1.18917 - accuracy: 0.86489
Validating epoch 9 | loss: 1.14337 - accuracy: 0.90291
Training epoch 10 | loss: 1.17561 - accuracy: 0.86915
Validating epoch 10 | loss: 1.13168 - accuracy: 0.91262
Training epoch 11 | loss: 1.17088 - accuracy: 0.86809
Validating epoch 11 | loss: 1.13213 - accuracy: 0.91262
Training epoch 12 | loss: 1.18188 - accuracy: 0.86809
Validating epoch 12 | loss: 1.13106 - accuracy: 0.91262
Training epoch 13 | loss: 1.17439 - accuracy: 0.87021
Validating epoch 13 | loss: 1.14461 - accuracy: 0.90291
Training epoch 14 | loss: 1.18482 - accuracy: 0.86596
Validating epoch 14 | loss: 1.14618 - accuracy: 0.8932
Training epoch 15 | loss: 1.17238 - accuracy: 0.87128
Validating epoch 15 | loss: 1.13386 - accuracy: 0.91262
Training epoch 16 | loss: 1.17427 - accuracy: 0.8734
Validating epoch 16 | loss: 1.12999 - accuracy: 0.91262
Training epoch 17 | loss: 1.1717 - accuracy: 0.86277
Validating epoch 17 | loss: 1.1299 - accuracy: 0.91262
Training epoch 18 | loss: 1.17265 - accuracy: 0.87553
Validating epoch 18 | loss: 1.13686 - accuracy: 0.90291
Training epoch 19 | loss: 1.16902 - accuracy: 0.86915
Validating epoch 19 | loss: 1.13122 - accuracy: 0.91262
Training epoch 20 | loss: 1.17189 - accuracy: 0.86809
Validating epoch 20 | loss: 1.1312 - accuracy: 0.91262
Training epoch 21 | loss: 1.17148 - accuracy: 0.87447
Validating epoch 21 | loss: 1.13049 - accuracy: 0.91262
Training epoch 22 | loss: 1.17201 - accuracy: 0.87872
Validating epoch 22 | loss: 1.13167 - accuracy: 0.91262
Training epoch 23 | loss: 1.16955 - accuracy: 0.87553
Validating epoch 23 | loss: 1.13238 - accuracy: 0.91262
Training epoch 24 | loss: 1.16958 - accuracy: 0.8766
Validating epoch 24 | loss: 1.1368 - accuracy: 0.91262
Training epoch 25 | loss: 1.16539 - accuracy: 0.87766
Validating epoch 25 | loss: 1.1367 - accuracy: 0.90291
Training epoch 26 | loss: 1.16319 - accuracy: 0.88404
Validating epoch 26 | loss: 1.1317 - accuracy: 0.91262
Training epoch 27 | loss: 1.16913 - accuracy: 0.87234
Validating epoch 27 | loss: 1.13406 - accuracy: 0.91262
Training epoch 28 | loss: 1.1576 - accuracy: 0.88085
Validating epoch 28 | loss: 1.13567 - accuracy: 0.91262
Training epoch 29 | loss: 1.15706 - accuracy: 0.88298
Validating epoch 29 | loss: 1.1325 - accuracy: 0.91262
Training epoch 30 | loss: 1.16367 - accuracy: 0.88085
Validating epoch 30 | loss: 1.13472 - accuracy: 0.91262
Training epoch 31 | loss: 1.1601 - accuracy: 0.8883
Validating epoch 31 | loss: 1.14014 - accuracy: 0.90291
Training epoch 32 | loss: 1.1584 - accuracy: 0.89149
Validating epoch 32 | loss: 1.13741 - accuracy: 0.91262
Training epoch 33 | loss: 1.15221 - accuracy: 0.88723
Validating epoch 33 | loss: 1.13832 - accuracy: 0.91262
Training epoch 34 | loss: 1.16136 - accuracy: 0.89043
Validating epoch 34 | loss: 1.1399 - accuracy: 0.90291
Training epoch 35 | loss: 1.15877 - accuracy: 0.88936
Validating epoch 35 | loss: 1.1327 - accuracy: 0.91262
Training epoch 36 | loss: 1.14956 - accuracy: 0.89149
Validating epoch 36 | loss: 1.1429 - accuracy: 0.8932
Training epoch 37 | loss: 1.14572 - accuracy: 0.89681
Validating epoch 37 | loss: 1.14473 - accuracy: 0.8932
Training epoch 38 | loss: 1.14217 - accuracy: 0.89787
Validating epoch 38 | loss: 1.14092 - accuracy: 0.90291
Training epoch 39 | loss: 1.1503 - accuracy: 0.90319
Validating epoch 39 | loss: 1.1479 - accuracy: 0.8932
Training epoch 40 | loss: 1.13404 - accuracy: 0.90851
Validating epoch 40 | loss: 1.1374 - accuracy: 0.91262
Training epoch 41 | loss: 1.13901 - accuracy: 0.90426
Validating epoch 41 | loss: 1.14789 - accuracy: 0.8932
Training epoch 42 | loss: 1.13828 - accuracy: 0.90638
Validating epoch 42 | loss: 1.1411 - accuracy: 0.90291
Training epoch 43 | loss: 1.15494 - accuracy: 0.88936
Validating epoch 43 | loss: 1.13517 - accuracy: 0.91262
Training epoch 44 | loss: 1.13372 - accuracy: 0.90532
Validating epoch 44 | loss: 1.14433 - accuracy: 0.8932
Training epoch 45 | loss: 1.14304 - accuracy: 0.90213
Validating epoch 45 | loss: 1.13582 - accuracy: 0.91262
Training epoch 46 | loss: 1.15059 - accuracy: 0.89255
Validating epoch 46 | loss: 1.14155 - accuracy: 0.90291
Training epoch 47 | loss: 1.13852 - accuracy: 0.90213
Validating epoch 47 | loss: 1.1489 - accuracy: 0.8932
Training epoch 48 | loss: 1.13871 - accuracy: 0.90745
Validating epoch 48 | loss: 1.1315 - accuracy: 0.91262
Training epoch 49 | loss: 1.13385 - accuracy: 0.91064
Validating epoch 49 | loss: 1.13031 - accuracy: 0.91262
Training epoch 50 | loss: 1.13413 - accuracy: 0.90957
Validating epoch 50 | loss: 1.14053 - accuracy: 0.90291
Training epoch 51 | loss: 1.12824 - accuracy: 0.90957
Validating epoch 51 | loss: 1.14688 - accuracy: 0.8932
Training epoch 52 | loss: 1.12923 - accuracy: 0.9117
Validating epoch 52 | loss: 1.1407 - accuracy: 0.90291
Training epoch 53 | loss: 1.13417 - accuracy: 0.90957
Validating epoch 53 | loss: 1.14078 - accuracy: 0.90291
Training epoch 54 | loss: 1.1354 - accuracy: 0.90957
Validating epoch 54 | loss: 1.14276 - accuracy: 0.90291
Training epoch 55 | loss: 1.12905 - accuracy: 0.91596
Validating epoch 55 | loss: 1.14518 - accuracy: 0.90291
Training epoch 56 | loss: 1.13882 - accuracy: 0.91064
Validating epoch 56 | loss: 1.14778 - accuracy: 0.8932
Training epoch 57 | loss: 1.12712 - accuracy: 0.9117
Validating epoch 57 | loss: 1.14757 - accuracy: 0.8932
Training epoch 58 | loss: 1.12581 - accuracy: 0.91277
Validating epoch 58 | loss: 1.14077 - accuracy: 0.90291
Training epoch 59 | loss: 1.13619 - accuracy: 0.91383
Validating epoch 59 | loss: 1.14318 - accuracy: 0.90291
Training epoch 60 | loss: 1.12856 - accuracy: 0.91383
Validating epoch 60 | loss: 1.1408 - accuracy: 0.90291
Training epoch 61 | loss: 1.13089 - accuracy: 0.91489
Validating epoch 61 | loss: 1.14596 - accuracy: 0.8932
Training epoch 62 | loss: 1.13127 - accuracy: 0.91489
Validating epoch 62 | loss: 1.13129 - accuracy: 0.91262
Training epoch 63 | loss: 1.12225 - accuracy: 0.91702
Validating epoch 63 | loss: 1.14961 - accuracy: 0.8932
Training epoch 64 | loss: 1.12543 - accuracy: 0.91596
Validating epoch 64 | loss: 1.14717 - accuracy: 0.8932
Training epoch 65 | loss: 1.13077 - accuracy: 0.91596
Validating epoch 65 | loss: 1.14048 - accuracy: 0.90291
Training epoch 66 | loss: 1.13331 - accuracy: 0.91702
Validating epoch 66 | loss: 1.14227 - accuracy: 0.90291
Training epoch 67 | loss: 1.12743 - accuracy: 0.91809
Validating epoch 67 | loss: 1.15701 - accuracy: 0.8835
Training epoch 68 | loss: 1.12964 - accuracy: 0.91596
Validating epoch 68 | loss: 1.15975 - accuracy: 0.8835
Training epoch 69 | loss: 1.13162 - accuracy: 0.91489
Validating epoch 69 | loss: 1.17955 - accuracy: 0.86408
Training epoch 70 | loss: 1.20526 - accuracy: 0.84255
Validating epoch 70 | loss: 1.2605 - accuracy: 0.78641
Training epoch 71 | loss: 1.19597 - accuracy: 0.83936
Validating epoch 71 | loss: 1.14242 - accuracy: 0.90291
Training epoch 72 | loss: 1.16514 - accuracy: 0.88404
Validating epoch 72 | loss: 1.14105 - accuracy: 0.90291
Training epoch 73 | loss: 1.1521 - accuracy: 0.88723
Validating epoch 73 | loss: 1.14956 - accuracy: 0.8932
Training epoch 74 | loss: 1.15594 - accuracy: 0.88723
Validating epoch 74 | loss: 1.14293 - accuracy: 0.90291
Training epoch 75 | loss: 1.14748 - accuracy: 0.90106
Validating epoch 75 | loss: 1.14079 - accuracy: 0.90291
Training epoch 76 | loss: 1.14192 - accuracy: 0.90106
Validating epoch 76 | loss: 1.15041 - accuracy: 0.8932
Training epoch 77 | loss: 1.13853 - accuracy: 0.90851
Validating epoch 77 | loss: 1.14059 - accuracy: 0.90291
Training epoch 78 | loss: 1.13796 - accuracy: 0.90851
Validating epoch 78 | loss: 1.13195 - accuracy: 0.90291
Training epoch 79 | loss: 1.13972 - accuracy: 0.90426
Validating epoch 79 | loss: 1.14989 - accuracy: 0.8932
Training epoch 80 | loss: 1.13693 - accuracy: 0.90745
Validating epoch 80 | loss: 1.14642 - accuracy: 0.8932
Training epoch 81 | loss: 1.12997 - accuracy: 0.91383
Validating epoch 81 | loss: 1.14108 - accuracy: 0.90291
Training epoch 82 | loss: 1.15277 - accuracy: 0.89574
Validating epoch 82 | loss: 1.13629 - accuracy: 0.90291
Training epoch 83 | loss: 1.1317 - accuracy: 0.91064
Validating epoch 83 | loss: 1.14058 - accuracy: 0.90291
Training epoch 84 | loss: 1.14279 - accuracy: 0.90213
Validating epoch 84 | loss: 1.1312 - accuracy: 0.91262
Training epoch 85 | loss: 1.14178 - accuracy: 0.90745
Validating epoch 85 | loss: 1.1407 - accuracy: 0.90291
Training epoch 86 | loss: 1.13447 - accuracy: 0.9117
Validating epoch 86 | loss: 1.1407 - accuracy: 0.90291
Training epoch 87 | loss: 1.12083 - accuracy: 0.91489
Validating epoch 87 | loss: 1.1407 - accuracy: 0.90291
Training epoch 88 | loss: 1.12659 - accuracy: 0.92021
Validating epoch 88 | loss: 1.14058 - accuracy: 0.90291
Training epoch 89 | loss: 1.12284 - accuracy: 0.92021
Validating epoch 89 | loss: 1.14063 - accuracy: 0.90291
Training epoch 90 | loss: 1.11987 - accuracy: 0.92234
Validating epoch 90 | loss: 1.14047 - accuracy: 0.90291
Training epoch 91 | loss: 1.11583 - accuracy: 0.92447
Validating epoch 91 | loss: 1.13578 - accuracy: 0.91262
Training epoch 92 | loss: 1.12203 - accuracy: 0.92234
Validating epoch 92 | loss: 1.14068 - accuracy: 0.90291
Training epoch 93 | loss: 1.12714 - accuracy: 0.91809
Validating epoch 93 | loss: 1.14066 - accuracy: 0.90291
Training epoch 94 | loss: 1.11862 - accuracy: 0.92128
Validating epoch 94 | loss: 1.14936 - accuracy: 0.8932
Training epoch 95 | loss: 1.11756 - accuracy: 0.92128
Validating epoch 95 | loss: 1.13384 - accuracy: 0.91262
Training epoch 96 | loss: 1.12427 - accuracy: 0.91809
Validating epoch 96 | loss: 1.14026 - accuracy: 0.90291
Training epoch 97 | loss: 1.11947 - accuracy: 0.92447
Validating epoch 97 | loss: 1.13911 - accuracy: 0.90291
Training epoch 98 | loss: 1.11705 - accuracy: 0.92766
Validating epoch 98 | loss: 1.13969 - accuracy: 0.90291
Training epoch 99 | loss: 1.11329 - accuracy: 0.9266
Validating epoch 99 | loss: 1.13603 - accuracy: 0.90291
Model is RNN, dataset is sfu, undersample is True, aug mode is None, geo is 0.5, pct_usage is None, small_label is 1, small_prop is 0.9, balance_seed is 0, lr is 0.001, max_epochs is 100, split_num is 8
Training epoch 0 | loss: 1.781 - accuracy: 0.45745
Validating epoch 0 | loss: 1.75907 - accuracy: 0.56311
Training epoch 1 | loss: 1.72566 - accuracy: 0.55213
Validating epoch 1 | loss: 1.65494 - accuracy: 0.53398
Training epoch 2 | loss: 1.59732 - accuracy: 0.53085
Validating epoch 2 | loss: 1.52004 - accuracy: 0.53398
Training epoch 3 | loss: 1.50938 - accuracy: 0.53085
Validating epoch 3 | loss: 1.4642 - accuracy: 0.53398
Training epoch 4 | loss: 1.44765 - accuracy: 0.53085
Validating epoch 4 | loss: 1.41854 - accuracy: 0.53398
Training epoch 5 | loss: 1.41469 - accuracy: 0.54362
Validating epoch 5 | loss: 1.36253 - accuracy: 0.53398
Training epoch 6 | loss: 1.36453 - accuracy: 0.75957
Validating epoch 6 | loss: 1.29281 - accuracy: 0.91262
Training epoch 7 | loss: 1.3018 - accuracy: 0.87128
Validating epoch 7 | loss: 1.21433 - accuracy: 0.91262
Training epoch 8 | loss: 1.23723 - accuracy: 0.87234
Validating epoch 8 | loss: 1.17226 - accuracy: 0.8932
Training epoch 9 | loss: 1.20069 - accuracy: 0.86489
Validating epoch 9 | loss: 1.13797 - accuracy: 0.92233
Training epoch 10 | loss: 1.18779 - accuracy: 0.8617
Validating epoch 10 | loss: 1.1366 - accuracy: 0.91262
Training epoch 11 | loss: 1.1816 - accuracy: 0.86383
Validating epoch 11 | loss: 1.14387 - accuracy: 0.90291
Training epoch 12 | loss: 1.17806 - accuracy: 0.8617
Validating epoch 12 | loss: 1.14422 - accuracy: 0.90291
Training epoch 13 | loss: 1.18498 - accuracy: 0.85957
Validating epoch 13 | loss: 1.14241 - accuracy: 0.90291
Training epoch 14 | loss: 1.17565 - accuracy: 0.86277
Validating epoch 14 | loss: 1.1439 - accuracy: 0.90291
Training epoch 15 | loss: 1.17955 - accuracy: 0.86702
Validating epoch 15 | loss: 1.13237 - accuracy: 0.91262
Training epoch 16 | loss: 1.16883 - accuracy: 0.87234
Validating epoch 16 | loss: 1.13146 - accuracy: 0.91262
Training epoch 17 | loss: 1.18325 - accuracy: 0.86277
Validating epoch 17 | loss: 1.1317 - accuracy: 0.91262
Training epoch 18 | loss: 1.16596 - accuracy: 0.87234
Validating epoch 18 | loss: 1.14261 - accuracy: 0.90291
Training epoch 19 | loss: 1.17798 - accuracy: 0.86383
Validating epoch 19 | loss: 1.14123 - accuracy: 0.90291
Training epoch 20 | loss: 1.17792 - accuracy: 0.86809
Validating epoch 20 | loss: 1.14242 - accuracy: 0.90291
Training epoch 21 | loss: 1.18177 - accuracy: 0.86915
Validating epoch 21 | loss: 1.13519 - accuracy: 0.91262
Training epoch 22 | loss: 1.16901 - accuracy: 0.86915
Validating epoch 22 | loss: 1.13195 - accuracy: 0.91262
Training epoch 23 | loss: 1.17588 - accuracy: 0.87447
Validating epoch 23 | loss: 1.13312 - accuracy: 0.91262
Training epoch 24 | loss: 1.16797 - accuracy: 0.87128
Validating epoch 24 | loss: 1.13165 - accuracy: 0.91262
Training epoch 25 | loss: 1.17745 - accuracy: 0.87128
Validating epoch 25 | loss: 1.13565 - accuracy: 0.90291
Training epoch 26 | loss: 1.17089 - accuracy: 0.86809
Validating epoch 26 | loss: 1.13227 - accuracy: 0.91262
Training epoch 27 | loss: 1.16212 - accuracy: 0.87766
Validating epoch 27 | loss: 1.13866 - accuracy: 0.90291
Training epoch 28 | loss: 1.16143 - accuracy: 0.87979
Validating epoch 28 | loss: 1.14019 - accuracy: 0.90291
Training epoch 29 | loss: 1.17541 - accuracy: 0.87553
Validating epoch 29 | loss: 1.14007 - accuracy: 0.90291
Training epoch 30 | loss: 1.16793 - accuracy: 0.88085
Validating epoch 30 | loss: 1.14075 - accuracy: 0.90291
Training epoch 31 | loss: 1.16282 - accuracy: 0.88085
Validating epoch 31 | loss: 1.13357 - accuracy: 0.91262
Training epoch 32 | loss: 1.17018 - accuracy: 0.8766
Validating epoch 32 | loss: 1.13877 - accuracy: 0.90291
Training epoch 33 | loss: 1.16484 - accuracy: 0.87766
Validating epoch 33 | loss: 1.13327 - accuracy: 0.91262
Training epoch 34 | loss: 1.16972 - accuracy: 0.87766
Validating epoch 34 | loss: 1.13678 - accuracy: 0.90291
Training epoch 35 | loss: 1.15988 - accuracy: 0.88404
Validating epoch 35 | loss: 1.14038 - accuracy: 0.90291
Training epoch 36 | loss: 1.14998 - accuracy: 0.89043
Validating epoch 36 | loss: 1.13574 - accuracy: 0.90291
Training epoch 37 | loss: 1.15117 - accuracy: 0.89362
Validating epoch 37 | loss: 1.13104 - accuracy: 0.91262
Training epoch 38 | loss: 1.17652 - accuracy: 0.85957
Validating epoch 38 | loss: 1.14385 - accuracy: 0.90291
Training epoch 39 | loss: 1.1705 - accuracy: 0.86915
Validating epoch 39 | loss: 1.13726 - accuracy: 0.90291
Training epoch 40 | loss: 1.17037 - accuracy: 0.87128
Validating epoch 40 | loss: 1.13202 - accuracy: 0.91262
Training epoch 41 | loss: 1.16804 - accuracy: 0.87979
Validating epoch 41 | loss: 1.13617 - accuracy: 0.91262
Training epoch 42 | loss: 1.1601 - accuracy: 0.88298
Validating epoch 42 | loss: 1.13729 - accuracy: 0.90291
Training epoch 43 | loss: 1.17092 - accuracy: 0.87553
Validating epoch 43 | loss: 1.13868 - accuracy: 0.90291
Training epoch 44 | loss: 1.1575 - accuracy: 0.87872
Validating epoch 44 | loss: 1.14041 - accuracy: 0.90291
Training epoch 45 | loss: 1.16417 - accuracy: 0.88085
Validating epoch 45 | loss: 1.14069 - accuracy: 0.90291
Training epoch 46 | loss: 1.15322 - accuracy: 0.88298
Validating epoch 46 | loss: 1.14128 - accuracy: 0.90291
Training epoch 47 | loss: 1.16376 - accuracy: 0.87979
Validating epoch 47 | loss: 1.14256 - accuracy: 0.8932
Training epoch 48 | loss: 1.1565 - accuracy: 0.88723
Validating epoch 48 | loss: 1.14077 - accuracy: 0.90291
Training epoch 49 | loss: 1.1499 - accuracy: 0.89362
Validating epoch 49 | loss: 1.14565 - accuracy: 0.90291
Training epoch 50 | loss: 1.15757 - accuracy: 0.88511
Validating epoch 50 | loss: 1.14436 - accuracy: 0.8932
Training epoch 51 | loss: 1.14336 - accuracy: 0.89574
Validating epoch 51 | loss: 1.14403 - accuracy: 0.90291
Training epoch 52 | loss: 1.14649 - accuracy: 0.89468
Validating epoch 52 | loss: 1.14263 - accuracy: 0.90291
Training epoch 53 | loss: 1.14415 - accuracy: 0.89894
Validating epoch 53 | loss: 1.14642 - accuracy: 0.8932
Training epoch 54 | loss: 1.14655 - accuracy: 0.90426
Validating epoch 54 | loss: 1.14767 - accuracy: 0.8932
Training epoch 55 | loss: 1.13826 - accuracy: 0.90106
Validating epoch 55 | loss: 1.15033 - accuracy: 0.8932
Training epoch 56 | loss: 1.14329 - accuracy: 0.90213
Validating epoch 56 | loss: 1.14138 - accuracy: 0.90291
Training epoch 57 | loss: 1.14902 - accuracy: 0.89787
Validating epoch 57 | loss: 1.14926 - accuracy: 0.8932
Training epoch 58 | loss: 1.13215 - accuracy: 0.90532
Validating epoch 58 | loss: 1.14077 - accuracy: 0.90291
Training epoch 59 | loss: 1.13881 - accuracy: 0.90745
Validating epoch 59 | loss: 1.15006 - accuracy: 0.8932
Training epoch 60 | loss: 1.13124 - accuracy: 0.90957
Validating epoch 60 | loss: 1.15039 - accuracy: 0.8932
Training epoch 61 | loss: 1.12996 - accuracy: 0.90851
Validating epoch 61 | loss: 1.14192 - accuracy: 0.90291
Training epoch 62 | loss: 1.14226 - accuracy: 0.90319
Validating epoch 62 | loss: 1.15019 - accuracy: 0.8932
Training epoch 63 | loss: 1.14293 - accuracy: 0.89894
Validating epoch 63 | loss: 1.1473 - accuracy: 0.8932
Training epoch 64 | loss: 1.13642 - accuracy: 0.90426
Validating epoch 64 | loss: 1.14995 - accuracy: 0.8932
Training epoch 65 | loss: 1.1356 - accuracy: 0.90851
Validating epoch 65 | loss: 1.14128 - accuracy: 0.90291
Training epoch 66 | loss: 1.13761 - accuracy: 0.90638
Validating epoch 66 | loss: 1.14091 - accuracy: 0.90291
Training epoch 67 | loss: 1.13506 - accuracy: 0.91064
Validating epoch 67 | loss: 1.15034 - accuracy: 0.8932
Training epoch 68 | loss: 1.12793 - accuracy: 0.9117
Validating epoch 68 | loss: 1.14653 - accuracy: 0.8932
Training epoch 69 | loss: 1.13302 - accuracy: 0.91383
Validating epoch 69 | loss: 1.14036 - accuracy: 0.90291
Training epoch 70 | loss: 1.12894 - accuracy: 0.91383
Validating epoch 70 | loss: 1.14921 - accuracy: 0.8932
Training epoch 71 | loss: 1.14245 - accuracy: 0.89894
Validating epoch 71 | loss: 1.14989 - accuracy: 0.8932
Training epoch 72 | loss: 1.13361 - accuracy: 0.91064
Validating epoch 72 | loss: 1.13491 - accuracy: 0.91262
Training epoch 73 | loss: 1.12716 - accuracy: 0.91277
Validating epoch 73 | loss: 1.15036 - accuracy: 0.8932
Training epoch 74 | loss: 1.1298 - accuracy: 0.91277
Validating epoch 74 | loss: 1.14629 - accuracy: 0.8932
Training epoch 75 | loss: 1.1417 - accuracy: 0.90638
Validating epoch 75 | loss: 1.14997 - accuracy: 0.8932
Training epoch 76 | loss: 1.14186 - accuracy: 0.90532
Validating epoch 76 | loss: 1.14914 - accuracy: 0.8932
Training epoch 77 | loss: 1.13432 - accuracy: 0.90957
Validating epoch 77 | loss: 1.141 - accuracy: 0.90291
Training epoch 78 | loss: 1.12398 - accuracy: 0.91489
Validating epoch 78 | loss: 1.14365 - accuracy: 0.90291
Training epoch 79 | loss: 1.12479 - accuracy: 0.91596
Validating epoch 79 | loss: 1.14092 - accuracy: 0.90291
Training epoch 80 | loss: 1.13206 - accuracy: 0.91596
Validating epoch 80 | loss: 1.14092 - accuracy: 0.90291
Training epoch 81 | loss: 1.13029 - accuracy: 0.91596
Validating epoch 81 | loss: 1.14068 - accuracy: 0.90291
Training epoch 82 | loss: 1.13017 - accuracy: 0.91596
Validating epoch 82 | loss: 1.1405 - accuracy: 0.90291
Training epoch 83 | loss: 1.12648 - accuracy: 0.91596
Validating epoch 83 | loss: 1.14047 - accuracy: 0.90291
Training epoch 84 | loss: 1.12829 - accuracy: 0.91596
Validating epoch 84 | loss: 1.1405 - accuracy: 0.90291
Training epoch 85 | loss: 1.12276 - accuracy: 0.91596
Validating epoch 85 | loss: 1.14059 - accuracy: 0.90291
Training epoch 86 | loss: 1.12831 - accuracy: 0.91596
Validating epoch 86 | loss: 1.14066 - accuracy: 0.90291
Training epoch 87 | loss: 1.13389 - accuracy: 0.91596
Validating epoch 87 | loss: 1.14069 - accuracy: 0.90291
Training epoch 88 | loss: 1.12831 - accuracy: 0.91596
Validating epoch 88 | loss: 1.1407 - accuracy: 0.90291
Training epoch 89 | loss: 1.12271 - accuracy: 0.91596
Validating epoch 89 | loss: 1.14071 - accuracy: 0.90291
Training epoch 90 | loss: 1.13201 - accuracy: 0.91596
Validating epoch 90 | loss: 1.14072 - accuracy: 0.90291
Training epoch 91 | loss: 1.13017 - accuracy: 0.91596
Validating epoch 91 | loss: 1.14072 - accuracy: 0.90291
Training epoch 92 | loss: 1.13203 - accuracy: 0.91596
Validating epoch 92 | loss: 1.14073 - accuracy: 0.90291
Training epoch 93 | loss: 1.12641 - accuracy: 0.91596
Validating epoch 93 | loss: 1.14074 - accuracy: 0.90291
Training epoch 94 | loss: 1.13759 - accuracy: 0.91596
Validating epoch 94 | loss: 1.14074 - accuracy: 0.90291
Training epoch 95 | loss: 1.12644 - accuracy: 0.91596
Validating epoch 95 | loss: 1.14074 - accuracy: 0.90291
Training epoch 96 | loss: 1.12826 - accuracy: 0.91596
Validating epoch 96 | loss: 1.14073 - accuracy: 0.90291
Training epoch 97 | loss: 1.12455 - accuracy: 0.91596
Validating epoch 97 | loss: 1.14072 - accuracy: 0.90291
Training epoch 98 | loss: 1.13201 - accuracy: 0.91596
Validating epoch 98 | loss: 1.14072 - accuracy: 0.90291
Training epoch 99 | loss: 1.12641 - accuracy: 0.91596
Validating epoch 99 | loss: 1.14072 - accuracy: 0.90291
