Model is RNN, dataset is sfu, undersample is False, aug mode is None, geo is 0.5, pct_usage is None, small_label is 0, small_prop is 0.9, balance_seed is 0, lr is 0.001, max_epochs is 100, split_num is 4
Training epoch 0 | loss: 1.78333 - accuracy: 0.45426
Validating epoch 0 | loss: 1.76459 - accuracy: 0.46602
Training epoch 1 | loss: 1.73613 - accuracy: 0.54255
Validating epoch 1 | loss: 1.68574 - accuracy: 0.74757
Training epoch 2 | loss: 1.6248 - accuracy: 0.73936
Validating epoch 2 | loss: 1.53615 - accuracy: 0.86408
Training epoch 3 | loss: 1.48497 - accuracy: 0.65106
Validating epoch 3 | loss: 1.40352 - accuracy: 0.86408
Training epoch 4 | loss: 1.3686 - accuracy: 0.80745
Validating epoch 4 | loss: 1.3093 - accuracy: 0.86408
Training epoch 5 | loss: 1.28284 - accuracy: 0.86809
Validating epoch 5 | loss: 1.23448 - accuracy: 0.87379
Training epoch 6 | loss: 1.24361 - accuracy: 0.87128
Validating epoch 6 | loss: 1.21355 - accuracy: 0.86408
Training epoch 7 | loss: 1.21355 - accuracy: 0.86702
Validating epoch 7 | loss: 1.18615 - accuracy: 0.87379
Training epoch 8 | loss: 1.19265 - accuracy: 0.8766
Validating epoch 8 | loss: 1.17889 - accuracy: 0.87379
Training epoch 9 | loss: 1.18029 - accuracy: 0.8734
Validating epoch 9 | loss: 1.18177 - accuracy: 0.86408
Training epoch 10 | loss: 1.18591 - accuracy: 0.86809
Validating epoch 10 | loss: 1.18569 - accuracy: 0.86408
Training epoch 11 | loss: 1.18167 - accuracy: 0.87128
Validating epoch 11 | loss: 1.17021 - accuracy: 0.87379
Training epoch 12 | loss: 1.17657 - accuracy: 0.86809
Validating epoch 12 | loss: 1.17052 - accuracy: 0.87379
Training epoch 13 | loss: 1.18074 - accuracy: 0.87021
Validating epoch 13 | loss: 1.18156 - accuracy: 0.86408
Training epoch 14 | loss: 1.17848 - accuracy: 0.87021
Validating epoch 14 | loss: 1.18216 - accuracy: 0.86408
Training epoch 15 | loss: 1.19013 - accuracy: 0.86915
Validating epoch 15 | loss: 1.17566 - accuracy: 0.87379
Training epoch 16 | loss: 1.17017 - accuracy: 0.8766
Validating epoch 16 | loss: 1.18426 - accuracy: 0.85437
Training epoch 17 | loss: 1.17478 - accuracy: 0.87128
Validating epoch 17 | loss: 1.18565 - accuracy: 0.85437
Training epoch 18 | loss: 1.17152 - accuracy: 0.87872
Validating epoch 18 | loss: 1.17802 - accuracy: 0.86408
Training epoch 19 | loss: 1.16782 - accuracy: 0.87447
Validating epoch 19 | loss: 1.17927 - accuracy: 0.86408
Training epoch 20 | loss: 1.1613 - accuracy: 0.8766
Validating epoch 20 | loss: 1.18504 - accuracy: 0.85437
Training epoch 21 | loss: 1.16294 - accuracy: 0.88511
Validating epoch 21 | loss: 1.17791 - accuracy: 0.86408
Training epoch 22 | loss: 1.16215 - accuracy: 0.87979
Validating epoch 22 | loss: 1.18593 - accuracy: 0.85437
Training epoch 23 | loss: 1.16213 - accuracy: 0.88085
Validating epoch 23 | loss: 1.17953 - accuracy: 0.85437
Training epoch 24 | loss: 1.16548 - accuracy: 0.88085
Validating epoch 24 | loss: 1.15419 - accuracy: 0.8932
Training epoch 25 | loss: 1.17124 - accuracy: 0.87872
Validating epoch 25 | loss: 1.19666 - accuracy: 0.84466
Training epoch 26 | loss: 1.16658 - accuracy: 0.88085
Validating epoch 26 | loss: 1.18158 - accuracy: 0.86408
Training epoch 27 | loss: 1.16772 - accuracy: 0.87447
Validating epoch 27 | loss: 1.15089 - accuracy: 0.8932
Training epoch 28 | loss: 1.17415 - accuracy: 0.87128
Validating epoch 28 | loss: 1.17997 - accuracy: 0.85437
Training epoch 29 | loss: 1.16344 - accuracy: 0.87979
Validating epoch 29 | loss: 1.18343 - accuracy: 0.85437
Training epoch 30 | loss: 1.15704 - accuracy: 0.88404
Validating epoch 30 | loss: 1.17615 - accuracy: 0.86408
Training epoch 31 | loss: 1.1655 - accuracy: 0.88617
Validating epoch 31 | loss: 1.17943 - accuracy: 0.86408
Training epoch 32 | loss: 1.1618 - accuracy: 0.89149
Validating epoch 32 | loss: 1.18169 - accuracy: 0.85437
Training epoch 33 | loss: 1.15111 - accuracy: 0.89362
Validating epoch 33 | loss: 1.17005 - accuracy: 0.87379
Training epoch 34 | loss: 1.15075 - accuracy: 0.89362
Validating epoch 34 | loss: 1.17672 - accuracy: 0.86408
Training epoch 35 | loss: 1.14555 - accuracy: 0.90426
Validating epoch 35 | loss: 1.17929 - accuracy: 0.86408
Training epoch 36 | loss: 1.14094 - accuracy: 0.90319
Validating epoch 36 | loss: 1.1795 - accuracy: 0.86408
Training epoch 37 | loss: 1.14477 - accuracy: 0.89787
Validating epoch 37 | loss: 1.17959 - accuracy: 0.86408
Training epoch 38 | loss: 1.14076 - accuracy: 0.90745
Validating epoch 38 | loss: 1.17559 - accuracy: 0.86408
Training epoch 39 | loss: 1.14551 - accuracy: 0.9
Validating epoch 39 | loss: 1.17969 - accuracy: 0.86408
Training epoch 40 | loss: 1.1383 - accuracy: 0.90213
Validating epoch 40 | loss: 1.17027 - accuracy: 0.87379
Training epoch 41 | loss: 1.13756 - accuracy: 0.90532
Validating epoch 41 | loss: 1.17038 - accuracy: 0.87379
Training epoch 42 | loss: 1.1506 - accuracy: 0.89574
Validating epoch 42 | loss: 1.16877 - accuracy: 0.87379
Training epoch 43 | loss: 1.14498 - accuracy: 0.89787
Validating epoch 43 | loss: 1.17052 - accuracy: 0.87379
Training epoch 44 | loss: 1.14288 - accuracy: 0.89894
Validating epoch 44 | loss: 1.1699 - accuracy: 0.87379
Training epoch 45 | loss: 1.14147 - accuracy: 0.90745
Validating epoch 45 | loss: 1.16214 - accuracy: 0.8835
Training epoch 46 | loss: 1.1407 - accuracy: 0.90638
Validating epoch 46 | loss: 1.16447 - accuracy: 0.8835
Training epoch 47 | loss: 1.13595 - accuracy: 0.90426
Validating epoch 47 | loss: 1.16046 - accuracy: 0.8835
Training epoch 48 | loss: 1.12669 - accuracy: 0.91277
Validating epoch 48 | loss: 1.18164 - accuracy: 0.86408
Training epoch 49 | loss: 1.13686 - accuracy: 0.91489
Validating epoch 49 | loss: 1.16735 - accuracy: 0.87379
Training epoch 50 | loss: 1.13073 - accuracy: 0.91809
Validating epoch 50 | loss: 1.1604 - accuracy: 0.8835
Training epoch 51 | loss: 1.13673 - accuracy: 0.9117
Validating epoch 51 | loss: 1.1797 - accuracy: 0.86408
Training epoch 52 | loss: 1.12322 - accuracy: 0.91489
Validating epoch 52 | loss: 1.16018 - accuracy: 0.8835
Training epoch 53 | loss: 1.12416 - accuracy: 0.91383
Validating epoch 53 | loss: 1.17941 - accuracy: 0.86408
Training epoch 54 | loss: 1.12411 - accuracy: 0.91702
Validating epoch 54 | loss: 1.17933 - accuracy: 0.86408
Training epoch 55 | loss: 1.12911 - accuracy: 0.91596
Validating epoch 55 | loss: 1.17608 - accuracy: 0.86408
Training epoch 56 | loss: 1.1312 - accuracy: 0.9117
Validating epoch 56 | loss: 1.18621 - accuracy: 0.85437
Training epoch 57 | loss: 1.12866 - accuracy: 0.91809
Validating epoch 57 | loss: 1.16987 - accuracy: 0.87379
Training epoch 58 | loss: 1.14232 - accuracy: 0.89468
Validating epoch 58 | loss: 1.17418 - accuracy: 0.86408
Training epoch 59 | loss: 1.13197 - accuracy: 0.91277
Validating epoch 59 | loss: 1.19913 - accuracy: 0.84466
Training epoch 60 | loss: 1.1333 - accuracy: 0.91277
Validating epoch 60 | loss: 1.18438 - accuracy: 0.85437
Training epoch 61 | loss: 1.12242 - accuracy: 0.92021
Validating epoch 61 | loss: 1.18971 - accuracy: 0.85437
Training epoch 62 | loss: 1.12454 - accuracy: 0.91596
Validating epoch 62 | loss: 1.17825 - accuracy: 0.86408
Training epoch 63 | loss: 1.12132 - accuracy: 0.92128
Validating epoch 63 | loss: 1.15614 - accuracy: 0.8835
Training epoch 64 | loss: 1.1293 - accuracy: 0.92128
Validating epoch 64 | loss: 1.15729 - accuracy: 0.8835
Training epoch 65 | loss: 1.12455 - accuracy: 0.92021
Validating epoch 65 | loss: 1.16975 - accuracy: 0.87379
Training epoch 66 | loss: 1.11698 - accuracy: 0.92021
Validating epoch 66 | loss: 1.16955 - accuracy: 0.87379
Training epoch 67 | loss: 1.12215 - accuracy: 0.92128
Validating epoch 67 | loss: 1.15118 - accuracy: 0.8932
Training epoch 68 | loss: 1.12146 - accuracy: 0.92128
Validating epoch 68 | loss: 1.15107 - accuracy: 0.8932
Training epoch 69 | loss: 1.117 - accuracy: 0.92234
Validating epoch 69 | loss: 1.18017 - accuracy: 0.86408
Training epoch 70 | loss: 1.12092 - accuracy: 0.92021
Validating epoch 70 | loss: 1.17028 - accuracy: 0.87379
Training epoch 71 | loss: 1.12245 - accuracy: 0.92021
Validating epoch 71 | loss: 1.18638 - accuracy: 0.85437
Training epoch 72 | loss: 1.12191 - accuracy: 0.92234
Validating epoch 72 | loss: 1.18027 - accuracy: 0.86408
Training epoch 73 | loss: 1.1227 - accuracy: 0.91809
Validating epoch 73 | loss: 1.18227 - accuracy: 0.86408
Training epoch 74 | loss: 1.13072 - accuracy: 0.91702
Validating epoch 74 | loss: 1.17291 - accuracy: 0.87379
Training epoch 75 | loss: 1.12154 - accuracy: 0.9234
Validating epoch 75 | loss: 1.17955 - accuracy: 0.86408
Training epoch 76 | loss: 1.1196 - accuracy: 0.9234
Validating epoch 76 | loss: 1.17953 - accuracy: 0.86408
Training epoch 77 | loss: 1.12898 - accuracy: 0.9234
Validating epoch 77 | loss: 1.17934 - accuracy: 0.86408
Training epoch 78 | loss: 1.12345 - accuracy: 0.9234
Validating epoch 78 | loss: 1.17749 - accuracy: 0.86408
Training epoch 79 | loss: 1.1215 - accuracy: 0.9234
Validating epoch 79 | loss: 1.17852 - accuracy: 0.86408
Training epoch 80 | loss: 1.12608 - accuracy: 0.92234
Validating epoch 80 | loss: 1.17942 - accuracy: 0.86408
Training epoch 81 | loss: 1.11865 - accuracy: 0.92447
Validating epoch 81 | loss: 1.17951 - accuracy: 0.86408
Training epoch 82 | loss: 1.11798 - accuracy: 0.92553
Validating epoch 82 | loss: 1.17954 - accuracy: 0.86408
Training epoch 83 | loss: 1.11782 - accuracy: 0.92553
Validating epoch 83 | loss: 1.17953 - accuracy: 0.86408
Training epoch 84 | loss: 1.12047 - accuracy: 0.92447
Validating epoch 84 | loss: 1.1795 - accuracy: 0.86408
Training epoch 85 | loss: 1.11911 - accuracy: 0.9266
Validating epoch 85 | loss: 1.17013 - accuracy: 0.87379
Training epoch 86 | loss: 1.11608 - accuracy: 0.92553
Validating epoch 86 | loss: 1.16756 - accuracy: 0.87379
Training epoch 87 | loss: 1.11392 - accuracy: 0.92553
Validating epoch 87 | loss: 1.16086 - accuracy: 0.8835
Training epoch 88 | loss: 1.11759 - accuracy: 0.92553
Validating epoch 88 | loss: 1.16614 - accuracy: 0.8835
Training epoch 89 | loss: 1.1195 - accuracy: 0.92553
Validating epoch 89 | loss: 1.16627 - accuracy: 0.8835
Training epoch 90 | loss: 1.11577 - accuracy: 0.92553
Validating epoch 90 | loss: 1.17735 - accuracy: 0.86408
Training epoch 91 | loss: 1.11948 - accuracy: 0.92553
Validating epoch 91 | loss: 1.17847 - accuracy: 0.86408
Training epoch 92 | loss: 1.11483 - accuracy: 0.92447
Validating epoch 92 | loss: 1.17075 - accuracy: 0.87379
Training epoch 93 | loss: 1.11574 - accuracy: 0.92553
Validating epoch 93 | loss: 1.17952 - accuracy: 0.86408
Training epoch 94 | loss: 1.11763 - accuracy: 0.9234
Validating epoch 94 | loss: 1.17953 - accuracy: 0.86408
Training epoch 95 | loss: 1.11897 - accuracy: 0.92128
Validating epoch 95 | loss: 1.1795 - accuracy: 0.86408
Training epoch 96 | loss: 1.12283 - accuracy: 0.9266
Validating epoch 96 | loss: 1.16357 - accuracy: 0.8835
Training epoch 97 | loss: 1.11201 - accuracy: 0.92553
Validating epoch 97 | loss: 1.18018 - accuracy: 0.86408
Training epoch 98 | loss: 1.12053 - accuracy: 0.9266
Validating epoch 98 | loss: 1.18583 - accuracy: 0.85437
Training epoch 99 | loss: 1.117 - accuracy: 0.9266
Validating epoch 99 | loss: 1.17962 - accuracy: 0.86408
Model is RNN, dataset is sfu, undersample is True, aug mode is None, geo is 0.5, pct_usage is None, small_label is 0, small_prop is 0.9, balance_seed is 0, lr is 0.001, max_epochs is 100, split_num is 4
Training epoch 0 | loss: 1.78403 - accuracy: 0.19468
Validating epoch 0 | loss: 1.76634 - accuracy: 0.53398
Training epoch 1 | loss: 1.74265 - accuracy: 0.5266
Validating epoch 1 | loss: 1.68713 - accuracy: 0.53398
Training epoch 2 | loss: 1.64121 - accuracy: 0.53085
Validating epoch 2 | loss: 1.55826 - accuracy: 0.53398
Training epoch 3 | loss: 1.52248 - accuracy: 0.53085
Validating epoch 3 | loss: 1.46727 - accuracy: 0.53398
Training epoch 4 | loss: 1.45038 - accuracy: 0.53085
Validating epoch 4 | loss: 1.39968 - accuracy: 0.53398
Training epoch 5 | loss: 1.36729 - accuracy: 0.70213
Validating epoch 5 | loss: 1.31057 - accuracy: 0.87379
Training epoch 6 | loss: 1.27667 - accuracy: 0.87872
Validating epoch 6 | loss: 1.22755 - accuracy: 0.87379
Training epoch 7 | loss: 1.22971 - accuracy: 0.87447
Validating epoch 7 | loss: 1.19248 - accuracy: 0.87379
Training epoch 8 | loss: 1.1883 - accuracy: 0.86915
Validating epoch 8 | loss: 1.18282 - accuracy: 0.87379
Training epoch 9 | loss: 1.17597 - accuracy: 0.87553
Validating epoch 9 | loss: 1.17625 - accuracy: 0.87379
Training epoch 10 | loss: 1.16939 - accuracy: 0.87979
Validating epoch 10 | loss: 1.1718 - accuracy: 0.87379
Training epoch 11 | loss: 1.1635 - accuracy: 0.88298
Validating epoch 11 | loss: 1.18291 - accuracy: 0.86408
Training epoch 12 | loss: 1.1806 - accuracy: 0.86383
Validating epoch 12 | loss: 1.18167 - accuracy: 0.86408
Training epoch 13 | loss: 1.17092 - accuracy: 0.87234
Validating epoch 13 | loss: 1.17589 - accuracy: 0.86408
Training epoch 14 | loss: 1.16476 - accuracy: 0.87872
Validating epoch 14 | loss: 1.17167 - accuracy: 0.87379
Training epoch 15 | loss: 1.16477 - accuracy: 0.87553
Validating epoch 15 | loss: 1.17564 - accuracy: 0.86408
Training epoch 16 | loss: 1.16751 - accuracy: 0.88085
Validating epoch 16 | loss: 1.17536 - accuracy: 0.86408
Training epoch 17 | loss: 1.169 - accuracy: 0.87979
Validating epoch 17 | loss: 1.17054 - accuracy: 0.87379
Training epoch 18 | loss: 1.15865 - accuracy: 0.88404
Validating epoch 18 | loss: 1.16945 - accuracy: 0.87379
Training epoch 19 | loss: 1.16208 - accuracy: 0.88191
Validating epoch 19 | loss: 1.17813 - accuracy: 0.85437
Training epoch 20 | loss: 1.1702 - accuracy: 0.88085
Validating epoch 20 | loss: 1.17825 - accuracy: 0.86408
Training epoch 21 | loss: 1.16382 - accuracy: 0.8883
Validating epoch 21 | loss: 1.1703 - accuracy: 0.87379
Training epoch 22 | loss: 1.14754 - accuracy: 0.89255
Validating epoch 22 | loss: 1.1707 - accuracy: 0.87379
Training epoch 23 | loss: 1.1501 - accuracy: 0.89468
Validating epoch 23 | loss: 1.17007 - accuracy: 0.87379
Training epoch 24 | loss: 1.14818 - accuracy: 0.89468
Validating epoch 24 | loss: 1.16857 - accuracy: 0.87379
Training epoch 25 | loss: 1.14585 - accuracy: 0.89894
Validating epoch 25 | loss: 1.16059 - accuracy: 0.8835
Training epoch 26 | loss: 1.14266 - accuracy: 0.89787
Validating epoch 26 | loss: 1.15494 - accuracy: 0.8932
Training epoch 27 | loss: 1.16505 - accuracy: 0.8766
Validating epoch 27 | loss: 1.18895 - accuracy: 0.85437
Training epoch 28 | loss: 1.17763 - accuracy: 0.86702
Validating epoch 28 | loss: 1.19734 - accuracy: 0.84466
Training epoch 29 | loss: 1.16909 - accuracy: 0.8766
Validating epoch 29 | loss: 1.17694 - accuracy: 0.86408
Training epoch 30 | loss: 1.14625 - accuracy: 0.89362
Validating epoch 30 | loss: 1.16995 - accuracy: 0.87379
Training epoch 31 | loss: 1.15609 - accuracy: 0.88511
Validating epoch 31 | loss: 1.17067 - accuracy: 0.87379
Training epoch 32 | loss: 1.15882 - accuracy: 0.87979
Validating epoch 32 | loss: 1.17302 - accuracy: 0.87379
Training epoch 33 | loss: 1.15442 - accuracy: 0.88936
Validating epoch 33 | loss: 1.17164 - accuracy: 0.87379
Training epoch 34 | loss: 1.14136 - accuracy: 0.9
Validating epoch 34 | loss: 1.16984 - accuracy: 0.87379
Training epoch 35 | loss: 1.14077 - accuracy: 0.90426
Validating epoch 35 | loss: 1.168 - accuracy: 0.87379
Training epoch 36 | loss: 1.13088 - accuracy: 0.90851
Validating epoch 36 | loss: 1.16363 - accuracy: 0.8835
Training epoch 37 | loss: 1.13968 - accuracy: 0.90532
Validating epoch 37 | loss: 1.17055 - accuracy: 0.87379
Training epoch 38 | loss: 1.13849 - accuracy: 0.90638
Validating epoch 38 | loss: 1.16156 - accuracy: 0.8835
Training epoch 39 | loss: 1.13414 - accuracy: 0.91064
Validating epoch 39 | loss: 1.1605 - accuracy: 0.8835
Training epoch 40 | loss: 1.13732 - accuracy: 0.91064
Validating epoch 40 | loss: 1.16082 - accuracy: 0.8835
Training epoch 41 | loss: 1.13569 - accuracy: 0.90319
Validating epoch 41 | loss: 1.16949 - accuracy: 0.87379
Training epoch 42 | loss: 1.14916 - accuracy: 0.89574
Validating epoch 42 | loss: 1.16987 - accuracy: 0.87379
Training epoch 43 | loss: 1.1363 - accuracy: 0.90957
Validating epoch 43 | loss: 1.16904 - accuracy: 0.87379
Training epoch 44 | loss: 1.13118 - accuracy: 0.90957
Validating epoch 44 | loss: 1.16986 - accuracy: 0.87379
Training epoch 45 | loss: 1.13606 - accuracy: 0.90745
Validating epoch 45 | loss: 1.16247 - accuracy: 0.8835
Training epoch 46 | loss: 1.13457 - accuracy: 0.90957
Validating epoch 46 | loss: 1.16909 - accuracy: 0.87379
Training epoch 47 | loss: 1.13631 - accuracy: 0.90957
Validating epoch 47 | loss: 1.16978 - accuracy: 0.87379
Training epoch 48 | loss: 1.13357 - accuracy: 0.91064
Validating epoch 48 | loss: 1.16981 - accuracy: 0.87379
Training epoch 49 | loss: 1.13143 - accuracy: 0.91064
Validating epoch 49 | loss: 1.1698 - accuracy: 0.87379
Training epoch 50 | loss: 1.13145 - accuracy: 0.91064
Validating epoch 50 | loss: 1.1698 - accuracy: 0.87379
Training epoch 51 | loss: 1.13142 - accuracy: 0.91064
Validating epoch 51 | loss: 1.1698 - accuracy: 0.87379
Training epoch 52 | loss: 1.13146 - accuracy: 0.91064
Validating epoch 52 | loss: 1.16978 - accuracy: 0.87379
Training epoch 53 | loss: 1.13146 - accuracy: 0.91064
Validating epoch 53 | loss: 1.16972 - accuracy: 0.87379
Training epoch 54 | loss: 1.12962 - accuracy: 0.91064
Validating epoch 54 | loss: 1.16962 - accuracy: 0.87379
Training epoch 55 | loss: 1.13512 - accuracy: 0.91064
Validating epoch 55 | loss: 1.16955 - accuracy: 0.87379
Training epoch 56 | loss: 1.1314 - accuracy: 0.91064
Validating epoch 56 | loss: 1.16953 - accuracy: 0.87379
Training epoch 57 | loss: 1.13512 - accuracy: 0.91064
Validating epoch 57 | loss: 1.16954 - accuracy: 0.87379
Training epoch 58 | loss: 1.12764 - accuracy: 0.91064
Validating epoch 58 | loss: 1.16953 - accuracy: 0.87379
Training epoch 59 | loss: 1.13699 - accuracy: 0.91064
Validating epoch 59 | loss: 1.16953 - accuracy: 0.87379
Training epoch 60 | loss: 1.13324 - accuracy: 0.91064
Validating epoch 60 | loss: 1.16952 - accuracy: 0.87379
Training epoch 61 | loss: 1.13139 - accuracy: 0.91064
Validating epoch 61 | loss: 1.16959 - accuracy: 0.87379
Training epoch 62 | loss: 1.13696 - accuracy: 0.91064
Validating epoch 62 | loss: 1.16978 - accuracy: 0.87379
Training epoch 63 | loss: 1.13323 - accuracy: 0.91064
Validating epoch 63 | loss: 1.1698 - accuracy: 0.87379
Training epoch 64 | loss: 1.12948 - accuracy: 0.91064
Validating epoch 64 | loss: 1.16981 - accuracy: 0.87379
Training epoch 65 | loss: 1.1351 - accuracy: 0.91064
Validating epoch 65 | loss: 1.16981 - accuracy: 0.87379
Training epoch 66 | loss: 1.13323 - accuracy: 0.91064
Validating epoch 66 | loss: 1.16981 - accuracy: 0.87379
Training epoch 67 | loss: 1.13138 - accuracy: 0.91064
Validating epoch 67 | loss: 1.1698 - accuracy: 0.87379
Training epoch 68 | loss: 1.13319 - accuracy: 0.91064
Validating epoch 68 | loss: 1.1698 - accuracy: 0.87379
Training epoch 69 | loss: 1.13511 - accuracy: 0.91064
Validating epoch 69 | loss: 1.1698 - accuracy: 0.87379
Training epoch 70 | loss: 1.13132 - accuracy: 0.91064
Validating epoch 70 | loss: 1.16979 - accuracy: 0.87379
Training epoch 71 | loss: 1.13131 - accuracy: 0.91064
Validating epoch 71 | loss: 1.16979 - accuracy: 0.87379
Training epoch 72 | loss: 1.13878 - accuracy: 0.91064
Validating epoch 72 | loss: 1.16978 - accuracy: 0.87379
Training epoch 73 | loss: 1.13319 - accuracy: 0.91064
Validating epoch 73 | loss: 1.16978 - accuracy: 0.87379
Training epoch 74 | loss: 1.13505 - accuracy: 0.91064
Validating epoch 74 | loss: 1.16978 - accuracy: 0.87379
Training epoch 75 | loss: 1.13322 - accuracy: 0.91064
Validating epoch 75 | loss: 1.16978 - accuracy: 0.87379
Training epoch 76 | loss: 1.13505 - accuracy: 0.91064
Validating epoch 76 | loss: 1.16978 - accuracy: 0.87379
Training epoch 77 | loss: 1.12571 - accuracy: 0.91064
Validating epoch 77 | loss: 1.16977 - accuracy: 0.87379
Training epoch 78 | loss: 1.14063 - accuracy: 0.91064
Validating epoch 78 | loss: 1.16977 - accuracy: 0.87379
Training epoch 79 | loss: 1.13322 - accuracy: 0.91064
Validating epoch 79 | loss: 1.16977 - accuracy: 0.87379
Training epoch 80 | loss: 1.1369 - accuracy: 0.91064
Validating epoch 80 | loss: 1.16977 - accuracy: 0.87379
Training epoch 81 | loss: 1.13687 - accuracy: 0.91064
Validating epoch 81 | loss: 1.16977 - accuracy: 0.87379
Training epoch 82 | loss: 1.1369 - accuracy: 0.91064
Validating epoch 82 | loss: 1.16977 - accuracy: 0.87379
Training epoch 83 | loss: 1.12942 - accuracy: 0.91064
Validating epoch 83 | loss: 1.16977 - accuracy: 0.87379
Training epoch 84 | loss: 1.12759 - accuracy: 0.91064
Validating epoch 84 | loss: 1.16977 - accuracy: 0.87379
Training epoch 85 | loss: 1.13504 - accuracy: 0.91064
Validating epoch 85 | loss: 1.16976 - accuracy: 0.87379
Training epoch 86 | loss: 1.12755 - accuracy: 0.91064
Validating epoch 86 | loss: 1.16976 - accuracy: 0.87379
Training epoch 87 | loss: 1.12944 - accuracy: 0.91064
Validating epoch 87 | loss: 1.16976 - accuracy: 0.87379
Training epoch 88 | loss: 1.13316 - accuracy: 0.91064
Validating epoch 88 | loss: 1.16975 - accuracy: 0.87379
Training epoch 89 | loss: 1.13689 - accuracy: 0.91064
Validating epoch 89 | loss: 1.16975 - accuracy: 0.87379
Training epoch 90 | loss: 1.1313 - accuracy: 0.91064
Validating epoch 90 | loss: 1.16974 - accuracy: 0.87379
Training epoch 91 | loss: 1.13315 - accuracy: 0.91064
Validating epoch 91 | loss: 1.16974 - accuracy: 0.87379
Training epoch 92 | loss: 1.13317 - accuracy: 0.91064
Validating epoch 92 | loss: 1.16974 - accuracy: 0.87379
Training epoch 93 | loss: 1.1406 - accuracy: 0.91064
Validating epoch 93 | loss: 1.16974 - accuracy: 0.87379
Training epoch 94 | loss: 1.13688 - accuracy: 0.91064
Validating epoch 94 | loss: 1.16974 - accuracy: 0.87379
Training epoch 95 | loss: 1.13124 - accuracy: 0.91064
Validating epoch 95 | loss: 1.16973 - accuracy: 0.87379
Training epoch 96 | loss: 1.13316 - accuracy: 0.91064
Validating epoch 96 | loss: 1.16973 - accuracy: 0.87379
Training epoch 97 | loss: 1.13501 - accuracy: 0.91064
Validating epoch 97 | loss: 1.16973 - accuracy: 0.87379
Training epoch 98 | loss: 1.13316 - accuracy: 0.91064
Validating epoch 98 | loss: 1.16972 - accuracy: 0.87379
Training epoch 99 | loss: 1.13121 - accuracy: 0.91064
Validating epoch 99 | loss: 1.16972 - accuracy: 0.87379
Model is RNN, dataset is sfu, undersample is False, aug mode is None, geo is 0.5, pct_usage is None, small_label is 1, small_prop is 0.9, balance_seed is 0, lr is 0.001, max_epochs is 100, split_num is 4
Training epoch 0 | loss: 1.79966 - accuracy: 0.01064
Validating epoch 0 | loss: 1.78732 - accuracy: 0.35922
Training epoch 1 | loss: 1.76977 - accuracy: 0.42234
Validating epoch 1 | loss: 1.73528 - accuracy: 0.53398
Training epoch 2 | loss: 1.68903 - accuracy: 0.53298
Validating epoch 2 | loss: 1.61302 - accuracy: 0.53398
Training epoch 3 | loss: 1.5557 - accuracy: 0.58404
Validating epoch 3 | loss: 1.4499 - accuracy: 0.87379
Training epoch 4 | loss: 1.40308 - accuracy: 0.8
Validating epoch 4 | loss: 1.30075 - accuracy: 0.87379
Training epoch 5 | loss: 1.28147 - accuracy: 0.8734
Validating epoch 5 | loss: 1.20778 - accuracy: 0.87379
Training epoch 6 | loss: 1.21161 - accuracy: 0.86809
Validating epoch 6 | loss: 1.19046 - accuracy: 0.86408
Training epoch 7 | loss: 1.19662 - accuracy: 0.86489
Validating epoch 7 | loss: 1.17309 - accuracy: 0.87379
Training epoch 8 | loss: 1.1766 - accuracy: 0.88085
Validating epoch 8 | loss: 1.17537 - accuracy: 0.86408
Training epoch 9 | loss: 1.17915 - accuracy: 0.8734
Validating epoch 9 | loss: 1.17664 - accuracy: 0.86408
Training epoch 10 | loss: 1.17789 - accuracy: 0.87447
Validating epoch 10 | loss: 1.17157 - accuracy: 0.87379
Training epoch 11 | loss: 1.17391 - accuracy: 0.87234
Validating epoch 11 | loss: 1.17286 - accuracy: 0.87379
Training epoch 12 | loss: 1.17332 - accuracy: 0.87128
Validating epoch 12 | loss: 1.18088 - accuracy: 0.85437
Training epoch 13 | loss: 1.17054 - accuracy: 0.87128
Validating epoch 13 | loss: 1.17994 - accuracy: 0.85437
Training epoch 14 | loss: 1.17474 - accuracy: 0.87553
Validating epoch 14 | loss: 1.17166 - accuracy: 0.87379
Training epoch 15 | loss: 1.17479 - accuracy: 0.87553
Validating epoch 15 | loss: 1.16992 - accuracy: 0.87379
Training epoch 16 | loss: 1.17323 - accuracy: 0.87234
Validating epoch 16 | loss: 1.18281 - accuracy: 0.85437
Training epoch 17 | loss: 1.16735 - accuracy: 0.87128
Validating epoch 17 | loss: 1.18344 - accuracy: 0.85437
Training epoch 18 | loss: 1.17838 - accuracy: 0.87553
Validating epoch 18 | loss: 1.17931 - accuracy: 0.86408
Training epoch 19 | loss: 1.16408 - accuracy: 0.87979
Validating epoch 19 | loss: 1.1772 - accuracy: 0.86408
Training epoch 20 | loss: 1.1608 - accuracy: 0.88085
Validating epoch 20 | loss: 1.18452 - accuracy: 0.86408
Training epoch 21 | loss: 1.17106 - accuracy: 0.87872
Validating epoch 21 | loss: 1.17857 - accuracy: 0.86408
Training epoch 22 | loss: 1.16699 - accuracy: 0.88191
Validating epoch 22 | loss: 1.1847 - accuracy: 0.85437
Training epoch 23 | loss: 1.16544 - accuracy: 0.8766
Validating epoch 23 | loss: 1.18042 - accuracy: 0.86408
Training epoch 24 | loss: 1.17675 - accuracy: 0.86915
Validating epoch 24 | loss: 1.1811 - accuracy: 0.86408
Training epoch 25 | loss: 1.16571 - accuracy: 0.8766
Validating epoch 25 | loss: 1.17873 - accuracy: 0.86408
Training epoch 26 | loss: 1.1643 - accuracy: 0.88191
Validating epoch 26 | loss: 1.18148 - accuracy: 0.85437
Training epoch 27 | loss: 1.17489 - accuracy: 0.87447
Validating epoch 27 | loss: 1.18072 - accuracy: 0.86408
Training epoch 28 | loss: 1.16217 - accuracy: 0.87766
Validating epoch 28 | loss: 1.18133 - accuracy: 0.86408
Training epoch 29 | loss: 1.16159 - accuracy: 0.87766
Validating epoch 29 | loss: 1.18025 - accuracy: 0.86408
Training epoch 30 | loss: 1.1575 - accuracy: 0.88723
Validating epoch 30 | loss: 1.17977 - accuracy: 0.86408
Training epoch 31 | loss: 1.16111 - accuracy: 0.88511
Validating epoch 31 | loss: 1.17937 - accuracy: 0.86408
Training epoch 32 | loss: 1.15906 - accuracy: 0.88298
Validating epoch 32 | loss: 1.19151 - accuracy: 0.84466
Training epoch 33 | loss: 1.16992 - accuracy: 0.87234
Validating epoch 33 | loss: 1.17944 - accuracy: 0.86408
Training epoch 34 | loss: 1.16139 - accuracy: 0.88617
Validating epoch 34 | loss: 1.1796 - accuracy: 0.86408
Training epoch 35 | loss: 1.15848 - accuracy: 0.8883
Validating epoch 35 | loss: 1.17993 - accuracy: 0.86408
Training epoch 36 | loss: 1.15987 - accuracy: 0.88298
Validating epoch 36 | loss: 1.18101 - accuracy: 0.86408
Training epoch 37 | loss: 1.15892 - accuracy: 0.88617
Validating epoch 37 | loss: 1.17966 - accuracy: 0.86408
Training epoch 38 | loss: 1.17711 - accuracy: 0.86277
Validating epoch 38 | loss: 1.18037 - accuracy: 0.86408
Training epoch 39 | loss: 1.15884 - accuracy: 0.89468
Validating epoch 39 | loss: 1.18833 - accuracy: 0.85437
Training epoch 40 | loss: 1.14448 - accuracy: 0.89681
Validating epoch 40 | loss: 1.1881 - accuracy: 0.85437
Training epoch 41 | loss: 1.14446 - accuracy: 0.89787
Validating epoch 41 | loss: 1.18833 - accuracy: 0.85437
Training epoch 42 | loss: 1.14616 - accuracy: 0.89787
Validating epoch 42 | loss: 1.20855 - accuracy: 0.83495
Training epoch 43 | loss: 1.1386 - accuracy: 0.90106
Validating epoch 43 | loss: 1.18166 - accuracy: 0.86408
Training epoch 44 | loss: 1.14596 - accuracy: 0.88936
Validating epoch 44 | loss: 1.17512 - accuracy: 0.87379
Training epoch 45 | loss: 1.1364 - accuracy: 0.90957
Validating epoch 45 | loss: 1.1797 - accuracy: 0.86408
Training epoch 46 | loss: 1.13529 - accuracy: 0.90532
Validating epoch 46 | loss: 1.17411 - accuracy: 0.87379
Training epoch 47 | loss: 1.12808 - accuracy: 0.91064
Validating epoch 47 | loss: 1.17101 - accuracy: 0.87379
Training epoch 48 | loss: 1.13959 - accuracy: 0.9
Validating epoch 48 | loss: 1.18245 - accuracy: 0.86408
Training epoch 49 | loss: 1.14332 - accuracy: 0.90532
Validating epoch 49 | loss: 1.1969 - accuracy: 0.84466
Training epoch 50 | loss: 1.16232 - accuracy: 0.8766
Validating epoch 50 | loss: 1.18125 - accuracy: 0.86408
Training epoch 51 | loss: 1.15169 - accuracy: 0.88617
Validating epoch 51 | loss: 1.17553 - accuracy: 0.87379
Training epoch 52 | loss: 1.14563 - accuracy: 0.89681
Validating epoch 52 | loss: 1.17956 - accuracy: 0.86408
Training epoch 53 | loss: 1.13789 - accuracy: 0.90532
Validating epoch 53 | loss: 1.17952 - accuracy: 0.86408
Training epoch 54 | loss: 1.13022 - accuracy: 0.91064
Validating epoch 54 | loss: 1.1781 - accuracy: 0.86408
Training epoch 55 | loss: 1.13631 - accuracy: 0.90957
Validating epoch 55 | loss: 1.17308 - accuracy: 0.87379
Training epoch 56 | loss: 1.13623 - accuracy: 0.90957
Validating epoch 56 | loss: 1.17925 - accuracy: 0.86408
Training epoch 57 | loss: 1.13116 - accuracy: 0.91277
Validating epoch 57 | loss: 1.17329 - accuracy: 0.87379
Training epoch 58 | loss: 1.12791 - accuracy: 0.91064
Validating epoch 58 | loss: 1.16989 - accuracy: 0.87379
Training epoch 59 | loss: 1.13763 - accuracy: 0.90532
Validating epoch 59 | loss: 1.17049 - accuracy: 0.87379
Training epoch 60 | loss: 1.13092 - accuracy: 0.9117
Validating epoch 60 | loss: 1.17098 - accuracy: 0.87379
Training epoch 61 | loss: 1.13266 - accuracy: 0.91596
Validating epoch 61 | loss: 1.1747 - accuracy: 0.86408
Training epoch 62 | loss: 1.12511 - accuracy: 0.91809
Validating epoch 62 | loss: 1.1699 - accuracy: 0.87379
Training epoch 63 | loss: 1.12288 - accuracy: 0.91596
Validating epoch 63 | loss: 1.17442 - accuracy: 0.87379
Training epoch 64 | loss: 1.13883 - accuracy: 0.90851
Validating epoch 64 | loss: 1.21857 - accuracy: 0.82524
Training epoch 65 | loss: 1.16632 - accuracy: 0.87447
Validating epoch 65 | loss: 1.16986 - accuracy: 0.87379
Training epoch 66 | loss: 1.13807 - accuracy: 0.90957
Validating epoch 66 | loss: 1.16984 - accuracy: 0.87379
Training epoch 67 | loss: 1.13541 - accuracy: 0.91277
Validating epoch 67 | loss: 1.16984 - accuracy: 0.87379
Training epoch 68 | loss: 1.13349 - accuracy: 0.91596
Validating epoch 68 | loss: 1.17958 - accuracy: 0.86408
Training epoch 69 | loss: 1.12116 - accuracy: 0.92128
Validating epoch 69 | loss: 1.17956 - accuracy: 0.86408
Training epoch 70 | loss: 1.13204 - accuracy: 0.91809
Validating epoch 70 | loss: 1.16986 - accuracy: 0.87379
Training epoch 71 | loss: 1.12303 - accuracy: 0.91915
Validating epoch 71 | loss: 1.16985 - accuracy: 0.87379
Training epoch 72 | loss: 1.12419 - accuracy: 0.92128
Validating epoch 72 | loss: 1.17096 - accuracy: 0.87379
Training epoch 73 | loss: 1.13511 - accuracy: 0.90319
Validating epoch 73 | loss: 1.17135 - accuracy: 0.87379
Training epoch 74 | loss: 1.13053 - accuracy: 0.91383
Validating epoch 74 | loss: 1.16989 - accuracy: 0.87379
Training epoch 75 | loss: 1.12671 - accuracy: 0.92021
Validating epoch 75 | loss: 1.17001 - accuracy: 0.87379
Training epoch 76 | loss: 1.12606 - accuracy: 0.91915
Validating epoch 76 | loss: 1.18455 - accuracy: 0.85437
Training epoch 77 | loss: 1.14117 - accuracy: 0.90426
Validating epoch 77 | loss: 1.16989 - accuracy: 0.87379
Training epoch 78 | loss: 1.13216 - accuracy: 0.91383
Validating epoch 78 | loss: 1.16982 - accuracy: 0.87379
Training epoch 79 | loss: 1.12151 - accuracy: 0.92128
Validating epoch 79 | loss: 1.17116 - accuracy: 0.87379
Training epoch 80 | loss: 1.12662 - accuracy: 0.91809
Validating epoch 80 | loss: 1.16985 - accuracy: 0.87379
Training epoch 81 | loss: 1.12109 - accuracy: 0.92234
Validating epoch 81 | loss: 1.17015 - accuracy: 0.87379
Training epoch 82 | loss: 1.12404 - accuracy: 0.92128
Validating epoch 82 | loss: 1.1699 - accuracy: 0.87379
Training epoch 83 | loss: 1.11988 - accuracy: 0.92128
Validating epoch 83 | loss: 1.1703 - accuracy: 0.87379
Training epoch 84 | loss: 1.12824 - accuracy: 0.92021
Validating epoch 84 | loss: 1.16989 - accuracy: 0.87379
Training epoch 85 | loss: 1.12588 - accuracy: 0.91915
Validating epoch 85 | loss: 1.19269 - accuracy: 0.85437
Training epoch 86 | loss: 1.12641 - accuracy: 0.91809
Validating epoch 86 | loss: 1.16427 - accuracy: 0.8835
Training epoch 87 | loss: 1.1224 - accuracy: 0.91702
Validating epoch 87 | loss: 1.17631 - accuracy: 0.86408
Training epoch 88 | loss: 1.14987 - accuracy: 0.89149
Validating epoch 88 | loss: 1.17568 - accuracy: 0.86408
Training epoch 89 | loss: 1.13281 - accuracy: 0.91277
Validating epoch 89 | loss: 1.16099 - accuracy: 0.8835
Training epoch 90 | loss: 1.12165 - accuracy: 0.91809
Validating epoch 90 | loss: 1.16983 - accuracy: 0.87379
Training epoch 91 | loss: 1.11979 - accuracy: 0.9234
Validating epoch 91 | loss: 1.17018 - accuracy: 0.87379
Training epoch 92 | loss: 1.11541 - accuracy: 0.92447
Validating epoch 92 | loss: 1.16982 - accuracy: 0.87379
Training epoch 93 | loss: 1.12276 - accuracy: 0.92447
Validating epoch 93 | loss: 1.16983 - accuracy: 0.87379
Training epoch 94 | loss: 1.12142 - accuracy: 0.92553
Validating epoch 94 | loss: 1.16999 - accuracy: 0.87379
Training epoch 95 | loss: 1.11315 - accuracy: 0.9266
Validating epoch 95 | loss: 1.16983 - accuracy: 0.87379
Training epoch 96 | loss: 1.1177 - accuracy: 0.92553
Validating epoch 96 | loss: 1.16983 - accuracy: 0.87379
Training epoch 97 | loss: 1.1196 - accuracy: 0.92553
Validating epoch 97 | loss: 1.16982 - accuracy: 0.87379
Training epoch 98 | loss: 1.11351 - accuracy: 0.9266
Validating epoch 98 | loss: 1.16982 - accuracy: 0.87379
Training epoch 99 | loss: 1.11295 - accuracy: 0.9266
Validating epoch 99 | loss: 1.16985 - accuracy: 0.87379
Model is RNN, dataset is sfu, undersample is True, aug mode is None, geo is 0.5, pct_usage is None, small_label is 1, small_prop is 0.9, balance_seed is 0, lr is 0.001, max_epochs is 100, split_num is 4
Training epoch 0 | loss: 1.78037 - accuracy: 0.47553
Validating epoch 0 | loss: 1.75936 - accuracy: 0.57282
Training epoch 1 | loss: 1.72181 - accuracy: 0.56809
Validating epoch 1 | loss: 1.65707 - accuracy: 0.53398
Training epoch 2 | loss: 1.59034 - accuracy: 0.53085
Validating epoch 2 | loss: 1.52194 - accuracy: 0.53398
Training epoch 3 | loss: 1.50933 - accuracy: 0.53085
Validating epoch 3 | loss: 1.46596 - accuracy: 0.53398
Training epoch 4 | loss: 1.44571 - accuracy: 0.53085
Validating epoch 4 | loss: 1.42232 - accuracy: 0.53398
Training epoch 5 | loss: 1.40625 - accuracy: 0.55319
Validating epoch 5 | loss: 1.368 - accuracy: 0.53398
Training epoch 6 | loss: 1.36235 - accuracy: 0.77128
Validating epoch 6 | loss: 1.30581 - accuracy: 0.87379
Training epoch 7 | loss: 1.29598 - accuracy: 0.87553
Validating epoch 7 | loss: 1.25197 - accuracy: 0.86408
Training epoch 8 | loss: 1.23593 - accuracy: 0.8734
Validating epoch 8 | loss: 1.20142 - accuracy: 0.87379
Training epoch 9 | loss: 1.20225 - accuracy: 0.8766
Validating epoch 9 | loss: 1.18017 - accuracy: 0.87379
Training epoch 10 | loss: 1.18014 - accuracy: 0.87128
Validating epoch 10 | loss: 1.1734 - accuracy: 0.87379
Training epoch 11 | loss: 1.17262 - accuracy: 0.8766
Validating epoch 11 | loss: 1.18339 - accuracy: 0.86408
Training epoch 12 | loss: 1.16627 - accuracy: 0.8766
Validating epoch 12 | loss: 1.17031 - accuracy: 0.87379
Training epoch 13 | loss: 1.17016 - accuracy: 0.87021
Validating epoch 13 | loss: 1.181 - accuracy: 0.86408
Training epoch 14 | loss: 1.1717 - accuracy: 0.87234
Validating epoch 14 | loss: 1.17618 - accuracy: 0.86408
Training epoch 15 | loss: 1.1725 - accuracy: 0.87553
Validating epoch 15 | loss: 1.17009 - accuracy: 0.87379
Training epoch 16 | loss: 1.16134 - accuracy: 0.88085
Validating epoch 16 | loss: 1.18155 - accuracy: 0.86408
Training epoch 17 | loss: 1.17012 - accuracy: 0.87553
Validating epoch 17 | loss: 1.18018 - accuracy: 0.86408
Training epoch 18 | loss: 1.16549 - accuracy: 0.87447
Validating epoch 18 | loss: 1.18011 - accuracy: 0.86408
Training epoch 19 | loss: 1.1668 - accuracy: 0.8766
Validating epoch 19 | loss: 1.17365 - accuracy: 0.87379
Training epoch 20 | loss: 1.16429 - accuracy: 0.88298
Validating epoch 20 | loss: 1.17413 - accuracy: 0.86408
Training epoch 21 | loss: 1.16481 - accuracy: 0.88085
Validating epoch 21 | loss: 1.17844 - accuracy: 0.86408
Training epoch 22 | loss: 1.15885 - accuracy: 0.87872
Validating epoch 22 | loss: 1.17702 - accuracy: 0.86408
Training epoch 23 | loss: 1.16174 - accuracy: 0.8883
Validating epoch 23 | loss: 1.16178 - accuracy: 0.8835
Training epoch 24 | loss: 1.16156 - accuracy: 0.87766
Validating epoch 24 | loss: 1.17814 - accuracy: 0.86408
Training epoch 25 | loss: 1.16031 - accuracy: 0.88617
Validating epoch 25 | loss: 1.17873 - accuracy: 0.86408
Training epoch 26 | loss: 1.15408 - accuracy: 0.88723
Validating epoch 26 | loss: 1.17789 - accuracy: 0.86408
Training epoch 27 | loss: 1.15208 - accuracy: 0.88617
Validating epoch 27 | loss: 1.17214 - accuracy: 0.87379
Training epoch 28 | loss: 1.16514 - accuracy: 0.88085
Validating epoch 28 | loss: 1.1898 - accuracy: 0.85437
Training epoch 29 | loss: 1.17729 - accuracy: 0.86596
Validating epoch 29 | loss: 1.1728 - accuracy: 0.87379
Training epoch 30 | loss: 1.15995 - accuracy: 0.88617
Validating epoch 30 | loss: 1.17943 - accuracy: 0.86408
Training epoch 31 | loss: 1.15336 - accuracy: 0.88723
Validating epoch 31 | loss: 1.18064 - accuracy: 0.86408
Training epoch 32 | loss: 1.16712 - accuracy: 0.8766
Validating epoch 32 | loss: 1.18678 - accuracy: 0.85437
Training epoch 33 | loss: 1.14536 - accuracy: 0.89468
Validating epoch 33 | loss: 1.17261 - accuracy: 0.87379
Training epoch 34 | loss: 1.16303 - accuracy: 0.88191
Validating epoch 34 | loss: 1.18318 - accuracy: 0.85437
Training epoch 35 | loss: 1.15417 - accuracy: 0.89149
Validating epoch 35 | loss: 1.17313 - accuracy: 0.87379
Training epoch 36 | loss: 1.14396 - accuracy: 0.9
Validating epoch 36 | loss: 1.17292 - accuracy: 0.87379
Training epoch 37 | loss: 1.14586 - accuracy: 0.89681
Validating epoch 37 | loss: 1.17384 - accuracy: 0.87379
Training epoch 38 | loss: 1.14156 - accuracy: 0.89894
Validating epoch 38 | loss: 1.17828 - accuracy: 0.86408
Training epoch 39 | loss: 1.14178 - accuracy: 0.9
Validating epoch 39 | loss: 1.1712 - accuracy: 0.87379
Training epoch 40 | loss: 1.1549 - accuracy: 0.88936
Validating epoch 40 | loss: 1.17968 - accuracy: 0.86408
Training epoch 41 | loss: 1.15584 - accuracy: 0.88617
Validating epoch 41 | loss: 1.1699 - accuracy: 0.87379
Training epoch 42 | loss: 1.15889 - accuracy: 0.88404
Validating epoch 42 | loss: 1.2014 - accuracy: 0.84466
Training epoch 43 | loss: 1.16867 - accuracy: 0.8766
Validating epoch 43 | loss: 1.16977 - accuracy: 0.87379
Training epoch 44 | loss: 1.14319 - accuracy: 0.89787
Validating epoch 44 | loss: 1.17103 - accuracy: 0.87379
Training epoch 45 | loss: 1.13779 - accuracy: 0.90106
Validating epoch 45 | loss: 1.18001 - accuracy: 0.86408
Training epoch 46 | loss: 1.1582 - accuracy: 0.88191
Validating epoch 46 | loss: 1.19437 - accuracy: 0.84466
Training epoch 47 | loss: 1.15154 - accuracy: 0.89362
Validating epoch 47 | loss: 1.17003 - accuracy: 0.87379
Training epoch 48 | loss: 1.16033 - accuracy: 0.87872
Validating epoch 48 | loss: 1.18557 - accuracy: 0.85437
Training epoch 49 | loss: 1.1439 - accuracy: 0.89894
Validating epoch 49 | loss: 1.17021 - accuracy: 0.87379
Training epoch 50 | loss: 1.13835 - accuracy: 0.90106
Validating epoch 50 | loss: 1.17325 - accuracy: 0.87379
Training epoch 51 | loss: 1.14024 - accuracy: 0.90745
Validating epoch 51 | loss: 1.18036 - accuracy: 0.86408
Training epoch 52 | loss: 1.14574 - accuracy: 0.89468
Validating epoch 52 | loss: 1.1894 - accuracy: 0.85437
Training epoch 53 | loss: 1.14829 - accuracy: 0.89681
Validating epoch 53 | loss: 1.16983 - accuracy: 0.87379
Training epoch 54 | loss: 1.15504 - accuracy: 0.9
Validating epoch 54 | loss: 1.17785 - accuracy: 0.86408
Training epoch 55 | loss: 1.14442 - accuracy: 0.89574
Validating epoch 55 | loss: 1.17621 - accuracy: 0.86408
Training epoch 56 | loss: 1.1512 - accuracy: 0.89362
Validating epoch 56 | loss: 1.17026 - accuracy: 0.87379
Training epoch 57 | loss: 1.14679 - accuracy: 0.90638
Validating epoch 57 | loss: 1.16986 - accuracy: 0.87379
Training epoch 58 | loss: 1.12945 - accuracy: 0.90851
Validating epoch 58 | loss: 1.1607 - accuracy: 0.8835
Training epoch 59 | loss: 1.13204 - accuracy: 0.91383
Validating epoch 59 | loss: 1.16349 - accuracy: 0.8835
Training epoch 60 | loss: 1.12542 - accuracy: 0.91596
Validating epoch 60 | loss: 1.16199 - accuracy: 0.8835
Training epoch 61 | loss: 1.12322 - accuracy: 0.91809
Validating epoch 61 | loss: 1.16925 - accuracy: 0.87379
Training epoch 62 | loss: 1.12425 - accuracy: 0.91809
Validating epoch 62 | loss: 1.16246 - accuracy: 0.8835
Training epoch 63 | loss: 1.12205 - accuracy: 0.91809
Validating epoch 63 | loss: 1.16127 - accuracy: 0.8835
Training epoch 64 | loss: 1.12361 - accuracy: 0.91915
Validating epoch 64 | loss: 1.16145 - accuracy: 0.8835
Training epoch 65 | loss: 1.12001 - accuracy: 0.91915
Validating epoch 65 | loss: 1.16101 - accuracy: 0.8835
Training epoch 66 | loss: 1.1312 - accuracy: 0.91915
Validating epoch 66 | loss: 1.16124 - accuracy: 0.8835
Training epoch 67 | loss: 1.12538 - accuracy: 0.91915
Validating epoch 67 | loss: 1.16379 - accuracy: 0.8835
Training epoch 68 | loss: 1.12526 - accuracy: 0.91915
Validating epoch 68 | loss: 1.17089 - accuracy: 0.87379
Training epoch 69 | loss: 1.12669 - accuracy: 0.92021
Validating epoch 69 | loss: 1.16301 - accuracy: 0.8835
Training epoch 70 | loss: 1.12511 - accuracy: 0.91915
Validating epoch 70 | loss: 1.16084 - accuracy: 0.8835
Training epoch 71 | loss: 1.12072 - accuracy: 0.92021
Validating epoch 71 | loss: 1.17343 - accuracy: 0.86408
Training epoch 72 | loss: 1.12144 - accuracy: 0.91915
Validating epoch 72 | loss: 1.16197 - accuracy: 0.8835
Training epoch 73 | loss: 1.12024 - accuracy: 0.92021
Validating epoch 73 | loss: 1.16015 - accuracy: 0.8835
Training epoch 74 | loss: 1.12242 - accuracy: 0.92021
Validating epoch 74 | loss: 1.1705 - accuracy: 0.87379
Training epoch 75 | loss: 1.13047 - accuracy: 0.91383
Validating epoch 75 | loss: 1.17309 - accuracy: 0.87379
Training epoch 76 | loss: 1.12587 - accuracy: 0.91702
Validating epoch 76 | loss: 1.16015 - accuracy: 0.8835
Training epoch 77 | loss: 1.12391 - accuracy: 0.92128
Validating epoch 77 | loss: 1.18978 - accuracy: 0.85437
Training epoch 78 | loss: 1.1498 - accuracy: 0.8883
Validating epoch 78 | loss: 1.17082 - accuracy: 0.87379
Training epoch 79 | loss: 1.13631 - accuracy: 0.90638
Validating epoch 79 | loss: 1.16243 - accuracy: 0.8835
Training epoch 80 | loss: 1.13103 - accuracy: 0.91915
Validating epoch 80 | loss: 1.17772 - accuracy: 0.86408
Training epoch 81 | loss: 1.12521 - accuracy: 0.91915
Validating epoch 81 | loss: 1.16403 - accuracy: 0.8835
Training epoch 82 | loss: 1.12523 - accuracy: 0.91702
Validating epoch 82 | loss: 1.17409 - accuracy: 0.87379
Training epoch 83 | loss: 1.129 - accuracy: 0.9117
Validating epoch 83 | loss: 1.17335 - accuracy: 0.87379
Training epoch 84 | loss: 1.13384 - accuracy: 0.90851
Validating epoch 84 | loss: 1.17068 - accuracy: 0.87379
Training epoch 85 | loss: 1.12683 - accuracy: 0.91383
Validating epoch 85 | loss: 1.16216 - accuracy: 0.8835
Training epoch 86 | loss: 1.13224 - accuracy: 0.90957
Validating epoch 86 | loss: 1.16981 - accuracy: 0.87379
Training epoch 87 | loss: 1.12929 - accuracy: 0.92128
Validating epoch 87 | loss: 1.16507 - accuracy: 0.87379
Training epoch 88 | loss: 1.12973 - accuracy: 0.91383
Validating epoch 88 | loss: 1.17653 - accuracy: 0.86408
Training epoch 89 | loss: 1.12942 - accuracy: 0.90638
Validating epoch 89 | loss: 1.17043 - accuracy: 0.87379
Training epoch 90 | loss: 1.12936 - accuracy: 0.91383
Validating epoch 90 | loss: 1.16011 - accuracy: 0.8835
Training epoch 91 | loss: 1.13051 - accuracy: 0.9117
Validating epoch 91 | loss: 1.16978 - accuracy: 0.87379
Training epoch 92 | loss: 1.12114 - accuracy: 0.92021
Validating epoch 92 | loss: 1.17127 - accuracy: 0.87379
Training epoch 93 | loss: 1.12149 - accuracy: 0.9234
Validating epoch 93 | loss: 1.17194 - accuracy: 0.87379
Training epoch 94 | loss: 1.12856 - accuracy: 0.92128
Validating epoch 94 | loss: 1.17908 - accuracy: 0.86408
Training epoch 95 | loss: 1.12731 - accuracy: 0.91702
Validating epoch 95 | loss: 1.17785 - accuracy: 0.86408
Training epoch 96 | loss: 1.12518 - accuracy: 0.91915
Validating epoch 96 | loss: 1.17877 - accuracy: 0.86408
Training epoch 97 | loss: 1.11537 - accuracy: 0.92234
Validating epoch 97 | loss: 1.17935 - accuracy: 0.86408
Training epoch 98 | loss: 1.12236 - accuracy: 0.92234
Validating epoch 98 | loss: 1.17949 - accuracy: 0.86408
Training epoch 99 | loss: 1.12338 - accuracy: 0.92234
Validating epoch 99 | loss: 1.17952 - accuracy: 0.86408
