Model is RNN, dataset is sfu, undersample is False, aug mode is None, geo is 0.5, pct_usage is None, small_label is 0, small_prop is 0.9, balance_seed is 0, lr is 0.001, max_epochs is 100, split_num is 0
Training epoch 0 | loss: 1.78282 - accuracy: 0.45319
Validating epoch 0 | loss: 1.76472 - accuracy: 0.46602
Training epoch 1 | loss: 1.73565 - accuracy: 0.54574
Validating epoch 1 | loss: 1.68781 - accuracy: 0.69903
Training epoch 2 | loss: 1.62634 - accuracy: 0.73404
Validating epoch 2 | loss: 1.54728 - accuracy: 0.80583
Training epoch 3 | loss: 1.48743 - accuracy: 0.65
Validating epoch 3 | loss: 1.43077 - accuracy: 0.80583
Training epoch 4 | loss: 1.377 - accuracy: 0.79894
Validating epoch 4 | loss: 1.35333 - accuracy: 0.79612
Training epoch 5 | loss: 1.29252 - accuracy: 0.8766
Validating epoch 5 | loss: 1.29017 - accuracy: 0.80583
Training epoch 6 | loss: 1.24265 - accuracy: 0.87447
Validating epoch 6 | loss: 1.25972 - accuracy: 0.80583
Training epoch 7 | loss: 1.2087 - accuracy: 0.87872
Validating epoch 7 | loss: 1.24908 - accuracy: 0.80583
Training epoch 8 | loss: 1.1965 - accuracy: 0.87553
Validating epoch 8 | loss: 1.2382 - accuracy: 0.81553
Training epoch 9 | loss: 1.18016 - accuracy: 0.87766
Validating epoch 9 | loss: 1.23873 - accuracy: 0.80583
Training epoch 10 | loss: 1.17091 - accuracy: 0.88298
Validating epoch 10 | loss: 1.26365 - accuracy: 0.7767
Training epoch 11 | loss: 1.17328 - accuracy: 0.87872
Validating epoch 11 | loss: 1.23731 - accuracy: 0.80583
Training epoch 12 | loss: 1.17477 - accuracy: 0.87234
Validating epoch 12 | loss: 1.22697 - accuracy: 0.81553
Training epoch 13 | loss: 1.16752 - accuracy: 0.8766
Validating epoch 13 | loss: 1.23652 - accuracy: 0.80583
Training epoch 14 | loss: 1.15984 - accuracy: 0.88085
Validating epoch 14 | loss: 1.23036 - accuracy: 0.81553
Training epoch 15 | loss: 1.1676 - accuracy: 0.88298
Validating epoch 15 | loss: 1.229 - accuracy: 0.81553
Training epoch 16 | loss: 1.16284 - accuracy: 0.88085
Validating epoch 16 | loss: 1.24538 - accuracy: 0.80583
Training epoch 17 | loss: 1.15679 - accuracy: 0.88723
Validating epoch 17 | loss: 1.24217 - accuracy: 0.80583
Training epoch 18 | loss: 1.16226 - accuracy: 0.88298
Validating epoch 18 | loss: 1.22281 - accuracy: 0.83495
Training epoch 19 | loss: 1.16365 - accuracy: 0.88298
Validating epoch 19 | loss: 1.23928 - accuracy: 0.80583
Training epoch 20 | loss: 1.15213 - accuracy: 0.8883
Validating epoch 20 | loss: 1.22819 - accuracy: 0.81553
Training epoch 21 | loss: 1.15857 - accuracy: 0.88617
Validating epoch 21 | loss: 1.23865 - accuracy: 0.80583
Training epoch 22 | loss: 1.16116 - accuracy: 0.88191
Validating epoch 22 | loss: 1.23045 - accuracy: 0.81553
Training epoch 23 | loss: 1.16261 - accuracy: 0.88298
Validating epoch 23 | loss: 1.21926 - accuracy: 0.82524
Training epoch 24 | loss: 1.1561 - accuracy: 0.89043
Validating epoch 24 | loss: 1.24601 - accuracy: 0.79612
Training epoch 25 | loss: 1.1506 - accuracy: 0.89574
Validating epoch 25 | loss: 1.22352 - accuracy: 0.81553
Training epoch 26 | loss: 1.1601 - accuracy: 0.88404
Validating epoch 26 | loss: 1.25185 - accuracy: 0.79612
Training epoch 27 | loss: 1.13789 - accuracy: 0.9
Validating epoch 27 | loss: 1.2289 - accuracy: 0.81553
Training epoch 28 | loss: 1.1429 - accuracy: 0.9
Validating epoch 28 | loss: 1.22811 - accuracy: 0.81553
Training epoch 29 | loss: 1.14004 - accuracy: 0.90319
Validating epoch 29 | loss: 1.22809 - accuracy: 0.81553
Training epoch 30 | loss: 1.13775 - accuracy: 0.90851
Validating epoch 30 | loss: 1.22169 - accuracy: 0.82524
Training epoch 31 | loss: 1.14095 - accuracy: 0.90532
Validating epoch 31 | loss: 1.2288 - accuracy: 0.81553
Training epoch 32 | loss: 1.13827 - accuracy: 0.90957
Validating epoch 32 | loss: 1.24174 - accuracy: 0.80583
Training epoch 33 | loss: 1.14484 - accuracy: 0.89681
Validating epoch 33 | loss: 1.23367 - accuracy: 0.80583
Training epoch 34 | loss: 1.14069 - accuracy: 0.90106
Validating epoch 34 | loss: 1.23637 - accuracy: 0.80583
Training epoch 35 | loss: 1.1389 - accuracy: 0.90745
Validating epoch 35 | loss: 1.2281 - accuracy: 0.81553
Training epoch 36 | loss: 1.13304 - accuracy: 0.90957
Validating epoch 36 | loss: 1.2527 - accuracy: 0.79612
Training epoch 37 | loss: 1.13749 - accuracy: 0.90745
Validating epoch 37 | loss: 1.22815 - accuracy: 0.81553
Training epoch 38 | loss: 1.13709 - accuracy: 0.90851
Validating epoch 38 | loss: 1.22083 - accuracy: 0.82524
Training epoch 39 | loss: 1.13459 - accuracy: 0.90851
Validating epoch 39 | loss: 1.23818 - accuracy: 0.80583
Training epoch 40 | loss: 1.13314 - accuracy: 0.90957
Validating epoch 40 | loss: 1.22752 - accuracy: 0.81553
Training epoch 41 | loss: 1.13014 - accuracy: 0.91383
Validating epoch 41 | loss: 1.22251 - accuracy: 0.82524
Training epoch 42 | loss: 1.12826 - accuracy: 0.91383
Validating epoch 42 | loss: 1.2283 - accuracy: 0.81553
Training epoch 43 | loss: 1.12506 - accuracy: 0.91277
Validating epoch 43 | loss: 1.2281 - accuracy: 0.81553
Training epoch 44 | loss: 1.12542 - accuracy: 0.91489
Validating epoch 44 | loss: 1.24548 - accuracy: 0.79612
Training epoch 45 | loss: 1.13518 - accuracy: 0.91489
Validating epoch 45 | loss: 1.22806 - accuracy: 0.81553
Training epoch 46 | loss: 1.13569 - accuracy: 0.91489
Validating epoch 46 | loss: 1.22163 - accuracy: 0.82524
Training epoch 47 | loss: 1.1274 - accuracy: 0.91383
Validating epoch 47 | loss: 1.22816 - accuracy: 0.81553
Training epoch 48 | loss: 1.12895 - accuracy: 0.91064
Validating epoch 48 | loss: 1.22808 - accuracy: 0.81553
Training epoch 49 | loss: 1.12822 - accuracy: 0.92021
Validating epoch 49 | loss: 1.22809 - accuracy: 0.81553
Training epoch 50 | loss: 1.1237 - accuracy: 0.92128
Validating epoch 50 | loss: 1.22809 - accuracy: 0.81553
Training epoch 51 | loss: 1.12264 - accuracy: 0.92021
Validating epoch 51 | loss: 1.22827 - accuracy: 0.81553
Training epoch 52 | loss: 1.12571 - accuracy: 0.91809
Validating epoch 52 | loss: 1.22859 - accuracy: 0.81553
Training epoch 53 | loss: 1.12182 - accuracy: 0.91489
Validating epoch 53 | loss: 1.22116 - accuracy: 0.82524
Training epoch 54 | loss: 1.12862 - accuracy: 0.92021
Validating epoch 54 | loss: 1.23961 - accuracy: 0.80583
Training epoch 55 | loss: 1.12883 - accuracy: 0.91809
Validating epoch 55 | loss: 1.22676 - accuracy: 0.81553
Training epoch 56 | loss: 1.12541 - accuracy: 0.91489
Validating epoch 56 | loss: 1.23017 - accuracy: 0.81553
Training epoch 57 | loss: 1.12629 - accuracy: 0.91489
Validating epoch 57 | loss: 1.22806 - accuracy: 0.81553
Training epoch 58 | loss: 1.14399 - accuracy: 0.89574
Validating epoch 58 | loss: 1.21842 - accuracy: 0.82524
Training epoch 59 | loss: 1.14867 - accuracy: 0.90426
Validating epoch 59 | loss: 1.25557 - accuracy: 0.78641
Training epoch 60 | loss: 1.14463 - accuracy: 0.89681
Validating epoch 60 | loss: 1.21869 - accuracy: 0.82524
Training epoch 61 | loss: 1.13149 - accuracy: 0.91489
Validating epoch 61 | loss: 1.22853 - accuracy: 0.81553
Training epoch 62 | loss: 1.12912 - accuracy: 0.91702
Validating epoch 62 | loss: 1.22798 - accuracy: 0.81553
Training epoch 63 | loss: 1.12824 - accuracy: 0.91809
Validating epoch 63 | loss: 1.23936 - accuracy: 0.80583
Training epoch 64 | loss: 1.12895 - accuracy: 0.91702
Validating epoch 64 | loss: 1.23695 - accuracy: 0.80583
Training epoch 65 | loss: 1.12072 - accuracy: 0.92021
Validating epoch 65 | loss: 1.23893 - accuracy: 0.79612
Training epoch 66 | loss: 1.12139 - accuracy: 0.92128
Validating epoch 66 | loss: 1.2368 - accuracy: 0.80583
Training epoch 67 | loss: 1.12623 - accuracy: 0.92021
Validating epoch 67 | loss: 1.23667 - accuracy: 0.80583
Training epoch 68 | loss: 1.12025 - accuracy: 0.92021
Validating epoch 68 | loss: 1.25699 - accuracy: 0.78641
Training epoch 69 | loss: 1.12451 - accuracy: 0.9117
Validating epoch 69 | loss: 1.26345 - accuracy: 0.7767
Training epoch 70 | loss: 1.12475 - accuracy: 0.91702
Validating epoch 70 | loss: 1.24375 - accuracy: 0.79612
Training epoch 71 | loss: 1.12431 - accuracy: 0.91809
Validating epoch 71 | loss: 1.22805 - accuracy: 0.81553
Training epoch 72 | loss: 1.12397 - accuracy: 0.92128
Validating epoch 72 | loss: 1.23086 - accuracy: 0.81553
Training epoch 73 | loss: 1.12552 - accuracy: 0.91915
Validating epoch 73 | loss: 1.228 - accuracy: 0.81553
Training epoch 74 | loss: 1.12566 - accuracy: 0.92128
Validating epoch 74 | loss: 1.22794 - accuracy: 0.81553
Training epoch 75 | loss: 1.12761 - accuracy: 0.92128
Validating epoch 75 | loss: 1.22816 - accuracy: 0.81553
Training epoch 76 | loss: 1.11916 - accuracy: 0.92234
Validating epoch 76 | loss: 1.23828 - accuracy: 0.80583
Training epoch 77 | loss: 1.12015 - accuracy: 0.92021
Validating epoch 77 | loss: 1.24844 - accuracy: 0.79612
Training epoch 78 | loss: 1.13582 - accuracy: 0.90532
Validating epoch 78 | loss: 1.24909 - accuracy: 0.79612
Training epoch 79 | loss: 1.13157 - accuracy: 0.91809
Validating epoch 79 | loss: 1.23493 - accuracy: 0.80583
Training epoch 80 | loss: 1.12512 - accuracy: 0.91915
Validating epoch 80 | loss: 1.23489 - accuracy: 0.80583
Training epoch 81 | loss: 1.12459 - accuracy: 0.91809
Validating epoch 81 | loss: 1.21837 - accuracy: 0.82524
Training epoch 82 | loss: 1.12619 - accuracy: 0.92021
Validating epoch 82 | loss: 1.21836 - accuracy: 0.82524
Training epoch 83 | loss: 1.12061 - accuracy: 0.92021
Validating epoch 83 | loss: 1.2317 - accuracy: 0.80583
Training epoch 84 | loss: 1.12199 - accuracy: 0.92021
Validating epoch 84 | loss: 1.22782 - accuracy: 0.81553
Training epoch 85 | loss: 1.12714 - accuracy: 0.92128
Validating epoch 85 | loss: 1.22775 - accuracy: 0.81553
Training epoch 86 | loss: 1.12231 - accuracy: 0.92021
Validating epoch 86 | loss: 1.22775 - accuracy: 0.81553
Training epoch 87 | loss: 1.11967 - accuracy: 0.92128
Validating epoch 87 | loss: 1.22779 - accuracy: 0.81553
Training epoch 88 | loss: 1.11964 - accuracy: 0.92128
Validating epoch 88 | loss: 1.22774 - accuracy: 0.81553
Training epoch 89 | loss: 1.12634 - accuracy: 0.92234
Validating epoch 89 | loss: 1.23024 - accuracy: 0.81553
Training epoch 90 | loss: 1.12199 - accuracy: 0.92128
Validating epoch 90 | loss: 1.23427 - accuracy: 0.80583
Training epoch 91 | loss: 1.12228 - accuracy: 0.92021
Validating epoch 91 | loss: 1.25385 - accuracy: 0.78641
Training epoch 92 | loss: 1.12182 - accuracy: 0.91702
Validating epoch 92 | loss: 1.22825 - accuracy: 0.81553
Training epoch 93 | loss: 1.12833 - accuracy: 0.91489
Validating epoch 93 | loss: 1.25892 - accuracy: 0.78641
Training epoch 94 | loss: 1.14818 - accuracy: 0.89149
Validating epoch 94 | loss: 1.228 - accuracy: 0.81553
Training epoch 95 | loss: 1.14175 - accuracy: 0.89574
Validating epoch 95 | loss: 1.24648 - accuracy: 0.79612
Training epoch 96 | loss: 1.14455 - accuracy: 0.9
Validating epoch 96 | loss: 1.22949 - accuracy: 0.81553
Training epoch 97 | loss: 1.12379 - accuracy: 0.9117
Validating epoch 97 | loss: 1.21833 - accuracy: 0.82524
Training epoch 98 | loss: 1.12768 - accuracy: 0.91915
Validating epoch 98 | loss: 1.21833 - accuracy: 0.82524
Training epoch 99 | loss: 1.1203 - accuracy: 0.92128
Validating epoch 99 | loss: 1.2249 - accuracy: 0.81553
Model is RNN, dataset is sfu, undersample is True, aug mode is None, geo is 0.5, pct_usage is None, small_label is 0, small_prop is 0.9, balance_seed is 0, lr is 0.001, max_epochs is 100, split_num is 0
Training epoch 0 | loss: 1.78426 - accuracy: 0.1883
Validating epoch 0 | loss: 1.76759 - accuracy: 0.53398
Training epoch 1 | loss: 1.74224 - accuracy: 0.52766
Validating epoch 1 | loss: 1.69205 - accuracy: 0.53398
Training epoch 2 | loss: 1.64027 - accuracy: 0.53085
Validating epoch 2 | loss: 1.56718 - accuracy: 0.53398
Training epoch 3 | loss: 1.51771 - accuracy: 0.53085
Validating epoch 3 | loss: 1.47917 - accuracy: 0.53398
Training epoch 4 | loss: 1.44242 - accuracy: 0.53085
Validating epoch 4 | loss: 1.41637 - accuracy: 0.53398
Training epoch 5 | loss: 1.3533 - accuracy: 0.75213
Validating epoch 5 | loss: 1.33056 - accuracy: 0.80583
Training epoch 6 | loss: 1.26571 - accuracy: 0.88085
Validating epoch 6 | loss: 1.27427 - accuracy: 0.80583
Training epoch 7 | loss: 1.21951 - accuracy: 0.88085
Validating epoch 7 | loss: 1.25556 - accuracy: 0.80583
Training epoch 8 | loss: 1.17523 - accuracy: 0.88191
Validating epoch 8 | loss: 1.25134 - accuracy: 0.79612
Training epoch 9 | loss: 1.16671 - accuracy: 0.89043
Validating epoch 9 | loss: 1.23746 - accuracy: 0.80583
Training epoch 10 | loss: 1.16107 - accuracy: 0.8883
Validating epoch 10 | loss: 1.24952 - accuracy: 0.79612
Training epoch 11 | loss: 1.15355 - accuracy: 0.89362
Validating epoch 11 | loss: 1.24753 - accuracy: 0.79612
Training epoch 12 | loss: 1.16744 - accuracy: 0.87447
Validating epoch 12 | loss: 1.22348 - accuracy: 0.82524
Training epoch 13 | loss: 1.14596 - accuracy: 0.89255
Validating epoch 13 | loss: 1.24514 - accuracy: 0.80583
Training epoch 14 | loss: 1.14724 - accuracy: 0.89574
Validating epoch 14 | loss: 1.23771 - accuracy: 0.80583
Training epoch 15 | loss: 1.13938 - accuracy: 0.90106
Validating epoch 15 | loss: 1.24869 - accuracy: 0.79612
Training epoch 16 | loss: 1.1442 - accuracy: 0.90213
Validating epoch 16 | loss: 1.23476 - accuracy: 0.80583
Training epoch 17 | loss: 1.16208 - accuracy: 0.88511
Validating epoch 17 | loss: 1.28878 - accuracy: 0.75728
Training epoch 18 | loss: 1.16017 - accuracy: 0.88617
Validating epoch 18 | loss: 1.2299 - accuracy: 0.81553
Training epoch 19 | loss: 1.18584 - accuracy: 0.85319
Validating epoch 19 | loss: 1.23142 - accuracy: 0.81553
Training epoch 20 | loss: 1.16261 - accuracy: 0.88298
Validating epoch 20 | loss: 1.258 - accuracy: 0.7767
Training epoch 21 | loss: 1.16978 - accuracy: 0.88191
Validating epoch 21 | loss: 1.24684 - accuracy: 0.80583
Training epoch 22 | loss: 1.1507 - accuracy: 0.89149
Validating epoch 22 | loss: 1.22554 - accuracy: 0.82524
Training epoch 23 | loss: 1.15485 - accuracy: 0.8883
Validating epoch 23 | loss: 1.22715 - accuracy: 0.82524
Training epoch 24 | loss: 1.14754 - accuracy: 0.90319
Validating epoch 24 | loss: 1.24286 - accuracy: 0.80583
Training epoch 25 | loss: 1.1466 - accuracy: 0.89894
Validating epoch 25 | loss: 1.22259 - accuracy: 0.82524
Training epoch 26 | loss: 1.13984 - accuracy: 0.9
Validating epoch 26 | loss: 1.23886 - accuracy: 0.80583
Training epoch 27 | loss: 1.14251 - accuracy: 0.90213
Validating epoch 27 | loss: 1.24207 - accuracy: 0.80583
Training epoch 28 | loss: 1.14314 - accuracy: 0.90106
Validating epoch 28 | loss: 1.24193 - accuracy: 0.80583
Training epoch 29 | loss: 1.14094 - accuracy: 0.90426
Validating epoch 29 | loss: 1.24855 - accuracy: 0.79612
Training epoch 30 | loss: 1.14198 - accuracy: 0.89681
Validating epoch 30 | loss: 1.24721 - accuracy: 0.79612
Training epoch 31 | loss: 1.14793 - accuracy: 0.89362
Validating epoch 31 | loss: 1.22009 - accuracy: 0.82524
Training epoch 32 | loss: 1.13544 - accuracy: 0.90745
Validating epoch 32 | loss: 1.2387 - accuracy: 0.79612
Training epoch 33 | loss: 1.14468 - accuracy: 0.90638
Validating epoch 33 | loss: 1.23665 - accuracy: 0.79612
Training epoch 34 | loss: 1.13674 - accuracy: 0.90745
Validating epoch 34 | loss: 1.24525 - accuracy: 0.79612
Training epoch 35 | loss: 1.1374 - accuracy: 0.90638
Validating epoch 35 | loss: 1.24731 - accuracy: 0.79612
Training epoch 36 | loss: 1.13452 - accuracy: 0.90745
Validating epoch 36 | loss: 1.24723 - accuracy: 0.79612
Training epoch 37 | loss: 1.13553 - accuracy: 0.90745
Validating epoch 37 | loss: 1.24745 - accuracy: 0.79612
Training epoch 38 | loss: 1.13546 - accuracy: 0.90532
Validating epoch 38 | loss: 1.24716 - accuracy: 0.79612
Training epoch 39 | loss: 1.12981 - accuracy: 0.90957
Validating epoch 39 | loss: 1.24433 - accuracy: 0.79612
Training epoch 40 | loss: 1.14109 - accuracy: 0.90957
Validating epoch 40 | loss: 1.24762 - accuracy: 0.79612
Training epoch 41 | loss: 1.13052 - accuracy: 0.9117
Validating epoch 41 | loss: 1.24764 - accuracy: 0.79612
Training epoch 42 | loss: 1.13369 - accuracy: 0.9117
Validating epoch 42 | loss: 1.2485 - accuracy: 0.79612
Training epoch 43 | loss: 1.12836 - accuracy: 0.91489
Validating epoch 43 | loss: 1.24271 - accuracy: 0.79612
Training epoch 44 | loss: 1.13109 - accuracy: 0.91383
Validating epoch 44 | loss: 1.24756 - accuracy: 0.79612
Training epoch 45 | loss: 1.13283 - accuracy: 0.91277
Validating epoch 45 | loss: 1.24755 - accuracy: 0.79612
Training epoch 46 | loss: 1.13465 - accuracy: 0.91383
Validating epoch 46 | loss: 1.23602 - accuracy: 0.80583
Training epoch 47 | loss: 1.1268 - accuracy: 0.91383
Validating epoch 47 | loss: 1.2476 - accuracy: 0.79612
Training epoch 48 | loss: 1.13964 - accuracy: 0.90745
Validating epoch 48 | loss: 1.24918 - accuracy: 0.79612
Training epoch 49 | loss: 1.13649 - accuracy: 0.9117
Validating epoch 49 | loss: 1.24737 - accuracy: 0.79612
Training epoch 50 | loss: 1.13245 - accuracy: 0.91489
Validating epoch 50 | loss: 1.2572 - accuracy: 0.78641
Training epoch 51 | loss: 1.13222 - accuracy: 0.90745
Validating epoch 51 | loss: 1.2475 - accuracy: 0.79612
Training epoch 52 | loss: 1.12797 - accuracy: 0.91489
Validating epoch 52 | loss: 1.24757 - accuracy: 0.79612
Training epoch 53 | loss: 1.13072 - accuracy: 0.91596
Validating epoch 53 | loss: 1.22753 - accuracy: 0.81553
Training epoch 54 | loss: 1.12907 - accuracy: 0.91064
Validating epoch 54 | loss: 1.21961 - accuracy: 0.82524
Training epoch 55 | loss: 1.13208 - accuracy: 0.9117
Validating epoch 55 | loss: 1.25912 - accuracy: 0.78641
Training epoch 56 | loss: 1.13255 - accuracy: 0.90957
Validating epoch 56 | loss: 1.24709 - accuracy: 0.79612
Training epoch 57 | loss: 1.1351 - accuracy: 0.91277
Validating epoch 57 | loss: 1.23214 - accuracy: 0.81553
Training epoch 58 | loss: 1.13519 - accuracy: 0.90106
Validating epoch 58 | loss: 1.2429 - accuracy: 0.79612
Training epoch 59 | loss: 1.13206 - accuracy: 0.91489
Validating epoch 59 | loss: 1.24279 - accuracy: 0.79612
Training epoch 60 | loss: 1.12554 - accuracy: 0.91596
Validating epoch 60 | loss: 1.24385 - accuracy: 0.79612
Training epoch 61 | loss: 1.12568 - accuracy: 0.91702
Validating epoch 61 | loss: 1.24536 - accuracy: 0.80583
Training epoch 62 | loss: 1.12856 - accuracy: 0.91809
Validating epoch 62 | loss: 1.246 - accuracy: 0.79612
Training epoch 63 | loss: 1.12888 - accuracy: 0.91489
Validating epoch 63 | loss: 1.22795 - accuracy: 0.81553
Training epoch 64 | loss: 1.12745 - accuracy: 0.91809
Validating epoch 64 | loss: 1.25002 - accuracy: 0.78641
Training epoch 65 | loss: 1.12848 - accuracy: 0.91809
Validating epoch 65 | loss: 1.2518 - accuracy: 0.78641
Training epoch 66 | loss: 1.12861 - accuracy: 0.91809
Validating epoch 66 | loss: 1.24605 - accuracy: 0.79612
Training epoch 67 | loss: 1.13119 - accuracy: 0.91915
Validating epoch 67 | loss: 1.22983 - accuracy: 0.81553
Training epoch 68 | loss: 1.13556 - accuracy: 0.91064
Validating epoch 68 | loss: 1.22852 - accuracy: 0.81553
Training epoch 69 | loss: 1.13111 - accuracy: 0.91915
Validating epoch 69 | loss: 1.26509 - accuracy: 0.7767
Training epoch 70 | loss: 1.12813 - accuracy: 0.91383
Validating epoch 70 | loss: 1.22285 - accuracy: 0.81553
Training epoch 71 | loss: 1.17155 - accuracy: 0.87766
Validating epoch 71 | loss: 1.24638 - accuracy: 0.79612
Training epoch 72 | loss: 1.15981 - accuracy: 0.88723
Validating epoch 72 | loss: 1.26851 - accuracy: 0.7767
Training epoch 73 | loss: 1.16499 - accuracy: 0.88298
Validating epoch 73 | loss: 1.24967 - accuracy: 0.79612
Training epoch 74 | loss: 1.13626 - accuracy: 0.90851
Validating epoch 74 | loss: 1.216 - accuracy: 0.82524
Training epoch 75 | loss: 1.13804 - accuracy: 0.90213
Validating epoch 75 | loss: 1.24663 - accuracy: 0.79612
Training epoch 76 | loss: 1.13491 - accuracy: 0.91277
Validating epoch 76 | loss: 1.2473 - accuracy: 0.79612
Training epoch 77 | loss: 1.12019 - accuracy: 0.91809
Validating epoch 77 | loss: 1.23858 - accuracy: 0.80583
Training epoch 78 | loss: 1.14074 - accuracy: 0.90106
Validating epoch 78 | loss: 1.2814 - accuracy: 0.75728
Training epoch 79 | loss: 1.15866 - accuracy: 0.88404
Validating epoch 79 | loss: 1.26229 - accuracy: 0.7767
Training epoch 80 | loss: 1.16174 - accuracy: 0.8883
Validating epoch 80 | loss: 1.23766 - accuracy: 0.80583
Training epoch 81 | loss: 1.16013 - accuracy: 0.88511
Validating epoch 81 | loss: 1.25696 - accuracy: 0.78641
Training epoch 82 | loss: 1.16193 - accuracy: 0.88617
Validating epoch 82 | loss: 1.25298 - accuracy: 0.78641
Training epoch 83 | loss: 1.14096 - accuracy: 0.90213
Validating epoch 83 | loss: 1.24469 - accuracy: 0.79612
Training epoch 84 | loss: 1.1254 - accuracy: 0.9117
Validating epoch 84 | loss: 1.23238 - accuracy: 0.81553
Training epoch 85 | loss: 1.12836 - accuracy: 0.91596
Validating epoch 85 | loss: 1.23848 - accuracy: 0.79612
Training epoch 86 | loss: 1.12485 - accuracy: 0.91702
Validating epoch 86 | loss: 1.23948 - accuracy: 0.80583
Training epoch 87 | loss: 1.12758 - accuracy: 0.91277
Validating epoch 87 | loss: 1.23838 - accuracy: 0.80583
Training epoch 88 | loss: 1.13519 - accuracy: 0.91277
Validating epoch 88 | loss: 1.27027 - accuracy: 0.7767
Training epoch 89 | loss: 1.14247 - accuracy: 0.90319
Validating epoch 89 | loss: 1.2604 - accuracy: 0.78641
Training epoch 90 | loss: 1.12061 - accuracy: 0.91809
Validating epoch 90 | loss: 1.23718 - accuracy: 0.80583
Training epoch 91 | loss: 1.12931 - accuracy: 0.91383
Validating epoch 91 | loss: 1.2475 - accuracy: 0.79612
Training epoch 92 | loss: 1.12504 - accuracy: 0.91596
Validating epoch 92 | loss: 1.24766 - accuracy: 0.79612
Training epoch 93 | loss: 1.12963 - accuracy: 0.91915
Validating epoch 93 | loss: 1.24795 - accuracy: 0.79612
Training epoch 94 | loss: 1.1234 - accuracy: 0.92128
Validating epoch 94 | loss: 1.24784 - accuracy: 0.79612
Training epoch 95 | loss: 1.11705 - accuracy: 0.92234
Validating epoch 95 | loss: 1.24871 - accuracy: 0.79612
Training epoch 96 | loss: 1.12493 - accuracy: 0.92128
Validating epoch 96 | loss: 1.24801 - accuracy: 0.79612
Training epoch 97 | loss: 1.11972 - accuracy: 0.92128
Validating epoch 97 | loss: 1.24844 - accuracy: 0.79612
Training epoch 98 | loss: 1.11958 - accuracy: 0.92128
Validating epoch 98 | loss: 1.25144 - accuracy: 0.79612
Training epoch 99 | loss: 1.11951 - accuracy: 0.92128
Validating epoch 99 | loss: 1.25003 - accuracy: 0.79612
Model is RNN, dataset is sfu, undersample is False, aug mode is None, geo is 0.5, pct_usage is None, small_label is 1, small_prop is 0.9, balance_seed is 0, lr is 0.001, max_epochs is 100, split_num is 0
Training epoch 0 | loss: 1.79994 - accuracy: 0.01277
Validating epoch 0 | loss: 1.78873 - accuracy: 0.32039
Training epoch 1 | loss: 1.77144 - accuracy: 0.4383
Validating epoch 1 | loss: 1.74237 - accuracy: 0.53398
Training epoch 2 | loss: 1.69296 - accuracy: 0.52979
Validating epoch 2 | loss: 1.6336 - accuracy: 0.53398
Training epoch 3 | loss: 1.56031 - accuracy: 0.55106
Validating epoch 3 | loss: 1.48357 - accuracy: 0.54369
Training epoch 4 | loss: 1.40775 - accuracy: 0.77766
Validating epoch 4 | loss: 1.36019 - accuracy: 0.82524
Training epoch 5 | loss: 1.2851 - accuracy: 0.88191
Validating epoch 5 | loss: 1.27895 - accuracy: 0.80583
Training epoch 6 | loss: 1.21212 - accuracy: 0.87447
Validating epoch 6 | loss: 1.24233 - accuracy: 0.80583
Training epoch 7 | loss: 1.18159 - accuracy: 0.88723
Validating epoch 7 | loss: 1.2356 - accuracy: 0.81553
Training epoch 8 | loss: 1.17052 - accuracy: 0.87872
Validating epoch 8 | loss: 1.23114 - accuracy: 0.81553
Training epoch 9 | loss: 1.1647 - accuracy: 0.88404
Validating epoch 9 | loss: 1.22878 - accuracy: 0.80583
Training epoch 10 | loss: 1.16441 - accuracy: 0.88617
Validating epoch 10 | loss: 1.22793 - accuracy: 0.82524
Training epoch 11 | loss: 1.16107 - accuracy: 0.88511
Validating epoch 11 | loss: 1.23155 - accuracy: 0.81553
Training epoch 12 | loss: 1.16321 - accuracy: 0.88298
Validating epoch 12 | loss: 1.26842 - accuracy: 0.7767
Training epoch 13 | loss: 1.17582 - accuracy: 0.86809
Validating epoch 13 | loss: 1.25961 - accuracy: 0.7767
Training epoch 14 | loss: 1.17108 - accuracy: 0.8766
Validating epoch 14 | loss: 1.23378 - accuracy: 0.80583
Training epoch 15 | loss: 1.17079 - accuracy: 0.87979
Validating epoch 15 | loss: 1.22743 - accuracy: 0.81553
Training epoch 16 | loss: 1.1636 - accuracy: 0.88511
Validating epoch 16 | loss: 1.24843 - accuracy: 0.79612
Training epoch 17 | loss: 1.16789 - accuracy: 0.87553
Validating epoch 17 | loss: 1.24564 - accuracy: 0.80583
Training epoch 18 | loss: 1.17134 - accuracy: 0.88404
Validating epoch 18 | loss: 1.22885 - accuracy: 0.81553
Training epoch 19 | loss: 1.17341 - accuracy: 0.87447
Validating epoch 19 | loss: 1.23399 - accuracy: 0.80583
Training epoch 20 | loss: 1.15573 - accuracy: 0.88723
Validating epoch 20 | loss: 1.22789 - accuracy: 0.81553
Training epoch 21 | loss: 1.17019 - accuracy: 0.87979
Validating epoch 21 | loss: 1.22008 - accuracy: 0.82524
Training epoch 22 | loss: 1.15705 - accuracy: 0.88617
Validating epoch 22 | loss: 1.23524 - accuracy: 0.80583
Training epoch 23 | loss: 1.15453 - accuracy: 0.88723
Validating epoch 23 | loss: 1.22093 - accuracy: 0.81553
Training epoch 24 | loss: 1.16108 - accuracy: 0.8883
Validating epoch 24 | loss: 1.23797 - accuracy: 0.80583
Training epoch 25 | loss: 1.16325 - accuracy: 0.88617
Validating epoch 25 | loss: 1.22882 - accuracy: 0.81553
Training epoch 26 | loss: 1.15612 - accuracy: 0.88511
Validating epoch 26 | loss: 1.22758 - accuracy: 0.81553
Training epoch 27 | loss: 1.15491 - accuracy: 0.8883
Validating epoch 27 | loss: 1.23142 - accuracy: 0.81553
Training epoch 28 | loss: 1.15152 - accuracy: 0.89468
Validating epoch 28 | loss: 1.21863 - accuracy: 0.83495
Training epoch 29 | loss: 1.15032 - accuracy: 0.89362
Validating epoch 29 | loss: 1.22973 - accuracy: 0.81553
Training epoch 30 | loss: 1.14687 - accuracy: 0.89468
Validating epoch 30 | loss: 1.22563 - accuracy: 0.81553
Training epoch 31 | loss: 1.14551 - accuracy: 0.89894
Validating epoch 31 | loss: 1.23772 - accuracy: 0.80583
Training epoch 32 | loss: 1.15248 - accuracy: 0.89362
Validating epoch 32 | loss: 1.2376 - accuracy: 0.80583
Training epoch 33 | loss: 1.14534 - accuracy: 0.89894
Validating epoch 33 | loss: 1.23649 - accuracy: 0.80583
Training epoch 34 | loss: 1.14956 - accuracy: 0.90106
Validating epoch 34 | loss: 1.23776 - accuracy: 0.80583
Training epoch 35 | loss: 1.14092 - accuracy: 0.89787
Validating epoch 35 | loss: 1.23786 - accuracy: 0.80583
Training epoch 36 | loss: 1.14799 - accuracy: 0.9
Validating epoch 36 | loss: 1.21839 - accuracy: 0.82524
Training epoch 37 | loss: 1.1478 - accuracy: 0.89255
Validating epoch 37 | loss: 1.238 - accuracy: 0.80583
Training epoch 38 | loss: 1.14127 - accuracy: 0.90106
Validating epoch 38 | loss: 1.21528 - accuracy: 0.82524
Training epoch 39 | loss: 1.15274 - accuracy: 0.89362
Validating epoch 39 | loss: 1.23982 - accuracy: 0.80583
Training epoch 40 | loss: 1.14342 - accuracy: 0.89894
Validating epoch 40 | loss: 1.21004 - accuracy: 0.83495
Training epoch 41 | loss: 1.13885 - accuracy: 0.89894
Validating epoch 41 | loss: 1.23671 - accuracy: 0.80583
Training epoch 42 | loss: 1.14164 - accuracy: 0.89681
Validating epoch 42 | loss: 1.23311 - accuracy: 0.80583
Training epoch 43 | loss: 1.14001 - accuracy: 0.9
Validating epoch 43 | loss: 1.23674 - accuracy: 0.80583
Training epoch 44 | loss: 1.13958 - accuracy: 0.89681
Validating epoch 44 | loss: 1.23986 - accuracy: 0.80583
Training epoch 45 | loss: 1.1465 - accuracy: 0.89787
Validating epoch 45 | loss: 1.21509 - accuracy: 0.83495
Training epoch 46 | loss: 1.14164 - accuracy: 0.89894
Validating epoch 46 | loss: 1.24632 - accuracy: 0.79612
Training epoch 47 | loss: 1.15029 - accuracy: 0.88404
Validating epoch 47 | loss: 1.23449 - accuracy: 0.80583
Training epoch 48 | loss: 1.14721 - accuracy: 0.89894
Validating epoch 48 | loss: 1.21428 - accuracy: 0.82524
Training epoch 49 | loss: 1.14071 - accuracy: 0.90745
Validating epoch 49 | loss: 1.23707 - accuracy: 0.80583
Training epoch 50 | loss: 1.13503 - accuracy: 0.9117
Validating epoch 50 | loss: 1.22416 - accuracy: 0.82524
Training epoch 51 | loss: 1.12943 - accuracy: 0.91383
Validating epoch 51 | loss: 1.21877 - accuracy: 0.82524
Training epoch 52 | loss: 1.1328 - accuracy: 0.9117
Validating epoch 52 | loss: 1.23769 - accuracy: 0.80583
Training epoch 53 | loss: 1.13182 - accuracy: 0.90957
Validating epoch 53 | loss: 1.23794 - accuracy: 0.80583
Training epoch 54 | loss: 1.12859 - accuracy: 0.91277
Validating epoch 54 | loss: 1.24256 - accuracy: 0.79612
Training epoch 55 | loss: 1.12555 - accuracy: 0.91702
Validating epoch 55 | loss: 1.22512 - accuracy: 0.81553
Training epoch 56 | loss: 1.12854 - accuracy: 0.91489
Validating epoch 56 | loss: 1.24084 - accuracy: 0.80583
Training epoch 57 | loss: 1.12835 - accuracy: 0.91277
Validating epoch 57 | loss: 1.23143 - accuracy: 0.81553
Training epoch 58 | loss: 1.13279 - accuracy: 0.90957
Validating epoch 58 | loss: 1.21805 - accuracy: 0.82524
Training epoch 59 | loss: 1.13021 - accuracy: 0.91064
Validating epoch 59 | loss: 1.23875 - accuracy: 0.80583
Training epoch 60 | loss: 1.12968 - accuracy: 0.91064
Validating epoch 60 | loss: 1.21793 - accuracy: 0.82524
Training epoch 61 | loss: 1.13606 - accuracy: 0.9117
Validating epoch 61 | loss: 1.23733 - accuracy: 0.80583
Training epoch 62 | loss: 1.12714 - accuracy: 0.9117
Validating epoch 62 | loss: 1.23943 - accuracy: 0.80583
Training epoch 63 | loss: 1.12273 - accuracy: 0.91702
Validating epoch 63 | loss: 1.21775 - accuracy: 0.82524
Training epoch 64 | loss: 1.12534 - accuracy: 0.91915
Validating epoch 64 | loss: 1.23777 - accuracy: 0.80583
Training epoch 65 | loss: 1.12819 - accuracy: 0.91809
Validating epoch 65 | loss: 1.238 - accuracy: 0.80583
Training epoch 66 | loss: 1.12595 - accuracy: 0.92128
Validating epoch 66 | loss: 1.24763 - accuracy: 0.79612
Training epoch 67 | loss: 1.13768 - accuracy: 0.90638
Validating epoch 67 | loss: 1.24834 - accuracy: 0.79612
Training epoch 68 | loss: 1.12591 - accuracy: 0.91809
Validating epoch 68 | loss: 1.21746 - accuracy: 0.82524
Training epoch 69 | loss: 1.12296 - accuracy: 0.91489
Validating epoch 69 | loss: 1.21667 - accuracy: 0.82524
Training epoch 70 | loss: 1.12616 - accuracy: 0.92234
Validating epoch 70 | loss: 1.22772 - accuracy: 0.81553
Training epoch 71 | loss: 1.11972 - accuracy: 0.9234
Validating epoch 71 | loss: 1.22663 - accuracy: 0.81553
Training epoch 72 | loss: 1.12408 - accuracy: 0.9234
Validating epoch 72 | loss: 1.23591 - accuracy: 0.80583
Training epoch 73 | loss: 1.11839 - accuracy: 0.92234
Validating epoch 73 | loss: 1.23321 - accuracy: 0.81553
Training epoch 74 | loss: 1.12583 - accuracy: 0.92553
Validating epoch 74 | loss: 1.24763 - accuracy: 0.79612
Training epoch 75 | loss: 1.12382 - accuracy: 0.91809
Validating epoch 75 | loss: 1.22984 - accuracy: 0.81553
Training epoch 76 | loss: 1.12011 - accuracy: 0.9234
Validating epoch 76 | loss: 1.23294 - accuracy: 0.80583
Training epoch 77 | loss: 1.12048 - accuracy: 0.9234
Validating epoch 77 | loss: 1.24012 - accuracy: 0.80583
Training epoch 78 | loss: 1.13075 - accuracy: 0.91702
Validating epoch 78 | loss: 1.2565 - accuracy: 0.78641
Training epoch 79 | loss: 1.11443 - accuracy: 0.92447
Validating epoch 79 | loss: 1.23802 - accuracy: 0.80583
Training epoch 80 | loss: 1.12049 - accuracy: 0.92447
Validating epoch 80 | loss: 1.24313 - accuracy: 0.79612
Training epoch 81 | loss: 1.12694 - accuracy: 0.91702
Validating epoch 81 | loss: 1.25737 - accuracy: 0.78641
Training epoch 82 | loss: 1.1227 - accuracy: 0.91702
Validating epoch 82 | loss: 1.22343 - accuracy: 0.82524
Training epoch 83 | loss: 1.11821 - accuracy: 0.92128
Validating epoch 83 | loss: 1.22012 - accuracy: 0.82524
Training epoch 84 | loss: 1.12806 - accuracy: 0.92234
Validating epoch 84 | loss: 1.22393 - accuracy: 0.81553
Training epoch 85 | loss: 1.11866 - accuracy: 0.92447
Validating epoch 85 | loss: 1.24124 - accuracy: 0.80583
Training epoch 86 | loss: 1.11959 - accuracy: 0.9234
Validating epoch 86 | loss: 1.24839 - accuracy: 0.79612
Training epoch 87 | loss: 1.11541 - accuracy: 0.9266
Validating epoch 87 | loss: 1.23547 - accuracy: 0.80583
Training epoch 88 | loss: 1.1189 - accuracy: 0.9266
Validating epoch 88 | loss: 1.24748 - accuracy: 0.79612
Training epoch 89 | loss: 1.12412 - accuracy: 0.9266
Validating epoch 89 | loss: 1.2475 - accuracy: 0.79612
Training epoch 90 | loss: 1.1196 - accuracy: 0.92234
Validating epoch 90 | loss: 1.24764 - accuracy: 0.79612
Training epoch 91 | loss: 1.11774 - accuracy: 0.92766
Validating epoch 91 | loss: 1.26824 - accuracy: 0.7767
Training epoch 92 | loss: 1.12253 - accuracy: 0.9266
Validating epoch 92 | loss: 1.24712 - accuracy: 0.79612
Training epoch 93 | loss: 1.12777 - accuracy: 0.92021
Validating epoch 93 | loss: 1.2419 - accuracy: 0.80583
Training epoch 94 | loss: 1.12309 - accuracy: 0.9234
Validating epoch 94 | loss: 1.22069 - accuracy: 0.82524
Training epoch 95 | loss: 1.11827 - accuracy: 0.92447
Validating epoch 95 | loss: 1.25958 - accuracy: 0.78641
Training epoch 96 | loss: 1.1257 - accuracy: 0.91702
Validating epoch 96 | loss: 1.25452 - accuracy: 0.78641
Training epoch 97 | loss: 1.11387 - accuracy: 0.92766
Validating epoch 97 | loss: 1.24708 - accuracy: 0.79612
Training epoch 98 | loss: 1.114 - accuracy: 0.92766
Validating epoch 98 | loss: 1.25746 - accuracy: 0.78641
Training epoch 99 | loss: 1.11395 - accuracy: 0.92766
Validating epoch 99 | loss: 1.25667 - accuracy: 0.78641
Model is RNN, dataset is sfu, undersample is True, aug mode is None, geo is 0.5, pct_usage is None, small_label is 1, small_prop is 0.9, balance_seed is 0, lr is 0.001, max_epochs is 100, split_num is 0
Training epoch 0 | loss: 1.78035 - accuracy: 0.47766
Validating epoch 0 | loss: 1.76076 - accuracy: 0.56311
Training epoch 1 | loss: 1.72023 - accuracy: 0.55
Validating epoch 1 | loss: 1.66057 - accuracy: 0.53398
Training epoch 2 | loss: 1.58672 - accuracy: 0.53085
Validating epoch 2 | loss: 1.52644 - accuracy: 0.53398
Training epoch 3 | loss: 1.50929 - accuracy: 0.53085
Validating epoch 3 | loss: 1.47815 - accuracy: 0.53398
Training epoch 4 | loss: 1.44541 - accuracy: 0.53085
Validating epoch 4 | loss: 1.44468 - accuracy: 0.53398
Training epoch 5 | loss: 1.40554 - accuracy: 0.54043
Validating epoch 5 | loss: 1.40064 - accuracy: 0.53398
Training epoch 6 | loss: 1.3595 - accuracy: 0.7383
Validating epoch 6 | loss: 1.3513 - accuracy: 0.81553
Training epoch 7 | loss: 1.29785 - accuracy: 0.88298
Validating epoch 7 | loss: 1.32244 - accuracy: 0.7767
Training epoch 8 | loss: 1.23824 - accuracy: 0.87553
Validating epoch 8 | loss: 1.26414 - accuracy: 0.81553
Training epoch 9 | loss: 1.20415 - accuracy: 0.88191
Validating epoch 9 | loss: 1.23818 - accuracy: 0.81553
Training epoch 10 | loss: 1.17754 - accuracy: 0.87766
Validating epoch 10 | loss: 1.24458 - accuracy: 0.80583
Training epoch 11 | loss: 1.16872 - accuracy: 0.88085
Validating epoch 11 | loss: 1.2384 - accuracy: 0.80583
Training epoch 12 | loss: 1.16075 - accuracy: 0.88298
Validating epoch 12 | loss: 1.22752 - accuracy: 0.82524
Training epoch 13 | loss: 1.16577 - accuracy: 0.8766
Validating epoch 13 | loss: 1.22638 - accuracy: 0.82524
Training epoch 14 | loss: 1.1608 - accuracy: 0.88404
Validating epoch 14 | loss: 1.25735 - accuracy: 0.7767
Training epoch 15 | loss: 1.16669 - accuracy: 0.87553
Validating epoch 15 | loss: 1.25133 - accuracy: 0.79612
Training epoch 16 | loss: 1.16099 - accuracy: 0.88191
Validating epoch 16 | loss: 1.23869 - accuracy: 0.80583
Training epoch 17 | loss: 1.15568 - accuracy: 0.88404
Validating epoch 17 | loss: 1.23092 - accuracy: 0.81553
Training epoch 18 | loss: 1.15116 - accuracy: 0.88723
Validating epoch 18 | loss: 1.22906 - accuracy: 0.81553
Training epoch 19 | loss: 1.15972 - accuracy: 0.88404
Validating epoch 19 | loss: 1.23112 - accuracy: 0.81553
Training epoch 20 | loss: 1.16122 - accuracy: 0.88936
Validating epoch 20 | loss: 1.23589 - accuracy: 0.80583
Training epoch 21 | loss: 1.15353 - accuracy: 0.88617
Validating epoch 21 | loss: 1.22876 - accuracy: 0.81553
Training epoch 22 | loss: 1.16054 - accuracy: 0.88723
Validating epoch 22 | loss: 1.23117 - accuracy: 0.80583
Training epoch 23 | loss: 1.1627 - accuracy: 0.8883
Validating epoch 23 | loss: 1.23801 - accuracy: 0.80583
Training epoch 24 | loss: 1.1579 - accuracy: 0.88191
Validating epoch 24 | loss: 1.2406 - accuracy: 0.80583
Training epoch 25 | loss: 1.16211 - accuracy: 0.88511
Validating epoch 25 | loss: 1.22829 - accuracy: 0.81553
Training epoch 26 | loss: 1.15312 - accuracy: 0.89043
Validating epoch 26 | loss: 1.23832 - accuracy: 0.80583
Training epoch 27 | loss: 1.15314 - accuracy: 0.88511
Validating epoch 27 | loss: 1.23818 - accuracy: 0.80583
Training epoch 28 | loss: 1.1513 - accuracy: 0.89149
Validating epoch 28 | loss: 1.22613 - accuracy: 0.81553
Training epoch 29 | loss: 1.16115 - accuracy: 0.88085
Validating epoch 29 | loss: 1.23753 - accuracy: 0.80583
Training epoch 30 | loss: 1.15775 - accuracy: 0.88617
Validating epoch 30 | loss: 1.25043 - accuracy: 0.79612
Training epoch 31 | loss: 1.16175 - accuracy: 0.87872
Validating epoch 31 | loss: 1.24216 - accuracy: 0.80583
Training epoch 32 | loss: 1.14832 - accuracy: 0.89468
Validating epoch 32 | loss: 1.22067 - accuracy: 0.82524
Training epoch 33 | loss: 1.1574 - accuracy: 0.88617
Validating epoch 33 | loss: 1.22626 - accuracy: 0.81553
Training epoch 34 | loss: 1.15342 - accuracy: 0.89255
Validating epoch 34 | loss: 1.23764 - accuracy: 0.80583
Training epoch 35 | loss: 1.15391 - accuracy: 0.89468
Validating epoch 35 | loss: 1.23778 - accuracy: 0.80583
Training epoch 36 | loss: 1.15138 - accuracy: 0.89574
Validating epoch 36 | loss: 1.23757 - accuracy: 0.80583
Training epoch 37 | loss: 1.14644 - accuracy: 0.89468
Validating epoch 37 | loss: 1.2378 - accuracy: 0.80583
Training epoch 38 | loss: 1.15436 - accuracy: 0.8883
Validating epoch 38 | loss: 1.24565 - accuracy: 0.79612
Training epoch 39 | loss: 1.15046 - accuracy: 0.88936
Validating epoch 39 | loss: 1.23772 - accuracy: 0.80583
Training epoch 40 | loss: 1.15213 - accuracy: 0.89255
Validating epoch 40 | loss: 1.22228 - accuracy: 0.82524
Training epoch 41 | loss: 1.14767 - accuracy: 0.89362
Validating epoch 41 | loss: 1.2378 - accuracy: 0.80583
Training epoch 42 | loss: 1.145 - accuracy: 0.9
Validating epoch 42 | loss: 1.2272 - accuracy: 0.81553
Training epoch 43 | loss: 1.14748 - accuracy: 0.89255
Validating epoch 43 | loss: 1.26615 - accuracy: 0.7767
Training epoch 44 | loss: 1.15101 - accuracy: 0.89043
Validating epoch 44 | loss: 1.21841 - accuracy: 0.82524
Training epoch 45 | loss: 1.14475 - accuracy: 0.89574
Validating epoch 45 | loss: 1.23785 - accuracy: 0.80583
Training epoch 46 | loss: 1.14324 - accuracy: 0.89574
Validating epoch 46 | loss: 1.21633 - accuracy: 0.83495
Training epoch 47 | loss: 1.14557 - accuracy: 0.89574
Validating epoch 47 | loss: 1.23224 - accuracy: 0.80583
Training epoch 48 | loss: 1.14569 - accuracy: 0.89894
Validating epoch 48 | loss: 1.22606 - accuracy: 0.81553
Training epoch 49 | loss: 1.14554 - accuracy: 0.90106
Validating epoch 49 | loss: 1.22865 - accuracy: 0.81553
Training epoch 50 | loss: 1.13954 - accuracy: 0.90426
Validating epoch 50 | loss: 1.22601 - accuracy: 0.81553
Training epoch 51 | loss: 1.14511 - accuracy: 0.90426
Validating epoch 51 | loss: 1.23682 - accuracy: 0.80583
Training epoch 52 | loss: 1.13395 - accuracy: 0.90426
Validating epoch 52 | loss: 1.22092 - accuracy: 0.82524
Training epoch 53 | loss: 1.14172 - accuracy: 0.90319
Validating epoch 53 | loss: 1.23776 - accuracy: 0.80583
Training epoch 54 | loss: 1.14342 - accuracy: 0.90426
Validating epoch 54 | loss: 1.22192 - accuracy: 0.82524
Training epoch 55 | loss: 1.13916 - accuracy: 0.90426
Validating epoch 55 | loss: 1.23704 - accuracy: 0.80583
Training epoch 56 | loss: 1.14096 - accuracy: 0.90426
Validating epoch 56 | loss: 1.23714 - accuracy: 0.80583
Training epoch 57 | loss: 1.14654 - accuracy: 0.90426
Validating epoch 57 | loss: 1.2365 - accuracy: 0.80583
Training epoch 58 | loss: 1.13557 - accuracy: 0.90426
Validating epoch 58 | loss: 1.23009 - accuracy: 0.81553
Training epoch 59 | loss: 1.13653 - accuracy: 0.90426
Validating epoch 59 | loss: 1.23781 - accuracy: 0.80583
Training epoch 60 | loss: 1.13867 - accuracy: 0.9
Validating epoch 60 | loss: 1.23536 - accuracy: 0.80583
Training epoch 61 | loss: 1.14265 - accuracy: 0.90106
Validating epoch 61 | loss: 1.23779 - accuracy: 0.80583
Training epoch 62 | loss: 1.16207 - accuracy: 0.88085
Validating epoch 62 | loss: 1.26683 - accuracy: 0.7767
Training epoch 63 | loss: 1.16674 - accuracy: 0.87447
Validating epoch 63 | loss: 1.2475 - accuracy: 0.79612
Training epoch 64 | loss: 1.14374 - accuracy: 0.89681
Validating epoch 64 | loss: 1.21295 - accuracy: 0.83495
Training epoch 65 | loss: 1.13882 - accuracy: 0.89894
Validating epoch 65 | loss: 1.24205 - accuracy: 0.80583
Training epoch 66 | loss: 1.15542 - accuracy: 0.89574
Validating epoch 66 | loss: 1.23778 - accuracy: 0.80583
Training epoch 67 | loss: 1.14429 - accuracy: 0.90426
Validating epoch 67 | loss: 1.21508 - accuracy: 0.82524
Training epoch 68 | loss: 1.13754 - accuracy: 0.90426
Validating epoch 68 | loss: 1.22966 - accuracy: 0.81553
Training epoch 69 | loss: 1.13489 - accuracy: 0.90745
Validating epoch 69 | loss: 1.23737 - accuracy: 0.80583
Training epoch 70 | loss: 1.13211 - accuracy: 0.90851
Validating epoch 70 | loss: 1.2459 - accuracy: 0.79612
Training epoch 71 | loss: 1.1358 - accuracy: 0.90532
Validating epoch 71 | loss: 1.24746 - accuracy: 0.79612
Training epoch 72 | loss: 1.13926 - accuracy: 0.90851
Validating epoch 72 | loss: 1.22854 - accuracy: 0.81553
Training epoch 73 | loss: 1.12942 - accuracy: 0.91064
Validating epoch 73 | loss: 1.2281 - accuracy: 0.81553
Training epoch 74 | loss: 1.13328 - accuracy: 0.91064
Validating epoch 74 | loss: 1.2281 - accuracy: 0.81553
Training epoch 75 | loss: 1.13306 - accuracy: 0.91064
Validating epoch 75 | loss: 1.22812 - accuracy: 0.81553
Training epoch 76 | loss: 1.12765 - accuracy: 0.91277
Validating epoch 76 | loss: 1.22807 - accuracy: 0.81553
Training epoch 77 | loss: 1.12851 - accuracy: 0.91383
Validating epoch 77 | loss: 1.22809 - accuracy: 0.81553
Training epoch 78 | loss: 1.15253 - accuracy: 0.88723
Validating epoch 78 | loss: 1.22826 - accuracy: 0.81553
Training epoch 79 | loss: 1.13877 - accuracy: 0.90745
Validating epoch 79 | loss: 1.23216 - accuracy: 0.81553
Training epoch 80 | loss: 1.13922 - accuracy: 0.91064
Validating epoch 80 | loss: 1.23136 - accuracy: 0.80583
Training epoch 81 | loss: 1.13176 - accuracy: 0.90957
Validating epoch 81 | loss: 1.2286 - accuracy: 0.81553
Training epoch 82 | loss: 1.1261 - accuracy: 0.91489
Validating epoch 82 | loss: 1.25361 - accuracy: 0.78641
Training epoch 83 | loss: 1.12737 - accuracy: 0.9117
Validating epoch 83 | loss: 1.22812 - accuracy: 0.81553
Training epoch 84 | loss: 1.12835 - accuracy: 0.91809
Validating epoch 84 | loss: 1.23345 - accuracy: 0.80583
Training epoch 85 | loss: 1.12732 - accuracy: 0.91383
Validating epoch 85 | loss: 1.23181 - accuracy: 0.81553
Training epoch 86 | loss: 1.12454 - accuracy: 0.91596
Validating epoch 86 | loss: 1.24847 - accuracy: 0.78641
Training epoch 87 | loss: 1.12876 - accuracy: 0.91915
Validating epoch 87 | loss: 1.23941 - accuracy: 0.80583
Training epoch 88 | loss: 1.12588 - accuracy: 0.91596
Validating epoch 88 | loss: 1.2281 - accuracy: 0.81553
Training epoch 89 | loss: 1.12173 - accuracy: 0.91809
Validating epoch 89 | loss: 1.23528 - accuracy: 0.81553
Training epoch 90 | loss: 1.12362 - accuracy: 0.91915
Validating epoch 90 | loss: 1.23265 - accuracy: 0.80583
Training epoch 91 | loss: 1.11846 - accuracy: 0.91915
Validating epoch 91 | loss: 1.22832 - accuracy: 0.81553
Training epoch 92 | loss: 1.12906 - accuracy: 0.91489
Validating epoch 92 | loss: 1.23037 - accuracy: 0.81553
Training epoch 93 | loss: 1.14083 - accuracy: 0.90319
Validating epoch 93 | loss: 1.26567 - accuracy: 0.7767
Training epoch 94 | loss: 1.12922 - accuracy: 0.91596
Validating epoch 94 | loss: 1.22782 - accuracy: 0.81553
Training epoch 95 | loss: 1.11807 - accuracy: 0.92234
Validating epoch 95 | loss: 1.22812 - accuracy: 0.81553
Training epoch 96 | loss: 1.13123 - accuracy: 0.91383
Validating epoch 96 | loss: 1.23219 - accuracy: 0.81553
Training epoch 97 | loss: 1.12096 - accuracy: 0.92021
Validating epoch 97 | loss: 1.22807 - accuracy: 0.81553
Training epoch 98 | loss: 1.12047 - accuracy: 0.92234
Validating epoch 98 | loss: 1.23324 - accuracy: 0.80583
Training epoch 99 | loss: 1.11667 - accuracy: 0.92447
Validating epoch 99 | loss: 1.22083 - accuracy: 0.82524
