Model is RNN, dataset is sfu, undersample is False, aug mode is None, geo is 0.5, pct_usage is None, small_label is 0, small_prop is 0.9, balance_seed is 0, lr is 0.001, max_epochs is 100, split_num is 9
Training epoch 0 | loss: 1.78356 - accuracy: 0.44043
Validating epoch 0 | loss: 1.76346 - accuracy: 0.46602
Training epoch 1 | loss: 1.73639 - accuracy: 0.51596
Validating epoch 1 | loss: 1.68035 - accuracy: 0.76699
Training epoch 2 | loss: 1.62496 - accuracy: 0.74468
Validating epoch 2 | loss: 1.53561 - accuracy: 0.53398
Training epoch 3 | loss: 1.49138 - accuracy: 0.63298
Validating epoch 3 | loss: 1.42386 - accuracy: 0.53398
Training epoch 4 | loss: 1.38671 - accuracy: 0.74149
Validating epoch 4 | loss: 1.35142 - accuracy: 0.78641
Training epoch 5 | loss: 1.3007 - accuracy: 0.86702
Validating epoch 5 | loss: 1.30716 - accuracy: 0.78641
Training epoch 6 | loss: 1.24169 - accuracy: 0.88085
Validating epoch 6 | loss: 1.25866 - accuracy: 0.81553
Training epoch 7 | loss: 1.2147 - accuracy: 0.8734
Validating epoch 7 | loss: 1.25263 - accuracy: 0.80583
Training epoch 8 | loss: 1.18571 - accuracy: 0.8766
Validating epoch 8 | loss: 1.26132 - accuracy: 0.78641
Training epoch 9 | loss: 1.17487 - accuracy: 0.87766
Validating epoch 9 | loss: 1.23119 - accuracy: 0.81553
Training epoch 10 | loss: 1.17327 - accuracy: 0.87979
Validating epoch 10 | loss: 1.25619 - accuracy: 0.78641
Training epoch 11 | loss: 1.16614 - accuracy: 0.88404
Validating epoch 11 | loss: 1.25706 - accuracy: 0.78641
Training epoch 12 | loss: 1.15958 - accuracy: 0.88617
Validating epoch 12 | loss: 1.24588 - accuracy: 0.79612
Training epoch 13 | loss: 1.16218 - accuracy: 0.8883
Validating epoch 13 | loss: 1.25967 - accuracy: 0.78641
Training epoch 14 | loss: 1.16084 - accuracy: 0.88936
Validating epoch 14 | loss: 1.24122 - accuracy: 0.80583
Training epoch 15 | loss: 1.16703 - accuracy: 0.89043
Validating epoch 15 | loss: 1.26696 - accuracy: 0.7767
Training epoch 16 | loss: 1.16512 - accuracy: 0.88617
Validating epoch 16 | loss: 1.22902 - accuracy: 0.81553
Training epoch 17 | loss: 1.15972 - accuracy: 0.88511
Validating epoch 17 | loss: 1.22637 - accuracy: 0.81553
Training epoch 18 | loss: 1.15531 - accuracy: 0.8883
Validating epoch 18 | loss: 1.25172 - accuracy: 0.79612
Training epoch 19 | loss: 1.14803 - accuracy: 0.9
Validating epoch 19 | loss: 1.26348 - accuracy: 0.7767
Training epoch 20 | loss: 1.15602 - accuracy: 0.88723
Validating epoch 20 | loss: 1.20947 - accuracy: 0.83495
Training epoch 21 | loss: 1.16863 - accuracy: 0.87766
Validating epoch 21 | loss: 1.25834 - accuracy: 0.78641
Training epoch 22 | loss: 1.16576 - accuracy: 0.87234
Validating epoch 22 | loss: 1.23112 - accuracy: 0.81553
Training epoch 23 | loss: 1.16571 - accuracy: 0.88085
Validating epoch 23 | loss: 1.21089 - accuracy: 0.83495
Training epoch 24 | loss: 1.17148 - accuracy: 0.86809
Validating epoch 24 | loss: 1.21814 - accuracy: 0.82524
Training epoch 25 | loss: 1.15701 - accuracy: 0.88511
Validating epoch 25 | loss: 1.25225 - accuracy: 0.78641
Training epoch 26 | loss: 1.1654 - accuracy: 0.87553
Validating epoch 26 | loss: 1.27821 - accuracy: 0.75728
Training epoch 27 | loss: 1.15284 - accuracy: 0.8883
Validating epoch 27 | loss: 1.23188 - accuracy: 0.81553
Training epoch 28 | loss: 1.15562 - accuracy: 0.88298
Validating epoch 28 | loss: 1.22837 - accuracy: 0.81553
Training epoch 29 | loss: 1.15754 - accuracy: 0.8883
Validating epoch 29 | loss: 1.23669 - accuracy: 0.80583
Training epoch 30 | loss: 1.14618 - accuracy: 0.89362
Validating epoch 30 | loss: 1.25079 - accuracy: 0.79612
Training epoch 31 | loss: 1.15193 - accuracy: 0.89574
Validating epoch 31 | loss: 1.24499 - accuracy: 0.79612
Training epoch 32 | loss: 1.14628 - accuracy: 0.89574
Validating epoch 32 | loss: 1.24529 - accuracy: 0.79612
Training epoch 33 | loss: 1.14599 - accuracy: 0.89894
Validating epoch 33 | loss: 1.24636 - accuracy: 0.80583
Training epoch 34 | loss: 1.15428 - accuracy: 0.89149
Validating epoch 34 | loss: 1.22803 - accuracy: 0.81553
Training epoch 35 | loss: 1.159 - accuracy: 0.89255
Validating epoch 35 | loss: 1.24307 - accuracy: 0.80583
Training epoch 36 | loss: 1.14576 - accuracy: 0.90213
Validating epoch 36 | loss: 1.25095 - accuracy: 0.78641
Training epoch 37 | loss: 1.14107 - accuracy: 0.9
Validating epoch 37 | loss: 1.24589 - accuracy: 0.79612
Training epoch 38 | loss: 1.14146 - accuracy: 0.90213
Validating epoch 38 | loss: 1.24043 - accuracy: 0.80583
Training epoch 39 | loss: 1.14755 - accuracy: 0.90106
Validating epoch 39 | loss: 1.24114 - accuracy: 0.80583
Training epoch 40 | loss: 1.15241 - accuracy: 0.89894
Validating epoch 40 | loss: 1.28151 - accuracy: 0.75728
Training epoch 41 | loss: 1.15845 - accuracy: 0.88085
Validating epoch 41 | loss: 1.22771 - accuracy: 0.81553
Training epoch 42 | loss: 1.16591 - accuracy: 0.87979
Validating epoch 42 | loss: 1.20071 - accuracy: 0.84466
Training epoch 43 | loss: 1.17209 - accuracy: 0.87234
Validating epoch 43 | loss: 1.22796 - accuracy: 0.81553
Training epoch 44 | loss: 1.14556 - accuracy: 0.89362
Validating epoch 44 | loss: 1.24536 - accuracy: 0.80583
Training epoch 45 | loss: 1.1474 - accuracy: 0.89468
Validating epoch 45 | loss: 1.24435 - accuracy: 0.79612
Training epoch 46 | loss: 1.15202 - accuracy: 0.89468
Validating epoch 46 | loss: 1.22807 - accuracy: 0.81553
Training epoch 47 | loss: 1.15365 - accuracy: 0.89149
Validating epoch 47 | loss: 1.22845 - accuracy: 0.81553
Training epoch 48 | loss: 1.14002 - accuracy: 0.89681
Validating epoch 48 | loss: 1.2631 - accuracy: 0.7767
Training epoch 49 | loss: 1.14761 - accuracy: 0.90106
Validating epoch 49 | loss: 1.23748 - accuracy: 0.80583
Training epoch 50 | loss: 1.13507 - accuracy: 0.90426
Validating epoch 50 | loss: 1.23619 - accuracy: 0.80583
Training epoch 51 | loss: 1.14269 - accuracy: 0.90319
Validating epoch 51 | loss: 1.23373 - accuracy: 0.81553
Training epoch 52 | loss: 1.14219 - accuracy: 0.89894
Validating epoch 52 | loss: 1.22832 - accuracy: 0.81553
Training epoch 53 | loss: 1.13245 - accuracy: 0.90532
Validating epoch 53 | loss: 1.23052 - accuracy: 0.81553
Training epoch 54 | loss: 1.1363 - accuracy: 0.90213
Validating epoch 54 | loss: 1.24537 - accuracy: 0.79612
Training epoch 55 | loss: 1.13971 - accuracy: 0.90532
Validating epoch 55 | loss: 1.22804 - accuracy: 0.81553
Training epoch 56 | loss: 1.1439 - accuracy: 0.9
Validating epoch 56 | loss: 1.22836 - accuracy: 0.81553
Training epoch 57 | loss: 1.13915 - accuracy: 0.90426
Validating epoch 57 | loss: 1.22795 - accuracy: 0.81553
Training epoch 58 | loss: 1.13959 - accuracy: 0.90638
Validating epoch 58 | loss: 1.2226 - accuracy: 0.82524
Training epoch 59 | loss: 1.13337 - accuracy: 0.91064
Validating epoch 59 | loss: 1.23847 - accuracy: 0.80583
Training epoch 60 | loss: 1.13836 - accuracy: 0.90851
Validating epoch 60 | loss: 1.2463 - accuracy: 0.79612
Training epoch 61 | loss: 1.13303 - accuracy: 0.90638
Validating epoch 61 | loss: 1.22182 - accuracy: 0.82524
Training epoch 62 | loss: 1.13547 - accuracy: 0.90638
Validating epoch 62 | loss: 1.22044 - accuracy: 0.82524
Training epoch 63 | loss: 1.13043 - accuracy: 0.9117
Validating epoch 63 | loss: 1.24713 - accuracy: 0.79612
Training epoch 64 | loss: 1.14637 - accuracy: 0.90638
Validating epoch 64 | loss: 1.23139 - accuracy: 0.81553
Training epoch 65 | loss: 1.13427 - accuracy: 0.90745
Validating epoch 65 | loss: 1.25586 - accuracy: 0.78641
Training epoch 66 | loss: 1.1302 - accuracy: 0.90745
Validating epoch 66 | loss: 1.2286 - accuracy: 0.81553
Training epoch 67 | loss: 1.13122 - accuracy: 0.91277
Validating epoch 67 | loss: 1.22707 - accuracy: 0.81553
Training epoch 68 | loss: 1.12943 - accuracy: 0.91489
Validating epoch 68 | loss: 1.23057 - accuracy: 0.81553
Training epoch 69 | loss: 1.12478 - accuracy: 0.91596
Validating epoch 69 | loss: 1.22836 - accuracy: 0.81553
Training epoch 70 | loss: 1.1264 - accuracy: 0.91596
Validating epoch 70 | loss: 1.22824 - accuracy: 0.81553
Training epoch 71 | loss: 1.12366 - accuracy: 0.91702
Validating epoch 71 | loss: 1.24377 - accuracy: 0.79612
Training epoch 72 | loss: 1.12649 - accuracy: 0.91809
Validating epoch 72 | loss: 1.22801 - accuracy: 0.81553
Training epoch 73 | loss: 1.12747 - accuracy: 0.91489
Validating epoch 73 | loss: 1.22806 - accuracy: 0.81553
Training epoch 74 | loss: 1.13208 - accuracy: 0.91702
Validating epoch 74 | loss: 1.22806 - accuracy: 0.81553
Training epoch 75 | loss: 1.12157 - accuracy: 0.91702
Validating epoch 75 | loss: 1.22716 - accuracy: 0.81553
Training epoch 76 | loss: 1.12758 - accuracy: 0.91383
Validating epoch 76 | loss: 1.25715 - accuracy: 0.78641
Training epoch 77 | loss: 1.13714 - accuracy: 0.91489
Validating epoch 77 | loss: 1.22808 - accuracy: 0.81553
Training epoch 78 | loss: 1.13495 - accuracy: 0.91489
Validating epoch 78 | loss: 1.23673 - accuracy: 0.80583
Training epoch 79 | loss: 1.12254 - accuracy: 0.91809
Validating epoch 79 | loss: 1.22998 - accuracy: 0.81553
Training epoch 80 | loss: 1.1308 - accuracy: 0.91809
Validating epoch 80 | loss: 1.24502 - accuracy: 0.79612
Training epoch 81 | loss: 1.12937 - accuracy: 0.91809
Validating epoch 81 | loss: 1.23629 - accuracy: 0.80583
Training epoch 82 | loss: 1.12878 - accuracy: 0.9117
Validating epoch 82 | loss: 1.22875 - accuracy: 0.81553
Training epoch 83 | loss: 1.13264 - accuracy: 0.9117
Validating epoch 83 | loss: 1.23815 - accuracy: 0.80583
Training epoch 84 | loss: 1.12788 - accuracy: 0.91702
Validating epoch 84 | loss: 1.22175 - accuracy: 0.82524
Training epoch 85 | loss: 1.13563 - accuracy: 0.9117
Validating epoch 85 | loss: 1.23236 - accuracy: 0.81553
Training epoch 86 | loss: 1.12764 - accuracy: 0.91489
Validating epoch 86 | loss: 1.22805 - accuracy: 0.81553
Training epoch 87 | loss: 1.12259 - accuracy: 0.91596
Validating epoch 87 | loss: 1.24319 - accuracy: 0.79612
Training epoch 88 | loss: 1.1303 - accuracy: 0.91383
Validating epoch 88 | loss: 1.23469 - accuracy: 0.80583
Training epoch 89 | loss: 1.12192 - accuracy: 0.91809
Validating epoch 89 | loss: 1.22129 - accuracy: 0.82524
Training epoch 90 | loss: 1.12279 - accuracy: 0.91383
Validating epoch 90 | loss: 1.21855 - accuracy: 0.82524
Training epoch 91 | loss: 1.12667 - accuracy: 0.92021
Validating epoch 91 | loss: 1.22916 - accuracy: 0.81553
Training epoch 92 | loss: 1.12622 - accuracy: 0.92021
Validating epoch 92 | loss: 1.23767 - accuracy: 0.80583
Training epoch 93 | loss: 1.11906 - accuracy: 0.92021
Validating epoch 93 | loss: 1.22874 - accuracy: 0.81553
Training epoch 94 | loss: 1.12179 - accuracy: 0.91915
Validating epoch 94 | loss: 1.23756 - accuracy: 0.80583
Training epoch 95 | loss: 1.12161 - accuracy: 0.92128
Validating epoch 95 | loss: 1.22845 - accuracy: 0.81553
Training epoch 96 | loss: 1.12716 - accuracy: 0.92128
Validating epoch 96 | loss: 1.2301 - accuracy: 0.81553
Training epoch 97 | loss: 1.11965 - accuracy: 0.92128
Validating epoch 97 | loss: 1.23027 - accuracy: 0.81553
Training epoch 98 | loss: 1.12189 - accuracy: 0.92128
Validating epoch 98 | loss: 1.23772 - accuracy: 0.80583
Training epoch 99 | loss: 1.11783 - accuracy: 0.92128
Validating epoch 99 | loss: 1.23768 - accuracy: 0.80583
Model is RNN, dataset is sfu, undersample is True, aug mode is None, geo is 0.5, pct_usage is None, small_label is 0, small_prop is 0.9, balance_seed is 0, lr is 0.001, max_epochs is 100, split_num is 9
Training epoch 0 | loss: 1.78486 - accuracy: 0.17872
Validating epoch 0 | loss: 1.76582 - accuracy: 0.53398
Training epoch 1 | loss: 1.74532 - accuracy: 0.5266
Validating epoch 1 | loss: 1.68643 - accuracy: 0.53398
Training epoch 2 | loss: 1.64301 - accuracy: 0.53085
Validating epoch 2 | loss: 1.55969 - accuracy: 0.53398
Training epoch 3 | loss: 1.52404 - accuracy: 0.53085
Validating epoch 3 | loss: 1.47789 - accuracy: 0.53398
Training epoch 4 | loss: 1.44884 - accuracy: 0.53085
Validating epoch 4 | loss: 1.41987 - accuracy: 0.53398
Training epoch 5 | loss: 1.35843 - accuracy: 0.72766
Validating epoch 5 | loss: 1.34618 - accuracy: 0.78641
Training epoch 6 | loss: 1.26123 - accuracy: 0.87553
Validating epoch 6 | loss: 1.28543 - accuracy: 0.78641
Training epoch 7 | loss: 1.21316 - accuracy: 0.88511
Validating epoch 7 | loss: 1.2785 - accuracy: 0.7767
Training epoch 8 | loss: 1.19487 - accuracy: 0.86809
Validating epoch 8 | loss: 1.23523 - accuracy: 0.81553
Training epoch 9 | loss: 1.17892 - accuracy: 0.87021
Validating epoch 9 | loss: 1.23888 - accuracy: 0.80583
Training epoch 10 | loss: 1.17331 - accuracy: 0.88191
Validating epoch 10 | loss: 1.2609 - accuracy: 0.78641
Training epoch 11 | loss: 1.16336 - accuracy: 0.88511
Validating epoch 11 | loss: 1.23102 - accuracy: 0.81553
Training epoch 12 | loss: 1.16262 - accuracy: 0.88085
Validating epoch 12 | loss: 1.23502 - accuracy: 0.80583
Training epoch 13 | loss: 1.16304 - accuracy: 0.88511
Validating epoch 13 | loss: 1.25333 - accuracy: 0.7767
Training epoch 14 | loss: 1.15681 - accuracy: 0.8883
Validating epoch 14 | loss: 1.23999 - accuracy: 0.80583
Training epoch 15 | loss: 1.16611 - accuracy: 0.88936
Validating epoch 15 | loss: 1.22602 - accuracy: 0.81553
Training epoch 16 | loss: 1.1584 - accuracy: 0.8883
Validating epoch 16 | loss: 1.25229 - accuracy: 0.79612
Training epoch 17 | loss: 1.15207 - accuracy: 0.8883
Validating epoch 17 | loss: 1.20988 - accuracy: 0.83495
Training epoch 18 | loss: 1.1439 - accuracy: 0.9
Validating epoch 18 | loss: 1.25735 - accuracy: 0.78641
Training epoch 19 | loss: 1.146 - accuracy: 0.89468
Validating epoch 19 | loss: 1.23699 - accuracy: 0.80583
Training epoch 20 | loss: 1.1636 - accuracy: 0.89043
Validating epoch 20 | loss: 1.23819 - accuracy: 0.80583
Training epoch 21 | loss: 1.14683 - accuracy: 0.89787
Validating epoch 21 | loss: 1.23481 - accuracy: 0.80583
Training epoch 22 | loss: 1.1397 - accuracy: 0.90106
Validating epoch 22 | loss: 1.23326 - accuracy: 0.81553
Training epoch 23 | loss: 1.13949 - accuracy: 0.90745
Validating epoch 23 | loss: 1.22982 - accuracy: 0.81553
Training epoch 24 | loss: 1.13702 - accuracy: 0.90957
Validating epoch 24 | loss: 1.24474 - accuracy: 0.79612
Training epoch 25 | loss: 1.1426 - accuracy: 0.90426
Validating epoch 25 | loss: 1.21122 - accuracy: 0.83495
Training epoch 26 | loss: 1.14779 - accuracy: 0.89043
Validating epoch 26 | loss: 1.23835 - accuracy: 0.80583
Training epoch 27 | loss: 1.14969 - accuracy: 0.89255
Validating epoch 27 | loss: 1.23611 - accuracy: 0.80583
Training epoch 28 | loss: 1.15068 - accuracy: 0.89043
Validating epoch 28 | loss: 1.19428 - accuracy: 0.85437
Training epoch 29 | loss: 1.14194 - accuracy: 0.90213
Validating epoch 29 | loss: 1.23965 - accuracy: 0.79612
Training epoch 30 | loss: 1.13532 - accuracy: 0.90957
Validating epoch 30 | loss: 1.22838 - accuracy: 0.81553
Training epoch 31 | loss: 1.13615 - accuracy: 0.90851
Validating epoch 31 | loss: 1.21945 - accuracy: 0.82524
Training epoch 32 | loss: 1.13773 - accuracy: 0.90851
Validating epoch 32 | loss: 1.24036 - accuracy: 0.80583
Training epoch 33 | loss: 1.13458 - accuracy: 0.90957
Validating epoch 33 | loss: 1.2425 - accuracy: 0.79612
Training epoch 34 | loss: 1.12863 - accuracy: 0.91064
Validating epoch 34 | loss: 1.24082 - accuracy: 0.80583
Training epoch 35 | loss: 1.14325 - accuracy: 0.90213
Validating epoch 35 | loss: 1.23683 - accuracy: 0.80583
Training epoch 36 | loss: 1.14401 - accuracy: 0.9
Validating epoch 36 | loss: 1.17989 - accuracy: 0.86408
Training epoch 37 | loss: 1.14888 - accuracy: 0.89468
Validating epoch 37 | loss: 1.23836 - accuracy: 0.80583
Training epoch 38 | loss: 1.13718 - accuracy: 0.90426
Validating epoch 38 | loss: 1.23765 - accuracy: 0.80583
Training epoch 39 | loss: 1.14076 - accuracy: 0.90638
Validating epoch 39 | loss: 1.22315 - accuracy: 0.81553
Training epoch 40 | loss: 1.12973 - accuracy: 0.90851
Validating epoch 40 | loss: 1.23702 - accuracy: 0.80583
Training epoch 41 | loss: 1.12609 - accuracy: 0.91383
Validating epoch 41 | loss: 1.23846 - accuracy: 0.80583
Training epoch 42 | loss: 1.13915 - accuracy: 0.90745
Validating epoch 42 | loss: 1.23171 - accuracy: 0.81553
Training epoch 43 | loss: 1.1347 - accuracy: 0.91489
Validating epoch 43 | loss: 1.23162 - accuracy: 0.80583
Training epoch 44 | loss: 1.12999 - accuracy: 0.91277
Validating epoch 44 | loss: 1.22676 - accuracy: 0.80583
Training epoch 45 | loss: 1.1236 - accuracy: 0.91915
Validating epoch 45 | loss: 1.21449 - accuracy: 0.82524
Training epoch 46 | loss: 1.12072 - accuracy: 0.91915
Validating epoch 46 | loss: 1.21835 - accuracy: 0.82524
Training epoch 47 | loss: 1.12774 - accuracy: 0.91915
Validating epoch 47 | loss: 1.21853 - accuracy: 0.82524
Training epoch 48 | loss: 1.12394 - accuracy: 0.91915
Validating epoch 48 | loss: 1.21622 - accuracy: 0.82524
Training epoch 49 | loss: 1.12258 - accuracy: 0.91809
Validating epoch 49 | loss: 1.22815 - accuracy: 0.81553
Training epoch 50 | loss: 1.12027 - accuracy: 0.91702
Validating epoch 50 | loss: 1.23195 - accuracy: 0.81553
Training epoch 51 | loss: 1.12648 - accuracy: 0.91809
Validating epoch 51 | loss: 1.23674 - accuracy: 0.80583
Training epoch 52 | loss: 1.12608 - accuracy: 0.91809
Validating epoch 52 | loss: 1.22856 - accuracy: 0.81553
Training epoch 53 | loss: 1.11972 - accuracy: 0.91596
Validating epoch 53 | loss: 1.2281 - accuracy: 0.81553
Training epoch 54 | loss: 1.12443 - accuracy: 0.91596
Validating epoch 54 | loss: 1.18942 - accuracy: 0.85437
Training epoch 55 | loss: 1.17303 - accuracy: 0.87021
Validating epoch 55 | loss: 1.19004 - accuracy: 0.85437
Training epoch 56 | loss: 1.14938 - accuracy: 0.88723
Validating epoch 56 | loss: 1.22879 - accuracy: 0.81553
Training epoch 57 | loss: 1.13513 - accuracy: 0.91277
Validating epoch 57 | loss: 1.25284 - accuracy: 0.78641
Training epoch 58 | loss: 1.12945 - accuracy: 0.91383
Validating epoch 58 | loss: 1.2385 - accuracy: 0.80583
Training epoch 59 | loss: 1.13305 - accuracy: 0.91915
Validating epoch 59 | loss: 1.23762 - accuracy: 0.80583
Training epoch 60 | loss: 1.12544 - accuracy: 0.91915
Validating epoch 60 | loss: 1.23418 - accuracy: 0.80583
Training epoch 61 | loss: 1.12169 - accuracy: 0.91915
Validating epoch 61 | loss: 1.2288 - accuracy: 0.81553
Training epoch 62 | loss: 1.12358 - accuracy: 0.91915
Validating epoch 62 | loss: 1.22611 - accuracy: 0.81553
Training epoch 63 | loss: 1.12738 - accuracy: 0.91915
Validating epoch 63 | loss: 1.22512 - accuracy: 0.81553
Training epoch 64 | loss: 1.118 - accuracy: 0.91915
Validating epoch 64 | loss: 1.22812 - accuracy: 0.81553
Training epoch 65 | loss: 1.12537 - accuracy: 0.91915
Validating epoch 65 | loss: 1.22821 - accuracy: 0.81553
Training epoch 66 | loss: 1.12545 - accuracy: 0.91915
Validating epoch 66 | loss: 1.22821 - accuracy: 0.81553
Training epoch 67 | loss: 1.12166 - accuracy: 0.91915
Validating epoch 67 | loss: 1.22822 - accuracy: 0.81553
Training epoch 68 | loss: 1.12356 - accuracy: 0.91915
Validating epoch 68 | loss: 1.22823 - accuracy: 0.81553
Training epoch 69 | loss: 1.12168 - accuracy: 0.91915
Validating epoch 69 | loss: 1.22822 - accuracy: 0.81553
Training epoch 70 | loss: 1.12544 - accuracy: 0.91915
Validating epoch 70 | loss: 1.22822 - accuracy: 0.81553
Training epoch 71 | loss: 1.12543 - accuracy: 0.91915
Validating epoch 71 | loss: 1.22822 - accuracy: 0.81553
Training epoch 72 | loss: 1.12542 - accuracy: 0.91915
Validating epoch 72 | loss: 1.22822 - accuracy: 0.81553
Training epoch 73 | loss: 1.12166 - accuracy: 0.91915
Validating epoch 73 | loss: 1.2282 - accuracy: 0.81553
Training epoch 74 | loss: 1.12729 - accuracy: 0.91915
Validating epoch 74 | loss: 1.2285 - accuracy: 0.81553
Training epoch 75 | loss: 1.12166 - accuracy: 0.91915
Validating epoch 75 | loss: 1.22915 - accuracy: 0.81553
Training epoch 76 | loss: 1.12537 - accuracy: 0.91915
Validating epoch 76 | loss: 1.22948 - accuracy: 0.80583
Training epoch 77 | loss: 1.1198 - accuracy: 0.91915
Validating epoch 77 | loss: 1.2296 - accuracy: 0.80583
Training epoch 78 | loss: 1.12912 - accuracy: 0.91915
Validating epoch 78 | loss: 1.22964 - accuracy: 0.80583
Training epoch 79 | loss: 1.12353 - accuracy: 0.91915
Validating epoch 79 | loss: 1.22966 - accuracy: 0.80583
Training epoch 80 | loss: 1.12536 - accuracy: 0.91915
Validating epoch 80 | loss: 1.22966 - accuracy: 0.80583
Training epoch 81 | loss: 1.12723 - accuracy: 0.91915
Validating epoch 81 | loss: 1.22965 - accuracy: 0.80583
Training epoch 82 | loss: 1.1236 - accuracy: 0.91915
Validating epoch 82 | loss: 1.22969 - accuracy: 0.80583
Training epoch 83 | loss: 1.12539 - accuracy: 0.91915
Validating epoch 83 | loss: 1.22966 - accuracy: 0.80583
Training epoch 84 | loss: 1.12153 - accuracy: 0.91915
Validating epoch 84 | loss: 1.22968 - accuracy: 0.80583
Training epoch 85 | loss: 1.12724 - accuracy: 0.91915
Validating epoch 85 | loss: 1.22967 - accuracy: 0.80583
Training epoch 86 | loss: 1.12909 - accuracy: 0.91915
Validating epoch 86 | loss: 1.22963 - accuracy: 0.80583
Training epoch 87 | loss: 1.12724 - accuracy: 0.91915
Validating epoch 87 | loss: 1.22957 - accuracy: 0.80583
Training epoch 88 | loss: 1.11975 - accuracy: 0.91915
Validating epoch 88 | loss: 1.22955 - accuracy: 0.80583
Training epoch 89 | loss: 1.12911 - accuracy: 0.91915
Validating epoch 89 | loss: 1.22981 - accuracy: 0.80583
Training epoch 90 | loss: 1.12723 - accuracy: 0.91915
Validating epoch 90 | loss: 1.22993 - accuracy: 0.80583
Training epoch 91 | loss: 1.11976 - accuracy: 0.91915
Validating epoch 91 | loss: 1.22996 - accuracy: 0.80583
Training epoch 92 | loss: 1.12348 - accuracy: 0.91915
Validating epoch 92 | loss: 1.23012 - accuracy: 0.80583
Training epoch 93 | loss: 1.12348 - accuracy: 0.91915
Validating epoch 93 | loss: 1.23032 - accuracy: 0.80583
Training epoch 94 | loss: 1.12348 - accuracy: 0.91915
Validating epoch 94 | loss: 1.23041 - accuracy: 0.80583
Training epoch 95 | loss: 1.12347 - accuracy: 0.91915
Validating epoch 95 | loss: 1.23043 - accuracy: 0.80583
Training epoch 96 | loss: 1.12539 - accuracy: 0.91915
Validating epoch 96 | loss: 1.23052 - accuracy: 0.80583
Training epoch 97 | loss: 1.12718 - accuracy: 0.91915
Validating epoch 97 | loss: 1.23067 - accuracy: 0.80583
Training epoch 98 | loss: 1.12723 - accuracy: 0.91915
Validating epoch 98 | loss: 1.23072 - accuracy: 0.80583
Training epoch 99 | loss: 1.12159 - accuracy: 0.91915
Validating epoch 99 | loss: 1.23084 - accuracy: 0.80583
Model is RNN, dataset is sfu, undersample is False, aug mode is None, geo is 0.5, pct_usage is None, small_label is 1, small_prop is 0.9, balance_seed is 0, lr is 0.001, max_epochs is 100, split_num is 9
Training epoch 0 | loss: 1.79989 - accuracy: 0.01277
Validating epoch 0 | loss: 1.78663 - accuracy: 0.42718
Training epoch 1 | loss: 1.77126 - accuracy: 0.45319
Validating epoch 1 | loss: 1.73372 - accuracy: 0.53398
Training epoch 2 | loss: 1.69476 - accuracy: 0.52979
Validating epoch 2 | loss: 1.62191 - accuracy: 0.53398
Training epoch 3 | loss: 1.56747 - accuracy: 0.53404
Validating epoch 3 | loss: 1.49536 - accuracy: 0.53398
Training epoch 4 | loss: 1.42312 - accuracy: 0.68191
Validating epoch 4 | loss: 1.38169 - accuracy: 0.78641
Training epoch 5 | loss: 1.30276 - accuracy: 0.86809
Validating epoch 5 | loss: 1.29594 - accuracy: 0.78641
Training epoch 6 | loss: 1.22014 - accuracy: 0.87553
Validating epoch 6 | loss: 1.25573 - accuracy: 0.80583
Training epoch 7 | loss: 1.18834 - accuracy: 0.8734
Validating epoch 7 | loss: 1.26173 - accuracy: 0.78641
Training epoch 8 | loss: 1.18547 - accuracy: 0.8766
Validating epoch 8 | loss: 1.23799 - accuracy: 0.80583
Training epoch 9 | loss: 1.18856 - accuracy: 0.86915
Validating epoch 9 | loss: 1.21472 - accuracy: 0.83495
Training epoch 10 | loss: 1.17114 - accuracy: 0.87234
Validating epoch 10 | loss: 1.2772 - accuracy: 0.75728
Training epoch 11 | loss: 1.17386 - accuracy: 0.86809
Validating epoch 11 | loss: 1.25484 - accuracy: 0.78641
Training epoch 12 | loss: 1.17536 - accuracy: 0.87128
Validating epoch 12 | loss: 1.24749 - accuracy: 0.78641
Training epoch 13 | loss: 1.16362 - accuracy: 0.88085
Validating epoch 13 | loss: 1.27941 - accuracy: 0.75728
Training epoch 14 | loss: 1.17289 - accuracy: 0.87553
Validating epoch 14 | loss: 1.25624 - accuracy: 0.78641
Training epoch 15 | loss: 1.16145 - accuracy: 0.88298
Validating epoch 15 | loss: 1.25851 - accuracy: 0.78641
Training epoch 16 | loss: 1.15734 - accuracy: 0.88298
Validating epoch 16 | loss: 1.25414 - accuracy: 0.78641
Training epoch 17 | loss: 1.15743 - accuracy: 0.88191
Validating epoch 17 | loss: 1.25182 - accuracy: 0.78641
Training epoch 18 | loss: 1.16316 - accuracy: 0.87979
Validating epoch 18 | loss: 1.24916 - accuracy: 0.79612
Training epoch 19 | loss: 1.15251 - accuracy: 0.88723
Validating epoch 19 | loss: 1.27388 - accuracy: 0.76699
Training epoch 20 | loss: 1.15981 - accuracy: 0.88617
Validating epoch 20 | loss: 1.25535 - accuracy: 0.78641
Training epoch 21 | loss: 1.15546 - accuracy: 0.88723
Validating epoch 21 | loss: 1.26043 - accuracy: 0.7767
Training epoch 22 | loss: 1.16965 - accuracy: 0.88298
Validating epoch 22 | loss: 1.25332 - accuracy: 0.79612
Training epoch 23 | loss: 1.15909 - accuracy: 0.88723
Validating epoch 23 | loss: 1.22834 - accuracy: 0.81553
Training epoch 24 | loss: 1.17011 - accuracy: 0.8766
Validating epoch 24 | loss: 1.24282 - accuracy: 0.79612
Training epoch 25 | loss: 1.15888 - accuracy: 0.88511
Validating epoch 25 | loss: 1.25905 - accuracy: 0.78641
Training epoch 26 | loss: 1.15873 - accuracy: 0.88511
Validating epoch 26 | loss: 1.24804 - accuracy: 0.79612
Training epoch 27 | loss: 1.14753 - accuracy: 0.89362
Validating epoch 27 | loss: 1.27507 - accuracy: 0.76699
Training epoch 28 | loss: 1.15027 - accuracy: 0.88617
Validating epoch 28 | loss: 1.23331 - accuracy: 0.80583
Training epoch 29 | loss: 1.14216 - accuracy: 0.89681
Validating epoch 29 | loss: 1.25228 - accuracy: 0.78641
Training epoch 30 | loss: 1.14977 - accuracy: 0.89362
Validating epoch 30 | loss: 1.24879 - accuracy: 0.78641
Training epoch 31 | loss: 1.14873 - accuracy: 0.89255
Validating epoch 31 | loss: 1.26015 - accuracy: 0.7767
Training epoch 32 | loss: 1.15469 - accuracy: 0.89362
Validating epoch 32 | loss: 1.22779 - accuracy: 0.81553
Training epoch 33 | loss: 1.14272 - accuracy: 0.89468
Validating epoch 33 | loss: 1.23519 - accuracy: 0.80583
Training epoch 34 | loss: 1.15155 - accuracy: 0.90213
Validating epoch 34 | loss: 1.21252 - accuracy: 0.83495
Training epoch 35 | loss: 1.14592 - accuracy: 0.89894
Validating epoch 35 | loss: 1.25062 - accuracy: 0.79612
Training epoch 36 | loss: 1.13412 - accuracy: 0.90745
Validating epoch 36 | loss: 1.21861 - accuracy: 0.82524
Training epoch 37 | loss: 1.17933 - accuracy: 0.86489
Validating epoch 37 | loss: 1.19007 - accuracy: 0.85437
Training epoch 38 | loss: 1.16179 - accuracy: 0.87766
Validating epoch 38 | loss: 1.24107 - accuracy: 0.79612
Training epoch 39 | loss: 1.15901 - accuracy: 0.89362
Validating epoch 39 | loss: 1.27111 - accuracy: 0.76699
Training epoch 40 | loss: 1.1402 - accuracy: 0.90213
Validating epoch 40 | loss: 1.23599 - accuracy: 0.80583
Training epoch 41 | loss: 1.1465 - accuracy: 0.89574
Validating epoch 41 | loss: 1.2324 - accuracy: 0.80583
Training epoch 42 | loss: 1.15027 - accuracy: 0.89362
Validating epoch 42 | loss: 1.21314 - accuracy: 0.82524
Training epoch 43 | loss: 1.14985 - accuracy: 0.89787
Validating epoch 43 | loss: 1.28002 - accuracy: 0.75728
Training epoch 44 | loss: 1.15032 - accuracy: 0.88404
Validating epoch 44 | loss: 1.24757 - accuracy: 0.79612
Training epoch 45 | loss: 1.13775 - accuracy: 0.90745
Validating epoch 45 | loss: 1.22433 - accuracy: 0.82524
Training epoch 46 | loss: 1.13728 - accuracy: 0.90957
Validating epoch 46 | loss: 1.22866 - accuracy: 0.81553
Training epoch 47 | loss: 1.13305 - accuracy: 0.90851
Validating epoch 47 | loss: 1.22509 - accuracy: 0.81553
Training epoch 48 | loss: 1.12506 - accuracy: 0.91702
Validating epoch 48 | loss: 1.22783 - accuracy: 0.81553
Training epoch 49 | loss: 1.12632 - accuracy: 0.91809
Validating epoch 49 | loss: 1.22469 - accuracy: 0.81553
Training epoch 50 | loss: 1.12628 - accuracy: 0.91915
Validating epoch 50 | loss: 1.23384 - accuracy: 0.80583
Training epoch 51 | loss: 1.12085 - accuracy: 0.91915
Validating epoch 51 | loss: 1.2287 - accuracy: 0.81553
Training epoch 52 | loss: 1.12415 - accuracy: 0.92021
Validating epoch 52 | loss: 1.20012 - accuracy: 0.84466
Training epoch 53 | loss: 1.12465 - accuracy: 0.91702
Validating epoch 53 | loss: 1.23768 - accuracy: 0.80583
Training epoch 54 | loss: 1.12632 - accuracy: 0.91596
Validating epoch 54 | loss: 1.235 - accuracy: 0.80583
Training epoch 55 | loss: 1.12714 - accuracy: 0.91489
Validating epoch 55 | loss: 1.2177 - accuracy: 0.82524
Training epoch 56 | loss: 1.13237 - accuracy: 0.91277
Validating epoch 56 | loss: 1.23729 - accuracy: 0.80583
Training epoch 57 | loss: 1.11942 - accuracy: 0.92234
Validating epoch 57 | loss: 1.22757 - accuracy: 0.81553
Training epoch 58 | loss: 1.11267 - accuracy: 0.92553
Validating epoch 58 | loss: 1.23273 - accuracy: 0.81553
Training epoch 59 | loss: 1.12891 - accuracy: 0.9234
Validating epoch 59 | loss: 1.23255 - accuracy: 0.80583
Training epoch 60 | loss: 1.13885 - accuracy: 0.90638
Validating epoch 60 | loss: 1.20409 - accuracy: 0.83495
Training epoch 61 | loss: 1.14196 - accuracy: 0.90319
Validating epoch 61 | loss: 1.26077 - accuracy: 0.78641
Training epoch 62 | loss: 1.13162 - accuracy: 0.91383
Validating epoch 62 | loss: 1.22388 - accuracy: 0.82524
Training epoch 63 | loss: 1.12455 - accuracy: 0.91596
Validating epoch 63 | loss: 1.2304 - accuracy: 0.81553
Training epoch 64 | loss: 1.11947 - accuracy: 0.92234
Validating epoch 64 | loss: 1.23748 - accuracy: 0.80583
Training epoch 65 | loss: 1.1226 - accuracy: 0.92447
Validating epoch 65 | loss: 1.20189 - accuracy: 0.84466
Training epoch 66 | loss: 1.1284 - accuracy: 0.9234
Validating epoch 66 | loss: 1.20791 - accuracy: 0.82524
Training epoch 67 | loss: 1.12557 - accuracy: 0.92128
Validating epoch 67 | loss: 1.26599 - accuracy: 0.7767
Training epoch 68 | loss: 1.13152 - accuracy: 0.91596
Validating epoch 68 | loss: 1.19931 - accuracy: 0.84466
Training epoch 69 | loss: 1.12452 - accuracy: 0.92553
Validating epoch 69 | loss: 1.21835 - accuracy: 0.82524
Training epoch 70 | loss: 1.11577 - accuracy: 0.92766
Validating epoch 70 | loss: 1.24613 - accuracy: 0.79612
Training epoch 71 | loss: 1.11973 - accuracy: 0.92234
Validating epoch 71 | loss: 1.21325 - accuracy: 0.82524
Training epoch 72 | loss: 1.12719 - accuracy: 0.92234
Validating epoch 72 | loss: 1.21938 - accuracy: 0.82524
Training epoch 73 | loss: 1.14216 - accuracy: 0.90106
Validating epoch 73 | loss: 1.19812 - accuracy: 0.84466
Training epoch 74 | loss: 1.13836 - accuracy: 0.90319
Validating epoch 74 | loss: 1.25782 - accuracy: 0.78641
Training epoch 75 | loss: 1.1324 - accuracy: 0.91277
Validating epoch 75 | loss: 1.25751 - accuracy: 0.78641
Training epoch 76 | loss: 1.13202 - accuracy: 0.91277
Validating epoch 76 | loss: 1.21953 - accuracy: 0.82524
Training epoch 77 | loss: 1.13286 - accuracy: 0.91383
Validating epoch 77 | loss: 1.23048 - accuracy: 0.81553
Training epoch 78 | loss: 1.11961 - accuracy: 0.9266
Validating epoch 78 | loss: 1.24803 - accuracy: 0.79612
Training epoch 79 | loss: 1.11502 - accuracy: 0.9266
Validating epoch 79 | loss: 1.22626 - accuracy: 0.81553
Training epoch 80 | loss: 1.11583 - accuracy: 0.92979
Validating epoch 80 | loss: 1.22431 - accuracy: 0.81553
Training epoch 81 | loss: 1.11471 - accuracy: 0.92872
Validating epoch 81 | loss: 1.2387 - accuracy: 0.80583
Training epoch 82 | loss: 1.12687 - accuracy: 0.9234
Validating epoch 82 | loss: 1.21825 - accuracy: 0.82524
Training epoch 83 | loss: 1.11598 - accuracy: 0.92234
Validating epoch 83 | loss: 1.20071 - accuracy: 0.84466
Training epoch 84 | loss: 1.11292 - accuracy: 0.92872
Validating epoch 84 | loss: 1.25699 - accuracy: 0.78641
Training epoch 85 | loss: 1.11828 - accuracy: 0.92979
Validating epoch 85 | loss: 1.22297 - accuracy: 0.81553
Training epoch 86 | loss: 1.11638 - accuracy: 0.92872
Validating epoch 86 | loss: 1.21835 - accuracy: 0.82524
Training epoch 87 | loss: 1.11008 - accuracy: 0.92979
Validating epoch 87 | loss: 1.22807 - accuracy: 0.81553
Training epoch 88 | loss: 1.11201 - accuracy: 0.93191
Validating epoch 88 | loss: 1.22807 - accuracy: 0.81553
Training epoch 89 | loss: 1.10824 - accuracy: 0.93191
Validating epoch 89 | loss: 1.22801 - accuracy: 0.81553
Training epoch 90 | loss: 1.1123 - accuracy: 0.93191
Validating epoch 90 | loss: 1.22818 - accuracy: 0.81553
Training epoch 91 | loss: 1.11187 - accuracy: 0.93191
Validating epoch 91 | loss: 1.22796 - accuracy: 0.81553
Training epoch 92 | loss: 1.11398 - accuracy: 0.93191
Validating epoch 92 | loss: 1.2282 - accuracy: 0.81553
Training epoch 93 | loss: 1.11032 - accuracy: 0.93191
Validating epoch 93 | loss: 1.19843 - accuracy: 0.84466
Training epoch 94 | loss: 1.11635 - accuracy: 0.9266
Validating epoch 94 | loss: 1.26666 - accuracy: 0.7767
Training epoch 95 | loss: 1.1179 - accuracy: 0.92021
Validating epoch 95 | loss: 1.20859 - accuracy: 0.83495
Training epoch 96 | loss: 1.13531 - accuracy: 0.91064
Validating epoch 96 | loss: 1.2361 - accuracy: 0.80583
Training epoch 97 | loss: 1.1263 - accuracy: 0.91702
Validating epoch 97 | loss: 1.25708 - accuracy: 0.78641
Training epoch 98 | loss: 1.11151 - accuracy: 0.92872
Validating epoch 98 | loss: 1.21823 - accuracy: 0.82524
Training epoch 99 | loss: 1.11498 - accuracy: 0.92447
Validating epoch 99 | loss: 1.23273 - accuracy: 0.80583
Model is RNN, dataset is sfu, undersample is True, aug mode is None, geo is 0.5, pct_usage is None, small_label is 1, small_prop is 0.9, balance_seed is 0, lr is 0.001, max_epochs is 100, split_num is 9
Training epoch 0 | loss: 1.78075 - accuracy: 0.49362
Validating epoch 0 | loss: 1.75748 - accuracy: 0.56311
Training epoch 1 | loss: 1.72427 - accuracy: 0.5617
Validating epoch 1 | loss: 1.64813 - accuracy: 0.53398
Training epoch 2 | loss: 1.59107 - accuracy: 0.53085
Validating epoch 2 | loss: 1.52132 - accuracy: 0.53398
Training epoch 3 | loss: 1.51165 - accuracy: 0.53085
Validating epoch 3 | loss: 1.47818 - accuracy: 0.53398
Training epoch 4 | loss: 1.44922 - accuracy: 0.53085
Validating epoch 4 | loss: 1.43994 - accuracy: 0.53398
Training epoch 5 | loss: 1.41378 - accuracy: 0.53723
Validating epoch 5 | loss: 1.41933 - accuracy: 0.53398
Training epoch 6 | loss: 1.37727 - accuracy: 0.68723
Validating epoch 6 | loss: 1.3621 - accuracy: 0.80583
Training epoch 7 | loss: 1.3168 - accuracy: 0.87021
Validating epoch 7 | loss: 1.31861 - accuracy: 0.78641
Training epoch 8 | loss: 1.24864 - accuracy: 0.8734
Validating epoch 8 | loss: 1.25614 - accuracy: 0.81553
Training epoch 9 | loss: 1.20699 - accuracy: 0.87553
Validating epoch 9 | loss: 1.25264 - accuracy: 0.80583
Training epoch 10 | loss: 1.19131 - accuracy: 0.86809
Validating epoch 10 | loss: 1.27954 - accuracy: 0.75728
Training epoch 11 | loss: 1.16975 - accuracy: 0.8766
Validating epoch 11 | loss: 1.23666 - accuracy: 0.80583
Training epoch 12 | loss: 1.16062 - accuracy: 0.88191
Validating epoch 12 | loss: 1.25869 - accuracy: 0.78641
Training epoch 13 | loss: 1.17527 - accuracy: 0.87021
Validating epoch 13 | loss: 1.25809 - accuracy: 0.78641
Training epoch 14 | loss: 1.16624 - accuracy: 0.87234
Validating epoch 14 | loss: 1.21353 - accuracy: 0.82524
Training epoch 15 | loss: 1.18288 - accuracy: 0.86702
Validating epoch 15 | loss: 1.21483 - accuracy: 0.82524
Training epoch 16 | loss: 1.17262 - accuracy: 0.86809
Validating epoch 16 | loss: 1.23048 - accuracy: 0.81553
Training epoch 17 | loss: 1.17258 - accuracy: 0.8766
Validating epoch 17 | loss: 1.24878 - accuracy: 0.79612
Training epoch 18 | loss: 1.15999 - accuracy: 0.87872
Validating epoch 18 | loss: 1.24762 - accuracy: 0.79612
Training epoch 19 | loss: 1.16547 - accuracy: 0.8766
Validating epoch 19 | loss: 1.25849 - accuracy: 0.78641
Training epoch 20 | loss: 1.16389 - accuracy: 0.87979
Validating epoch 20 | loss: 1.24089 - accuracy: 0.80583
Training epoch 21 | loss: 1.16509 - accuracy: 0.88404
Validating epoch 21 | loss: 1.26802 - accuracy: 0.76699
Training epoch 22 | loss: 1.15586 - accuracy: 0.88511
Validating epoch 22 | loss: 1.24296 - accuracy: 0.79612
Training epoch 23 | loss: 1.1658 - accuracy: 0.88298
Validating epoch 23 | loss: 1.23211 - accuracy: 0.81553
Training epoch 24 | loss: 1.15857 - accuracy: 0.88298
Validating epoch 24 | loss: 1.25647 - accuracy: 0.78641
Training epoch 25 | loss: 1.16064 - accuracy: 0.88617
Validating epoch 25 | loss: 1.24647 - accuracy: 0.79612
Training epoch 26 | loss: 1.15237 - accuracy: 0.88511
Validating epoch 26 | loss: 1.24287 - accuracy: 0.79612
Training epoch 27 | loss: 1.15544 - accuracy: 0.88617
Validating epoch 27 | loss: 1.24435 - accuracy: 0.79612
Training epoch 28 | loss: 1.14994 - accuracy: 0.88617
Validating epoch 28 | loss: 1.24583 - accuracy: 0.79612
Training epoch 29 | loss: 1.16078 - accuracy: 0.89149
Validating epoch 29 | loss: 1.24538 - accuracy: 0.79612
Training epoch 30 | loss: 1.15496 - accuracy: 0.89149
Validating epoch 30 | loss: 1.24821 - accuracy: 0.79612
Training epoch 31 | loss: 1.15263 - accuracy: 0.89149
Validating epoch 31 | loss: 1.24745 - accuracy: 0.79612
Training epoch 32 | loss: 1.16354 - accuracy: 0.88404
Validating epoch 32 | loss: 1.22209 - accuracy: 0.82524
Training epoch 33 | loss: 1.16433 - accuracy: 0.8766
Validating epoch 33 | loss: 1.22364 - accuracy: 0.81553
Training epoch 34 | loss: 1.15786 - accuracy: 0.88511
Validating epoch 34 | loss: 1.25372 - accuracy: 0.78641
Training epoch 35 | loss: 1.15347 - accuracy: 0.8883
Validating epoch 35 | loss: 1.27414 - accuracy: 0.76699
Training epoch 36 | loss: 1.14972 - accuracy: 0.89043
Validating epoch 36 | loss: 1.23887 - accuracy: 0.80583
Training epoch 37 | loss: 1.15815 - accuracy: 0.88511
Validating epoch 37 | loss: 1.24619 - accuracy: 0.79612
Training epoch 38 | loss: 1.14775 - accuracy: 0.89255
Validating epoch 38 | loss: 1.24978 - accuracy: 0.79612
Training epoch 39 | loss: 1.14958 - accuracy: 0.89468
Validating epoch 39 | loss: 1.24769 - accuracy: 0.79612
Training epoch 40 | loss: 1.15257 - accuracy: 0.88936
Validating epoch 40 | loss: 1.26785 - accuracy: 0.7767
Training epoch 41 | loss: 1.15659 - accuracy: 0.88936
Validating epoch 41 | loss: 1.2491 - accuracy: 0.79612
Training epoch 42 | loss: 1.14958 - accuracy: 0.89468
Validating epoch 42 | loss: 1.24359 - accuracy: 0.79612
Training epoch 43 | loss: 1.14246 - accuracy: 0.90319
Validating epoch 43 | loss: 1.21003 - accuracy: 0.83495
Training epoch 44 | loss: 1.16268 - accuracy: 0.8734
Validating epoch 44 | loss: 1.23935 - accuracy: 0.79612
Training epoch 45 | loss: 1.15007 - accuracy: 0.89681
Validating epoch 45 | loss: 1.26795 - accuracy: 0.7767
Training epoch 46 | loss: 1.14379 - accuracy: 0.89043
Validating epoch 46 | loss: 1.24641 - accuracy: 0.79612
Training epoch 47 | loss: 1.15285 - accuracy: 0.89468
Validating epoch 47 | loss: 1.24673 - accuracy: 0.79612
Training epoch 48 | loss: 1.15258 - accuracy: 0.88936
Validating epoch 48 | loss: 1.26927 - accuracy: 0.7767
Training epoch 49 | loss: 1.13963 - accuracy: 0.89787
Validating epoch 49 | loss: 1.2461 - accuracy: 0.79612
Training epoch 50 | loss: 1.14662 - accuracy: 0.89574
Validating epoch 50 | loss: 1.24997 - accuracy: 0.78641
Training epoch 51 | loss: 1.14116 - accuracy: 0.89681
Validating epoch 51 | loss: 1.251 - accuracy: 0.78641
Training epoch 52 | loss: 1.13712 - accuracy: 0.90106
Validating epoch 52 | loss: 1.26169 - accuracy: 0.78641
Training epoch 53 | loss: 1.14478 - accuracy: 0.89468
Validating epoch 53 | loss: 1.26136 - accuracy: 0.7767
Training epoch 54 | loss: 1.15447 - accuracy: 0.89681
Validating epoch 54 | loss: 1.2207 - accuracy: 0.82524
Training epoch 55 | loss: 1.14865 - accuracy: 0.89468
Validating epoch 55 | loss: 1.24314 - accuracy: 0.79612
Training epoch 56 | loss: 1.13751 - accuracy: 0.90638
Validating epoch 56 | loss: 1.26476 - accuracy: 0.7767
Training epoch 57 | loss: 1.14267 - accuracy: 0.90638
Validating epoch 57 | loss: 1.24352 - accuracy: 0.80583
Training epoch 58 | loss: 1.13257 - accuracy: 0.90638
Validating epoch 58 | loss: 1.23932 - accuracy: 0.80583
Training epoch 59 | loss: 1.13671 - accuracy: 0.90851
Validating epoch 59 | loss: 1.26127 - accuracy: 0.78641
Training epoch 60 | loss: 1.13338 - accuracy: 0.90745
Validating epoch 60 | loss: 1.2378 - accuracy: 0.80583
Training epoch 61 | loss: 1.12979 - accuracy: 0.91064
Validating epoch 61 | loss: 1.24789 - accuracy: 0.79612
Training epoch 62 | loss: 1.14038 - accuracy: 0.90638
Validating epoch 62 | loss: 1.23466 - accuracy: 0.80583
Training epoch 63 | loss: 1.13808 - accuracy: 0.90745
Validating epoch 63 | loss: 1.25215 - accuracy: 0.78641
Training epoch 64 | loss: 1.13979 - accuracy: 0.90426
Validating epoch 64 | loss: 1.26267 - accuracy: 0.7767
Training epoch 65 | loss: 1.13501 - accuracy: 0.90851
Validating epoch 65 | loss: 1.24656 - accuracy: 0.79612
Training epoch 66 | loss: 1.14596 - accuracy: 0.89787
Validating epoch 66 | loss: 1.21384 - accuracy: 0.83495
Training epoch 67 | loss: 1.14089 - accuracy: 0.90319
Validating epoch 67 | loss: 1.26712 - accuracy: 0.7767
Training epoch 68 | loss: 1.13839 - accuracy: 0.9
Validating epoch 68 | loss: 1.22715 - accuracy: 0.81553
Training epoch 69 | loss: 1.14887 - accuracy: 0.89149
Validating epoch 69 | loss: 1.23771 - accuracy: 0.80583
Training epoch 70 | loss: 1.13406 - accuracy: 0.91064
Validating epoch 70 | loss: 1.27226 - accuracy: 0.76699
Training epoch 71 | loss: 1.13928 - accuracy: 0.90638
Validating epoch 71 | loss: 1.24506 - accuracy: 0.79612
Training epoch 72 | loss: 1.13692 - accuracy: 0.90745
Validating epoch 72 | loss: 1.24325 - accuracy: 0.79612
Training epoch 73 | loss: 1.12193 - accuracy: 0.91809
Validating epoch 73 | loss: 1.24759 - accuracy: 0.79612
Training epoch 74 | loss: 1.12726 - accuracy: 0.91489
Validating epoch 74 | loss: 1.23927 - accuracy: 0.80583
Training epoch 75 | loss: 1.13304 - accuracy: 0.91702
Validating epoch 75 | loss: 1.24685 - accuracy: 0.79612
Training epoch 76 | loss: 1.13664 - accuracy: 0.91383
Validating epoch 76 | loss: 1.24002 - accuracy: 0.80583
Training epoch 77 | loss: 1.13115 - accuracy: 0.9117
Validating epoch 77 | loss: 1.23808 - accuracy: 0.80583
Training epoch 78 | loss: 1.12991 - accuracy: 0.91064
Validating epoch 78 | loss: 1.23775 - accuracy: 0.80583
Training epoch 79 | loss: 1.12713 - accuracy: 0.91489
Validating epoch 79 | loss: 1.24841 - accuracy: 0.79612
Training epoch 80 | loss: 1.13147 - accuracy: 0.91383
Validating epoch 80 | loss: 1.2517 - accuracy: 0.79612
Training epoch 81 | loss: 1.13025 - accuracy: 0.91809
Validating epoch 81 | loss: 1.23777 - accuracy: 0.80583
Training epoch 82 | loss: 1.13137 - accuracy: 0.91277
Validating epoch 82 | loss: 1.23775 - accuracy: 0.80583
Training epoch 83 | loss: 1.12535 - accuracy: 0.91489
Validating epoch 83 | loss: 1.26166 - accuracy: 0.7767
Training epoch 84 | loss: 1.12975 - accuracy: 0.90957
Validating epoch 84 | loss: 1.2396 - accuracy: 0.80583
Training epoch 85 | loss: 1.12675 - accuracy: 0.91383
Validating epoch 85 | loss: 1.23454 - accuracy: 0.80583
Training epoch 86 | loss: 1.13949 - accuracy: 0.90532
Validating epoch 86 | loss: 1.24484 - accuracy: 0.79612
Training epoch 87 | loss: 1.13334 - accuracy: 0.9117
Validating epoch 87 | loss: 1.28574 - accuracy: 0.75728
Training epoch 88 | loss: 1.13545 - accuracy: 0.90851
Validating epoch 88 | loss: 1.238 - accuracy: 0.80583
Training epoch 89 | loss: 1.12241 - accuracy: 0.91915
Validating epoch 89 | loss: 1.2381 - accuracy: 0.80583
Training epoch 90 | loss: 1.13096 - accuracy: 0.91702
Validating epoch 90 | loss: 1.23778 - accuracy: 0.80583
Training epoch 91 | loss: 1.13195 - accuracy: 0.91809
Validating epoch 91 | loss: 1.23771 - accuracy: 0.80583
Training epoch 92 | loss: 1.12903 - accuracy: 0.92128
Validating epoch 92 | loss: 1.233 - accuracy: 0.80583
Training epoch 93 | loss: 1.12395 - accuracy: 0.9234
Validating epoch 93 | loss: 1.24079 - accuracy: 0.80583
Training epoch 94 | loss: 1.12796 - accuracy: 0.92234
Validating epoch 94 | loss: 1.23793 - accuracy: 0.80583
Training epoch 95 | loss: 1.12159 - accuracy: 0.9234
Validating epoch 95 | loss: 1.22879 - accuracy: 0.81553
Training epoch 96 | loss: 1.12146 - accuracy: 0.9234
Validating epoch 96 | loss: 1.22808 - accuracy: 0.81553
Training epoch 97 | loss: 1.11977 - accuracy: 0.9234
Validating epoch 97 | loss: 1.22808 - accuracy: 0.81553
Training epoch 98 | loss: 1.12144 - accuracy: 0.9234
Validating epoch 98 | loss: 1.23251 - accuracy: 0.80583
Training epoch 99 | loss: 1.11964 - accuracy: 0.9234
Validating epoch 99 | loss: 1.2376 - accuracy: 0.80583
