Model is Bert, dataset is subj, undersample is False, aug mode is None, geo is None, pct_usage is None, small_label is 0, small_prop is 0.2, balance_seed is 1, lr is 2e-05, max_epochs is 4, split_num is 9
Training epoch 0 | loss: 0.22108 - accuracy: 0.91333
Validating epoch 0 | loss: 0.22186 - accuracy: 0.927
Training epoch 1 | loss: 0.03498 - accuracy: 0.99078
Validating epoch 1 | loss: 0.21175 - accuracy: 0.935
Training epoch 2 | loss: 0.01052 - accuracy: 0.99756
Validating epoch 2 | loss: 0.37109 - accuracy: 0.911
Training epoch 3 | loss: 0.00478 - accuracy: 0.999
Validating epoch 3 | loss: 0.30064 - accuracy: 0.929
Model is Bert, dataset is subj, undersample is True, aug mode is None, geo is None, pct_usage is None, small_label is 0, small_prop is 0.2, balance_seed is 1, lr is 2e-05, max_epochs is 4, split_num is 9
Training epoch 0 | loss: 0.20402 - accuracy: 0.91322
Validating epoch 0 | loss: 0.18805 - accuracy: 0.945
Training epoch 1 | loss: 0.00582 - accuracy: 0.99889
Validating epoch 1 | loss: 0.24189 - accuracy: 0.949
Training epoch 2 | loss: 0.00101 - accuracy: 1.0
Validating epoch 2 | loss: 0.26998 - accuracy: 0.949
Training epoch 3 | loss: 0.00149 - accuracy: 0.99956
Validating epoch 3 | loss: 0.27833 - accuracy: 0.95
Model is Bert, dataset is subj, undersample is None, aug mode is trans, geo is 0.1, pct_usage is None, small_label is 0, small_prop is 0.2, balance_seed is 1, lr is 2e-05, max_epochs is 4, split_num is 9
Training epoch 0 | loss: 0.27585 - accuracy: 0.87944
Validating epoch 0 | loss: 0.13669 - accuracy: 0.955
Training epoch 1 | loss: 0.09568 - accuracy: 0.96611
Validating epoch 1 | loss: 0.15469 - accuracy: 0.942
Training epoch 2 | loss: 0.04375 - accuracy: 0.98656
Validating epoch 2 | loss: 0.17682 - accuracy: 0.945
Training epoch 3 | loss: 0.02135 - accuracy: 0.99433
Validating epoch 3 | loss: 0.16618 - accuracy: 0.953
Model is Bert, dataset is subj, undersample is None, aug mode is trans, geo is 0.3, pct_usage is None, small_label is 0, small_prop is 0.2, balance_seed is 1, lr is 2e-05, max_epochs is 4, split_num is 9
Training epoch 0 | loss: 0.26006 - accuracy: 0.89111
Validating epoch 0 | loss: 0.17875 - accuracy: 0.926
Training epoch 1 | loss: 0.08112 - accuracy: 0.97322
Validating epoch 1 | loss: 0.15667 - accuracy: 0.947
Training epoch 2 | loss: 0.04503 - accuracy: 0.98522
Validating epoch 2 | loss: 0.15784 - accuracy: 0.947
Training epoch 3 | loss: 0.02465 - accuracy: 0.99322
Validating epoch 3 | loss: 0.15641 - accuracy: 0.949
Model is Bert, dataset is subj, undersample is None, aug mode is trans, geo is 0.5, pct_usage is None, small_label is 0, small_prop is 0.2, balance_seed is 1, lr is 2e-05, max_epochs is 4, split_num is 9
Training epoch 0 | loss: 0.25793 - accuracy: 0.89233
Validating epoch 0 | loss: 0.14441 - accuracy: 0.939
Training epoch 1 | loss: 0.08416 - accuracy: 0.97067
Validating epoch 1 | loss: 0.18836 - accuracy: 0.927
Training epoch 2 | loss: 0.04121 - accuracy: 0.98811
Validating epoch 2 | loss: 0.16427 - accuracy: 0.947
Training epoch 3 | loss: 0.02451 - accuracy: 0.99333
Validating epoch 3 | loss: 0.16244 - accuracy: 0.952
Model is Bert, dataset is subj, undersample is None, aug mode is trans, geo is 0.7, pct_usage is None, small_label is 0, small_prop is 0.2, balance_seed is 1, lr is 2e-05, max_epochs is 4, split_num is 9
Training epoch 0 | loss: 0.27514 - accuracy: 0.87822
Validating epoch 0 | loss: 0.13435 - accuracy: 0.95
Training epoch 1 | loss: 0.0779 - accuracy: 0.97444
Validating epoch 1 | loss: 0.17439 - accuracy: 0.938
Training epoch 2 | loss: 0.04605 - accuracy: 0.98589
Validating epoch 2 | loss: 0.16879 - accuracy: 0.946
Training epoch 3 | loss: 0.02553 - accuracy: 0.99278
Validating epoch 3 | loss: 0.18772 - accuracy: 0.95
Model is Bert, dataset is subj, undersample is None, aug mode is trans, geo is 0.9, pct_usage is None, small_label is 0, small_prop is 0.2, balance_seed is 1, lr is 2e-05, max_epochs is 4, split_num is 9
Training epoch 0 | loss: 0.23674 - accuracy: 0.90467
Validating epoch 0 | loss: 0.13422 - accuracy: 0.953
Training epoch 1 | loss: 0.05242 - accuracy: 0.98344
Validating epoch 1 | loss: 0.14228 - accuracy: 0.945
Training epoch 2 | loss: 0.02507 - accuracy: 0.99333
Validating epoch 2 | loss: 0.15741 - accuracy: 0.949
Training epoch 3 | loss: 0.01658 - accuracy: 0.99556
Validating epoch 3 | loss: 0.17414 - accuracy: 0.943
Model is Bert, dataset is subj, undersample is False, aug mode is None, geo is None, pct_usage is None, small_label is 1, small_prop is 0.2, balance_seed is 1, lr is 2e-05, max_epochs is 4, split_num is 9
Training epoch 0 | loss: 0.22625 - accuracy: 0.90744
Validating epoch 0 | loss: 0.20944 - accuracy: 0.935
Training epoch 1 | loss: 0.03366 - accuracy: 0.99078
Validating epoch 1 | loss: 0.20368 - accuracy: 0.949
Training epoch 2 | loss: 0.00789 - accuracy: 0.99844
Validating epoch 2 | loss: 0.31828 - accuracy: 0.935
Training epoch 3 | loss: 0.00427 - accuracy: 0.999
Validating epoch 3 | loss: 0.31245 - accuracy: 0.938
Model is Bert, dataset is subj, undersample is True, aug mode is None, geo is None, pct_usage is None, small_label is 1, small_prop is 0.2, balance_seed is 1, lr is 2e-05, max_epochs is 4, split_num is 9
Training epoch 0 | loss: 0.20951 - accuracy: 0.90922
Validating epoch 0 | loss: 0.17357 - accuracy: 0.949
Training epoch 1 | loss: 0.01297 - accuracy: 0.99689
Validating epoch 1 | loss: 0.24003 - accuracy: 0.942
Training epoch 2 | loss: 0.00313 - accuracy: 0.99933
Validating epoch 2 | loss: 0.22749 - accuracy: 0.948
Training epoch 3 | loss: 0.00088 - accuracy: 1.0
Validating epoch 3 | loss: 0.22734 - accuracy: 0.951
Model is Bert, dataset is subj, undersample is None, aug mode is trans, geo is 0.1, pct_usage is None, small_label is 1, small_prop is 0.2, balance_seed is 1, lr is 2e-05, max_epochs is 4, split_num is 9
Training epoch 0 | loss: 0.2657 - accuracy: 0.88356
Validating epoch 0 | loss: 0.15709 - accuracy: 0.941
Training epoch 1 | loss: 0.06102 - accuracy: 0.98011
Validating epoch 1 | loss: 0.13986 - accuracy: 0.953
Training epoch 2 | loss: 0.02507 - accuracy: 0.99322
Validating epoch 2 | loss: 0.17139 - accuracy: 0.953
Training epoch 3 | loss: 0.01254 - accuracy: 0.99633
Validating epoch 3 | loss: 0.17958 - accuracy: 0.96
Model is Bert, dataset is subj, undersample is None, aug mode is trans, geo is 0.3, pct_usage is None, small_label is 1, small_prop is 0.2, balance_seed is 1, lr is 2e-05, max_epochs is 4, split_num is 9
Training epoch 0 | loss: 0.2588 - accuracy: 0.88744
Validating epoch 0 | loss: 0.13608 - accuracy: 0.951
Training epoch 1 | loss: 0.06073 - accuracy: 0.98122
Validating epoch 1 | loss: 0.15074 - accuracy: 0.948
Training epoch 2 | loss: 0.02529 - accuracy: 0.99311
Validating epoch 2 | loss: 0.22261 - accuracy: 0.944
Training epoch 3 | loss: 0.01304 - accuracy: 0.99611
Validating epoch 3 | loss: 0.18208 - accuracy: 0.951
Model is Bert, dataset is subj, undersample is None, aug mode is trans, geo is 0.5, pct_usage is None, small_label is 1, small_prop is 0.2, balance_seed is 1, lr is 2e-05, max_epochs is 4, split_num is 9
Training epoch 0 | loss: 0.25455 - accuracy: 0.89133
Validating epoch 0 | loss: 0.14339 - accuracy: 0.95
Training epoch 1 | loss: 0.06472 - accuracy: 0.97956
Validating epoch 1 | loss: 0.1466 - accuracy: 0.953
Training epoch 2 | loss: 0.03083 - accuracy: 0.99156
Validating epoch 2 | loss: 0.15584 - accuracy: 0.958
Training epoch 3 | loss: 0.01859 - accuracy: 0.99533
Validating epoch 3 | loss: 0.16443 - accuracy: 0.96
Model is Bert, dataset is subj, undersample is None, aug mode is trans, geo is 0.7, pct_usage is None, small_label is 1, small_prop is 0.2, balance_seed is 1, lr is 2e-05, max_epochs is 4, split_num is 9
Training epoch 0 | loss: 0.25288 - accuracy: 0.891
Validating epoch 0 | loss: 0.14738 - accuracy: 0.945
Training epoch 1 | loss: 0.05487 - accuracy: 0.98289
Validating epoch 1 | loss: 0.16099 - accuracy: 0.944
Training epoch 2 | loss: 0.02886 - accuracy: 0.99233
Validating epoch 2 | loss: 0.1664 - accuracy: 0.953
Training epoch 3 | loss: 0.01779 - accuracy: 0.995
Validating epoch 3 | loss: 0.158 - accuracy: 0.954
Model is Bert, dataset is subj, undersample is None, aug mode is trans, geo is 0.9, pct_usage is None, small_label is 1, small_prop is 0.2, balance_seed is 1, lr is 2e-05, max_epochs is 4, split_num is 9
Training epoch 0 | loss: 0.24108 - accuracy: 0.902
Validating epoch 0 | loss: 0.16109 - accuracy: 0.941
Training epoch 1 | loss: 0.04708 - accuracy: 0.98678
Validating epoch 1 | loss: 0.14767 - accuracy: 0.954
Training epoch 2 | loss: 0.0227 - accuracy: 0.99344
Validating epoch 2 | loss: 0.25408 - accuracy: 0.938
Training epoch 3 | loss: 0.01271 - accuracy: 0.99678
Validating epoch 3 | loss: 0.18125 - accuracy: 0.955
Model is Bert, dataset is subj, undersample is False, aug mode is None, geo is None, pct_usage is None, small_label is 0, small_prop is 0.4, balance_seed is 1, lr is 2e-05, max_epochs is 4, split_num is 9
Training epoch 0 | loss: 0.24627 - accuracy: 0.901
Validating epoch 0 | loss: 0.13673 - accuracy: 0.942
Training epoch 1 | loss: 0.05233 - accuracy: 0.98622
Validating epoch 1 | loss: 0.1378 - accuracy: 0.956
Training epoch 2 | loss: 0.01771 - accuracy: 0.99589
Validating epoch 2 | loss: 0.16937 - accuracy: 0.952
Training epoch 3 | loss: 0.00932 - accuracy: 0.99833
Validating epoch 3 | loss: 0.19581 - accuracy: 0.953
Model is Bert, dataset is subj, undersample is True, aug mode is None, geo is None, pct_usage is None, small_label is 0, small_prop is 0.4, balance_seed is 1, lr is 2e-05, max_epochs is 4, split_num is 9
Training epoch 0 | loss: 0.23187 - accuracy: 0.89667
Validating epoch 0 | loss: 0.15771 - accuracy: 0.941
Training epoch 1 | loss: 0.02767 - accuracy: 0.99267
Validating epoch 1 | loss: 0.20737 - accuracy: 0.946
Training epoch 2 | loss: 0.00342 - accuracy: 0.99911
Validating epoch 2 | loss: 0.24218 - accuracy: 0.947
Training epoch 3 | loss: 0.00211 - accuracy: 0.99978
Validating epoch 3 | loss: 0.25502 - accuracy: 0.949
Model is Bert, dataset is subj, undersample is None, aug mode is trans, geo is 0.1, pct_usage is None, small_label is 0, small_prop is 0.4, balance_seed is 1, lr is 2e-05, max_epochs is 4, split_num is 9
Training epoch 0 | loss: 0.28768 - accuracy: 0.87433
Validating epoch 0 | loss: 0.12411 - accuracy: 0.959
Training epoch 1 | loss: 0.09977 - accuracy: 0.96556
Validating epoch 1 | loss: 0.13124 - accuracy: 0.951
Training epoch 2 | loss: 0.05421 - accuracy: 0.98244
Validating epoch 2 | loss: 0.13751 - accuracy: 0.952
Training epoch 3 | loss: 0.02906 - accuracy: 0.99289
Validating epoch 3 | loss: 0.15331 - accuracy: 0.957
Model is Bert, dataset is subj, undersample is None, aug mode is trans, geo is 0.3, pct_usage is None, small_label is 0, small_prop is 0.4, balance_seed is 1, lr is 2e-05, max_epochs is 4, split_num is 9
Training epoch 0 | loss: 0.28463 - accuracy: 0.87678
Validating epoch 0 | loss: 0.14624 - accuracy: 0.949
Training epoch 1 | loss: 0.09979 - accuracy: 0.966
Validating epoch 1 | loss: 0.12485 - accuracy: 0.955
Training epoch 2 | loss: 0.04888 - accuracy: 0.98489
Validating epoch 2 | loss: 0.13271 - accuracy: 0.954
Training epoch 3 | loss: 0.0344 - accuracy: 0.99111
Validating epoch 3 | loss: 0.14514 - accuracy: 0.957
Model is Bert, dataset is subj, undersample is None, aug mode is trans, geo is 0.5, pct_usage is None, small_label is 0, small_prop is 0.4, balance_seed is 1, lr is 2e-05, max_epochs is 4, split_num is 9
Training epoch 0 | loss: 0.27169 - accuracy: 0.88089
Validating epoch 0 | loss: 0.1583 - accuracy: 0.935
Training epoch 1 | loss: 0.09965 - accuracy: 0.96678
Validating epoch 1 | loss: 0.13512 - accuracy: 0.948
Training epoch 2 | loss: 0.05735 - accuracy: 0.98222
Validating epoch 2 | loss: 0.13389 - accuracy: 0.958
Training epoch 3 | loss: 0.04041 - accuracy: 0.98767
Validating epoch 3 | loss: 0.14166 - accuracy: 0.955
Model is Bert, dataset is subj, undersample is None, aug mode is trans, geo is 0.7, pct_usage is None, small_label is 0, small_prop is 0.4, balance_seed is 1, lr is 2e-05, max_epochs is 4, split_num is 9
Training epoch 0 | loss: 0.27827 - accuracy: 0.88633
Validating epoch 0 | loss: 0.14656 - accuracy: 0.954
Training epoch 1 | loss: 0.09046 - accuracy: 0.97067
Validating epoch 1 | loss: 0.12388 - accuracy: 0.956
Training epoch 2 | loss: 0.04952 - accuracy: 0.98556
Validating epoch 2 | loss: 0.14681 - accuracy: 0.954
Training epoch 3 | loss: 0.0316 - accuracy: 0.99156
Validating epoch 3 | loss: 0.15589 - accuracy: 0.952
Model is Bert, dataset is subj, undersample is None, aug mode is trans, geo is 0.9, pct_usage is None, small_label is 0, small_prop is 0.4, balance_seed is 1, lr is 2e-05, max_epochs is 4, split_num is 9
Training epoch 0 | loss: 0.25119 - accuracy: 0.896
Validating epoch 0 | loss: 0.12668 - accuracy: 0.953
Training epoch 1 | loss: 0.06069 - accuracy: 0.98189
Validating epoch 1 | loss: 0.27927 - accuracy: 0.91
Training epoch 2 | loss: 0.02769 - accuracy: 0.99222
Validating epoch 2 | loss: 0.14555 - accuracy: 0.958
Training epoch 3 | loss: 0.01845 - accuracy: 0.995
Validating epoch 3 | loss: 0.15044 - accuracy: 0.958
Model is Bert, dataset is subj, undersample is False, aug mode is None, geo is None, pct_usage is None, small_label is 1, small_prop is 0.4, balance_seed is 1, lr is 2e-05, max_epochs is 4, split_num is 9
Training epoch 0 | loss: 0.23192 - accuracy: 0.9
Validating epoch 0 | loss: 0.12888 - accuracy: 0.951
Training epoch 1 | loss: 0.03229 - accuracy: 0.99167
Validating epoch 1 | loss: 0.2043 - accuracy: 0.951
Training epoch 2 | loss: 0.00954 - accuracy: 0.99711
Validating epoch 2 | loss: 0.20297 - accuracy: 0.953
Training epoch 3 | loss: 0.00346 - accuracy: 0.99944
Validating epoch 3 | loss: 0.19454 - accuracy: 0.962
Model is Bert, dataset is subj, undersample is True, aug mode is None, geo is None, pct_usage is None, small_label is 1, small_prop is 0.4, balance_seed is 1, lr is 2e-05, max_epochs is 4, split_num is 9
Training epoch 0 | loss: 0.23448 - accuracy: 0.89922
Validating epoch 0 | loss: 0.22363 - accuracy: 0.923
Training epoch 1 | loss: 0.03586 - accuracy: 0.98967
Validating epoch 1 | loss: 0.16548 - accuracy: 0.958
Training epoch 2 | loss: 0.00598 - accuracy: 0.99889
Validating epoch 2 | loss: 0.18895 - accuracy: 0.958
Training epoch 3 | loss: 0.00308 - accuracy: 0.99956
Validating epoch 3 | loss: 0.20414 - accuracy: 0.956
Model is Bert, dataset is subj, undersample is None, aug mode is trans, geo is 0.1, pct_usage is None, small_label is 1, small_prop is 0.4, balance_seed is 1, lr is 2e-05, max_epochs is 4, split_num is 9
Training epoch 0 | loss: 0.26934 - accuracy: 0.87833
Validating epoch 0 | loss: 0.1732 - accuracy: 0.94
Training epoch 1 | loss: 0.07711 - accuracy: 0.97422
Validating epoch 1 | loss: 0.12128 - accuracy: 0.955
Training epoch 2 | loss: 0.04143 - accuracy: 0.98656
Validating epoch 2 | loss: 0.13444 - accuracy: 0.959
Training epoch 3 | loss: 0.0204 - accuracy: 0.99522
Validating epoch 3 | loss: 0.13637 - accuracy: 0.964
Model is Bert, dataset is subj, undersample is None, aug mode is trans, geo is 0.3, pct_usage is None, small_label is 1, small_prop is 0.4, balance_seed is 1, lr is 2e-05, max_epochs is 4, split_num is 9
Training epoch 0 | loss: 0.25367 - accuracy: 0.88833
Validating epoch 0 | loss: 0.13423 - accuracy: 0.956
Training epoch 1 | loss: 0.0745 - accuracy: 0.97478
Validating epoch 1 | loss: 0.11764 - accuracy: 0.96
Training epoch 2 | loss: 0.03123 - accuracy: 0.99
Validating epoch 2 | loss: 0.12035 - accuracy: 0.966
Training epoch 3 | loss: 0.01523 - accuracy: 0.99633
Validating epoch 3 | loss: 0.13373 - accuracy: 0.963
Model is Bert, dataset is subj, undersample is None, aug mode is trans, geo is 0.5, pct_usage is None, small_label is 1, small_prop is 0.4, balance_seed is 1, lr is 2e-05, max_epochs is 4, split_num is 9
Training epoch 0 | loss: 0.26451 - accuracy: 0.88411
Validating epoch 0 | loss: 0.12013 - accuracy: 0.954
Training epoch 1 | loss: 0.06485 - accuracy: 0.97911
Validating epoch 1 | loss: 0.11981 - accuracy: 0.961
Training epoch 2 | loss: 0.02846 - accuracy: 0.99033
Validating epoch 2 | loss: 0.14297 - accuracy: 0.961
Training epoch 3 | loss: 0.01445 - accuracy: 0.99622
Validating epoch 3 | loss: 0.1518 - accuracy: 0.966
Model is Bert, dataset is subj, undersample is None, aug mode is trans, geo is 0.7, pct_usage is None, small_label is 1, small_prop is 0.4, balance_seed is 1, lr is 2e-05, max_epochs is 4, split_num is 9
Training epoch 0 | loss: 0.26317 - accuracy: 0.884
Validating epoch 0 | loss: 0.15622 - accuracy: 0.94
Training epoch 1 | loss: 0.07058 - accuracy: 0.97789
Validating epoch 1 | loss: 0.11939 - accuracy: 0.961
Training epoch 2 | loss: 0.02665 - accuracy: 0.99256
Validating epoch 2 | loss: 0.15075 - accuracy: 0.959
Training epoch 3 | loss: 0.01711 - accuracy: 0.99544
Validating epoch 3 | loss: 0.14692 - accuracy: 0.958
Model is Bert, dataset is subj, undersample is None, aug mode is trans, geo is 0.9, pct_usage is None, small_label is 1, small_prop is 0.4, balance_seed is 1, lr is 2e-05, max_epochs is 4, split_num is 9
Training epoch 0 | loss: 0.2499 - accuracy: 0.90167
Validating epoch 0 | loss: 0.14587 - accuracy: 0.949
Training epoch 1 | loss: 0.04974 - accuracy: 0.98511
Validating epoch 1 | loss: 0.14887 - accuracy: 0.963
Training epoch 2 | loss: 0.02293 - accuracy: 0.99478
Validating epoch 2 | loss: 0.15033 - accuracy: 0.961
Training epoch 3 | loss: 0.01211 - accuracy: 0.99678
Validating epoch 3 | loss: 0.14778 - accuracy: 0.959
Model is Bert, dataset is subj, undersample is False, aug mode is None, geo is None, pct_usage is None, small_label is 0, small_prop is 0.6, balance_seed is 1, lr is 2e-05, max_epochs is 4, split_num is 9
Training epoch 0 | loss: 0.2539 - accuracy: 0.89289
Validating epoch 0 | loss: 0.12575 - accuracy: 0.95
Training epoch 1 | loss: 0.06292 - accuracy: 0.98167
Validating epoch 1 | loss: 0.16878 - accuracy: 0.943
Training epoch 2 | loss: 0.02078 - accuracy: 0.99422
Validating epoch 2 | loss: 0.14349 - accuracy: 0.959
Training epoch 3 | loss: 0.00734 - accuracy: 0.99867
Validating epoch 3 | loss: 0.17131 - accuracy: 0.956
Model is Bert, dataset is subj, undersample is True, aug mode is None, geo is None, pct_usage is None, small_label is 0, small_prop is 0.6, balance_seed is 1, lr is 2e-05, max_epochs is 4, split_num is 9
Training epoch 0 | loss: 0.24275 - accuracy: 0.89222
Validating epoch 0 | loss: 0.15447 - accuracy: 0.949
Training epoch 1 | loss: 0.04249 - accuracy: 0.98722
Validating epoch 1 | loss: 0.15075 - accuracy: 0.956
Training epoch 2 | loss: 0.01038 - accuracy: 0.99744
Validating epoch 2 | loss: 0.18231 - accuracy: 0.958
Training epoch 3 | loss: 0.00313 - accuracy: 0.99967
Validating epoch 3 | loss: 0.17068 - accuracy: 0.957
Model is Bert, dataset is subj, undersample is None, aug mode is trans, geo is 0.1, pct_usage is None, small_label is 0, small_prop is 0.6, balance_seed is 1, lr is 2e-05, max_epochs is 4, split_num is 9
Training epoch 0 | loss: 0.28133 - accuracy: 0.88456
Validating epoch 0 | loss: 0.12888 - accuracy: 0.951
Training epoch 1 | loss: 0.10971 - accuracy: 0.96411
Validating epoch 1 | loss: 0.11963 - accuracy: 0.955
Training epoch 2 | loss: 0.06431 - accuracy: 0.97889
Validating epoch 2 | loss: 0.12755 - accuracy: 0.96
Training epoch 3 | loss: 0.04177 - accuracy: 0.98811
Validating epoch 3 | loss: 0.13267 - accuracy: 0.958
Model is Bert, dataset is subj, undersample is None, aug mode is trans, geo is 0.3, pct_usage is None, small_label is 0, small_prop is 0.6, balance_seed is 1, lr is 2e-05, max_epochs is 4, split_num is 9
Training epoch 0 | loss: 0.27456 - accuracy: 0.88556
Validating epoch 0 | loss: 0.13871 - accuracy: 0.953
Training epoch 1 | loss: 0.12044 - accuracy: 0.95822
Validating epoch 1 | loss: 0.12006 - accuracy: 0.955
Training epoch 2 | loss: 0.06289 - accuracy: 0.97978
Validating epoch 2 | loss: 0.13625 - accuracy: 0.956
Training epoch 3 | loss: 0.03583 - accuracy: 0.98922
Validating epoch 3 | loss: 0.14966 - accuracy: 0.959
Model is Bert, dataset is subj, undersample is None, aug mode is trans, geo is 0.5, pct_usage is None, small_label is 0, small_prop is 0.6, balance_seed is 1, lr is 2e-05, max_epochs is 4, split_num is 9
Training epoch 0 | loss: 0.28927 - accuracy: 0.873
Validating epoch 0 | loss: 0.13273 - accuracy: 0.955
Training epoch 1 | loss: 0.09976 - accuracy: 0.96811
Validating epoch 1 | loss: 0.12274 - accuracy: 0.959
Training epoch 2 | loss: 0.06184 - accuracy: 0.98067
Validating epoch 2 | loss: 0.12246 - accuracy: 0.961
Training epoch 3 | loss: 0.03347 - accuracy: 0.99033
Validating epoch 3 | loss: 0.13025 - accuracy: 0.959
Model is Bert, dataset is subj, undersample is None, aug mode is trans, geo is 0.7, pct_usage is None, small_label is 0, small_prop is 0.6, balance_seed is 1, lr is 2e-05, max_epochs is 4, split_num is 9
Training epoch 0 | loss: 0.2711 - accuracy: 0.89389
Validating epoch 0 | loss: 0.12383 - accuracy: 0.957
Training epoch 1 | loss: 0.09949 - accuracy: 0.96989
Validating epoch 1 | loss: 0.13018 - accuracy: 0.958
Training epoch 2 | loss: 0.05399 - accuracy: 0.98233
Validating epoch 2 | loss: 0.12804 - accuracy: 0.964
Training epoch 3 | loss: 0.03446 - accuracy: 0.99011
Validating epoch 3 | loss: 0.13045 - accuracy: 0.962
Model is Bert, dataset is subj, undersample is None, aug mode is trans, geo is 0.9, pct_usage is None, small_label is 0, small_prop is 0.6, balance_seed is 1, lr is 2e-05, max_epochs is 4, split_num is 9
Training epoch 0 | loss: 0.25847 - accuracy: 0.89311
Validating epoch 0 | loss: 0.12424 - accuracy: 0.951
Training epoch 1 | loss: 0.07406 - accuracy: 0.97689
Validating epoch 1 | loss: 0.13878 - accuracy: 0.951
Training epoch 2 | loss: 0.0321 - accuracy: 0.99067
Validating epoch 2 | loss: 0.15475 - accuracy: 0.955
Training epoch 3 | loss: 0.02029 - accuracy: 0.99478
Validating epoch 3 | loss: 0.14219 - accuracy: 0.963
Model is Bert, dataset is subj, undersample is False, aug mode is None, geo is None, pct_usage is None, small_label is 1, small_prop is 0.6, balance_seed is 1, lr is 2e-05, max_epochs is 4, split_num is 9
Training epoch 0 | loss: 0.24875 - accuracy: 0.89467
Validating epoch 0 | loss: 0.12084 - accuracy: 0.957
Training epoch 1 | loss: 0.05209 - accuracy: 0.98578
Validating epoch 1 | loss: 0.1414 - accuracy: 0.954
Training epoch 2 | loss: 0.01722 - accuracy: 0.99589
Validating epoch 2 | loss: 0.15275 - accuracy: 0.954
Training epoch 3 | loss: 0.00817 - accuracy: 0.99833
Validating epoch 3 | loss: 0.15402 - accuracy: 0.961
Model is Bert, dataset is subj, undersample is True, aug mode is None, geo is None, pct_usage is None, small_label is 1, small_prop is 0.6, balance_seed is 1, lr is 2e-05, max_epochs is 4, split_num is 9
Training epoch 0 | loss: 0.25369 - accuracy: 0.888
Validating epoch 0 | loss: 0.12526 - accuracy: 0.956
Training epoch 1 | loss: 0.04962 - accuracy: 0.98633
Validating epoch 1 | loss: 0.12368 - accuracy: 0.964
Training epoch 2 | loss: 0.01347 - accuracy: 0.99678
Validating epoch 2 | loss: 0.15972 - accuracy: 0.961
Training epoch 3 | loss: 0.00578 - accuracy: 0.99889
Validating epoch 3 | loss: 0.15251 - accuracy: 0.965
Model is Bert, dataset is subj, undersample is None, aug mode is trans, geo is 0.1, pct_usage is None, small_label is 1, small_prop is 0.6, balance_seed is 1, lr is 2e-05, max_epochs is 4, split_num is 9
Training epoch 0 | loss: 0.26563 - accuracy: 0.89067
Validating epoch 0 | loss: 0.15094 - accuracy: 0.947
Training epoch 1 | loss: 0.09729 - accuracy: 0.96756
Validating epoch 1 | loss: 0.12905 - accuracy: 0.948
Training epoch 2 | loss: 0.05129 - accuracy: 0.98422
Validating epoch 2 | loss: 0.15921 - accuracy: 0.95
Training epoch 3 | loss: 0.03163 - accuracy: 0.991
Validating epoch 3 | loss: 0.15816 - accuracy: 0.953
Model is Bert, dataset is subj, undersample is None, aug mode is trans, geo is 0.3, pct_usage is None, small_label is 1, small_prop is 0.6, balance_seed is 1, lr is 2e-05, max_epochs is 4, split_num is 9
Training epoch 0 | loss: 0.25383 - accuracy: 0.89367
Validating epoch 0 | loss: 0.12675 - accuracy: 0.953
Training epoch 1 | loss: 0.0786 - accuracy: 0.97378
Validating epoch 1 | loss: 0.11837 - accuracy: 0.962
Training epoch 2 | loss: 0.04362 - accuracy: 0.98589
Validating epoch 2 | loss: 0.11032 - accuracy: 0.967
Training epoch 3 | loss: 0.02936 - accuracy: 0.99256
Validating epoch 3 | loss: 0.13337 - accuracy: 0.962
Model is Bert, dataset is subj, undersample is None, aug mode is trans, geo is 0.5, pct_usage is None, small_label is 1, small_prop is 0.6, balance_seed is 1, lr is 2e-05, max_epochs is 4, split_num is 9
Training epoch 0 | loss: 0.25964 - accuracy: 0.88989
Validating epoch 0 | loss: 0.15624 - accuracy: 0.946
Training epoch 1 | loss: 0.07562 - accuracy: 0.97489
Validating epoch 1 | loss: 0.11729 - accuracy: 0.957
Training epoch 2 | loss: 0.03722 - accuracy: 0.98922
Validating epoch 2 | loss: 0.14057 - accuracy: 0.956
Training epoch 3 | loss: 0.02668 - accuracy: 0.99211
Validating epoch 3 | loss: 0.14964 - accuracy: 0.96
Model is Bert, dataset is subj, undersample is None, aug mode is trans, geo is 0.7, pct_usage is None, small_label is 1, small_prop is 0.6, balance_seed is 1, lr is 2e-05, max_epochs is 4, split_num is 9
Training epoch 0 | loss: 0.25768 - accuracy: 0.88533
Validating epoch 0 | loss: 0.14967 - accuracy: 0.937
Training epoch 1 | loss: 0.07601 - accuracy: 0.97667
Validating epoch 1 | loss: 0.1222 - accuracy: 0.955
Training epoch 2 | loss: 0.0414 - accuracy: 0.98667
Validating epoch 2 | loss: 0.15254 - accuracy: 0.95
Training epoch 3 | loss: 0.02152 - accuracy: 0.99489
Validating epoch 3 | loss: 0.15476 - accuracy: 0.952
Model is Bert, dataset is subj, undersample is None, aug mode is trans, geo is 0.9, pct_usage is None, small_label is 1, small_prop is 0.6, balance_seed is 1, lr is 2e-05, max_epochs is 4, split_num is 9
Training epoch 0 | loss: 0.27423 - accuracy: 0.88756
Validating epoch 0 | loss: 0.12455 - accuracy: 0.957
Training epoch 1 | loss: 0.07497 - accuracy: 0.978
Validating epoch 1 | loss: 0.13396 - accuracy: 0.953
Training epoch 2 | loss: 0.03199 - accuracy: 0.992
Validating epoch 2 | loss: 0.13809 - accuracy: 0.965
Training epoch 3 | loss: 0.01883 - accuracy: 0.99533
Validating epoch 3 | loss: 0.13779 - accuracy: 0.963
Model is Bert, dataset is subj, undersample is False, aug mode is None, geo is None, pct_usage is None, small_label is 0, small_prop is 0.8, balance_seed is 1, lr is 2e-05, max_epochs is 4, split_num is 9
Training epoch 0 | loss: 0.2425 - accuracy: 0.90322
Validating epoch 0 | loss: 0.12863 - accuracy: 0.948
Training epoch 1 | loss: 0.06715 - accuracy: 0.97878
Validating epoch 1 | loss: 0.12296 - accuracy: 0.958
Training epoch 2 | loss: 0.02094 - accuracy: 0.99444
Validating epoch 2 | loss: 0.13966 - accuracy: 0.962
Training epoch 3 | loss: 0.00861 - accuracy: 0.99789
Validating epoch 3 | loss: 0.14698 - accuracy: 0.964
Model is Bert, dataset is subj, undersample is True, aug mode is None, geo is None, pct_usage is None, small_label is 0, small_prop is 0.8, balance_seed is 1, lr is 2e-05, max_epochs is 4, split_num is 9
Training epoch 0 | loss: 0.25546 - accuracy: 0.89556
Validating epoch 0 | loss: 0.14419 - accuracy: 0.948
Training epoch 1 | loss: 0.07369 - accuracy: 0.97833
Validating epoch 1 | loss: 0.1271 - accuracy: 0.953
Training epoch 2 | loss: 0.02657 - accuracy: 0.99367
Validating epoch 2 | loss: 0.14034 - accuracy: 0.959
Training epoch 3 | loss: 0.0163 - accuracy: 0.996
Validating epoch 3 | loss: 0.15645 - accuracy: 0.958
Model is Bert, dataset is subj, undersample is None, aug mode is trans, geo is 0.1, pct_usage is None, small_label is 0, small_prop is 0.8, balance_seed is 1, lr is 2e-05, max_epochs is 4, split_num is 9
Training epoch 0 | loss: 0.30312 - accuracy: 0.85711
Validating epoch 0 | loss: 0.15053 - accuracy: 0.94
Training epoch 1 | loss: 0.12038 - accuracy: 0.95922
Validating epoch 1 | loss: 0.11882 - accuracy: 0.957
Training epoch 2 | loss: 0.05982 - accuracy: 0.98044
Validating epoch 2 | loss: 0.12911 - accuracy: 0.957
Training epoch 3 | loss: 0.03976 - accuracy: 0.98822
Validating epoch 3 | loss: 0.1381 - accuracy: 0.957
Model is Bert, dataset is subj, undersample is None, aug mode is trans, geo is 0.3, pct_usage is None, small_label is 0, small_prop is 0.8, balance_seed is 1, lr is 2e-05, max_epochs is 4, split_num is 9
Training epoch 0 | loss: 0.2787 - accuracy: 0.88756
Validating epoch 0 | loss: 0.15129 - accuracy: 0.945
Training epoch 1 | loss: 0.11324 - accuracy: 0.95989
Validating epoch 1 | loss: 0.11811 - accuracy: 0.954
Training epoch 2 | loss: 0.05519 - accuracy: 0.98178
Validating epoch 2 | loss: 0.12985 - accuracy: 0.951
Training epoch 3 | loss: 0.03907 - accuracy: 0.98833
Validating epoch 3 | loss: 0.13835 - accuracy: 0.953
Model is Bert, dataset is subj, undersample is None, aug mode is trans, geo is 0.5, pct_usage is None, small_label is 0, small_prop is 0.8, balance_seed is 1, lr is 2e-05, max_epochs is 4, split_num is 9
Training epoch 0 | loss: 0.28004 - accuracy: 0.87778
Validating epoch 0 | loss: 0.11767 - accuracy: 0.949
Training epoch 1 | loss: 0.09408 - accuracy: 0.96756
Validating epoch 1 | loss: 0.10714 - accuracy: 0.959
Training epoch 2 | loss: 0.05586 - accuracy: 0.98233
Validating epoch 2 | loss: 0.10783 - accuracy: 0.962
Training epoch 3 | loss: 0.03129 - accuracy: 0.99156
Validating epoch 3 | loss: 0.12627 - accuracy: 0.96
Model is Bert, dataset is subj, undersample is None, aug mode is trans, geo is 0.7, pct_usage is None, small_label is 0, small_prop is 0.8, balance_seed is 1, lr is 2e-05, max_epochs is 4, split_num is 9
Training epoch 0 | loss: 0.27404 - accuracy: 0.88556
Validating epoch 0 | loss: 0.14052 - accuracy: 0.946
Training epoch 1 | loss: 0.10302 - accuracy: 0.96611
Validating epoch 1 | loss: 0.13237 - accuracy: 0.952
Training epoch 2 | loss: 0.05812 - accuracy: 0.982
Validating epoch 2 | loss: 0.12439 - accuracy: 0.957
Training epoch 3 | loss: 0.04027 - accuracy: 0.98844
Validating epoch 3 | loss: 0.13633 - accuracy: 0.96
Model is Bert, dataset is subj, undersample is None, aug mode is trans, geo is 0.9, pct_usage is None, small_label is 0, small_prop is 0.8, balance_seed is 1, lr is 2e-05, max_epochs is 4, split_num is 9
Training epoch 0 | loss: 0.26876 - accuracy: 0.88889
Validating epoch 0 | loss: 0.12079 - accuracy: 0.961
Training epoch 1 | loss: 0.07257 - accuracy: 0.97589
Validating epoch 1 | loss: 0.10888 - accuracy: 0.961
Training epoch 2 | loss: 0.02762 - accuracy: 0.99233
Validating epoch 2 | loss: 0.12601 - accuracy: 0.96
Training epoch 3 | loss: 0.02544 - accuracy: 0.99456
Validating epoch 3 | loss: 0.13312 - accuracy: 0.961
Model is Bert, dataset is subj, undersample is False, aug mode is None, geo is None, pct_usage is None, small_label is 1, small_prop is 0.8, balance_seed is 1, lr is 2e-05, max_epochs is 4, split_num is 9
Training epoch 0 | loss: 0.2587 - accuracy: 0.88689
Validating epoch 0 | loss: 0.14077 - accuracy: 0.944
Training epoch 1 | loss: 0.06718 - accuracy: 0.97956
Validating epoch 1 | loss: 0.12235 - accuracy: 0.957
Training epoch 2 | loss: 0.02254 - accuracy: 0.99389
Validating epoch 2 | loss: 0.12874 - accuracy: 0.958
Training epoch 3 | loss: 0.00857 - accuracy: 0.99811
Validating epoch 3 | loss: 0.14144 - accuracy: 0.964
Model is Bert, dataset is subj, undersample is True, aug mode is None, geo is None, pct_usage is None, small_label is 1, small_prop is 0.8, balance_seed is 1, lr is 2e-05, max_epochs is 4, split_num is 9
Training epoch 0 | loss: 0.25842 - accuracy: 0.88511
Validating epoch 0 | loss: 0.13999 - accuracy: 0.945
Training epoch 1 | loss: 0.06026 - accuracy: 0.981
Validating epoch 1 | loss: 0.10968 - accuracy: 0.958
Training epoch 2 | loss: 0.01994 - accuracy: 0.99444
Validating epoch 2 | loss: 0.12869 - accuracy: 0.962
Training epoch 3 | loss: 0.00654 - accuracy: 0.99922
Validating epoch 3 | loss: 0.14258 - accuracy: 0.96
Model is Bert, dataset is subj, undersample is None, aug mode is trans, geo is 0.1, pct_usage is None, small_label is 1, small_prop is 0.8, balance_seed is 1, lr is 2e-05, max_epochs is 4, split_num is 9
Training epoch 0 | loss: 0.27466 - accuracy: 0.88589
Validating epoch 0 | loss: 0.14633 - accuracy: 0.944
Training epoch 1 | loss: 0.08896 - accuracy: 0.971
Validating epoch 1 | loss: 0.11324 - accuracy: 0.963
Training epoch 2 | loss: 0.05062 - accuracy: 0.98467
Validating epoch 2 | loss: 0.15176 - accuracy: 0.956
Training epoch 3 | loss: 0.03519 - accuracy: 0.99
Validating epoch 3 | loss: 0.14563 - accuracy: 0.957
Model is Bert, dataset is subj, undersample is None, aug mode is trans, geo is 0.3, pct_usage is None, small_label is 1, small_prop is 0.8, balance_seed is 1, lr is 2e-05, max_epochs is 4, split_num is 9
Training epoch 0 | loss: 0.2643 - accuracy: 0.89344
Validating epoch 0 | loss: 0.12581 - accuracy: 0.953
Training epoch 1 | loss: 0.09245 - accuracy: 0.96956
Validating epoch 1 | loss: 0.12278 - accuracy: 0.954
Training epoch 2 | loss: 0.05331 - accuracy: 0.98344
Validating epoch 2 | loss: 0.12125 - accuracy: 0.963
Training epoch 3 | loss: 0.03188 - accuracy: 0.99078
Validating epoch 3 | loss: 0.14676 - accuracy: 0.953
Model is Bert, dataset is subj, undersample is None, aug mode is trans, geo is 0.5, pct_usage is None, small_label is 1, small_prop is 0.8, balance_seed is 1, lr is 2e-05, max_epochs is 4, split_num is 9
Training epoch 0 | loss: 0.26818 - accuracy: 0.88644
Validating epoch 0 | loss: 0.13399 - accuracy: 0.948
Training epoch 1 | loss: 0.08626 - accuracy: 0.96967
Validating epoch 1 | loss: 0.14014 - accuracy: 0.958
Training epoch 2 | loss: 0.05192 - accuracy: 0.98511
Validating epoch 2 | loss: 0.15168 - accuracy: 0.951
Training epoch 3 | loss: 0.03658 - accuracy: 0.98844
Validating epoch 3 | loss: 0.1405 - accuracy: 0.955
Model is Bert, dataset is subj, undersample is None, aug mode is trans, geo is 0.7, pct_usage is None, small_label is 1, small_prop is 0.8, balance_seed is 1, lr is 2e-05, max_epochs is 4, split_num is 9
Training epoch 0 | loss: 0.2758 - accuracy: 0.88778
Validating epoch 0 | loss: 0.1374 - accuracy: 0.947
Training epoch 1 | loss: 0.08958 - accuracy: 0.97133
Validating epoch 1 | loss: 0.11694 - accuracy: 0.957
Training epoch 2 | loss: 0.04404 - accuracy: 0.98567
Validating epoch 2 | loss: 0.13476 - accuracy: 0.958
Training epoch 3 | loss: 0.02247 - accuracy: 0.99456
Validating epoch 3 | loss: 0.15601 - accuracy: 0.953
Model is Bert, dataset is subj, undersample is None, aug mode is trans, geo is 0.9, pct_usage is None, small_label is 1, small_prop is 0.8, balance_seed is 1, lr is 2e-05, max_epochs is 4, split_num is 9
Training epoch 0 | loss: 0.26446 - accuracy: 0.88322
Validating epoch 0 | loss: 0.1193 - accuracy: 0.96
Training epoch 1 | loss: 0.07524 - accuracy: 0.97533
Validating epoch 1 | loss: 0.12628 - accuracy: 0.957
Training epoch 2 | loss: 0.03233 - accuracy: 0.99133
Validating epoch 2 | loss: 0.11875 - accuracy: 0.961
Training epoch 3 | loss: 0.01613 - accuracy: 0.99578
Validating epoch 3 | loss: 0.13281 - accuracy: 0.958
