Model is Bert, dataset is subj, undersample is False, aug mode is None, geo is None, pct_usage is None, small_label is 0, small_prop is 0.2, balance_seed is 0, lr is 2e-05, max_epochs is 4, split_num is 2
Training epoch 0 | loss: 0.24219 - accuracy: 0.894
Validating epoch 0 | loss: 0.14408 - accuracy: 0.949
Training epoch 1 | loss: 0.03472 - accuracy: 0.99167
Validating epoch 1 | loss: 0.35451 - accuracy: 0.903
Training epoch 2 | loss: 0.00855 - accuracy: 0.99844
Validating epoch 2 | loss: 0.30082 - accuracy: 0.924
Training epoch 3 | loss: 0.00294 - accuracy: 0.99956
Validating epoch 3 | loss: 0.39738 - accuracy: 0.915
Model is Bert, dataset is subj, undersample is True, aug mode is None, geo is None, pct_usage is None, small_label is 0, small_prop is 0.2, balance_seed is 0, lr is 2e-05, max_epochs is 4, split_num is 2
Training epoch 0 | loss: 0.20678 - accuracy: 0.91467
Validating epoch 0 | loss: 0.15048 - accuracy: 0.953
Training epoch 1 | loss: 0.00389 - accuracy: 0.99944
Validating epoch 1 | loss: 0.23893 - accuracy: 0.951
Training epoch 2 | loss: 0.00224 - accuracy: 0.99956
Validating epoch 2 | loss: 0.22663 - accuracy: 0.954
Training epoch 3 | loss: 0.00056 - accuracy: 1.0
Validating epoch 3 | loss: 0.25078 - accuracy: 0.952
Model is Bert, dataset is subj, undersample is None, aug mode is trans, geo is 0.1, pct_usage is None, small_label is 0, small_prop is 0.2, balance_seed is 0, lr is 2e-05, max_epochs is 4, split_num is 2
Training epoch 0 | loss: 0.28231 - accuracy: 0.87967
Validating epoch 0 | loss: 0.13309 - accuracy: 0.955
Training epoch 1 | loss: 0.09006 - accuracy: 0.97056
Validating epoch 1 | loss: 0.14158 - accuracy: 0.944
Training epoch 2 | loss: 0.0504 - accuracy: 0.98422
Validating epoch 2 | loss: 0.138 - accuracy: 0.954
Training epoch 3 | loss: 0.0292 - accuracy: 0.99278
Validating epoch 3 | loss: 0.13971 - accuracy: 0.957
Model is Bert, dataset is subj, undersample is None, aug mode is trans, geo is 0.3, pct_usage is None, small_label is 0, small_prop is 0.2, balance_seed is 0, lr is 2e-05, max_epochs is 4, split_num is 2
Training epoch 0 | loss: 0.25754 - accuracy: 0.89767
Validating epoch 0 | loss: 0.1686 - accuracy: 0.933
Training epoch 1 | loss: 0.08752 - accuracy: 0.97244
Validating epoch 1 | loss: 0.1604 - accuracy: 0.942
Training epoch 2 | loss: 0.04031 - accuracy: 0.98833
Validating epoch 2 | loss: 0.19498 - accuracy: 0.935
Training epoch 3 | loss: 0.02331 - accuracy: 0.99378
Validating epoch 3 | loss: 0.16774 - accuracy: 0.944
Model is Bert, dataset is subj, undersample is None, aug mode is trans, geo is 0.5, pct_usage is None, small_label is 0, small_prop is 0.2, balance_seed is 0, lr is 2e-05, max_epochs is 4, split_num is 2
Training epoch 0 | loss: 0.27131 - accuracy: 0.88522
Validating epoch 0 | loss: 0.13226 - accuracy: 0.949
Training epoch 1 | loss: 0.08026 - accuracy: 0.97367
Validating epoch 1 | loss: 0.12367 - accuracy: 0.955
Training epoch 2 | loss: 0.04365 - accuracy: 0.98778
Validating epoch 2 | loss: 0.1542 - accuracy: 0.947
Training epoch 3 | loss: 0.02284 - accuracy: 0.99411
Validating epoch 3 | loss: 0.13427 - accuracy: 0.955
Model is Bert, dataset is subj, undersample is None, aug mode is trans, geo is 0.7, pct_usage is None, small_label is 0, small_prop is 0.2, balance_seed is 0, lr is 2e-05, max_epochs is 4, split_num is 2
Training epoch 0 | loss: 0.26202 - accuracy: 0.88344
Validating epoch 0 | loss: 0.15828 - accuracy: 0.943
Training epoch 1 | loss: 0.06353 - accuracy: 0.97856
Validating epoch 1 | loss: 0.188 - accuracy: 0.938
Training epoch 2 | loss: 0.03579 - accuracy: 0.98956
Validating epoch 2 | loss: 0.1518 - accuracy: 0.945
Training epoch 3 | loss: 0.02083 - accuracy: 0.99522
Validating epoch 3 | loss: 0.16643 - accuracy: 0.944
Model is Bert, dataset is subj, undersample is None, aug mode is trans, geo is 0.9, pct_usage is None, small_label is 0, small_prop is 0.2, balance_seed is 0, lr is 2e-05, max_epochs is 4, split_num is 2
Training epoch 0 | loss: 0.24487 - accuracy: 0.88989
Validating epoch 0 | loss: 0.1729 - accuracy: 0.943
Training epoch 1 | loss: 0.05081 - accuracy: 0.985
Validating epoch 1 | loss: 0.18383 - accuracy: 0.937
Training epoch 2 | loss: 0.03238 - accuracy: 0.992
Validating epoch 2 | loss: 0.17786 - accuracy: 0.936
Training epoch 3 | loss: 0.01774 - accuracy: 0.99522
Validating epoch 3 | loss: 0.1814 - accuracy: 0.943
Model is Bert, dataset is subj, undersample is False, aug mode is None, geo is None, pct_usage is None, small_label is 1, small_prop is 0.2, balance_seed is 0, lr is 2e-05, max_epochs is 4, split_num is 2
Training epoch 0 | loss: 0.2223 - accuracy: 0.91167
Validating epoch 0 | loss: 0.14841 - accuracy: 0.944
Training epoch 1 | loss: 0.02457 - accuracy: 0.99267
Validating epoch 1 | loss: 0.22783 - accuracy: 0.943
Training epoch 2 | loss: 0.00273 - accuracy: 0.99967
Validating epoch 2 | loss: 0.3456 - accuracy: 0.924
Training epoch 3 | loss: 0.00115 - accuracy: 0.99989
Validating epoch 3 | loss: 0.26389 - accuracy: 0.944
Model is Bert, dataset is subj, undersample is True, aug mode is None, geo is None, pct_usage is None, small_label is 1, small_prop is 0.2, balance_seed is 0, lr is 2e-05, max_epochs is 4, split_num is 2
Training epoch 0 | loss: 0.19566 - accuracy: 0.92389
Validating epoch 0 | loss: 0.20586 - accuracy: 0.932
Training epoch 1 | loss: 0.00963 - accuracy: 0.99756
Validating epoch 1 | loss: 0.22922 - accuracy: 0.942
Training epoch 2 | loss: 0.00117 - accuracy: 1.0
Validating epoch 2 | loss: 0.27195 - accuracy: 0.945
Training epoch 3 | loss: 0.00117 - accuracy: 0.99978
Validating epoch 3 | loss: 0.27942 - accuracy: 0.943
Model is Bert, dataset is subj, undersample is None, aug mode is trans, geo is 0.1, pct_usage is None, small_label is 1, small_prop is 0.2, balance_seed is 0, lr is 2e-05, max_epochs is 4, split_num is 2
Training epoch 0 | loss: 0.25511 - accuracy: 0.89656
Validating epoch 0 | loss: 0.12103 - accuracy: 0.954
Training epoch 1 | loss: 0.06329 - accuracy: 0.97867
Validating epoch 1 | loss: 0.13646 - accuracy: 0.956
Training epoch 2 | loss: 0.02552 - accuracy: 0.99222
Validating epoch 2 | loss: 0.14195 - accuracy: 0.955
Training epoch 3 | loss: 0.01381 - accuracy: 0.99611
Validating epoch 3 | loss: 0.14883 - accuracy: 0.955
Model is Bert, dataset is subj, undersample is None, aug mode is trans, geo is 0.3, pct_usage is None, small_label is 1, small_prop is 0.2, balance_seed is 0, lr is 2e-05, max_epochs is 4, split_num is 2
Training epoch 0 | loss: 0.24606 - accuracy: 0.892
Validating epoch 0 | loss: 0.12776 - accuracy: 0.952
Training epoch 1 | loss: 0.05208 - accuracy: 0.98189
Validating epoch 1 | loss: 0.14312 - accuracy: 0.957
Training epoch 2 | loss: 0.02401 - accuracy: 0.99322
Validating epoch 2 | loss: 0.15802 - accuracy: 0.961
Training epoch 3 | loss: 0.01025 - accuracy: 0.997
Validating epoch 3 | loss: 0.1561 - accuracy: 0.96
Model is Bert, dataset is subj, undersample is None, aug mode is trans, geo is 0.5, pct_usage is None, small_label is 1, small_prop is 0.2, balance_seed is 0, lr is 2e-05, max_epochs is 4, split_num is 2
Training epoch 0 | loss: 0.24826 - accuracy: 0.897
Validating epoch 0 | loss: 0.11653 - accuracy: 0.958
Training epoch 1 | loss: 0.05727 - accuracy: 0.98278
Validating epoch 1 | loss: 0.13244 - accuracy: 0.959
Training epoch 2 | loss: 0.02697 - accuracy: 0.99233
Validating epoch 2 | loss: 0.12357 - accuracy: 0.964
Training epoch 3 | loss: 0.01583 - accuracy: 0.99622
Validating epoch 3 | loss: 0.13825 - accuracy: 0.957
Model is Bert, dataset is subj, undersample is None, aug mode is trans, geo is 0.7, pct_usage is None, small_label is 1, small_prop is 0.2, balance_seed is 0, lr is 2e-05, max_epochs is 4, split_num is 2
Training epoch 0 | loss: 0.24429 - accuracy: 0.88511
Validating epoch 0 | loss: 0.15507 - accuracy: 0.95
Training epoch 1 | loss: 0.04538 - accuracy: 0.98522
Validating epoch 1 | loss: 0.15747 - accuracy: 0.955
Training epoch 2 | loss: 0.0204 - accuracy: 0.99344
Validating epoch 2 | loss: 0.17309 - accuracy: 0.955
Training epoch 3 | loss: 0.00735 - accuracy: 0.998
Validating epoch 3 | loss: 0.17384 - accuracy: 0.959
Model is Bert, dataset is subj, undersample is None, aug mode is trans, geo is 0.9, pct_usage is None, small_label is 1, small_prop is 0.2, balance_seed is 0, lr is 2e-05, max_epochs is 4, split_num is 2
Training epoch 0 | loss: 0.23926 - accuracy: 0.90211
Validating epoch 0 | loss: 0.13143 - accuracy: 0.955
Training epoch 1 | loss: 0.05098 - accuracy: 0.98722
Validating epoch 1 | loss: 0.19793 - accuracy: 0.94
Training epoch 2 | loss: 0.02244 - accuracy: 0.99444
Validating epoch 2 | loss: 0.14842 - accuracy: 0.962
Training epoch 3 | loss: 0.01224 - accuracy: 0.99633
Validating epoch 3 | loss: 0.15714 - accuracy: 0.958
Model is Bert, dataset is subj, undersample is False, aug mode is None, geo is None, pct_usage is None, small_label is 0, small_prop is 0.4, balance_seed is 0, lr is 2e-05, max_epochs is 4, split_num is 2
Training epoch 0 | loss: 0.25647 - accuracy: 0.89378
Validating epoch 0 | loss: 0.13922 - accuracy: 0.946
Training epoch 1 | loss: 0.04543 - accuracy: 0.98667
Validating epoch 1 | loss: 0.22875 - accuracy: 0.941
Training epoch 2 | loss: 0.01399 - accuracy: 0.99711
Validating epoch 2 | loss: 0.22155 - accuracy: 0.945
Training epoch 3 | loss: 0.00543 - accuracy: 0.99922
Validating epoch 3 | loss: 0.23881 - accuracy: 0.945
Model is Bert, dataset is subj, undersample is True, aug mode is None, geo is None, pct_usage is None, small_label is 0, small_prop is 0.4, balance_seed is 0, lr is 2e-05, max_epochs is 4, split_num is 2
Training epoch 0 | loss: 0.24363 - accuracy: 0.89811
Validating epoch 0 | loss: 0.20605 - accuracy: 0.927
Training epoch 1 | loss: 0.0331 - accuracy: 0.99089
Validating epoch 1 | loss: 0.17341 - accuracy: 0.952
Training epoch 2 | loss: 0.00783 - accuracy: 0.99822
Validating epoch 2 | loss: 0.19137 - accuracy: 0.957
Training epoch 3 | loss: 0.00234 - accuracy: 0.99956
Validating epoch 3 | loss: 0.19943 - accuracy: 0.957
Model is Bert, dataset is subj, undersample is None, aug mode is trans, geo is 0.1, pct_usage is None, small_label is 0, small_prop is 0.4, balance_seed is 0, lr is 2e-05, max_epochs is 4, split_num is 2
Training epoch 0 | loss: 0.28656 - accuracy: 0.87833
Validating epoch 0 | loss: 0.16783 - accuracy: 0.934
Training epoch 1 | loss: 0.1091 - accuracy: 0.96389
Validating epoch 1 | loss: 0.13799 - accuracy: 0.951
Training epoch 2 | loss: 0.05435 - accuracy: 0.98278
Validating epoch 2 | loss: 0.12762 - accuracy: 0.952
Training epoch 3 | loss: 0.03547 - accuracy: 0.99056
Validating epoch 3 | loss: 0.13307 - accuracy: 0.954
Model is Bert, dataset is subj, undersample is None, aug mode is trans, geo is 0.3, pct_usage is None, small_label is 0, small_prop is 0.4, balance_seed is 0, lr is 2e-05, max_epochs is 4, split_num is 2
Training epoch 0 | loss: 0.28577 - accuracy: 0.87722
Validating epoch 0 | loss: 0.13568 - accuracy: 0.957
Training epoch 1 | loss: 0.11976 - accuracy: 0.95867
Validating epoch 1 | loss: 0.13436 - accuracy: 0.957
Training epoch 2 | loss: 0.06571 - accuracy: 0.97989
Validating epoch 2 | loss: 0.12076 - accuracy: 0.962
Training epoch 3 | loss: 0.04184 - accuracy: 0.98633
Validating epoch 3 | loss: 0.13878 - accuracy: 0.957
Model is Bert, dataset is subj, undersample is None, aug mode is trans, geo is 0.5, pct_usage is None, small_label is 0, small_prop is 0.4, balance_seed is 0, lr is 2e-05, max_epochs is 4, split_num is 2
Training epoch 0 | loss: 0.28449 - accuracy: 0.86678
Validating epoch 0 | loss: 0.1162 - accuracy: 0.952
Training epoch 1 | loss: 0.09886 - accuracy: 0.96744
Validating epoch 1 | loss: 0.14268 - accuracy: 0.955
Training epoch 2 | loss: 0.05496 - accuracy: 0.98344
Validating epoch 2 | loss: 0.1271 - accuracy: 0.954
Training epoch 3 | loss: 0.033 - accuracy: 0.99111
Validating epoch 3 | loss: 0.14338 - accuracy: 0.956
Model is Bert, dataset is subj, undersample is None, aug mode is trans, geo is 0.7, pct_usage is None, small_label is 0, small_prop is 0.4, balance_seed is 0, lr is 2e-05, max_epochs is 4, split_num is 2
Training epoch 0 | loss: 0.26476 - accuracy: 0.89122
Validating epoch 0 | loss: 0.14151 - accuracy: 0.949
Training epoch 1 | loss: 0.0982 - accuracy: 0.96778
Validating epoch 1 | loss: 0.16413 - accuracy: 0.946
Training epoch 2 | loss: 0.05448 - accuracy: 0.98333
Validating epoch 2 | loss: 0.12051 - accuracy: 0.96
Training epoch 3 | loss: 0.03502 - accuracy: 0.989
Validating epoch 3 | loss: 0.13001 - accuracy: 0.962
Model is Bert, dataset is subj, undersample is None, aug mode is trans, geo is 0.9, pct_usage is None, small_label is 0, small_prop is 0.4, balance_seed is 0, lr is 2e-05, max_epochs is 4, split_num is 2
Training epoch 0 | loss: 0.25662 - accuracy: 0.88733
Validating epoch 0 | loss: 0.11044 - accuracy: 0.96
Training epoch 1 | loss: 0.06519 - accuracy: 0.97944
Validating epoch 1 | loss: 0.11917 - accuracy: 0.963
Training epoch 2 | loss: 0.0304 - accuracy: 0.99089
Validating epoch 2 | loss: 0.15269 - accuracy: 0.954
Training epoch 3 | loss: 0.01874 - accuracy: 0.99556
Validating epoch 3 | loss: 0.1424 - accuracy: 0.959
Model is Bert, dataset is subj, undersample is False, aug mode is None, geo is None, pct_usage is None, small_label is 1, small_prop is 0.4, balance_seed is 0, lr is 2e-05, max_epochs is 4, split_num is 2
Training epoch 0 | loss: 0.24844 - accuracy: 0.89089
Validating epoch 0 | loss: 0.11631 - accuracy: 0.957
Training epoch 1 | loss: 0.04137 - accuracy: 0.98644
Validating epoch 1 | loss: 0.12457 - accuracy: 0.955
Training epoch 2 | loss: 0.0068 - accuracy: 0.99856
Validating epoch 2 | loss: 0.19776 - accuracy: 0.962
Training epoch 3 | loss: 0.00192 - accuracy: 0.99967
Validating epoch 3 | loss: 0.2043 - accuracy: 0.96
Model is Bert, dataset is subj, undersample is True, aug mode is None, geo is None, pct_usage is None, small_label is 1, small_prop is 0.4, balance_seed is 0, lr is 2e-05, max_epochs is 4, split_num is 2
Training epoch 0 | loss: 0.22668 - accuracy: 0.90667
Validating epoch 0 | loss: 0.15727 - accuracy: 0.948
Training epoch 1 | loss: 0.03958 - accuracy: 0.98911
Validating epoch 1 | loss: 0.13822 - accuracy: 0.956
Training epoch 2 | loss: 0.00837 - accuracy: 0.99844
Validating epoch 2 | loss: 0.18754 - accuracy: 0.957
Training epoch 3 | loss: 0.00361 - accuracy: 0.99967
Validating epoch 3 | loss: 0.20633 - accuracy: 0.948
Model is Bert, dataset is subj, undersample is None, aug mode is trans, geo is 0.1, pct_usage is None, small_label is 1, small_prop is 0.4, balance_seed is 0, lr is 2e-05, max_epochs is 4, split_num is 2
Training epoch 0 | loss: 0.25525 - accuracy: 0.89989
Validating epoch 0 | loss: 0.15778 - accuracy: 0.939
Training epoch 1 | loss: 0.07883 - accuracy: 0.97278
Validating epoch 1 | loss: 0.12321 - accuracy: 0.96
Training epoch 2 | loss: 0.03939 - accuracy: 0.98667
Validating epoch 2 | loss: 0.14098 - accuracy: 0.961
Training epoch 3 | loss: 0.02026 - accuracy: 0.99444
Validating epoch 3 | loss: 0.15426 - accuracy: 0.954
Model is Bert, dataset is subj, undersample is None, aug mode is trans, geo is 0.3, pct_usage is None, small_label is 1, small_prop is 0.4, balance_seed is 0, lr is 2e-05, max_epochs is 4, split_num is 2
Training epoch 0 | loss: 0.25807 - accuracy: 0.89144
Validating epoch 0 | loss: 0.12938 - accuracy: 0.954
Training epoch 1 | loss: 0.07667 - accuracy: 0.97433
Validating epoch 1 | loss: 0.11898 - accuracy: 0.958
Training epoch 2 | loss: 0.02927 - accuracy: 0.99256
Validating epoch 2 | loss: 0.15417 - accuracy: 0.957
Training epoch 3 | loss: 0.01854 - accuracy: 0.99478
Validating epoch 3 | loss: 0.17438 - accuracy: 0.952
Model is Bert, dataset is subj, undersample is None, aug mode is trans, geo is 0.5, pct_usage is None, small_label is 1, small_prop is 0.4, balance_seed is 0, lr is 2e-05, max_epochs is 4, split_num is 2
Training epoch 0 | loss: 0.26098 - accuracy: 0.88944
Validating epoch 0 | loss: 0.13526 - accuracy: 0.953
Training epoch 1 | loss: 0.06815 - accuracy: 0.97678
Validating epoch 1 | loss: 0.12027 - accuracy: 0.958
Training epoch 2 | loss: 0.03529 - accuracy: 0.98956
Validating epoch 2 | loss: 0.14772 - accuracy: 0.956
Training epoch 3 | loss: 0.01814 - accuracy: 0.99489
Validating epoch 3 | loss: 0.14871 - accuracy: 0.96
Model is Bert, dataset is subj, undersample is None, aug mode is trans, geo is 0.7, pct_usage is None, small_label is 1, small_prop is 0.4, balance_seed is 0, lr is 2e-05, max_epochs is 4, split_num is 2
Training epoch 0 | loss: 0.25425 - accuracy: 0.89489
Validating epoch 0 | loss: 0.13077 - accuracy: 0.952
Training epoch 1 | loss: 0.07773 - accuracy: 0.97456
Validating epoch 1 | loss: 0.1282 - accuracy: 0.966
Training epoch 2 | loss: 0.03164 - accuracy: 0.99022
Validating epoch 2 | loss: 0.1722 - accuracy: 0.953
Training epoch 3 | loss: 0.01938 - accuracy: 0.99556
Validating epoch 3 | loss: 0.15953 - accuracy: 0.956
Model is Bert, dataset is subj, undersample is None, aug mode is trans, geo is 0.9, pct_usage is None, small_label is 1, small_prop is 0.4, balance_seed is 0, lr is 2e-05, max_epochs is 4, split_num is 2
Training epoch 0 | loss: 0.23885 - accuracy: 0.90311
Validating epoch 0 | loss: 0.12385 - accuracy: 0.961
Training epoch 1 | loss: 0.04774 - accuracy: 0.98556
Validating epoch 1 | loss: 0.13554 - accuracy: 0.959
Training epoch 2 | loss: 0.0155 - accuracy: 0.99611
Validating epoch 2 | loss: 0.16306 - accuracy: 0.961
Training epoch 3 | loss: 0.00989 - accuracy: 0.99789
Validating epoch 3 | loss: 0.15967 - accuracy: 0.962
Model is Bert, dataset is subj, undersample is False, aug mode is None, geo is None, pct_usage is None, small_label is 0, small_prop is 0.6, balance_seed is 0, lr is 2e-05, max_epochs is 4, split_num is 2
Training epoch 0 | loss: 0.24862 - accuracy: 0.90178
Validating epoch 0 | loss: 0.14433 - accuracy: 0.946
Training epoch 1 | loss: 0.06388 - accuracy: 0.98189
Validating epoch 1 | loss: 0.16108 - accuracy: 0.953
Training epoch 2 | loss: 0.0292 - accuracy: 0.99278
Validating epoch 2 | loss: 0.14761 - accuracy: 0.96
Training epoch 3 | loss: 0.01482 - accuracy: 0.99656
Validating epoch 3 | loss: 0.16099 - accuracy: 0.954
Model is Bert, dataset is subj, undersample is True, aug mode is None, geo is None, pct_usage is None, small_label is 0, small_prop is 0.6, balance_seed is 0, lr is 2e-05, max_epochs is 4, split_num is 2
Training epoch 0 | loss: 0.24635 - accuracy: 0.90044
Validating epoch 0 | loss: 0.14217 - accuracy: 0.947
Training epoch 1 | loss: 0.03919 - accuracy: 0.98811
Validating epoch 1 | loss: 0.16405 - accuracy: 0.95
Training epoch 2 | loss: 0.01344 - accuracy: 0.99689
Validating epoch 2 | loss: 0.16797 - accuracy: 0.958
Training epoch 3 | loss: 0.00536 - accuracy: 0.99911
Validating epoch 3 | loss: 0.19176 - accuracy: 0.954
Model is Bert, dataset is subj, undersample is None, aug mode is trans, geo is 0.1, pct_usage is None, small_label is 0, small_prop is 0.6, balance_seed is 0, lr is 2e-05, max_epochs is 4, split_num is 2
Training epoch 0 | loss: 0.29147 - accuracy: 0.87633
Validating epoch 0 | loss: 0.12879 - accuracy: 0.955
Training epoch 1 | loss: 0.11383 - accuracy: 0.95878
Validating epoch 1 | loss: 0.11729 - accuracy: 0.956
Training epoch 2 | loss: 0.06184 - accuracy: 0.98
Validating epoch 2 | loss: 0.12935 - accuracy: 0.956
Training epoch 3 | loss: 0.03236 - accuracy: 0.99033
Validating epoch 3 | loss: 0.14577 - accuracy: 0.956
Model is Bert, dataset is subj, undersample is None, aug mode is trans, geo is 0.3, pct_usage is None, small_label is 0, small_prop is 0.6, balance_seed is 0, lr is 2e-05, max_epochs is 4, split_num is 2
Training epoch 0 | loss: 0.2925 - accuracy: 0.86467
Validating epoch 0 | loss: 0.13082 - accuracy: 0.957
Training epoch 1 | loss: 0.10523 - accuracy: 0.96356
Validating epoch 1 | loss: 0.14081 - accuracy: 0.952
Training epoch 2 | loss: 0.06121 - accuracy: 0.98111
Validating epoch 2 | loss: 0.13145 - accuracy: 0.954
Training epoch 3 | loss: 0.03744 - accuracy: 0.98822
Validating epoch 3 | loss: 0.14152 - accuracy: 0.952
Model is Bert, dataset is subj, undersample is None, aug mode is trans, geo is 0.5, pct_usage is None, small_label is 0, small_prop is 0.6, balance_seed is 0, lr is 2e-05, max_epochs is 4, split_num is 2
Training epoch 0 | loss: 0.29057 - accuracy: 0.88044
Validating epoch 0 | loss: 0.13026 - accuracy: 0.955
Training epoch 1 | loss: 0.11333 - accuracy: 0.96133
Validating epoch 1 | loss: 0.11538 - accuracy: 0.961
Training epoch 2 | loss: 0.05856 - accuracy: 0.98244
Validating epoch 2 | loss: 0.12389 - accuracy: 0.964
Training epoch 3 | loss: 0.03619 - accuracy: 0.98956
Validating epoch 3 | loss: 0.13159 - accuracy: 0.96
Model is Bert, dataset is subj, undersample is None, aug mode is trans, geo is 0.7, pct_usage is None, small_label is 0, small_prop is 0.6, balance_seed is 0, lr is 2e-05, max_epochs is 4, split_num is 2
Training epoch 0 | loss: 0.25868 - accuracy: 0.89578
Validating epoch 0 | loss: 0.14161 - accuracy: 0.945
Training epoch 1 | loss: 0.09131 - accuracy: 0.97033
Validating epoch 1 | loss: 0.11729 - accuracy: 0.954
Training epoch 2 | loss: 0.04732 - accuracy: 0.98522
Validating epoch 2 | loss: 0.12827 - accuracy: 0.959
Training epoch 3 | loss: 0.02613 - accuracy: 0.99233
Validating epoch 3 | loss: 0.13702 - accuracy: 0.959
Model is Bert, dataset is subj, undersample is None, aug mode is trans, geo is 0.9, pct_usage is None, small_label is 0, small_prop is 0.6, balance_seed is 0, lr is 2e-05, max_epochs is 4, split_num is 2
Training epoch 0 | loss: 0.25933 - accuracy: 0.89411
Validating epoch 0 | loss: 0.15507 - accuracy: 0.941
Training epoch 1 | loss: 0.07265 - accuracy: 0.97622
Validating epoch 1 | loss: 0.11068 - accuracy: 0.96
Training epoch 2 | loss: 0.037 - accuracy: 0.98933
Validating epoch 2 | loss: 0.15084 - accuracy: 0.953
Training epoch 3 | loss: 0.02276 - accuracy: 0.99311
Validating epoch 3 | loss: 0.12777 - accuracy: 0.961
Model is Bert, dataset is subj, undersample is False, aug mode is None, geo is None, pct_usage is None, small_label is 1, small_prop is 0.6, balance_seed is 0, lr is 2e-05, max_epochs is 4, split_num is 2
Training epoch 0 | loss: 0.25668 - accuracy: 0.891
Validating epoch 0 | loss: 0.13431 - accuracy: 0.948
Training epoch 1 | loss: 0.05968 - accuracy: 0.98333
Validating epoch 1 | loss: 0.12903 - accuracy: 0.959
Training epoch 2 | loss: 0.0231 - accuracy: 0.99256
Validating epoch 2 | loss: 0.15681 - accuracy: 0.961
Training epoch 3 | loss: 0.00711 - accuracy: 0.99889
Validating epoch 3 | loss: 0.16478 - accuracy: 0.958
Model is Bert, dataset is subj, undersample is True, aug mode is None, geo is None, pct_usage is None, small_label is 1, small_prop is 0.6, balance_seed is 0, lr is 2e-05, max_epochs is 4, split_num is 2
Training epoch 0 | loss: 0.25929 - accuracy: 0.89278
Validating epoch 0 | loss: 0.12612 - accuracy: 0.956
Training epoch 1 | loss: 0.05226 - accuracy: 0.98578
Validating epoch 1 | loss: 0.15952 - accuracy: 0.957
Training epoch 2 | loss: 0.01476 - accuracy: 0.99622
Validating epoch 2 | loss: 0.16427 - accuracy: 0.958
Training epoch 3 | loss: 0.00631 - accuracy: 0.99844
Validating epoch 3 | loss: 0.18784 - accuracy: 0.952
Model is Bert, dataset is subj, undersample is None, aug mode is trans, geo is 0.1, pct_usage is None, small_label is 1, small_prop is 0.6, balance_seed is 0, lr is 2e-05, max_epochs is 4, split_num is 2
Training epoch 0 | loss: 0.25618 - accuracy: 0.89211
Validating epoch 0 | loss: 0.12315 - accuracy: 0.954
Training epoch 1 | loss: 0.09167 - accuracy: 0.96933
Validating epoch 1 | loss: 0.12007 - accuracy: 0.951
Training epoch 2 | loss: 0.051 - accuracy: 0.98444
Validating epoch 2 | loss: 0.13659 - accuracy: 0.955
Training epoch 3 | loss: 0.03485 - accuracy: 0.98867
Validating epoch 3 | loss: 0.13567 - accuracy: 0.954
Model is Bert, dataset is subj, undersample is None, aug mode is trans, geo is 0.3, pct_usage is None, small_label is 1, small_prop is 0.6, balance_seed is 0, lr is 2e-05, max_epochs is 4, split_num is 2
Training epoch 0 | loss: 0.26049 - accuracy: 0.891
Validating epoch 0 | loss: 0.12204 - accuracy: 0.961
Training epoch 1 | loss: 0.08508 - accuracy: 0.97211
Validating epoch 1 | loss: 0.12709 - accuracy: 0.95
Training epoch 2 | loss: 0.04243 - accuracy: 0.98656
Validating epoch 2 | loss: 0.12992 - accuracy: 0.955
Training epoch 3 | loss: 0.02146 - accuracy: 0.99467
Validating epoch 3 | loss: 0.15491 - accuracy: 0.951
Model is Bert, dataset is subj, undersample is None, aug mode is trans, geo is 0.5, pct_usage is None, small_label is 1, small_prop is 0.6, balance_seed is 0, lr is 2e-05, max_epochs is 4, split_num is 2
Training epoch 0 | loss: 0.25431 - accuracy: 0.89911
Validating epoch 0 | loss: 0.11266 - accuracy: 0.96
Training epoch 1 | loss: 0.08052 - accuracy: 0.97311
Validating epoch 1 | loss: 0.12175 - accuracy: 0.958
Training epoch 2 | loss: 0.04126 - accuracy: 0.98633
Validating epoch 2 | loss: 0.13408 - accuracy: 0.959
Training epoch 3 | loss: 0.02418 - accuracy: 0.99344
Validating epoch 3 | loss: 0.15386 - accuracy: 0.948
Model is Bert, dataset is subj, undersample is None, aug mode is trans, geo is 0.7, pct_usage is None, small_label is 1, small_prop is 0.6, balance_seed is 0, lr is 2e-05, max_epochs is 4, split_num is 2
Training epoch 0 | loss: 0.26295 - accuracy: 0.88856
Validating epoch 0 | loss: 0.12394 - accuracy: 0.957
Training epoch 1 | loss: 0.07049 - accuracy: 0.977
Validating epoch 1 | loss: 0.12897 - accuracy: 0.961
Training epoch 2 | loss: 0.03636 - accuracy: 0.99011
Validating epoch 2 | loss: 0.14025 - accuracy: 0.962
Training epoch 3 | loss: 0.01775 - accuracy: 0.99433
Validating epoch 3 | loss: 0.16025 - accuracy: 0.958
Model is Bert, dataset is subj, undersample is None, aug mode is trans, geo is 0.9, pct_usage is None, small_label is 1, small_prop is 0.6, balance_seed is 0, lr is 2e-05, max_epochs is 4, split_num is 2
Training epoch 0 | loss: 0.26031 - accuracy: 0.89111
Validating epoch 0 | loss: 0.11856 - accuracy: 0.957
Training epoch 1 | loss: 0.06936 - accuracy: 0.97844
Validating epoch 1 | loss: 0.12557 - accuracy: 0.959
Training epoch 2 | loss: 0.03481 - accuracy: 0.98967
Validating epoch 2 | loss: 0.14156 - accuracy: 0.953
Training epoch 3 | loss: 0.01796 - accuracy: 0.99567
Validating epoch 3 | loss: 0.13934 - accuracy: 0.958
Model is Bert, dataset is subj, undersample is False, aug mode is None, geo is None, pct_usage is None, small_label is 0, small_prop is 0.8, balance_seed is 0, lr is 2e-05, max_epochs is 4, split_num is 2
Training epoch 0 | loss: 0.25357 - accuracy: 0.89389
Validating epoch 0 | loss: 0.10976 - accuracy: 0.969
Training epoch 1 | loss: 0.06819 - accuracy: 0.97878
Validating epoch 1 | loss: 0.12311 - accuracy: 0.964
Training epoch 2 | loss: 0.02528 - accuracy: 0.99333
Validating epoch 2 | loss: 0.15628 - accuracy: 0.959
Training epoch 3 | loss: 0.0108 - accuracy: 0.99767
Validating epoch 3 | loss: 0.14882 - accuracy: 0.962
Model is Bert, dataset is subj, undersample is True, aug mode is None, geo is None, pct_usage is None, small_label is 0, small_prop is 0.8, balance_seed is 0, lr is 2e-05, max_epochs is 4, split_num is 2
Training epoch 0 | loss: 0.24264 - accuracy: 0.90156
Validating epoch 0 | loss: 0.11156 - accuracy: 0.96
Training epoch 1 | loss: 0.0676 - accuracy: 0.97933
Validating epoch 1 | loss: 0.1265 - accuracy: 0.963
Training epoch 2 | loss: 0.02507 - accuracy: 0.99311
Validating epoch 2 | loss: 0.15465 - accuracy: 0.95
Training epoch 3 | loss: 0.0094 - accuracy: 0.99822
Validating epoch 3 | loss: 0.15252 - accuracy: 0.958
Model is Bert, dataset is subj, undersample is None, aug mode is trans, geo is 0.1, pct_usage is None, small_label is 0, small_prop is 0.8, balance_seed is 0, lr is 2e-05, max_epochs is 4, split_num is 2
Training epoch 0 | loss: 0.29851 - accuracy: 0.86889
Validating epoch 0 | loss: 0.14154 - accuracy: 0.945
Training epoch 1 | loss: 0.11767 - accuracy: 0.95911
Validating epoch 1 | loss: 0.13746 - accuracy: 0.952
Training epoch 2 | loss: 0.06155 - accuracy: 0.97922
Validating epoch 2 | loss: 0.14239 - accuracy: 0.954
Training epoch 3 | loss: 0.03868 - accuracy: 0.987
Validating epoch 3 | loss: 0.15843 - accuracy: 0.952
Model is Bert, dataset is subj, undersample is None, aug mode is trans, geo is 0.3, pct_usage is None, small_label is 0, small_prop is 0.8, balance_seed is 0, lr is 2e-05, max_epochs is 4, split_num is 2
Training epoch 0 | loss: 0.29307 - accuracy: 0.87044
Validating epoch 0 | loss: 0.14418 - accuracy: 0.948
Training epoch 1 | loss: 0.12009 - accuracy: 0.96111
Validating epoch 1 | loss: 0.13338 - accuracy: 0.954
Training epoch 2 | loss: 0.07009 - accuracy: 0.97878
Validating epoch 2 | loss: 0.13155 - accuracy: 0.956
Training epoch 3 | loss: 0.04212 - accuracy: 0.98767
Validating epoch 3 | loss: 0.1372 - accuracy: 0.954
Model is Bert, dataset is subj, undersample is None, aug mode is trans, geo is 0.5, pct_usage is None, small_label is 0, small_prop is 0.8, balance_seed is 0, lr is 2e-05, max_epochs is 4, split_num is 2
Training epoch 0 | loss: 0.27148 - accuracy: 0.89267
Validating epoch 0 | loss: 0.12373 - accuracy: 0.957
Training epoch 1 | loss: 0.1098 - accuracy: 0.96367
Validating epoch 1 | loss: 0.14909 - accuracy: 0.955
Training epoch 2 | loss: 0.06321 - accuracy: 0.98078
Validating epoch 2 | loss: 0.1156 - accuracy: 0.963
Training epoch 3 | loss: 0.03892 - accuracy: 0.98778
Validating epoch 3 | loss: 0.12965 - accuracy: 0.957
Model is Bert, dataset is subj, undersample is None, aug mode is trans, geo is 0.7, pct_usage is None, small_label is 0, small_prop is 0.8, balance_seed is 0, lr is 2e-05, max_epochs is 4, split_num is 2
Training epoch 0 | loss: 0.28604 - accuracy: 0.88067
Validating epoch 0 | loss: 0.14693 - accuracy: 0.948
Training epoch 1 | loss: 0.1212 - accuracy: 0.95844
Validating epoch 1 | loss: 0.11574 - accuracy: 0.958
Training epoch 2 | loss: 0.07422 - accuracy: 0.97533
Validating epoch 2 | loss: 0.10785 - accuracy: 0.959
Training epoch 3 | loss: 0.0465 - accuracy: 0.985
Validating epoch 3 | loss: 0.11562 - accuracy: 0.96
Model is Bert, dataset is subj, undersample is None, aug mode is trans, geo is 0.9, pct_usage is None, small_label is 0, small_prop is 0.8, balance_seed is 0, lr is 2e-05, max_epochs is 4, split_num is 2
Training epoch 0 | loss: 0.26506 - accuracy: 0.88956
Validating epoch 0 | loss: 0.12297 - accuracy: 0.96
Training epoch 1 | loss: 0.07829 - accuracy: 0.97522
Validating epoch 1 | loss: 0.13242 - accuracy: 0.959
Training epoch 2 | loss: 0.03869 - accuracy: 0.98789
Validating epoch 2 | loss: 0.14029 - accuracy: 0.96
Training epoch 3 | loss: 0.02241 - accuracy: 0.99344
Validating epoch 3 | loss: 0.14641 - accuracy: 0.959
Model is Bert, dataset is subj, undersample is False, aug mode is None, geo is None, pct_usage is None, small_label is 1, small_prop is 0.8, balance_seed is 0, lr is 2e-05, max_epochs is 4, split_num is 2
Training epoch 0 | loss: 0.26233 - accuracy: 0.89744
Validating epoch 0 | loss: 0.16541 - accuracy: 0.939
Training epoch 1 | loss: 0.06765 - accuracy: 0.97856
Validating epoch 1 | loss: 0.12045 - accuracy: 0.955
Training epoch 2 | loss: 0.0216 - accuracy: 0.99411
Validating epoch 2 | loss: 0.15052 - accuracy: 0.957
Training epoch 3 | loss: 0.00949 - accuracy: 0.998
Validating epoch 3 | loss: 0.16314 - accuracy: 0.959
Model is Bert, dataset is subj, undersample is True, aug mode is None, geo is None, pct_usage is None, small_label is 1, small_prop is 0.8, balance_seed is 0, lr is 2e-05, max_epochs is 4, split_num is 2
Training epoch 0 | loss: 0.27121 - accuracy: 0.885
Validating epoch 0 | loss: 0.12904 - accuracy: 0.951
Training epoch 1 | loss: 0.07353 - accuracy: 0.97733
Validating epoch 1 | loss: 0.15399 - accuracy: 0.943
Training epoch 2 | loss: 0.02771 - accuracy: 0.99289
Validating epoch 2 | loss: 0.1415 - accuracy: 0.961
Training epoch 3 | loss: 0.01373 - accuracy: 0.997
Validating epoch 3 | loss: 0.16861 - accuracy: 0.964
Model is Bert, dataset is subj, undersample is None, aug mode is trans, geo is 0.1, pct_usage is None, small_label is 1, small_prop is 0.8, balance_seed is 0, lr is 2e-05, max_epochs is 4, split_num is 2
Training epoch 0 | loss: 0.26756 - accuracy: 0.87944
Validating epoch 0 | loss: 0.11526 - accuracy: 0.957
Training epoch 1 | loss: 0.08959 - accuracy: 0.97022
Validating epoch 1 | loss: 0.13265 - accuracy: 0.949
Training epoch 2 | loss: 0.04204 - accuracy: 0.98611
Validating epoch 2 | loss: 0.13915 - accuracy: 0.963
Training epoch 3 | loss: 0.02819 - accuracy: 0.99156
Validating epoch 3 | loss: 0.16181 - accuracy: 0.955
Model is Bert, dataset is subj, undersample is None, aug mode is trans, geo is 0.3, pct_usage is None, small_label is 1, small_prop is 0.8, balance_seed is 0, lr is 2e-05, max_epochs is 4, split_num is 2
Training epoch 0 | loss: 0.27898 - accuracy: 0.88567
Validating epoch 0 | loss: 0.13523 - accuracy: 0.946
Training epoch 1 | loss: 0.0923 - accuracy: 0.969
Validating epoch 1 | loss: 0.148 - accuracy: 0.945
Training epoch 2 | loss: 0.04385 - accuracy: 0.98633
Validating epoch 2 | loss: 0.17151 - accuracy: 0.947
Training epoch 3 | loss: 0.02703 - accuracy: 0.99211
Validating epoch 3 | loss: 0.17781 - accuracy: 0.947
Model is Bert, dataset is subj, undersample is None, aug mode is trans, geo is 0.5, pct_usage is None, small_label is 1, small_prop is 0.8, balance_seed is 0, lr is 2e-05, max_epochs is 4, split_num is 2
Training epoch 0 | loss: 0.27327 - accuracy: 0.87978
Validating epoch 0 | loss: 0.2172 - accuracy: 0.921
Training epoch 1 | loss: 0.08611 - accuracy: 0.97156
Validating epoch 1 | loss: 0.13043 - accuracy: 0.956
Training epoch 2 | loss: 0.04656 - accuracy: 0.98644
Validating epoch 2 | loss: 0.20194 - accuracy: 0.94
Training epoch 3 | loss: 0.02747 - accuracy: 0.992
Validating epoch 3 | loss: 0.18621 - accuracy: 0.946
Model is Bert, dataset is subj, undersample is None, aug mode is trans, geo is 0.7, pct_usage is None, small_label is 1, small_prop is 0.8, balance_seed is 0, lr is 2e-05, max_epochs is 4, split_num is 2
Training epoch 0 | loss: 0.26567 - accuracy: 0.87867
Validating epoch 0 | loss: 0.12315 - accuracy: 0.955
Training epoch 1 | loss: 0.07755 - accuracy: 0.97278
Validating epoch 1 | loss: 0.127 - accuracy: 0.952
Training epoch 2 | loss: 0.0343 - accuracy: 0.99011
Validating epoch 2 | loss: 0.12872 - accuracy: 0.962
Training epoch 3 | loss: 0.01915 - accuracy: 0.99456
Validating epoch 3 | loss: 0.17563 - accuracy: 0.952
Model is Bert, dataset is subj, undersample is None, aug mode is trans, geo is 0.9, pct_usage is None, small_label is 1, small_prop is 0.8, balance_seed is 0, lr is 2e-05, max_epochs is 4, split_num is 2
Training epoch 0 | loss: 0.25581 - accuracy: 0.88522
Validating epoch 0 | loss: 0.13362 - accuracy: 0.949
Training epoch 1 | loss: 0.07214 - accuracy: 0.97744
Validating epoch 1 | loss: 0.14853 - accuracy: 0.951
Training epoch 2 | loss: 0.02984 - accuracy: 0.99211
Validating epoch 2 | loss: 0.13949 - accuracy: 0.955
Training epoch 3 | loss: 0.01332 - accuracy: 0.99678
Validating epoch 3 | loss: 0.16814 - accuracy: 0.958
