Model is Bert, dataset is subj, undersample is False, aug mode is None, geo is None, pct_usage is None, small_label is 0, small_prop is 0.2, balance_seed is 0, lr is 2e-05, max_epochs is 4, split_num is 7
Training epoch 0 | loss: 0.24256 - accuracy: 0.89844
Validating epoch 0 | loss: 0.16862 - accuracy: 0.956
Training epoch 1 | loss: 0.03864 - accuracy: 0.99011
Validating epoch 1 | loss: 0.31448 - accuracy: 0.926
Training epoch 2 | loss: 0.01326 - accuracy: 0.99722
Validating epoch 2 | loss: 0.30746 - accuracy: 0.942
Training epoch 3 | loss: 0.00508 - accuracy: 0.99944
Validating epoch 3 | loss: 0.32319 - accuracy: 0.941
Model is Bert, dataset is subj, undersample is True, aug mode is None, geo is None, pct_usage is None, small_label is 0, small_prop is 0.2, balance_seed is 0, lr is 2e-05, max_epochs is 4, split_num is 7
Training epoch 0 | loss: 0.19011 - accuracy: 0.91933
Validating epoch 0 | loss: 0.21851 - accuracy: 0.949
Training epoch 1 | loss: 0.00549 - accuracy: 0.99889
Validating epoch 1 | loss: 0.2803 - accuracy: 0.95
Training epoch 2 | loss: 0.00066 - accuracy: 1.0
Validating epoch 2 | loss: 0.30905 - accuracy: 0.949
Training epoch 3 | loss: 0.00046 - accuracy: 1.0
Validating epoch 3 | loss: 0.31731 - accuracy: 0.949
Model is Bert, dataset is subj, undersample is None, aug mode is trans, geo is 0.1, pct_usage is None, small_label is 0, small_prop is 0.2, balance_seed is 0, lr is 2e-05, max_epochs is 4, split_num is 7
Training epoch 0 | loss: 0.27005 - accuracy: 0.89044
Validating epoch 0 | loss: 0.1402 - accuracy: 0.955
Training epoch 1 | loss: 0.09315 - accuracy: 0.96811
Validating epoch 1 | loss: 0.15491 - accuracy: 0.954
Training epoch 2 | loss: 0.04168 - accuracy: 0.98711
Validating epoch 2 | loss: 0.16933 - accuracy: 0.958
Training epoch 3 | loss: 0.02514 - accuracy: 0.99267
Validating epoch 3 | loss: 0.16866 - accuracy: 0.954
Model is Bert, dataset is subj, undersample is None, aug mode is trans, geo is 0.3, pct_usage is None, small_label is 0, small_prop is 0.2, balance_seed is 0, lr is 2e-05, max_epochs is 4, split_num is 7
Training epoch 0 | loss: 0.27554 - accuracy: 0.87689
Validating epoch 0 | loss: 0.13734 - accuracy: 0.96
Training epoch 1 | loss: 0.08355 - accuracy: 0.973
Validating epoch 1 | loss: 0.15146 - accuracy: 0.954
Training epoch 2 | loss: 0.04025 - accuracy: 0.98644
Validating epoch 2 | loss: 0.15196 - accuracy: 0.961
Training epoch 3 | loss: 0.02473 - accuracy: 0.99322
Validating epoch 3 | loss: 0.1499 - accuracy: 0.964
Model is Bert, dataset is subj, undersample is None, aug mode is trans, geo is 0.5, pct_usage is None, small_label is 0, small_prop is 0.2, balance_seed is 0, lr is 2e-05, max_epochs is 4, split_num is 7
Training epoch 0 | loss: 0.28175 - accuracy: 0.88111
Validating epoch 0 | loss: 0.13207 - accuracy: 0.955
Training epoch 1 | loss: 0.09994 - accuracy: 0.96789
Validating epoch 1 | loss: 0.13682 - accuracy: 0.956
Training epoch 2 | loss: 0.04938 - accuracy: 0.98633
Validating epoch 2 | loss: 0.13888 - accuracy: 0.957
Training epoch 3 | loss: 0.03226 - accuracy: 0.991
Validating epoch 3 | loss: 0.1606 - accuracy: 0.954
Model is Bert, dataset is subj, undersample is None, aug mode is trans, geo is 0.7, pct_usage is None, small_label is 0, small_prop is 0.2, balance_seed is 0, lr is 2e-05, max_epochs is 4, split_num is 7
Training epoch 0 | loss: 0.27099 - accuracy: 0.88589
Validating epoch 0 | loss: 0.12474 - accuracy: 0.963
Training epoch 1 | loss: 0.09188 - accuracy: 0.97111
Validating epoch 1 | loss: 0.15527 - accuracy: 0.949
Training epoch 2 | loss: 0.04548 - accuracy: 0.98644
Validating epoch 2 | loss: 0.14678 - accuracy: 0.952
Training epoch 3 | loss: 0.03165 - accuracy: 0.99111
Validating epoch 3 | loss: 0.13764 - accuracy: 0.959
Model is Bert, dataset is subj, undersample is None, aug mode is trans, geo is 0.9, pct_usage is None, small_label is 0, small_prop is 0.2, balance_seed is 0, lr is 2e-05, max_epochs is 4, split_num is 7
Training epoch 0 | loss: 0.26556 - accuracy: 0.884
Validating epoch 0 | loss: 0.17682 - accuracy: 0.94
Training epoch 1 | loss: 0.05224 - accuracy: 0.98556
Validating epoch 1 | loss: 0.1586 - accuracy: 0.953
Training epoch 2 | loss: 0.02911 - accuracy: 0.99222
Validating epoch 2 | loss: 0.18029 - accuracy: 0.953
Training epoch 3 | loss: 0.01956 - accuracy: 0.99489
Validating epoch 3 | loss: 0.17074 - accuracy: 0.952
Model is Bert, dataset is subj, undersample is False, aug mode is None, geo is None, pct_usage is None, small_label is 1, small_prop is 0.2, balance_seed is 0, lr is 2e-05, max_epochs is 4, split_num is 7
Training epoch 0 | loss: 0.21879 - accuracy: 0.90822
Validating epoch 0 | loss: 0.22033 - accuracy: 0.926
Training epoch 1 | loss: 0.03075 - accuracy: 0.99256
Validating epoch 1 | loss: 0.24154 - accuracy: 0.941
Training epoch 2 | loss: 0.01198 - accuracy: 0.99767
Validating epoch 2 | loss: 0.27307 - accuracy: 0.937
Training epoch 3 | loss: 0.00526 - accuracy: 0.99889
Validating epoch 3 | loss: 0.21154 - accuracy: 0.951
Model is Bert, dataset is subj, undersample is True, aug mode is None, geo is None, pct_usage is None, small_label is 1, small_prop is 0.2, balance_seed is 0, lr is 2e-05, max_epochs is 4, split_num is 7
Training epoch 0 | loss: 0.21441 - accuracy: 0.908
Validating epoch 0 | loss: 0.1866 - accuracy: 0.952
Training epoch 1 | loss: 0.01063 - accuracy: 0.99756
Validating epoch 1 | loss: 0.23295 - accuracy: 0.952
Training epoch 2 | loss: 0.00127 - accuracy: 1.0
Validating epoch 2 | loss: 0.25628 - accuracy: 0.956
Training epoch 3 | loss: 0.00083 - accuracy: 1.0
Validating epoch 3 | loss: 0.26289 - accuracy: 0.956
Model is Bert, dataset is subj, undersample is None, aug mode is trans, geo is 0.1, pct_usage is None, small_label is 1, small_prop is 0.2, balance_seed is 0, lr is 2e-05, max_epochs is 4, split_num is 7
Training epoch 0 | loss: 0.26003 - accuracy: 0.88911
Validating epoch 0 | loss: 0.14047 - accuracy: 0.951
Training epoch 1 | loss: 0.06578 - accuracy: 0.97989
Validating epoch 1 | loss: 0.15748 - accuracy: 0.957
Training epoch 2 | loss: 0.02897 - accuracy: 0.99144
Validating epoch 2 | loss: 0.16253 - accuracy: 0.959
Training epoch 3 | loss: 0.01554 - accuracy: 0.99611
Validating epoch 3 | loss: 0.18419 - accuracy: 0.959
Model is Bert, dataset is subj, undersample is None, aug mode is trans, geo is 0.3, pct_usage is None, small_label is 1, small_prop is 0.2, balance_seed is 0, lr is 2e-05, max_epochs is 4, split_num is 7
Training epoch 0 | loss: 0.24266 - accuracy: 0.89956
Validating epoch 0 | loss: 0.13627 - accuracy: 0.944
Training epoch 1 | loss: 0.05218 - accuracy: 0.98367
Validating epoch 1 | loss: 0.14463 - accuracy: 0.958
Training epoch 2 | loss: 0.02568 - accuracy: 0.99156
Validating epoch 2 | loss: 0.18446 - accuracy: 0.95
Training epoch 3 | loss: 0.0121 - accuracy: 0.99733
Validating epoch 3 | loss: 0.16145 - accuracy: 0.96
Model is Bert, dataset is subj, undersample is None, aug mode is trans, geo is 0.5, pct_usage is None, small_label is 1, small_prop is 0.2, balance_seed is 0, lr is 2e-05, max_epochs is 4, split_num is 7
Training epoch 0 | loss: 0.24651 - accuracy: 0.89711
Validating epoch 0 | loss: 0.12955 - accuracy: 0.959
Training epoch 1 | loss: 0.06308 - accuracy: 0.98033
Validating epoch 1 | loss: 0.14115 - accuracy: 0.958
Training epoch 2 | loss: 0.0308 - accuracy: 0.991
Validating epoch 2 | loss: 0.13289 - accuracy: 0.96
Training epoch 3 | loss: 0.01369 - accuracy: 0.99667
Validating epoch 3 | loss: 0.15175 - accuracy: 0.962
Model is Bert, dataset is subj, undersample is None, aug mode is trans, geo is 0.7, pct_usage is None, small_label is 1, small_prop is 0.2, balance_seed is 0, lr is 2e-05, max_epochs is 4, split_num is 7
Training epoch 0 | loss: 0.23535 - accuracy: 0.90333
Validating epoch 0 | loss: 0.15111 - accuracy: 0.941
Training epoch 1 | loss: 0.05243 - accuracy: 0.98433
Validating epoch 1 | loss: 0.15607 - accuracy: 0.953
Training epoch 2 | loss: 0.02425 - accuracy: 0.99333
Validating epoch 2 | loss: 0.15677 - accuracy: 0.963
Training epoch 3 | loss: 0.01164 - accuracy: 0.99689
Validating epoch 3 | loss: 0.1746 - accuracy: 0.96
Model is Bert, dataset is subj, undersample is None, aug mode is trans, geo is 0.9, pct_usage is None, small_label is 1, small_prop is 0.2, balance_seed is 0, lr is 2e-05, max_epochs is 4, split_num is 7
Training epoch 0 | loss: 0.22733 - accuracy: 0.89978
Validating epoch 0 | loss: 0.11522 - accuracy: 0.963
Training epoch 1 | loss: 0.03439 - accuracy: 0.99122
Validating epoch 1 | loss: 0.15857 - accuracy: 0.954
Training epoch 2 | loss: 0.01336 - accuracy: 0.99622
Validating epoch 2 | loss: 0.16528 - accuracy: 0.962
Training epoch 3 | loss: 0.00885 - accuracy: 0.99789
Validating epoch 3 | loss: 0.14898 - accuracy: 0.958
Model is Bert, dataset is subj, undersample is False, aug mode is None, geo is None, pct_usage is None, small_label is 0, small_prop is 0.4, balance_seed is 0, lr is 2e-05, max_epochs is 4, split_num is 7
Training epoch 0 | loss: 0.26701 - accuracy: 0.88456
Validating epoch 0 | loss: 0.12471 - accuracy: 0.958
Training epoch 1 | loss: 0.06352 - accuracy: 0.981
Validating epoch 1 | loss: 0.19641 - accuracy: 0.955
Training epoch 2 | loss: 0.02143 - accuracy: 0.99478
Validating epoch 2 | loss: 0.1888 - accuracy: 0.963
Training epoch 3 | loss: 0.00813 - accuracy: 0.99856
Validating epoch 3 | loss: 0.20086 - accuracy: 0.961
Model is Bert, dataset is subj, undersample is True, aug mode is None, geo is None, pct_usage is None, small_label is 0, small_prop is 0.4, balance_seed is 0, lr is 2e-05, max_epochs is 4, split_num is 7
Training epoch 0 | loss: 0.23948 - accuracy: 0.89667
Validating epoch 0 | loss: 0.1346 - accuracy: 0.96
Training epoch 1 | loss: 0.02799 - accuracy: 0.99322
Validating epoch 1 | loss: 0.17598 - accuracy: 0.961
Training epoch 2 | loss: 0.00534 - accuracy: 0.99911
Validating epoch 2 | loss: 0.18845 - accuracy: 0.958
Training epoch 3 | loss: 0.00134 - accuracy: 0.99989
Validating epoch 3 | loss: 0.19969 - accuracy: 0.958
Model is Bert, dataset is subj, undersample is None, aug mode is trans, geo is 0.1, pct_usage is None, small_label is 0, small_prop is 0.4, balance_seed is 0, lr is 2e-05, max_epochs is 4, split_num is 7
Training epoch 0 | loss: 0.28955 - accuracy: 0.87711
Validating epoch 0 | loss: 0.12177 - accuracy: 0.96
Training epoch 1 | loss: 0.11998 - accuracy: 0.95933
Validating epoch 1 | loss: 0.13584 - accuracy: 0.958
Training epoch 2 | loss: 0.06643 - accuracy: 0.979
Validating epoch 2 | loss: 0.11639 - accuracy: 0.969
Training epoch 3 | loss: 0.04145 - accuracy: 0.98833
Validating epoch 3 | loss: 0.12055 - accuracy: 0.965
Model is Bert, dataset is subj, undersample is None, aug mode is trans, geo is 0.3, pct_usage is None, small_label is 0, small_prop is 0.4, balance_seed is 0, lr is 2e-05, max_epochs is 4, split_num is 7
Training epoch 0 | loss: 0.28308 - accuracy: 0.88333
Validating epoch 0 | loss: 0.16301 - accuracy: 0.946
Training epoch 1 | loss: 0.10882 - accuracy: 0.96122
Validating epoch 1 | loss: 0.15202 - accuracy: 0.954
Training epoch 2 | loss: 0.0543 - accuracy: 0.98322
Validating epoch 2 | loss: 0.12124 - accuracy: 0.959
Training epoch 3 | loss: 0.03046 - accuracy: 0.99056
Validating epoch 3 | loss: 0.12968 - accuracy: 0.963
Model is Bert, dataset is subj, undersample is None, aug mode is trans, geo is 0.5, pct_usage is None, small_label is 0, small_prop is 0.4, balance_seed is 0, lr is 2e-05, max_epochs is 4, split_num is 7
Training epoch 0 | loss: 0.2891 - accuracy: 0.87222
Validating epoch 0 | loss: 0.11865 - accuracy: 0.961
Training epoch 1 | loss: 0.09323 - accuracy: 0.97
Validating epoch 1 | loss: 0.11091 - accuracy: 0.964
Training epoch 2 | loss: 0.0461 - accuracy: 0.985
Validating epoch 2 | loss: 0.11643 - accuracy: 0.966
Training epoch 3 | loss: 0.03123 - accuracy: 0.98967
Validating epoch 3 | loss: 0.12105 - accuracy: 0.967
Model is Bert, dataset is subj, undersample is None, aug mode is trans, geo is 0.7, pct_usage is None, small_label is 0, small_prop is 0.4, balance_seed is 0, lr is 2e-05, max_epochs is 4, split_num is 7
Training epoch 0 | loss: 0.27078 - accuracy: 0.89067
Validating epoch 0 | loss: 0.19545 - accuracy: 0.944
Training epoch 1 | loss: 0.08605 - accuracy: 0.97111
Validating epoch 1 | loss: 0.1206 - accuracy: 0.965
Training epoch 2 | loss: 0.04411 - accuracy: 0.98578
Validating epoch 2 | loss: 0.12268 - accuracy: 0.968
Training epoch 3 | loss: 0.02701 - accuracy: 0.99211
Validating epoch 3 | loss: 0.12709 - accuracy: 0.964
Model is Bert, dataset is subj, undersample is None, aug mode is trans, geo is 0.9, pct_usage is None, small_label is 0, small_prop is 0.4, balance_seed is 0, lr is 2e-05, max_epochs is 4, split_num is 7
Training epoch 0 | loss: 0.25576 - accuracy: 0.89111
Validating epoch 0 | loss: 0.12745 - accuracy: 0.962
Training epoch 1 | loss: 0.07383 - accuracy: 0.977
Validating epoch 1 | loss: 0.11925 - accuracy: 0.967
Training epoch 2 | loss: 0.03826 - accuracy: 0.98878
Validating epoch 2 | loss: 0.13201 - accuracy: 0.966
Training epoch 3 | loss: 0.0225 - accuracy: 0.99378
Validating epoch 3 | loss: 0.13557 - accuracy: 0.965
Model is Bert, dataset is subj, undersample is False, aug mode is None, geo is None, pct_usage is None, small_label is 1, small_prop is 0.4, balance_seed is 0, lr is 2e-05, max_epochs is 4, split_num is 7
Training epoch 0 | loss: 0.23537 - accuracy: 0.89844
Validating epoch 0 | loss: 0.14255 - accuracy: 0.957
Training epoch 1 | loss: 0.04182 - accuracy: 0.98778
Validating epoch 1 | loss: 0.2113 - accuracy: 0.936
Training epoch 2 | loss: 0.00747 - accuracy: 0.99789
Validating epoch 2 | loss: 0.20617 - accuracy: 0.962
Training epoch 3 | loss: 0.00213 - accuracy: 0.99967
Validating epoch 3 | loss: 0.24351 - accuracy: 0.951
Model is Bert, dataset is subj, undersample is True, aug mode is None, geo is None, pct_usage is None, small_label is 1, small_prop is 0.4, balance_seed is 0, lr is 2e-05, max_epochs is 4, split_num is 7
Training epoch 0 | loss: 0.23123 - accuracy: 0.89867
Validating epoch 0 | loss: 0.15004 - accuracy: 0.959
Training epoch 1 | loss: 0.03203 - accuracy: 0.99167
Validating epoch 1 | loss: 0.19994 - accuracy: 0.951
Training epoch 2 | loss: 0.00549 - accuracy: 0.99867
Validating epoch 2 | loss: 0.19746 - accuracy: 0.958
Training epoch 3 | loss: 0.00179 - accuracy: 0.99978
Validating epoch 3 | loss: 0.20048 - accuracy: 0.96
Model is Bert, dataset is subj, undersample is None, aug mode is trans, geo is 0.1, pct_usage is None, small_label is 1, small_prop is 0.4, balance_seed is 0, lr is 2e-05, max_epochs is 4, split_num is 7
Training epoch 0 | loss: 0.25783 - accuracy: 0.89344
Validating epoch 0 | loss: 0.13535 - accuracy: 0.953
Training epoch 1 | loss: 0.06685 - accuracy: 0.97489
Validating epoch 1 | loss: 0.13209 - accuracy: 0.96
Training epoch 2 | loss: 0.02928 - accuracy: 0.99033
Validating epoch 2 | loss: 0.14459 - accuracy: 0.957
Training epoch 3 | loss: 0.0168 - accuracy: 0.99522
Validating epoch 3 | loss: 0.15727 - accuracy: 0.963
Model is Bert, dataset is subj, undersample is None, aug mode is trans, geo is 0.3, pct_usage is None, small_label is 1, small_prop is 0.4, balance_seed is 0, lr is 2e-05, max_epochs is 4, split_num is 7
Training epoch 0 | loss: 0.26998 - accuracy: 0.87878
Validating epoch 0 | loss: 0.12731 - accuracy: 0.958
Training epoch 1 | loss: 0.07817 - accuracy: 0.97367
Validating epoch 1 | loss: 0.13633 - accuracy: 0.96
Training epoch 2 | loss: 0.03423 - accuracy: 0.98922
Validating epoch 2 | loss: 0.16187 - accuracy: 0.96
Training epoch 3 | loss: 0.02139 - accuracy: 0.99378
Validating epoch 3 | loss: 0.15722 - accuracy: 0.959
Model is Bert, dataset is subj, undersample is None, aug mode is trans, geo is 0.5, pct_usage is None, small_label is 1, small_prop is 0.4, balance_seed is 0, lr is 2e-05, max_epochs is 4, split_num is 7
Training epoch 0 | loss: 0.26536 - accuracy: 0.88089
Validating epoch 0 | loss: 0.14534 - accuracy: 0.957
Training epoch 1 | loss: 0.0698 - accuracy: 0.977
Validating epoch 1 | loss: 0.12183 - accuracy: 0.962
Training epoch 2 | loss: 0.03345 - accuracy: 0.98867
Validating epoch 2 | loss: 0.14583 - accuracy: 0.963
Training epoch 3 | loss: 0.02068 - accuracy: 0.994
Validating epoch 3 | loss: 0.16039 - accuracy: 0.961
Model is Bert, dataset is subj, undersample is None, aug mode is trans, geo is 0.7, pct_usage is None, small_label is 1, small_prop is 0.4, balance_seed is 0, lr is 2e-05, max_epochs is 4, split_num is 7
Training epoch 0 | loss: 0.26165 - accuracy: 0.88644
Validating epoch 0 | loss: 0.12915 - accuracy: 0.949
Training epoch 1 | loss: 0.07457 - accuracy: 0.97667
Validating epoch 1 | loss: 0.11969 - accuracy: 0.965
Training epoch 2 | loss: 0.03365 - accuracy: 0.99078
Validating epoch 2 | loss: 0.12707 - accuracy: 0.964
Training epoch 3 | loss: 0.01802 - accuracy: 0.99567
Validating epoch 3 | loss: 0.14629 - accuracy: 0.965
Model is Bert, dataset is subj, undersample is None, aug mode is trans, geo is 0.9, pct_usage is None, small_label is 1, small_prop is 0.4, balance_seed is 0, lr is 2e-05, max_epochs is 4, split_num is 7
Training epoch 0 | loss: 0.25246 - accuracy: 0.89744
Validating epoch 0 | loss: 0.14973 - accuracy: 0.942
Training epoch 1 | loss: 0.06688 - accuracy: 0.98067
Validating epoch 1 | loss: 0.12403 - accuracy: 0.96
Training epoch 2 | loss: 0.02657 - accuracy: 0.99367
Validating epoch 2 | loss: 0.13571 - accuracy: 0.962
Training epoch 3 | loss: 0.01987 - accuracy: 0.99422
Validating epoch 3 | loss: 0.15384 - accuracy: 0.96
Model is Bert, dataset is subj, undersample is False, aug mode is None, geo is None, pct_usage is None, small_label is 0, small_prop is 0.6, balance_seed is 0, lr is 2e-05, max_epochs is 4, split_num is 7
Training epoch 0 | loss: 0.25621 - accuracy: 0.89389
Validating epoch 0 | loss: 0.1478 - accuracy: 0.958
Training epoch 1 | loss: 0.07382 - accuracy: 0.97744
Validating epoch 1 | loss: 0.15049 - accuracy: 0.962
Training epoch 2 | loss: 0.02764 - accuracy: 0.99233
Validating epoch 2 | loss: 0.14492 - accuracy: 0.97
Training epoch 3 | loss: 0.0135 - accuracy: 0.99644
Validating epoch 3 | loss: 0.16721 - accuracy: 0.968
Model is Bert, dataset is subj, undersample is True, aug mode is None, geo is None, pct_usage is None, small_label is 0, small_prop is 0.6, balance_seed is 0, lr is 2e-05, max_epochs is 4, split_num is 7
Training epoch 0 | loss: 0.26364 - accuracy: 0.88522
Validating epoch 0 | loss: 0.11799 - accuracy: 0.959
Training epoch 1 | loss: 0.04355 - accuracy: 0.988
Validating epoch 1 | loss: 0.15674 - accuracy: 0.962
Training epoch 2 | loss: 0.01527 - accuracy: 0.99644
Validating epoch 2 | loss: 0.18179 - accuracy: 0.96
Training epoch 3 | loss: 0.00857 - accuracy: 0.99844
Validating epoch 3 | loss: 0.15731 - accuracy: 0.961
Model is Bert, dataset is subj, undersample is None, aug mode is trans, geo is 0.1, pct_usage is None, small_label is 0, small_prop is 0.6, balance_seed is 0, lr is 2e-05, max_epochs is 4, split_num is 7
Training epoch 0 | loss: 0.30283 - accuracy: 0.87556
Validating epoch 0 | loss: 0.14489 - accuracy: 0.96
Training epoch 1 | loss: 0.11784 - accuracy: 0.96078
Validating epoch 1 | loss: 0.11458 - accuracy: 0.961
Training epoch 2 | loss: 0.05863 - accuracy: 0.98189
Validating epoch 2 | loss: 0.12431 - accuracy: 0.96
Training epoch 3 | loss: 0.03746 - accuracy: 0.99
Validating epoch 3 | loss: 0.12952 - accuracy: 0.963
Model is Bert, dataset is subj, undersample is None, aug mode is trans, geo is 0.3, pct_usage is None, small_label is 0, small_prop is 0.6, balance_seed is 0, lr is 2e-05, max_epochs is 4, split_num is 7
Training epoch 0 | loss: 0.28366 - accuracy: 0.87189
Validating epoch 0 | loss: 0.12121 - accuracy: 0.96
Training epoch 1 | loss: 0.10941 - accuracy: 0.96222
Validating epoch 1 | loss: 0.11095 - accuracy: 0.967
Training epoch 2 | loss: 0.06023 - accuracy: 0.97933
Validating epoch 2 | loss: 0.11504 - accuracy: 0.97
Training epoch 3 | loss: 0.03741 - accuracy: 0.98656
Validating epoch 3 | loss: 0.14519 - accuracy: 0.959
Model is Bert, dataset is subj, undersample is None, aug mode is trans, geo is 0.5, pct_usage is None, small_label is 0, small_prop is 0.6, balance_seed is 0, lr is 2e-05, max_epochs is 4, split_num is 7
Training epoch 0 | loss: 0.27165 - accuracy: 0.88333
Validating epoch 0 | loss: 0.14697 - accuracy: 0.953
Training epoch 1 | loss: 0.09843 - accuracy: 0.96644
Validating epoch 1 | loss: 0.12098 - accuracy: 0.965
Training epoch 2 | loss: 0.05567 - accuracy: 0.98222
Validating epoch 2 | loss: 0.15453 - accuracy: 0.962
Training epoch 3 | loss: 0.03407 - accuracy: 0.98944
Validating epoch 3 | loss: 0.16247 - accuracy: 0.961
Model is Bert, dataset is subj, undersample is None, aug mode is trans, geo is 0.7, pct_usage is None, small_label is 0, small_prop is 0.6, balance_seed is 0, lr is 2e-05, max_epochs is 4, split_num is 7
Training epoch 0 | loss: 0.26477 - accuracy: 0.88867
Validating epoch 0 | loss: 0.13412 - accuracy: 0.95
Training epoch 1 | loss: 0.08875 - accuracy: 0.96989
Validating epoch 1 | loss: 0.10758 - accuracy: 0.961
Training epoch 2 | loss: 0.04871 - accuracy: 0.98478
Validating epoch 2 | loss: 0.12012 - accuracy: 0.96
Training epoch 3 | loss: 0.02811 - accuracy: 0.99089
Validating epoch 3 | loss: 0.12172 - accuracy: 0.962
Model is Bert, dataset is subj, undersample is None, aug mode is trans, geo is 0.9, pct_usage is None, small_label is 0, small_prop is 0.6, balance_seed is 0, lr is 2e-05, max_epochs is 4, split_num is 7
Training epoch 0 | loss: 0.26564 - accuracy: 0.88944
Validating epoch 0 | loss: 0.11845 - accuracy: 0.957
Training epoch 1 | loss: 0.07746 - accuracy: 0.97489
Validating epoch 1 | loss: 0.12075 - accuracy: 0.965
Training epoch 2 | loss: 0.03582 - accuracy: 0.98967
Validating epoch 2 | loss: 0.13988 - accuracy: 0.964
Training epoch 3 | loss: 0.01719 - accuracy: 0.99556
Validating epoch 3 | loss: 0.14468 - accuracy: 0.967
Model is Bert, dataset is subj, undersample is False, aug mode is None, geo is None, pct_usage is None, small_label is 1, small_prop is 0.6, balance_seed is 0, lr is 2e-05, max_epochs is 4, split_num is 7
Training epoch 0 | loss: 0.25712 - accuracy: 0.89344
Validating epoch 0 | loss: 0.13374 - accuracy: 0.952
Training epoch 1 | loss: 0.06269 - accuracy: 0.98078
Validating epoch 1 | loss: 0.11873 - accuracy: 0.964
Training epoch 2 | loss: 0.02031 - accuracy: 0.99467
Validating epoch 2 | loss: 0.1201 - accuracy: 0.969
Training epoch 3 | loss: 0.00959 - accuracy: 0.99767
Validating epoch 3 | loss: 0.13508 - accuracy: 0.968
Model is Bert, dataset is subj, undersample is True, aug mode is None, geo is None, pct_usage is None, small_label is 1, small_prop is 0.6, balance_seed is 0, lr is 2e-05, max_epochs is 4, split_num is 7
Training epoch 0 | loss: 0.24663 - accuracy: 0.88867
Validating epoch 0 | loss: 0.10698 - accuracy: 0.963
Training epoch 1 | loss: 0.04212 - accuracy: 0.98678
Validating epoch 1 | loss: 0.15674 - accuracy: 0.959
Training epoch 2 | loss: 0.00865 - accuracy: 0.99867
Validating epoch 2 | loss: 0.17719 - accuracy: 0.967
Training epoch 3 | loss: 0.00429 - accuracy: 0.99911
Validating epoch 3 | loss: 0.18598 - accuracy: 0.969
Model is Bert, dataset is subj, undersample is None, aug mode is trans, geo is 0.1, pct_usage is None, small_label is 1, small_prop is 0.6, balance_seed is 0, lr is 2e-05, max_epochs is 4, split_num is 7
Training epoch 0 | loss: 0.25108 - accuracy: 0.89111
Validating epoch 0 | loss: 0.12974 - accuracy: 0.95
Training epoch 1 | loss: 0.08668 - accuracy: 0.97011
Validating epoch 1 | loss: 0.12248 - accuracy: 0.954
Training epoch 2 | loss: 0.0422 - accuracy: 0.98767
Validating epoch 2 | loss: 0.13785 - accuracy: 0.953
Training epoch 3 | loss: 0.02627 - accuracy: 0.99178
Validating epoch 3 | loss: 0.15909 - accuracy: 0.956
Model is Bert, dataset is subj, undersample is None, aug mode is trans, geo is 0.3, pct_usage is None, small_label is 1, small_prop is 0.6, balance_seed is 0, lr is 2e-05, max_epochs is 4, split_num is 7
Training epoch 0 | loss: 0.25459 - accuracy: 0.891
Validating epoch 0 | loss: 0.17365 - accuracy: 0.946
Training epoch 1 | loss: 0.07888 - accuracy: 0.97411
Validating epoch 1 | loss: 0.16389 - accuracy: 0.96
Training epoch 2 | loss: 0.03918 - accuracy: 0.98711
Validating epoch 2 | loss: 0.14812 - accuracy: 0.962
Training epoch 3 | loss: 0.0218 - accuracy: 0.99333
Validating epoch 3 | loss: 0.20194 - accuracy: 0.959
Model is Bert, dataset is subj, undersample is None, aug mode is trans, geo is 0.5, pct_usage is None, small_label is 1, small_prop is 0.6, balance_seed is 0, lr is 2e-05, max_epochs is 4, split_num is 7
Training epoch 0 | loss: 0.26115 - accuracy: 0.89344
Validating epoch 0 | loss: 0.10714 - accuracy: 0.966
Training epoch 1 | loss: 0.07957 - accuracy: 0.97156
Validating epoch 1 | loss: 0.12112 - accuracy: 0.962
Training epoch 2 | loss: 0.03598 - accuracy: 0.98922
Validating epoch 2 | loss: 0.13363 - accuracy: 0.966
Training epoch 3 | loss: 0.01745 - accuracy: 0.99511
Validating epoch 3 | loss: 0.15379 - accuracy: 0.966
Model is Bert, dataset is subj, undersample is None, aug mode is trans, geo is 0.7, pct_usage is None, small_label is 1, small_prop is 0.6, balance_seed is 0, lr is 2e-05, max_epochs is 4, split_num is 7
Training epoch 0 | loss: 0.25634 - accuracy: 0.89456
Validating epoch 0 | loss: 0.1193 - accuracy: 0.959
Training epoch 1 | loss: 0.08444 - accuracy: 0.97489
Validating epoch 1 | loss: 0.12099 - accuracy: 0.958
Training epoch 2 | loss: 0.0431 - accuracy: 0.98556
Validating epoch 2 | loss: 0.13813 - accuracy: 0.965
Training epoch 3 | loss: 0.02141 - accuracy: 0.99422
Validating epoch 3 | loss: 0.15404 - accuracy: 0.968
Model is Bert, dataset is subj, undersample is None, aug mode is trans, geo is 0.9, pct_usage is None, small_label is 1, small_prop is 0.6, balance_seed is 0, lr is 2e-05, max_epochs is 4, split_num is 7
Training epoch 0 | loss: 0.26486 - accuracy: 0.88844
Validating epoch 0 | loss: 0.16088 - accuracy: 0.952
Training epoch 1 | loss: 0.0744 - accuracy: 0.97556
Validating epoch 1 | loss: 0.10502 - accuracy: 0.966
Training epoch 2 | loss: 0.037 - accuracy: 0.98922
Validating epoch 2 | loss: 0.12718 - accuracy: 0.966
Training epoch 3 | loss: 0.01795 - accuracy: 0.99533
Validating epoch 3 | loss: 0.13723 - accuracy: 0.967
Model is Bert, dataset is subj, undersample is False, aug mode is None, geo is None, pct_usage is None, small_label is 0, small_prop is 0.8, balance_seed is 0, lr is 2e-05, max_epochs is 4, split_num is 7
Training epoch 0 | loss: 0.2661 - accuracy: 0.88511
Validating epoch 0 | loss: 0.12708 - accuracy: 0.957
Training epoch 1 | loss: 0.07477 - accuracy: 0.97589
Validating epoch 1 | loss: 0.11968 - accuracy: 0.964
Training epoch 2 | loss: 0.02891 - accuracy: 0.99178
Validating epoch 2 | loss: 0.19506 - accuracy: 0.956
Training epoch 3 | loss: 0.01315 - accuracy: 0.99633
Validating epoch 3 | loss: 0.15874 - accuracy: 0.966
Model is Bert, dataset is subj, undersample is True, aug mode is None, geo is None, pct_usage is None, small_label is 0, small_prop is 0.8, balance_seed is 0, lr is 2e-05, max_epochs is 4, split_num is 7
Training epoch 0 | loss: 0.25378 - accuracy: 0.88867
Validating epoch 0 | loss: 0.12306 - accuracy: 0.96
Training epoch 1 | loss: 0.06156 - accuracy: 0.98089
Validating epoch 1 | loss: 0.11346 - accuracy: 0.964
Training epoch 2 | loss: 0.02064 - accuracy: 0.99467
Validating epoch 2 | loss: 0.11865 - accuracy: 0.97
Training epoch 3 | loss: 0.0086 - accuracy: 0.99822
Validating epoch 3 | loss: 0.15366 - accuracy: 0.965
Model is Bert, dataset is subj, undersample is None, aug mode is trans, geo is 0.1, pct_usage is None, small_label is 0, small_prop is 0.8, balance_seed is 0, lr is 2e-05, max_epochs is 4, split_num is 7
Training epoch 0 | loss: 0.29492 - accuracy: 0.86844
Validating epoch 0 | loss: 0.13256 - accuracy: 0.959
Training epoch 1 | loss: 0.11502 - accuracy: 0.95978
Validating epoch 1 | loss: 0.13214 - accuracy: 0.954
Training epoch 2 | loss: 0.06638 - accuracy: 0.979
Validating epoch 2 | loss: 0.13334 - accuracy: 0.956
Training epoch 3 | loss: 0.04147 - accuracy: 0.98744
Validating epoch 3 | loss: 0.14521 - accuracy: 0.96
Model is Bert, dataset is subj, undersample is None, aug mode is trans, geo is 0.3, pct_usage is None, small_label is 0, small_prop is 0.8, balance_seed is 0, lr is 2e-05, max_epochs is 4, split_num is 7
Training epoch 0 | loss: 0.29114 - accuracy: 0.87956
Validating epoch 0 | loss: 0.11582 - accuracy: 0.968
Training epoch 1 | loss: 0.11194 - accuracy: 0.96111
Validating epoch 1 | loss: 0.11362 - accuracy: 0.964
Training epoch 2 | loss: 0.06255 - accuracy: 0.981
Validating epoch 2 | loss: 0.09284 - accuracy: 0.968
Training epoch 3 | loss: 0.03705 - accuracy: 0.989
Validating epoch 3 | loss: 0.10498 - accuracy: 0.965
Model is Bert, dataset is subj, undersample is None, aug mode is trans, geo is 0.5, pct_usage is None, small_label is 0, small_prop is 0.8, balance_seed is 0, lr is 2e-05, max_epochs is 4, split_num is 7
Training epoch 0 | loss: 0.27561 - accuracy: 0.88078
Validating epoch 0 | loss: 0.1431 - accuracy: 0.962
Training epoch 1 | loss: 0.11395 - accuracy: 0.962
Validating epoch 1 | loss: 0.12461 - accuracy: 0.96
Training epoch 2 | loss: 0.0631 - accuracy: 0.97944
Validating epoch 2 | loss: 0.13023 - accuracy: 0.966
Training epoch 3 | loss: 0.03647 - accuracy: 0.98856
Validating epoch 3 | loss: 0.13435 - accuracy: 0.966
Model is Bert, dataset is subj, undersample is None, aug mode is trans, geo is 0.7, pct_usage is None, small_label is 0, small_prop is 0.8, balance_seed is 0, lr is 2e-05, max_epochs is 4, split_num is 7
Training epoch 0 | loss: 0.28568 - accuracy: 0.87033
Validating epoch 0 | loss: 0.11979 - accuracy: 0.961
Training epoch 1 | loss: 0.1014 - accuracy: 0.96389
Validating epoch 1 | loss: 0.10637 - accuracy: 0.966
Training epoch 2 | loss: 0.04824 - accuracy: 0.98544
Validating epoch 2 | loss: 0.11779 - accuracy: 0.965
Training epoch 3 | loss: 0.032 - accuracy: 0.99
Validating epoch 3 | loss: 0.12756 - accuracy: 0.967
Model is Bert, dataset is subj, undersample is None, aug mode is trans, geo is 0.9, pct_usage is None, small_label is 0, small_prop is 0.8, balance_seed is 0, lr is 2e-05, max_epochs is 4, split_num is 7
Training epoch 0 | loss: 0.27492 - accuracy: 0.87656
Validating epoch 0 | loss: 0.12974 - accuracy: 0.955
Training epoch 1 | loss: 0.09675 - accuracy: 0.96833
Validating epoch 1 | loss: 0.10488 - accuracy: 0.964
Training epoch 2 | loss: 0.04951 - accuracy: 0.98567
Validating epoch 2 | loss: 0.11155 - accuracy: 0.965
Training epoch 3 | loss: 0.02977 - accuracy: 0.99244
Validating epoch 3 | loss: 0.11415 - accuracy: 0.964
Model is Bert, dataset is subj, undersample is False, aug mode is None, geo is None, pct_usage is None, small_label is 1, small_prop is 0.8, balance_seed is 0, lr is 2e-05, max_epochs is 4, split_num is 7
Training epoch 0 | loss: 0.26637 - accuracy: 0.88622
Validating epoch 0 | loss: 0.12241 - accuracy: 0.959
Training epoch 1 | loss: 0.071 - accuracy: 0.97711
Validating epoch 1 | loss: 0.1411 - accuracy: 0.958
Training epoch 2 | loss: 0.02684 - accuracy: 0.99256
Validating epoch 2 | loss: 0.12055 - accuracy: 0.971
Training epoch 3 | loss: 0.0116 - accuracy: 0.997
Validating epoch 3 | loss: 0.13231 - accuracy: 0.972
Model is Bert, dataset is subj, undersample is True, aug mode is None, geo is None, pct_usage is None, small_label is 1, small_prop is 0.8, balance_seed is 0, lr is 2e-05, max_epochs is 4, split_num is 7
Training epoch 0 | loss: 0.24044 - accuracy: 0.912
Validating epoch 0 | loss: 0.11575 - accuracy: 0.958
Training epoch 1 | loss: 0.05559 - accuracy: 0.98378
Validating epoch 1 | loss: 0.15157 - accuracy: 0.965
Training epoch 2 | loss: 0.01998 - accuracy: 0.99467
Validating epoch 2 | loss: 0.16753 - accuracy: 0.967
Training epoch 3 | loss: 0.00824 - accuracy: 0.99833
Validating epoch 3 | loss: 0.18851 - accuracy: 0.965
Model is Bert, dataset is subj, undersample is None, aug mode is trans, geo is 0.1, pct_usage is None, small_label is 1, small_prop is 0.8, balance_seed is 0, lr is 2e-05, max_epochs is 4, split_num is 7
Training epoch 0 | loss: 0.26437 - accuracy: 0.88656
Validating epoch 0 | loss: 0.10901 - accuracy: 0.959
Training epoch 1 | loss: 0.09399 - accuracy: 0.96922
Validating epoch 1 | loss: 0.12697 - accuracy: 0.96
Training epoch 2 | loss: 0.04847 - accuracy: 0.98522
Validating epoch 2 | loss: 0.1415 - accuracy: 0.956
Training epoch 3 | loss: 0.03259 - accuracy: 0.99078
Validating epoch 3 | loss: 0.14803 - accuracy: 0.962
Model is Bert, dataset is subj, undersample is None, aug mode is trans, geo is 0.3, pct_usage is None, small_label is 1, small_prop is 0.8, balance_seed is 0, lr is 2e-05, max_epochs is 4, split_num is 7
Training epoch 0 | loss: 0.26276 - accuracy: 0.88878
Validating epoch 0 | loss: 0.13689 - accuracy: 0.954
Training epoch 1 | loss: 0.09496 - accuracy: 0.96711
Validating epoch 1 | loss: 0.12649 - accuracy: 0.961
Training epoch 2 | loss: 0.05591 - accuracy: 0.98244
Validating epoch 2 | loss: 0.11698 - accuracy: 0.962
Training epoch 3 | loss: 0.03702 - accuracy: 0.98978
Validating epoch 3 | loss: 0.15633 - accuracy: 0.963
Model is Bert, dataset is subj, undersample is None, aug mode is trans, geo is 0.5, pct_usage is None, small_label is 1, small_prop is 0.8, balance_seed is 0, lr is 2e-05, max_epochs is 4, split_num is 7
Training epoch 0 | loss: 0.2692 - accuracy: 0.88711
Validating epoch 0 | loss: 0.15447 - accuracy: 0.943
Training epoch 1 | loss: 0.09288 - accuracy: 0.96822
Validating epoch 1 | loss: 0.14629 - accuracy: 0.961
Training epoch 2 | loss: 0.04345 - accuracy: 0.98689
Validating epoch 2 | loss: 0.16396 - accuracy: 0.961
Training epoch 3 | loss: 0.02555 - accuracy: 0.99278
Validating epoch 3 | loss: 0.16068 - accuracy: 0.959
Model is Bert, dataset is subj, undersample is None, aug mode is trans, geo is 0.7, pct_usage is None, small_label is 1, small_prop is 0.8, balance_seed is 0, lr is 2e-05, max_epochs is 4, split_num is 7
Training epoch 0 | loss: 0.26512 - accuracy: 0.87967
Validating epoch 0 | loss: 0.12155 - accuracy: 0.959
Training epoch 1 | loss: 0.07854 - accuracy: 0.97489
Validating epoch 1 | loss: 0.12614 - accuracy: 0.963
Training epoch 2 | loss: 0.03388 - accuracy: 0.98989
Validating epoch 2 | loss: 0.14999 - accuracy: 0.965
Training epoch 3 | loss: 0.01877 - accuracy: 0.99511
Validating epoch 3 | loss: 0.16513 - accuracy: 0.963
Model is Bert, dataset is subj, undersample is None, aug mode is trans, geo is 0.9, pct_usage is None, small_label is 1, small_prop is 0.8, balance_seed is 0, lr is 2e-05, max_epochs is 4, split_num is 7
Training epoch 0 | loss: 0.27191 - accuracy: 0.88478
Validating epoch 0 | loss: 0.13244 - accuracy: 0.959
Training epoch 1 | loss: 0.08337 - accuracy: 0.97433
Validating epoch 1 | loss: 0.10489 - accuracy: 0.962
Training epoch 2 | loss: 0.03613 - accuracy: 0.98911
Validating epoch 2 | loss: 0.10907 - accuracy: 0.968
Training epoch 3 | loss: 0.01896 - accuracy: 0.99456
Validating epoch 3 | loss: 0.13942 - accuracy: 0.965
