Model is Bert, dataset is subj, undersample is False, aug mode is None, geo is None, pct_usage is None, small_label is 0, small_prop is 0.2, balance_seed is 0, lr is 2e-05, max_epochs is 4, split_num is 3
Training epoch 0 | loss: 0.23818 - accuracy: 0.89678
Validating epoch 0 | loss: 0.19503 - accuracy: 0.937
Training epoch 1 | loss: 0.03052 - accuracy: 0.99211
Validating epoch 1 | loss: 0.25952 - accuracy: 0.931
Training epoch 2 | loss: 0.00732 - accuracy: 0.99867
Validating epoch 2 | loss: 0.35973 - accuracy: 0.925
Training epoch 3 | loss: 0.00356 - accuracy: 0.99933
Validating epoch 3 | loss: 0.33771 - accuracy: 0.928
Model is Bert, dataset is subj, undersample is True, aug mode is None, geo is None, pct_usage is None, small_label is 0, small_prop is 0.2, balance_seed is 0, lr is 2e-05, max_epochs is 4, split_num is 3
Training epoch 0 | loss: 0.1997 - accuracy: 0.91411
Validating epoch 0 | loss: 0.19646 - accuracy: 0.944
Training epoch 1 | loss: 0.0079 - accuracy: 0.99856
Validating epoch 1 | loss: 0.24928 - accuracy: 0.939
Training epoch 2 | loss: 0.00106 - accuracy: 0.99978
Validating epoch 2 | loss: 0.30558 - accuracy: 0.94
Training epoch 3 | loss: 0.00051 - accuracy: 1.0
Validating epoch 3 | loss: 0.30006 - accuracy: 0.937
Model is Bert, dataset is subj, undersample is None, aug mode is trans, geo is 0.1, pct_usage is None, small_label is 0, small_prop is 0.2, balance_seed is 0, lr is 2e-05, max_epochs is 4, split_num is 3
Training epoch 0 | loss: 0.27734 - accuracy: 0.88744
Validating epoch 0 | loss: 0.18862 - accuracy: 0.939
Training epoch 1 | loss: 0.08385 - accuracy: 0.97122
Validating epoch 1 | loss: 0.21474 - accuracy: 0.928
Training epoch 2 | loss: 0.04154 - accuracy: 0.98822
Validating epoch 2 | loss: 0.19667 - accuracy: 0.946
Training epoch 3 | loss: 0.02501 - accuracy: 0.99344
Validating epoch 3 | loss: 0.19451 - accuracy: 0.95
Model is Bert, dataset is subj, undersample is None, aug mode is trans, geo is 0.3, pct_usage is None, small_label is 0, small_prop is 0.2, balance_seed is 0, lr is 2e-05, max_epochs is 4, split_num is 3
Training epoch 0 | loss: 0.24525 - accuracy: 0.89889
Validating epoch 0 | loss: 0.22809 - accuracy: 0.914
Training epoch 1 | loss: 0.07621 - accuracy: 0.97622
Validating epoch 1 | loss: 0.16956 - accuracy: 0.937
Training epoch 2 | loss: 0.04326 - accuracy: 0.98822
Validating epoch 2 | loss: 0.16929 - accuracy: 0.946
Training epoch 3 | loss: 0.02459 - accuracy: 0.99378
Validating epoch 3 | loss: 0.18599 - accuracy: 0.94
Model is Bert, dataset is subj, undersample is None, aug mode is trans, geo is 0.5, pct_usage is None, small_label is 0, small_prop is 0.2, balance_seed is 0, lr is 2e-05, max_epochs is 4, split_num is 3
Training epoch 0 | loss: 0.26076 - accuracy: 0.89011
Validating epoch 0 | loss: 0.14566 - accuracy: 0.954
Training epoch 1 | loss: 0.08321 - accuracy: 0.97089
Validating epoch 1 | loss: 0.16229 - accuracy: 0.948
Training epoch 2 | loss: 0.03945 - accuracy: 0.98833
Validating epoch 2 | loss: 0.17336 - accuracy: 0.945
Training epoch 3 | loss: 0.02105 - accuracy: 0.99444
Validating epoch 3 | loss: 0.18944 - accuracy: 0.947
Model is Bert, dataset is subj, undersample is None, aug mode is trans, geo is 0.7, pct_usage is None, small_label is 0, small_prop is 0.2, balance_seed is 0, lr is 2e-05, max_epochs is 4, split_num is 3
Training epoch 0 | loss: 0.26054 - accuracy: 0.88389
Validating epoch 0 | loss: 0.21216 - accuracy: 0.931
Training epoch 1 | loss: 0.06129 - accuracy: 0.98022
Validating epoch 1 | loss: 0.16632 - accuracy: 0.946
Training epoch 2 | loss: 0.0295 - accuracy: 0.99233
Validating epoch 2 | loss: 0.21332 - accuracy: 0.941
Training epoch 3 | loss: 0.02113 - accuracy: 0.99489
Validating epoch 3 | loss: 0.19722 - accuracy: 0.944
Model is Bert, dataset is subj, undersample is None, aug mode is trans, geo is 0.9, pct_usage is None, small_label is 0, small_prop is 0.2, balance_seed is 0, lr is 2e-05, max_epochs is 4, split_num is 3
Training epoch 0 | loss: 0.23683 - accuracy: 0.89178
Validating epoch 0 | loss: 0.15423 - accuracy: 0.947
Training epoch 1 | loss: 0.04949 - accuracy: 0.98556
Validating epoch 1 | loss: 0.25099 - accuracy: 0.928
Training epoch 2 | loss: 0.03126 - accuracy: 0.99056
Validating epoch 2 | loss: 0.23425 - accuracy: 0.935
Training epoch 3 | loss: 0.01756 - accuracy: 0.99567
Validating epoch 3 | loss: 0.20989 - accuracy: 0.944
Model is Bert, dataset is subj, undersample is False, aug mode is None, geo is None, pct_usage is None, small_label is 1, small_prop is 0.2, balance_seed is 0, lr is 2e-05, max_epochs is 4, split_num is 3
Training epoch 0 | loss: 0.22386 - accuracy: 0.91011
Validating epoch 0 | loss: 0.14909 - accuracy: 0.949
Training epoch 1 | loss: 0.02428 - accuracy: 0.99411
Validating epoch 1 | loss: 0.18807 - accuracy: 0.949
Training epoch 2 | loss: 0.00577 - accuracy: 0.99889
Validating epoch 2 | loss: 0.35367 - accuracy: 0.925
Training epoch 3 | loss: 0.00159 - accuracy: 1.0
Validating epoch 3 | loss: 0.3365 - accuracy: 0.934
Model is Bert, dataset is subj, undersample is True, aug mode is None, geo is None, pct_usage is None, small_label is 1, small_prop is 0.2, balance_seed is 0, lr is 2e-05, max_epochs is 4, split_num is 3
Training epoch 0 | loss: 0.19726 - accuracy: 0.92611
Validating epoch 0 | loss: 0.19809 - accuracy: 0.945
Training epoch 1 | loss: 0.0077 - accuracy: 0.99889
Validating epoch 1 | loss: 0.25739 - accuracy: 0.95
Training epoch 2 | loss: 0.00171 - accuracy: 0.99989
Validating epoch 2 | loss: 0.27903 - accuracy: 0.945
Training epoch 3 | loss: 0.00083 - accuracy: 1.0
Validating epoch 3 | loss: 0.28887 - accuracy: 0.946
Model is Bert, dataset is subj, undersample is None, aug mode is trans, geo is 0.1, pct_usage is None, small_label is 1, small_prop is 0.2, balance_seed is 0, lr is 2e-05, max_epochs is 4, split_num is 3
Training epoch 0 | loss: 0.25816 - accuracy: 0.89444
Validating epoch 0 | loss: 0.14402 - accuracy: 0.947
Training epoch 1 | loss: 0.06081 - accuracy: 0.98189
Validating epoch 1 | loss: 0.14437 - accuracy: 0.956
Training epoch 2 | loss: 0.02316 - accuracy: 0.99333
Validating epoch 2 | loss: 0.17686 - accuracy: 0.951
Training epoch 3 | loss: 0.01292 - accuracy: 0.99678
Validating epoch 3 | loss: 0.1761 - accuracy: 0.954
Model is Bert, dataset is subj, undersample is None, aug mode is trans, geo is 0.3, pct_usage is None, small_label is 1, small_prop is 0.2, balance_seed is 0, lr is 2e-05, max_epochs is 4, split_num is 3
Training epoch 0 | loss: 0.24642 - accuracy: 0.89089
Validating epoch 0 | loss: 0.13779 - accuracy: 0.951
Training epoch 1 | loss: 0.05073 - accuracy: 0.98411
Validating epoch 1 | loss: 0.16555 - accuracy: 0.95
Training epoch 2 | loss: 0.02447 - accuracy: 0.99289
Validating epoch 2 | loss: 0.17435 - accuracy: 0.951
Training epoch 3 | loss: 0.0116 - accuracy: 0.99656
Validating epoch 3 | loss: 0.17917 - accuracy: 0.953
Model is Bert, dataset is subj, undersample is None, aug mode is trans, geo is 0.5, pct_usage is None, small_label is 1, small_prop is 0.2, balance_seed is 0, lr is 2e-05, max_epochs is 4, split_num is 3
Training epoch 0 | loss: 0.24153 - accuracy: 0.89733
Validating epoch 0 | loss: 0.15243 - accuracy: 0.949
Training epoch 1 | loss: 0.06474 - accuracy: 0.981
Validating epoch 1 | loss: 0.15157 - accuracy: 0.947
Training epoch 2 | loss: 0.02872 - accuracy: 0.99244
Validating epoch 2 | loss: 0.16561 - accuracy: 0.949
Training epoch 3 | loss: 0.01716 - accuracy: 0.99544
Validating epoch 3 | loss: 0.15491 - accuracy: 0.959
Model is Bert, dataset is subj, undersample is None, aug mode is trans, geo is 0.7, pct_usage is None, small_label is 1, small_prop is 0.2, balance_seed is 0, lr is 2e-05, max_epochs is 4, split_num is 3
Training epoch 0 | loss: 0.24785 - accuracy: 0.88311
Validating epoch 0 | loss: 0.23151 - accuracy: 0.918
Training epoch 1 | loss: 0.03932 - accuracy: 0.98656
Validating epoch 1 | loss: 0.1854 - accuracy: 0.948
Training epoch 2 | loss: 0.02115 - accuracy: 0.994
Validating epoch 2 | loss: 0.21843 - accuracy: 0.945
Training epoch 3 | loss: 0.0147 - accuracy: 0.99633
Validating epoch 3 | loss: 0.18393 - accuracy: 0.951
Model is Bert, dataset is subj, undersample is None, aug mode is trans, geo is 0.9, pct_usage is None, small_label is 1, small_prop is 0.2, balance_seed is 0, lr is 2e-05, max_epochs is 4, split_num is 3
Training epoch 0 | loss: 0.23873 - accuracy: 0.90133
Validating epoch 0 | loss: 0.15052 - accuracy: 0.95
Training epoch 1 | loss: 0.04838 - accuracy: 0.98767
Validating epoch 1 | loss: 0.15966 - accuracy: 0.952
Training epoch 2 | loss: 0.02124 - accuracy: 0.99467
Validating epoch 2 | loss: 0.19998 - accuracy: 0.947
Training epoch 3 | loss: 0.01031 - accuracy: 0.99756
Validating epoch 3 | loss: 0.17644 - accuracy: 0.952
Model is Bert, dataset is subj, undersample is False, aug mode is None, geo is None, pct_usage is None, small_label is 0, small_prop is 0.4, balance_seed is 0, lr is 2e-05, max_epochs is 4, split_num is 3
Training epoch 0 | loss: 0.26144 - accuracy: 0.89033
Validating epoch 0 | loss: 0.20051 - accuracy: 0.924
Training epoch 1 | loss: 0.04494 - accuracy: 0.987
Validating epoch 1 | loss: 0.28929 - accuracy: 0.917
Training epoch 2 | loss: 0.01235 - accuracy: 0.99756
Validating epoch 2 | loss: 0.23111 - accuracy: 0.938
Training epoch 3 | loss: 0.00524 - accuracy: 0.99922
Validating epoch 3 | loss: 0.2463 - accuracy: 0.936
Model is Bert, dataset is subj, undersample is True, aug mode is None, geo is None, pct_usage is None, small_label is 0, small_prop is 0.4, balance_seed is 0, lr is 2e-05, max_epochs is 4, split_num is 3
Training epoch 0 | loss: 0.23793 - accuracy: 0.90222
Validating epoch 0 | loss: 0.20787 - accuracy: 0.929
Training epoch 1 | loss: 0.03562 - accuracy: 0.98956
Validating epoch 1 | loss: 0.18662 - accuracy: 0.948
Training epoch 2 | loss: 0.00661 - accuracy: 0.99822
Validating epoch 2 | loss: 0.21633 - accuracy: 0.952
Training epoch 3 | loss: 0.00229 - accuracy: 0.99967
Validating epoch 3 | loss: 0.22381 - accuracy: 0.951
Model is Bert, dataset is subj, undersample is None, aug mode is trans, geo is 0.1, pct_usage is None, small_label is 0, small_prop is 0.4, balance_seed is 0, lr is 2e-05, max_epochs is 4, split_num is 3
Training epoch 0 | loss: 0.28542 - accuracy: 0.87822
Validating epoch 0 | loss: 0.2264 - accuracy: 0.916
Training epoch 1 | loss: 0.10501 - accuracy: 0.96489
Validating epoch 1 | loss: 0.14146 - accuracy: 0.955
Training epoch 2 | loss: 0.05279 - accuracy: 0.98367
Validating epoch 2 | loss: 0.16793 - accuracy: 0.944
Training epoch 3 | loss: 0.035 - accuracy: 0.99144
Validating epoch 3 | loss: 0.17991 - accuracy: 0.948
Model is Bert, dataset is subj, undersample is None, aug mode is trans, geo is 0.3, pct_usage is None, small_label is 0, small_prop is 0.4, balance_seed is 0, lr is 2e-05, max_epochs is 4, split_num is 3
Training epoch 0 | loss: 0.28057 - accuracy: 0.87844
Validating epoch 0 | loss: 0.14559 - accuracy: 0.954
Training epoch 1 | loss: 0.10525 - accuracy: 0.96511
Validating epoch 1 | loss: 0.13887 - accuracy: 0.954
Training epoch 2 | loss: 0.05706 - accuracy: 0.98178
Validating epoch 2 | loss: 0.16046 - accuracy: 0.951
Training epoch 3 | loss: 0.03132 - accuracy: 0.991
Validating epoch 3 | loss: 0.17502 - accuracy: 0.949
Model is Bert, dataset is subj, undersample is None, aug mode is trans, geo is 0.5, pct_usage is None, small_label is 0, small_prop is 0.4, balance_seed is 0, lr is 2e-05, max_epochs is 4, split_num is 3
Training epoch 0 | loss: 0.27773 - accuracy: 0.87178
Validating epoch 0 | loss: 0.14511 - accuracy: 0.946
Training epoch 1 | loss: 0.09581 - accuracy: 0.96822
Validating epoch 1 | loss: 0.14869 - accuracy: 0.948
Training epoch 2 | loss: 0.04751 - accuracy: 0.98522
Validating epoch 2 | loss: 0.17204 - accuracy: 0.949
Training epoch 3 | loss: 0.027 - accuracy: 0.99222
Validating epoch 3 | loss: 0.18071 - accuracy: 0.952
Model is Bert, dataset is subj, undersample is None, aug mode is trans, geo is 0.7, pct_usage is None, small_label is 0, small_prop is 0.4, balance_seed is 0, lr is 2e-05, max_epochs is 4, split_num is 3
Training epoch 0 | loss: 0.25861 - accuracy: 0.891
Validating epoch 0 | loss: 0.14399 - accuracy: 0.952
Training epoch 1 | loss: 0.08953 - accuracy: 0.971
Validating epoch 1 | loss: 0.13915 - accuracy: 0.955
Training epoch 2 | loss: 0.04889 - accuracy: 0.98478
Validating epoch 2 | loss: 0.14554 - accuracy: 0.954
Training epoch 3 | loss: 0.03439 - accuracy: 0.98889
Validating epoch 3 | loss: 0.15431 - accuracy: 0.951
Model is Bert, dataset is subj, undersample is None, aug mode is trans, geo is 0.9, pct_usage is None, small_label is 0, small_prop is 0.4, balance_seed is 0, lr is 2e-05, max_epochs is 4, split_num is 3
Training epoch 0 | loss: 0.24825 - accuracy: 0.89022
Validating epoch 0 | loss: 0.13527 - accuracy: 0.951
Training epoch 1 | loss: 0.06674 - accuracy: 0.97811
Validating epoch 1 | loss: 0.15348 - accuracy: 0.953
Training epoch 2 | loss: 0.02825 - accuracy: 0.99189
Validating epoch 2 | loss: 0.17156 - accuracy: 0.946
Training epoch 3 | loss: 0.01457 - accuracy: 0.996
Validating epoch 3 | loss: 0.16125 - accuracy: 0.951
Model is Bert, dataset is subj, undersample is False, aug mode is None, geo is None, pct_usage is None, small_label is 1, small_prop is 0.4, balance_seed is 0, lr is 2e-05, max_epochs is 4, split_num is 3
Training epoch 0 | loss: 0.24339 - accuracy: 0.89233
Validating epoch 0 | loss: 0.14662 - accuracy: 0.947
Training epoch 1 | loss: 0.04484 - accuracy: 0.986
Validating epoch 1 | loss: 0.15592 - accuracy: 0.956
Training epoch 2 | loss: 0.00744 - accuracy: 0.99811
Validating epoch 2 | loss: 0.22338 - accuracy: 0.956
Training epoch 3 | loss: 0.00208 - accuracy: 0.99978
Validating epoch 3 | loss: 0.22345 - accuracy: 0.956
Model is Bert, dataset is subj, undersample is True, aug mode is None, geo is None, pct_usage is None, small_label is 1, small_prop is 0.4, balance_seed is 0, lr is 2e-05, max_epochs is 4, split_num is 3
Training epoch 0 | loss: 0.22387 - accuracy: 0.909
Validating epoch 0 | loss: 0.14959 - accuracy: 0.953
Training epoch 1 | loss: 0.03022 - accuracy: 0.99144
Validating epoch 1 | loss: 0.19333 - accuracy: 0.948
Training epoch 2 | loss: 0.00543 - accuracy: 0.99956
Validating epoch 2 | loss: 0.21007 - accuracy: 0.951
Training epoch 3 | loss: 0.00323 - accuracy: 0.99978
Validating epoch 3 | loss: 0.21228 - accuracy: 0.955
Model is Bert, dataset is subj, undersample is None, aug mode is trans, geo is 0.1, pct_usage is None, small_label is 1, small_prop is 0.4, balance_seed is 0, lr is 2e-05, max_epochs is 4, split_num is 3
Training epoch 0 | loss: 0.2528 - accuracy: 0.90233
Validating epoch 0 | loss: 0.15085 - accuracy: 0.941
Training epoch 1 | loss: 0.07534 - accuracy: 0.97356
Validating epoch 1 | loss: 0.11856 - accuracy: 0.959
Training epoch 2 | loss: 0.03441 - accuracy: 0.98933
Validating epoch 2 | loss: 0.1505 - accuracy: 0.959
Training epoch 3 | loss: 0.01503 - accuracy: 0.99611
Validating epoch 3 | loss: 0.16503 - accuracy: 0.951
Model is Bert, dataset is subj, undersample is None, aug mode is trans, geo is 0.3, pct_usage is None, small_label is 1, small_prop is 0.4, balance_seed is 0, lr is 2e-05, max_epochs is 4, split_num is 3
Training epoch 0 | loss: 0.24998 - accuracy: 0.89122
Validating epoch 0 | loss: 0.12598 - accuracy: 0.957
Training epoch 1 | loss: 0.06596 - accuracy: 0.97811
Validating epoch 1 | loss: 0.15696 - accuracy: 0.951
Training epoch 2 | loss: 0.02572 - accuracy: 0.99289
Validating epoch 2 | loss: 0.18273 - accuracy: 0.953
Training epoch 3 | loss: 0.02251 - accuracy: 0.99333
Validating epoch 3 | loss: 0.17039 - accuracy: 0.959
Model is Bert, dataset is subj, undersample is None, aug mode is trans, geo is 0.5, pct_usage is None, small_label is 1, small_prop is 0.4, balance_seed is 0, lr is 2e-05, max_epochs is 4, split_num is 3
Training epoch 0 | loss: 0.25433 - accuracy: 0.89189
Validating epoch 0 | loss: 0.15007 - accuracy: 0.946
Training epoch 1 | loss: 0.07074 - accuracy: 0.977
Validating epoch 1 | loss: 0.13865 - accuracy: 0.957
Training epoch 2 | loss: 0.02474 - accuracy: 0.99278
Validating epoch 2 | loss: 0.15959 - accuracy: 0.96
Training epoch 3 | loss: 0.017 - accuracy: 0.99567
Validating epoch 3 | loss: 0.16993 - accuracy: 0.95
Model is Bert, dataset is subj, undersample is None, aug mode is trans, geo is 0.7, pct_usage is None, small_label is 1, small_prop is 0.4, balance_seed is 0, lr is 2e-05, max_epochs is 4, split_num is 3
Training epoch 0 | loss: 0.24524 - accuracy: 0.9
Validating epoch 0 | loss: 0.12164 - accuracy: 0.958
Training epoch 1 | loss: 0.07288 - accuracy: 0.97778
Validating epoch 1 | loss: 0.13027 - accuracy: 0.952
Training epoch 2 | loss: 0.03574 - accuracy: 0.99
Validating epoch 2 | loss: 0.13538 - accuracy: 0.964
Training epoch 3 | loss: 0.02074 - accuracy: 0.99467
Validating epoch 3 | loss: 0.13868 - accuracy: 0.964
Model is Bert, dataset is subj, undersample is None, aug mode is trans, geo is 0.9, pct_usage is None, small_label is 1, small_prop is 0.4, balance_seed is 0, lr is 2e-05, max_epochs is 4, split_num is 3
Training epoch 0 | loss: 0.24498 - accuracy: 0.90033
Validating epoch 0 | loss: 0.14059 - accuracy: 0.952
Training epoch 1 | loss: 0.04672 - accuracy: 0.98633
Validating epoch 1 | loss: 0.1841 - accuracy: 0.945
Training epoch 2 | loss: 0.0188 - accuracy: 0.99456
Validating epoch 2 | loss: 0.17292 - accuracy: 0.958
Training epoch 3 | loss: 0.00918 - accuracy: 0.99756
Validating epoch 3 | loss: 0.17377 - accuracy: 0.957
Model is Bert, dataset is subj, undersample is False, aug mode is None, geo is None, pct_usage is None, small_label is 0, small_prop is 0.6, balance_seed is 0, lr is 2e-05, max_epochs is 4, split_num is 3
Training epoch 0 | loss: 0.24084 - accuracy: 0.90578
Validating epoch 0 | loss: 0.13495 - accuracy: 0.95
Training epoch 1 | loss: 0.06151 - accuracy: 0.98133
Validating epoch 1 | loss: 0.18404 - accuracy: 0.937
Training epoch 2 | loss: 0.02328 - accuracy: 0.99378
Validating epoch 2 | loss: 0.1428 - accuracy: 0.959
Training epoch 3 | loss: 0.00799 - accuracy: 0.99811
Validating epoch 3 | loss: 0.15808 - accuracy: 0.959
Model is Bert, dataset is subj, undersample is True, aug mode is None, geo is None, pct_usage is None, small_label is 0, small_prop is 0.6, balance_seed is 0, lr is 2e-05, max_epochs is 4, split_num is 3
Training epoch 0 | loss: 0.23959 - accuracy: 0.91067
Validating epoch 0 | loss: 0.12375 - accuracy: 0.957
Training epoch 1 | loss: 0.04102 - accuracy: 0.987
Validating epoch 1 | loss: 0.16884 - accuracy: 0.951
Training epoch 2 | loss: 0.01092 - accuracy: 0.99767
Validating epoch 2 | loss: 0.16268 - accuracy: 0.959
Training epoch 3 | loss: 0.00339 - accuracy: 0.99944
Validating epoch 3 | loss: 0.17498 - accuracy: 0.959
Model is Bert, dataset is subj, undersample is None, aug mode is trans, geo is 0.1, pct_usage is None, small_label is 0, small_prop is 0.6, balance_seed is 0, lr is 2e-05, max_epochs is 4, split_num is 3
Training epoch 0 | loss: 0.28974 - accuracy: 0.88044
Validating epoch 0 | loss: 0.15545 - accuracy: 0.945
Training epoch 1 | loss: 0.11095 - accuracy: 0.96156
Validating epoch 1 | loss: 0.14482 - accuracy: 0.948
Training epoch 2 | loss: 0.05659 - accuracy: 0.98244
Validating epoch 2 | loss: 0.16331 - accuracy: 0.949
Training epoch 3 | loss: 0.03658 - accuracy: 0.98811
Validating epoch 3 | loss: 0.18407 - accuracy: 0.948
Model is Bert, dataset is subj, undersample is None, aug mode is trans, geo is 0.3, pct_usage is None, small_label is 0, small_prop is 0.6, balance_seed is 0, lr is 2e-05, max_epochs is 4, split_num is 3
Training epoch 0 | loss: 0.28852 - accuracy: 0.87067
Validating epoch 0 | loss: 0.13511 - accuracy: 0.954
Training epoch 1 | loss: 0.09981 - accuracy: 0.96722
Validating epoch 1 | loss: 0.1536 - accuracy: 0.943
Training epoch 2 | loss: 0.05076 - accuracy: 0.98433
Validating epoch 2 | loss: 0.15268 - accuracy: 0.957
Training epoch 3 | loss: 0.03099 - accuracy: 0.991
Validating epoch 3 | loss: 0.18517 - accuracy: 0.95
Model is Bert, dataset is subj, undersample is None, aug mode is trans, geo is 0.5, pct_usage is None, small_label is 0, small_prop is 0.6, balance_seed is 0, lr is 2e-05, max_epochs is 4, split_num is 3
Training epoch 0 | loss: 0.29017 - accuracy: 0.87878
Validating epoch 0 | loss: 0.13782 - accuracy: 0.954
Training epoch 1 | loss: 0.10582 - accuracy: 0.96567
Validating epoch 1 | loss: 0.14289 - accuracy: 0.951
Training epoch 2 | loss: 0.06523 - accuracy: 0.98
Validating epoch 2 | loss: 0.17354 - accuracy: 0.943
Training epoch 3 | loss: 0.03572 - accuracy: 0.98833
Validating epoch 3 | loss: 0.1828 - accuracy: 0.949
Model is Bert, dataset is subj, undersample is None, aug mode is trans, geo is 0.7, pct_usage is None, small_label is 0, small_prop is 0.6, balance_seed is 0, lr is 2e-05, max_epochs is 4, split_num is 3
Training epoch 0 | loss: 0.26751 - accuracy: 0.89233
Validating epoch 0 | loss: 0.15627 - accuracy: 0.944
Training epoch 1 | loss: 0.09167 - accuracy: 0.97044
Validating epoch 1 | loss: 0.13364 - accuracy: 0.954
Training epoch 2 | loss: 0.05205 - accuracy: 0.98389
Validating epoch 2 | loss: 0.14423 - accuracy: 0.955
Training epoch 3 | loss: 0.03159 - accuracy: 0.99089
Validating epoch 3 | loss: 0.15449 - accuracy: 0.957
Model is Bert, dataset is subj, undersample is None, aug mode is trans, geo is 0.9, pct_usage is None, small_label is 0, small_prop is 0.6, balance_seed is 0, lr is 2e-05, max_epochs is 4, split_num is 3
Training epoch 0 | loss: 0.25733 - accuracy: 0.89822
Validating epoch 0 | loss: 0.16973 - accuracy: 0.929
Training epoch 1 | loss: 0.07029 - accuracy: 0.97811
Validating epoch 1 | loss: 0.17003 - accuracy: 0.947
Training epoch 2 | loss: 0.03845 - accuracy: 0.98933
Validating epoch 2 | loss: 0.13696 - accuracy: 0.954
Training epoch 3 | loss: 0.02362 - accuracy: 0.99411
Validating epoch 3 | loss: 0.14333 - accuracy: 0.955
Model is Bert, dataset is subj, undersample is False, aug mode is None, geo is None, pct_usage is None, small_label is 1, small_prop is 0.6, balance_seed is 0, lr is 2e-05, max_epochs is 4, split_num is 3
Training epoch 0 | loss: 0.26096 - accuracy: 0.88833
Validating epoch 0 | loss: 0.14331 - accuracy: 0.947
Training epoch 1 | loss: 0.05587 - accuracy: 0.98222
Validating epoch 1 | loss: 0.16514 - accuracy: 0.957
Training epoch 2 | loss: 0.0204 - accuracy: 0.99544
Validating epoch 2 | loss: 0.17785 - accuracy: 0.956
Training epoch 3 | loss: 0.00779 - accuracy: 0.99856
Validating epoch 3 | loss: 0.19105 - accuracy: 0.96
Model is Bert, dataset is subj, undersample is True, aug mode is None, geo is None, pct_usage is None, small_label is 1, small_prop is 0.6, balance_seed is 0, lr is 2e-05, max_epochs is 4, split_num is 3
Training epoch 0 | loss: 0.24833 - accuracy: 0.896
Validating epoch 0 | loss: 0.12395 - accuracy: 0.955
Training epoch 1 | loss: 0.04328 - accuracy: 0.98711
Validating epoch 1 | loss: 0.14335 - accuracy: 0.962
Training epoch 2 | loss: 0.01131 - accuracy: 0.99744
Validating epoch 2 | loss: 0.19015 - accuracy: 0.953
Training epoch 3 | loss: 0.00567 - accuracy: 0.99878
Validating epoch 3 | loss: 0.18038 - accuracy: 0.953
Model is Bert, dataset is subj, undersample is None, aug mode is trans, geo is 0.1, pct_usage is None, small_label is 1, small_prop is 0.6, balance_seed is 0, lr is 2e-05, max_epochs is 4, split_num is 3
Training epoch 0 | loss: 0.25278 - accuracy: 0.89444
Validating epoch 0 | loss: 0.14915 - accuracy: 0.945
Training epoch 1 | loss: 0.08604 - accuracy: 0.97078
Validating epoch 1 | loss: 0.14387 - accuracy: 0.947
Training epoch 2 | loss: 0.05081 - accuracy: 0.983
Validating epoch 2 | loss: 0.17215 - accuracy: 0.944
Training epoch 3 | loss: 0.02941 - accuracy: 0.99111
Validating epoch 3 | loss: 0.16855 - accuracy: 0.948
Model is Bert, dataset is subj, undersample is None, aug mode is trans, geo is 0.3, pct_usage is None, small_label is 1, small_prop is 0.6, balance_seed is 0, lr is 2e-05, max_epochs is 4, split_num is 3
Training epoch 0 | loss: 0.26331 - accuracy: 0.88833
Validating epoch 0 | loss: 0.12517 - accuracy: 0.955
Training epoch 1 | loss: 0.08208 - accuracy: 0.97289
Validating epoch 1 | loss: 0.11749 - accuracy: 0.959
Training epoch 2 | loss: 0.03949 - accuracy: 0.987
Validating epoch 2 | loss: 0.13183 - accuracy: 0.96
Training epoch 3 | loss: 0.02126 - accuracy: 0.99378
Validating epoch 3 | loss: 0.15061 - accuracy: 0.95
Model is Bert, dataset is subj, undersample is None, aug mode is trans, geo is 0.5, pct_usage is None, small_label is 1, small_prop is 0.6, balance_seed is 0, lr is 2e-05, max_epochs is 4, split_num is 3
Training epoch 0 | loss: 0.2431 - accuracy: 0.906
Validating epoch 0 | loss: 0.14141 - accuracy: 0.947
Training epoch 1 | loss: 0.07589 - accuracy: 0.97678
Validating epoch 1 | loss: 0.12407 - accuracy: 0.957
Training epoch 2 | loss: 0.03759 - accuracy: 0.989
Validating epoch 2 | loss: 0.15283 - accuracy: 0.956
Training epoch 3 | loss: 0.02263 - accuracy: 0.99378
Validating epoch 3 | loss: 0.16467 - accuracy: 0.955
Model is Bert, dataset is subj, undersample is None, aug mode is trans, geo is 0.7, pct_usage is None, small_label is 1, small_prop is 0.6, balance_seed is 0, lr is 2e-05, max_epochs is 4, split_num is 3
Training epoch 0 | loss: 0.26552 - accuracy: 0.88756
Validating epoch 0 | loss: 0.13323 - accuracy: 0.95
Training epoch 1 | loss: 0.07226 - accuracy: 0.97767
Validating epoch 1 | loss: 0.13897 - accuracy: 0.953
Training epoch 2 | loss: 0.03322 - accuracy: 0.99056
Validating epoch 2 | loss: 0.16669 - accuracy: 0.95
Training epoch 3 | loss: 0.01765 - accuracy: 0.99522
Validating epoch 3 | loss: 0.169 - accuracy: 0.954
Model is Bert, dataset is subj, undersample is None, aug mode is trans, geo is 0.9, pct_usage is None, small_label is 1, small_prop is 0.6, balance_seed is 0, lr is 2e-05, max_epochs is 4, split_num is 3
Training epoch 0 | loss: 0.24874 - accuracy: 0.89689
Validating epoch 0 | loss: 0.13859 - accuracy: 0.952
Training epoch 1 | loss: 0.07135 - accuracy: 0.97711
Validating epoch 1 | loss: 0.13493 - accuracy: 0.954
Training epoch 2 | loss: 0.03008 - accuracy: 0.99111
Validating epoch 2 | loss: 0.16906 - accuracy: 0.947
Training epoch 3 | loss: 0.01804 - accuracy: 0.99556
Validating epoch 3 | loss: 0.15627 - accuracy: 0.961
Model is Bert, dataset is subj, undersample is False, aug mode is None, geo is None, pct_usage is None, small_label is 0, small_prop is 0.8, balance_seed is 0, lr is 2e-05, max_epochs is 4, split_num is 3
Training epoch 0 | loss: 0.25212 - accuracy: 0.89522
Validating epoch 0 | loss: 0.13541 - accuracy: 0.949
Training epoch 1 | loss: 0.06609 - accuracy: 0.981
Validating epoch 1 | loss: 0.13389 - accuracy: 0.956
Training epoch 2 | loss: 0.02612 - accuracy: 0.99311
Validating epoch 2 | loss: 0.1668 - accuracy: 0.954
Training epoch 3 | loss: 0.01218 - accuracy: 0.99722
Validating epoch 3 | loss: 0.17279 - accuracy: 0.959
Model is Bert, dataset is subj, undersample is True, aug mode is None, geo is None, pct_usage is None, small_label is 0, small_prop is 0.8, balance_seed is 0, lr is 2e-05, max_epochs is 4, split_num is 3
Training epoch 0 | loss: 0.24232 - accuracy: 0.902
Validating epoch 0 | loss: 0.12269 - accuracy: 0.956
Training epoch 1 | loss: 0.06214 - accuracy: 0.98067
Validating epoch 1 | loss: 0.14179 - accuracy: 0.959
Training epoch 2 | loss: 0.02115 - accuracy: 0.99478
Validating epoch 2 | loss: 0.15765 - accuracy: 0.947
Training epoch 3 | loss: 0.00811 - accuracy: 0.99856
Validating epoch 3 | loss: 0.15707 - accuracy: 0.956
Model is Bert, dataset is subj, undersample is None, aug mode is trans, geo is 0.1, pct_usage is None, small_label is 0, small_prop is 0.8, balance_seed is 0, lr is 2e-05, max_epochs is 4, split_num is 3
Training epoch 0 | loss: 0.29744 - accuracy: 0.871
Validating epoch 0 | loss: 0.15164 - accuracy: 0.94
Training epoch 1 | loss: 0.11981 - accuracy: 0.95856
Validating epoch 1 | loss: 0.14649 - accuracy: 0.943
Training epoch 2 | loss: 0.06386 - accuracy: 0.97967
Validating epoch 2 | loss: 0.16638 - accuracy: 0.95
Training epoch 3 | loss: 0.04032 - accuracy: 0.98833
Validating epoch 3 | loss: 0.17497 - accuracy: 0.95
Model is Bert, dataset is subj, undersample is None, aug mode is trans, geo is 0.3, pct_usage is None, small_label is 0, small_prop is 0.8, balance_seed is 0, lr is 2e-05, max_epochs is 4, split_num is 3
Training epoch 0 | loss: 0.29491 - accuracy: 0.86989
Validating epoch 0 | loss: 0.15563 - accuracy: 0.937
Training epoch 1 | loss: 0.11588 - accuracy: 0.95911
Validating epoch 1 | loss: 0.13817 - accuracy: 0.953
Training epoch 2 | loss: 0.06343 - accuracy: 0.97822
Validating epoch 2 | loss: 0.14776 - accuracy: 0.957
Training epoch 3 | loss: 0.0373 - accuracy: 0.98844
Validating epoch 3 | loss: 0.17003 - accuracy: 0.951
Model is Bert, dataset is subj, undersample is None, aug mode is trans, geo is 0.5, pct_usage is None, small_label is 0, small_prop is 0.8, balance_seed is 0, lr is 2e-05, max_epochs is 4, split_num is 3
Training epoch 0 | loss: 0.26974 - accuracy: 0.89156
Validating epoch 0 | loss: 0.13265 - accuracy: 0.952
Training epoch 1 | loss: 0.10169 - accuracy: 0.96533
Validating epoch 1 | loss: 0.16274 - accuracy: 0.95
Training epoch 2 | loss: 0.05466 - accuracy: 0.98211
Validating epoch 2 | loss: 0.15381 - accuracy: 0.954
Training epoch 3 | loss: 0.03314 - accuracy: 0.99056
Validating epoch 3 | loss: 0.15778 - accuracy: 0.952
Model is Bert, dataset is subj, undersample is None, aug mode is trans, geo is 0.7, pct_usage is None, small_label is 0, small_prop is 0.8, balance_seed is 0, lr is 2e-05, max_epochs is 4, split_num is 3
Training epoch 0 | loss: 0.29366 - accuracy: 0.87367
Validating epoch 0 | loss: 0.13732 - accuracy: 0.953
Training epoch 1 | loss: 0.114 - accuracy: 0.961
Validating epoch 1 | loss: 0.12982 - accuracy: 0.953
Training epoch 2 | loss: 0.0705 - accuracy: 0.97533
Validating epoch 2 | loss: 0.13386 - accuracy: 0.956
Training epoch 3 | loss: 0.04636 - accuracy: 0.98433
Validating epoch 3 | loss: 0.13439 - accuracy: 0.959
Model is Bert, dataset is subj, undersample is None, aug mode is trans, geo is 0.9, pct_usage is None, small_label is 0, small_prop is 0.8, balance_seed is 0, lr is 2e-05, max_epochs is 4, split_num is 3
Training epoch 0 | loss: 0.26332 - accuracy: 0.88656
Validating epoch 0 | loss: 0.14284 - accuracy: 0.946
Training epoch 1 | loss: 0.07945 - accuracy: 0.97433
Validating epoch 1 | loss: 0.12276 - accuracy: 0.965
Training epoch 2 | loss: 0.03951 - accuracy: 0.98756
Validating epoch 2 | loss: 0.13853 - accuracy: 0.957
Training epoch 3 | loss: 0.01923 - accuracy: 0.99444
Validating epoch 3 | loss: 0.13782 - accuracy: 0.961
Model is Bert, dataset is subj, undersample is False, aug mode is None, geo is None, pct_usage is None, small_label is 1, small_prop is 0.8, balance_seed is 0, lr is 2e-05, max_epochs is 4, split_num is 3
Training epoch 0 | loss: 0.25989 - accuracy: 0.90111
Validating epoch 0 | loss: 0.1784 - accuracy: 0.933
Training epoch 1 | loss: 0.06373 - accuracy: 0.98056
Validating epoch 1 | loss: 0.12662 - accuracy: 0.957
Training epoch 2 | loss: 0.02239 - accuracy: 0.99344
Validating epoch 2 | loss: 0.1385 - accuracy: 0.961
Training epoch 3 | loss: 0.00912 - accuracy: 0.99844
Validating epoch 3 | loss: 0.15367 - accuracy: 0.959
Model is Bert, dataset is subj, undersample is True, aug mode is None, geo is None, pct_usage is None, small_label is 1, small_prop is 0.8, balance_seed is 0, lr is 2e-05, max_epochs is 4, split_num is 3
Training epoch 0 | loss: 0.26299 - accuracy: 0.88689
Validating epoch 0 | loss: 0.15982 - accuracy: 0.94
Training epoch 1 | loss: 0.06985 - accuracy: 0.97844
Validating epoch 1 | loss: 0.14446 - accuracy: 0.953
Training epoch 2 | loss: 0.029 - accuracy: 0.992
Validating epoch 2 | loss: 0.17149 - accuracy: 0.945
Training epoch 3 | loss: 0.01327 - accuracy: 0.99789
Validating epoch 3 | loss: 0.1769 - accuracy: 0.95
Model is Bert, dataset is subj, undersample is None, aug mode is trans, geo is 0.1, pct_usage is None, small_label is 1, small_prop is 0.8, balance_seed is 0, lr is 2e-05, max_epochs is 4, split_num is 3
Training epoch 0 | loss: 0.2697 - accuracy: 0.87656
Validating epoch 0 | loss: 0.13706 - accuracy: 0.942
Training epoch 1 | loss: 0.08546 - accuracy: 0.971
Validating epoch 1 | loss: 0.13666 - accuracy: 0.954
Training epoch 2 | loss: 0.04477 - accuracy: 0.98522
Validating epoch 2 | loss: 0.14188 - accuracy: 0.956
Training epoch 3 | loss: 0.02548 - accuracy: 0.99189
Validating epoch 3 | loss: 0.1719 - accuracy: 0.951
Model is Bert, dataset is subj, undersample is None, aug mode is trans, geo is 0.3, pct_usage is None, small_label is 1, small_prop is 0.8, balance_seed is 0, lr is 2e-05, max_epochs is 4, split_num is 3
Training epoch 0 | loss: 0.272 - accuracy: 0.887
Validating epoch 0 | loss: 0.13155 - accuracy: 0.947
Training epoch 1 | loss: 0.08936 - accuracy: 0.97
Validating epoch 1 | loss: 0.17777 - accuracy: 0.937
Training epoch 2 | loss: 0.05032 - accuracy: 0.98444
Validating epoch 2 | loss: 0.17009 - accuracy: 0.94
Training epoch 3 | loss: 0.02603 - accuracy: 0.99278
Validating epoch 3 | loss: 0.1804 - accuracy: 0.942
Model is Bert, dataset is subj, undersample is None, aug mode is trans, geo is 0.5, pct_usage is None, small_label is 1, small_prop is 0.8, balance_seed is 0, lr is 2e-05, max_epochs is 4, split_num is 3
Training epoch 0 | loss: 0.27252 - accuracy: 0.87933
Validating epoch 0 | loss: 0.15115 - accuracy: 0.947
Training epoch 1 | loss: 0.08441 - accuracy: 0.97156
Validating epoch 1 | loss: 0.1412 - accuracy: 0.958
Training epoch 2 | loss: 0.04435 - accuracy: 0.98811
Validating epoch 2 | loss: 0.15301 - accuracy: 0.951
Training epoch 3 | loss: 0.02699 - accuracy: 0.99256
Validating epoch 3 | loss: 0.17184 - accuracy: 0.952
Model is Bert, dataset is subj, undersample is None, aug mode is trans, geo is 0.7, pct_usage is None, small_label is 1, small_prop is 0.8, balance_seed is 0, lr is 2e-05, max_epochs is 4, split_num is 3
Training epoch 0 | loss: 0.26295 - accuracy: 0.88022
Validating epoch 0 | loss: 0.12984 - accuracy: 0.954
Training epoch 1 | loss: 0.07529 - accuracy: 0.97478
Validating epoch 1 | loss: 0.13569 - accuracy: 0.952
Training epoch 2 | loss: 0.03365 - accuracy: 0.99022
Validating epoch 2 | loss: 0.16311 - accuracy: 0.95
Training epoch 3 | loss: 0.02236 - accuracy: 0.99433
Validating epoch 3 | loss: 0.15308 - accuracy: 0.958
Model is Bert, dataset is subj, undersample is None, aug mode is trans, geo is 0.9, pct_usage is None, small_label is 1, small_prop is 0.8, balance_seed is 0, lr is 2e-05, max_epochs is 4, split_num is 3
Training epoch 0 | loss: 0.25942 - accuracy: 0.88822
Validating epoch 0 | loss: 0.13116 - accuracy: 0.956
Training epoch 1 | loss: 0.06778 - accuracy: 0.97856
Validating epoch 1 | loss: 0.13877 - accuracy: 0.955
Training epoch 2 | loss: 0.02885 - accuracy: 0.99122
Validating epoch 2 | loss: 0.15753 - accuracy: 0.957
Training epoch 3 | loss: 0.01346 - accuracy: 0.99667
Validating epoch 3 | loss: 0.17262 - accuracy: 0.953
