Model is Bert, dataset is subj, undersample is False, aug mode is None, geo is None, pct_usage is None, small_label is 0, small_prop is 0.2, balance_seed is 2, lr is 2e-05, max_epochs is 4, split_num is 7
Training epoch 0 | loss: 0.24012 - accuracy: 0.89022
Validating epoch 0 | loss: 0.22854 - accuracy: 0.94
Training epoch 1 | loss: 0.02927 - accuracy: 0.99211
Validating epoch 1 | loss: 0.41897 - accuracy: 0.904
Training epoch 2 | loss: 0.01125 - accuracy: 0.99722
Validating epoch 2 | loss: 0.29855 - accuracy: 0.938
Training epoch 3 | loss: 0.00373 - accuracy: 0.99922
Validating epoch 3 | loss: 0.3867 - accuracy: 0.921
Model is Bert, dataset is subj, undersample is True, aug mode is None, geo is None, pct_usage is None, small_label is 0, small_prop is 0.2, balance_seed is 2, lr is 2e-05, max_epochs is 4, split_num is 7
Training epoch 0 | loss: 0.20498 - accuracy: 0.91533
Validating epoch 0 | loss: 0.22601 - accuracy: 0.93
Training epoch 1 | loss: 0.006 - accuracy: 0.99944
Validating epoch 1 | loss: 0.30806 - accuracy: 0.945
Training epoch 2 | loss: 0.00295 - accuracy: 0.99944
Validating epoch 2 | loss: 0.36703 - accuracy: 0.932
Training epoch 3 | loss: 0.00086 - accuracy: 1.0
Validating epoch 3 | loss: 0.34333 - accuracy: 0.946
Model is Bert, dataset is subj, undersample is None, aug mode is trans, geo is 0.1, pct_usage is None, small_label is 0, small_prop is 0.2, balance_seed is 2, lr is 2e-05, max_epochs is 4, split_num is 7
Training epoch 0 | loss: 0.30711 - accuracy: 0.857
Validating epoch 0 | loss: 0.16488 - accuracy: 0.938
Training epoch 1 | loss: 0.10708 - accuracy: 0.96167
Validating epoch 1 | loss: 0.1496 - accuracy: 0.957
Training epoch 2 | loss: 0.05589 - accuracy: 0.98278
Validating epoch 2 | loss: 0.15637 - accuracy: 0.959
Training epoch 3 | loss: 0.03068 - accuracy: 0.99011
Validating epoch 3 | loss: 0.15713 - accuracy: 0.956
Model is Bert, dataset is subj, undersample is None, aug mode is trans, geo is 0.3, pct_usage is None, small_label is 0, small_prop is 0.2, balance_seed is 2, lr is 2e-05, max_epochs is 4, split_num is 7
Training epoch 0 | loss: 0.27717 - accuracy: 0.88078
Validating epoch 0 | loss: 0.1654 - accuracy: 0.947
Training epoch 1 | loss: 0.09289 - accuracy: 0.96756
Validating epoch 1 | loss: 0.20259 - accuracy: 0.935
Training epoch 2 | loss: 0.05027 - accuracy: 0.985
Validating epoch 2 | loss: 0.15494 - accuracy: 0.954
Training epoch 3 | loss: 0.02849 - accuracy: 0.99089
Validating epoch 3 | loss: 0.17756 - accuracy: 0.949
Model is Bert, dataset is subj, undersample is None, aug mode is trans, geo is 0.5, pct_usage is None, small_label is 0, small_prop is 0.2, balance_seed is 2, lr is 2e-05, max_epochs is 4, split_num is 7
Training epoch 0 | loss: 0.26663 - accuracy: 0.88711
Validating epoch 0 | loss: 0.15087 - accuracy: 0.956
Training epoch 1 | loss: 0.07494 - accuracy: 0.97556
Validating epoch 1 | loss: 0.18989 - accuracy: 0.943
Training epoch 2 | loss: 0.04175 - accuracy: 0.98722
Validating epoch 2 | loss: 0.16008 - accuracy: 0.959
Training epoch 3 | loss: 0.0284 - accuracy: 0.99167
Validating epoch 3 | loss: 0.16335 - accuracy: 0.955
Model is Bert, dataset is subj, undersample is None, aug mode is trans, geo is 0.7, pct_usage is None, small_label is 0, small_prop is 0.2, balance_seed is 2, lr is 2e-05, max_epochs is 4, split_num is 7
Training epoch 0 | loss: 0.26187 - accuracy: 0.88522
Validating epoch 0 | loss: 0.16597 - accuracy: 0.943
Training epoch 1 | loss: 0.07214 - accuracy: 0.97789
Validating epoch 1 | loss: 0.19934 - accuracy: 0.934
Training epoch 2 | loss: 0.04222 - accuracy: 0.98656
Validating epoch 2 | loss: 0.20016 - accuracy: 0.946
Training epoch 3 | loss: 0.02415 - accuracy: 0.99356
Validating epoch 3 | loss: 0.18016 - accuracy: 0.948
Model is Bert, dataset is subj, undersample is None, aug mode is trans, geo is 0.9, pct_usage is None, small_label is 0, small_prop is 0.2, balance_seed is 2, lr is 2e-05, max_epochs is 4, split_num is 7
Training epoch 0 | loss: 0.23017 - accuracy: 0.90711
Validating epoch 0 | loss: 0.17196 - accuracy: 0.947
Training epoch 1 | loss: 0.05681 - accuracy: 0.98267
Validating epoch 1 | loss: 0.22115 - accuracy: 0.944
Training epoch 2 | loss: 0.02859 - accuracy: 0.992
Validating epoch 2 | loss: 0.23038 - accuracy: 0.938
Training epoch 3 | loss: 0.02114 - accuracy: 0.99389
Validating epoch 3 | loss: 0.21217 - accuracy: 0.942
Model is Bert, dataset is subj, undersample is False, aug mode is None, geo is None, pct_usage is None, small_label is 1, small_prop is 0.2, balance_seed is 2, lr is 2e-05, max_epochs is 4, split_num is 7
Training epoch 0 | loss: 0.2367 - accuracy: 0.89422
Validating epoch 0 | loss: 0.2647 - accuracy: 0.925
Training epoch 1 | loss: 0.026 - accuracy: 0.99267
Validating epoch 1 | loss: 0.23257 - accuracy: 0.945
Training epoch 2 | loss: 0.00483 - accuracy: 0.999
Validating epoch 2 | loss: 0.36161 - accuracy: 0.933
Training epoch 3 | loss: 0.00248 - accuracy: 0.99944
Validating epoch 3 | loss: 0.3375 - accuracy: 0.937
Model is Bert, dataset is subj, undersample is True, aug mode is None, geo is None, pct_usage is None, small_label is 1, small_prop is 0.2, balance_seed is 2, lr is 2e-05, max_epochs is 4, split_num is 7
Training epoch 0 | loss: 0.21971 - accuracy: 0.90633
Validating epoch 0 | loss: 0.19446 - accuracy: 0.945
Training epoch 1 | loss: 0.013 - accuracy: 0.99789
Validating epoch 1 | loss: 0.24502 - accuracy: 0.947
Training epoch 2 | loss: 0.00242 - accuracy: 0.99956
Validating epoch 2 | loss: 0.27742 - accuracy: 0.948
Training epoch 3 | loss: 0.0007 - accuracy: 1.0
Validating epoch 3 | loss: 0.28696 - accuracy: 0.947
Model is Bert, dataset is subj, undersample is None, aug mode is trans, geo is 0.1, pct_usage is None, small_label is 1, small_prop is 0.2, balance_seed is 2, lr is 2e-05, max_epochs is 4, split_num is 7
Training epoch 0 | loss: 0.24753 - accuracy: 0.89422
Validating epoch 0 | loss: 0.15776 - accuracy: 0.951
Training epoch 1 | loss: 0.06086 - accuracy: 0.98011
Validating epoch 1 | loss: 0.17716 - accuracy: 0.95
Training epoch 2 | loss: 0.02362 - accuracy: 0.99311
Validating epoch 2 | loss: 0.18423 - accuracy: 0.957
Training epoch 3 | loss: 0.01324 - accuracy: 0.99644
Validating epoch 3 | loss: 0.21351 - accuracy: 0.951
Model is Bert, dataset is subj, undersample is None, aug mode is trans, geo is 0.3, pct_usage is None, small_label is 1, small_prop is 0.2, balance_seed is 2, lr is 2e-05, max_epochs is 4, split_num is 7
Training epoch 0 | loss: 0.24489 - accuracy: 0.89922
Validating epoch 0 | loss: 0.19027 - accuracy: 0.934
Training epoch 1 | loss: 0.0643 - accuracy: 0.97933
Validating epoch 1 | loss: 0.16792 - accuracy: 0.952
Training epoch 2 | loss: 0.0269 - accuracy: 0.99133
Validating epoch 2 | loss: 0.18793 - accuracy: 0.953
Training epoch 3 | loss: 0.0133 - accuracy: 0.99633
Validating epoch 3 | loss: 0.21056 - accuracy: 0.952
Model is Bert, dataset is subj, undersample is None, aug mode is trans, geo is 0.5, pct_usage is None, small_label is 1, small_prop is 0.2, balance_seed is 2, lr is 2e-05, max_epochs is 4, split_num is 7
Training epoch 0 | loss: 0.24566 - accuracy: 0.90256
Validating epoch 0 | loss: 0.14548 - accuracy: 0.95
Training epoch 1 | loss: 0.04654 - accuracy: 0.98544
Validating epoch 1 | loss: 0.18223 - accuracy: 0.952
Training epoch 2 | loss: 0.02014 - accuracy: 0.99378
Validating epoch 2 | loss: 0.18792 - accuracy: 0.956
Training epoch 3 | loss: 0.01118 - accuracy: 0.99733
Validating epoch 3 | loss: 0.19467 - accuracy: 0.958
Model is Bert, dataset is subj, undersample is None, aug mode is trans, geo is 0.7, pct_usage is None, small_label is 1, small_prop is 0.2, balance_seed is 2, lr is 2e-05, max_epochs is 4, split_num is 7
Training epoch 0 | loss: 0.23485 - accuracy: 0.90133
Validating epoch 0 | loss: 0.16214 - accuracy: 0.949
Training epoch 1 | loss: 0.04639 - accuracy: 0.98656
Validating epoch 1 | loss: 0.19415 - accuracy: 0.949
Training epoch 2 | loss: 0.02393 - accuracy: 0.99333
Validating epoch 2 | loss: 0.21403 - accuracy: 0.948
Training epoch 3 | loss: 0.01284 - accuracy: 0.99678
Validating epoch 3 | loss: 0.19626 - accuracy: 0.957
Model is Bert, dataset is subj, undersample is None, aug mode is trans, geo is 0.9, pct_usage is None, small_label is 1, small_prop is 0.2, balance_seed is 2, lr is 2e-05, max_epochs is 4, split_num is 7
Training epoch 0 | loss: 0.22524 - accuracy: 0.911
Validating epoch 0 | loss: 0.1834 - accuracy: 0.946
Training epoch 1 | loss: 0.0374 - accuracy: 0.99067
Validating epoch 1 | loss: 0.23279 - accuracy: 0.939
Training epoch 2 | loss: 0.01502 - accuracy: 0.99589
Validating epoch 2 | loss: 0.20389 - accuracy: 0.954
Training epoch 3 | loss: 0.01162 - accuracy: 0.99756
Validating epoch 3 | loss: 0.19984 - accuracy: 0.96
Model is Bert, dataset is subj, undersample is False, aug mode is None, geo is None, pct_usage is None, small_label is 0, small_prop is 0.4, balance_seed is 2, lr is 2e-05, max_epochs is 4, split_num is 7
Training epoch 0 | loss: 0.24016 - accuracy: 0.89567
Validating epoch 0 | loss: 0.14614 - accuracy: 0.956
Training epoch 1 | loss: 0.05548 - accuracy: 0.98378
Validating epoch 1 | loss: 0.14044 - accuracy: 0.961
Training epoch 2 | loss: 0.0168 - accuracy: 0.99644
Validating epoch 2 | loss: 0.19336 - accuracy: 0.953
Training epoch 3 | loss: 0.0077 - accuracy: 0.99856
Validating epoch 3 | loss: 0.20852 - accuracy: 0.952
Model is Bert, dataset is subj, undersample is True, aug mode is None, geo is None, pct_usage is None, small_label is 0, small_prop is 0.4, balance_seed is 2, lr is 2e-05, max_epochs is 4, split_num is 7
Training epoch 0 | loss: 0.24261 - accuracy: 0.89878
Validating epoch 0 | loss: 0.18964 - accuracy: 0.939
Training epoch 1 | loss: 0.03327 - accuracy: 0.99122
Validating epoch 1 | loss: 0.18426 - accuracy: 0.955
Training epoch 2 | loss: 0.00699 - accuracy: 0.99867
Validating epoch 2 | loss: 0.2069 - accuracy: 0.959
Training epoch 3 | loss: 0.00218 - accuracy: 0.99978
Validating epoch 3 | loss: 0.22462 - accuracy: 0.952
Model is Bert, dataset is subj, undersample is None, aug mode is trans, geo is 0.1, pct_usage is None, small_label is 0, small_prop is 0.4, balance_seed is 2, lr is 2e-05, max_epochs is 4, split_num is 7
Training epoch 0 | loss: 0.28765 - accuracy: 0.87444
Validating epoch 0 | loss: 0.13963 - accuracy: 0.955
Training epoch 1 | loss: 0.10843 - accuracy: 0.96456
Validating epoch 1 | loss: 0.14698 - accuracy: 0.946
Training epoch 2 | loss: 0.05783 - accuracy: 0.981
Validating epoch 2 | loss: 0.1481 - accuracy: 0.957
Training epoch 3 | loss: 0.03567 - accuracy: 0.99011
Validating epoch 3 | loss: 0.14924 - accuracy: 0.957
Model is Bert, dataset is subj, undersample is None, aug mode is trans, geo is 0.3, pct_usage is None, small_label is 0, small_prop is 0.4, balance_seed is 2, lr is 2e-05, max_epochs is 4, split_num is 7
Training epoch 0 | loss: 0.29309 - accuracy: 0.874
Validating epoch 0 | loss: 0.14418 - accuracy: 0.951
Training epoch 1 | loss: 0.10129 - accuracy: 0.965
Validating epoch 1 | loss: 0.1419 - accuracy: 0.953
Training epoch 2 | loss: 0.0612 - accuracy: 0.98044
Validating epoch 2 | loss: 0.13705 - accuracy: 0.957
Training epoch 3 | loss: 0.03688 - accuracy: 0.98967
Validating epoch 3 | loss: 0.15691 - accuracy: 0.961
Model is Bert, dataset is subj, undersample is None, aug mode is trans, geo is 0.5, pct_usage is None, small_label is 0, small_prop is 0.4, balance_seed is 2, lr is 2e-05, max_epochs is 4, split_num is 7
Training epoch 0 | loss: 0.2743 - accuracy: 0.88778
Validating epoch 0 | loss: 0.1393 - accuracy: 0.954
Training epoch 1 | loss: 0.09691 - accuracy: 0.96678
Validating epoch 1 | loss: 0.1315 - accuracy: 0.958
Training epoch 2 | loss: 0.05599 - accuracy: 0.98389
Validating epoch 2 | loss: 0.14867 - accuracy: 0.956
Training epoch 3 | loss: 0.03314 - accuracy: 0.99133
Validating epoch 3 | loss: 0.15875 - accuracy: 0.959
Model is Bert, dataset is subj, undersample is None, aug mode is trans, geo is 0.7, pct_usage is None, small_label is 0, small_prop is 0.4, balance_seed is 2, lr is 2e-05, max_epochs is 4, split_num is 7
Training epoch 0 | loss: 0.26992 - accuracy: 0.88311
Validating epoch 0 | loss: 0.13563 - accuracy: 0.96
Training epoch 1 | loss: 0.08594 - accuracy: 0.97222
Validating epoch 1 | loss: 0.13754 - accuracy: 0.954
Training epoch 2 | loss: 0.04585 - accuracy: 0.984
Validating epoch 2 | loss: 0.13179 - accuracy: 0.962
Training epoch 3 | loss: 0.02632 - accuracy: 0.99244
Validating epoch 3 | loss: 0.14378 - accuracy: 0.959
Model is Bert, dataset is subj, undersample is None, aug mode is trans, geo is 0.9, pct_usage is None, small_label is 0, small_prop is 0.4, balance_seed is 2, lr is 2e-05, max_epochs is 4, split_num is 7
Training epoch 0 | loss: 0.26147 - accuracy: 0.89878
Validating epoch 0 | loss: 0.14568 - accuracy: 0.958
Training epoch 1 | loss: 0.07147 - accuracy: 0.97733
Validating epoch 1 | loss: 0.14655 - accuracy: 0.957
Training epoch 2 | loss: 0.03181 - accuracy: 0.991
Validating epoch 2 | loss: 0.21038 - accuracy: 0.943
Training epoch 3 | loss: 0.02584 - accuracy: 0.99333
Validating epoch 3 | loss: 0.14438 - accuracy: 0.955
Model is Bert, dataset is subj, undersample is False, aug mode is None, geo is None, pct_usage is None, small_label is 1, small_prop is 0.4, balance_seed is 2, lr is 2e-05, max_epochs is 4, split_num is 7
Training epoch 0 | loss: 0.2471 - accuracy: 0.894
Validating epoch 0 | loss: 0.15165 - accuracy: 0.957
Training epoch 1 | loss: 0.04349 - accuracy: 0.98722
Validating epoch 1 | loss: 0.19557 - accuracy: 0.948
Training epoch 2 | loss: 0.01409 - accuracy: 0.99667
Validating epoch 2 | loss: 0.19445 - accuracy: 0.961
Training epoch 3 | loss: 0.00616 - accuracy: 0.99889
Validating epoch 3 | loss: 0.22098 - accuracy: 0.956
Model is Bert, dataset is subj, undersample is True, aug mode is None, geo is None, pct_usage is None, small_label is 1, small_prop is 0.4, balance_seed is 2, lr is 2e-05, max_epochs is 4, split_num is 7
Training epoch 0 | loss: 0.23562 - accuracy: 0.90233
Validating epoch 0 | loss: 0.24231 - accuracy: 0.928
Training epoch 1 | loss: 0.04566 - accuracy: 0.98867
Validating epoch 1 | loss: 0.20309 - accuracy: 0.945
Training epoch 2 | loss: 0.01563 - accuracy: 0.99667
Validating epoch 2 | loss: 0.22465 - accuracy: 0.949
Training epoch 3 | loss: 0.00666 - accuracy: 0.99889
Validating epoch 3 | loss: 0.23499 - accuracy: 0.949
Model is Bert, dataset is subj, undersample is None, aug mode is trans, geo is 0.1, pct_usage is None, small_label is 1, small_prop is 0.4, balance_seed is 2, lr is 2e-05, max_epochs is 4, split_num is 7
Training epoch 0 | loss: 0.26762 - accuracy: 0.882
Validating epoch 0 | loss: 0.15629 - accuracy: 0.954
Training epoch 1 | loss: 0.07969 - accuracy: 0.973
Validating epoch 1 | loss: 0.14872 - accuracy: 0.954
Training epoch 2 | loss: 0.04023 - accuracy: 0.98644
Validating epoch 2 | loss: 0.18238 - accuracy: 0.957
Training epoch 3 | loss: 0.0266 - accuracy: 0.99167
Validating epoch 3 | loss: 0.1817 - accuracy: 0.956
Model is Bert, dataset is subj, undersample is None, aug mode is trans, geo is 0.3, pct_usage is None, small_label is 1, small_prop is 0.4, balance_seed is 2, lr is 2e-05, max_epochs is 4, split_num is 7
Training epoch 0 | loss: 0.26292 - accuracy: 0.88611
Validating epoch 0 | loss: 0.15368 - accuracy: 0.952
Training epoch 1 | loss: 0.07294 - accuracy: 0.97489
Validating epoch 1 | loss: 0.14736 - accuracy: 0.957
Training epoch 2 | loss: 0.03186 - accuracy: 0.99044
Validating epoch 2 | loss: 0.1555 - accuracy: 0.959
Training epoch 3 | loss: 0.02273 - accuracy: 0.99322
Validating epoch 3 | loss: 0.15308 - accuracy: 0.968
Model is Bert, dataset is subj, undersample is None, aug mode is trans, geo is 0.5, pct_usage is None, small_label is 1, small_prop is 0.4, balance_seed is 2, lr is 2e-05, max_epochs is 4, split_num is 7
Training epoch 0 | loss: 0.26684 - accuracy: 0.88556
Validating epoch 0 | loss: 0.15439 - accuracy: 0.951
Training epoch 1 | loss: 0.07076 - accuracy: 0.97644
Validating epoch 1 | loss: 0.15599 - accuracy: 0.956
Training epoch 2 | loss: 0.03326 - accuracy: 0.99
Validating epoch 2 | loss: 0.16017 - accuracy: 0.966
Training epoch 3 | loss: 0.01912 - accuracy: 0.99544
Validating epoch 3 | loss: 0.16217 - accuracy: 0.961
Model is Bert, dataset is subj, undersample is None, aug mode is trans, geo is 0.7, pct_usage is None, small_label is 1, small_prop is 0.4, balance_seed is 2, lr is 2e-05, max_epochs is 4, split_num is 7
Training epoch 0 | loss: 0.24244 - accuracy: 0.89422
Validating epoch 0 | loss: 0.15173 - accuracy: 0.957
Training epoch 1 | loss: 0.05834 - accuracy: 0.98056
Validating epoch 1 | loss: 0.1644 - accuracy: 0.96
Training epoch 2 | loss: 0.02466 - accuracy: 0.993
Validating epoch 2 | loss: 0.20783 - accuracy: 0.949
Training epoch 3 | loss: 0.01536 - accuracy: 0.99656
Validating epoch 3 | loss: 0.18066 - accuracy: 0.96
Model is Bert, dataset is subj, undersample is None, aug mode is trans, geo is 0.9, pct_usage is None, small_label is 1, small_prop is 0.4, balance_seed is 2, lr is 2e-05, max_epochs is 4, split_num is 7
Training epoch 0 | loss: 0.25747 - accuracy: 0.88944
Validating epoch 0 | loss: 0.15882 - accuracy: 0.948
Training epoch 1 | loss: 0.0583 - accuracy: 0.98133
Validating epoch 1 | loss: 0.16954 - accuracy: 0.953
Training epoch 2 | loss: 0.02105 - accuracy: 0.994
Validating epoch 2 | loss: 0.19099 - accuracy: 0.955
Training epoch 3 | loss: 0.0128 - accuracy: 0.99722
Validating epoch 3 | loss: 0.19899 - accuracy: 0.957
Model is Bert, dataset is subj, undersample is False, aug mode is None, geo is None, pct_usage is None, small_label is 0, small_prop is 0.6, balance_seed is 2, lr is 2e-05, max_epochs is 4, split_num is 7
Training epoch 0 | loss: 0.27045 - accuracy: 0.881
Validating epoch 0 | loss: 0.13809 - accuracy: 0.958
Training epoch 1 | loss: 0.06123 - accuracy: 0.98122
Validating epoch 1 | loss: 0.12537 - accuracy: 0.967
Training epoch 2 | loss: 0.02195 - accuracy: 0.99411
Validating epoch 2 | loss: 0.1664 - accuracy: 0.964
Training epoch 3 | loss: 0.0082 - accuracy: 0.99844
Validating epoch 3 | loss: 0.19277 - accuracy: 0.956
Model is Bert, dataset is subj, undersample is True, aug mode is None, geo is None, pct_usage is None, small_label is 0, small_prop is 0.6, balance_seed is 2, lr is 2e-05, max_epochs is 4, split_num is 7
Training epoch 0 | loss: 0.25288 - accuracy: 0.89278
Validating epoch 0 | loss: 0.14779 - accuracy: 0.953
Training epoch 1 | loss: 0.05564 - accuracy: 0.98367
Validating epoch 1 | loss: 0.15291 - accuracy: 0.958
Training epoch 2 | loss: 0.02008 - accuracy: 0.99467
Validating epoch 2 | loss: 0.20329 - accuracy: 0.947
Training epoch 3 | loss: 0.00834 - accuracy: 0.99844
Validating epoch 3 | loss: 0.17773 - accuracy: 0.959
Model is Bert, dataset is subj, undersample is None, aug mode is trans, geo is 0.1, pct_usage is None, small_label is 0, small_prop is 0.6, balance_seed is 2, lr is 2e-05, max_epochs is 4, split_num is 7
Training epoch 0 | loss: 0.29963 - accuracy: 0.85944
Validating epoch 0 | loss: 0.17601 - accuracy: 0.944
Training epoch 1 | loss: 0.11419 - accuracy: 0.95956
Validating epoch 1 | loss: 0.13713 - accuracy: 0.952
Training epoch 2 | loss: 0.06297 - accuracy: 0.98
Validating epoch 2 | loss: 0.12828 - accuracy: 0.957
Training epoch 3 | loss: 0.03815 - accuracy: 0.98856
Validating epoch 3 | loss: 0.14464 - accuracy: 0.957
Model is Bert, dataset is subj, undersample is None, aug mode is trans, geo is 0.3, pct_usage is None, small_label is 0, small_prop is 0.6, balance_seed is 2, lr is 2e-05, max_epochs is 4, split_num is 7
Training epoch 0 | loss: 0.27576 - accuracy: 0.88578
Validating epoch 0 | loss: 0.13943 - accuracy: 0.957
Training epoch 1 | loss: 0.10666 - accuracy: 0.96344
Validating epoch 1 | loss: 0.12903 - accuracy: 0.952
Training epoch 2 | loss: 0.05632 - accuracy: 0.98244
Validating epoch 2 | loss: 0.13127 - accuracy: 0.959
Training epoch 3 | loss: 0.03292 - accuracy: 0.99011
Validating epoch 3 | loss: 0.1425 - accuracy: 0.957
Model is Bert, dataset is subj, undersample is None, aug mode is trans, geo is 0.5, pct_usage is None, small_label is 0, small_prop is 0.6, balance_seed is 2, lr is 2e-05, max_epochs is 4, split_num is 7
Training epoch 0 | loss: 0.27114 - accuracy: 0.89067
Validating epoch 0 | loss: 0.14111 - accuracy: 0.951
Training epoch 1 | loss: 0.09087 - accuracy: 0.97011
Validating epoch 1 | loss: 0.1167 - accuracy: 0.966
Training epoch 2 | loss: 0.04444 - accuracy: 0.98733
Validating epoch 2 | loss: 0.13531 - accuracy: 0.96
Training epoch 3 | loss: 0.02629 - accuracy: 0.99256
Validating epoch 3 | loss: 0.14229 - accuracy: 0.961
Model is Bert, dataset is subj, undersample is None, aug mode is trans, geo is 0.7, pct_usage is None, small_label is 0, small_prop is 0.6, balance_seed is 2, lr is 2e-05, max_epochs is 4, split_num is 7
Training epoch 0 | loss: 0.26558 - accuracy: 0.89189
Validating epoch 0 | loss: 0.14003 - accuracy: 0.957
Training epoch 1 | loss: 0.10056 - accuracy: 0.968
Validating epoch 1 | loss: 0.13325 - accuracy: 0.959
Training epoch 2 | loss: 0.05704 - accuracy: 0.98133
Validating epoch 2 | loss: 0.13084 - accuracy: 0.959
Training epoch 3 | loss: 0.03654 - accuracy: 0.989
Validating epoch 3 | loss: 0.136 - accuracy: 0.962
Model is Bert, dataset is subj, undersample is None, aug mode is trans, geo is 0.9, pct_usage is None, small_label is 0, small_prop is 0.6, balance_seed is 2, lr is 2e-05, max_epochs is 4, split_num is 7
Training epoch 0 | loss: 0.27242 - accuracy: 0.88111
Validating epoch 0 | loss: 0.14918 - accuracy: 0.953
Training epoch 1 | loss: 0.08437 - accuracy: 0.97122
Validating epoch 1 | loss: 0.14265 - accuracy: 0.957
Training epoch 2 | loss: 0.04032 - accuracy: 0.98933
Validating epoch 2 | loss: 0.17237 - accuracy: 0.948
Training epoch 3 | loss: 0.02552 - accuracy: 0.99389
Validating epoch 3 | loss: 0.15175 - accuracy: 0.964
Model is Bert, dataset is subj, undersample is False, aug mode is None, geo is None, pct_usage is None, small_label is 1, small_prop is 0.6, balance_seed is 2, lr is 2e-05, max_epochs is 4, split_num is 7
Training epoch 0 | loss: 0.268 - accuracy: 0.87811
Validating epoch 0 | loss: 0.16471 - accuracy: 0.952
Training epoch 1 | loss: 0.05049 - accuracy: 0.98511
Validating epoch 1 | loss: 0.14615 - accuracy: 0.959
Training epoch 2 | loss: 0.01465 - accuracy: 0.99578
Validating epoch 2 | loss: 0.18281 - accuracy: 0.955
Training epoch 3 | loss: 0.00491 - accuracy: 0.999
Validating epoch 3 | loss: 0.18171 - accuracy: 0.961
Model is Bert, dataset is subj, undersample is True, aug mode is None, geo is None, pct_usage is None, small_label is 1, small_prop is 0.6, balance_seed is 2, lr is 2e-05, max_epochs is 4, split_num is 7
Training epoch 0 | loss: 0.24526 - accuracy: 0.90289
Validating epoch 0 | loss: 0.16599 - accuracy: 0.948
Training epoch 1 | loss: 0.04589 - accuracy: 0.98711
Validating epoch 1 | loss: 0.17316 - accuracy: 0.962
Training epoch 2 | loss: 0.01238 - accuracy: 0.99756
Validating epoch 2 | loss: 0.18474 - accuracy: 0.961
Training epoch 3 | loss: 0.00637 - accuracy: 0.99867
Validating epoch 3 | loss: 0.18779 - accuracy: 0.964
Model is Bert, dataset is subj, undersample is None, aug mode is trans, geo is 0.1, pct_usage is None, small_label is 1, small_prop is 0.6, balance_seed is 2, lr is 2e-05, max_epochs is 4, split_num is 7
Training epoch 0 | loss: 0.26349 - accuracy: 0.89067
Validating epoch 0 | loss: 0.13935 - accuracy: 0.958
Training epoch 1 | loss: 0.08482 - accuracy: 0.97089
Validating epoch 1 | loss: 0.14924 - accuracy: 0.956
Training epoch 2 | loss: 0.04397 - accuracy: 0.98578
Validating epoch 2 | loss: 0.16641 - accuracy: 0.963
Training epoch 3 | loss: 0.02765 - accuracy: 0.99256
Validating epoch 3 | loss: 0.17791 - accuracy: 0.961
Model is Bert, dataset is subj, undersample is None, aug mode is trans, geo is 0.3, pct_usage is None, small_label is 1, small_prop is 0.6, balance_seed is 2, lr is 2e-05, max_epochs is 4, split_num is 7
Training epoch 0 | loss: 0.24746 - accuracy: 0.89944
Validating epoch 0 | loss: 0.16081 - accuracy: 0.947
Training epoch 1 | loss: 0.08026 - accuracy: 0.97156
Validating epoch 1 | loss: 0.14815 - accuracy: 0.957
Training epoch 2 | loss: 0.03669 - accuracy: 0.988
Validating epoch 2 | loss: 0.15738 - accuracy: 0.964
Training epoch 3 | loss: 0.02506 - accuracy: 0.99233
Validating epoch 3 | loss: 0.18256 - accuracy: 0.956
Model is Bert, dataset is subj, undersample is None, aug mode is trans, geo is 0.5, pct_usage is None, small_label is 1, small_prop is 0.6, balance_seed is 2, lr is 2e-05, max_epochs is 4, split_num is 7
Training epoch 0 | loss: 0.2468 - accuracy: 0.89822
Validating epoch 0 | loss: 0.13331 - accuracy: 0.956
Training epoch 1 | loss: 0.08048 - accuracy: 0.97178
Validating epoch 1 | loss: 0.13921 - accuracy: 0.959
Training epoch 2 | loss: 0.03284 - accuracy: 0.98989
Validating epoch 2 | loss: 0.15219 - accuracy: 0.956
Training epoch 3 | loss: 0.01968 - accuracy: 0.99522
Validating epoch 3 | loss: 0.16447 - accuracy: 0.959
Model is Bert, dataset is subj, undersample is None, aug mode is trans, geo is 0.7, pct_usage is None, small_label is 1, small_prop is 0.6, balance_seed is 2, lr is 2e-05, max_epochs is 4, split_num is 7
Training epoch 0 | loss: 0.27858 - accuracy: 0.87667
Validating epoch 0 | loss: 0.14729 - accuracy: 0.954
Training epoch 1 | loss: 0.06956 - accuracy: 0.97756
Validating epoch 1 | loss: 0.14918 - accuracy: 0.957
Training epoch 2 | loss: 0.03303 - accuracy: 0.99078
Validating epoch 2 | loss: 0.18831 - accuracy: 0.954
Training epoch 3 | loss: 0.02394 - accuracy: 0.99433
Validating epoch 3 | loss: 0.17075 - accuracy: 0.96
Model is Bert, dataset is subj, undersample is None, aug mode is trans, geo is 0.9, pct_usage is None, small_label is 1, small_prop is 0.6, balance_seed is 2, lr is 2e-05, max_epochs is 4, split_num is 7
Training epoch 0 | loss: 0.26227 - accuracy: 0.88256
Validating epoch 0 | loss: 0.14475 - accuracy: 0.955
Training epoch 1 | loss: 0.06839 - accuracy: 0.97922
Validating epoch 1 | loss: 0.14337 - accuracy: 0.953
Training epoch 2 | loss: 0.02848 - accuracy: 0.99178
Validating epoch 2 | loss: 0.16576 - accuracy: 0.959
Training epoch 3 | loss: 0.01777 - accuracy: 0.99511
Validating epoch 3 | loss: 0.16845 - accuracy: 0.959
Model is Bert, dataset is subj, undersample is False, aug mode is None, geo is None, pct_usage is None, small_label is 0, small_prop is 0.8, balance_seed is 2, lr is 2e-05, max_epochs is 4, split_num is 7
Training epoch 0 | loss: 0.24493 - accuracy: 0.89322
Validating epoch 0 | loss: 0.14851 - accuracy: 0.959
Training epoch 1 | loss: 0.0667 - accuracy: 0.98
Validating epoch 1 | loss: 0.1311 - accuracy: 0.96
Training epoch 2 | loss: 0.02263 - accuracy: 0.99378
Validating epoch 2 | loss: 0.15883 - accuracy: 0.958
Training epoch 3 | loss: 0.00933 - accuracy: 0.998
Validating epoch 3 | loss: 0.16768 - accuracy: 0.959
Model is Bert, dataset is subj, undersample is True, aug mode is None, geo is None, pct_usage is None, small_label is 0, small_prop is 0.8, balance_seed is 2, lr is 2e-05, max_epochs is 4, split_num is 7
Training epoch 0 | loss: 0.2537 - accuracy: 0.89167
Validating epoch 0 | loss: 0.15904 - accuracy: 0.952
Training epoch 1 | loss: 0.05831 - accuracy: 0.98156
Validating epoch 1 | loss: 0.15195 - accuracy: 0.965
Training epoch 2 | loss: 0.01986 - accuracy: 0.99467
Validating epoch 2 | loss: 0.17239 - accuracy: 0.962
Training epoch 3 | loss: 0.00717 - accuracy: 0.99822
Validating epoch 3 | loss: 0.1743 - accuracy: 0.968
Model is Bert, dataset is subj, undersample is None, aug mode is trans, geo is 0.1, pct_usage is None, small_label is 0, small_prop is 0.8, balance_seed is 2, lr is 2e-05, max_epochs is 4, split_num is 7
Training epoch 0 | loss: 0.29398 - accuracy: 0.87911
Validating epoch 0 | loss: 0.16019 - accuracy: 0.944
Training epoch 1 | loss: 0.11387 - accuracy: 0.95722
Validating epoch 1 | loss: 0.13941 - accuracy: 0.959
Training epoch 2 | loss: 0.06464 - accuracy: 0.98033
Validating epoch 2 | loss: 0.14394 - accuracy: 0.958
Training epoch 3 | loss: 0.03585 - accuracy: 0.98856
Validating epoch 3 | loss: 0.16193 - accuracy: 0.956
Model is Bert, dataset is subj, undersample is None, aug mode is trans, geo is 0.3, pct_usage is None, small_label is 0, small_prop is 0.8, balance_seed is 2, lr is 2e-05, max_epochs is 4, split_num is 7
Training epoch 0 | loss: 0.29318 - accuracy: 0.87322
Validating epoch 0 | loss: 0.13154 - accuracy: 0.955
Training epoch 1 | loss: 0.11168 - accuracy: 0.96422
Validating epoch 1 | loss: 0.11755 - accuracy: 0.958
Training epoch 2 | loss: 0.06621 - accuracy: 0.979
Validating epoch 2 | loss: 0.12483 - accuracy: 0.96
Training epoch 3 | loss: 0.03991 - accuracy: 0.98867
Validating epoch 3 | loss: 0.12587 - accuracy: 0.96
Model is Bert, dataset is subj, undersample is None, aug mode is trans, geo is 0.5, pct_usage is None, small_label is 0, small_prop is 0.8, balance_seed is 2, lr is 2e-05, max_epochs is 4, split_num is 7
Training epoch 0 | loss: 0.27729 - accuracy: 0.88433
Validating epoch 0 | loss: 0.13159 - accuracy: 0.953
Training epoch 1 | loss: 0.1021 - accuracy: 0.966
Validating epoch 1 | loss: 0.12176 - accuracy: 0.956
Training epoch 2 | loss: 0.0613 - accuracy: 0.98244
Validating epoch 2 | loss: 0.13024 - accuracy: 0.962
Training epoch 3 | loss: 0.03771 - accuracy: 0.99011
Validating epoch 3 | loss: 0.13934 - accuracy: 0.96
Model is Bert, dataset is subj, undersample is None, aug mode is trans, geo is 0.7, pct_usage is None, small_label is 0, small_prop is 0.8, balance_seed is 2, lr is 2e-05, max_epochs is 4, split_num is 7
Training epoch 0 | loss: 0.2692 - accuracy: 0.88922
Validating epoch 0 | loss: 0.16625 - accuracy: 0.937
Training epoch 1 | loss: 0.09727 - accuracy: 0.96856
Validating epoch 1 | loss: 0.12438 - accuracy: 0.963
Training epoch 2 | loss: 0.05582 - accuracy: 0.98356
Validating epoch 2 | loss: 0.1497 - accuracy: 0.957
Training epoch 3 | loss: 0.03313 - accuracy: 0.99022
Validating epoch 3 | loss: 0.15424 - accuracy: 0.959
Model is Bert, dataset is subj, undersample is None, aug mode is trans, geo is 0.9, pct_usage is None, small_label is 0, small_prop is 0.8, balance_seed is 2, lr is 2e-05, max_epochs is 4, split_num is 7
Training epoch 0 | loss: 0.26051 - accuracy: 0.89078
Validating epoch 0 | loss: 0.14232 - accuracy: 0.951
Training epoch 1 | loss: 0.07739 - accuracy: 0.97533
Validating epoch 1 | loss: 0.13256 - accuracy: 0.96
Training epoch 2 | loss: 0.04801 - accuracy: 0.98567
Validating epoch 2 | loss: 0.13754 - accuracy: 0.958
Training epoch 3 | loss: 0.02563 - accuracy: 0.99278
Validating epoch 3 | loss: 0.15287 - accuracy: 0.963
Model is Bert, dataset is subj, undersample is False, aug mode is None, geo is None, pct_usage is None, small_label is 1, small_prop is 0.8, balance_seed is 2, lr is 2e-05, max_epochs is 4, split_num is 7
Training epoch 0 | loss: 0.26543 - accuracy: 0.88711
Validating epoch 0 | loss: 0.14228 - accuracy: 0.959
Training epoch 1 | loss: 0.07799 - accuracy: 0.97511
Validating epoch 1 | loss: 0.1322 - accuracy: 0.962
Training epoch 2 | loss: 0.02944 - accuracy: 0.99089
Validating epoch 2 | loss: 0.16043 - accuracy: 0.965
Training epoch 3 | loss: 0.01159 - accuracy: 0.99789
Validating epoch 3 | loss: 0.16174 - accuracy: 0.965
Model is Bert, dataset is subj, undersample is True, aug mode is None, geo is None, pct_usage is None, small_label is 1, small_prop is 0.8, balance_seed is 2, lr is 2e-05, max_epochs is 4, split_num is 7
Training epoch 0 | loss: 0.24682 - accuracy: 0.90578
Validating epoch 0 | loss: 0.16455 - accuracy: 0.944
Training epoch 1 | loss: 0.05671 - accuracy: 0.983
Validating epoch 1 | loss: 0.17409 - accuracy: 0.955
Training epoch 2 | loss: 0.01914 - accuracy: 0.99456
Validating epoch 2 | loss: 0.15971 - accuracy: 0.963
Training epoch 3 | loss: 0.00684 - accuracy: 0.99856
Validating epoch 3 | loss: 0.17995 - accuracy: 0.962
Model is Bert, dataset is subj, undersample is None, aug mode is trans, geo is 0.1, pct_usage is None, small_label is 1, small_prop is 0.8, balance_seed is 2, lr is 2e-05, max_epochs is 4, split_num is 7
Training epoch 0 | loss: 0.25752 - accuracy: 0.89167
Validating epoch 0 | loss: 0.14697 - accuracy: 0.955
Training epoch 1 | loss: 0.08873 - accuracy: 0.96978
Validating epoch 1 | loss: 0.20021 - accuracy: 0.937
Training epoch 2 | loss: 0.04747 - accuracy: 0.98433
Validating epoch 2 | loss: 0.15829 - accuracy: 0.958
Training epoch 3 | loss: 0.03045 - accuracy: 0.99067
Validating epoch 3 | loss: 0.17792 - accuracy: 0.954
Model is Bert, dataset is subj, undersample is None, aug mode is trans, geo is 0.3, pct_usage is None, small_label is 1, small_prop is 0.8, balance_seed is 2, lr is 2e-05, max_epochs is 4, split_num is 7
Training epoch 0 | loss: 0.26589 - accuracy: 0.88367
Validating epoch 0 | loss: 0.15482 - accuracy: 0.954
Training epoch 1 | loss: 0.08519 - accuracy: 0.97078
Validating epoch 1 | loss: 0.12791 - accuracy: 0.959
Training epoch 2 | loss: 0.04165 - accuracy: 0.98578
Validating epoch 2 | loss: 0.16807 - accuracy: 0.959
Training epoch 3 | loss: 0.02221 - accuracy: 0.99333
Validating epoch 3 | loss: 0.16829 - accuracy: 0.962
Model is Bert, dataset is subj, undersample is None, aug mode is trans, geo is 0.5, pct_usage is None, small_label is 1, small_prop is 0.8, balance_seed is 2, lr is 2e-05, max_epochs is 4, split_num is 7
Training epoch 0 | loss: 0.2659 - accuracy: 0.88856
Validating epoch 0 | loss: 0.14997 - accuracy: 0.951
Training epoch 1 | loss: 0.08275 - accuracy: 0.97311
Validating epoch 1 | loss: 0.14498 - accuracy: 0.965
Training epoch 2 | loss: 0.04686 - accuracy: 0.986
Validating epoch 2 | loss: 0.15329 - accuracy: 0.963
Training epoch 3 | loss: 0.02777 - accuracy: 0.99278
Validating epoch 3 | loss: 0.16468 - accuracy: 0.963
Model is Bert, dataset is subj, undersample is None, aug mode is trans, geo is 0.7, pct_usage is None, small_label is 1, small_prop is 0.8, balance_seed is 2, lr is 2e-05, max_epochs is 4, split_num is 7
Training epoch 0 | loss: 0.2652 - accuracy: 0.887
Validating epoch 0 | loss: 0.15798 - accuracy: 0.951
Training epoch 1 | loss: 0.0839 - accuracy: 0.97111
Validating epoch 1 | loss: 0.15431 - accuracy: 0.961
Training epoch 2 | loss: 0.03869 - accuracy: 0.98833
Validating epoch 2 | loss: 0.16106 - accuracy: 0.959
Training epoch 3 | loss: 0.02272 - accuracy: 0.99322
Validating epoch 3 | loss: 0.16693 - accuracy: 0.958
Model is Bert, dataset is subj, undersample is None, aug mode is trans, geo is 0.9, pct_usage is None, small_label is 1, small_prop is 0.8, balance_seed is 2, lr is 2e-05, max_epochs is 4, split_num is 7
Training epoch 0 | loss: 0.25212 - accuracy: 0.89967
Validating epoch 0 | loss: 0.13466 - accuracy: 0.963
Training epoch 1 | loss: 0.07161 - accuracy: 0.97722
Validating epoch 1 | loss: 0.15455 - accuracy: 0.963
Training epoch 2 | loss: 0.03347 - accuracy: 0.99033
Validating epoch 2 | loss: 0.15134 - accuracy: 0.964
Training epoch 3 | loss: 0.01594 - accuracy: 0.99533
Validating epoch 3 | loss: 0.14905 - accuracy: 0.965
