Model is Bert, dataset is subj, undersample is False, aug mode is None, geo is None, pct_usage is None, small_label is 0, small_prop is 0.2, balance_seed is 2, lr is 2e-05, max_epochs is 4, split_num is 0
Training epoch 0 | loss: 0.22748 - accuracy: 0.91278
Validating epoch 0 | loss: 0.14454 - accuracy: 0.951
Training epoch 1 | loss: 0.03325 - accuracy: 0.99144
Validating epoch 1 | loss: 0.26101 - accuracy: 0.925
Training epoch 2 | loss: 0.00964 - accuracy: 0.99811
Validating epoch 2 | loss: 0.19844 - accuracy: 0.952
Training epoch 3 | loss: 0.00464 - accuracy: 0.99878
Validating epoch 3 | loss: 0.26856 - accuracy: 0.934
Model is Bert, dataset is subj, undersample is True, aug mode is None, geo is None, pct_usage is None, small_label is 0, small_prop is 0.2, balance_seed is 2, lr is 2e-05, max_epochs is 4, split_num is 0
Training epoch 0 | loss: 0.20514 - accuracy: 0.91389
Validating epoch 0 | loss: 0.14712 - accuracy: 0.959
Training epoch 1 | loss: 0.00886 - accuracy: 0.99822
Validating epoch 1 | loss: 0.21563 - accuracy: 0.95
Training epoch 2 | loss: 0.00157 - accuracy: 0.99978
Validating epoch 2 | loss: 0.26496 - accuracy: 0.951
Training epoch 3 | loss: 0.0006 - accuracy: 1.0
Validating epoch 3 | loss: 0.26586 - accuracy: 0.949
Model is Bert, dataset is subj, undersample is None, aug mode is trans, geo is 0.1, pct_usage is None, small_label is 0, small_prop is 0.2, balance_seed is 2, lr is 2e-05, max_epochs is 4, split_num is 0
Training epoch 0 | loss: 0.29949 - accuracy: 0.87533
Validating epoch 0 | loss: 0.13481 - accuracy: 0.944
Training epoch 1 | loss: 0.10291 - accuracy: 0.96844
Validating epoch 1 | loss: 0.13712 - accuracy: 0.947
Training epoch 2 | loss: 0.05166 - accuracy: 0.98511
Validating epoch 2 | loss: 0.13867 - accuracy: 0.95
Training epoch 3 | loss: 0.03092 - accuracy: 0.99178
Validating epoch 3 | loss: 0.15842 - accuracy: 0.951
Model is Bert, dataset is subj, undersample is None, aug mode is trans, geo is 0.3, pct_usage is None, small_label is 0, small_prop is 0.2, balance_seed is 2, lr is 2e-05, max_epochs is 4, split_num is 0
Training epoch 0 | loss: 0.26655 - accuracy: 0.89056
Validating epoch 0 | loss: 0.12165 - accuracy: 0.952
Training epoch 1 | loss: 0.08761 - accuracy: 0.971
Validating epoch 1 | loss: 0.10341 - accuracy: 0.96
Training epoch 2 | loss: 0.04493 - accuracy: 0.98544
Validating epoch 2 | loss: 0.1287 - accuracy: 0.952
Training epoch 3 | loss: 0.0227 - accuracy: 0.993
Validating epoch 3 | loss: 0.1514 - accuracy: 0.955
Model is Bert, dataset is subj, undersample is None, aug mode is trans, geo is 0.5, pct_usage is None, small_label is 0, small_prop is 0.2, balance_seed is 2, lr is 2e-05, max_epochs is 4, split_num is 0
Training epoch 0 | loss: 0.2586 - accuracy: 0.89033
Validating epoch 0 | loss: 0.16422 - accuracy: 0.941
Training epoch 1 | loss: 0.09066 - accuracy: 0.97133
Validating epoch 1 | loss: 0.1365 - accuracy: 0.947
Training epoch 2 | loss: 0.04248 - accuracy: 0.98722
Validating epoch 2 | loss: 0.14244 - accuracy: 0.95
Training epoch 3 | loss: 0.02886 - accuracy: 0.99122
Validating epoch 3 | loss: 0.1435 - accuracy: 0.951
Model is Bert, dataset is subj, undersample is None, aug mode is trans, geo is 0.7, pct_usage is None, small_label is 0, small_prop is 0.2, balance_seed is 2, lr is 2e-05, max_epochs is 4, split_num is 0
Training epoch 0 | loss: 0.28252 - accuracy: 0.87589
Validating epoch 0 | loss: 0.12907 - accuracy: 0.956
Training epoch 1 | loss: 0.08079 - accuracy: 0.97578
Validating epoch 1 | loss: 0.10953 - accuracy: 0.952
Training epoch 2 | loss: 0.04619 - accuracy: 0.98456
Validating epoch 2 | loss: 0.12605 - accuracy: 0.955
Training epoch 3 | loss: 0.02365 - accuracy: 0.99322
Validating epoch 3 | loss: 0.15724 - accuracy: 0.955
Model is Bert, dataset is subj, undersample is None, aug mode is trans, geo is 0.9, pct_usage is None, small_label is 0, small_prop is 0.2, balance_seed is 2, lr is 2e-05, max_epochs is 4, split_num is 0
Training epoch 0 | loss: 0.23149 - accuracy: 0.90733
Validating epoch 0 | loss: 0.12798 - accuracy: 0.958
Training epoch 1 | loss: 0.05252 - accuracy: 0.98589
Validating epoch 1 | loss: 0.21851 - accuracy: 0.94
Training epoch 2 | loss: 0.023 - accuracy: 0.99367
Validating epoch 2 | loss: 0.14192 - accuracy: 0.958
Training epoch 3 | loss: 0.01814 - accuracy: 0.996
Validating epoch 3 | loss: 0.15292 - accuracy: 0.957
Model is Bert, dataset is subj, undersample is False, aug mode is None, geo is None, pct_usage is None, small_label is 1, small_prop is 0.2, balance_seed is 2, lr is 2e-05, max_epochs is 4, split_num is 0
Training epoch 0 | loss: 0.23206 - accuracy: 0.90289
Validating epoch 0 | loss: 0.1442 - accuracy: 0.948
Training epoch 1 | loss: 0.03515 - accuracy: 0.99144
Validating epoch 1 | loss: 0.22023 - accuracy: 0.946
Training epoch 2 | loss: 0.0164 - accuracy: 0.99644
Validating epoch 2 | loss: 0.24412 - accuracy: 0.94
Training epoch 3 | loss: 0.00918 - accuracy: 0.99833
Validating epoch 3 | loss: 0.24112 - accuracy: 0.944
Model is Bert, dataset is subj, undersample is True, aug mode is None, geo is None, pct_usage is None, small_label is 1, small_prop is 0.2, balance_seed is 2, lr is 2e-05, max_epochs is 4, split_num is 0
Training epoch 0 | loss: 0.20945 - accuracy: 0.90956
Validating epoch 0 | loss: 0.17739 - accuracy: 0.95
Training epoch 1 | loss: 0.01059 - accuracy: 0.99778
Validating epoch 1 | loss: 0.18045 - accuracy: 0.951
Training epoch 2 | loss: 0.00303 - accuracy: 0.99911
Validating epoch 2 | loss: 0.22074 - accuracy: 0.956
Training epoch 3 | loss: 0.00075 - accuracy: 1.0
Validating epoch 3 | loss: 0.21364 - accuracy: 0.956
Model is Bert, dataset is subj, undersample is None, aug mode is trans, geo is 0.1, pct_usage is None, small_label is 1, small_prop is 0.2, balance_seed is 2, lr is 2e-05, max_epochs is 4, split_num is 0
Training epoch 0 | loss: 0.25737 - accuracy: 0.89022
Validating epoch 0 | loss: 0.11913 - accuracy: 0.95
Training epoch 1 | loss: 0.06781 - accuracy: 0.97811
Validating epoch 1 | loss: 0.13007 - accuracy: 0.956
Training epoch 2 | loss: 0.02845 - accuracy: 0.99222
Validating epoch 2 | loss: 0.15853 - accuracy: 0.951
Training epoch 3 | loss: 0.01532 - accuracy: 0.996
Validating epoch 3 | loss: 0.15213 - accuracy: 0.959
Model is Bert, dataset is subj, undersample is None, aug mode is trans, geo is 0.3, pct_usage is None, small_label is 1, small_prop is 0.2, balance_seed is 2, lr is 2e-05, max_epochs is 4, split_num is 0
Training epoch 0 | loss: 0.25584 - accuracy: 0.89156
Validating epoch 0 | loss: 0.13217 - accuracy: 0.953
Training epoch 1 | loss: 0.05737 - accuracy: 0.98067
Validating epoch 1 | loss: 0.18973 - accuracy: 0.945
Training epoch 2 | loss: 0.02249 - accuracy: 0.99289
Validating epoch 2 | loss: 0.17017 - accuracy: 0.957
Training epoch 3 | loss: 0.01548 - accuracy: 0.99589
Validating epoch 3 | loss: 0.17346 - accuracy: 0.953
Model is Bert, dataset is subj, undersample is None, aug mode is trans, geo is 0.5, pct_usage is None, small_label is 1, small_prop is 0.2, balance_seed is 2, lr is 2e-05, max_epochs is 4, split_num is 0
Training epoch 0 | loss: 0.25215 - accuracy: 0.894
Validating epoch 0 | loss: 0.14263 - accuracy: 0.947
Training epoch 1 | loss: 0.05702 - accuracy: 0.98278
Validating epoch 1 | loss: 0.13663 - accuracy: 0.952
Training epoch 2 | loss: 0.02648 - accuracy: 0.99233
Validating epoch 2 | loss: 0.18037 - accuracy: 0.953
Training epoch 3 | loss: 0.01532 - accuracy: 0.99633
Validating epoch 3 | loss: 0.16916 - accuracy: 0.954
Model is Bert, dataset is subj, undersample is None, aug mode is trans, geo is 0.7, pct_usage is None, small_label is 1, small_prop is 0.2, balance_seed is 2, lr is 2e-05, max_epochs is 4, split_num is 0
Training epoch 0 | loss: 0.25617 - accuracy: 0.88967
Validating epoch 0 | loss: 0.1434 - accuracy: 0.95
Training epoch 1 | loss: 0.0469 - accuracy: 0.98578
Validating epoch 1 | loss: 0.16512 - accuracy: 0.949
Training epoch 2 | loss: 0.02833 - accuracy: 0.99289
Validating epoch 2 | loss: 0.16775 - accuracy: 0.951
Training epoch 3 | loss: 0.01232 - accuracy: 0.99656
Validating epoch 3 | loss: 0.17453 - accuracy: 0.95
Model is Bert, dataset is subj, undersample is None, aug mode is trans, geo is 0.9, pct_usage is None, small_label is 1, small_prop is 0.2, balance_seed is 2, lr is 2e-05, max_epochs is 4, split_num is 0
Training epoch 0 | loss: 0.24503 - accuracy: 0.89811
Validating epoch 0 | loss: 0.13453 - accuracy: 0.953
Training epoch 1 | loss: 0.04615 - accuracy: 0.98678
Validating epoch 1 | loss: 0.23951 - accuracy: 0.932
Training epoch 2 | loss: 0.02106 - accuracy: 0.99467
Validating epoch 2 | loss: 0.17497 - accuracy: 0.956
Training epoch 3 | loss: 0.01313 - accuracy: 0.99667
Validating epoch 3 | loss: 0.18063 - accuracy: 0.957
Model is Bert, dataset is subj, undersample is False, aug mode is None, geo is None, pct_usage is None, small_label is 0, small_prop is 0.4, balance_seed is 2, lr is 2e-05, max_epochs is 4, split_num is 0
Training epoch 0 | loss: 0.24516 - accuracy: 0.90122
Validating epoch 0 | loss: 0.11806 - accuracy: 0.958
Training epoch 1 | loss: 0.0475 - accuracy: 0.98656
Validating epoch 1 | loss: 0.12326 - accuracy: 0.959
Training epoch 2 | loss: 0.01465 - accuracy: 0.99656
Validating epoch 2 | loss: 0.16473 - accuracy: 0.954
Training epoch 3 | loss: 0.00576 - accuracy: 0.99911
Validating epoch 3 | loss: 0.17398 - accuracy: 0.957
Model is Bert, dataset is subj, undersample is True, aug mode is None, geo is None, pct_usage is None, small_label is 0, small_prop is 0.4, balance_seed is 2, lr is 2e-05, max_epochs is 4, split_num is 0
Training epoch 0 | loss: 0.23428 - accuracy: 0.89756
Validating epoch 0 | loss: 0.14862 - accuracy: 0.946
Training epoch 1 | loss: 0.03089 - accuracy: 0.99233
Validating epoch 1 | loss: 0.14439 - accuracy: 0.954
Training epoch 2 | loss: 0.00703 - accuracy: 0.99833
Validating epoch 2 | loss: 0.15879 - accuracy: 0.958
Training epoch 3 | loss: 0.00252 - accuracy: 0.99956
Validating epoch 3 | loss: 0.17542 - accuracy: 0.955
Model is Bert, dataset is subj, undersample is None, aug mode is trans, geo is 0.1, pct_usage is None, small_label is 0, small_prop is 0.4, balance_seed is 2, lr is 2e-05, max_epochs is 4, split_num is 0
Training epoch 0 | loss: 0.27999 - accuracy: 0.88011
Validating epoch 0 | loss: 0.1285 - accuracy: 0.954
Training epoch 1 | loss: 0.1044 - accuracy: 0.96456
Validating epoch 1 | loss: 0.11628 - accuracy: 0.955
Training epoch 2 | loss: 0.05231 - accuracy: 0.98456
Validating epoch 2 | loss: 0.1602 - accuracy: 0.94
Training epoch 3 | loss: 0.03116 - accuracy: 0.99178
Validating epoch 3 | loss: 0.14815 - accuracy: 0.948
Model is Bert, dataset is subj, undersample is None, aug mode is trans, geo is 0.3, pct_usage is None, small_label is 0, small_prop is 0.4, balance_seed is 2, lr is 2e-05, max_epochs is 4, split_num is 0
Training epoch 0 | loss: 0.27423 - accuracy: 0.88189
Validating epoch 0 | loss: 0.11417 - accuracy: 0.959
Training epoch 1 | loss: 0.09827 - accuracy: 0.96722
Validating epoch 1 | loss: 0.10238 - accuracy: 0.962
Training epoch 2 | loss: 0.05345 - accuracy: 0.98478
Validating epoch 2 | loss: 0.13035 - accuracy: 0.957
Training epoch 3 | loss: 0.03294 - accuracy: 0.99067
Validating epoch 3 | loss: 0.13235 - accuracy: 0.955
Model is Bert, dataset is subj, undersample is None, aug mode is trans, geo is 0.5, pct_usage is None, small_label is 0, small_prop is 0.4, balance_seed is 2, lr is 2e-05, max_epochs is 4, split_num is 0
Training epoch 0 | loss: 0.27448 - accuracy: 0.88433
Validating epoch 0 | loss: 0.13239 - accuracy: 0.954
Training epoch 1 | loss: 0.10274 - accuracy: 0.96689
Validating epoch 1 | loss: 0.11 - accuracy: 0.96
Training epoch 2 | loss: 0.05611 - accuracy: 0.98178
Validating epoch 2 | loss: 0.12304 - accuracy: 0.957
Training epoch 3 | loss: 0.04486 - accuracy: 0.98633
Validating epoch 3 | loss: 0.12817 - accuracy: 0.953
Model is Bert, dataset is subj, undersample is None, aug mode is trans, geo is 0.7, pct_usage is None, small_label is 0, small_prop is 0.4, balance_seed is 2, lr is 2e-05, max_epochs is 4, split_num is 0
Training epoch 0 | loss: 0.26301 - accuracy: 0.88878
Validating epoch 0 | loss: 0.13622 - accuracy: 0.949
Training epoch 1 | loss: 0.08285 - accuracy: 0.97333
Validating epoch 1 | loss: 0.11183 - accuracy: 0.957
Training epoch 2 | loss: 0.04954 - accuracy: 0.98478
Validating epoch 2 | loss: 0.11605 - accuracy: 0.959
Training epoch 3 | loss: 0.03046 - accuracy: 0.99078
Validating epoch 3 | loss: 0.12296 - accuracy: 0.961
Model is Bert, dataset is subj, undersample is None, aug mode is trans, geo is 0.9, pct_usage is None, small_label is 0, small_prop is 0.4, balance_seed is 2, lr is 2e-05, max_epochs is 4, split_num is 0
Training epoch 0 | loss: 0.24616 - accuracy: 0.89633
Validating epoch 0 | loss: 0.1045 - accuracy: 0.958
Training epoch 1 | loss: 0.0601 - accuracy: 0.98211
Validating epoch 1 | loss: 0.1416 - accuracy: 0.956
Training epoch 2 | loss: 0.0368 - accuracy: 0.98989
Validating epoch 2 | loss: 0.13493 - accuracy: 0.951
Training epoch 3 | loss: 0.01504 - accuracy: 0.99611
Validating epoch 3 | loss: 0.13935 - accuracy: 0.96
Model is Bert, dataset is subj, undersample is False, aug mode is None, geo is None, pct_usage is None, small_label is 1, small_prop is 0.4, balance_seed is 2, lr is 2e-05, max_epochs is 4, split_num is 0
Training epoch 0 | loss: 0.23355 - accuracy: 0.90467
Validating epoch 0 | loss: 0.11443 - accuracy: 0.96
Training epoch 1 | loss: 0.0359 - accuracy: 0.98933
Validating epoch 1 | loss: 0.17536 - accuracy: 0.953
Training epoch 2 | loss: 0.01043 - accuracy: 0.99744
Validating epoch 2 | loss: 0.19863 - accuracy: 0.956
Training epoch 3 | loss: 0.00337 - accuracy: 0.99967
Validating epoch 3 | loss: 0.21686 - accuracy: 0.953
Model is Bert, dataset is subj, undersample is True, aug mode is None, geo is None, pct_usage is None, small_label is 1, small_prop is 0.4, balance_seed is 2, lr is 2e-05, max_epochs is 4, split_num is 0
Training epoch 0 | loss: 0.22312 - accuracy: 0.905
Validating epoch 0 | loss: 0.1132 - accuracy: 0.959
Training epoch 1 | loss: 0.0366 - accuracy: 0.99056
Validating epoch 1 | loss: 0.16771 - accuracy: 0.954
Training epoch 2 | loss: 0.01465 - accuracy: 0.99756
Validating epoch 2 | loss: 0.15784 - accuracy: 0.961
Training epoch 3 | loss: 0.0071 - accuracy: 0.99889
Validating epoch 3 | loss: 0.15939 - accuracy: 0.958
Model is Bert, dataset is subj, undersample is None, aug mode is trans, geo is 0.1, pct_usage is None, small_label is 1, small_prop is 0.4, balance_seed is 2, lr is 2e-05, max_epochs is 4, split_num is 0
Training epoch 0 | loss: 0.26899 - accuracy: 0.88078
Validating epoch 0 | loss: 0.11833 - accuracy: 0.96
Training epoch 1 | loss: 0.07536 - accuracy: 0.97556
Validating epoch 1 | loss: 0.13526 - accuracy: 0.959
Training epoch 2 | loss: 0.03889 - accuracy: 0.98733
Validating epoch 2 | loss: 0.14489 - accuracy: 0.953
Training epoch 3 | loss: 0.01807 - accuracy: 0.99489
Validating epoch 3 | loss: 0.1496 - accuracy: 0.956
Model is Bert, dataset is subj, undersample is None, aug mode is trans, geo is 0.3, pct_usage is None, small_label is 1, small_prop is 0.4, balance_seed is 2, lr is 2e-05, max_epochs is 4, split_num is 0
Training epoch 0 | loss: 0.25451 - accuracy: 0.89144
Validating epoch 0 | loss: 0.13012 - accuracy: 0.952
Training epoch 1 | loss: 0.07666 - accuracy: 0.97389
Validating epoch 1 | loss: 0.13631 - accuracy: 0.954
Training epoch 2 | loss: 0.03085 - accuracy: 0.98956
Validating epoch 2 | loss: 0.14764 - accuracy: 0.959
Training epoch 3 | loss: 0.02127 - accuracy: 0.99322
Validating epoch 3 | loss: 0.1459 - accuracy: 0.961
Model is Bert, dataset is subj, undersample is None, aug mode is trans, geo is 0.5, pct_usage is None, small_label is 1, small_prop is 0.4, balance_seed is 2, lr is 2e-05, max_epochs is 4, split_num is 0
Training epoch 0 | loss: 0.2551 - accuracy: 0.88811
Validating epoch 0 | loss: 0.14483 - accuracy: 0.947
Training epoch 1 | loss: 0.06978 - accuracy: 0.978
Validating epoch 1 | loss: 0.13185 - accuracy: 0.959
Training epoch 2 | loss: 0.03151 - accuracy: 0.99011
Validating epoch 2 | loss: 0.16537 - accuracy: 0.948
Training epoch 3 | loss: 0.01875 - accuracy: 0.99367
Validating epoch 3 | loss: 0.1297 - accuracy: 0.957
Model is Bert, dataset is subj, undersample is None, aug mode is trans, geo is 0.7, pct_usage is None, small_label is 1, small_prop is 0.4, balance_seed is 2, lr is 2e-05, max_epochs is 4, split_num is 0
Training epoch 0 | loss: 0.25487 - accuracy: 0.89189
Validating epoch 0 | loss: 0.12246 - accuracy: 0.956
Training epoch 1 | loss: 0.06957 - accuracy: 0.97778
Validating epoch 1 | loss: 0.1239 - accuracy: 0.959
Training epoch 2 | loss: 0.02987 - accuracy: 0.99211
Validating epoch 2 | loss: 0.13104 - accuracy: 0.961
Training epoch 3 | loss: 0.01772 - accuracy: 0.99511
Validating epoch 3 | loss: 0.13863 - accuracy: 0.962
Model is Bert, dataset is subj, undersample is None, aug mode is trans, geo is 0.9, pct_usage is None, small_label is 1, small_prop is 0.4, balance_seed is 2, lr is 2e-05, max_epochs is 4, split_num is 0
Training epoch 0 | loss: 0.24688 - accuracy: 0.89967
Validating epoch 0 | loss: 0.11712 - accuracy: 0.957
Training epoch 1 | loss: 0.05257 - accuracy: 0.98444
Validating epoch 1 | loss: 0.14531 - accuracy: 0.959
Training epoch 2 | loss: 0.01905 - accuracy: 0.99489
Validating epoch 2 | loss: 0.15063 - accuracy: 0.957
Training epoch 3 | loss: 0.00681 - accuracy: 0.99844
Validating epoch 3 | loss: 0.15172 - accuracy: 0.963
Model is Bert, dataset is subj, undersample is False, aug mode is None, geo is None, pct_usage is None, small_label is 0, small_prop is 0.6, balance_seed is 2, lr is 2e-05, max_epochs is 4, split_num is 0
Training epoch 0 | loss: 0.24178 - accuracy: 0.89778
Validating epoch 0 | loss: 0.11699 - accuracy: 0.956
Training epoch 1 | loss: 0.06398 - accuracy: 0.98089
Validating epoch 1 | loss: 0.11558 - accuracy: 0.96
Training epoch 2 | loss: 0.02132 - accuracy: 0.99422
Validating epoch 2 | loss: 0.15785 - accuracy: 0.949
Training epoch 3 | loss: 0.00896 - accuracy: 0.998
Validating epoch 3 | loss: 0.15391 - accuracy: 0.96
Model is Bert, dataset is subj, undersample is True, aug mode is None, geo is None, pct_usage is None, small_label is 0, small_prop is 0.6, balance_seed is 2, lr is 2e-05, max_epochs is 4, split_num is 0
Training epoch 0 | loss: 0.23697 - accuracy: 0.89722
Validating epoch 0 | loss: 0.1075 - accuracy: 0.962
Training epoch 1 | loss: 0.03212 - accuracy: 0.99033
Validating epoch 1 | loss: 0.17128 - accuracy: 0.952
Training epoch 2 | loss: 0.0064 - accuracy: 0.99822
Validating epoch 2 | loss: 0.16397 - accuracy: 0.961
Training epoch 3 | loss: 0.0028 - accuracy: 0.99944
Validating epoch 3 | loss: 0.15523 - accuracy: 0.96
Model is Bert, dataset is subj, undersample is None, aug mode is trans, geo is 0.1, pct_usage is None, small_label is 0, small_prop is 0.6, balance_seed is 2, lr is 2e-05, max_epochs is 4, split_num is 0
Training epoch 0 | loss: 0.27648 - accuracy: 0.88489
Validating epoch 0 | loss: 0.13109 - accuracy: 0.954
Training epoch 1 | loss: 0.11005 - accuracy: 0.96156
Validating epoch 1 | loss: 0.12332 - accuracy: 0.951
Training epoch 2 | loss: 0.06605 - accuracy: 0.97911
Validating epoch 2 | loss: 0.13414 - accuracy: 0.95
Training epoch 3 | loss: 0.04302 - accuracy: 0.988
Validating epoch 3 | loss: 0.14828 - accuracy: 0.95
Model is Bert, dataset is subj, undersample is None, aug mode is trans, geo is 0.3, pct_usage is None, small_label is 0, small_prop is 0.6, balance_seed is 2, lr is 2e-05, max_epochs is 4, split_num is 0
Training epoch 0 | loss: 0.27626 - accuracy: 0.88433
Validating epoch 0 | loss: 0.13082 - accuracy: 0.946
Training epoch 1 | loss: 0.10823 - accuracy: 0.96456
Validating epoch 1 | loss: 0.11279 - accuracy: 0.954
Training epoch 2 | loss: 0.05842 - accuracy: 0.98244
Validating epoch 2 | loss: 0.12627 - accuracy: 0.948
Training epoch 3 | loss: 0.03759 - accuracy: 0.98844
Validating epoch 3 | loss: 0.15165 - accuracy: 0.953
Model is Bert, dataset is subj, undersample is None, aug mode is trans, geo is 0.5, pct_usage is None, small_label is 0, small_prop is 0.6, balance_seed is 2, lr is 2e-05, max_epochs is 4, split_num is 0
Training epoch 0 | loss: 0.29127 - accuracy: 0.87533
Validating epoch 0 | loss: 0.12036 - accuracy: 0.951
Training epoch 1 | loss: 0.09974 - accuracy: 0.96667
Validating epoch 1 | loss: 0.12053 - accuracy: 0.952
Training epoch 2 | loss: 0.05204 - accuracy: 0.98411
Validating epoch 2 | loss: 0.1406 - accuracy: 0.95
Training epoch 3 | loss: 0.0312 - accuracy: 0.99144
Validating epoch 3 | loss: 0.13954 - accuracy: 0.949
Model is Bert, dataset is subj, undersample is None, aug mode is trans, geo is 0.7, pct_usage is None, small_label is 0, small_prop is 0.6, balance_seed is 2, lr is 2e-05, max_epochs is 4, split_num is 0
Training epoch 0 | loss: 0.27979 - accuracy: 0.887
Validating epoch 0 | loss: 0.11681 - accuracy: 0.953
Training epoch 1 | loss: 0.09607 - accuracy: 0.96811
Validating epoch 1 | loss: 0.11186 - accuracy: 0.952
Training epoch 2 | loss: 0.0473 - accuracy: 0.98289
Validating epoch 2 | loss: 0.11418 - accuracy: 0.958
Training epoch 3 | loss: 0.03357 - accuracy: 0.98956
Validating epoch 3 | loss: 0.13047 - accuracy: 0.955
Model is Bert, dataset is subj, undersample is None, aug mode is trans, geo is 0.9, pct_usage is None, small_label is 0, small_prop is 0.6, balance_seed is 2, lr is 2e-05, max_epochs is 4, split_num is 0
Training epoch 0 | loss: 0.25115 - accuracy: 0.89656
Validating epoch 0 | loss: 0.12936 - accuracy: 0.947
Training epoch 1 | loss: 0.0694 - accuracy: 0.97756
Validating epoch 1 | loss: 0.13341 - accuracy: 0.953
Training epoch 2 | loss: 0.0319 - accuracy: 0.99078
Validating epoch 2 | loss: 0.12114 - accuracy: 0.959
Training epoch 3 | loss: 0.02214 - accuracy: 0.99322
Validating epoch 3 | loss: 0.12785 - accuracy: 0.961
Model is Bert, dataset is subj, undersample is False, aug mode is None, geo is None, pct_usage is None, small_label is 1, small_prop is 0.6, balance_seed is 2, lr is 2e-05, max_epochs is 4, split_num is 0
Training epoch 0 | loss: 0.26068 - accuracy: 0.88944
Validating epoch 0 | loss: 0.1145 - accuracy: 0.961
Training epoch 1 | loss: 0.06437 - accuracy: 0.98244
Validating epoch 1 | loss: 0.17295 - accuracy: 0.948
Training epoch 2 | loss: 0.0198 - accuracy: 0.99467
Validating epoch 2 | loss: 0.13292 - accuracy: 0.965
Training epoch 3 | loss: 0.00741 - accuracy: 0.99844
Validating epoch 3 | loss: 0.15228 - accuracy: 0.962
Model is Bert, dataset is subj, undersample is True, aug mode is None, geo is None, pct_usage is None, small_label is 1, small_prop is 0.6, balance_seed is 2, lr is 2e-05, max_epochs is 4, split_num is 0
Training epoch 0 | loss: 0.25012 - accuracy: 0.89067
Validating epoch 0 | loss: 0.14799 - accuracy: 0.951
Training epoch 1 | loss: 0.04679 - accuracy: 0.98733
Validating epoch 1 | loss: 0.1246 - accuracy: 0.959
Training epoch 2 | loss: 0.01469 - accuracy: 0.99644
Validating epoch 2 | loss: 0.17016 - accuracy: 0.956
Training epoch 3 | loss: 0.00649 - accuracy: 0.99889
Validating epoch 3 | loss: 0.15939 - accuracy: 0.961
Model is Bert, dataset is subj, undersample is None, aug mode is trans, geo is 0.1, pct_usage is None, small_label is 1, small_prop is 0.6, balance_seed is 2, lr is 2e-05, max_epochs is 4, split_num is 0
Training epoch 0 | loss: 0.27334 - accuracy: 0.88611
Validating epoch 0 | loss: 0.12953 - accuracy: 0.951
Training epoch 1 | loss: 0.10368 - accuracy: 0.96511
Validating epoch 1 | loss: 0.14087 - accuracy: 0.947
Training epoch 2 | loss: 0.05081 - accuracy: 0.98478
Validating epoch 2 | loss: 0.12572 - accuracy: 0.956
Training epoch 3 | loss: 0.03574 - accuracy: 0.98911
Validating epoch 3 | loss: 0.15085 - accuracy: 0.954
Model is Bert, dataset is subj, undersample is None, aug mode is trans, geo is 0.3, pct_usage is None, small_label is 1, small_prop is 0.6, balance_seed is 2, lr is 2e-05, max_epochs is 4, split_num is 0
Training epoch 0 | loss: 0.25692 - accuracy: 0.88722
Validating epoch 0 | loss: 0.12997 - accuracy: 0.953
Training epoch 1 | loss: 0.07965 - accuracy: 0.97278
Validating epoch 1 | loss: 0.11053 - accuracy: 0.962
Training epoch 2 | loss: 0.04103 - accuracy: 0.98833
Validating epoch 2 | loss: 0.10594 - accuracy: 0.97
Training epoch 3 | loss: 0.02816 - accuracy: 0.99167
Validating epoch 3 | loss: 0.12342 - accuracy: 0.965
Model is Bert, dataset is subj, undersample is None, aug mode is trans, geo is 0.5, pct_usage is None, small_label is 1, small_prop is 0.6, balance_seed is 2, lr is 2e-05, max_epochs is 4, split_num is 0
Training epoch 0 | loss: 0.25938 - accuracy: 0.89356
Validating epoch 0 | loss: 0.11923 - accuracy: 0.961
Training epoch 1 | loss: 0.09246 - accuracy: 0.96956
Validating epoch 1 | loss: 0.11182 - accuracy: 0.965
Training epoch 2 | loss: 0.04691 - accuracy: 0.98667
Validating epoch 2 | loss: 0.13065 - accuracy: 0.959
Training epoch 3 | loss: 0.02864 - accuracy: 0.992
Validating epoch 3 | loss: 0.13016 - accuracy: 0.961
Model is Bert, dataset is subj, undersample is None, aug mode is trans, geo is 0.7, pct_usage is None, small_label is 1, small_prop is 0.6, balance_seed is 2, lr is 2e-05, max_epochs is 4, split_num is 0
Training epoch 0 | loss: 0.27324 - accuracy: 0.87744
Validating epoch 0 | loss: 0.11267 - accuracy: 0.958
Training epoch 1 | loss: 0.08447 - accuracy: 0.97367
Validating epoch 1 | loss: 0.1089 - accuracy: 0.96
Training epoch 2 | loss: 0.04087 - accuracy: 0.98878
Validating epoch 2 | loss: 0.12952 - accuracy: 0.964
Training epoch 3 | loss: 0.02622 - accuracy: 0.99278
Validating epoch 3 | loss: 0.13636 - accuracy: 0.962
Model is Bert, dataset is subj, undersample is None, aug mode is trans, geo is 0.9, pct_usage is None, small_label is 1, small_prop is 0.6, balance_seed is 2, lr is 2e-05, max_epochs is 4, split_num is 0
Training epoch 0 | loss: 0.269 - accuracy: 0.88778
Validating epoch 0 | loss: 0.12839 - accuracy: 0.956
Training epoch 1 | loss: 0.07085 - accuracy: 0.97778
Validating epoch 1 | loss: 0.14526 - accuracy: 0.957
Training epoch 2 | loss: 0.03248 - accuracy: 0.99144
Validating epoch 2 | loss: 0.12415 - accuracy: 0.96
Training epoch 3 | loss: 0.01909 - accuracy: 0.99656
Validating epoch 3 | loss: 0.13482 - accuracy: 0.964
Model is Bert, dataset is subj, undersample is False, aug mode is None, geo is None, pct_usage is None, small_label is 0, small_prop is 0.8, balance_seed is 2, lr is 2e-05, max_epochs is 4, split_num is 0
Training epoch 0 | loss: 0.24166 - accuracy: 0.90667
Validating epoch 0 | loss: 0.10029 - accuracy: 0.96
Training epoch 1 | loss: 0.06353 - accuracy: 0.97989
Validating epoch 1 | loss: 0.09932 - accuracy: 0.963
Training epoch 2 | loss: 0.02141 - accuracy: 0.995
Validating epoch 2 | loss: 0.12187 - accuracy: 0.964
Training epoch 3 | loss: 0.00904 - accuracy: 0.99756
Validating epoch 3 | loss: 0.12718 - accuracy: 0.964
Model is Bert, dataset is subj, undersample is True, aug mode is None, geo is None, pct_usage is None, small_label is 0, small_prop is 0.8, balance_seed is 2, lr is 2e-05, max_epochs is 4, split_num is 0
Training epoch 0 | loss: 0.25222 - accuracy: 0.89756
Validating epoch 0 | loss: 0.1355 - accuracy: 0.951
Training epoch 1 | loss: 0.07395 - accuracy: 0.97644
Validating epoch 1 | loss: 0.13552 - accuracy: 0.959
Training epoch 2 | loss: 0.0314 - accuracy: 0.99133
Validating epoch 2 | loss: 0.13684 - accuracy: 0.962
Training epoch 3 | loss: 0.01545 - accuracy: 0.99633
Validating epoch 3 | loss: 0.14409 - accuracy: 0.965
Model is Bert, dataset is subj, undersample is None, aug mode is trans, geo is 0.1, pct_usage is None, small_label is 0, small_prop is 0.8, balance_seed is 2, lr is 2e-05, max_epochs is 4, split_num is 0
Training epoch 0 | loss: 0.30217 - accuracy: 0.86156
Validating epoch 0 | loss: 0.13829 - accuracy: 0.946
Training epoch 1 | loss: 0.11438 - accuracy: 0.95856
Validating epoch 1 | loss: 0.11551 - accuracy: 0.957
Training epoch 2 | loss: 0.05828 - accuracy: 0.98144
Validating epoch 2 | loss: 0.12987 - accuracy: 0.951
Training epoch 3 | loss: 0.03733 - accuracy: 0.989
Validating epoch 3 | loss: 0.15894 - accuracy: 0.947
Model is Bert, dataset is subj, undersample is None, aug mode is trans, geo is 0.3, pct_usage is None, small_label is 0, small_prop is 0.8, balance_seed is 2, lr is 2e-05, max_epochs is 4, split_num is 0
Training epoch 0 | loss: 0.27719 - accuracy: 0.88422
Validating epoch 0 | loss: 0.11421 - accuracy: 0.959
Training epoch 1 | loss: 0.1154 - accuracy: 0.96078
Validating epoch 1 | loss: 0.12113 - accuracy: 0.95
Training epoch 2 | loss: 0.06194 - accuracy: 0.98
Validating epoch 2 | loss: 0.13676 - accuracy: 0.946
Training epoch 3 | loss: 0.03712 - accuracy: 0.989
Validating epoch 3 | loss: 0.15641 - accuracy: 0.945
Model is Bert, dataset is subj, undersample is None, aug mode is trans, geo is 0.5, pct_usage is None, small_label is 0, small_prop is 0.8, balance_seed is 2, lr is 2e-05, max_epochs is 4, split_num is 0
Training epoch 0 | loss: 0.27493 - accuracy: 0.87878
Validating epoch 0 | loss: 0.11752 - accuracy: 0.961
Training epoch 1 | loss: 0.10285 - accuracy: 0.964
Validating epoch 1 | loss: 0.11203 - accuracy: 0.962
Training epoch 2 | loss: 0.04978 - accuracy: 0.98422
Validating epoch 2 | loss: 0.11189 - accuracy: 0.963
Training epoch 3 | loss: 0.03225 - accuracy: 0.99044
Validating epoch 3 | loss: 0.1266 - accuracy: 0.957
Model is Bert, dataset is subj, undersample is None, aug mode is trans, geo is 0.7, pct_usage is None, small_label is 0, small_prop is 0.8, balance_seed is 2, lr is 2e-05, max_epochs is 4, split_num is 0
Training epoch 0 | loss: 0.27403 - accuracy: 0.88833
Validating epoch 0 | loss: 0.11793 - accuracy: 0.958
Training epoch 1 | loss: 0.10544 - accuracy: 0.96544
Validating epoch 1 | loss: 0.13164 - accuracy: 0.952
Training epoch 2 | loss: 0.05882 - accuracy: 0.98244
Validating epoch 2 | loss: 0.12516 - accuracy: 0.956
Training epoch 3 | loss: 0.03744 - accuracy: 0.98844
Validating epoch 3 | loss: 0.13146 - accuracy: 0.951
Model is Bert, dataset is subj, undersample is None, aug mode is trans, geo is 0.9, pct_usage is None, small_label is 0, small_prop is 0.8, balance_seed is 2, lr is 2e-05, max_epochs is 4, split_num is 0
Training epoch 0 | loss: 0.26116 - accuracy: 0.89011
Validating epoch 0 | loss: 0.10125 - accuracy: 0.962
Training epoch 1 | loss: 0.07216 - accuracy: 0.97689
Validating epoch 1 | loss: 0.10695 - accuracy: 0.965
Training epoch 2 | loss: 0.03434 - accuracy: 0.99089
Validating epoch 2 | loss: 0.11001 - accuracy: 0.97
Training epoch 3 | loss: 0.01887 - accuracy: 0.99533
Validating epoch 3 | loss: 0.11346 - accuracy: 0.964
Model is Bert, dataset is subj, undersample is False, aug mode is None, geo is None, pct_usage is None, small_label is 1, small_prop is 0.8, balance_seed is 2, lr is 2e-05, max_epochs is 4, split_num is 0
Training epoch 0 | loss: 0.26139 - accuracy: 0.88633
Validating epoch 0 | loss: 0.11425 - accuracy: 0.959
Training epoch 1 | loss: 0.07568 - accuracy: 0.97589
Validating epoch 1 | loss: 0.11083 - accuracy: 0.968
Training epoch 2 | loss: 0.02865 - accuracy: 0.99289
Validating epoch 2 | loss: 0.11916 - accuracy: 0.968
Training epoch 3 | loss: 0.012 - accuracy: 0.99711
Validating epoch 3 | loss: 0.1251 - accuracy: 0.968
Model is Bert, dataset is subj, undersample is True, aug mode is None, geo is None, pct_usage is None, small_label is 1, small_prop is 0.8, balance_seed is 2, lr is 2e-05, max_epochs is 4, split_num is 0
Training epoch 0 | loss: 0.25463 - accuracy: 0.89167
Validating epoch 0 | loss: 0.11931 - accuracy: 0.958
Training epoch 1 | loss: 0.06925 - accuracy: 0.97922
Validating epoch 1 | loss: 0.1145 - accuracy: 0.963
Training epoch 2 | loss: 0.02651 - accuracy: 0.99311
Validating epoch 2 | loss: 0.13002 - accuracy: 0.961
Training epoch 3 | loss: 0.01038 - accuracy: 0.99778
Validating epoch 3 | loss: 0.12728 - accuracy: 0.964
Model is Bert, dataset is subj, undersample is None, aug mode is trans, geo is 0.1, pct_usage is None, small_label is 1, small_prop is 0.8, balance_seed is 2, lr is 2e-05, max_epochs is 4, split_num is 0
Training epoch 0 | loss: 0.26515 - accuracy: 0.88922
Validating epoch 0 | loss: 0.11889 - accuracy: 0.957
Training epoch 1 | loss: 0.0945 - accuracy: 0.96756
Validating epoch 1 | loss: 0.11933 - accuracy: 0.958
Training epoch 2 | loss: 0.04771 - accuracy: 0.98467
Validating epoch 2 | loss: 0.12027 - accuracy: 0.964
Training epoch 3 | loss: 0.02993 - accuracy: 0.99111
Validating epoch 3 | loss: 0.13672 - accuracy: 0.96
Model is Bert, dataset is subj, undersample is None, aug mode is trans, geo is 0.3, pct_usage is None, small_label is 1, small_prop is 0.8, balance_seed is 2, lr is 2e-05, max_epochs is 4, split_num is 0
Training epoch 0 | loss: 0.26253 - accuracy: 0.89256
Validating epoch 0 | loss: 0.11658 - accuracy: 0.959
Training epoch 1 | loss: 0.09508 - accuracy: 0.96722
Validating epoch 1 | loss: 0.11146 - accuracy: 0.962
Training epoch 2 | loss: 0.04862 - accuracy: 0.98589
Validating epoch 2 | loss: 0.12443 - accuracy: 0.958
Training epoch 3 | loss: 0.02755 - accuracy: 0.99178
Validating epoch 3 | loss: 0.14211 - accuracy: 0.96
Model is Bert, dataset is subj, undersample is None, aug mode is trans, geo is 0.5, pct_usage is None, small_label is 1, small_prop is 0.8, balance_seed is 2, lr is 2e-05, max_epochs is 4, split_num is 0
Training epoch 0 | loss: 0.26937 - accuracy: 0.88144
Validating epoch 0 | loss: 0.12378 - accuracy: 0.952
Training epoch 1 | loss: 0.09934 - accuracy: 0.96711
Validating epoch 1 | loss: 0.13117 - accuracy: 0.954
Training epoch 2 | loss: 0.05194 - accuracy: 0.98422
Validating epoch 2 | loss: 0.11409 - accuracy: 0.963
Training epoch 3 | loss: 0.03276 - accuracy: 0.99144
Validating epoch 3 | loss: 0.12255 - accuracy: 0.964
Model is Bert, dataset is subj, undersample is None, aug mode is trans, geo is 0.7, pct_usage is None, small_label is 1, small_prop is 0.8, balance_seed is 2, lr is 2e-05, max_epochs is 4, split_num is 0
Training epoch 0 | loss: 0.26758 - accuracy: 0.89622
Validating epoch 0 | loss: 0.11692 - accuracy: 0.953
Training epoch 1 | loss: 0.08901 - accuracy: 0.97078
Validating epoch 1 | loss: 0.11324 - accuracy: 0.958
Training epoch 2 | loss: 0.04417 - accuracy: 0.986
Validating epoch 2 | loss: 0.13187 - accuracy: 0.954
Training epoch 3 | loss: 0.02908 - accuracy: 0.99144
Validating epoch 3 | loss: 0.14125 - accuracy: 0.958
Model is Bert, dataset is subj, undersample is None, aug mode is trans, geo is 0.9, pct_usage is None, small_label is 1, small_prop is 0.8, balance_seed is 2, lr is 2e-05, max_epochs is 4, split_num is 0
Training epoch 0 | loss: 0.26133 - accuracy: 0.88489
Validating epoch 0 | loss: 0.11327 - accuracy: 0.959
Training epoch 1 | loss: 0.07138 - accuracy: 0.977
Validating epoch 1 | loss: 0.10984 - accuracy: 0.963
Training epoch 2 | loss: 0.02777 - accuracy: 0.99256
Validating epoch 2 | loss: 0.1207 - accuracy: 0.964
Training epoch 3 | loss: 0.01559 - accuracy: 0.99589
Validating epoch 3 | loss: 0.13682 - accuracy: 0.963
