Model is Bert, dataset is subj, undersample is False, aug mode is None, geo is None, pct_usage is None, small_label is 0, small_prop is 0.2, balance_seed is 2, lr is 2e-05, max_epochs is 4, split_num is 4
Training epoch 0 | loss: 0.24379 - accuracy: 0.89233
Validating epoch 0 | loss: 0.26605 - accuracy: 0.907
Training epoch 1 | loss: 0.03045 - accuracy: 0.99211
Validating epoch 1 | loss: 0.22676 - accuracy: 0.951
Training epoch 2 | loss: 0.012 - accuracy: 0.99644
Validating epoch 2 | loss: 0.34455 - accuracy: 0.926
Training epoch 3 | loss: 0.00338 - accuracy: 0.99956
Validating epoch 3 | loss: 0.34441 - accuracy: 0.936
Model is Bert, dataset is subj, undersample is True, aug mode is None, geo is None, pct_usage is None, small_label is 0, small_prop is 0.2, balance_seed is 2, lr is 2e-05, max_epochs is 4, split_num is 4
Training epoch 0 | loss: 0.2064 - accuracy: 0.91322
Validating epoch 0 | loss: 0.17064 - accuracy: 0.949
Training epoch 1 | loss: 0.01046 - accuracy: 0.99833
Validating epoch 1 | loss: 0.20232 - accuracy: 0.955
Training epoch 2 | loss: 0.00251 - accuracy: 0.99978
Validating epoch 2 | loss: 0.21997 - accuracy: 0.955
Training epoch 3 | loss: 0.00091 - accuracy: 1.0
Validating epoch 3 | loss: 0.22448 - accuracy: 0.954
Model is Bert, dataset is subj, undersample is None, aug mode is trans, geo is 0.1, pct_usage is None, small_label is 0, small_prop is 0.2, balance_seed is 2, lr is 2e-05, max_epochs is 4, split_num is 4
Training epoch 0 | loss: 0.30706 - accuracy: 0.85789
Validating epoch 0 | loss: 0.12251 - accuracy: 0.956
Training epoch 1 | loss: 0.10923 - accuracy: 0.96133
Validating epoch 1 | loss: 0.11455 - accuracy: 0.962
Training epoch 2 | loss: 0.0506 - accuracy: 0.98411
Validating epoch 2 | loss: 0.13891 - accuracy: 0.955
Training epoch 3 | loss: 0.03131 - accuracy: 0.99
Validating epoch 3 | loss: 0.13935 - accuracy: 0.961
Model is Bert, dataset is subj, undersample is None, aug mode is trans, geo is 0.3, pct_usage is None, small_label is 0, small_prop is 0.2, balance_seed is 2, lr is 2e-05, max_epochs is 4, split_num is 4
Training epoch 0 | loss: 0.27202 - accuracy: 0.88456
Validating epoch 0 | loss: 0.16278 - accuracy: 0.945
Training epoch 1 | loss: 0.09163 - accuracy: 0.96967
Validating epoch 1 | loss: 0.15077 - accuracy: 0.95
Training epoch 2 | loss: 0.04224 - accuracy: 0.986
Validating epoch 2 | loss: 0.12881 - accuracy: 0.958
Training epoch 3 | loss: 0.02546 - accuracy: 0.99278
Validating epoch 3 | loss: 0.12974 - accuracy: 0.955
Model is Bert, dataset is subj, undersample is None, aug mode is trans, geo is 0.5, pct_usage is None, small_label is 0, small_prop is 0.2, balance_seed is 2, lr is 2e-05, max_epochs is 4, split_num is 4
Training epoch 0 | loss: 0.26868 - accuracy: 0.88578
Validating epoch 0 | loss: 0.16252 - accuracy: 0.946
Training epoch 1 | loss: 0.07925 - accuracy: 0.97256
Validating epoch 1 | loss: 0.12003 - accuracy: 0.954
Training epoch 2 | loss: 0.0402 - accuracy: 0.98644
Validating epoch 2 | loss: 0.15009 - accuracy: 0.955
Training epoch 3 | loss: 0.01996 - accuracy: 0.99433
Validating epoch 3 | loss: 0.12991 - accuracy: 0.968
Model is Bert, dataset is subj, undersample is None, aug mode is trans, geo is 0.7, pct_usage is None, small_label is 0, small_prop is 0.2, balance_seed is 2, lr is 2e-05, max_epochs is 4, split_num is 4
Training epoch 0 | loss: 0.27379 - accuracy: 0.87967
Validating epoch 0 | loss: 0.14716 - accuracy: 0.948
Training epoch 1 | loss: 0.07721 - accuracy: 0.97633
Validating epoch 1 | loss: 0.14632 - accuracy: 0.952
Training epoch 2 | loss: 0.03787 - accuracy: 0.98856
Validating epoch 2 | loss: 0.15519 - accuracy: 0.952
Training epoch 3 | loss: 0.02233 - accuracy: 0.99389
Validating epoch 3 | loss: 0.13619 - accuracy: 0.961
Model is Bert, dataset is subj, undersample is None, aug mode is trans, geo is 0.9, pct_usage is None, small_label is 0, small_prop is 0.2, balance_seed is 2, lr is 2e-05, max_epochs is 4, split_num is 4
Training epoch 0 | loss: 0.23839 - accuracy: 0.90644
Validating epoch 0 | loss: 0.1699 - accuracy: 0.944
Training epoch 1 | loss: 0.05578 - accuracy: 0.98378
Validating epoch 1 | loss: 0.18755 - accuracy: 0.946
Training epoch 2 | loss: 0.03139 - accuracy: 0.99122
Validating epoch 2 | loss: 0.27514 - accuracy: 0.925
Training epoch 3 | loss: 0.02322 - accuracy: 0.99356
Validating epoch 3 | loss: 0.18044 - accuracy: 0.952
Model is Bert, dataset is subj, undersample is False, aug mode is None, geo is None, pct_usage is None, small_label is 1, small_prop is 0.2, balance_seed is 2, lr is 2e-05, max_epochs is 4, split_num is 4
Training epoch 0 | loss: 0.2428 - accuracy: 0.89667
Validating epoch 0 | loss: 0.14172 - accuracy: 0.954
Training epoch 1 | loss: 0.03429 - accuracy: 0.99133
Validating epoch 1 | loss: 0.16185 - accuracy: 0.949
Training epoch 2 | loss: 0.01034 - accuracy: 0.99789
Validating epoch 2 | loss: 0.18516 - accuracy: 0.951
Training epoch 3 | loss: 0.0036 - accuracy: 0.99944
Validating epoch 3 | loss: 0.1973 - accuracy: 0.949
Model is Bert, dataset is subj, undersample is True, aug mode is None, geo is None, pct_usage is None, small_label is 1, small_prop is 0.2, balance_seed is 2, lr is 2e-05, max_epochs is 4, split_num is 4
Training epoch 0 | loss: 0.22152 - accuracy: 0.90433
Validating epoch 0 | loss: 0.16939 - accuracy: 0.951
Training epoch 1 | loss: 0.01474 - accuracy: 0.99589
Validating epoch 1 | loss: 0.18298 - accuracy: 0.961
Training epoch 2 | loss: 0.00205 - accuracy: 0.99978
Validating epoch 2 | loss: 0.20158 - accuracy: 0.96
Training epoch 3 | loss: 0.00094 - accuracy: 1.0
Validating epoch 3 | loss: 0.20808 - accuracy: 0.957
Model is Bert, dataset is subj, undersample is None, aug mode is trans, geo is 0.1, pct_usage is None, small_label is 1, small_prop is 0.2, balance_seed is 2, lr is 2e-05, max_epochs is 4, split_num is 4
Training epoch 0 | loss: 0.25303 - accuracy: 0.89422
Validating epoch 0 | loss: 0.14238 - accuracy: 0.953
Training epoch 1 | loss: 0.06131 - accuracy: 0.981
Validating epoch 1 | loss: 0.13368 - accuracy: 0.958
Training epoch 2 | loss: 0.02949 - accuracy: 0.99144
Validating epoch 2 | loss: 0.13033 - accuracy: 0.957
Training epoch 3 | loss: 0.0119 - accuracy: 0.99678
Validating epoch 3 | loss: 0.15256 - accuracy: 0.955
Model is Bert, dataset is subj, undersample is None, aug mode is trans, geo is 0.3, pct_usage is None, small_label is 1, small_prop is 0.2, balance_seed is 2, lr is 2e-05, max_epochs is 4, split_num is 4
Training epoch 0 | loss: 0.25009 - accuracy: 0.89256
Validating epoch 0 | loss: 0.11626 - accuracy: 0.966
Training epoch 1 | loss: 0.05839 - accuracy: 0.981
Validating epoch 1 | loss: 0.15585 - accuracy: 0.952
Training epoch 2 | loss: 0.02515 - accuracy: 0.99344
Validating epoch 2 | loss: 0.13399 - accuracy: 0.96
Training epoch 3 | loss: 0.01341 - accuracy: 0.99644
Validating epoch 3 | loss: 0.14601 - accuracy: 0.958
Model is Bert, dataset is subj, undersample is None, aug mode is trans, geo is 0.5, pct_usage is None, small_label is 1, small_prop is 0.2, balance_seed is 2, lr is 2e-05, max_epochs is 4, split_num is 4
Training epoch 0 | loss: 0.24943 - accuracy: 0.89556
Validating epoch 0 | loss: 0.15037 - accuracy: 0.951
Training epoch 1 | loss: 0.05894 - accuracy: 0.98089
Validating epoch 1 | loss: 0.13673 - accuracy: 0.957
Training epoch 2 | loss: 0.0276 - accuracy: 0.99267
Validating epoch 2 | loss: 0.16695 - accuracy: 0.952
Training epoch 3 | loss: 0.01423 - accuracy: 0.99611
Validating epoch 3 | loss: 0.1595 - accuracy: 0.956
Model is Bert, dataset is subj, undersample is None, aug mode is trans, geo is 0.7, pct_usage is None, small_label is 1, small_prop is 0.2, balance_seed is 2, lr is 2e-05, max_epochs is 4, split_num is 4
Training epoch 0 | loss: 0.23922 - accuracy: 0.90178
Validating epoch 0 | loss: 0.12362 - accuracy: 0.953
Training epoch 1 | loss: 0.0537 - accuracy: 0.98411
Validating epoch 1 | loss: 0.1626 - accuracy: 0.953
Training epoch 2 | loss: 0.02522 - accuracy: 0.99311
Validating epoch 2 | loss: 0.16234 - accuracy: 0.953
Training epoch 3 | loss: 0.01599 - accuracy: 0.99589
Validating epoch 3 | loss: 0.15524 - accuracy: 0.956
Model is Bert, dataset is subj, undersample is None, aug mode is trans, geo is 0.9, pct_usage is None, small_label is 1, small_prop is 0.2, balance_seed is 2, lr is 2e-05, max_epochs is 4, split_num is 4
Training epoch 0 | loss: 0.22362 - accuracy: 0.91133
Validating epoch 0 | loss: 0.1188 - accuracy: 0.966
Training epoch 1 | loss: 0.03996 - accuracy: 0.98889
Validating epoch 1 | loss: 0.161 - accuracy: 0.95
Training epoch 2 | loss: 0.01923 - accuracy: 0.99456
Validating epoch 2 | loss: 0.1743 - accuracy: 0.954
Training epoch 3 | loss: 0.01479 - accuracy: 0.99622
Validating epoch 3 | loss: 0.15276 - accuracy: 0.963
Model is Bert, dataset is subj, undersample is False, aug mode is None, geo is None, pct_usage is None, small_label is 0, small_prop is 0.4, balance_seed is 2, lr is 2e-05, max_epochs is 4, split_num is 4
Training epoch 0 | loss: 0.24658 - accuracy: 0.89311
Validating epoch 0 | loss: 0.16077 - accuracy: 0.95
Training epoch 1 | loss: 0.05873 - accuracy: 0.98322
Validating epoch 1 | loss: 0.15186 - accuracy: 0.957
Training epoch 2 | loss: 0.01749 - accuracy: 0.99567
Validating epoch 2 | loss: 0.17536 - accuracy: 0.955
Training epoch 3 | loss: 0.0069 - accuracy: 0.99856
Validating epoch 3 | loss: 0.23684 - accuracy: 0.947
Model is Bert, dataset is subj, undersample is True, aug mode is None, geo is None, pct_usage is None, small_label is 0, small_prop is 0.4, balance_seed is 2, lr is 2e-05, max_epochs is 4, split_num is 4
Training epoch 0 | loss: 0.23833 - accuracy: 0.89889
Validating epoch 0 | loss: 0.15075 - accuracy: 0.949
Training epoch 1 | loss: 0.04144 - accuracy: 0.98733
Validating epoch 1 | loss: 0.16459 - accuracy: 0.955
Training epoch 2 | loss: 0.00718 - accuracy: 0.99889
Validating epoch 2 | loss: 0.19447 - accuracy: 0.956
Training epoch 3 | loss: 0.00407 - accuracy: 0.99944
Validating epoch 3 | loss: 0.20366 - accuracy: 0.957
Model is Bert, dataset is subj, undersample is None, aug mode is trans, geo is 0.1, pct_usage is None, small_label is 0, small_prop is 0.4, balance_seed is 2, lr is 2e-05, max_epochs is 4, split_num is 4
Training epoch 0 | loss: 0.28932 - accuracy: 0.87989
Validating epoch 0 | loss: 0.13777 - accuracy: 0.948
Training epoch 1 | loss: 0.10652 - accuracy: 0.96289
Validating epoch 1 | loss: 0.12861 - accuracy: 0.958
Training epoch 2 | loss: 0.05603 - accuracy: 0.98167
Validating epoch 2 | loss: 0.12004 - accuracy: 0.962
Training epoch 3 | loss: 0.03347 - accuracy: 0.98956
Validating epoch 3 | loss: 0.12639 - accuracy: 0.965
Model is Bert, dataset is subj, undersample is None, aug mode is trans, geo is 0.3, pct_usage is None, small_label is 0, small_prop is 0.4, balance_seed is 2, lr is 2e-05, max_epochs is 4, split_num is 4
Training epoch 0 | loss: 0.29835 - accuracy: 0.87189
Validating epoch 0 | loss: 0.13184 - accuracy: 0.954
Training epoch 1 | loss: 0.1059 - accuracy: 0.96356
Validating epoch 1 | loss: 0.10996 - accuracy: 0.963
Training epoch 2 | loss: 0.05463 - accuracy: 0.98378
Validating epoch 2 | loss: 0.11694 - accuracy: 0.96
Training epoch 3 | loss: 0.03555 - accuracy: 0.98944
Validating epoch 3 | loss: 0.11831 - accuracy: 0.966
Model is Bert, dataset is subj, undersample is None, aug mode is trans, geo is 0.5, pct_usage is None, small_label is 0, small_prop is 0.4, balance_seed is 2, lr is 2e-05, max_epochs is 4, split_num is 4
Training epoch 0 | loss: 0.26726 - accuracy: 0.88744
Validating epoch 0 | loss: 0.1182 - accuracy: 0.961
Training epoch 1 | loss: 0.09552 - accuracy: 0.96656
Validating epoch 1 | loss: 0.11322 - accuracy: 0.965
Training epoch 2 | loss: 0.05138 - accuracy: 0.98367
Validating epoch 2 | loss: 0.12102 - accuracy: 0.964
Training epoch 3 | loss: 0.03346 - accuracy: 0.99
Validating epoch 3 | loss: 0.12805 - accuracy: 0.962
Model is Bert, dataset is subj, undersample is None, aug mode is trans, geo is 0.7, pct_usage is None, small_label is 0, small_prop is 0.4, balance_seed is 2, lr is 2e-05, max_epochs is 4, split_num is 4
Training epoch 0 | loss: 0.26487 - accuracy: 0.88433
Validating epoch 0 | loss: 0.14829 - accuracy: 0.948
Training epoch 1 | loss: 0.08047 - accuracy: 0.97367
Validating epoch 1 | loss: 0.12935 - accuracy: 0.958
Training epoch 2 | loss: 0.04559 - accuracy: 0.98644
Validating epoch 2 | loss: 0.12783 - accuracy: 0.961
Training epoch 3 | loss: 0.02635 - accuracy: 0.99222
Validating epoch 3 | loss: 0.12535 - accuracy: 0.965
Model is Bert, dataset is subj, undersample is None, aug mode is trans, geo is 0.9, pct_usage is None, small_label is 0, small_prop is 0.4, balance_seed is 2, lr is 2e-05, max_epochs is 4, split_num is 4
Training epoch 0 | loss: 0.25166 - accuracy: 0.89767
Validating epoch 0 | loss: 0.17429 - accuracy: 0.941
Training epoch 1 | loss: 0.07414 - accuracy: 0.97778
Validating epoch 1 | loss: 0.1651 - accuracy: 0.956
Training epoch 2 | loss: 0.03514 - accuracy: 0.98856
Validating epoch 2 | loss: 0.16022 - accuracy: 0.956
Training epoch 3 | loss: 0.0222 - accuracy: 0.99389
Validating epoch 3 | loss: 0.13852 - accuracy: 0.964
Model is Bert, dataset is subj, undersample is False, aug mode is None, geo is None, pct_usage is None, small_label is 1, small_prop is 0.4, balance_seed is 2, lr is 2e-05, max_epochs is 4, split_num is 4
Training epoch 0 | loss: 0.25359 - accuracy: 0.89167
Validating epoch 0 | loss: 0.11988 - accuracy: 0.959
Training epoch 1 | loss: 0.04504 - accuracy: 0.98767
Validating epoch 1 | loss: 0.16349 - accuracy: 0.955
Training epoch 2 | loss: 0.01109 - accuracy: 0.99733
Validating epoch 2 | loss: 0.1469 - accuracy: 0.964
Training epoch 3 | loss: 0.00407 - accuracy: 0.99922
Validating epoch 3 | loss: 0.17361 - accuracy: 0.959
Model is Bert, dataset is subj, undersample is True, aug mode is None, geo is None, pct_usage is None, small_label is 1, small_prop is 0.4, balance_seed is 2, lr is 2e-05, max_epochs is 4, split_num is 4
Training epoch 0 | loss: 0.22696 - accuracy: 0.90578
Validating epoch 0 | loss: 0.14212 - accuracy: 0.954
Training epoch 1 | loss: 0.04053 - accuracy: 0.99
Validating epoch 1 | loss: 0.20481 - accuracy: 0.941
Training epoch 2 | loss: 0.01033 - accuracy: 0.99744
Validating epoch 2 | loss: 0.19403 - accuracy: 0.957
Training epoch 3 | loss: 0.00341 - accuracy: 0.99944
Validating epoch 3 | loss: 0.18587 - accuracy: 0.959
Model is Bert, dataset is subj, undersample is None, aug mode is trans, geo is 0.1, pct_usage is None, small_label is 1, small_prop is 0.4, balance_seed is 2, lr is 2e-05, max_epochs is 4, split_num is 4
Training epoch 0 | loss: 0.26621 - accuracy: 0.88011
Validating epoch 0 | loss: 0.13925 - accuracy: 0.951
Training epoch 1 | loss: 0.0803 - accuracy: 0.97333
Validating epoch 1 | loss: 0.10973 - accuracy: 0.959
Training epoch 2 | loss: 0.03863 - accuracy: 0.98822
Validating epoch 2 | loss: 0.14838 - accuracy: 0.959
Training epoch 3 | loss: 0.02538 - accuracy: 0.99233
Validating epoch 3 | loss: 0.14774 - accuracy: 0.958
Model is Bert, dataset is subj, undersample is None, aug mode is trans, geo is 0.3, pct_usage is None, small_label is 1, small_prop is 0.4, balance_seed is 2, lr is 2e-05, max_epochs is 4, split_num is 4
Training epoch 0 | loss: 0.26046 - accuracy: 0.88822
Validating epoch 0 | loss: 0.13592 - accuracy: 0.95
Training epoch 1 | loss: 0.07865 - accuracy: 0.975
Validating epoch 1 | loss: 0.15738 - accuracy: 0.949
Training epoch 2 | loss: 0.03918 - accuracy: 0.98878
Validating epoch 2 | loss: 0.14261 - accuracy: 0.961
Training epoch 3 | loss: 0.02257 - accuracy: 0.99467
Validating epoch 3 | loss: 0.1319 - accuracy: 0.966
Model is Bert, dataset is subj, undersample is None, aug mode is trans, geo is 0.5, pct_usage is None, small_label is 1, small_prop is 0.4, balance_seed is 2, lr is 2e-05, max_epochs is 4, split_num is 4
Training epoch 0 | loss: 0.26249 - accuracy: 0.88789
Validating epoch 0 | loss: 0.14435 - accuracy: 0.948
Training epoch 1 | loss: 0.0736 - accuracy: 0.97711
Validating epoch 1 | loss: 0.10763 - accuracy: 0.963
Training epoch 2 | loss: 0.04021 - accuracy: 0.98944
Validating epoch 2 | loss: 0.13505 - accuracy: 0.962
Training epoch 3 | loss: 0.02155 - accuracy: 0.99444
Validating epoch 3 | loss: 0.14494 - accuracy: 0.965
Model is Bert, dataset is subj, undersample is None, aug mode is trans, geo is 0.7, pct_usage is None, small_label is 1, small_prop is 0.4, balance_seed is 2, lr is 2e-05, max_epochs is 4, split_num is 4
Training epoch 0 | loss: 0.2365 - accuracy: 0.89944
Validating epoch 0 | loss: 0.14246 - accuracy: 0.951
Training epoch 1 | loss: 0.06284 - accuracy: 0.98044
Validating epoch 1 | loss: 0.14534 - accuracy: 0.953
Training epoch 2 | loss: 0.02848 - accuracy: 0.99133
Validating epoch 2 | loss: 0.15623 - accuracy: 0.957
Training epoch 3 | loss: 0.01427 - accuracy: 0.99656
Validating epoch 3 | loss: 0.1507 - accuracy: 0.961
Model is Bert, dataset is subj, undersample is None, aug mode is trans, geo is 0.9, pct_usage is None, small_label is 1, small_prop is 0.4, balance_seed is 2, lr is 2e-05, max_epochs is 4, split_num is 4
Training epoch 0 | loss: 0.263 - accuracy: 0.88889
Validating epoch 0 | loss: 0.11976 - accuracy: 0.957
Training epoch 1 | loss: 0.06065 - accuracy: 0.98144
Validating epoch 1 | loss: 0.13723 - accuracy: 0.96
Training epoch 2 | loss: 0.02241 - accuracy: 0.99411
Validating epoch 2 | loss: 0.14004 - accuracy: 0.964
Training epoch 3 | loss: 0.01129 - accuracy: 0.99733
Validating epoch 3 | loss: 0.13106 - accuracy: 0.971
Model is Bert, dataset is subj, undersample is False, aug mode is None, geo is None, pct_usage is None, small_label is 0, small_prop is 0.6, balance_seed is 2, lr is 2e-05, max_epochs is 4, split_num is 4
Training epoch 0 | loss: 0.25808 - accuracy: 0.88411
Validating epoch 0 | loss: 0.15027 - accuracy: 0.95
Training epoch 1 | loss: 0.06137 - accuracy: 0.98089
Validating epoch 1 | loss: 0.12788 - accuracy: 0.959
Training epoch 2 | loss: 0.02175 - accuracy: 0.99467
Validating epoch 2 | loss: 0.13981 - accuracy: 0.966
Training epoch 3 | loss: 0.00783 - accuracy: 0.99789
Validating epoch 3 | loss: 0.16715 - accuracy: 0.959
Model is Bert, dataset is subj, undersample is True, aug mode is None, geo is None, pct_usage is None, small_label is 0, small_prop is 0.6, balance_seed is 2, lr is 2e-05, max_epochs is 4, split_num is 4
Training epoch 0 | loss: 0.2525 - accuracy: 0.89078
Validating epoch 0 | loss: 0.15406 - accuracy: 0.948
Training epoch 1 | loss: 0.05713 - accuracy: 0.98244
Validating epoch 1 | loss: 0.15217 - accuracy: 0.956
Training epoch 2 | loss: 0.01476 - accuracy: 0.99644
Validating epoch 2 | loss: 0.15783 - accuracy: 0.963
Training epoch 3 | loss: 0.00677 - accuracy: 0.99911
Validating epoch 3 | loss: 0.19281 - accuracy: 0.96
Model is Bert, dataset is subj, undersample is None, aug mode is trans, geo is 0.1, pct_usage is None, small_label is 0, small_prop is 0.6, balance_seed is 2, lr is 2e-05, max_epochs is 4, split_num is 4
Training epoch 0 | loss: 0.29712 - accuracy: 0.861
Validating epoch 0 | loss: 0.13159 - accuracy: 0.953
Training epoch 1 | loss: 0.11524 - accuracy: 0.96011
Validating epoch 1 | loss: 0.11382 - accuracy: 0.962
Training epoch 2 | loss: 0.06151 - accuracy: 0.98133
Validating epoch 2 | loss: 0.12754 - accuracy: 0.96
Training epoch 3 | loss: 0.03905 - accuracy: 0.98844
Validating epoch 3 | loss: 0.12851 - accuracy: 0.961
Model is Bert, dataset is subj, undersample is None, aug mode is trans, geo is 0.3, pct_usage is None, small_label is 0, small_prop is 0.6, balance_seed is 2, lr is 2e-05, max_epochs is 4, split_num is 4
Training epoch 0 | loss: 0.27174 - accuracy: 0.88967
Validating epoch 0 | loss: 0.12097 - accuracy: 0.958
Training epoch 1 | loss: 0.1066 - accuracy: 0.96367
Validating epoch 1 | loss: 0.10777 - accuracy: 0.965
Training epoch 2 | loss: 0.06063 - accuracy: 0.98133
Validating epoch 2 | loss: 0.11793 - accuracy: 0.964
Training epoch 3 | loss: 0.03655 - accuracy: 0.988
Validating epoch 3 | loss: 0.12137 - accuracy: 0.965
Model is Bert, dataset is subj, undersample is None, aug mode is trans, geo is 0.5, pct_usage is None, small_label is 0, small_prop is 0.6, balance_seed is 2, lr is 2e-05, max_epochs is 4, split_num is 4
Training epoch 0 | loss: 0.26884 - accuracy: 0.89378
Validating epoch 0 | loss: 0.15078 - accuracy: 0.949
Training epoch 1 | loss: 0.09897 - accuracy: 0.965
Validating epoch 1 | loss: 0.10037 - accuracy: 0.96
Training epoch 2 | loss: 0.04996 - accuracy: 0.98389
Validating epoch 2 | loss: 0.09988 - accuracy: 0.97
Training epoch 3 | loss: 0.03002 - accuracy: 0.99122
Validating epoch 3 | loss: 0.10917 - accuracy: 0.968
Model is Bert, dataset is subj, undersample is None, aug mode is trans, geo is 0.7, pct_usage is None, small_label is 0, small_prop is 0.6, balance_seed is 2, lr is 2e-05, max_epochs is 4, split_num is 4
Training epoch 0 | loss: 0.26012 - accuracy: 0.89056
Validating epoch 0 | loss: 0.12805 - accuracy: 0.961
Training epoch 1 | loss: 0.09762 - accuracy: 0.96589
Validating epoch 1 | loss: 0.10582 - accuracy: 0.963
Training epoch 2 | loss: 0.05478 - accuracy: 0.98378
Validating epoch 2 | loss: 0.1171 - accuracy: 0.961
Training epoch 3 | loss: 0.0362 - accuracy: 0.98967
Validating epoch 3 | loss: 0.12331 - accuracy: 0.964
Model is Bert, dataset is subj, undersample is None, aug mode is trans, geo is 0.9, pct_usage is None, small_label is 0, small_prop is 0.6, balance_seed is 2, lr is 2e-05, max_epochs is 4, split_num is 4
Training epoch 0 | loss: 0.27442 - accuracy: 0.88167
Validating epoch 0 | loss: 0.15261 - accuracy: 0.947
Training epoch 1 | loss: 0.09313 - accuracy: 0.97044
Validating epoch 1 | loss: 0.15224 - accuracy: 0.961
Training epoch 2 | loss: 0.04577 - accuracy: 0.98633
Validating epoch 2 | loss: 0.13887 - accuracy: 0.963
Training epoch 3 | loss: 0.03107 - accuracy: 0.99222
Validating epoch 3 | loss: 0.12625 - accuracy: 0.963
Model is Bert, dataset is subj, undersample is False, aug mode is None, geo is None, pct_usage is None, small_label is 1, small_prop is 0.6, balance_seed is 2, lr is 2e-05, max_epochs is 4, split_num is 4
Training epoch 0 | loss: 0.26969 - accuracy: 0.87689
Validating epoch 0 | loss: 0.12633 - accuracy: 0.96
Training epoch 1 | loss: 0.05269 - accuracy: 0.98278
Validating epoch 1 | loss: 0.11208 - accuracy: 0.966
Training epoch 2 | loss: 0.01659 - accuracy: 0.99544
Validating epoch 2 | loss: 0.13474 - accuracy: 0.965
Training epoch 3 | loss: 0.00529 - accuracy: 0.99878
Validating epoch 3 | loss: 0.13513 - accuracy: 0.965
Model is Bert, dataset is subj, undersample is True, aug mode is None, geo is None, pct_usage is None, small_label is 1, small_prop is 0.6, balance_seed is 2, lr is 2e-05, max_epochs is 4, split_num is 4
Training epoch 0 | loss: 0.24391 - accuracy: 0.90189
Validating epoch 0 | loss: 0.14129 - accuracy: 0.958
Training epoch 1 | loss: 0.04767 - accuracy: 0.98722
Validating epoch 1 | loss: 0.1362 - accuracy: 0.962
Training epoch 2 | loss: 0.01519 - accuracy: 0.99544
Validating epoch 2 | loss: 0.14906 - accuracy: 0.965
Training epoch 3 | loss: 0.00555 - accuracy: 0.99889
Validating epoch 3 | loss: 0.17998 - accuracy: 0.962
Model is Bert, dataset is subj, undersample is None, aug mode is trans, geo is 0.1, pct_usage is None, small_label is 1, small_prop is 0.6, balance_seed is 2, lr is 2e-05, max_epochs is 4, split_num is 4
Training epoch 0 | loss: 0.26739 - accuracy: 0.88833
Validating epoch 0 | loss: 0.11936 - accuracy: 0.957
Training epoch 1 | loss: 0.08888 - accuracy: 0.96856
Validating epoch 1 | loss: 0.12726 - accuracy: 0.954
Training epoch 2 | loss: 0.05029 - accuracy: 0.98467
Validating epoch 2 | loss: 0.11756 - accuracy: 0.963
Training epoch 3 | loss: 0.0278 - accuracy: 0.99278
Validating epoch 3 | loss: 0.13601 - accuracy: 0.963
Model is Bert, dataset is subj, undersample is None, aug mode is trans, geo is 0.3, pct_usage is None, small_label is 1, small_prop is 0.6, balance_seed is 2, lr is 2e-05, max_epochs is 4, split_num is 4
Training epoch 0 | loss: 0.25297 - accuracy: 0.89522
Validating epoch 0 | loss: 0.13715 - accuracy: 0.949
Training epoch 1 | loss: 0.08282 - accuracy: 0.97089
Validating epoch 1 | loss: 0.13381 - accuracy: 0.954
Training epoch 2 | loss: 0.0422 - accuracy: 0.98733
Validating epoch 2 | loss: 0.13594 - accuracy: 0.958
Training epoch 3 | loss: 0.02495 - accuracy: 0.99289
Validating epoch 3 | loss: 0.15735 - accuracy: 0.957
Model is Bert, dataset is subj, undersample is None, aug mode is trans, geo is 0.5, pct_usage is None, small_label is 1, small_prop is 0.6, balance_seed is 2, lr is 2e-05, max_epochs is 4, split_num is 4
Training epoch 0 | loss: 0.24839 - accuracy: 0.899
Validating epoch 0 | loss: 0.16236 - accuracy: 0.944
Training epoch 1 | loss: 0.08192 - accuracy: 0.97344
Validating epoch 1 | loss: 0.11353 - accuracy: 0.959
Training epoch 2 | loss: 0.03952 - accuracy: 0.98856
Validating epoch 2 | loss: 0.1195 - accuracy: 0.964
Training epoch 3 | loss: 0.02299 - accuracy: 0.99311
Validating epoch 3 | loss: 0.15337 - accuracy: 0.961
Model is Bert, dataset is subj, undersample is None, aug mode is trans, geo is 0.7, pct_usage is None, small_label is 1, small_prop is 0.6, balance_seed is 2, lr is 2e-05, max_epochs is 4, split_num is 4
Training epoch 0 | loss: 0.28184 - accuracy: 0.88044
Validating epoch 0 | loss: 0.11489 - accuracy: 0.959
Training epoch 1 | loss: 0.07812 - accuracy: 0.97411
Validating epoch 1 | loss: 0.12194 - accuracy: 0.957
Training epoch 2 | loss: 0.03527 - accuracy: 0.98933
Validating epoch 2 | loss: 0.15033 - accuracy: 0.955
Training epoch 3 | loss: 0.02007 - accuracy: 0.99378
Validating epoch 3 | loss: 0.14708 - accuracy: 0.954
Model is Bert, dataset is subj, undersample is None, aug mode is trans, geo is 0.9, pct_usage is None, small_label is 1, small_prop is 0.6, balance_seed is 2, lr is 2e-05, max_epochs is 4, split_num is 4
Training epoch 0 | loss: 0.26377 - accuracy: 0.88444
Validating epoch 0 | loss: 0.17142 - accuracy: 0.939
Training epoch 1 | loss: 0.07775 - accuracy: 0.97656
Validating epoch 1 | loss: 0.13289 - accuracy: 0.959
Training epoch 2 | loss: 0.03797 - accuracy: 0.98989
Validating epoch 2 | loss: 0.11942 - accuracy: 0.964
Training epoch 3 | loss: 0.01721 - accuracy: 0.99578
Validating epoch 3 | loss: 0.12518 - accuracy: 0.965
Model is Bert, dataset is subj, undersample is False, aug mode is None, geo is None, pct_usage is None, small_label is 0, small_prop is 0.8, balance_seed is 2, lr is 2e-05, max_epochs is 4, split_num is 4
Training epoch 0 | loss: 0.24289 - accuracy: 0.89433
Validating epoch 0 | loss: 0.1389 - accuracy: 0.954
Training epoch 1 | loss: 0.06753 - accuracy: 0.97856
Validating epoch 1 | loss: 0.11175 - accuracy: 0.963
Training epoch 2 | loss: 0.02088 - accuracy: 0.99389
Validating epoch 2 | loss: 0.13874 - accuracy: 0.961
Training epoch 3 | loss: 0.00798 - accuracy: 0.99789
Validating epoch 3 | loss: 0.15715 - accuracy: 0.96
Model is Bert, dataset is subj, undersample is True, aug mode is None, geo is None, pct_usage is None, small_label is 0, small_prop is 0.8, balance_seed is 2, lr is 2e-05, max_epochs is 4, split_num is 4
Training epoch 0 | loss: 0.2508 - accuracy: 0.89189
Validating epoch 0 | loss: 0.18351 - accuracy: 0.933
Training epoch 1 | loss: 0.05425 - accuracy: 0.98422
Validating epoch 1 | loss: 0.21321 - accuracy: 0.943
Training epoch 2 | loss: 0.02009 - accuracy: 0.99422
Validating epoch 2 | loss: 0.14976 - accuracy: 0.963
Training epoch 3 | loss: 0.00624 - accuracy: 0.99844
Validating epoch 3 | loss: 0.16346 - accuracy: 0.96
Model is Bert, dataset is subj, undersample is None, aug mode is trans, geo is 0.1, pct_usage is None, small_label is 0, small_prop is 0.8, balance_seed is 2, lr is 2e-05, max_epochs is 4, split_num is 4
Training epoch 0 | loss: 0.29817 - accuracy: 0.87489
Validating epoch 0 | loss: 0.13408 - accuracy: 0.958
Training epoch 1 | loss: 0.11645 - accuracy: 0.95889
Validating epoch 1 | loss: 0.10839 - accuracy: 0.963
Training epoch 2 | loss: 0.06685 - accuracy: 0.97733
Validating epoch 2 | loss: 0.11157 - accuracy: 0.964
Training epoch 3 | loss: 0.043 - accuracy: 0.98656
Validating epoch 3 | loss: 0.12437 - accuracy: 0.961
Model is Bert, dataset is subj, undersample is None, aug mode is trans, geo is 0.3, pct_usage is None, small_label is 0, small_prop is 0.8, balance_seed is 2, lr is 2e-05, max_epochs is 4, split_num is 4
Training epoch 0 | loss: 0.29189 - accuracy: 0.869
Validating epoch 0 | loss: 0.13527 - accuracy: 0.948
Training epoch 1 | loss: 0.10603 - accuracy: 0.96433
Validating epoch 1 | loss: 0.13057 - accuracy: 0.955
Training epoch 2 | loss: 0.05842 - accuracy: 0.98133
Validating epoch 2 | loss: 0.11367 - accuracy: 0.964
Training epoch 3 | loss: 0.03824 - accuracy: 0.98944
Validating epoch 3 | loss: 0.12106 - accuracy: 0.962
Model is Bert, dataset is subj, undersample is None, aug mode is trans, geo is 0.5, pct_usage is None, small_label is 0, small_prop is 0.8, balance_seed is 2, lr is 2e-05, max_epochs is 4, split_num is 4
Training epoch 0 | loss: 0.27468 - accuracy: 0.888
Validating epoch 0 | loss: 0.12372 - accuracy: 0.961
Training epoch 1 | loss: 0.10839 - accuracy: 0.963
Validating epoch 1 | loss: 0.10239 - accuracy: 0.965
Training epoch 2 | loss: 0.06521 - accuracy: 0.98033
Validating epoch 2 | loss: 0.10577 - accuracy: 0.962
Training epoch 3 | loss: 0.03753 - accuracy: 0.98878
Validating epoch 3 | loss: 0.10452 - accuracy: 0.966
Model is Bert, dataset is subj, undersample is None, aug mode is trans, geo is 0.7, pct_usage is None, small_label is 0, small_prop is 0.8, balance_seed is 2, lr is 2e-05, max_epochs is 4, split_num is 4
Training epoch 0 | loss: 0.26575 - accuracy: 0.89011
Validating epoch 0 | loss: 0.13971 - accuracy: 0.954
Training epoch 1 | loss: 0.09764 - accuracy: 0.96667
Validating epoch 1 | loss: 0.1093 - accuracy: 0.969
Training epoch 2 | loss: 0.05537 - accuracy: 0.982
Validating epoch 2 | loss: 0.10881 - accuracy: 0.968
Training epoch 3 | loss: 0.03443 - accuracy: 0.98944
Validating epoch 3 | loss: 0.11415 - accuracy: 0.97
Model is Bert, dataset is subj, undersample is None, aug mode is trans, geo is 0.9, pct_usage is None, small_label is 0, small_prop is 0.8, balance_seed is 2, lr is 2e-05, max_epochs is 4, split_num is 4
Training epoch 0 | loss: 0.25555 - accuracy: 0.89233
Validating epoch 0 | loss: 0.10971 - accuracy: 0.963
Training epoch 1 | loss: 0.07849 - accuracy: 0.97478
Validating epoch 1 | loss: 0.12479 - accuracy: 0.959
Training epoch 2 | loss: 0.04409 - accuracy: 0.98656
Validating epoch 2 | loss: 0.12822 - accuracy: 0.966
Training epoch 3 | loss: 0.02231 - accuracy: 0.99389
Validating epoch 3 | loss: 0.13243 - accuracy: 0.966
Model is Bert, dataset is subj, undersample is False, aug mode is None, geo is None, pct_usage is None, small_label is 1, small_prop is 0.8, balance_seed is 2, lr is 2e-05, max_epochs is 4, split_num is 4
Training epoch 0 | loss: 0.26694 - accuracy: 0.88889
Validating epoch 0 | loss: 0.12275 - accuracy: 0.956
Training epoch 1 | loss: 0.07939 - accuracy: 0.97422
Validating epoch 1 | loss: 0.10439 - accuracy: 0.964
Training epoch 2 | loss: 0.02851 - accuracy: 0.99233
Validating epoch 2 | loss: 0.13537 - accuracy: 0.96
Training epoch 3 | loss: 0.0151 - accuracy: 0.99589
Validating epoch 3 | loss: 0.12537 - accuracy: 0.964
Model is Bert, dataset is subj, undersample is True, aug mode is None, geo is None, pct_usage is None, small_label is 1, small_prop is 0.8, balance_seed is 2, lr is 2e-05, max_epochs is 4, split_num is 4
Training epoch 0 | loss: 0.24329 - accuracy: 0.90956
Validating epoch 0 | loss: 0.1351 - accuracy: 0.955
Training epoch 1 | loss: 0.05723 - accuracy: 0.98256
Validating epoch 1 | loss: 0.15436 - accuracy: 0.961
Training epoch 2 | loss: 0.01748 - accuracy: 0.99567
Validating epoch 2 | loss: 0.15299 - accuracy: 0.959
Training epoch 3 | loss: 0.00877 - accuracy: 0.99756
Validating epoch 3 | loss: 0.16032 - accuracy: 0.962
Model is Bert, dataset is subj, undersample is None, aug mode is trans, geo is 0.1, pct_usage is None, small_label is 1, small_prop is 0.8, balance_seed is 2, lr is 2e-05, max_epochs is 4, split_num is 4
Training epoch 0 | loss: 0.26283 - accuracy: 0.88678
Validating epoch 0 | loss: 0.12334 - accuracy: 0.955
Training epoch 1 | loss: 0.08728 - accuracy: 0.97167
Validating epoch 1 | loss: 0.13558 - accuracy: 0.951
Training epoch 2 | loss: 0.05172 - accuracy: 0.98333
Validating epoch 2 | loss: 0.12387 - accuracy: 0.963
Training epoch 3 | loss: 0.02925 - accuracy: 0.992
Validating epoch 3 | loss: 0.15077 - accuracy: 0.956
Model is Bert, dataset is subj, undersample is None, aug mode is trans, geo is 0.3, pct_usage is None, small_label is 1, small_prop is 0.8, balance_seed is 2, lr is 2e-05, max_epochs is 4, split_num is 4
Training epoch 0 | loss: 0.27077 - accuracy: 0.88511
Validating epoch 0 | loss: 0.14627 - accuracy: 0.954
Training epoch 1 | loss: 0.0879 - accuracy: 0.971
Validating epoch 1 | loss: 0.12115 - accuracy: 0.967
Training epoch 2 | loss: 0.04583 - accuracy: 0.98489
Validating epoch 2 | loss: 0.12623 - accuracy: 0.961
Training epoch 3 | loss: 0.03114 - accuracy: 0.99144
Validating epoch 3 | loss: 0.15439 - accuracy: 0.957
Model is Bert, dataset is subj, undersample is None, aug mode is trans, geo is 0.5, pct_usage is None, small_label is 1, small_prop is 0.8, balance_seed is 2, lr is 2e-05, max_epochs is 4, split_num is 4
Training epoch 0 | loss: 0.25335 - accuracy: 0.89844
Validating epoch 0 | loss: 0.14018 - accuracy: 0.946
Training epoch 1 | loss: 0.08656 - accuracy: 0.96978
Validating epoch 1 | loss: 0.12656 - accuracy: 0.957
Training epoch 2 | loss: 0.04377 - accuracy: 0.986
Validating epoch 2 | loss: 0.14534 - accuracy: 0.961
Training epoch 3 | loss: 0.02476 - accuracy: 0.99322
Validating epoch 3 | loss: 0.15802 - accuracy: 0.961
Model is Bert, dataset is subj, undersample is None, aug mode is trans, geo is 0.7, pct_usage is None, small_label is 1, small_prop is 0.8, balance_seed is 2, lr is 2e-05, max_epochs is 4, split_num is 4
Training epoch 0 | loss: 0.27245 - accuracy: 0.88422
Validating epoch 0 | loss: 0.17624 - accuracy: 0.94
Training epoch 1 | loss: 0.08592 - accuracy: 0.97267
Validating epoch 1 | loss: 0.12271 - accuracy: 0.954
Training epoch 2 | loss: 0.04339 - accuracy: 0.98744
Validating epoch 2 | loss: 0.1246 - accuracy: 0.959
Training epoch 3 | loss: 0.02385 - accuracy: 0.99356
Validating epoch 3 | loss: 0.15264 - accuracy: 0.958
Model is Bert, dataset is subj, undersample is None, aug mode is trans, geo is 0.9, pct_usage is None, small_label is 1, small_prop is 0.8, balance_seed is 2, lr is 2e-05, max_epochs is 4, split_num is 4
Training epoch 0 | loss: 0.25215 - accuracy: 0.89878
Validating epoch 0 | loss: 0.11307 - accuracy: 0.957
Training epoch 1 | loss: 0.07642 - accuracy: 0.97678
Validating epoch 1 | loss: 0.12012 - accuracy: 0.96
Training epoch 2 | loss: 0.03152 - accuracy: 0.99033
Validating epoch 2 | loss: 0.11757 - accuracy: 0.966
Training epoch 3 | loss: 0.01614 - accuracy: 0.99567
Validating epoch 3 | loss: 0.1279 - accuracy: 0.964
