Model is Bert, dataset is subj, undersample is False, aug mode is None, geo is None, pct_usage is None, small_label is 0, small_prop is 0.2, balance_seed is 2, lr is 2e-05, max_epochs is 4, split_num is 3
Training epoch 0 | loss: 0.22276 - accuracy: 0.91411
Validating epoch 0 | loss: 0.20507 - accuracy: 0.934
Training epoch 1 | loss: 0.03163 - accuracy: 0.991
Validating epoch 1 | loss: 0.28276 - accuracy: 0.926
Training epoch 2 | loss: 0.00718 - accuracy: 0.99789
Validating epoch 2 | loss: 0.36248 - accuracy: 0.917
Training epoch 3 | loss: 0.00268 - accuracy: 0.99956
Validating epoch 3 | loss: 0.29702 - accuracy: 0.94
Model is Bert, dataset is subj, undersample is True, aug mode is None, geo is None, pct_usage is None, small_label is 0, small_prop is 0.2, balance_seed is 2, lr is 2e-05, max_epochs is 4, split_num is 3
Training epoch 0 | loss: 0.21149 - accuracy: 0.91289
Validating epoch 0 | loss: 0.16042 - accuracy: 0.948
Training epoch 1 | loss: 0.00603 - accuracy: 0.99889
Validating epoch 1 | loss: 0.20769 - accuracy: 0.958
Training epoch 2 | loss: 0.00085 - accuracy: 1.0
Validating epoch 2 | loss: 0.22696 - accuracy: 0.96
Training epoch 3 | loss: 0.00062 - accuracy: 1.0
Validating epoch 3 | loss: 0.23332 - accuracy: 0.957
Model is Bert, dataset is subj, undersample is None, aug mode is trans, geo is 0.1, pct_usage is None, small_label is 0, small_prop is 0.2, balance_seed is 2, lr is 2e-05, max_epochs is 4, split_num is 3
Training epoch 0 | loss: 0.29473 - accuracy: 0.87244
Validating epoch 0 | loss: 0.13641 - accuracy: 0.95
Training epoch 1 | loss: 0.1011 - accuracy: 0.965
Validating epoch 1 | loss: 0.13198 - accuracy: 0.955
Training epoch 2 | loss: 0.05259 - accuracy: 0.98356
Validating epoch 2 | loss: 0.14035 - accuracy: 0.954
Training epoch 3 | loss: 0.02766 - accuracy: 0.99078
Validating epoch 3 | loss: 0.16436 - accuracy: 0.949
Model is Bert, dataset is subj, undersample is None, aug mode is trans, geo is 0.3, pct_usage is None, small_label is 0, small_prop is 0.2, balance_seed is 2, lr is 2e-05, max_epochs is 4, split_num is 3
Training epoch 0 | loss: 0.27248 - accuracy: 0.88711
Validating epoch 0 | loss: 0.14468 - accuracy: 0.947
Training epoch 1 | loss: 0.0837 - accuracy: 0.97311
Validating epoch 1 | loss: 0.14205 - accuracy: 0.954
Training epoch 2 | loss: 0.04061 - accuracy: 0.98822
Validating epoch 2 | loss: 0.15616 - accuracy: 0.95
Training epoch 3 | loss: 0.02386 - accuracy: 0.99344
Validating epoch 3 | loss: 0.16129 - accuracy: 0.955
Model is Bert, dataset is subj, undersample is None, aug mode is trans, geo is 0.5, pct_usage is None, small_label is 0, small_prop is 0.2, balance_seed is 2, lr is 2e-05, max_epochs is 4, split_num is 3
Training epoch 0 | loss: 0.26157 - accuracy: 0.88422
Validating epoch 0 | loss: 0.13486 - accuracy: 0.947
Training epoch 1 | loss: 0.08531 - accuracy: 0.97189
Validating epoch 1 | loss: 0.13638 - accuracy: 0.955
Training epoch 2 | loss: 0.04084 - accuracy: 0.98844
Validating epoch 2 | loss: 0.18264 - accuracy: 0.943
Training epoch 3 | loss: 0.03319 - accuracy: 0.99111
Validating epoch 3 | loss: 0.15359 - accuracy: 0.953
Model is Bert, dataset is subj, undersample is None, aug mode is trans, geo is 0.7, pct_usage is None, small_label is 0, small_prop is 0.2, balance_seed is 2, lr is 2e-05, max_epochs is 4, split_num is 3
Training epoch 0 | loss: 0.27871 - accuracy: 0.87544
Validating epoch 0 | loss: 0.15612 - accuracy: 0.949
Training epoch 1 | loss: 0.08128 - accuracy: 0.97467
Validating epoch 1 | loss: 0.13269 - accuracy: 0.952
Training epoch 2 | loss: 0.04585 - accuracy: 0.98567
Validating epoch 2 | loss: 0.13992 - accuracy: 0.953
Training epoch 3 | loss: 0.02827 - accuracy: 0.99244
Validating epoch 3 | loss: 0.15608 - accuracy: 0.953
Model is Bert, dataset is subj, undersample is None, aug mode is trans, geo is 0.9, pct_usage is None, small_label is 0, small_prop is 0.2, balance_seed is 2, lr is 2e-05, max_epochs is 4, split_num is 3
Training epoch 0 | loss: 0.24605 - accuracy: 0.90233
Validating epoch 0 | loss: 0.12489 - accuracy: 0.958
Training epoch 1 | loss: 0.05431 - accuracy: 0.98278
Validating epoch 1 | loss: 0.20284 - accuracy: 0.944
Training epoch 2 | loss: 0.02701 - accuracy: 0.99267
Validating epoch 2 | loss: 0.17394 - accuracy: 0.946
Training epoch 3 | loss: 0.01766 - accuracy: 0.99522
Validating epoch 3 | loss: 0.15388 - accuracy: 0.95
Model is Bert, dataset is subj, undersample is False, aug mode is None, geo is None, pct_usage is None, small_label is 1, small_prop is 0.2, balance_seed is 2, lr is 2e-05, max_epochs is 4, split_num is 3
Training epoch 0 | loss: 0.23145 - accuracy: 0.90278
Validating epoch 0 | loss: 0.14492 - accuracy: 0.953
Training epoch 1 | loss: 0.03155 - accuracy: 0.99244
Validating epoch 1 | loss: 0.25779 - accuracy: 0.934
Training epoch 2 | loss: 0.01393 - accuracy: 0.99689
Validating epoch 2 | loss: 0.20075 - accuracy: 0.952
Training epoch 3 | loss: 0.00793 - accuracy: 0.99822
Validating epoch 3 | loss: 0.2355 - accuracy: 0.943
Model is Bert, dataset is subj, undersample is True, aug mode is None, geo is None, pct_usage is None, small_label is 1, small_prop is 0.2, balance_seed is 2, lr is 2e-05, max_epochs is 4, split_num is 3
Training epoch 0 | loss: 0.20902 - accuracy: 0.91033
Validating epoch 0 | loss: 0.16925 - accuracy: 0.95
Training epoch 1 | loss: 0.01175 - accuracy: 0.99711
Validating epoch 1 | loss: 0.17496 - accuracy: 0.958
Training epoch 2 | loss: 0.00106 - accuracy: 1.0
Validating epoch 2 | loss: 0.20782 - accuracy: 0.958
Training epoch 3 | loss: 0.00066 - accuracy: 1.0
Validating epoch 3 | loss: 0.21773 - accuracy: 0.958
Model is Bert, dataset is subj, undersample is None, aug mode is trans, geo is 0.1, pct_usage is None, small_label is 1, small_prop is 0.2, balance_seed is 2, lr is 2e-05, max_epochs is 4, split_num is 3
Training epoch 0 | loss: 0.26173 - accuracy: 0.886
Validating epoch 0 | loss: 0.14797 - accuracy: 0.95
Training epoch 1 | loss: 0.05852 - accuracy: 0.98111
Validating epoch 1 | loss: 0.16616 - accuracy: 0.952
Training epoch 2 | loss: 0.02512 - accuracy: 0.99233
Validating epoch 2 | loss: 0.18617 - accuracy: 0.95
Training epoch 3 | loss: 0.01437 - accuracy: 0.99589
Validating epoch 3 | loss: 0.19378 - accuracy: 0.951
Model is Bert, dataset is subj, undersample is None, aug mode is trans, geo is 0.3, pct_usage is None, small_label is 1, small_prop is 0.2, balance_seed is 2, lr is 2e-05, max_epochs is 4, split_num is 3
Training epoch 0 | loss: 0.25146 - accuracy: 0.89378
Validating epoch 0 | loss: 0.13844 - accuracy: 0.955
Training epoch 1 | loss: 0.06028 - accuracy: 0.98
Validating epoch 1 | loss: 0.14529 - accuracy: 0.956
Training epoch 2 | loss: 0.02538 - accuracy: 0.99233
Validating epoch 2 | loss: 0.15954 - accuracy: 0.957
Training epoch 3 | loss: 0.01545 - accuracy: 0.99589
Validating epoch 3 | loss: 0.16498 - accuracy: 0.96
Model is Bert, dataset is subj, undersample is None, aug mode is trans, geo is 0.5, pct_usage is None, small_label is 1, small_prop is 0.2, balance_seed is 2, lr is 2e-05, max_epochs is 4, split_num is 3
Training epoch 0 | loss: 0.25455 - accuracy: 0.89133
Validating epoch 0 | loss: 0.12406 - accuracy: 0.954
Training epoch 1 | loss: 0.06649 - accuracy: 0.97933
Validating epoch 1 | loss: 0.14405 - accuracy: 0.956
Training epoch 2 | loss: 0.03083 - accuracy: 0.99156
Validating epoch 2 | loss: 0.17265 - accuracy: 0.952
Training epoch 3 | loss: 0.01594 - accuracy: 0.99578
Validating epoch 3 | loss: 0.18221 - accuracy: 0.949
Model is Bert, dataset is subj, undersample is None, aug mode is trans, geo is 0.7, pct_usage is None, small_label is 1, small_prop is 0.2, balance_seed is 2, lr is 2e-05, max_epochs is 4, split_num is 3
Training epoch 0 | loss: 0.24496 - accuracy: 0.89567
Validating epoch 0 | loss: 0.12912 - accuracy: 0.955
Training epoch 1 | loss: 0.04745 - accuracy: 0.98578
Validating epoch 1 | loss: 0.14393 - accuracy: 0.954
Training epoch 2 | loss: 0.02318 - accuracy: 0.99367
Validating epoch 2 | loss: 0.18314 - accuracy: 0.952
Training epoch 3 | loss: 0.01142 - accuracy: 0.99711
Validating epoch 3 | loss: 0.18639 - accuracy: 0.949
Model is Bert, dataset is subj, undersample is None, aug mode is trans, geo is 0.9, pct_usage is None, small_label is 1, small_prop is 0.2, balance_seed is 2, lr is 2e-05, max_epochs is 4, split_num is 3
Training epoch 0 | loss: 0.23762 - accuracy: 0.89911
Validating epoch 0 | loss: 0.13918 - accuracy: 0.952
Training epoch 1 | loss: 0.04304 - accuracy: 0.98756
Validating epoch 1 | loss: 0.19403 - accuracy: 0.95
Training epoch 2 | loss: 0.01652 - accuracy: 0.99522
Validating epoch 2 | loss: 0.17681 - accuracy: 0.953
Training epoch 3 | loss: 0.01018 - accuracy: 0.99756
Validating epoch 3 | loss: 0.1734 - accuracy: 0.956
Model is Bert, dataset is subj, undersample is False, aug mode is None, geo is None, pct_usage is None, small_label is 0, small_prop is 0.4, balance_seed is 2, lr is 2e-05, max_epochs is 4, split_num is 3
Training epoch 0 | loss: 0.2452 - accuracy: 0.90089
Validating epoch 0 | loss: 0.15018 - accuracy: 0.953
Training epoch 1 | loss: 0.04661 - accuracy: 0.98556
Validating epoch 1 | loss: 0.16661 - accuracy: 0.955
Training epoch 2 | loss: 0.01244 - accuracy: 0.99767
Validating epoch 2 | loss: 0.23037 - accuracy: 0.951
Training epoch 3 | loss: 0.00615 - accuracy: 0.99911
Validating epoch 3 | loss: 0.23702 - accuracy: 0.952
Model is Bert, dataset is subj, undersample is True, aug mode is None, geo is None, pct_usage is None, small_label is 0, small_prop is 0.4, balance_seed is 2, lr is 2e-05, max_epochs is 4, split_num is 3
Training epoch 0 | loss: 0.2247 - accuracy: 0.901
Validating epoch 0 | loss: 0.13143 - accuracy: 0.958
Training epoch 1 | loss: 0.02637 - accuracy: 0.99311
Validating epoch 1 | loss: 0.15941 - accuracy: 0.956
Training epoch 2 | loss: 0.00665 - accuracy: 0.99878
Validating epoch 2 | loss: 0.18863 - accuracy: 0.959
Training epoch 3 | loss: 0.00339 - accuracy: 0.99944
Validating epoch 3 | loss: 0.19846 - accuracy: 0.96
Model is Bert, dataset is subj, undersample is None, aug mode is trans, geo is 0.1, pct_usage is None, small_label is 0, small_prop is 0.4, balance_seed is 2, lr is 2e-05, max_epochs is 4, split_num is 3
Training epoch 0 | loss: 0.27851 - accuracy: 0.87878
Validating epoch 0 | loss: 0.14748 - accuracy: 0.945
Training epoch 1 | loss: 0.10656 - accuracy: 0.96333
Validating epoch 1 | loss: 0.13544 - accuracy: 0.956
Training epoch 2 | loss: 0.04915 - accuracy: 0.98511
Validating epoch 2 | loss: 0.1529 - accuracy: 0.955
Training epoch 3 | loss: 0.02965 - accuracy: 0.99178
Validating epoch 3 | loss: 0.15553 - accuracy: 0.958
Model is Bert, dataset is subj, undersample is None, aug mode is trans, geo is 0.3, pct_usage is None, small_label is 0, small_prop is 0.4, balance_seed is 2, lr is 2e-05, max_epochs is 4, split_num is 3
Training epoch 0 | loss: 0.27269 - accuracy: 0.88256
Validating epoch 0 | loss: 0.13617 - accuracy: 0.952
Training epoch 1 | loss: 0.09184 - accuracy: 0.97
Validating epoch 1 | loss: 0.11952 - accuracy: 0.958
Training epoch 2 | loss: 0.05168 - accuracy: 0.98478
Validating epoch 2 | loss: 0.13791 - accuracy: 0.96
Training epoch 3 | loss: 0.03387 - accuracy: 0.99011
Validating epoch 3 | loss: 0.14355 - accuracy: 0.956
Model is Bert, dataset is subj, undersample is None, aug mode is trans, geo is 0.5, pct_usage is None, small_label is 0, small_prop is 0.4, balance_seed is 2, lr is 2e-05, max_epochs is 4, split_num is 3
Training epoch 0 | loss: 0.26642 - accuracy: 0.88367
Validating epoch 0 | loss: 0.13657 - accuracy: 0.946
Training epoch 1 | loss: 0.10151 - accuracy: 0.96567
Validating epoch 1 | loss: 0.12604 - accuracy: 0.959
Training epoch 2 | loss: 0.05713 - accuracy: 0.98178
Validating epoch 2 | loss: 0.14453 - accuracy: 0.952
Training epoch 3 | loss: 0.03263 - accuracy: 0.99078
Validating epoch 3 | loss: 0.14952 - accuracy: 0.956
Model is Bert, dataset is subj, undersample is None, aug mode is trans, geo is 0.7, pct_usage is None, small_label is 0, small_prop is 0.4, balance_seed is 2, lr is 2e-05, max_epochs is 4, split_num is 3
Training epoch 0 | loss: 0.26392 - accuracy: 0.88478
Validating epoch 0 | loss: 0.13824 - accuracy: 0.955
Training epoch 1 | loss: 0.08622 - accuracy: 0.96989
Validating epoch 1 | loss: 0.12611 - accuracy: 0.955
Training epoch 2 | loss: 0.04225 - accuracy: 0.98744
Validating epoch 2 | loss: 0.1559 - accuracy: 0.958
Training epoch 3 | loss: 0.0253 - accuracy: 0.99233
Validating epoch 3 | loss: 0.16761 - accuracy: 0.956
Model is Bert, dataset is subj, undersample is None, aug mode is trans, geo is 0.9, pct_usage is None, small_label is 0, small_prop is 0.4, balance_seed is 2, lr is 2e-05, max_epochs is 4, split_num is 3
Training epoch 0 | loss: 0.25254 - accuracy: 0.89233
Validating epoch 0 | loss: 0.11841 - accuracy: 0.96
Training epoch 1 | loss: 0.06246 - accuracy: 0.98067
Validating epoch 1 | loss: 0.14191 - accuracy: 0.957
Training epoch 2 | loss: 0.02949 - accuracy: 0.992
Validating epoch 2 | loss: 0.13424 - accuracy: 0.96
Training epoch 3 | loss: 0.01809 - accuracy: 0.99489
Validating epoch 3 | loss: 0.15068 - accuracy: 0.961
Model is Bert, dataset is subj, undersample is False, aug mode is None, geo is None, pct_usage is None, small_label is 1, small_prop is 0.4, balance_seed is 2, lr is 2e-05, max_epochs is 4, split_num is 3
Training epoch 0 | loss: 0.24218 - accuracy: 0.89778
Validating epoch 0 | loss: 0.11529 - accuracy: 0.957
Training epoch 1 | loss: 0.03593 - accuracy: 0.98911
Validating epoch 1 | loss: 0.19605 - accuracy: 0.944
Training epoch 2 | loss: 0.00777 - accuracy: 0.99822
Validating epoch 2 | loss: 0.20314 - accuracy: 0.954
Training epoch 3 | loss: 0.00312 - accuracy: 0.99933
Validating epoch 3 | loss: 0.21206 - accuracy: 0.954
Model is Bert, dataset is subj, undersample is True, aug mode is None, geo is None, pct_usage is None, small_label is 1, small_prop is 0.4, balance_seed is 2, lr is 2e-05, max_epochs is 4, split_num is 3
Training epoch 0 | loss: 0.23246 - accuracy: 0.90311
Validating epoch 0 | loss: 0.12792 - accuracy: 0.961
Training epoch 1 | loss: 0.03807 - accuracy: 0.99067
Validating epoch 1 | loss: 0.16024 - accuracy: 0.954
Training epoch 2 | loss: 0.0095 - accuracy: 0.99833
Validating epoch 2 | loss: 0.16579 - accuracy: 0.962
Training epoch 3 | loss: 0.00335 - accuracy: 0.99933
Validating epoch 3 | loss: 0.17881 - accuracy: 0.96
Model is Bert, dataset is subj, undersample is None, aug mode is trans, geo is 0.1, pct_usage is None, small_label is 1, small_prop is 0.4, balance_seed is 2, lr is 2e-05, max_epochs is 4, split_num is 3
Training epoch 0 | loss: 0.26975 - accuracy: 0.87889
Validating epoch 0 | loss: 0.12969 - accuracy: 0.955
Training epoch 1 | loss: 0.07572 - accuracy: 0.97544
Validating epoch 1 | loss: 0.16806 - accuracy: 0.945
Training epoch 2 | loss: 0.03805 - accuracy: 0.988
Validating epoch 2 | loss: 0.15082 - accuracy: 0.957
Training epoch 3 | loss: 0.02291 - accuracy: 0.99456
Validating epoch 3 | loss: 0.17163 - accuracy: 0.956
Model is Bert, dataset is subj, undersample is None, aug mode is trans, geo is 0.3, pct_usage is None, small_label is 1, small_prop is 0.4, balance_seed is 2, lr is 2e-05, max_epochs is 4, split_num is 3
Training epoch 0 | loss: 0.26183 - accuracy: 0.89011
Validating epoch 0 | loss: 0.13101 - accuracy: 0.951
Training epoch 1 | loss: 0.07424 - accuracy: 0.97689
Validating epoch 1 | loss: 0.14666 - accuracy: 0.948
Training epoch 2 | loss: 0.03325 - accuracy: 0.99056
Validating epoch 2 | loss: 0.15786 - accuracy: 0.959
Training epoch 3 | loss: 0.01592 - accuracy: 0.99556
Validating epoch 3 | loss: 0.17397 - accuracy: 0.956
Model is Bert, dataset is subj, undersample is None, aug mode is trans, geo is 0.5, pct_usage is None, small_label is 1, small_prop is 0.4, balance_seed is 2, lr is 2e-05, max_epochs is 4, split_num is 3
Training epoch 0 | loss: 0.26518 - accuracy: 0.883
Validating epoch 0 | loss: 0.17983 - accuracy: 0.933
Training epoch 1 | loss: 0.07255 - accuracy: 0.97744
Validating epoch 1 | loss: 0.13667 - accuracy: 0.958
Training epoch 2 | loss: 0.03186 - accuracy: 0.99144
Validating epoch 2 | loss: 0.14691 - accuracy: 0.956
Training epoch 3 | loss: 0.0229 - accuracy: 0.99378
Validating epoch 3 | loss: 0.15924 - accuracy: 0.954
Model is Bert, dataset is subj, undersample is None, aug mode is trans, geo is 0.7, pct_usage is None, small_label is 1, small_prop is 0.4, balance_seed is 2, lr is 2e-05, max_epochs is 4, split_num is 3
Training epoch 0 | loss: 0.26538 - accuracy: 0.88478
Validating epoch 0 | loss: 0.1316 - accuracy: 0.955
Training epoch 1 | loss: 0.06733 - accuracy: 0.97956
Validating epoch 1 | loss: 0.15115 - accuracy: 0.948
Training epoch 2 | loss: 0.03021 - accuracy: 0.99144
Validating epoch 2 | loss: 0.14593 - accuracy: 0.961
Training epoch 3 | loss: 0.01744 - accuracy: 0.99533
Validating epoch 3 | loss: 0.14517 - accuracy: 0.957
Model is Bert, dataset is subj, undersample is None, aug mode is trans, geo is 0.9, pct_usage is None, small_label is 1, small_prop is 0.4, balance_seed is 2, lr is 2e-05, max_epochs is 4, split_num is 3
Training epoch 0 | loss: 0.25081 - accuracy: 0.89722
Validating epoch 0 | loss: 0.15056 - accuracy: 0.953
Training epoch 1 | loss: 0.05589 - accuracy: 0.98278
Validating epoch 1 | loss: 0.14597 - accuracy: 0.96
Training epoch 2 | loss: 0.02642 - accuracy: 0.99233
Validating epoch 2 | loss: 0.13691 - accuracy: 0.96
Training epoch 3 | loss: 0.01228 - accuracy: 0.99722
Validating epoch 3 | loss: 0.13876 - accuracy: 0.965
Model is Bert, dataset is subj, undersample is False, aug mode is None, geo is None, pct_usage is None, small_label is 0, small_prop is 0.6, balance_seed is 2, lr is 2e-05, max_epochs is 4, split_num is 3
Training epoch 0 | loss: 0.24516 - accuracy: 0.90044
Validating epoch 0 | loss: 0.12301 - accuracy: 0.96
Training epoch 1 | loss: 0.06899 - accuracy: 0.97922
Validating epoch 1 | loss: 0.11733 - accuracy: 0.964
Training epoch 2 | loss: 0.02332 - accuracy: 0.99444
Validating epoch 2 | loss: 0.16693 - accuracy: 0.955
Training epoch 3 | loss: 0.00931 - accuracy: 0.99789
Validating epoch 3 | loss: 0.17556 - accuracy: 0.956
Model is Bert, dataset is subj, undersample is True, aug mode is None, geo is None, pct_usage is None, small_label is 0, small_prop is 0.6, balance_seed is 2, lr is 2e-05, max_epochs is 4, split_num is 3
Training epoch 0 | loss: 0.23481 - accuracy: 0.89556
Validating epoch 0 | loss: 0.11794 - accuracy: 0.961
Training epoch 1 | loss: 0.03039 - accuracy: 0.992
Validating epoch 1 | loss: 0.14253 - accuracy: 0.961
Training epoch 2 | loss: 0.00684 - accuracy: 0.99856
Validating epoch 2 | loss: 0.19692 - accuracy: 0.956
Training epoch 3 | loss: 0.00238 - accuracy: 0.99967
Validating epoch 3 | loss: 0.21099 - accuracy: 0.952
Model is Bert, dataset is subj, undersample is None, aug mode is trans, geo is 0.1, pct_usage is None, small_label is 0, small_prop is 0.6, balance_seed is 2, lr is 2e-05, max_epochs is 4, split_num is 3
Training epoch 0 | loss: 0.27834 - accuracy: 0.88167
Validating epoch 0 | loss: 0.12617 - accuracy: 0.953
Training epoch 1 | loss: 0.10816 - accuracy: 0.96344
Validating epoch 1 | loss: 0.12067 - accuracy: 0.96
Training epoch 2 | loss: 0.06418 - accuracy: 0.97933
Validating epoch 2 | loss: 0.14701 - accuracy: 0.953
Training epoch 3 | loss: 0.03655 - accuracy: 0.98889
Validating epoch 3 | loss: 0.16031 - accuracy: 0.957
Model is Bert, dataset is subj, undersample is None, aug mode is trans, geo is 0.3, pct_usage is None, small_label is 0, small_prop is 0.6, balance_seed is 2, lr is 2e-05, max_epochs is 4, split_num is 3
Training epoch 0 | loss: 0.27862 - accuracy: 0.88233
Validating epoch 0 | loss: 0.17191 - accuracy: 0.939
Training epoch 1 | loss: 0.10128 - accuracy: 0.96567
Validating epoch 1 | loss: 0.13128 - accuracy: 0.961
Training epoch 2 | loss: 0.05764 - accuracy: 0.98233
Validating epoch 2 | loss: 0.15344 - accuracy: 0.958
Training epoch 3 | loss: 0.03253 - accuracy: 0.99044
Validating epoch 3 | loss: 0.16693 - accuracy: 0.956
Model is Bert, dataset is subj, undersample is None, aug mode is trans, geo is 0.5, pct_usage is None, small_label is 0, small_prop is 0.6, balance_seed is 2, lr is 2e-05, max_epochs is 4, split_num is 3
Training epoch 0 | loss: 0.2911 - accuracy: 0.873
Validating epoch 0 | loss: 0.12471 - accuracy: 0.96
Training epoch 1 | loss: 0.09725 - accuracy: 0.96711
Validating epoch 1 | loss: 0.12452 - accuracy: 0.956
Training epoch 2 | loss: 0.05347 - accuracy: 0.98389
Validating epoch 2 | loss: 0.13691 - accuracy: 0.958
Training epoch 3 | loss: 0.03653 - accuracy: 0.98967
Validating epoch 3 | loss: 0.14048 - accuracy: 0.956
Model is Bert, dataset is subj, undersample is None, aug mode is trans, geo is 0.7, pct_usage is None, small_label is 0, small_prop is 0.6, balance_seed is 2, lr is 2e-05, max_epochs is 4, split_num is 3
Training epoch 0 | loss: 0.2771 - accuracy: 0.88911
Validating epoch 0 | loss: 0.11726 - accuracy: 0.966
Training epoch 1 | loss: 0.09603 - accuracy: 0.96711
Validating epoch 1 | loss: 0.14284 - accuracy: 0.955
Training epoch 2 | loss: 0.05405 - accuracy: 0.98422
Validating epoch 2 | loss: 0.12716 - accuracy: 0.96
Training epoch 3 | loss: 0.03036 - accuracy: 0.99144
Validating epoch 3 | loss: 0.13253 - accuracy: 0.969
Model is Bert, dataset is subj, undersample is None, aug mode is trans, geo is 0.9, pct_usage is None, small_label is 0, small_prop is 0.6, balance_seed is 2, lr is 2e-05, max_epochs is 4, split_num is 3
Training epoch 0 | loss: 0.25478 - accuracy: 0.89378
Validating epoch 0 | loss: 0.1208 - accuracy: 0.957
Training epoch 1 | loss: 0.07191 - accuracy: 0.97811
Validating epoch 1 | loss: 0.17422 - accuracy: 0.938
Training epoch 2 | loss: 0.03558 - accuracy: 0.989
Validating epoch 2 | loss: 0.12516 - accuracy: 0.959
Training epoch 3 | loss: 0.02014 - accuracy: 0.99433
Validating epoch 3 | loss: 0.13835 - accuracy: 0.965
Model is Bert, dataset is subj, undersample is False, aug mode is None, geo is None, pct_usage is None, small_label is 1, small_prop is 0.6, balance_seed is 2, lr is 2e-05, max_epochs is 4, split_num is 3
Training epoch 0 | loss: 0.25527 - accuracy: 0.89544
Validating epoch 0 | loss: 0.11249 - accuracy: 0.958
Training epoch 1 | loss: 0.06227 - accuracy: 0.98133
Validating epoch 1 | loss: 0.13584 - accuracy: 0.961
Training epoch 2 | loss: 0.01674 - accuracy: 0.99511
Validating epoch 2 | loss: 0.16538 - accuracy: 0.956
Training epoch 3 | loss: 0.00674 - accuracy: 0.99911
Validating epoch 3 | loss: 0.17958 - accuracy: 0.955
Model is Bert, dataset is subj, undersample is True, aug mode is None, geo is None, pct_usage is None, small_label is 1, small_prop is 0.6, balance_seed is 2, lr is 2e-05, max_epochs is 4, split_num is 3
Training epoch 0 | loss: 0.25305 - accuracy: 0.88911
Validating epoch 0 | loss: 0.16157 - accuracy: 0.938
Training epoch 1 | loss: 0.04198 - accuracy: 0.988
Validating epoch 1 | loss: 0.15099 - accuracy: 0.96
Training epoch 2 | loss: 0.01387 - accuracy: 0.99633
Validating epoch 2 | loss: 0.17445 - accuracy: 0.959
Training epoch 3 | loss: 0.00603 - accuracy: 0.99878
Validating epoch 3 | loss: 0.18068 - accuracy: 0.958
Model is Bert, dataset is subj, undersample is None, aug mode is trans, geo is 0.1, pct_usage is None, small_label is 1, small_prop is 0.6, balance_seed is 2, lr is 2e-05, max_epochs is 4, split_num is 3
Training epoch 0 | loss: 0.26904 - accuracy: 0.88878
Validating epoch 0 | loss: 0.13405 - accuracy: 0.949
Training epoch 1 | loss: 0.09265 - accuracy: 0.96844
Validating epoch 1 | loss: 0.12473 - accuracy: 0.957
Training epoch 2 | loss: 0.05455 - accuracy: 0.98311
Validating epoch 2 | loss: 0.13821 - accuracy: 0.959
Training epoch 3 | loss: 0.02895 - accuracy: 0.99067
Validating epoch 3 | loss: 0.16196 - accuracy: 0.952
Model is Bert, dataset is subj, undersample is None, aug mode is trans, geo is 0.3, pct_usage is None, small_label is 1, small_prop is 0.6, balance_seed is 2, lr is 2e-05, max_epochs is 4, split_num is 3
Training epoch 0 | loss: 0.24774 - accuracy: 0.89456
Validating epoch 0 | loss: 0.14356 - accuracy: 0.95
Training epoch 1 | loss: 0.08442 - accuracy: 0.97144
Validating epoch 1 | loss: 0.1428 - accuracy: 0.948
Training epoch 2 | loss: 0.04039 - accuracy: 0.98744
Validating epoch 2 | loss: 0.13827 - accuracy: 0.954
Training epoch 3 | loss: 0.02527 - accuracy: 0.99267
Validating epoch 3 | loss: 0.14329 - accuracy: 0.96
Model is Bert, dataset is subj, undersample is None, aug mode is trans, geo is 0.5, pct_usage is None, small_label is 1, small_prop is 0.6, balance_seed is 2, lr is 2e-05, max_epochs is 4, split_num is 3
Training epoch 0 | loss: 0.26757 - accuracy: 0.89078
Validating epoch 0 | loss: 0.12681 - accuracy: 0.959
Training epoch 1 | loss: 0.08695 - accuracy: 0.97111
Validating epoch 1 | loss: 0.12953 - accuracy: 0.959
Training epoch 2 | loss: 0.04248 - accuracy: 0.987
Validating epoch 2 | loss: 0.12916 - accuracy: 0.964
Training epoch 3 | loss: 0.02336 - accuracy: 0.99356
Validating epoch 3 | loss: 0.15934 - accuracy: 0.96
Model is Bert, dataset is subj, undersample is None, aug mode is trans, geo is 0.7, pct_usage is None, small_label is 1, small_prop is 0.6, balance_seed is 2, lr is 2e-05, max_epochs is 4, split_num is 3
Training epoch 0 | loss: 0.26675 - accuracy: 0.88322
Validating epoch 0 | loss: 0.12361 - accuracy: 0.958
Training epoch 1 | loss: 0.07604 - accuracy: 0.97589
Validating epoch 1 | loss: 0.13372 - accuracy: 0.956
Training epoch 2 | loss: 0.03519 - accuracy: 0.98978
Validating epoch 2 | loss: 0.15381 - accuracy: 0.957
Training epoch 3 | loss: 0.02378 - accuracy: 0.99433
Validating epoch 3 | loss: 0.16162 - accuracy: 0.958
Model is Bert, dataset is subj, undersample is None, aug mode is trans, geo is 0.9, pct_usage is None, small_label is 1, small_prop is 0.6, balance_seed is 2, lr is 2e-05, max_epochs is 4, split_num is 3
Training epoch 0 | loss: 0.27281 - accuracy: 0.88422
Validating epoch 0 | loss: 0.11645 - accuracy: 0.958
Training epoch 1 | loss: 0.07001 - accuracy: 0.97911
Validating epoch 1 | loss: 0.11936 - accuracy: 0.957
Training epoch 2 | loss: 0.02864 - accuracy: 0.99278
Validating epoch 2 | loss: 0.13497 - accuracy: 0.959
Training epoch 3 | loss: 0.01609 - accuracy: 0.99578
Validating epoch 3 | loss: 0.15104 - accuracy: 0.959
Model is Bert, dataset is subj, undersample is False, aug mode is None, geo is None, pct_usage is None, small_label is 0, small_prop is 0.8, balance_seed is 2, lr is 2e-05, max_epochs is 4, split_num is 3
Training epoch 0 | loss: 0.24382 - accuracy: 0.90656
Validating epoch 0 | loss: 0.11509 - accuracy: 0.959
Training epoch 1 | loss: 0.06449 - accuracy: 0.97833
Validating epoch 1 | loss: 0.13457 - accuracy: 0.955
Training epoch 2 | loss: 0.02284 - accuracy: 0.99378
Validating epoch 2 | loss: 0.1569 - accuracy: 0.958
Training epoch 3 | loss: 0.00866 - accuracy: 0.99833
Validating epoch 3 | loss: 0.16999 - accuracy: 0.958
Model is Bert, dataset is subj, undersample is True, aug mode is None, geo is None, pct_usage is None, small_label is 0, small_prop is 0.8, balance_seed is 2, lr is 2e-05, max_epochs is 4, split_num is 3
Training epoch 0 | loss: 0.2512 - accuracy: 0.89811
Validating epoch 0 | loss: 0.14493 - accuracy: 0.954
Training epoch 1 | loss: 0.07217 - accuracy: 0.97822
Validating epoch 1 | loss: 0.13651 - accuracy: 0.958
Training epoch 2 | loss: 0.02664 - accuracy: 0.99322
Validating epoch 2 | loss: 0.15881 - accuracy: 0.958
Training epoch 3 | loss: 0.01303 - accuracy: 0.997
Validating epoch 3 | loss: 0.17512 - accuracy: 0.958
Model is Bert, dataset is subj, undersample is None, aug mode is trans, geo is 0.1, pct_usage is None, small_label is 0, small_prop is 0.8, balance_seed is 2, lr is 2e-05, max_epochs is 4, split_num is 3
Training epoch 0 | loss: 0.29875 - accuracy: 0.85844
Validating epoch 0 | loss: 0.13637 - accuracy: 0.95
Training epoch 1 | loss: 0.10806 - accuracy: 0.96256
Validating epoch 1 | loss: 0.14299 - accuracy: 0.946
Training epoch 2 | loss: 0.06007 - accuracy: 0.98144
Validating epoch 2 | loss: 0.16371 - accuracy: 0.955
Training epoch 3 | loss: 0.03883 - accuracy: 0.98867
Validating epoch 3 | loss: 0.16468 - accuracy: 0.952
Model is Bert, dataset is subj, undersample is None, aug mode is trans, geo is 0.3, pct_usage is None, small_label is 0, small_prop is 0.8, balance_seed is 2, lr is 2e-05, max_epochs is 4, split_num is 3
Training epoch 0 | loss: 0.27709 - accuracy: 0.88733
Validating epoch 0 | loss: 0.12502 - accuracy: 0.956
Training epoch 1 | loss: 0.11451 - accuracy: 0.95944
Validating epoch 1 | loss: 0.11936 - accuracy: 0.959
Training epoch 2 | loss: 0.06057 - accuracy: 0.98178
Validating epoch 2 | loss: 0.13539 - accuracy: 0.959
Training epoch 3 | loss: 0.03239 - accuracy: 0.991
Validating epoch 3 | loss: 0.15676 - accuracy: 0.962
Model is Bert, dataset is subj, undersample is None, aug mode is trans, geo is 0.5, pct_usage is None, small_label is 0, small_prop is 0.8, balance_seed is 2, lr is 2e-05, max_epochs is 4, split_num is 3
Training epoch 0 | loss: 0.27582 - accuracy: 0.87978
Validating epoch 0 | loss: 0.11844 - accuracy: 0.96
Training epoch 1 | loss: 0.10135 - accuracy: 0.96422
Validating epoch 1 | loss: 0.1218 - accuracy: 0.952
Training epoch 2 | loss: 0.0568 - accuracy: 0.98189
Validating epoch 2 | loss: 0.1269 - accuracy: 0.959
Training epoch 3 | loss: 0.02989 - accuracy: 0.99067
Validating epoch 3 | loss: 0.13901 - accuracy: 0.959
Model is Bert, dataset is subj, undersample is None, aug mode is trans, geo is 0.7, pct_usage is None, small_label is 0, small_prop is 0.8, balance_seed is 2, lr is 2e-05, max_epochs is 4, split_num is 3
Training epoch 0 | loss: 0.27708 - accuracy: 0.88611
Validating epoch 0 | loss: 0.14967 - accuracy: 0.941
Training epoch 1 | loss: 0.10208 - accuracy: 0.96522
Validating epoch 1 | loss: 0.11366 - accuracy: 0.962
Training epoch 2 | loss: 0.05611 - accuracy: 0.981
Validating epoch 2 | loss: 0.13894 - accuracy: 0.96
Training epoch 3 | loss: 0.03499 - accuracy: 0.99056
Validating epoch 3 | loss: 0.14116 - accuracy: 0.961
Model is Bert, dataset is subj, undersample is None, aug mode is trans, geo is 0.9, pct_usage is None, small_label is 0, small_prop is 0.8, balance_seed is 2, lr is 2e-05, max_epochs is 4, split_num is 3
Training epoch 0 | loss: 0.27365 - accuracy: 0.88489
Validating epoch 0 | loss: 0.12184 - accuracy: 0.959
Training epoch 1 | loss: 0.08135 - accuracy: 0.975
Validating epoch 1 | loss: 0.13686 - accuracy: 0.961
Training epoch 2 | loss: 0.04394 - accuracy: 0.989
Validating epoch 2 | loss: 0.13072 - accuracy: 0.959
Training epoch 3 | loss: 0.02542 - accuracy: 0.99433
Validating epoch 3 | loss: 0.13599 - accuracy: 0.958
Model is Bert, dataset is subj, undersample is False, aug mode is None, geo is None, pct_usage is None, small_label is 1, small_prop is 0.8, balance_seed is 2, lr is 2e-05, max_epochs is 4, split_num is 3
Training epoch 0 | loss: 0.26176 - accuracy: 0.88744
Validating epoch 0 | loss: 0.12063 - accuracy: 0.958
Training epoch 1 | loss: 0.07176 - accuracy: 0.97789
Validating epoch 1 | loss: 0.12878 - accuracy: 0.953
Training epoch 2 | loss: 0.02446 - accuracy: 0.99367
Validating epoch 2 | loss: 0.14454 - accuracy: 0.964
Training epoch 3 | loss: 0.0113 - accuracy: 0.99756
Validating epoch 3 | loss: 0.15072 - accuracy: 0.963
Model is Bert, dataset is subj, undersample is True, aug mode is None, geo is None, pct_usage is None, small_label is 1, small_prop is 0.8, balance_seed is 2, lr is 2e-05, max_epochs is 4, split_num is 3
Training epoch 0 | loss: 0.25712 - accuracy: 0.89467
Validating epoch 0 | loss: 0.1103 - accuracy: 0.959
Training epoch 1 | loss: 0.06948 - accuracy: 0.97878
Validating epoch 1 | loss: 0.1064 - accuracy: 0.959
Training epoch 2 | loss: 0.02307 - accuracy: 0.99311
Validating epoch 2 | loss: 0.15327 - accuracy: 0.958
Training epoch 3 | loss: 0.00972 - accuracy: 0.99811
Validating epoch 3 | loss: 0.1518 - accuracy: 0.959
Model is Bert, dataset is subj, undersample is None, aug mode is trans, geo is 0.1, pct_usage is None, small_label is 1, small_prop is 0.8, balance_seed is 2, lr is 2e-05, max_epochs is 4, split_num is 3
Training epoch 0 | loss: 0.26439 - accuracy: 0.89256
Validating epoch 0 | loss: 0.122 - accuracy: 0.953
Training epoch 1 | loss: 0.0848 - accuracy: 0.971
Validating epoch 1 | loss: 0.13047 - accuracy: 0.955
Training epoch 2 | loss: 0.04592 - accuracy: 0.98511
Validating epoch 2 | loss: 0.13852 - accuracy: 0.956
Training epoch 3 | loss: 0.02984 - accuracy: 0.99067
Validating epoch 3 | loss: 0.15607 - accuracy: 0.954
Model is Bert, dataset is subj, undersample is None, aug mode is trans, geo is 0.3, pct_usage is None, small_label is 1, small_prop is 0.8, balance_seed is 2, lr is 2e-05, max_epochs is 4, split_num is 3
Training epoch 0 | loss: 0.26021 - accuracy: 0.89367
Validating epoch 0 | loss: 0.12806 - accuracy: 0.955
Training epoch 1 | loss: 0.09298 - accuracy: 0.97056
Validating epoch 1 | loss: 0.14236 - accuracy: 0.954
Training epoch 2 | loss: 0.04836 - accuracy: 0.98433
Validating epoch 2 | loss: 0.14027 - accuracy: 0.96
Training epoch 3 | loss: 0.03103 - accuracy: 0.99156
Validating epoch 3 | loss: 0.16438 - accuracy: 0.959
Model is Bert, dataset is subj, undersample is None, aug mode is trans, geo is 0.5, pct_usage is None, small_label is 1, small_prop is 0.8, balance_seed is 2, lr is 2e-05, max_epochs is 4, split_num is 3
Training epoch 0 | loss: 0.26636 - accuracy: 0.88389
Validating epoch 0 | loss: 0.14326 - accuracy: 0.95
Training epoch 1 | loss: 0.09243 - accuracy: 0.96956
Validating epoch 1 | loss: 0.12849 - accuracy: 0.954
Training epoch 2 | loss: 0.04655 - accuracy: 0.98567
Validating epoch 2 | loss: 0.1372 - accuracy: 0.959
Training epoch 3 | loss: 0.02882 - accuracy: 0.99211
Validating epoch 3 | loss: 0.14959 - accuracy: 0.954
Model is Bert, dataset is subj, undersample is None, aug mode is trans, geo is 0.7, pct_usage is None, small_label is 1, small_prop is 0.8, balance_seed is 2, lr is 2e-05, max_epochs is 4, split_num is 3
Training epoch 0 | loss: 0.27016 - accuracy: 0.89067
Validating epoch 0 | loss: 0.12474 - accuracy: 0.951
Training epoch 1 | loss: 0.09136 - accuracy: 0.96978
Validating epoch 1 | loss: 0.12479 - accuracy: 0.959
Training epoch 2 | loss: 0.04793 - accuracy: 0.98467
Validating epoch 2 | loss: 0.12586 - accuracy: 0.959
Training epoch 3 | loss: 0.02681 - accuracy: 0.99344
Validating epoch 3 | loss: 0.15287 - accuracy: 0.959
Model is Bert, dataset is subj, undersample is None, aug mode is trans, geo is 0.9, pct_usage is None, small_label is 1, small_prop is 0.8, balance_seed is 2, lr is 2e-05, max_epochs is 4, split_num is 3
Training epoch 0 | loss: 0.25612 - accuracy: 0.88733
Validating epoch 0 | loss: 0.11636 - accuracy: 0.959
Training epoch 1 | loss: 0.0713 - accuracy: 0.97789
Validating epoch 1 | loss: 0.1216 - accuracy: 0.965
Training epoch 2 | loss: 0.02832 - accuracy: 0.99211
Validating epoch 2 | loss: 0.14365 - accuracy: 0.958
Training epoch 3 | loss: 0.01539 - accuracy: 0.99589
Validating epoch 3 | loss: 0.14996 - accuracy: 0.96
