Model is Bert, dataset is sfu, undersample is None, aug mode is trans, geo is 0.1, pct_usage is None, small_label is 0, small_prop is 0.2, balance_seed is 0, lr is 2e-05, max_epochs is 3, split_num is 6
Training epoch 0 | loss: 0.53041 - accuracy: 0.73617
Validating epoch 0 | loss: 0.38712 - accuracy: 0.83495
Training epoch 1 | loss: 0.28183 - accuracy: 0.91596
Validating epoch 1 | loss: 0.34748 - accuracy: 0.85437
Training epoch 2 | loss: 0.21463 - accuracy: 0.94468
Validating epoch 2 | loss: 0.34929 - accuracy: 0.84466
Model is Bert, dataset is sfu, undersample is None, aug mode is trans, geo is 0.3, pct_usage is None, small_label is 0, small_prop is 0.2, balance_seed is 0, lr is 2e-05, max_epochs is 3, split_num is 6
Training epoch 0 | loss: 0.55686 - accuracy: 0.7234
Validating epoch 0 | loss: 0.41498 - accuracy: 0.8835
Training epoch 1 | loss: 0.2881 - accuracy: 0.92234
Validating epoch 1 | loss: 0.36081 - accuracy: 0.86408
Training epoch 2 | loss: 0.19914 - accuracy: 0.95213
Validating epoch 2 | loss: 0.37708 - accuracy: 0.82524
Model is Bert, dataset is sfu, undersample is None, aug mode is trans, geo is 0.5, pct_usage is None, small_label is 0, small_prop is 0.2, balance_seed is 0, lr is 2e-05, max_epochs is 3, split_num is 6
Training epoch 0 | loss: 0.62178 - accuracy: 0.62128
Validating epoch 0 | loss: 0.39196 - accuracy: 0.86408
Training epoch 1 | loss: 0.31747 - accuracy: 0.8883
Validating epoch 1 | loss: 0.26396 - accuracy: 0.8932
Training epoch 2 | loss: 0.2025 - accuracy: 0.92021
Validating epoch 2 | loss: 0.25376 - accuracy: 0.8932
Model is Bert, dataset is sfu, undersample is None, aug mode is trans, geo is 0.7, pct_usage is None, small_label is 0, small_prop is 0.2, balance_seed is 0, lr is 2e-05, max_epochs is 3, split_num is 6
Training epoch 0 | loss: 0.56007 - accuracy: 0.72447
Validating epoch 0 | loss: 0.44003 - accuracy: 0.74757
Training epoch 1 | loss: 0.32153 - accuracy: 0.90957
Validating epoch 1 | loss: 0.31143 - accuracy: 0.84466
Training epoch 2 | loss: 0.20536 - accuracy: 0.94255
Validating epoch 2 | loss: 0.31211 - accuracy: 0.84466
Model is Bert, dataset is sfu, undersample is None, aug mode is trans, geo is 0.9, pct_usage is None, small_label is 0, small_prop is 0.2, balance_seed is 0, lr is 2e-05, max_epochs is 3, split_num is 6
Training epoch 0 | loss: 0.60787 - accuracy: 0.65745
Validating epoch 0 | loss: 0.4425 - accuracy: 0.82524
Training epoch 1 | loss: 0.32653 - accuracy: 0.91064
Validating epoch 1 | loss: 0.30705 - accuracy: 0.87379
Training epoch 2 | loss: 0.21808 - accuracy: 0.94894
Validating epoch 2 | loss: 0.34987 - accuracy: 0.84466
Model is Bert, dataset is sfu, undersample is False, aug mode is None, geo is None, pct_usage is None, small_label is 0, small_prop is 0.2, balance_seed is 0, lr is 2e-05, max_epochs is 3, split_num is 6
Training epoch 0 | loss: 0.62027 - accuracy: 0.65426
Validating epoch 0 | loss: 0.4274 - accuracy: 0.84466
Training epoch 1 | loss: 0.30704 - accuracy: 0.90638
Validating epoch 1 | loss: 0.34484 - accuracy: 0.82524
Training epoch 2 | loss: 0.19429 - accuracy: 0.94149
Validating epoch 2 | loss: 0.35236 - accuracy: 0.82524
Model is Bert, dataset is sfu, undersample is True, aug mode is None, geo is None, pct_usage is None, small_label is 0, small_prop is 0.2, balance_seed is 0, lr is 2e-05, max_epochs is 3, split_num is 6
Training epoch 0 | loss: 0.53415 - accuracy: 0.75213
Validating epoch 0 | loss: 0.36092 - accuracy: 0.87379
Training epoch 1 | loss: 0.17488 - accuracy: 0.98191
Validating epoch 1 | loss: 0.32884 - accuracy: 0.82524
Training epoch 2 | loss: 0.07801 - accuracy: 1.0
Validating epoch 2 | loss: 0.33047 - accuracy: 0.83495
Model is Bert, dataset is sfu, undersample is None, aug mode is trans, geo is 0.1, pct_usage is None, small_label is 1, small_prop is 0.2, balance_seed is 0, lr is 2e-05, max_epochs is 3, split_num is 6
Training epoch 0 | loss: 0.593 - accuracy: 0.65851
Validating epoch 0 | loss: 0.39496 - accuracy: 0.8835
Training epoch 1 | loss: 0.3251 - accuracy: 0.89894
Validating epoch 1 | loss: 0.35849 - accuracy: 0.87379
Training epoch 2 | loss: 0.22202 - accuracy: 0.93617
Validating epoch 2 | loss: 0.33325 - accuracy: 0.8932
Model is Bert, dataset is sfu, undersample is None, aug mode is trans, geo is 0.3, pct_usage is None, small_label is 1, small_prop is 0.2, balance_seed is 0, lr is 2e-05, max_epochs is 3, split_num is 6
Training epoch 0 | loss: 0.64927 - accuracy: 0.64787
Validating epoch 0 | loss: 0.56384 - accuracy: 0.7767
Training epoch 1 | loss: 0.34132 - accuracy: 0.88404
Validating epoch 1 | loss: 0.39188 - accuracy: 0.84466
Training epoch 2 | loss: 0.24376 - accuracy: 0.91702
Validating epoch 2 | loss: 0.42505 - accuracy: 0.82524
Model is Bert, dataset is sfu, undersample is None, aug mode is trans, geo is 0.5, pct_usage is None, small_label is 1, small_prop is 0.2, balance_seed is 0, lr is 2e-05, max_epochs is 3, split_num is 6
Training epoch 0 | loss: 0.47947 - accuracy: 0.80106
Validating epoch 0 | loss: 0.32673 - accuracy: 0.8835
Training epoch 1 | loss: 0.27447 - accuracy: 0.90106
Validating epoch 1 | loss: 0.30108 - accuracy: 0.8932
Training epoch 2 | loss: 0.18894 - accuracy: 0.95426
Validating epoch 2 | loss: 0.29819 - accuracy: 0.86408
Model is Bert, dataset is sfu, undersample is None, aug mode is trans, geo is 0.7, pct_usage is None, small_label is 1, small_prop is 0.2, balance_seed is 0, lr is 2e-05, max_epochs is 3, split_num is 6
Training epoch 0 | loss: 0.52985 - accuracy: 0.74681
Validating epoch 0 | loss: 0.35622 - accuracy: 0.87379
Training epoch 1 | loss: 0.28587 - accuracy: 0.89574
Validating epoch 1 | loss: 0.35404 - accuracy: 0.86408
Training epoch 2 | loss: 0.20329 - accuracy: 0.9383
Validating epoch 2 | loss: 0.36785 - accuracy: 0.86408
Model is Bert, dataset is sfu, undersample is None, aug mode is trans, geo is 0.9, pct_usage is None, small_label is 1, small_prop is 0.2, balance_seed is 0, lr is 2e-05, max_epochs is 3, split_num is 6
Training epoch 0 | loss: 0.55449 - accuracy: 0.74043
Validating epoch 0 | loss: 0.36587 - accuracy: 0.8835
Training epoch 1 | loss: 0.31291 - accuracy: 0.9
Validating epoch 1 | loss: 0.43722 - accuracy: 0.82524
Training epoch 2 | loss: 0.23053 - accuracy: 0.93085
Validating epoch 2 | loss: 0.36526 - accuracy: 0.84466
Model is Bert, dataset is sfu, undersample is False, aug mode is None, geo is None, pct_usage is None, small_label is 1, small_prop is 0.2, balance_seed is 0, lr is 2e-05, max_epochs is 3, split_num is 6
Training epoch 0 | loss: 0.55159 - accuracy: 0.73936
Validating epoch 0 | loss: 0.37983 - accuracy: 0.86408
Training epoch 1 | loss: 0.2905 - accuracy: 0.91277
Validating epoch 1 | loss: 0.34152 - accuracy: 0.86408
Training epoch 2 | loss: 0.19316 - accuracy: 0.95532
Validating epoch 2 | loss: 0.34883 - accuracy: 0.85437
Model is Bert, dataset is sfu, undersample is True, aug mode is None, geo is None, pct_usage is None, small_label is 1, small_prop is 0.2, balance_seed is 0, lr is 2e-05, max_epochs is 3, split_num is 6
Training epoch 0 | loss: 0.59824 - accuracy: 0.66809
Validating epoch 0 | loss: 0.43059 - accuracy: 0.83495
Training epoch 1 | loss: 0.24982 - accuracy: 0.95106
Validating epoch 1 | loss: 0.3771 - accuracy: 0.85437
Training epoch 2 | loss: 0.12375 - accuracy: 0.98511
Validating epoch 2 | loss: 0.37223 - accuracy: 0.86408
Model is Bert, dataset is sfu, undersample is None, aug mode is trans, geo is 0.1, pct_usage is None, small_label is 0, small_prop is 0.4, balance_seed is 0, lr is 2e-05, max_epochs is 3, split_num is 6
Training epoch 0 | loss: 0.56676 - accuracy: 0.72872
Validating epoch 0 | loss: 0.38114 - accuracy: 0.87379
Training epoch 1 | loss: 0.30577 - accuracy: 0.90851
Validating epoch 1 | loss: 0.33767 - accuracy: 0.85437
Training epoch 2 | loss: 0.22462 - accuracy: 0.92979
Validating epoch 2 | loss: 0.3474 - accuracy: 0.84466
Model is Bert, dataset is sfu, undersample is None, aug mode is trans, geo is 0.3, pct_usage is None, small_label is 0, small_prop is 0.4, balance_seed is 0, lr is 2e-05, max_epochs is 3, split_num is 6
Training epoch 0 | loss: 0.53692 - accuracy: 0.72979
Validating epoch 0 | loss: 0.35078 - accuracy: 0.8835
Training epoch 1 | loss: 0.31344 - accuracy: 0.89787
Validating epoch 1 | loss: 0.32309 - accuracy: 0.84466
Training epoch 2 | loss: 0.2265 - accuracy: 0.93723
Validating epoch 2 | loss: 0.31226 - accuracy: 0.85437
Model is Bert, dataset is sfu, undersample is None, aug mode is trans, geo is 0.5, pct_usage is None, small_label is 0, small_prop is 0.4, balance_seed is 0, lr is 2e-05, max_epochs is 3, split_num is 6
Training epoch 0 | loss: 0.52663 - accuracy: 0.74894
Validating epoch 0 | loss: 0.35973 - accuracy: 0.86408
Training epoch 1 | loss: 0.31541 - accuracy: 0.88617
Validating epoch 1 | loss: 0.30956 - accuracy: 0.86408
Training epoch 2 | loss: 0.24552 - accuracy: 0.92766
Validating epoch 2 | loss: 0.30103 - accuracy: 0.86408
Model is Bert, dataset is sfu, undersample is None, aug mode is trans, geo is 0.7, pct_usage is None, small_label is 0, small_prop is 0.4, balance_seed is 0, lr is 2e-05, max_epochs is 3, split_num is 6
Training epoch 0 | loss: 0.5818 - accuracy: 0.72128
Validating epoch 0 | loss: 0.45193 - accuracy: 0.82524
Training epoch 1 | loss: 0.34744 - accuracy: 0.88298
Validating epoch 1 | loss: 0.35478 - accuracy: 0.83495
Training epoch 2 | loss: 0.22329 - accuracy: 0.93085
Validating epoch 2 | loss: 0.36511 - accuracy: 0.82524
Model is Bert, dataset is sfu, undersample is None, aug mode is trans, geo is 0.9, pct_usage is None, small_label is 0, small_prop is 0.4, balance_seed is 0, lr is 2e-05, max_epochs is 3, split_num is 6
Training epoch 0 | loss: 0.54953 - accuracy: 0.76064
Validating epoch 0 | loss: 0.39636 - accuracy: 0.84466
Training epoch 1 | loss: 0.29787 - accuracy: 0.90638
Validating epoch 1 | loss: 0.34264 - accuracy: 0.86408
Training epoch 2 | loss: 0.20331 - accuracy: 0.93723
Validating epoch 2 | loss: 0.34817 - accuracy: 0.85437
Model is Bert, dataset is sfu, undersample is False, aug mode is None, geo is None, pct_usage is None, small_label is 0, small_prop is 0.4, balance_seed is 0, lr is 2e-05, max_epochs is 3, split_num is 6
Training epoch 0 | loss: 0.54302 - accuracy: 0.71596
Validating epoch 0 | loss: 0.37766 - accuracy: 0.86408
Training epoch 1 | loss: 0.29276 - accuracy: 0.90426
Validating epoch 1 | loss: 0.30433 - accuracy: 0.86408
Training epoch 2 | loss: 0.18217 - accuracy: 0.95532
Validating epoch 2 | loss: 0.3438 - accuracy: 0.83495
Model is Bert, dataset is sfu, undersample is True, aug mode is None, geo is None, pct_usage is None, small_label is 0, small_prop is 0.4, balance_seed is 0, lr is 2e-05, max_epochs is 3, split_num is 6
Training epoch 0 | loss: 0.54828 - accuracy: 0.75
Validating epoch 0 | loss: 0.36272 - accuracy: 0.8835
Training epoch 1 | loss: 0.25489 - accuracy: 0.93617
Validating epoch 1 | loss: 0.29398 - accuracy: 0.84466
Training epoch 2 | loss: 0.151 - accuracy: 0.97553
Validating epoch 2 | loss: 0.28368 - accuracy: 0.85437
Model is Bert, dataset is sfu, undersample is None, aug mode is trans, geo is 0.1, pct_usage is None, small_label is 1, small_prop is 0.4, balance_seed is 0, lr is 2e-05, max_epochs is 3, split_num is 6
Training epoch 0 | loss: 0.58943 - accuracy: 0.68936
Validating epoch 0 | loss: 0.45208 - accuracy: 0.81553
Training epoch 1 | loss: 0.32133 - accuracy: 0.89787
Validating epoch 1 | loss: 0.48027 - accuracy: 0.81553
Training epoch 2 | loss: 0.22348 - accuracy: 0.93617
Validating epoch 2 | loss: 0.50381 - accuracy: 0.80583
Model is Bert, dataset is sfu, undersample is None, aug mode is trans, geo is 0.3, pct_usage is None, small_label is 1, small_prop is 0.4, balance_seed is 0, lr is 2e-05, max_epochs is 3, split_num is 6
Training epoch 0 | loss: 0.61417 - accuracy: 0.68191
Validating epoch 0 | loss: 0.4364 - accuracy: 0.82524
Training epoch 1 | loss: 0.37981 - accuracy: 0.8734
Validating epoch 1 | loss: 0.35254 - accuracy: 0.83495
Training epoch 2 | loss: 0.28413 - accuracy: 0.91064
Validating epoch 2 | loss: 0.33003 - accuracy: 0.84466
Model is Bert, dataset is sfu, undersample is None, aug mode is trans, geo is 0.5, pct_usage is None, small_label is 1, small_prop is 0.4, balance_seed is 0, lr is 2e-05, max_epochs is 3, split_num is 6
Training epoch 0 | loss: 0.56851 - accuracy: 0.72234
Validating epoch 0 | loss: 0.40193 - accuracy: 0.86408
Training epoch 1 | loss: 0.38182 - accuracy: 0.85532
Validating epoch 1 | loss: 0.40176 - accuracy: 0.82524
Training epoch 2 | loss: 0.29127 - accuracy: 0.90106
Validating epoch 2 | loss: 0.36346 - accuracy: 0.86408
Model is Bert, dataset is sfu, undersample is None, aug mode is trans, geo is 0.7, pct_usage is None, small_label is 1, small_prop is 0.4, balance_seed is 0, lr is 2e-05, max_epochs is 3, split_num is 6
Training epoch 0 | loss: 0.59563 - accuracy: 0.6883
Validating epoch 0 | loss: 0.42034 - accuracy: 0.82524
Training epoch 1 | loss: 0.35635 - accuracy: 0.88404
Validating epoch 1 | loss: 0.3392 - accuracy: 0.85437
Training epoch 2 | loss: 0.28086 - accuracy: 0.89894
Validating epoch 2 | loss: 0.33033 - accuracy: 0.86408
Model is Bert, dataset is sfu, undersample is None, aug mode is trans, geo is 0.9, pct_usage is None, small_label is 1, small_prop is 0.4, balance_seed is 0, lr is 2e-05, max_epochs is 3, split_num is 6
Training epoch 0 | loss: 0.63527 - accuracy: 0.60957
Validating epoch 0 | loss: 0.44809 - accuracy: 0.7767
Training epoch 1 | loss: 0.37792 - accuracy: 0.86596
Validating epoch 1 | loss: 0.31626 - accuracy: 0.8835
Training epoch 2 | loss: 0.25937 - accuracy: 0.9117
Validating epoch 2 | loss: 0.31722 - accuracy: 0.8835
Model is Bert, dataset is sfu, undersample is False, aug mode is None, geo is None, pct_usage is None, small_label is 1, small_prop is 0.4, balance_seed is 0, lr is 2e-05, max_epochs is 3, split_num is 6
Training epoch 0 | loss: 0.63356 - accuracy: 0.63723
Validating epoch 0 | loss: 0.40709 - accuracy: 0.85437
Training epoch 1 | loss: 0.32895 - accuracy: 0.87979
Validating epoch 1 | loss: 0.3965 - accuracy: 0.85437
Training epoch 2 | loss: 0.23423 - accuracy: 0.92766
Validating epoch 2 | loss: 0.39678 - accuracy: 0.85437
Model is Bert, dataset is sfu, undersample is True, aug mode is None, geo is None, pct_usage is None, small_label is 1, small_prop is 0.4, balance_seed is 0, lr is 2e-05, max_epochs is 3, split_num is 6
Training epoch 0 | loss: 0.61136 - accuracy: 0.6617
Validating epoch 0 | loss: 0.43119 - accuracy: 0.85437
Training epoch 1 | loss: 0.37525 - accuracy: 0.88085
Validating epoch 1 | loss: 0.3331 - accuracy: 0.8932
Training epoch 2 | loss: 0.26312 - accuracy: 0.93085
Validating epoch 2 | loss: 0.32373 - accuracy: 0.8835
Model is Bert, dataset is sfu, undersample is None, aug mode is trans, geo is 0.1, pct_usage is None, small_label is 0, small_prop is 0.6, balance_seed is 0, lr is 2e-05, max_epochs is 3, split_num is 6
Training epoch 0 | loss: 0.64515 - accuracy: 0.62447
Validating epoch 0 | loss: 0.49039 - accuracy: 0.83495
Training epoch 1 | loss: 0.38181 - accuracy: 0.85638
Validating epoch 1 | loss: 0.36261 - accuracy: 0.86408
Training epoch 2 | loss: 0.2732 - accuracy: 0.90426
Validating epoch 2 | loss: 0.3423 - accuracy: 0.86408
Model is Bert, dataset is sfu, undersample is None, aug mode is trans, geo is 0.3, pct_usage is None, small_label is 0, small_prop is 0.6, balance_seed is 0, lr is 2e-05, max_epochs is 3, split_num is 6
Training epoch 0 | loss: 0.52366 - accuracy: 0.76915
Validating epoch 0 | loss: 0.34947 - accuracy: 0.86408
Training epoch 1 | loss: 0.3071 - accuracy: 0.9
Validating epoch 1 | loss: 0.29937 - accuracy: 0.85437
Training epoch 2 | loss: 0.23532 - accuracy: 0.92128
Validating epoch 2 | loss: 0.30046 - accuracy: 0.86408
Model is Bert, dataset is sfu, undersample is None, aug mode is trans, geo is 0.5, pct_usage is None, small_label is 0, small_prop is 0.6, balance_seed is 0, lr is 2e-05, max_epochs is 3, split_num is 6
Training epoch 0 | loss: 0.54254 - accuracy: 0.75745
Validating epoch 0 | loss: 0.42533 - accuracy: 0.80583
Training epoch 1 | loss: 0.33144 - accuracy: 0.88404
Validating epoch 1 | loss: 0.33897 - accuracy: 0.8835
Training epoch 2 | loss: 0.2674 - accuracy: 0.91383
Validating epoch 2 | loss: 0.35226 - accuracy: 0.85437
Model is Bert, dataset is sfu, undersample is None, aug mode is trans, geo is 0.7, pct_usage is None, small_label is 0, small_prop is 0.6, balance_seed is 0, lr is 2e-05, max_epochs is 3, split_num is 6
Training epoch 0 | loss: 0.61374 - accuracy: 0.69681
Validating epoch 0 | loss: 0.46334 - accuracy: 0.85437
Training epoch 1 | loss: 0.40317 - accuracy: 0.86277
Validating epoch 1 | loss: 0.34353 - accuracy: 0.87379
Training epoch 2 | loss: 0.32947 - accuracy: 0.89894
Validating epoch 2 | loss: 0.33298 - accuracy: 0.87379
Model is Bert, dataset is sfu, undersample is None, aug mode is trans, geo is 0.9, pct_usage is None, small_label is 0, small_prop is 0.6, balance_seed is 0, lr is 2e-05, max_epochs is 3, split_num is 6
Training epoch 0 | loss: 0.55707 - accuracy: 0.71383
Validating epoch 0 | loss: 0.33942 - accuracy: 0.8835
Training epoch 1 | loss: 0.3225 - accuracy: 0.88723
Validating epoch 1 | loss: 0.27926 - accuracy: 0.8932
Training epoch 2 | loss: 0.23335 - accuracy: 0.92553
Validating epoch 2 | loss: 0.27669 - accuracy: 0.8835
Model is Bert, dataset is sfu, undersample is False, aug mode is None, geo is None, pct_usage is None, small_label is 0, small_prop is 0.6, balance_seed is 0, lr is 2e-05, max_epochs is 3, split_num is 6
Training epoch 0 | loss: 0.62296 - accuracy: 0.6117
Validating epoch 0 | loss: 0.41854 - accuracy: 0.84466
Training epoch 1 | loss: 0.3501 - accuracy: 0.86915
Validating epoch 1 | loss: 0.32952 - accuracy: 0.85437
Training epoch 2 | loss: 0.28305 - accuracy: 0.90638
Validating epoch 2 | loss: 0.35632 - accuracy: 0.86408
Model is Bert, dataset is sfu, undersample is True, aug mode is None, geo is None, pct_usage is None, small_label is 0, small_prop is 0.6, balance_seed is 0, lr is 2e-05, max_epochs is 3, split_num is 6
Training epoch 0 | loss: 0.56333 - accuracy: 0.71064
Validating epoch 0 | loss: 0.36342 - accuracy: 0.87379
Training epoch 1 | loss: 0.28148 - accuracy: 0.91064
Validating epoch 1 | loss: 0.29132 - accuracy: 0.87379
Training epoch 2 | loss: 0.18421 - accuracy: 0.95532
Validating epoch 2 | loss: 0.28096 - accuracy: 0.86408
Model is Bert, dataset is sfu, undersample is None, aug mode is trans, geo is 0.1, pct_usage is None, small_label is 1, small_prop is 0.6, balance_seed is 0, lr is 2e-05, max_epochs is 3, split_num is 6
Training epoch 0 | loss: 0.61102 - accuracy: 0.69787
Validating epoch 0 | loss: 0.39739 - accuracy: 0.8835
Training epoch 1 | loss: 0.3397 - accuracy: 0.89043
Validating epoch 1 | loss: 0.33894 - accuracy: 0.84466
Training epoch 2 | loss: 0.25546 - accuracy: 0.92234
Validating epoch 2 | loss: 0.39302 - accuracy: 0.81553
Model is Bert, dataset is sfu, undersample is None, aug mode is trans, geo is 0.3, pct_usage is None, small_label is 1, small_prop is 0.6, balance_seed is 0, lr is 2e-05, max_epochs is 3, split_num is 6
Training epoch 0 | loss: 0.57248 - accuracy: 0.69468
Validating epoch 0 | loss: 0.38028 - accuracy: 0.86408
Training epoch 1 | loss: 0.33112 - accuracy: 0.89255
Validating epoch 1 | loss: 0.33128 - accuracy: 0.86408
Training epoch 2 | loss: 0.26273 - accuracy: 0.91915
Validating epoch 2 | loss: 0.33783 - accuracy: 0.85437
Model is Bert, dataset is sfu, undersample is None, aug mode is trans, geo is 0.5, pct_usage is None, small_label is 1, small_prop is 0.6, balance_seed is 0, lr is 2e-05, max_epochs is 3, split_num is 6
Training epoch 0 | loss: 0.58408 - accuracy: 0.70213
Validating epoch 0 | loss: 0.40084 - accuracy: 0.85437
Training epoch 1 | loss: 0.35552 - accuracy: 0.88085
Validating epoch 1 | loss: 0.41221 - accuracy: 0.83495
Training epoch 2 | loss: 0.27911 - accuracy: 0.9117
Validating epoch 2 | loss: 0.35299 - accuracy: 0.87379
Model is Bert, dataset is sfu, undersample is None, aug mode is trans, geo is 0.7, pct_usage is None, small_label is 1, small_prop is 0.6, balance_seed is 0, lr is 2e-05, max_epochs is 3, split_num is 6
Training epoch 0 | loss: 0.5476 - accuracy: 0.73617
Validating epoch 0 | loss: 0.34254 - accuracy: 0.85437
Training epoch 1 | loss: 0.31442 - accuracy: 0.88404
Validating epoch 1 | loss: 0.32375 - accuracy: 0.85437
Training epoch 2 | loss: 0.2686 - accuracy: 0.92128
Validating epoch 2 | loss: 0.30424 - accuracy: 0.84466
Model is Bert, dataset is sfu, undersample is None, aug mode is trans, geo is 0.9, pct_usage is None, small_label is 1, small_prop is 0.6, balance_seed is 0, lr is 2e-05, max_epochs is 3, split_num is 6
Training epoch 0 | loss: 0.56659 - accuracy: 0.72128
Validating epoch 0 | loss: 0.36329 - accuracy: 0.87379
Training epoch 1 | loss: 0.31819 - accuracy: 0.9
Validating epoch 1 | loss: 0.31935 - accuracy: 0.85437
Training epoch 2 | loss: 0.25398 - accuracy: 0.91809
Validating epoch 2 | loss: 0.29696 - accuracy: 0.86408
Model is Bert, dataset is sfu, undersample is False, aug mode is None, geo is None, pct_usage is None, small_label is 1, small_prop is 0.6, balance_seed is 0, lr is 2e-05, max_epochs is 3, split_num is 6
Training epoch 0 | loss: 0.57937 - accuracy: 0.69787
Validating epoch 0 | loss: 0.3743 - accuracy: 0.8932
Training epoch 1 | loss: 0.33088 - accuracy: 0.89149
Validating epoch 1 | loss: 0.31872 - accuracy: 0.8932
Training epoch 2 | loss: 0.25327 - accuracy: 0.92872
Validating epoch 2 | loss: 0.31755 - accuracy: 0.8932
Model is Bert, dataset is sfu, undersample is True, aug mode is None, geo is None, pct_usage is None, small_label is 1, small_prop is 0.6, balance_seed is 0, lr is 2e-05, max_epochs is 3, split_num is 6
Training epoch 0 | loss: 0.58061 - accuracy: 0.70213
Validating epoch 0 | loss: 0.36934 - accuracy: 0.87379
Training epoch 1 | loss: 0.36379 - accuracy: 0.89043
Validating epoch 1 | loss: 0.32436 - accuracy: 0.86408
Training epoch 2 | loss: 0.26201 - accuracy: 0.92128
Validating epoch 2 | loss: 0.31275 - accuracy: 0.85437
Model is Bert, dataset is sfu, undersample is None, aug mode is trans, geo is 0.1, pct_usage is None, small_label is 0, small_prop is 0.8, balance_seed is 0, lr is 2e-05, max_epochs is 3, split_num is 6
Training epoch 0 | loss: 0.52746 - accuracy: 0.75213
Validating epoch 0 | loss: 0.36891 - accuracy: 0.82524
Training epoch 1 | loss: 0.31021 - accuracy: 0.90426
Validating epoch 1 | loss: 0.29998 - accuracy: 0.8932
Training epoch 2 | loss: 0.25331 - accuracy: 0.91383
Validating epoch 2 | loss: 0.30647 - accuracy: 0.8932
Model is Bert, dataset is sfu, undersample is None, aug mode is trans, geo is 0.3, pct_usage is None, small_label is 0, small_prop is 0.8, balance_seed is 0, lr is 2e-05, max_epochs is 3, split_num is 6
Training epoch 0 | loss: 0.50375 - accuracy: 0.76277
Validating epoch 0 | loss: 0.34564 - accuracy: 0.84466
Training epoch 1 | loss: 0.33246 - accuracy: 0.88404
Validating epoch 1 | loss: 0.30795 - accuracy: 0.86408
Training epoch 2 | loss: 0.28113 - accuracy: 0.90106
Validating epoch 2 | loss: 0.30267 - accuracy: 0.87379
Model is Bert, dataset is sfu, undersample is None, aug mode is trans, geo is 0.5, pct_usage is None, small_label is 0, small_prop is 0.8, balance_seed is 0, lr is 2e-05, max_epochs is 3, split_num is 6
Training epoch 0 | loss: 0.57148 - accuracy: 0.70106
Validating epoch 0 | loss: 0.41726 - accuracy: 0.85437
Training epoch 1 | loss: 0.34487 - accuracy: 0.87553
Validating epoch 1 | loss: 0.36229 - accuracy: 0.85437
Training epoch 2 | loss: 0.28329 - accuracy: 0.9
Validating epoch 2 | loss: 0.36303 - accuracy: 0.84466
Model is Bert, dataset is sfu, undersample is None, aug mode is trans, geo is 0.7, pct_usage is None, small_label is 0, small_prop is 0.8, balance_seed is 0, lr is 2e-05, max_epochs is 3, split_num is 6
Training epoch 0 | loss: 0.53016 - accuracy: 0.79149
Validating epoch 0 | loss: 0.3589 - accuracy: 0.86408
Training epoch 1 | loss: 0.32497 - accuracy: 0.89043
Validating epoch 1 | loss: 0.33942 - accuracy: 0.85437
Training epoch 2 | loss: 0.26415 - accuracy: 0.91596
Validating epoch 2 | loss: 0.327 - accuracy: 0.87379
Model is Bert, dataset is sfu, undersample is None, aug mode is trans, geo is 0.9, pct_usage is None, small_label is 0, small_prop is 0.8, balance_seed is 0, lr is 2e-05, max_epochs is 3, split_num is 6
Training epoch 0 | loss: 0.54084 - accuracy: 0.72128
Validating epoch 0 | loss: 0.37279 - accuracy: 0.84466
Training epoch 1 | loss: 0.33149 - accuracy: 0.89255
Validating epoch 1 | loss: 0.31718 - accuracy: 0.8835
Training epoch 2 | loss: 0.26289 - accuracy: 0.91596
Validating epoch 2 | loss: 0.32066 - accuracy: 0.84466
Model is Bert, dataset is sfu, undersample is False, aug mode is None, geo is None, pct_usage is None, small_label is 0, small_prop is 0.8, balance_seed is 0, lr is 2e-05, max_epochs is 3, split_num is 6
Training epoch 0 | loss: 0.5455 - accuracy: 0.76489
Validating epoch 0 | loss: 0.40644 - accuracy: 0.81553
Training epoch 1 | loss: 0.34638 - accuracy: 0.88404
Validating epoch 1 | loss: 0.3143 - accuracy: 0.8835
Training epoch 2 | loss: 0.27183 - accuracy: 0.91383
Validating epoch 2 | loss: 0.32635 - accuracy: 0.86408
Model is Bert, dataset is sfu, undersample is True, aug mode is None, geo is None, pct_usage is None, small_label is 0, small_prop is 0.8, balance_seed is 0, lr is 2e-05, max_epochs is 3, split_num is 6
Training epoch 0 | loss: 0.60377 - accuracy: 0.65532
Validating epoch 0 | loss: 0.40226 - accuracy: 0.85437
Training epoch 1 | loss: 0.34519 - accuracy: 0.88511
Validating epoch 1 | loss: 0.30415 - accuracy: 0.86408
Training epoch 2 | loss: 0.24758 - accuracy: 0.92234
Validating epoch 2 | loss: 0.27791 - accuracy: 0.8835
Model is Bert, dataset is sfu, undersample is None, aug mode is trans, geo is 0.1, pct_usage is None, small_label is 1, small_prop is 0.8, balance_seed is 0, lr is 2e-05, max_epochs is 3, split_num is 6
Training epoch 0 | loss: 0.60036 - accuracy: 0.69574
Validating epoch 0 | loss: 0.44024 - accuracy: 0.82524
Training epoch 1 | loss: 0.32134 - accuracy: 0.88404
Validating epoch 1 | loss: 0.37447 - accuracy: 0.84466
Training epoch 2 | loss: 0.2505 - accuracy: 0.9117
Validating epoch 2 | loss: 0.39188 - accuracy: 0.82524
Model is Bert, dataset is sfu, undersample is None, aug mode is trans, geo is 0.3, pct_usage is None, small_label is 1, small_prop is 0.8, balance_seed is 0, lr is 2e-05, max_epochs is 3, split_num is 6
Training epoch 0 | loss: 0.5144 - accuracy: 0.7883
Validating epoch 0 | loss: 0.33193 - accuracy: 0.8932
Training epoch 1 | loss: 0.33154 - accuracy: 0.87766
Validating epoch 1 | loss: 0.31536 - accuracy: 0.86408
Training epoch 2 | loss: 0.26735 - accuracy: 0.90106
Validating epoch 2 | loss: 0.32109 - accuracy: 0.86408
Model is Bert, dataset is sfu, undersample is None, aug mode is trans, geo is 0.5, pct_usage is None, small_label is 1, small_prop is 0.8, balance_seed is 0, lr is 2e-05, max_epochs is 3, split_num is 6
Training epoch 0 | loss: 0.58507 - accuracy: 0.6766
Validating epoch 0 | loss: 0.38228 - accuracy: 0.87379
Training epoch 1 | loss: 0.36157 - accuracy: 0.8617
Validating epoch 1 | loss: 0.38645 - accuracy: 0.85437
Training epoch 2 | loss: 0.29008 - accuracy: 0.90213
Validating epoch 2 | loss: 0.38905 - accuracy: 0.84466
Model is Bert, dataset is sfu, undersample is None, aug mode is trans, geo is 0.7, pct_usage is None, small_label is 1, small_prop is 0.8, balance_seed is 0, lr is 2e-05, max_epochs is 3, split_num is 6
Training epoch 0 | loss: 0.60699 - accuracy: 0.67553
Validating epoch 0 | loss: 0.4216 - accuracy: 0.86408
Training epoch 1 | loss: 0.3401 - accuracy: 0.88298
Validating epoch 1 | loss: 0.35226 - accuracy: 0.85437
Training epoch 2 | loss: 0.27035 - accuracy: 0.90532
Validating epoch 2 | loss: 0.35948 - accuracy: 0.86408
Model is Bert, dataset is sfu, undersample is None, aug mode is trans, geo is 0.9, pct_usage is None, small_label is 1, small_prop is 0.8, balance_seed is 0, lr is 2e-05, max_epochs is 3, split_num is 6
Training epoch 0 | loss: 0.60325 - accuracy: 0.70106
Validating epoch 0 | loss: 0.44406 - accuracy: 0.86408
Training epoch 1 | loss: 0.37725 - accuracy: 0.8766
Validating epoch 1 | loss: 0.33826 - accuracy: 0.87379
Training epoch 2 | loss: 0.3057 - accuracy: 0.89468
Validating epoch 2 | loss: 0.3284 - accuracy: 0.8835
Model is Bert, dataset is sfu, undersample is False, aug mode is None, geo is None, pct_usage is None, small_label is 1, small_prop is 0.8, balance_seed is 0, lr is 2e-05, max_epochs is 3, split_num is 6
Training epoch 0 | loss: 0.63926 - accuracy: 0.63404
Validating epoch 0 | loss: 0.45981 - accuracy: 0.87379
Training epoch 1 | loss: 0.39068 - accuracy: 0.87447
Validating epoch 1 | loss: 0.3455 - accuracy: 0.8835
Training epoch 2 | loss: 0.30301 - accuracy: 0.89894
Validating epoch 2 | loss: 0.32058 - accuracy: 0.86408
Model is Bert, dataset is sfu, undersample is True, aug mode is None, geo is None, pct_usage is None, small_label is 1, small_prop is 0.8, balance_seed is 0, lr is 2e-05, max_epochs is 3, split_num is 6
Training epoch 0 | loss: 0.55121 - accuracy: 0.72766
Validating epoch 0 | loss: 0.36384 - accuracy: 0.8835
Training epoch 1 | loss: 0.32675 - accuracy: 0.89362
Validating epoch 1 | loss: 0.37426 - accuracy: 0.85437
Training epoch 2 | loss: 0.26245 - accuracy: 0.9117
Validating epoch 2 | loss: 0.30872 - accuracy: 0.8835
