Model is Bert, dataset is sfu, undersample is None, aug mode is trans, geo is 0.1, pct_usage is None, small_label is 0, small_prop is 0.2, balance_seed is 1, lr is 2e-05, max_epochs is 3, split_num is 4
Training epoch 0 | loss: 0.53264 - accuracy: 0.73511
Validating epoch 0 | loss: 0.31088 - accuracy: 0.8932
Training epoch 1 | loss: 0.30154 - accuracy: 0.90319
Validating epoch 1 | loss: 0.28291 - accuracy: 0.86408
Training epoch 2 | loss: 0.21283 - accuracy: 0.93723
Validating epoch 2 | loss: 0.27012 - accuracy: 0.8835
Model is Bert, dataset is sfu, undersample is None, aug mode is trans, geo is 0.3, pct_usage is None, small_label is 0, small_prop is 0.2, balance_seed is 1, lr is 2e-05, max_epochs is 3, split_num is 4
Training epoch 0 | loss: 0.61113 - accuracy: 0.63191
Validating epoch 0 | loss: 0.39546 - accuracy: 0.8932
Training epoch 1 | loss: 0.3324 - accuracy: 0.89574
Validating epoch 1 | loss: 0.25481 - accuracy: 0.91262
Training epoch 2 | loss: 0.23212 - accuracy: 0.93085
Validating epoch 2 | loss: 0.25876 - accuracy: 0.87379
Model is Bert, dataset is sfu, undersample is None, aug mode is trans, geo is 0.5, pct_usage is None, small_label is 0, small_prop is 0.2, balance_seed is 1, lr is 2e-05, max_epochs is 3, split_num is 4
Training epoch 0 | loss: 0.61827 - accuracy: 0.62234
Validating epoch 0 | loss: 0.36437 - accuracy: 0.8932
Training epoch 1 | loss: 0.3421 - accuracy: 0.8734
Validating epoch 1 | loss: 0.25814 - accuracy: 0.8932
Training epoch 2 | loss: 0.25178 - accuracy: 0.92021
Validating epoch 2 | loss: 0.22395 - accuracy: 0.92233
Model is Bert, dataset is sfu, undersample is None, aug mode is trans, geo is 0.7, pct_usage is None, small_label is 0, small_prop is 0.2, balance_seed is 1, lr is 2e-05, max_epochs is 3, split_num is 4
Training epoch 0 | loss: 0.55467 - accuracy: 0.72128
Validating epoch 0 | loss: 0.36302 - accuracy: 0.87379
Training epoch 1 | loss: 0.30728 - accuracy: 0.91702
Validating epoch 1 | loss: 0.31206 - accuracy: 0.86408
Training epoch 2 | loss: 0.23954 - accuracy: 0.93191
Validating epoch 2 | loss: 0.24413 - accuracy: 0.8932
Model is Bert, dataset is sfu, undersample is None, aug mode is trans, geo is 0.9, pct_usage is None, small_label is 0, small_prop is 0.2, balance_seed is 1, lr is 2e-05, max_epochs is 3, split_num is 4
Training epoch 0 | loss: 0.6248 - accuracy: 0.64149
Validating epoch 0 | loss: 0.37985 - accuracy: 0.86408
Training epoch 1 | loss: 0.35634 - accuracy: 0.88511
Validating epoch 1 | loss: 0.29485 - accuracy: 0.87379
Training epoch 2 | loss: 0.24609 - accuracy: 0.91596
Validating epoch 2 | loss: 0.2257 - accuracy: 0.91262
Model is Bert, dataset is sfu, undersample is False, aug mode is None, geo is None, pct_usage is None, small_label is 0, small_prop is 0.2, balance_seed is 1, lr is 2e-05, max_epochs is 3, split_num is 4
Training epoch 0 | loss: 0.5485 - accuracy: 0.74149
Validating epoch 0 | loss: 0.32717 - accuracy: 0.86408
Training epoch 1 | loss: 0.24381 - accuracy: 0.93085
Validating epoch 1 | loss: 0.29406 - accuracy: 0.87379
Training epoch 2 | loss: 0.12146 - accuracy: 0.97234
Validating epoch 2 | loss: 0.30355 - accuracy: 0.86408
Model is Bert, dataset is sfu, undersample is True, aug mode is None, geo is None, pct_usage is None, small_label is 0, small_prop is 0.2, balance_seed is 1, lr is 2e-05, max_epochs is 3, split_num is 4
Training epoch 0 | loss: 0.58014 - accuracy: 0.73617
Validating epoch 0 | loss: 0.39722 - accuracy: 0.85437
Training epoch 1 | loss: 0.23 - accuracy: 0.94787
Validating epoch 1 | loss: 0.29209 - accuracy: 0.87379
Training epoch 2 | loss: 0.07721 - accuracy: 0.99574
Validating epoch 2 | loss: 0.29575 - accuracy: 0.87379
Model is Bert, dataset is sfu, undersample is None, aug mode is trans, geo is 0.1, pct_usage is None, small_label is 1, small_prop is 0.2, balance_seed is 1, lr is 2e-05, max_epochs is 3, split_num is 4
Training epoch 0 | loss: 0.57603 - accuracy: 0.74894
Validating epoch 0 | loss: 0.37722 - accuracy: 0.8932
Training epoch 1 | loss: 0.32877 - accuracy: 0.90426
Validating epoch 1 | loss: 0.32965 - accuracy: 0.82524
Training epoch 2 | loss: 0.21176 - accuracy: 0.94043
Validating epoch 2 | loss: 0.31475 - accuracy: 0.87379
Model is Bert, dataset is sfu, undersample is None, aug mode is trans, geo is 0.3, pct_usage is None, small_label is 1, small_prop is 0.2, balance_seed is 1, lr is 2e-05, max_epochs is 3, split_num is 4
Training epoch 0 | loss: 0.52162 - accuracy: 0.75851
Validating epoch 0 | loss: 0.32267 - accuracy: 0.8932
Training epoch 1 | loss: 0.27888 - accuracy: 0.91064
Validating epoch 1 | loss: 0.31784 - accuracy: 0.85437
Training epoch 2 | loss: 0.19897 - accuracy: 0.94255
Validating epoch 2 | loss: 0.32092 - accuracy: 0.85437
Model is Bert, dataset is sfu, undersample is None, aug mode is trans, geo is 0.5, pct_usage is None, small_label is 1, small_prop is 0.2, balance_seed is 1, lr is 2e-05, max_epochs is 3, split_num is 4
Training epoch 0 | loss: 0.51482 - accuracy: 0.77766
Validating epoch 0 | loss: 0.3553 - accuracy: 0.85437
Training epoch 1 | loss: 0.2669 - accuracy: 0.92979
Validating epoch 1 | loss: 0.31001 - accuracy: 0.87379
Training epoch 2 | loss: 0.18015 - accuracy: 0.95638
Validating epoch 2 | loss: 0.29111 - accuracy: 0.8835
Model is Bert, dataset is sfu, undersample is None, aug mode is trans, geo is 0.7, pct_usage is None, small_label is 1, small_prop is 0.2, balance_seed is 1, lr is 2e-05, max_epochs is 3, split_num is 4
Training epoch 0 | loss: 0.61316 - accuracy: 0.67979
Validating epoch 0 | loss: 0.42108 - accuracy: 0.83495
Training epoch 1 | loss: 0.33283 - accuracy: 0.88298
Validating epoch 1 | loss: 0.2805 - accuracy: 0.87379
Training epoch 2 | loss: 0.22599 - accuracy: 0.93511
Validating epoch 2 | loss: 0.28293 - accuracy: 0.8835
Model is Bert, dataset is sfu, undersample is None, aug mode is trans, geo is 0.9, pct_usage is None, small_label is 1, small_prop is 0.2, balance_seed is 1, lr is 2e-05, max_epochs is 3, split_num is 4
Training epoch 0 | loss: 0.52956 - accuracy: 0.7617
Validating epoch 0 | loss: 0.32749 - accuracy: 0.8932
Training epoch 1 | loss: 0.28631 - accuracy: 0.91489
Validating epoch 1 | loss: 0.25677 - accuracy: 0.8932
Training epoch 2 | loss: 0.19277 - accuracy: 0.95106
Validating epoch 2 | loss: 0.273 - accuracy: 0.86408
Model is Bert, dataset is sfu, undersample is False, aug mode is None, geo is None, pct_usage is None, small_label is 1, small_prop is 0.2, balance_seed is 1, lr is 2e-05, max_epochs is 3, split_num is 4
Training epoch 0 | loss: 0.51304 - accuracy: 0.76809
Validating epoch 0 | loss: 0.2933 - accuracy: 0.8932
Training epoch 1 | loss: 0.26021 - accuracy: 0.92234
Validating epoch 1 | loss: 0.31939 - accuracy: 0.85437
Training epoch 2 | loss: 0.17551 - accuracy: 0.94894
Validating epoch 2 | loss: 0.27478 - accuracy: 0.8932
Model is Bert, dataset is sfu, undersample is True, aug mode is None, geo is None, pct_usage is None, small_label is 1, small_prop is 0.2, balance_seed is 1, lr is 2e-05, max_epochs is 3, split_num is 4
Training epoch 0 | loss: 0.56898 - accuracy: 0.71277
Validating epoch 0 | loss: 0.33617 - accuracy: 0.90291
Training epoch 1 | loss: 0.20261 - accuracy: 0.97553
Validating epoch 1 | loss: 0.25451 - accuracy: 0.90291
Training epoch 2 | loss: 0.08765 - accuracy: 1.0
Validating epoch 2 | loss: 0.23774 - accuracy: 0.91262
Model is Bert, dataset is sfu, undersample is None, aug mode is trans, geo is 0.1, pct_usage is None, small_label is 0, small_prop is 0.4, balance_seed is 1, lr is 2e-05, max_epochs is 3, split_num is 4
Training epoch 0 | loss: 0.59906 - accuracy: 0.67234
Validating epoch 0 | loss: 0.31826 - accuracy: 0.86408
Training epoch 1 | loss: 0.30508 - accuracy: 0.8883
Validating epoch 1 | loss: 0.22628 - accuracy: 0.90291
Training epoch 2 | loss: 0.22169 - accuracy: 0.92234
Validating epoch 2 | loss: 0.22264 - accuracy: 0.91262
Model is Bert, dataset is sfu, undersample is None, aug mode is trans, geo is 0.3, pct_usage is None, small_label is 0, small_prop is 0.4, balance_seed is 1, lr is 2e-05, max_epochs is 3, split_num is 4
Training epoch 0 | loss: 0.5263 - accuracy: 0.73723
Validating epoch 0 | loss: 0.26343 - accuracy: 0.8932
Training epoch 1 | loss: 0.32509 - accuracy: 0.87553
Validating epoch 1 | loss: 0.22908 - accuracy: 0.91262
Training epoch 2 | loss: 0.24694 - accuracy: 0.91915
Validating epoch 2 | loss: 0.23632 - accuracy: 0.92233
Model is Bert, dataset is sfu, undersample is None, aug mode is trans, geo is 0.5, pct_usage is None, small_label is 0, small_prop is 0.4, balance_seed is 1, lr is 2e-05, max_epochs is 3, split_num is 4
Training epoch 0 | loss: 0.63058 - accuracy: 0.64681
Validating epoch 0 | loss: 0.39187 - accuracy: 0.90291
Training epoch 1 | loss: 0.36235 - accuracy: 0.87234
Validating epoch 1 | loss: 0.26067 - accuracy: 0.91262
Training epoch 2 | loss: 0.2574 - accuracy: 0.91383
Validating epoch 2 | loss: 0.24389 - accuracy: 0.8932
Model is Bert, dataset is sfu, undersample is None, aug mode is trans, geo is 0.7, pct_usage is None, small_label is 0, small_prop is 0.4, balance_seed is 1, lr is 2e-05, max_epochs is 3, split_num is 4
Training epoch 0 | loss: 0.58226 - accuracy: 0.69894
Validating epoch 0 | loss: 0.39403 - accuracy: 0.86408
Training epoch 1 | loss: 0.3136 - accuracy: 0.89149
Validating epoch 1 | loss: 0.21751 - accuracy: 0.94175
Training epoch 2 | loss: 0.21517 - accuracy: 0.93191
Validating epoch 2 | loss: 0.21222 - accuracy: 0.92233
Model is Bert, dataset is sfu, undersample is None, aug mode is trans, geo is 0.9, pct_usage is None, small_label is 0, small_prop is 0.4, balance_seed is 1, lr is 2e-05, max_epochs is 3, split_num is 4
Training epoch 0 | loss: 0.61492 - accuracy: 0.64468
Validating epoch 0 | loss: 0.31257 - accuracy: 0.90291
Training epoch 1 | loss: 0.33316 - accuracy: 0.87128
Validating epoch 1 | loss: 0.21791 - accuracy: 0.94175
Training epoch 2 | loss: 0.25027 - accuracy: 0.91489
Validating epoch 2 | loss: 0.21293 - accuracy: 0.93204
Model is Bert, dataset is sfu, undersample is False, aug mode is None, geo is None, pct_usage is None, small_label is 0, small_prop is 0.4, balance_seed is 1, lr is 2e-05, max_epochs is 3, split_num is 4
Training epoch 0 | loss: 0.53279 - accuracy: 0.74574
Validating epoch 0 | loss: 0.34474 - accuracy: 0.8932
Training epoch 1 | loss: 0.28953 - accuracy: 0.91383
Validating epoch 1 | loss: 0.2707 - accuracy: 0.90291
Training epoch 2 | loss: 0.20088 - accuracy: 0.94894
Validating epoch 2 | loss: 0.25627 - accuracy: 0.90291
Model is Bert, dataset is sfu, undersample is True, aug mode is None, geo is None, pct_usage is None, small_label is 0, small_prop is 0.4, balance_seed is 1, lr is 2e-05, max_epochs is 3, split_num is 4
Training epoch 0 | loss: 0.55643 - accuracy: 0.7383
Validating epoch 0 | loss: 0.32529 - accuracy: 0.8835
Training epoch 1 | loss: 0.32673 - accuracy: 0.89043
Validating epoch 1 | loss: 0.25735 - accuracy: 0.90291
Training epoch 2 | loss: 0.20828 - accuracy: 0.95106
Validating epoch 2 | loss: 0.2534 - accuracy: 0.90291
Model is Bert, dataset is sfu, undersample is None, aug mode is trans, geo is 0.1, pct_usage is None, small_label is 1, small_prop is 0.4, balance_seed is 1, lr is 2e-05, max_epochs is 3, split_num is 4
Training epoch 0 | loss: 0.52679 - accuracy: 0.74468
Validating epoch 0 | loss: 0.33051 - accuracy: 0.87379
Training epoch 1 | loss: 0.29545 - accuracy: 0.90319
Validating epoch 1 | loss: 0.30289 - accuracy: 0.87379
Training epoch 2 | loss: 0.23036 - accuracy: 0.93085
Validating epoch 2 | loss: 0.30409 - accuracy: 0.86408
Model is Bert, dataset is sfu, undersample is None, aug mode is trans, geo is 0.3, pct_usage is None, small_label is 1, small_prop is 0.4, balance_seed is 1, lr is 2e-05, max_epochs is 3, split_num is 4
Training epoch 0 | loss: 0.57978 - accuracy: 0.72447
Validating epoch 0 | loss: 0.35436 - accuracy: 0.8932
Training epoch 1 | loss: 0.33025 - accuracy: 0.88936
Validating epoch 1 | loss: 0.30362 - accuracy: 0.8835
Training epoch 2 | loss: 0.25043 - accuracy: 0.91702
Validating epoch 2 | loss: 0.28979 - accuracy: 0.91262
Model is Bert, dataset is sfu, undersample is None, aug mode is trans, geo is 0.5, pct_usage is None, small_label is 1, small_prop is 0.4, balance_seed is 1, lr is 2e-05, max_epochs is 3, split_num is 4
Training epoch 0 | loss: 0.6424 - accuracy: 0.61596
Validating epoch 0 | loss: 0.44457 - accuracy: 0.87379
Training epoch 1 | loss: 0.38179 - accuracy: 0.86277
Validating epoch 1 | loss: 0.24038 - accuracy: 0.92233
Training epoch 2 | loss: 0.26435 - accuracy: 0.90957
Validating epoch 2 | loss: 0.23779 - accuracy: 0.8932
Model is Bert, dataset is sfu, undersample is None, aug mode is trans, geo is 0.7, pct_usage is None, small_label is 1, small_prop is 0.4, balance_seed is 1, lr is 2e-05, max_epochs is 3, split_num is 4
Training epoch 0 | loss: 0.56794 - accuracy: 0.7117
Validating epoch 0 | loss: 0.33764 - accuracy: 0.87379
Training epoch 1 | loss: 0.32756 - accuracy: 0.88191
Validating epoch 1 | loss: 0.26026 - accuracy: 0.90291
Training epoch 2 | loss: 0.25385 - accuracy: 0.91915
Validating epoch 2 | loss: 0.26386 - accuracy: 0.8932
Model is Bert, dataset is sfu, undersample is None, aug mode is trans, geo is 0.9, pct_usage is None, small_label is 1, small_prop is 0.4, balance_seed is 1, lr is 2e-05, max_epochs is 3, split_num is 4
Training epoch 0 | loss: 0.5181 - accuracy: 0.76383
Validating epoch 0 | loss: 0.32133 - accuracy: 0.8932
Training epoch 1 | loss: 0.30294 - accuracy: 0.89894
Validating epoch 1 | loss: 0.25114 - accuracy: 0.90291
Training epoch 2 | loss: 0.23687 - accuracy: 0.93936
Validating epoch 2 | loss: 0.23093 - accuracy: 0.91262
Model is Bert, dataset is sfu, undersample is False, aug mode is None, geo is None, pct_usage is None, small_label is 1, small_prop is 0.4, balance_seed is 1, lr is 2e-05, max_epochs is 3, split_num is 4
Training epoch 0 | loss: 0.52291 - accuracy: 0.77021
Validating epoch 0 | loss: 0.29575 - accuracy: 0.8932
Training epoch 1 | loss: 0.32534 - accuracy: 0.88511
Validating epoch 1 | loss: 0.25423 - accuracy: 0.8932
Training epoch 2 | loss: 0.25849 - accuracy: 0.91915
Validating epoch 2 | loss: 0.25328 - accuracy: 0.8932
Model is Bert, dataset is sfu, undersample is True, aug mode is None, geo is None, pct_usage is None, small_label is 1, small_prop is 0.4, balance_seed is 1, lr is 2e-05, max_epochs is 3, split_num is 4
Training epoch 0 | loss: 0.53942 - accuracy: 0.76702
Validating epoch 0 | loss: 0.3571 - accuracy: 0.87379
Training epoch 1 | loss: 0.31116 - accuracy: 0.90106
Validating epoch 1 | loss: 0.28068 - accuracy: 0.85437
Training epoch 2 | loss: 0.2061 - accuracy: 0.94894
Validating epoch 2 | loss: 0.26129 - accuracy: 0.90291
Model is Bert, dataset is sfu, undersample is None, aug mode is trans, geo is 0.1, pct_usage is None, small_label is 0, small_prop is 0.6, balance_seed is 1, lr is 2e-05, max_epochs is 3, split_num is 4
Training epoch 0 | loss: 0.5848 - accuracy: 0.68617
Validating epoch 0 | loss: 0.31784 - accuracy: 0.90291
Training epoch 1 | loss: 0.32839 - accuracy: 0.8883
Validating epoch 1 | loss: 0.22502 - accuracy: 0.91262
Training epoch 2 | loss: 0.25546 - accuracy: 0.9234
Validating epoch 2 | loss: 0.21642 - accuracy: 0.8932
Model is Bert, dataset is sfu, undersample is None, aug mode is trans, geo is 0.3, pct_usage is None, small_label is 0, small_prop is 0.6, balance_seed is 1, lr is 2e-05, max_epochs is 3, split_num is 4
Training epoch 0 | loss: 0.60588 - accuracy: 0.69894
Validating epoch 0 | loss: 0.34367 - accuracy: 0.91262
Training epoch 1 | loss: 0.3537 - accuracy: 0.88936
Validating epoch 1 | loss: 0.24135 - accuracy: 0.92233
Training epoch 2 | loss: 0.30803 - accuracy: 0.89681
Validating epoch 2 | loss: 0.22231 - accuracy: 0.90291
Model is Bert, dataset is sfu, undersample is None, aug mode is trans, geo is 0.5, pct_usage is None, small_label is 0, small_prop is 0.6, balance_seed is 1, lr is 2e-05, max_epochs is 3, split_num is 4
Training epoch 0 | loss: 0.54417 - accuracy: 0.74894
Validating epoch 0 | loss: 0.31119 - accuracy: 0.90291
Training epoch 1 | loss: 0.32649 - accuracy: 0.90106
Validating epoch 1 | loss: 0.25183 - accuracy: 0.93204
Training epoch 2 | loss: 0.2568 - accuracy: 0.91702
Validating epoch 2 | loss: 0.22176 - accuracy: 0.91262
Model is Bert, dataset is sfu, undersample is None, aug mode is trans, geo is 0.7, pct_usage is None, small_label is 0, small_prop is 0.6, balance_seed is 1, lr is 2e-05, max_epochs is 3, split_num is 4
Training epoch 0 | loss: 0.59231 - accuracy: 0.69894
Validating epoch 0 | loss: 0.34902 - accuracy: 0.91262
Training epoch 1 | loss: 0.34941 - accuracy: 0.87872
Validating epoch 1 | loss: 0.24852 - accuracy: 0.90291
Training epoch 2 | loss: 0.24179 - accuracy: 0.91809
Validating epoch 2 | loss: 0.21443 - accuracy: 0.90291
Model is Bert, dataset is sfu, undersample is None, aug mode is trans, geo is 0.9, pct_usage is None, small_label is 0, small_prop is 0.6, balance_seed is 1, lr is 2e-05, max_epochs is 3, split_num is 4
Training epoch 0 | loss: 0.48859 - accuracy: 0.77553
Validating epoch 0 | loss: 0.27955 - accuracy: 0.8932
Training epoch 1 | loss: 0.28165 - accuracy: 0.89362
Validating epoch 1 | loss: 0.24017 - accuracy: 0.8932
Training epoch 2 | loss: 0.21191 - accuracy: 0.92553
Validating epoch 2 | loss: 0.24177 - accuracy: 0.90291
Model is Bert, dataset is sfu, undersample is False, aug mode is None, geo is None, pct_usage is None, small_label is 0, small_prop is 0.6, balance_seed is 1, lr is 2e-05, max_epochs is 3, split_num is 4
Training epoch 0 | loss: 0.53021 - accuracy: 0.73723
Validating epoch 0 | loss: 0.31684 - accuracy: 0.8835
Training epoch 1 | loss: 0.32622 - accuracy: 0.88085
Validating epoch 1 | loss: 0.25912 - accuracy: 0.8932
Training epoch 2 | loss: 0.2774 - accuracy: 0.90638
Validating epoch 2 | loss: 0.24072 - accuracy: 0.8932
Model is Bert, dataset is sfu, undersample is True, aug mode is None, geo is None, pct_usage is None, small_label is 0, small_prop is 0.6, balance_seed is 1, lr is 2e-05, max_epochs is 3, split_num is 4
Training epoch 0 | loss: 0.5904 - accuracy: 0.69043
Validating epoch 0 | loss: 0.38439 - accuracy: 0.92233
Training epoch 1 | loss: 0.29225 - accuracy: 0.90106
Validating epoch 1 | loss: 0.2609 - accuracy: 0.92233
Training epoch 2 | loss: 0.17722 - accuracy: 0.95426
Validating epoch 2 | loss: 0.23766 - accuracy: 0.90291
Model is Bert, dataset is sfu, undersample is None, aug mode is trans, geo is 0.1, pct_usage is None, small_label is 1, small_prop is 0.6, balance_seed is 1, lr is 2e-05, max_epochs is 3, split_num is 4
Training epoch 0 | loss: 0.56156 - accuracy: 0.72128
Validating epoch 0 | loss: 0.28501 - accuracy: 0.90291
Training epoch 1 | loss: 0.31742 - accuracy: 0.88617
Validating epoch 1 | loss: 0.26329 - accuracy: 0.91262
Training epoch 2 | loss: 0.26595 - accuracy: 0.91596
Validating epoch 2 | loss: 0.27987 - accuracy: 0.8835
Model is Bert, dataset is sfu, undersample is None, aug mode is trans, geo is 0.3, pct_usage is None, small_label is 1, small_prop is 0.6, balance_seed is 1, lr is 2e-05, max_epochs is 3, split_num is 4
Training epoch 0 | loss: 0.59096 - accuracy: 0.66489
Validating epoch 0 | loss: 0.39845 - accuracy: 0.86408
Training epoch 1 | loss: 0.3743 - accuracy: 0.88298
Validating epoch 1 | loss: 0.28743 - accuracy: 0.90291
Training epoch 2 | loss: 0.27963 - accuracy: 0.91702
Validating epoch 2 | loss: 0.29321 - accuracy: 0.87379
Model is Bert, dataset is sfu, undersample is None, aug mode is trans, geo is 0.5, pct_usage is None, small_label is 1, small_prop is 0.6, balance_seed is 1, lr is 2e-05, max_epochs is 3, split_num is 4
Training epoch 0 | loss: 0.53665 - accuracy: 0.75
Validating epoch 0 | loss: 0.33255 - accuracy: 0.87379
Training epoch 1 | loss: 0.34022 - accuracy: 0.88298
Validating epoch 1 | loss: 0.27715 - accuracy: 0.90291
Training epoch 2 | loss: 0.27255 - accuracy: 0.9117
Validating epoch 2 | loss: 0.27701 - accuracy: 0.8932
Model is Bert, dataset is sfu, undersample is None, aug mode is trans, geo is 0.7, pct_usage is None, small_label is 1, small_prop is 0.6, balance_seed is 1, lr is 2e-05, max_epochs is 3, split_num is 4
Training epoch 0 | loss: 0.55944 - accuracy: 0.73085
Validating epoch 0 | loss: 0.31876 - accuracy: 0.8932
Training epoch 1 | loss: 0.37264 - accuracy: 0.86277
Validating epoch 1 | loss: 0.30224 - accuracy: 0.8835
Training epoch 2 | loss: 0.32756 - accuracy: 0.8883
Validating epoch 2 | loss: 0.26018 - accuracy: 0.90291
Model is Bert, dataset is sfu, undersample is None, aug mode is trans, geo is 0.9, pct_usage is None, small_label is 1, small_prop is 0.6, balance_seed is 1, lr is 2e-05, max_epochs is 3, split_num is 4
Training epoch 0 | loss: 0.62591 - accuracy: 0.62872
Validating epoch 0 | loss: 0.39571 - accuracy: 0.90291
Training epoch 1 | loss: 0.37131 - accuracy: 0.87234
Validating epoch 1 | loss: 0.23522 - accuracy: 0.90291
Training epoch 2 | loss: 0.27212 - accuracy: 0.90532
Validating epoch 2 | loss: 0.22496 - accuracy: 0.91262
Model is Bert, dataset is sfu, undersample is False, aug mode is None, geo is None, pct_usage is None, small_label is 1, small_prop is 0.6, balance_seed is 1, lr is 2e-05, max_epochs is 3, split_num is 4
Training epoch 0 | loss: 0.5609 - accuracy: 0.70213
Validating epoch 0 | loss: 0.29254 - accuracy: 0.90291
Training epoch 1 | loss: 0.31298 - accuracy: 0.88936
Validating epoch 1 | loss: 0.22085 - accuracy: 0.91262
Training epoch 2 | loss: 0.23538 - accuracy: 0.91489
Validating epoch 2 | loss: 0.20589 - accuracy: 0.91262
Model is Bert, dataset is sfu, undersample is True, aug mode is None, geo is None, pct_usage is None, small_label is 1, small_prop is 0.6, balance_seed is 1, lr is 2e-05, max_epochs is 3, split_num is 4
Training epoch 0 | loss: 0.52603 - accuracy: 0.76596
Validating epoch 0 | loss: 0.29914 - accuracy: 0.8835
Training epoch 1 | loss: 0.29007 - accuracy: 0.90106
Validating epoch 1 | loss: 0.2422 - accuracy: 0.8835
Training epoch 2 | loss: 0.21661 - accuracy: 0.9266
Validating epoch 2 | loss: 0.21911 - accuracy: 0.90291
Model is Bert, dataset is sfu, undersample is None, aug mode is trans, geo is 0.1, pct_usage is None, small_label is 0, small_prop is 0.8, balance_seed is 1, lr is 2e-05, max_epochs is 3, split_num is 4
Training epoch 0 | loss: 0.58594 - accuracy: 0.65957
Validating epoch 0 | loss: 0.35375 - accuracy: 0.92233
Training epoch 1 | loss: 0.343 - accuracy: 0.8883
Validating epoch 1 | loss: 0.25781 - accuracy: 0.91262
Training epoch 2 | loss: 0.27067 - accuracy: 0.91596
Validating epoch 2 | loss: 0.27194 - accuracy: 0.85437
Model is Bert, dataset is sfu, undersample is None, aug mode is trans, geo is 0.3, pct_usage is None, small_label is 0, small_prop is 0.8, balance_seed is 1, lr is 2e-05, max_epochs is 3, split_num is 4
Training epoch 0 | loss: 0.57871 - accuracy: 0.67872
Validating epoch 0 | loss: 0.30938 - accuracy: 0.91262
Training epoch 1 | loss: 0.33141 - accuracy: 0.88723
Validating epoch 1 | loss: 0.22319 - accuracy: 0.91262
Training epoch 2 | loss: 0.27258 - accuracy: 0.90957
Validating epoch 2 | loss: 0.21841 - accuracy: 0.94175
Model is Bert, dataset is sfu, undersample is None, aug mode is trans, geo is 0.5, pct_usage is None, small_label is 0, small_prop is 0.8, balance_seed is 1, lr is 2e-05, max_epochs is 3, split_num is 4
Training epoch 0 | loss: 0.57773 - accuracy: 0.70426
Validating epoch 0 | loss: 0.3051 - accuracy: 0.90291
Training epoch 1 | loss: 0.33706 - accuracy: 0.88085
Validating epoch 1 | loss: 0.24685 - accuracy: 0.91262
Training epoch 2 | loss: 0.28889 - accuracy: 0.89787
Validating epoch 2 | loss: 0.24301 - accuracy: 0.8835
Model is Bert, dataset is sfu, undersample is None, aug mode is trans, geo is 0.7, pct_usage is None, small_label is 0, small_prop is 0.8, balance_seed is 1, lr is 2e-05, max_epochs is 3, split_num is 4
Training epoch 0 | loss: 0.56749 - accuracy: 0.72766
Validating epoch 0 | loss: 0.33941 - accuracy: 0.90291
Training epoch 1 | loss: 0.32552 - accuracy: 0.89043
Validating epoch 1 | loss: 0.24522 - accuracy: 0.8835
Training epoch 2 | loss: 0.2601 - accuracy: 0.91489
Validating epoch 2 | loss: 0.21862 - accuracy: 0.92233
Model is Bert, dataset is sfu, undersample is None, aug mode is trans, geo is 0.9, pct_usage is None, small_label is 0, small_prop is 0.8, balance_seed is 1, lr is 2e-05, max_epochs is 3, split_num is 4
Training epoch 0 | loss: 0.60547 - accuracy: 0.67234
Validating epoch 0 | loss: 0.41123 - accuracy: 0.8835
Training epoch 1 | loss: 0.4053 - accuracy: 0.8734
Validating epoch 1 | loss: 0.30927 - accuracy: 0.8932
Training epoch 2 | loss: 0.33281 - accuracy: 0.90745
Validating epoch 2 | loss: 0.27819 - accuracy: 0.91262
Model is Bert, dataset is sfu, undersample is False, aug mode is None, geo is None, pct_usage is None, small_label is 0, small_prop is 0.8, balance_seed is 1, lr is 2e-05, max_epochs is 3, split_num is 4
Training epoch 0 | loss: 0.55044 - accuracy: 0.7266
Validating epoch 0 | loss: 0.33097 - accuracy: 0.8835
Training epoch 1 | loss: 0.33258 - accuracy: 0.88404
Validating epoch 1 | loss: 0.25768 - accuracy: 0.90291
Training epoch 2 | loss: 0.25856 - accuracy: 0.90851
Validating epoch 2 | loss: 0.22901 - accuracy: 0.8835
Model is Bert, dataset is sfu, undersample is True, aug mode is None, geo is None, pct_usage is None, small_label is 0, small_prop is 0.8, balance_seed is 1, lr is 2e-05, max_epochs is 3, split_num is 4
Training epoch 0 | loss: 0.52488 - accuracy: 0.75213
Validating epoch 0 | loss: 0.30864 - accuracy: 0.87379
Training epoch 1 | loss: 0.32424 - accuracy: 0.89787
Validating epoch 1 | loss: 0.32219 - accuracy: 0.85437
Training epoch 2 | loss: 0.23421 - accuracy: 0.93298
Validating epoch 2 | loss: 0.26891 - accuracy: 0.90291
Model is Bert, dataset is sfu, undersample is None, aug mode is trans, geo is 0.1, pct_usage is None, small_label is 1, small_prop is 0.8, balance_seed is 1, lr is 2e-05, max_epochs is 3, split_num is 4
Training epoch 0 | loss: 0.56604 - accuracy: 0.69255
Validating epoch 0 | loss: 0.36959 - accuracy: 0.86408
Training epoch 1 | loss: 0.33465 - accuracy: 0.89043
Validating epoch 1 | loss: 0.28645 - accuracy: 0.8835
Training epoch 2 | loss: 0.25572 - accuracy: 0.91809
Validating epoch 2 | loss: 0.31166 - accuracy: 0.86408
Model is Bert, dataset is sfu, undersample is None, aug mode is trans, geo is 0.3, pct_usage is None, small_label is 1, small_prop is 0.8, balance_seed is 1, lr is 2e-05, max_epochs is 3, split_num is 4
Training epoch 0 | loss: 0.5711 - accuracy: 0.7117
Validating epoch 0 | loss: 0.34637 - accuracy: 0.90291
Training epoch 1 | loss: 0.32365 - accuracy: 0.89894
Validating epoch 1 | loss: 0.32595 - accuracy: 0.8835
Training epoch 2 | loss: 0.2491 - accuracy: 0.91277
Validating epoch 2 | loss: 0.29952 - accuracy: 0.87379
Model is Bert, dataset is sfu, undersample is None, aug mode is trans, geo is 0.5, pct_usage is None, small_label is 1, small_prop is 0.8, balance_seed is 1, lr is 2e-05, max_epochs is 3, split_num is 4
Training epoch 0 | loss: 0.61065 - accuracy: 0.65106
Validating epoch 0 | loss: 0.41032 - accuracy: 0.85437
Training epoch 1 | loss: 0.37389 - accuracy: 0.87021
Validating epoch 1 | loss: 0.32392 - accuracy: 0.85437
Training epoch 2 | loss: 0.27539 - accuracy: 0.9117
Validating epoch 2 | loss: 0.29508 - accuracy: 0.87379
Model is Bert, dataset is sfu, undersample is None, aug mode is trans, geo is 0.7, pct_usage is None, small_label is 1, small_prop is 0.8, balance_seed is 1, lr is 2e-05, max_epochs is 3, split_num is 4
Training epoch 0 | loss: 0.58772 - accuracy: 0.67766
Validating epoch 0 | loss: 0.34841 - accuracy: 0.90291
Training epoch 1 | loss: 0.32423 - accuracy: 0.87553
Validating epoch 1 | loss: 0.21995 - accuracy: 0.90291
Training epoch 2 | loss: 0.24154 - accuracy: 0.91809
Validating epoch 2 | loss: 0.21337 - accuracy: 0.91262
Model is Bert, dataset is sfu, undersample is None, aug mode is trans, geo is 0.9, pct_usage is None, small_label is 1, small_prop is 0.8, balance_seed is 1, lr is 2e-05, max_epochs is 3, split_num is 4
Training epoch 0 | loss: 0.57888 - accuracy: 0.68298
Validating epoch 0 | loss: 0.33331 - accuracy: 0.8932
Training epoch 1 | loss: 0.34105 - accuracy: 0.87979
Validating epoch 1 | loss: 0.2635 - accuracy: 0.90291
Training epoch 2 | loss: 0.25412 - accuracy: 0.91702
Validating epoch 2 | loss: 0.259 - accuracy: 0.90291
Model is Bert, dataset is sfu, undersample is False, aug mode is None, geo is None, pct_usage is None, small_label is 1, small_prop is 0.8, balance_seed is 1, lr is 2e-05, max_epochs is 3, split_num is 4
Training epoch 0 | loss: 0.60597 - accuracy: 0.67553
Validating epoch 0 | loss: 0.3341 - accuracy: 0.90291
Training epoch 1 | loss: 0.35973 - accuracy: 0.87766
Validating epoch 1 | loss: 0.24109 - accuracy: 0.8932
Training epoch 2 | loss: 0.28107 - accuracy: 0.90106
Validating epoch 2 | loss: 0.22587 - accuracy: 0.91262
Model is Bert, dataset is sfu, undersample is True, aug mode is None, geo is None, pct_usage is None, small_label is 1, small_prop is 0.8, balance_seed is 1, lr is 2e-05, max_epochs is 3, split_num is 4
Training epoch 0 | loss: 0.53472 - accuracy: 0.74787
Validating epoch 0 | loss: 0.3337 - accuracy: 0.90291
Training epoch 1 | loss: 0.31743 - accuracy: 0.89681
Validating epoch 1 | loss: 0.25391 - accuracy: 0.8932
Training epoch 2 | loss: 0.24328 - accuracy: 0.93511
Validating epoch 2 | loss: 0.25675 - accuracy: 0.8932
