Model is Bert, dataset is sfu, undersample is None, aug mode is trans, geo is 0.1, pct_usage is None, small_label is 0, small_prop is 0.2, balance_seed is 1, lr is 2e-05, max_epochs is 3, split_num is 6
Training epoch 0 | loss: 0.57127 - accuracy: 0.67872
Validating epoch 0 | loss: 0.38187 - accuracy: 0.8835
Training epoch 1 | loss: 0.30462 - accuracy: 0.91383
Validating epoch 1 | loss: 0.33883 - accuracy: 0.87379
Training epoch 2 | loss: 0.20062 - accuracy: 0.94043
Validating epoch 2 | loss: 0.32647 - accuracy: 0.8835
Model is Bert, dataset is sfu, undersample is None, aug mode is trans, geo is 0.3, pct_usage is None, small_label is 0, small_prop is 0.2, balance_seed is 1, lr is 2e-05, max_epochs is 3, split_num is 6
Training epoch 0 | loss: 0.54908 - accuracy: 0.73617
Validating epoch 0 | loss: 0.35851 - accuracy: 0.8835
Training epoch 1 | loss: 0.2876 - accuracy: 0.90426
Validating epoch 1 | loss: 0.35755 - accuracy: 0.8835
Training epoch 2 | loss: 0.22278 - accuracy: 0.92979
Validating epoch 2 | loss: 0.36126 - accuracy: 0.8835
Model is Bert, dataset is sfu, undersample is None, aug mode is trans, geo is 0.5, pct_usage is None, small_label is 0, small_prop is 0.2, balance_seed is 1, lr is 2e-05, max_epochs is 3, split_num is 6
Training epoch 0 | loss: 0.48839 - accuracy: 0.78298
Validating epoch 0 | loss: 0.38566 - accuracy: 0.86408
Training epoch 1 | loss: 0.26011 - accuracy: 0.92021
Validating epoch 1 | loss: 0.35987 - accuracy: 0.87379
Training epoch 2 | loss: 0.18984 - accuracy: 0.94681
Validating epoch 2 | loss: 0.38527 - accuracy: 0.86408
Model is Bert, dataset is sfu, undersample is None, aug mode is trans, geo is 0.7, pct_usage is None, small_label is 0, small_prop is 0.2, balance_seed is 1, lr is 2e-05, max_epochs is 3, split_num is 6
Training epoch 0 | loss: 0.56417 - accuracy: 0.7234
Validating epoch 0 | loss: 0.34482 - accuracy: 0.8835
Training epoch 1 | loss: 0.27091 - accuracy: 0.91702
Validating epoch 1 | loss: 0.37049 - accuracy: 0.87379
Training epoch 2 | loss: 0.19231 - accuracy: 0.94574
Validating epoch 2 | loss: 0.36281 - accuracy: 0.87379
Model is Bert, dataset is sfu, undersample is None, aug mode is trans, geo is 0.9, pct_usage is None, small_label is 0, small_prop is 0.2, balance_seed is 1, lr is 2e-05, max_epochs is 3, split_num is 6
Training epoch 0 | loss: 0.52856 - accuracy: 0.74149
Validating epoch 0 | loss: 0.37023 - accuracy: 0.86408
Training epoch 1 | loss: 0.28349 - accuracy: 0.92234
Validating epoch 1 | loss: 0.38496 - accuracy: 0.85437
Training epoch 2 | loss: 0.17535 - accuracy: 0.95957
Validating epoch 2 | loss: 0.4049 - accuracy: 0.84466
Model is Bert, dataset is sfu, undersample is False, aug mode is None, geo is None, pct_usage is None, small_label is 0, small_prop is 0.2, balance_seed is 1, lr is 2e-05, max_epochs is 3, split_num is 6
Training epoch 0 | loss: 0.54129 - accuracy: 0.73404
Validating epoch 0 | loss: 0.3612 - accuracy: 0.87379
Training epoch 1 | loss: 0.26269 - accuracy: 0.92447
Validating epoch 1 | loss: 0.39796 - accuracy: 0.81553
Training epoch 2 | loss: 0.15461 - accuracy: 0.96277
Validating epoch 2 | loss: 0.40498 - accuracy: 0.81553
Model is Bert, dataset is sfu, undersample is True, aug mode is None, geo is None, pct_usage is None, small_label is 0, small_prop is 0.2, balance_seed is 1, lr is 2e-05, max_epochs is 3, split_num is 6
Training epoch 0 | loss: 0.57565 - accuracy: 0.67872
Validating epoch 0 | loss: 0.41127 - accuracy: 0.84466
Training epoch 1 | loss: 0.19059 - accuracy: 0.96915
Validating epoch 1 | loss: 0.41973 - accuracy: 0.82524
Training epoch 2 | loss: 0.07211 - accuracy: 0.99468
Validating epoch 2 | loss: 0.45262 - accuracy: 0.84466
Model is Bert, dataset is sfu, undersample is None, aug mode is trans, geo is 0.1, pct_usage is None, small_label is 1, small_prop is 0.2, balance_seed is 1, lr is 2e-05, max_epochs is 3, split_num is 6
Training epoch 0 | loss: 0.60328 - accuracy: 0.66702
Validating epoch 0 | loss: 0.41865 - accuracy: 0.8835
Training epoch 1 | loss: 0.2892 - accuracy: 0.91809
Validating epoch 1 | loss: 0.33509 - accuracy: 0.8932
Training epoch 2 | loss: 0.19102 - accuracy: 0.94149
Validating epoch 2 | loss: 0.32164 - accuracy: 0.8835
Model is Bert, dataset is sfu, undersample is None, aug mode is trans, geo is 0.3, pct_usage is None, small_label is 1, small_prop is 0.2, balance_seed is 1, lr is 2e-05, max_epochs is 3, split_num is 6
Training epoch 0 | loss: 0.57843 - accuracy: 0.74574
Validating epoch 0 | loss: 0.4132 - accuracy: 0.84466
Training epoch 1 | loss: 0.35994 - accuracy: 0.89894
Validating epoch 1 | loss: 0.35006 - accuracy: 0.86408
Training epoch 2 | loss: 0.26344 - accuracy: 0.93298
Validating epoch 2 | loss: 0.36432 - accuracy: 0.86408
Model is Bert, dataset is sfu, undersample is None, aug mode is trans, geo is 0.5, pct_usage is None, small_label is 1, small_prop is 0.2, balance_seed is 1, lr is 2e-05, max_epochs is 3, split_num is 6
Training epoch 0 | loss: 0.51624 - accuracy: 0.77766
Validating epoch 0 | loss: 0.34075 - accuracy: 0.87379
Training epoch 1 | loss: 0.26329 - accuracy: 0.91809
Validating epoch 1 | loss: 0.33249 - accuracy: 0.87379
Training epoch 2 | loss: 0.16705 - accuracy: 0.9617
Validating epoch 2 | loss: 0.34446 - accuracy: 0.86408
Model is Bert, dataset is sfu, undersample is None, aug mode is trans, geo is 0.7, pct_usage is None, small_label is 1, small_prop is 0.2, balance_seed is 1, lr is 2e-05, max_epochs is 3, split_num is 6
Training epoch 0 | loss: 0.54419 - accuracy: 0.72128
Validating epoch 0 | loss: 0.36775 - accuracy: 0.8835
Training epoch 1 | loss: 0.26301 - accuracy: 0.9234
Validating epoch 1 | loss: 0.35702 - accuracy: 0.86408
Training epoch 2 | loss: 0.17053 - accuracy: 0.95106
Validating epoch 2 | loss: 0.35674 - accuracy: 0.86408
Model is Bert, dataset is sfu, undersample is None, aug mode is trans, geo is 0.9, pct_usage is None, small_label is 1, small_prop is 0.2, balance_seed is 1, lr is 2e-05, max_epochs is 3, split_num is 6
Training epoch 0 | loss: 0.57516 - accuracy: 0.7234
Validating epoch 0 | loss: 0.40719 - accuracy: 0.87379
Training epoch 1 | loss: 0.30169 - accuracy: 0.92447
Validating epoch 1 | loss: 0.36906 - accuracy: 0.85437
Training epoch 2 | loss: 0.17674 - accuracy: 0.96277
Validating epoch 2 | loss: 0.3812 - accuracy: 0.86408
Model is Bert, dataset is sfu, undersample is False, aug mode is None, geo is None, pct_usage is None, small_label is 1, small_prop is 0.2, balance_seed is 1, lr is 2e-05, max_epochs is 3, split_num is 6
Training epoch 0 | loss: 0.54232 - accuracy: 0.75851
Validating epoch 0 | loss: 0.35831 - accuracy: 0.90291
Training epoch 1 | loss: 0.30269 - accuracy: 0.91915
Validating epoch 1 | loss: 0.30387 - accuracy: 0.91262
Training epoch 2 | loss: 0.19444 - accuracy: 0.95426
Validating epoch 2 | loss: 0.29736 - accuracy: 0.91262
Model is Bert, dataset is sfu, undersample is True, aug mode is None, geo is None, pct_usage is None, small_label is 1, small_prop is 0.2, balance_seed is 1, lr is 2e-05, max_epochs is 3, split_num is 6
Training epoch 0 | loss: 0.45607 - accuracy: 0.82234
Validating epoch 0 | loss: 0.35148 - accuracy: 0.8932
Training epoch 1 | loss: 0.14918 - accuracy: 0.98404
Validating epoch 1 | loss: 0.33931 - accuracy: 0.8835
Training epoch 2 | loss: 0.07876 - accuracy: 0.99574
Validating epoch 2 | loss: 0.3401 - accuracy: 0.8835
Model is Bert, dataset is sfu, undersample is None, aug mode is trans, geo is 0.1, pct_usage is None, small_label is 0, small_prop is 0.4, balance_seed is 1, lr is 2e-05, max_epochs is 3, split_num is 6
Training epoch 0 | loss: 0.62094 - accuracy: 0.65638
Validating epoch 0 | loss: 0.43833 - accuracy: 0.82524
Training epoch 1 | loss: 0.29985 - accuracy: 0.89894
Validating epoch 1 | loss: 0.40863 - accuracy: 0.84466
Training epoch 2 | loss: 0.19317 - accuracy: 0.94043
Validating epoch 2 | loss: 0.41072 - accuracy: 0.83495
Model is Bert, dataset is sfu, undersample is None, aug mode is trans, geo is 0.3, pct_usage is None, small_label is 0, small_prop is 0.4, balance_seed is 1, lr is 2e-05, max_epochs is 3, split_num is 6
Training epoch 0 | loss: 0.50632 - accuracy: 0.75851
Validating epoch 0 | loss: 0.35068 - accuracy: 0.8835
Training epoch 1 | loss: 0.32097 - accuracy: 0.88723
Validating epoch 1 | loss: 0.3619 - accuracy: 0.82524
Training epoch 2 | loss: 0.23979 - accuracy: 0.92128
Validating epoch 2 | loss: 0.32827 - accuracy: 0.87379
Model is Bert, dataset is sfu, undersample is None, aug mode is trans, geo is 0.5, pct_usage is None, small_label is 0, small_prop is 0.4, balance_seed is 1, lr is 2e-05, max_epochs is 3, split_num is 6
Training epoch 0 | loss: 0.54219 - accuracy: 0.74787
Validating epoch 0 | loss: 0.3614 - accuracy: 0.8835
Training epoch 1 | loss: 0.29052 - accuracy: 0.90745
Validating epoch 1 | loss: 0.35755 - accuracy: 0.83495
Training epoch 2 | loss: 0.22012 - accuracy: 0.93298
Validating epoch 2 | loss: 0.35152 - accuracy: 0.87379
Model is Bert, dataset is sfu, undersample is None, aug mode is trans, geo is 0.7, pct_usage is None, small_label is 0, small_prop is 0.4, balance_seed is 1, lr is 2e-05, max_epochs is 3, split_num is 6
Training epoch 0 | loss: 0.5706 - accuracy: 0.72128
Validating epoch 0 | loss: 0.37655 - accuracy: 0.83495
Training epoch 1 | loss: 0.28162 - accuracy: 0.88404
Validating epoch 1 | loss: 0.36587 - accuracy: 0.86408
Training epoch 2 | loss: 0.21118 - accuracy: 0.91809
Validating epoch 2 | loss: 0.36896 - accuracy: 0.87379
Model is Bert, dataset is sfu, undersample is None, aug mode is trans, geo is 0.9, pct_usage is None, small_label is 0, small_prop is 0.4, balance_seed is 1, lr is 2e-05, max_epochs is 3, split_num is 6
Training epoch 0 | loss: 0.51741 - accuracy: 0.77021
Validating epoch 0 | loss: 0.3593 - accuracy: 0.87379
Training epoch 1 | loss: 0.30662 - accuracy: 0.9
Validating epoch 1 | loss: 0.33344 - accuracy: 0.87379
Training epoch 2 | loss: 0.2215 - accuracy: 0.93191
Validating epoch 2 | loss: 0.33317 - accuracy: 0.87379
Model is Bert, dataset is sfu, undersample is False, aug mode is None, geo is None, pct_usage is None, small_label is 0, small_prop is 0.4, balance_seed is 1, lr is 2e-05, max_epochs is 3, split_num is 6
Training epoch 0 | loss: 0.57138 - accuracy: 0.71064
Validating epoch 0 | loss: 0.36307 - accuracy: 0.87379
Training epoch 1 | loss: 0.3096 - accuracy: 0.9
Validating epoch 1 | loss: 0.32885 - accuracy: 0.87379
Training epoch 2 | loss: 0.20958 - accuracy: 0.94787
Validating epoch 2 | loss: 0.32388 - accuracy: 0.87379
Model is Bert, dataset is sfu, undersample is True, aug mode is None, geo is None, pct_usage is None, small_label is 0, small_prop is 0.4, balance_seed is 1, lr is 2e-05, max_epochs is 3, split_num is 6
Training epoch 0 | loss: 0.54522 - accuracy: 0.74149
Validating epoch 0 | loss: 0.37201 - accuracy: 0.85437
Training epoch 1 | loss: 0.24924 - accuracy: 0.93085
Validating epoch 1 | loss: 0.35546 - accuracy: 0.86408
Training epoch 2 | loss: 0.12577 - accuracy: 0.97234
Validating epoch 2 | loss: 0.37568 - accuracy: 0.85437
Model is Bert, dataset is sfu, undersample is None, aug mode is trans, geo is 0.1, pct_usage is None, small_label is 1, small_prop is 0.4, balance_seed is 1, lr is 2e-05, max_epochs is 3, split_num is 6
Training epoch 0 | loss: 0.54742 - accuracy: 0.74681
Validating epoch 0 | loss: 0.37278 - accuracy: 0.8932
Training epoch 1 | loss: 0.32513 - accuracy: 0.89681
Validating epoch 1 | loss: 0.32262 - accuracy: 0.8932
Training epoch 2 | loss: 0.24742 - accuracy: 0.9234
Validating epoch 2 | loss: 0.3072 - accuracy: 0.90291
Model is Bert, dataset is sfu, undersample is None, aug mode is trans, geo is 0.3, pct_usage is None, small_label is 1, small_prop is 0.4, balance_seed is 1, lr is 2e-05, max_epochs is 3, split_num is 6
Training epoch 0 | loss: 0.5789 - accuracy: 0.73085
Validating epoch 0 | loss: 0.41636 - accuracy: 0.85437
Training epoch 1 | loss: 0.3493 - accuracy: 0.89149
Validating epoch 1 | loss: 0.3464 - accuracy: 0.86408
Training epoch 2 | loss: 0.2554 - accuracy: 0.91915
Validating epoch 2 | loss: 0.3498 - accuracy: 0.86408
Model is Bert, dataset is sfu, undersample is None, aug mode is trans, geo is 0.5, pct_usage is None, small_label is 1, small_prop is 0.4, balance_seed is 1, lr is 2e-05, max_epochs is 3, split_num is 6
Training epoch 0 | loss: 0.57988 - accuracy: 0.68511
Validating epoch 0 | loss: 0.42565 - accuracy: 0.84466
Training epoch 1 | loss: 0.31858 - accuracy: 0.87447
Validating epoch 1 | loss: 0.36528 - accuracy: 0.83495
Training epoch 2 | loss: 0.24004 - accuracy: 0.92872
Validating epoch 2 | loss: 0.33332 - accuracy: 0.87379
Model is Bert, dataset is sfu, undersample is None, aug mode is trans, geo is 0.7, pct_usage is None, small_label is 1, small_prop is 0.4, balance_seed is 1, lr is 2e-05, max_epochs is 3, split_num is 6
Training epoch 0 | loss: 0.54755 - accuracy: 0.73404
Validating epoch 0 | loss: 0.37007 - accuracy: 0.8835
Training epoch 1 | loss: 0.34312 - accuracy: 0.8734
Validating epoch 1 | loss: 0.32838 - accuracy: 0.87379
Training epoch 2 | loss: 0.26999 - accuracy: 0.89574
Validating epoch 2 | loss: 0.32298 - accuracy: 0.8835
Model is Bert, dataset is sfu, undersample is None, aug mode is trans, geo is 0.9, pct_usage is None, small_label is 1, small_prop is 0.4, balance_seed is 1, lr is 2e-05, max_epochs is 3, split_num is 6
Training epoch 0 | loss: 0.61709 - accuracy: 0.65957
Validating epoch 0 | loss: 0.40482 - accuracy: 0.8835
Training epoch 1 | loss: 0.35255 - accuracy: 0.8883
Validating epoch 1 | loss: 0.35728 - accuracy: 0.8835
Training epoch 2 | loss: 0.26712 - accuracy: 0.9117
Validating epoch 2 | loss: 0.34511 - accuracy: 0.87379
Model is Bert, dataset is sfu, undersample is False, aug mode is None, geo is None, pct_usage is None, small_label is 1, small_prop is 0.4, balance_seed is 1, lr is 2e-05, max_epochs is 3, split_num is 6
Training epoch 0 | loss: 0.63462 - accuracy: 0.65426
Validating epoch 0 | loss: 0.53164 - accuracy: 0.7767
Training epoch 1 | loss: 0.34455 - accuracy: 0.8734
Validating epoch 1 | loss: 0.3841 - accuracy: 0.85437
Training epoch 2 | loss: 0.2247 - accuracy: 0.9266
Validating epoch 2 | loss: 0.37971 - accuracy: 0.83495
Model is Bert, dataset is sfu, undersample is True, aug mode is None, geo is None, pct_usage is None, small_label is 1, small_prop is 0.4, balance_seed is 1, lr is 2e-05, max_epochs is 3, split_num is 6
Training epoch 0 | loss: 0.59864 - accuracy: 0.66277
Validating epoch 0 | loss: 0.37448 - accuracy: 0.90291
Training epoch 1 | loss: 0.31634 - accuracy: 0.89787
Validating epoch 1 | loss: 0.25555 - accuracy: 0.91262
Training epoch 2 | loss: 0.19268 - accuracy: 0.94468
Validating epoch 2 | loss: 0.24439 - accuracy: 0.91262
Model is Bert, dataset is sfu, undersample is None, aug mode is trans, geo is 0.1, pct_usage is None, small_label is 0, small_prop is 0.6, balance_seed is 1, lr is 2e-05, max_epochs is 3, split_num is 6
Training epoch 0 | loss: 0.58433 - accuracy: 0.66383
Validating epoch 0 | loss: 0.3649 - accuracy: 0.85437
Training epoch 1 | loss: 0.33052 - accuracy: 0.88298
Validating epoch 1 | loss: 0.39351 - accuracy: 0.83495
Training epoch 2 | loss: 0.27384 - accuracy: 0.90745
Validating epoch 2 | loss: 0.35525 - accuracy: 0.8835
Model is Bert, dataset is sfu, undersample is None, aug mode is trans, geo is 0.3, pct_usage is None, small_label is 0, small_prop is 0.6, balance_seed is 1, lr is 2e-05, max_epochs is 3, split_num is 6
Training epoch 0 | loss: 0.60611 - accuracy: 0.70426
Validating epoch 0 | loss: 0.4104 - accuracy: 0.81553
Training epoch 1 | loss: 0.30235 - accuracy: 0.89149
Validating epoch 1 | loss: 0.35858 - accuracy: 0.87379
Training epoch 2 | loss: 0.2407 - accuracy: 0.90851
Validating epoch 2 | loss: 0.3621 - accuracy: 0.87379
Model is Bert, dataset is sfu, undersample is None, aug mode is trans, geo is 0.5, pct_usage is None, small_label is 0, small_prop is 0.6, balance_seed is 1, lr is 2e-05, max_epochs is 3, split_num is 6
Training epoch 0 | loss: 0.5189 - accuracy: 0.77979
Validating epoch 0 | loss: 0.35768 - accuracy: 0.87379
Training epoch 1 | loss: 0.29104 - accuracy: 0.89894
Validating epoch 1 | loss: 0.28643 - accuracy: 0.8932
Training epoch 2 | loss: 0.23408 - accuracy: 0.92766
Validating epoch 2 | loss: 0.32786 - accuracy: 0.8835
Model is Bert, dataset is sfu, undersample is None, aug mode is trans, geo is 0.7, pct_usage is None, small_label is 0, small_prop is 0.6, balance_seed is 1, lr is 2e-05, max_epochs is 3, split_num is 6
Training epoch 0 | loss: 0.59749 - accuracy: 0.70319
Validating epoch 0 | loss: 0.43189 - accuracy: 0.83495
Training epoch 1 | loss: 0.36045 - accuracy: 0.8883
Validating epoch 1 | loss: 0.35877 - accuracy: 0.84466
Training epoch 2 | loss: 0.26675 - accuracy: 0.92234
Validating epoch 2 | loss: 0.34667 - accuracy: 0.87379
Model is Bert, dataset is sfu, undersample is None, aug mode is trans, geo is 0.9, pct_usage is None, small_label is 0, small_prop is 0.6, balance_seed is 1, lr is 2e-05, max_epochs is 3, split_num is 6
Training epoch 0 | loss: 0.54612 - accuracy: 0.72021
Validating epoch 0 | loss: 0.37005 - accuracy: 0.86408
Training epoch 1 | loss: 0.30749 - accuracy: 0.89362
Validating epoch 1 | loss: 0.33627 - accuracy: 0.8835
Training epoch 2 | loss: 0.23591 - accuracy: 0.92553
Validating epoch 2 | loss: 0.32653 - accuracy: 0.87379
Model is Bert, dataset is sfu, undersample is False, aug mode is None, geo is None, pct_usage is None, small_label is 0, small_prop is 0.6, balance_seed is 1, lr is 2e-05, max_epochs is 3, split_num is 6
Training epoch 0 | loss: 0.57281 - accuracy: 0.76596
Validating epoch 0 | loss: 0.387 - accuracy: 0.85437
Training epoch 1 | loss: 0.33758 - accuracy: 0.89468
Validating epoch 1 | loss: 0.3216 - accuracy: 0.8835
Training epoch 2 | loss: 0.24076 - accuracy: 0.92234
Validating epoch 2 | loss: 0.335 - accuracy: 0.8835
Model is Bert, dataset is sfu, undersample is True, aug mode is None, geo is None, pct_usage is None, small_label is 0, small_prop is 0.6, balance_seed is 1, lr is 2e-05, max_epochs is 3, split_num is 6
Training epoch 0 | loss: 0.53747 - accuracy: 0.73085
Validating epoch 0 | loss: 0.36806 - accuracy: 0.85437
Training epoch 1 | loss: 0.2542 - accuracy: 0.92128
Validating epoch 1 | loss: 0.35259 - accuracy: 0.87379
Training epoch 2 | loss: 0.17461 - accuracy: 0.95213
Validating epoch 2 | loss: 0.35513 - accuracy: 0.8835
Model is Bert, dataset is sfu, undersample is None, aug mode is trans, geo is 0.1, pct_usage is None, small_label is 1, small_prop is 0.6, balance_seed is 1, lr is 2e-05, max_epochs is 3, split_num is 6
Training epoch 0 | loss: 0.62807 - accuracy: 0.62128
Validating epoch 0 | loss: 0.45547 - accuracy: 0.84466
Training epoch 1 | loss: 0.34024 - accuracy: 0.88085
Validating epoch 1 | loss: 0.33781 - accuracy: 0.86408
Training epoch 2 | loss: 0.255 - accuracy: 0.90213
Validating epoch 2 | loss: 0.3253 - accuracy: 0.8835
Model is Bert, dataset is sfu, undersample is None, aug mode is trans, geo is 0.3, pct_usage is None, small_label is 1, small_prop is 0.6, balance_seed is 1, lr is 2e-05, max_epochs is 3, split_num is 6
Training epoch 0 | loss: 0.57603 - accuracy: 0.70213
Validating epoch 0 | loss: 0.48848 - accuracy: 0.81553
Training epoch 1 | loss: 0.34372 - accuracy: 0.8734
Validating epoch 1 | loss: 0.37767 - accuracy: 0.84466
Training epoch 2 | loss: 0.27876 - accuracy: 0.90213
Validating epoch 2 | loss: 0.35082 - accuracy: 0.8835
Model is Bert, dataset is sfu, undersample is None, aug mode is trans, geo is 0.5, pct_usage is None, small_label is 1, small_prop is 0.6, balance_seed is 1, lr is 2e-05, max_epochs is 3, split_num is 6
Training epoch 0 | loss: 0.66672 - accuracy: 0.56064
Validating epoch 0 | loss: 0.53875 - accuracy: 0.78641
Training epoch 1 | loss: 0.4045 - accuracy: 0.86489
Validating epoch 1 | loss: 0.36813 - accuracy: 0.84466
Training epoch 2 | loss: 0.27018 - accuracy: 0.89468
Validating epoch 2 | loss: 0.38669 - accuracy: 0.84466
Model is Bert, dataset is sfu, undersample is None, aug mode is trans, geo is 0.7, pct_usage is None, small_label is 1, small_prop is 0.6, balance_seed is 1, lr is 2e-05, max_epochs is 3, split_num is 6
Training epoch 0 | loss: 0.58782 - accuracy: 0.69894
Validating epoch 0 | loss: 0.39066 - accuracy: 0.87379
Training epoch 1 | loss: 0.36428 - accuracy: 0.87021
Validating epoch 1 | loss: 0.33981 - accuracy: 0.8932
Training epoch 2 | loss: 0.27556 - accuracy: 0.90957
Validating epoch 2 | loss: 0.34469 - accuracy: 0.8835
Model is Bert, dataset is sfu, undersample is None, aug mode is trans, geo is 0.9, pct_usage is None, small_label is 1, small_prop is 0.6, balance_seed is 1, lr is 2e-05, max_epochs is 3, split_num is 6
Training epoch 0 | loss: 0.64928 - accuracy: 0.63191
Validating epoch 0 | loss: 0.4325 - accuracy: 0.86408
Training epoch 1 | loss: 0.37796 - accuracy: 0.86915
Validating epoch 1 | loss: 0.34417 - accuracy: 0.86408
Training epoch 2 | loss: 0.29718 - accuracy: 0.9
Validating epoch 2 | loss: 0.31329 - accuracy: 0.8932
Model is Bert, dataset is sfu, undersample is False, aug mode is None, geo is None, pct_usage is None, small_label is 1, small_prop is 0.6, balance_seed is 1, lr is 2e-05, max_epochs is 3, split_num is 6
Training epoch 0 | loss: 0.58371 - accuracy: 0.68936
Validating epoch 0 | loss: 0.36588 - accuracy: 0.86408
Training epoch 1 | loss: 0.32158 - accuracy: 0.89043
Validating epoch 1 | loss: 0.31797 - accuracy: 0.87379
Training epoch 2 | loss: 0.23373 - accuracy: 0.92021
Validating epoch 2 | loss: 0.32913 - accuracy: 0.86408
Model is Bert, dataset is sfu, undersample is True, aug mode is None, geo is None, pct_usage is None, small_label is 1, small_prop is 0.6, balance_seed is 1, lr is 2e-05, max_epochs is 3, split_num is 6
Training epoch 0 | loss: 0.61258 - accuracy: 0.68936
Validating epoch 0 | loss: 0.44579 - accuracy: 0.81553
Training epoch 1 | loss: 0.31708 - accuracy: 0.89043
Validating epoch 1 | loss: 0.35102 - accuracy: 0.85437
Training epoch 2 | loss: 0.2163 - accuracy: 0.93191
Validating epoch 2 | loss: 0.3619 - accuracy: 0.86408
Model is Bert, dataset is sfu, undersample is None, aug mode is trans, geo is 0.1, pct_usage is None, small_label is 0, small_prop is 0.8, balance_seed is 1, lr is 2e-05, max_epochs is 3, split_num is 6
Training epoch 0 | loss: 0.52456 - accuracy: 0.76702
Validating epoch 0 | loss: 0.3598 - accuracy: 0.8835
Training epoch 1 | loss: 0.31434 - accuracy: 0.89255
Validating epoch 1 | loss: 0.33033 - accuracy: 0.86408
Training epoch 2 | loss: 0.24749 - accuracy: 0.91915
Validating epoch 2 | loss: 0.33252 - accuracy: 0.87379
Model is Bert, dataset is sfu, undersample is None, aug mode is trans, geo is 0.3, pct_usage is None, small_label is 0, small_prop is 0.8, balance_seed is 1, lr is 2e-05, max_epochs is 3, split_num is 6
Training epoch 0 | loss: 0.5586 - accuracy: 0.72234
Validating epoch 0 | loss: 0.40269 - accuracy: 0.83495
Training epoch 1 | loss: 0.33233 - accuracy: 0.89043
Validating epoch 1 | loss: 0.33939 - accuracy: 0.8835
Training epoch 2 | loss: 0.27495 - accuracy: 0.91596
Validating epoch 2 | loss: 0.32775 - accuracy: 0.8835
Model is Bert, dataset is sfu, undersample is None, aug mode is trans, geo is 0.5, pct_usage is None, small_label is 0, small_prop is 0.8, balance_seed is 1, lr is 2e-05, max_epochs is 3, split_num is 6
Training epoch 0 | loss: 0.52634 - accuracy: 0.74468
Validating epoch 0 | loss: 0.35652 - accuracy: 0.8835
Training epoch 1 | loss: 0.32469 - accuracy: 0.9
Validating epoch 1 | loss: 0.34834 - accuracy: 0.87379
Training epoch 2 | loss: 0.27278 - accuracy: 0.9
Validating epoch 2 | loss: 0.32895 - accuracy: 0.86408
Model is Bert, dataset is sfu, undersample is None, aug mode is trans, geo is 0.7, pct_usage is None, small_label is 0, small_prop is 0.8, balance_seed is 1, lr is 2e-05, max_epochs is 3, split_num is 6
Training epoch 0 | loss: 0.61945 - accuracy: 0.64681
Validating epoch 0 | loss: 0.35805 - accuracy: 0.86408
Training epoch 1 | loss: 0.34493 - accuracy: 0.86702
Validating epoch 1 | loss: 0.34059 - accuracy: 0.8835
Training epoch 2 | loss: 0.26968 - accuracy: 0.90638
Validating epoch 2 | loss: 0.34435 - accuracy: 0.8835
Model is Bert, dataset is sfu, undersample is None, aug mode is trans, geo is 0.9, pct_usage is None, small_label is 0, small_prop is 0.8, balance_seed is 1, lr is 2e-05, max_epochs is 3, split_num is 6
Training epoch 0 | loss: 0.58103 - accuracy: 0.72447
Validating epoch 0 | loss: 0.36256 - accuracy: 0.8835
Training epoch 1 | loss: 0.34021 - accuracy: 0.88298
Validating epoch 1 | loss: 0.31847 - accuracy: 0.8932
Training epoch 2 | loss: 0.27554 - accuracy: 0.90426
Validating epoch 2 | loss: 0.32107 - accuracy: 0.8932
Model is Bert, dataset is sfu, undersample is False, aug mode is None, geo is None, pct_usage is None, small_label is 0, small_prop is 0.8, balance_seed is 1, lr is 2e-05, max_epochs is 3, split_num is 6
Training epoch 0 | loss: 0.52747 - accuracy: 0.74468
Validating epoch 0 | loss: 0.37671 - accuracy: 0.85437
Training epoch 1 | loss: 0.31814 - accuracy: 0.88511
Validating epoch 1 | loss: 0.31195 - accuracy: 0.8932
Training epoch 2 | loss: 0.25562 - accuracy: 0.91915
Validating epoch 2 | loss: 0.31304 - accuracy: 0.8835
Model is Bert, dataset is sfu, undersample is True, aug mode is None, geo is None, pct_usage is None, small_label is 0, small_prop is 0.8, balance_seed is 1, lr is 2e-05, max_epochs is 3, split_num is 6
Training epoch 0 | loss: 0.57327 - accuracy: 0.70851
Validating epoch 0 | loss: 0.36748 - accuracy: 0.8932
Training epoch 1 | loss: 0.33324 - accuracy: 0.8883
Validating epoch 1 | loss: 0.33267 - accuracy: 0.8835
Training epoch 2 | loss: 0.23262 - accuracy: 0.92553
Validating epoch 2 | loss: 0.32926 - accuracy: 0.8932
Model is Bert, dataset is sfu, undersample is None, aug mode is trans, geo is 0.1, pct_usage is None, small_label is 1, small_prop is 0.8, balance_seed is 1, lr is 2e-05, max_epochs is 3, split_num is 6
Training epoch 0 | loss: 0.60809 - accuracy: 0.65638
Validating epoch 0 | loss: 0.43384 - accuracy: 0.82524
Training epoch 1 | loss: 0.36716 - accuracy: 0.8766
Validating epoch 1 | loss: 0.31313 - accuracy: 0.86408
Training epoch 2 | loss: 0.25578 - accuracy: 0.91702
Validating epoch 2 | loss: 0.31795 - accuracy: 0.87379
Model is Bert, dataset is sfu, undersample is None, aug mode is trans, geo is 0.3, pct_usage is None, small_label is 1, small_prop is 0.8, balance_seed is 1, lr is 2e-05, max_epochs is 3, split_num is 6
Training epoch 0 | loss: 0.5733 - accuracy: 0.69362
Validating epoch 0 | loss: 0.36378 - accuracy: 0.87379
Training epoch 1 | loss: 0.34578 - accuracy: 0.8734
Validating epoch 1 | loss: 0.41574 - accuracy: 0.85437
Training epoch 2 | loss: 0.27412 - accuracy: 0.90745
Validating epoch 2 | loss: 0.30873 - accuracy: 0.8835
Model is Bert, dataset is sfu, undersample is None, aug mode is trans, geo is 0.5, pct_usage is None, small_label is 1, small_prop is 0.8, balance_seed is 1, lr is 2e-05, max_epochs is 3, split_num is 6
Training epoch 0 | loss: 0.53725 - accuracy: 0.74043
Validating epoch 0 | loss: 0.3921 - accuracy: 0.81553
Training epoch 1 | loss: 0.34527 - accuracy: 0.86915
Validating epoch 1 | loss: 0.32701 - accuracy: 0.91262
Training epoch 2 | loss: 0.28323 - accuracy: 0.90745
Validating epoch 2 | loss: 0.31732 - accuracy: 0.8835
Model is Bert, dataset is sfu, undersample is None, aug mode is trans, geo is 0.7, pct_usage is None, small_label is 1, small_prop is 0.8, balance_seed is 1, lr is 2e-05, max_epochs is 3, split_num is 6
Training epoch 0 | loss: 0.61496 - accuracy: 0.65957
Validating epoch 0 | loss: 0.42681 - accuracy: 0.8835
Training epoch 1 | loss: 0.36344 - accuracy: 0.88298
Validating epoch 1 | loss: 0.35411 - accuracy: 0.86408
Training epoch 2 | loss: 0.26767 - accuracy: 0.91383
Validating epoch 2 | loss: 0.34177 - accuracy: 0.86408
Model is Bert, dataset is sfu, undersample is None, aug mode is trans, geo is 0.9, pct_usage is None, small_label is 1, small_prop is 0.8, balance_seed is 1, lr is 2e-05, max_epochs is 3, split_num is 6
Training epoch 0 | loss: 0.53217 - accuracy: 0.74043
Validating epoch 0 | loss: 0.36499 - accuracy: 0.87379
Training epoch 1 | loss: 0.3122 - accuracy: 0.88404
Validating epoch 1 | loss: 0.31987 - accuracy: 0.86408
Training epoch 2 | loss: 0.2566 - accuracy: 0.91915
Validating epoch 2 | loss: 0.31519 - accuracy: 0.86408
Model is Bert, dataset is sfu, undersample is False, aug mode is None, geo is None, pct_usage is None, small_label is 1, small_prop is 0.8, balance_seed is 1, lr is 2e-05, max_epochs is 3, split_num is 6
Training epoch 0 | loss: 0.51769 - accuracy: 0.73936
Validating epoch 0 | loss: 0.32411 - accuracy: 0.8932
Training epoch 1 | loss: 0.30017 - accuracy: 0.89043
Validating epoch 1 | loss: 0.3087 - accuracy: 0.90291
Training epoch 2 | loss: 0.23496 - accuracy: 0.9234
Validating epoch 2 | loss: 0.30785 - accuracy: 0.90291
Model is Bert, dataset is sfu, undersample is True, aug mode is None, geo is None, pct_usage is None, small_label is 1, small_prop is 0.8, balance_seed is 1, lr is 2e-05, max_epochs is 3, split_num is 6
Training epoch 0 | loss: 0.53981 - accuracy: 0.73298
Validating epoch 0 | loss: 0.34849 - accuracy: 0.8932
Training epoch 1 | loss: 0.32582 - accuracy: 0.88085
Validating epoch 1 | loss: 0.29848 - accuracy: 0.8835
Training epoch 2 | loss: 0.24986 - accuracy: 0.91383
Validating epoch 2 | loss: 0.28829 - accuracy: 0.8835
