Model is Bert, dataset is sfu, undersample is None, aug mode is trans, geo is 0.1, pct_usage is None, small_label is 0, small_prop is 0.2, balance_seed is 0, lr is 2e-05, max_epochs is 3, split_num is 2
Training epoch 0 | loss: 0.53474 - accuracy: 0.73936
Validating epoch 0 | loss: 0.34794 - accuracy: 0.91262
Training epoch 1 | loss: 0.30337 - accuracy: 0.91064
Validating epoch 1 | loss: 0.3522 - accuracy: 0.83495
Training epoch 2 | loss: 0.21571 - accuracy: 0.94574
Validating epoch 2 | loss: 0.39077 - accuracy: 0.81553
Model is Bert, dataset is sfu, undersample is None, aug mode is trans, geo is 0.3, pct_usage is None, small_label is 0, small_prop is 0.2, balance_seed is 0, lr is 2e-05, max_epochs is 3, split_num is 2
Training epoch 0 | loss: 0.50821 - accuracy: 0.76702
Validating epoch 0 | loss: 0.33405 - accuracy: 0.8835
Training epoch 1 | loss: 0.27077 - accuracy: 0.91702
Validating epoch 1 | loss: 0.40421 - accuracy: 0.80583
Training epoch 2 | loss: 0.19672 - accuracy: 0.94574
Validating epoch 2 | loss: 0.36754 - accuracy: 0.80583
Model is Bert, dataset is sfu, undersample is None, aug mode is trans, geo is 0.5, pct_usage is None, small_label is 0, small_prop is 0.2, balance_seed is 0, lr is 2e-05, max_epochs is 3, split_num is 2
Training epoch 0 | loss: 0.51783 - accuracy: 0.7617
Validating epoch 0 | loss: 0.36939 - accuracy: 0.84466
Training epoch 1 | loss: 0.29757 - accuracy: 0.89362
Validating epoch 1 | loss: 0.33016 - accuracy: 0.85437
Training epoch 2 | loss: 0.19507 - accuracy: 0.94787
Validating epoch 2 | loss: 0.36664 - accuracy: 0.85437
Model is Bert, dataset is sfu, undersample is None, aug mode is trans, geo is 0.7, pct_usage is None, small_label is 0, small_prop is 0.2, balance_seed is 0, lr is 2e-05, max_epochs is 3, split_num is 2
Training epoch 0 | loss: 0.57774 - accuracy: 0.70745
Validating epoch 0 | loss: 0.38148 - accuracy: 0.8932
Training epoch 1 | loss: 0.2914 - accuracy: 0.9117
Validating epoch 1 | loss: 0.3689 - accuracy: 0.85437
Training epoch 2 | loss: 0.17808 - accuracy: 0.95851
Validating epoch 2 | loss: 0.42784 - accuracy: 0.84466
Model is Bert, dataset is sfu, undersample is None, aug mode is trans, geo is 0.9, pct_usage is None, small_label is 0, small_prop is 0.2, balance_seed is 0, lr is 2e-05, max_epochs is 3, split_num is 2
Training epoch 0 | loss: 0.61698 - accuracy: 0.63404
Validating epoch 0 | loss: 0.40707 - accuracy: 0.87379
Training epoch 1 | loss: 0.33256 - accuracy: 0.90532
Validating epoch 1 | loss: 0.33687 - accuracy: 0.86408
Training epoch 2 | loss: 0.20419 - accuracy: 0.95532
Validating epoch 2 | loss: 0.36342 - accuracy: 0.83495
Model is Bert, dataset is sfu, undersample is False, aug mode is None, geo is None, pct_usage is None, small_label is 0, small_prop is 0.2, balance_seed is 0, lr is 2e-05, max_epochs is 3, split_num is 2
Training epoch 0 | loss: 0.53466 - accuracy: 0.73404
Validating epoch 0 | loss: 0.36062 - accuracy: 0.8932
Training epoch 1 | loss: 0.23325 - accuracy: 0.93511
Validating epoch 1 | loss: 0.49929 - accuracy: 0.78641
Training epoch 2 | loss: 0.14427 - accuracy: 0.96596
Validating epoch 2 | loss: 0.47341 - accuracy: 0.80583
Model is Bert, dataset is sfu, undersample is True, aug mode is None, geo is None, pct_usage is None, small_label is 0, small_prop is 0.2, balance_seed is 0, lr is 2e-05, max_epochs is 3, split_num is 2
Training epoch 0 | loss: 0.44923 - accuracy: 0.82021
Validating epoch 0 | loss: 0.35701 - accuracy: 0.85437
Training epoch 1 | loss: 0.13453 - accuracy: 0.98191
Validating epoch 1 | loss: 0.32853 - accuracy: 0.86408
Training epoch 2 | loss: 0.06361 - accuracy: 0.99574
Validating epoch 2 | loss: 0.31018 - accuracy: 0.8835
Model is Bert, dataset is sfu, undersample is None, aug mode is trans, geo is 0.1, pct_usage is None, small_label is 1, small_prop is 0.2, balance_seed is 0, lr is 2e-05, max_epochs is 3, split_num is 2
Training epoch 0 | loss: 0.51137 - accuracy: 0.77553
Validating epoch 0 | loss: 0.35513 - accuracy: 0.87379
Training epoch 1 | loss: 0.25155 - accuracy: 0.92766
Validating epoch 1 | loss: 0.34787 - accuracy: 0.8932
Training epoch 2 | loss: 0.17444 - accuracy: 0.95638
Validating epoch 2 | loss: 0.35843 - accuracy: 0.8932
Model is Bert, dataset is sfu, undersample is None, aug mode is trans, geo is 0.3, pct_usage is None, small_label is 1, small_prop is 0.2, balance_seed is 0, lr is 2e-05, max_epochs is 3, split_num is 2
Training epoch 0 | loss: 0.4653 - accuracy: 0.83085
Validating epoch 0 | loss: 0.33049 - accuracy: 0.87379
Training epoch 1 | loss: 0.24972 - accuracy: 0.91702
Validating epoch 1 | loss: 0.29404 - accuracy: 0.85437
Training epoch 2 | loss: 0.17798 - accuracy: 0.94894
Validating epoch 2 | loss: 0.29277 - accuracy: 0.87379
Model is Bert, dataset is sfu, undersample is None, aug mode is trans, geo is 0.5, pct_usage is None, small_label is 1, small_prop is 0.2, balance_seed is 0, lr is 2e-05, max_epochs is 3, split_num is 2
Training epoch 0 | loss: 0.53914 - accuracy: 0.75213
Validating epoch 0 | loss: 0.34397 - accuracy: 0.91262
Training epoch 1 | loss: 0.27963 - accuracy: 0.92021
Validating epoch 1 | loss: 0.29384 - accuracy: 0.8932
Training epoch 2 | loss: 0.19644 - accuracy: 0.94894
Validating epoch 2 | loss: 0.29734 - accuracy: 0.8932
Model is Bert, dataset is sfu, undersample is None, aug mode is trans, geo is 0.7, pct_usage is None, small_label is 1, small_prop is 0.2, balance_seed is 0, lr is 2e-05, max_epochs is 3, split_num is 2
Training epoch 0 | loss: 0.56604 - accuracy: 0.69149
Validating epoch 0 | loss: 0.42206 - accuracy: 0.85437
Training epoch 1 | loss: 0.28357 - accuracy: 0.9117
Validating epoch 1 | loss: 0.39335 - accuracy: 0.81553
Training epoch 2 | loss: 0.16953 - accuracy: 0.95957
Validating epoch 2 | loss: 0.4304 - accuracy: 0.80583
Model is Bert, dataset is sfu, undersample is None, aug mode is trans, geo is 0.9, pct_usage is None, small_label is 1, small_prop is 0.2, balance_seed is 0, lr is 2e-05, max_epochs is 3, split_num is 2
Training epoch 0 | loss: 0.54867 - accuracy: 0.72979
Validating epoch 0 | loss: 0.31098 - accuracy: 0.91262
Training epoch 1 | loss: 0.2336 - accuracy: 0.93085
Validating epoch 1 | loss: 0.30397 - accuracy: 0.87379
Training epoch 2 | loss: 0.14253 - accuracy: 0.96702
Validating epoch 2 | loss: 0.3039 - accuracy: 0.8835
Model is Bert, dataset is sfu, undersample is False, aug mode is None, geo is None, pct_usage is None, small_label is 1, small_prop is 0.2, balance_seed is 0, lr is 2e-05, max_epochs is 3, split_num is 2
Training epoch 0 | loss: 0.59961 - accuracy: 0.68617
Validating epoch 0 | loss: 0.44846 - accuracy: 0.80583
Training epoch 1 | loss: 0.28027 - accuracy: 0.9234
Validating epoch 1 | loss: 0.27617 - accuracy: 0.8932
Training epoch 2 | loss: 0.16146 - accuracy: 0.96489
Validating epoch 2 | loss: 0.29928 - accuracy: 0.8835
Model is Bert, dataset is sfu, undersample is True, aug mode is None, geo is None, pct_usage is None, small_label is 1, small_prop is 0.2, balance_seed is 0, lr is 2e-05, max_epochs is 3, split_num is 2
Training epoch 0 | loss: 0.59897 - accuracy: 0.63191
Validating epoch 0 | loss: 0.33195 - accuracy: 0.8932
Training epoch 1 | loss: 0.25779 - accuracy: 0.9
Validating epoch 1 | loss: 0.34082 - accuracy: 0.84466
Training epoch 2 | loss: 0.12889 - accuracy: 0.96383
Validating epoch 2 | loss: 0.31293 - accuracy: 0.84466
Model is Bert, dataset is sfu, undersample is None, aug mode is trans, geo is 0.1, pct_usage is None, small_label is 0, small_prop is 0.4, balance_seed is 0, lr is 2e-05, max_epochs is 3, split_num is 2
Training epoch 0 | loss: 0.58635 - accuracy: 0.70426
Validating epoch 0 | loss: 0.40084 - accuracy: 0.87379
Training epoch 1 | loss: 0.31182 - accuracy: 0.90426
Validating epoch 1 | loss: 0.39577 - accuracy: 0.84466
Training epoch 2 | loss: 0.23307 - accuracy: 0.92021
Validating epoch 2 | loss: 0.38077 - accuracy: 0.83495
Model is Bert, dataset is sfu, undersample is None, aug mode is trans, geo is 0.3, pct_usage is None, small_label is 0, small_prop is 0.4, balance_seed is 0, lr is 2e-05, max_epochs is 3, split_num is 2
Training epoch 0 | loss: 0.57642 - accuracy: 0.69043
Validating epoch 0 | loss: 0.35689 - accuracy: 0.82524
Training epoch 1 | loss: 0.29605 - accuracy: 0.8883
Validating epoch 1 | loss: 0.306 - accuracy: 0.90291
Training epoch 2 | loss: 0.23195 - accuracy: 0.90532
Validating epoch 2 | loss: 0.32038 - accuracy: 0.8932
Model is Bert, dataset is sfu, undersample is None, aug mode is trans, geo is 0.5, pct_usage is None, small_label is 0, small_prop is 0.4, balance_seed is 0, lr is 2e-05, max_epochs is 3, split_num is 2
Training epoch 0 | loss: 0.5112 - accuracy: 0.77553
Validating epoch 0 | loss: 0.36167 - accuracy: 0.8932
Training epoch 1 | loss: 0.30341 - accuracy: 0.9
Validating epoch 1 | loss: 0.37801 - accuracy: 0.82524
Training epoch 2 | loss: 0.21985 - accuracy: 0.93191
Validating epoch 2 | loss: 0.3487 - accuracy: 0.86408
Model is Bert, dataset is sfu, undersample is None, aug mode is trans, geo is 0.7, pct_usage is None, small_label is 0, small_prop is 0.4, balance_seed is 0, lr is 2e-05, max_epochs is 3, split_num is 2
Training epoch 0 | loss: 0.55775 - accuracy: 0.72979
Validating epoch 0 | loss: 0.39751 - accuracy: 0.87379
Training epoch 1 | loss: 0.31842 - accuracy: 0.89787
Validating epoch 1 | loss: 0.34623 - accuracy: 0.8835
Training epoch 2 | loss: 0.25462 - accuracy: 0.91702
Validating epoch 2 | loss: 0.34142 - accuracy: 0.8932
Model is Bert, dataset is sfu, undersample is None, aug mode is trans, geo is 0.9, pct_usage is None, small_label is 0, small_prop is 0.4, balance_seed is 0, lr is 2e-05, max_epochs is 3, split_num is 2
Training epoch 0 | loss: 0.57203 - accuracy: 0.72979
Validating epoch 0 | loss: 0.37795 - accuracy: 0.8835
Training epoch 1 | loss: 0.29336 - accuracy: 0.9117
Validating epoch 1 | loss: 0.3195 - accuracy: 0.90291
Training epoch 2 | loss: 0.1926 - accuracy: 0.94787
Validating epoch 2 | loss: 0.33483 - accuracy: 0.8835
Model is Bert, dataset is sfu, undersample is False, aug mode is None, geo is None, pct_usage is None, small_label is 0, small_prop is 0.4, balance_seed is 0, lr is 2e-05, max_epochs is 3, split_num is 2
Training epoch 0 | loss: 0.57401 - accuracy: 0.71489
Validating epoch 0 | loss: 0.35102 - accuracy: 0.8932
Training epoch 1 | loss: 0.33597 - accuracy: 0.89362
Validating epoch 1 | loss: 0.27785 - accuracy: 0.8835
Training epoch 2 | loss: 0.23688 - accuracy: 0.92872
Validating epoch 2 | loss: 0.28767 - accuracy: 0.8835
Model is Bert, dataset is sfu, undersample is True, aug mode is None, geo is None, pct_usage is None, small_label is 0, small_prop is 0.4, balance_seed is 0, lr is 2e-05, max_epochs is 3, split_num is 2
Training epoch 0 | loss: 0.50859 - accuracy: 0.76489
Validating epoch 0 | loss: 0.30778 - accuracy: 0.91262
Training epoch 1 | loss: 0.23323 - accuracy: 0.94043
Validating epoch 1 | loss: 0.289 - accuracy: 0.8835
Training epoch 2 | loss: 0.13803 - accuracy: 0.97021
Validating epoch 2 | loss: 0.26123 - accuracy: 0.8932
Model is Bert, dataset is sfu, undersample is None, aug mode is trans, geo is 0.1, pct_usage is None, small_label is 1, small_prop is 0.4, balance_seed is 0, lr is 2e-05, max_epochs is 3, split_num is 2
Training epoch 0 | loss: 0.57293 - accuracy: 0.71064
Validating epoch 0 | loss: 0.38149 - accuracy: 0.82524
Training epoch 1 | loss: 0.34025 - accuracy: 0.87553
Validating epoch 1 | loss: 0.30674 - accuracy: 0.86408
Training epoch 2 | loss: 0.27399 - accuracy: 0.90532
Validating epoch 2 | loss: 0.3215 - accuracy: 0.84466
Model is Bert, dataset is sfu, undersample is None, aug mode is trans, geo is 0.3, pct_usage is None, small_label is 1, small_prop is 0.4, balance_seed is 0, lr is 2e-05, max_epochs is 3, split_num is 2
Training epoch 0 | loss: 0.56881 - accuracy: 0.69043
Validating epoch 0 | loss: 0.39207 - accuracy: 0.8835
Training epoch 1 | loss: 0.29977 - accuracy: 0.90213
Validating epoch 1 | loss: 0.3776 - accuracy: 0.80583
Training epoch 2 | loss: 0.2136 - accuracy: 0.92872
Validating epoch 2 | loss: 0.35329 - accuracy: 0.84466
Model is Bert, dataset is sfu, undersample is None, aug mode is trans, geo is 0.5, pct_usage is None, small_label is 1, small_prop is 0.4, balance_seed is 0, lr is 2e-05, max_epochs is 3, split_num is 2
Training epoch 0 | loss: 0.54103 - accuracy: 0.73404
Validating epoch 0 | loss: 0.35567 - accuracy: 0.8932
Training epoch 1 | loss: 0.35318 - accuracy: 0.86809
Validating epoch 1 | loss: 0.32718 - accuracy: 0.85437
Training epoch 2 | loss: 0.24657 - accuracy: 0.9234
Validating epoch 2 | loss: 0.27662 - accuracy: 0.91262
Model is Bert, dataset is sfu, undersample is None, aug mode is trans, geo is 0.7, pct_usage is None, small_label is 1, small_prop is 0.4, balance_seed is 0, lr is 2e-05, max_epochs is 3, split_num is 2
Training epoch 0 | loss: 0.53171 - accuracy: 0.7734
Validating epoch 0 | loss: 0.37448 - accuracy: 0.81553
Training epoch 1 | loss: 0.31864 - accuracy: 0.89255
Validating epoch 1 | loss: 0.27731 - accuracy: 0.8835
Training epoch 2 | loss: 0.23807 - accuracy: 0.92447
Validating epoch 2 | loss: 0.27604 - accuracy: 0.8835
Model is Bert, dataset is sfu, undersample is None, aug mode is trans, geo is 0.9, pct_usage is None, small_label is 1, small_prop is 0.4, balance_seed is 0, lr is 2e-05, max_epochs is 3, split_num is 2
Training epoch 0 | loss: 0.51498 - accuracy: 0.77766
Validating epoch 0 | loss: 0.3268 - accuracy: 0.90291
Training epoch 1 | loss: 0.28046 - accuracy: 0.91383
Validating epoch 1 | loss: 0.29443 - accuracy: 0.90291
Training epoch 2 | loss: 0.22845 - accuracy: 0.92553
Validating epoch 2 | loss: 0.31336 - accuracy: 0.8835
Model is Bert, dataset is sfu, undersample is False, aug mode is None, geo is None, pct_usage is None, small_label is 1, small_prop is 0.4, balance_seed is 0, lr is 2e-05, max_epochs is 3, split_num is 2
Training epoch 0 | loss: 0.56547 - accuracy: 0.70638
Validating epoch 0 | loss: 0.3915 - accuracy: 0.83495
Training epoch 1 | loss: 0.30041 - accuracy: 0.90532
Validating epoch 1 | loss: 0.34095 - accuracy: 0.8932
Training epoch 2 | loss: 0.1837 - accuracy: 0.9617
Validating epoch 2 | loss: 0.3604 - accuracy: 0.84466
Model is Bert, dataset is sfu, undersample is True, aug mode is None, geo is None, pct_usage is None, small_label is 1, small_prop is 0.4, balance_seed is 0, lr is 2e-05, max_epochs is 3, split_num is 2
Training epoch 0 | loss: 0.61958 - accuracy: 0.60957
Validating epoch 0 | loss: 0.40615 - accuracy: 0.86408
Training epoch 1 | loss: 0.31489 - accuracy: 0.89574
Validating epoch 1 | loss: 0.29728 - accuracy: 0.8932
Training epoch 2 | loss: 0.19476 - accuracy: 0.94681
Validating epoch 2 | loss: 0.28306 - accuracy: 0.8932
Model is Bert, dataset is sfu, undersample is None, aug mode is trans, geo is 0.1, pct_usage is None, small_label is 0, small_prop is 0.6, balance_seed is 0, lr is 2e-05, max_epochs is 3, split_num is 2
Training epoch 0 | loss: 0.58373 - accuracy: 0.6883
Validating epoch 0 | loss: 0.35971 - accuracy: 0.8932
Training epoch 1 | loss: 0.3341 - accuracy: 0.88191
Validating epoch 1 | loss: 0.33749 - accuracy: 0.8835
Training epoch 2 | loss: 0.27778 - accuracy: 0.90106
Validating epoch 2 | loss: 0.36232 - accuracy: 0.85437
Model is Bert, dataset is sfu, undersample is None, aug mode is trans, geo is 0.3, pct_usage is None, small_label is 0, small_prop is 0.6, balance_seed is 0, lr is 2e-05, max_epochs is 3, split_num is 2
Training epoch 0 | loss: 0.57154 - accuracy: 0.70851
Validating epoch 0 | loss: 0.35854 - accuracy: 0.86408
Training epoch 1 | loss: 0.33152 - accuracy: 0.87447
Validating epoch 1 | loss: 0.31199 - accuracy: 0.8835
Training epoch 2 | loss: 0.2547 - accuracy: 0.91489
Validating epoch 2 | loss: 0.31526 - accuracy: 0.8932
Model is Bert, dataset is sfu, undersample is None, aug mode is trans, geo is 0.5, pct_usage is None, small_label is 0, small_prop is 0.6, balance_seed is 0, lr is 2e-05, max_epochs is 3, split_num is 2
Training epoch 0 | loss: 0.56937 - accuracy: 0.69894
Validating epoch 0 | loss: 0.34267 - accuracy: 0.86408
Training epoch 1 | loss: 0.30827 - accuracy: 0.88298
Validating epoch 1 | loss: 0.31068 - accuracy: 0.87379
Training epoch 2 | loss: 0.24907 - accuracy: 0.91702
Validating epoch 2 | loss: 0.32331 - accuracy: 0.86408
Model is Bert, dataset is sfu, undersample is None, aug mode is trans, geo is 0.7, pct_usage is None, small_label is 0, small_prop is 0.6, balance_seed is 0, lr is 2e-05, max_epochs is 3, split_num is 2
Training epoch 0 | loss: 0.61498 - accuracy: 0.65532
Validating epoch 0 | loss: 0.41247 - accuracy: 0.85437
Training epoch 1 | loss: 0.34013 - accuracy: 0.88191
Validating epoch 1 | loss: 0.28066 - accuracy: 0.90291
Training epoch 2 | loss: 0.25278 - accuracy: 0.90532
Validating epoch 2 | loss: 0.27812 - accuracy: 0.8932
Model is Bert, dataset is sfu, undersample is None, aug mode is trans, geo is 0.9, pct_usage is None, small_label is 0, small_prop is 0.6, balance_seed is 0, lr is 2e-05, max_epochs is 3, split_num is 2
Training epoch 0 | loss: 0.6105 - accuracy: 0.65213
Validating epoch 0 | loss: 0.38993 - accuracy: 0.87379
Training epoch 1 | loss: 0.3269 - accuracy: 0.88404
Validating epoch 1 | loss: 0.24203 - accuracy: 0.90291
Training epoch 2 | loss: 0.24945 - accuracy: 0.91596
Validating epoch 2 | loss: 0.26056 - accuracy: 0.8835
Model is Bert, dataset is sfu, undersample is False, aug mode is None, geo is None, pct_usage is None, small_label is 0, small_prop is 0.6, balance_seed is 0, lr is 2e-05, max_epochs is 3, split_num is 2
Training epoch 0 | loss: 0.53844 - accuracy: 0.73511
Validating epoch 0 | loss: 0.32342 - accuracy: 0.8932
Training epoch 1 | loss: 0.33585 - accuracy: 0.88511
Validating epoch 1 | loss: 0.32178 - accuracy: 0.87379
Training epoch 2 | loss: 0.24186 - accuracy: 0.92021
Validating epoch 2 | loss: 0.28149 - accuracy: 0.8932
Model is Bert, dataset is sfu, undersample is True, aug mode is None, geo is None, pct_usage is None, small_label is 0, small_prop is 0.6, balance_seed is 0, lr is 2e-05, max_epochs is 3, split_num is 2
Training epoch 0 | loss: 0.54137 - accuracy: 0.74574
Validating epoch 0 | loss: 0.35534 - accuracy: 0.8835
Training epoch 1 | loss: 0.25903 - accuracy: 0.92766
Validating epoch 1 | loss: 0.30918 - accuracy: 0.8932
Training epoch 2 | loss: 0.15669 - accuracy: 0.95957
Validating epoch 2 | loss: 0.32665 - accuracy: 0.8932
Model is Bert, dataset is sfu, undersample is None, aug mode is trans, geo is 0.1, pct_usage is None, small_label is 1, small_prop is 0.6, balance_seed is 0, lr is 2e-05, max_epochs is 3, split_num is 2
Training epoch 0 | loss: 0.57987 - accuracy: 0.72872
Validating epoch 0 | loss: 0.40339 - accuracy: 0.84466
Training epoch 1 | loss: 0.35293 - accuracy: 0.87872
Validating epoch 1 | loss: 0.29551 - accuracy: 0.8835
Training epoch 2 | loss: 0.25516 - accuracy: 0.91596
Validating epoch 2 | loss: 0.28113 - accuracy: 0.86408
Model is Bert, dataset is sfu, undersample is None, aug mode is trans, geo is 0.3, pct_usage is None, small_label is 1, small_prop is 0.6, balance_seed is 0, lr is 2e-05, max_epochs is 3, split_num is 2
Training epoch 0 | loss: 0.5465 - accuracy: 0.74255
Validating epoch 0 | loss: 0.39931 - accuracy: 0.85437
Training epoch 1 | loss: 0.35109 - accuracy: 0.87447
Validating epoch 1 | loss: 0.33742 - accuracy: 0.85437
Training epoch 2 | loss: 0.26593 - accuracy: 0.91596
Validating epoch 2 | loss: 0.32307 - accuracy: 0.86408
Model is Bert, dataset is sfu, undersample is None, aug mode is trans, geo is 0.5, pct_usage is None, small_label is 1, small_prop is 0.6, balance_seed is 0, lr is 2e-05, max_epochs is 3, split_num is 2
Training epoch 0 | loss: 0.47919 - accuracy: 0.78298
Validating epoch 0 | loss: 0.28332 - accuracy: 0.92233
Training epoch 1 | loss: 0.3059 - accuracy: 0.87979
Validating epoch 1 | loss: 0.28963 - accuracy: 0.87379
Training epoch 2 | loss: 0.25038 - accuracy: 0.91277
Validating epoch 2 | loss: 0.27678 - accuracy: 0.8932
Model is Bert, dataset is sfu, undersample is None, aug mode is trans, geo is 0.7, pct_usage is None, small_label is 1, small_prop is 0.6, balance_seed is 0, lr is 2e-05, max_epochs is 3, split_num is 2
Training epoch 0 | loss: 0.51042 - accuracy: 0.7617
Validating epoch 0 | loss: 0.3258 - accuracy: 0.8835
Training epoch 1 | loss: 0.31235 - accuracy: 0.89149
Validating epoch 1 | loss: 0.29466 - accuracy: 0.8932
Training epoch 2 | loss: 0.24938 - accuracy: 0.9234
Validating epoch 2 | loss: 0.291 - accuracy: 0.8835
Model is Bert, dataset is sfu, undersample is None, aug mode is trans, geo is 0.9, pct_usage is None, small_label is 1, small_prop is 0.6, balance_seed is 0, lr is 2e-05, max_epochs is 3, split_num is 2
Training epoch 0 | loss: 0.60409 - accuracy: 0.66489
Validating epoch 0 | loss: 0.37838 - accuracy: 0.93204
Training epoch 1 | loss: 0.38208 - accuracy: 0.87234
Validating epoch 1 | loss: 0.28859 - accuracy: 0.92233
Training epoch 2 | loss: 0.28715 - accuracy: 0.90851
Validating epoch 2 | loss: 0.30138 - accuracy: 0.8835
Model is Bert, dataset is sfu, undersample is False, aug mode is None, geo is None, pct_usage is None, small_label is 1, small_prop is 0.6, balance_seed is 0, lr is 2e-05, max_epochs is 3, split_num is 2
Training epoch 0 | loss: 0.51853 - accuracy: 0.7234
Validating epoch 0 | loss: 0.34649 - accuracy: 0.8932
Training epoch 1 | loss: 0.30549 - accuracy: 0.89681
Validating epoch 1 | loss: 0.33375 - accuracy: 0.85437
Training epoch 2 | loss: 0.22629 - accuracy: 0.93511
Validating epoch 2 | loss: 0.34994 - accuracy: 0.86408
Model is Bert, dataset is sfu, undersample is True, aug mode is None, geo is None, pct_usage is None, small_label is 1, small_prop is 0.6, balance_seed is 0, lr is 2e-05, max_epochs is 3, split_num is 2
Training epoch 0 | loss: 0.54367 - accuracy: 0.73404
Validating epoch 0 | loss: 0.33207 - accuracy: 0.8835
Training epoch 1 | loss: 0.33036 - accuracy: 0.88723
Validating epoch 1 | loss: 0.26765 - accuracy: 0.91262
Training epoch 2 | loss: 0.23432 - accuracy: 0.9234
Validating epoch 2 | loss: 0.25706 - accuracy: 0.92233
Model is Bert, dataset is sfu, undersample is None, aug mode is trans, geo is 0.1, pct_usage is None, small_label is 0, small_prop is 0.8, balance_seed is 0, lr is 2e-05, max_epochs is 3, split_num is 2
Training epoch 0 | loss: 0.48576 - accuracy: 0.82234
Validating epoch 0 | loss: 0.32594 - accuracy: 0.8932
Training epoch 1 | loss: 0.29576 - accuracy: 0.89894
Validating epoch 1 | loss: 0.32261 - accuracy: 0.85437
Training epoch 2 | loss: 0.2412 - accuracy: 0.92234
Validating epoch 2 | loss: 0.2852 - accuracy: 0.8835
Model is Bert, dataset is sfu, undersample is None, aug mode is trans, geo is 0.3, pct_usage is None, small_label is 0, small_prop is 0.8, balance_seed is 0, lr is 2e-05, max_epochs is 3, split_num is 2
Training epoch 0 | loss: 0.54658 - accuracy: 0.73085
Validating epoch 0 | loss: 0.38987 - accuracy: 0.85437
Training epoch 1 | loss: 0.32914 - accuracy: 0.88511
Validating epoch 1 | loss: 0.31776 - accuracy: 0.90291
Training epoch 2 | loss: 0.27949 - accuracy: 0.90426
Validating epoch 2 | loss: 0.32415 - accuracy: 0.90291
Model is Bert, dataset is sfu, undersample is None, aug mode is trans, geo is 0.5, pct_usage is None, small_label is 0, small_prop is 0.8, balance_seed is 0, lr is 2e-05, max_epochs is 3, split_num is 2
Training epoch 0 | loss: 0.60011 - accuracy: 0.68298
Validating epoch 0 | loss: 0.40582 - accuracy: 0.8835
Training epoch 1 | loss: 0.35511 - accuracy: 0.88085
Validating epoch 1 | loss: 0.32027 - accuracy: 0.8932
Training epoch 2 | loss: 0.26768 - accuracy: 0.89787
Validating epoch 2 | loss: 0.31083 - accuracy: 0.8932
Model is Bert, dataset is sfu, undersample is None, aug mode is trans, geo is 0.7, pct_usage is None, small_label is 0, small_prop is 0.8, balance_seed is 0, lr is 2e-05, max_epochs is 3, split_num is 2
Training epoch 0 | loss: 0.55689 - accuracy: 0.74894
Validating epoch 0 | loss: 0.34609 - accuracy: 0.8932
Training epoch 1 | loss: 0.31719 - accuracy: 0.89681
Validating epoch 1 | loss: 0.26447 - accuracy: 0.8932
Training epoch 2 | loss: 0.26081 - accuracy: 0.90745
Validating epoch 2 | loss: 0.25739 - accuracy: 0.90291
Model is Bert, dataset is sfu, undersample is None, aug mode is trans, geo is 0.9, pct_usage is None, small_label is 0, small_prop is 0.8, balance_seed is 0, lr is 2e-05, max_epochs is 3, split_num is 2
Training epoch 0 | loss: 0.58339 - accuracy: 0.71489
Validating epoch 0 | loss: 0.36931 - accuracy: 0.8835
Training epoch 1 | loss: 0.3543 - accuracy: 0.87766
Validating epoch 1 | loss: 0.28487 - accuracy: 0.92233
Training epoch 2 | loss: 0.29401 - accuracy: 0.90213
Validating epoch 2 | loss: 0.29759 - accuracy: 0.87379
Model is Bert, dataset is sfu, undersample is False, aug mode is None, geo is None, pct_usage is None, small_label is 0, small_prop is 0.8, balance_seed is 0, lr is 2e-05, max_epochs is 3, split_num is 2
Training epoch 0 | loss: 0.5038 - accuracy: 0.73617
Validating epoch 0 | loss: 0.33241 - accuracy: 0.91262
Training epoch 1 | loss: 0.32396 - accuracy: 0.88936
Validating epoch 1 | loss: 0.31404 - accuracy: 0.85437
Training epoch 2 | loss: 0.24686 - accuracy: 0.92234
Validating epoch 2 | loss: 0.34774 - accuracy: 0.86408
Model is Bert, dataset is sfu, undersample is True, aug mode is None, geo is None, pct_usage is None, small_label is 0, small_prop is 0.8, balance_seed is 0, lr is 2e-05, max_epochs is 3, split_num is 2
Training epoch 0 | loss: 0.56474 - accuracy: 0.69043
Validating epoch 0 | loss: 0.39669 - accuracy: 0.87379
Training epoch 1 | loss: 0.31273 - accuracy: 0.89149
Validating epoch 1 | loss: 0.35673 - accuracy: 0.85437
Training epoch 2 | loss: 0.20817 - accuracy: 0.94255
Validating epoch 2 | loss: 0.36162 - accuracy: 0.85437
Model is Bert, dataset is sfu, undersample is None, aug mode is trans, geo is 0.1, pct_usage is None, small_label is 1, small_prop is 0.8, balance_seed is 0, lr is 2e-05, max_epochs is 3, split_num is 2
Training epoch 0 | loss: 0.53191 - accuracy: 0.7234
Validating epoch 0 | loss: 0.34271 - accuracy: 0.8835
Training epoch 1 | loss: 0.32532 - accuracy: 0.89043
Validating epoch 1 | loss: 0.29349 - accuracy: 0.8932
Training epoch 2 | loss: 0.25757 - accuracy: 0.90319
Validating epoch 2 | loss: 0.29965 - accuracy: 0.86408
Model is Bert, dataset is sfu, undersample is None, aug mode is trans, geo is 0.3, pct_usage is None, small_label is 1, small_prop is 0.8, balance_seed is 0, lr is 2e-05, max_epochs is 3, split_num is 2
Training epoch 0 | loss: 0.58 - accuracy: 0.6734
Validating epoch 0 | loss: 0.37168 - accuracy: 0.8835
Training epoch 1 | loss: 0.36376 - accuracy: 0.87553
Validating epoch 1 | loss: 0.28124 - accuracy: 0.8932
Training epoch 2 | loss: 0.29041 - accuracy: 0.90532
Validating epoch 2 | loss: 0.29038 - accuracy: 0.8835
Model is Bert, dataset is sfu, undersample is None, aug mode is trans, geo is 0.5, pct_usage is None, small_label is 1, small_prop is 0.8, balance_seed is 0, lr is 2e-05, max_epochs is 3, split_num is 2
Training epoch 0 | loss: 0.51597 - accuracy: 0.75213
Validating epoch 0 | loss: 0.35528 - accuracy: 0.86408
Training epoch 1 | loss: 0.33604 - accuracy: 0.88404
Validating epoch 1 | loss: 0.31608 - accuracy: 0.8835
Training epoch 2 | loss: 0.26259 - accuracy: 0.91702
Validating epoch 2 | loss: 0.32824 - accuracy: 0.86408
Model is Bert, dataset is sfu, undersample is None, aug mode is trans, geo is 0.7, pct_usage is None, small_label is 1, small_prop is 0.8, balance_seed is 0, lr is 2e-05, max_epochs is 3, split_num is 2
Training epoch 0 | loss: 0.57096 - accuracy: 0.70957
Validating epoch 0 | loss: 0.34697 - accuracy: 0.91262
Training epoch 1 | loss: 0.3546 - accuracy: 0.8734
Validating epoch 1 | loss: 0.27012 - accuracy: 0.87379
Training epoch 2 | loss: 0.29053 - accuracy: 0.89362
Validating epoch 2 | loss: 0.27121 - accuracy: 0.87379
Model is Bert, dataset is sfu, undersample is None, aug mode is trans, geo is 0.9, pct_usage is None, small_label is 1, small_prop is 0.8, balance_seed is 0, lr is 2e-05, max_epochs is 3, split_num is 2
Training epoch 0 | loss: 0.5935 - accuracy: 0.68511
Validating epoch 0 | loss: 0.41335 - accuracy: 0.84466
Training epoch 1 | loss: 0.36645 - accuracy: 0.87553
Validating epoch 1 | loss: 0.30176 - accuracy: 0.91262
Training epoch 2 | loss: 0.28417 - accuracy: 0.90638
Validating epoch 2 | loss: 0.29869 - accuracy: 0.90291
Model is Bert, dataset is sfu, undersample is False, aug mode is None, geo is None, pct_usage is None, small_label is 1, small_prop is 0.8, balance_seed is 0, lr is 2e-05, max_epochs is 3, split_num is 2
Training epoch 0 | loss: 0.53248 - accuracy: 0.75745
Validating epoch 0 | loss: 0.32271 - accuracy: 0.8835
Training epoch 1 | loss: 0.30112 - accuracy: 0.89468
Validating epoch 1 | loss: 0.24418 - accuracy: 0.90291
Training epoch 2 | loss: 0.23698 - accuracy: 0.9234
Validating epoch 2 | loss: 0.25892 - accuracy: 0.90291
Model is Bert, dataset is sfu, undersample is True, aug mode is None, geo is None, pct_usage is None, small_label is 1, small_prop is 0.8, balance_seed is 0, lr is 2e-05, max_epochs is 3, split_num is 2
Training epoch 0 | loss: 0.51787 - accuracy: 0.74362
Validating epoch 0 | loss: 0.33975 - accuracy: 0.87379
Training epoch 1 | loss: 0.30556 - accuracy: 0.89362
Validating epoch 1 | loss: 0.28091 - accuracy: 0.90291
Training epoch 2 | loss: 0.24301 - accuracy: 0.9266
Validating epoch 2 | loss: 0.2854 - accuracy: 0.90291
