Model is Bert, dataset is subj, undersample is None, aug mode is context, geo is 0.1, pct_usage is None, small_label is 0, small_prop is 0.2, balance_seed is 0, lr is 2e-05, max_epochs is 4, split_num is 8
Training epoch 0 | loss: 0.24167 - accuracy: 0.89811
Validating epoch 0 | loss: 0.15951 - accuracy: 0.94
Training epoch 1 | loss: 0.054 - accuracy: 0.98356
Validating epoch 1 | loss: 0.30197 - accuracy: 0.907
Training epoch 2 | loss: 0.01755 - accuracy: 0.99578
Validating epoch 2 | loss: 0.35577 - accuracy: 0.902
Training epoch 3 | loss: 0.01117 - accuracy: 0.99644
Validating epoch 3 | loss: 0.3512 - accuracy: 0.91
Model is Bert, dataset is subj, undersample is None, aug mode is context, geo is 0.3, pct_usage is None, small_label is 0, small_prop is 0.2, balance_seed is 0, lr is 2e-05, max_epochs is 4, split_num is 8
Training epoch 0 | loss: 0.25214 - accuracy: 0.89078
Validating epoch 0 | loss: 0.16765 - accuracy: 0.941
Training epoch 1 | loss: 0.05733 - accuracy: 0.98267
Validating epoch 1 | loss: 0.3039 - accuracy: 0.91
Training epoch 2 | loss: 0.02502 - accuracy: 0.993
Validating epoch 2 | loss: 0.2929 - accuracy: 0.909
Training epoch 3 | loss: 0.01281 - accuracy: 0.99678
Validating epoch 3 | loss: 0.25896 - accuracy: 0.923
Model is Bert, dataset is subj, undersample is None, aug mode is context, geo is 0.5, pct_usage is None, small_label is 0, small_prop is 0.2, balance_seed is 0, lr is 2e-05, max_epochs is 4, split_num is 8
Training epoch 0 | loss: 0.24954 - accuracy: 0.89667
Validating epoch 0 | loss: 0.35641 - accuracy: 0.883
Training epoch 1 | loss: 0.04761 - accuracy: 0.98567
Validating epoch 1 | loss: 0.23084 - accuracy: 0.931
Training epoch 2 | loss: 0.01819 - accuracy: 0.99544
Validating epoch 2 | loss: 0.32653 - accuracy: 0.908
Training epoch 3 | loss: 0.00838 - accuracy: 0.99789
Validating epoch 3 | loss: 0.2653 - accuracy: 0.926
Model is Bert, dataset is subj, undersample is None, aug mode is context, geo is 0.7, pct_usage is None, small_label is 0, small_prop is 0.2, balance_seed is 0, lr is 2e-05, max_epochs is 4, split_num is 8
Training epoch 0 | loss: 0.22876 - accuracy: 0.89989
Validating epoch 0 | loss: 0.25005 - accuracy: 0.917
Training epoch 1 | loss: 0.03262 - accuracy: 0.99078
Validating epoch 1 | loss: 0.36335 - accuracy: 0.905
Training epoch 2 | loss: 0.01155 - accuracy: 0.99722
Validating epoch 2 | loss: 0.47257 - accuracy: 0.889
Training epoch 3 | loss: 0.00547 - accuracy: 0.99878
Validating epoch 3 | loss: 0.3862 - accuracy: 0.907
Model is Bert, dataset is subj, undersample is None, aug mode is context, geo is 0.9, pct_usage is None, small_label is 0, small_prop is 0.2, balance_seed is 0, lr is 2e-05, max_epochs is 4, split_num is 8
Training epoch 0 | loss: 0.23796 - accuracy: 0.89889
Validating epoch 0 | loss: 0.23451 - accuracy: 0.918
Training epoch 1 | loss: 0.03825 - accuracy: 0.98856
Validating epoch 1 | loss: 0.23472 - accuracy: 0.938
Training epoch 2 | loss: 0.01198 - accuracy: 0.99722
Validating epoch 2 | loss: 0.45403 - accuracy: 0.895
Training epoch 3 | loss: 0.00587 - accuracy: 0.99922
Validating epoch 3 | loss: 0.37672 - accuracy: 0.912
Model is Bert, dataset is subj, undersample is False, aug mode is None, geo is None, pct_usage is None, small_label is 0, small_prop is 0.2, balance_seed is 0, lr is 2e-05, max_epochs is 4, split_num is 8
Training epoch 0 | loss: 0.22467 - accuracy: 0.90233
Validating epoch 0 | loss: 0.22094 - accuracy: 0.928
Training epoch 1 | loss: 0.02696 - accuracy: 0.99322
Validating epoch 1 | loss: 0.371 - accuracy: 0.922
Training epoch 2 | loss: 0.00603 - accuracy: 0.99867
Validating epoch 2 | loss: 0.57244 - accuracy: 0.883
Training epoch 3 | loss: 0.00247 - accuracy: 0.99978
Validating epoch 3 | loss: 0.44112 - accuracy: 0.922
Model is Bert, dataset is subj, undersample is True, aug mode is None, geo is None, pct_usage is None, small_label is 0, small_prop is 0.2, balance_seed is 0, lr is 2e-05, max_epochs is 4, split_num is 8
Training epoch 0 | loss: 0.20904 - accuracy: 0.90956
Validating epoch 0 | loss: 0.23665 - accuracy: 0.929
Training epoch 1 | loss: 0.00451 - accuracy: 0.99944
Validating epoch 1 | loss: 0.30276 - accuracy: 0.933
Training epoch 2 | loss: 0.00078 - accuracy: 1.0
Validating epoch 2 | loss: 0.33387 - accuracy: 0.932
Training epoch 3 | loss: 0.00063 - accuracy: 1.0
Validating epoch 3 | loss: 0.33424 - accuracy: 0.933
Model is Bert, dataset is subj, undersample is None, aug mode is context, geo is 0.1, pct_usage is None, small_label is 1, small_prop is 0.2, balance_seed is 0, lr is 2e-05, max_epochs is 4, split_num is 8
Training epoch 0 | loss: 0.23956 - accuracy: 0.89478
Validating epoch 0 | loss: 0.28402 - accuracy: 0.906
Training epoch 1 | loss: 0.04096 - accuracy: 0.98678
Validating epoch 1 | loss: 0.35812 - accuracy: 0.904
Training epoch 2 | loss: 0.01254 - accuracy: 0.99633
Validating epoch 2 | loss: 0.33504 - accuracy: 0.927
Training epoch 3 | loss: 0.00739 - accuracy: 0.99844
Validating epoch 3 | loss: 0.30315 - accuracy: 0.934
Model is Bert, dataset is subj, undersample is None, aug mode is context, geo is 0.3, pct_usage is None, small_label is 1, small_prop is 0.2, balance_seed is 0, lr is 2e-05, max_epochs is 4, split_num is 8
Training epoch 0 | loss: 0.22422 - accuracy: 0.90722
Validating epoch 0 | loss: 0.19351 - accuracy: 0.934
Training epoch 1 | loss: 0.03363 - accuracy: 0.99022
Validating epoch 1 | loss: 0.20096 - accuracy: 0.947
Training epoch 2 | loss: 0.01209 - accuracy: 0.99667
Validating epoch 2 | loss: 0.24444 - accuracy: 0.945
Training epoch 3 | loss: 0.00537 - accuracy: 0.99856
Validating epoch 3 | loss: 0.24644 - accuracy: 0.943
Model is Bert, dataset is subj, undersample is None, aug mode is context, geo is 0.5, pct_usage is None, small_label is 1, small_prop is 0.2, balance_seed is 0, lr is 2e-05, max_epochs is 4, split_num is 8
Training epoch 0 | loss: 0.23159 - accuracy: 0.90844
Validating epoch 0 | loss: 0.19577 - accuracy: 0.933
Training epoch 1 | loss: 0.03028 - accuracy: 0.99122
Validating epoch 1 | loss: 0.18155 - accuracy: 0.947
Training epoch 2 | loss: 0.0105 - accuracy: 0.99767
Validating epoch 2 | loss: 0.22069 - accuracy: 0.95
Training epoch 3 | loss: 0.00365 - accuracy: 0.99944
Validating epoch 3 | loss: 0.27325 - accuracy: 0.934
Model is Bert, dataset is subj, undersample is None, aug mode is context, geo is 0.7, pct_usage is None, small_label is 1, small_prop is 0.2, balance_seed is 0, lr is 2e-05, max_epochs is 4, split_num is 8
Training epoch 0 | loss: 0.224 - accuracy: 0.90278
Validating epoch 0 | loss: 0.23932 - accuracy: 0.929
Training epoch 1 | loss: 0.02398 - accuracy: 0.994
Validating epoch 1 | loss: 0.24145 - accuracy: 0.936
Training epoch 2 | loss: 0.00817 - accuracy: 0.99733
Validating epoch 2 | loss: 0.3664 - accuracy: 0.925
Training epoch 3 | loss: 0.00191 - accuracy: 0.99978
Validating epoch 3 | loss: 0.30328 - accuracy: 0.935
Model is Bert, dataset is subj, undersample is None, aug mode is context, geo is 0.9, pct_usage is None, small_label is 1, small_prop is 0.2, balance_seed is 0, lr is 2e-05, max_epochs is 4, split_num is 8
Training epoch 0 | loss: 0.22336 - accuracy: 0.90511
Validating epoch 0 | loss: 0.176 - accuracy: 0.939
Training epoch 1 | loss: 0.02231 - accuracy: 0.994
Validating epoch 1 | loss: 0.24873 - accuracy: 0.939
Training epoch 2 | loss: 0.0035 - accuracy: 0.99933
Validating epoch 2 | loss: 0.35046 - accuracy: 0.932
Training epoch 3 | loss: 0.00253 - accuracy: 0.99967
Validating epoch 3 | loss: 0.29062 - accuracy: 0.945
Model is Bert, dataset is subj, undersample is False, aug mode is None, geo is None, pct_usage is None, small_label is 1, small_prop is 0.2, balance_seed is 0, lr is 2e-05, max_epochs is 4, split_num is 8
Training epoch 0 | loss: 0.20749 - accuracy: 0.91678
Validating epoch 0 | loss: 0.18836 - accuracy: 0.94
Training epoch 1 | loss: 0.01793 - accuracy: 0.99578
Validating epoch 1 | loss: 0.27274 - accuracy: 0.941
Training epoch 2 | loss: 0.00356 - accuracy: 0.99922
Validating epoch 2 | loss: 0.35186 - accuracy: 0.932
Training epoch 3 | loss: 0.00179 - accuracy: 0.99967
Validating epoch 3 | loss: 0.35624 - accuracy: 0.933
Model is Bert, dataset is subj, undersample is True, aug mode is None, geo is None, pct_usage is None, small_label is 1, small_prop is 0.2, balance_seed is 0, lr is 2e-05, max_epochs is 4, split_num is 8
Training epoch 0 | loss: 0.19574 - accuracy: 0.91411
Validating epoch 0 | loss: 0.22559 - accuracy: 0.943
Training epoch 1 | loss: 0.00647 - accuracy: 0.99844
Validating epoch 1 | loss: 0.2816 - accuracy: 0.94
Training epoch 2 | loss: 0.00119 - accuracy: 0.99978
Validating epoch 2 | loss: 0.31989 - accuracy: 0.939
Training epoch 3 | loss: 0.00055 - accuracy: 1.0
Validating epoch 3 | loss: 0.3298 - accuracy: 0.938
Model is Bert, dataset is subj, undersample is None, aug mode is context, geo is 0.1, pct_usage is None, small_label is 0, small_prop is 0.4, balance_seed is 0, lr is 2e-05, max_epochs is 4, split_num is 8
Training epoch 0 | loss: 0.23785 - accuracy: 0.89889
Validating epoch 0 | loss: 0.2026 - accuracy: 0.928
Training epoch 1 | loss: 0.06629 - accuracy: 0.97822
Validating epoch 1 | loss: 0.4103 - accuracy: 0.887
Training epoch 2 | loss: 0.02559 - accuracy: 0.99167
Validating epoch 2 | loss: 0.29094 - accuracy: 0.918
Training epoch 3 | loss: 0.00948 - accuracy: 0.99722
Validating epoch 3 | loss: 0.3011 - accuracy: 0.922
Model is Bert, dataset is subj, undersample is None, aug mode is context, geo is 0.3, pct_usage is None, small_label is 0, small_prop is 0.4, balance_seed is 0, lr is 2e-05, max_epochs is 4, split_num is 8
Training epoch 0 | loss: 0.26278 - accuracy: 0.88378
Validating epoch 0 | loss: 0.16541 - accuracy: 0.947
Training epoch 1 | loss: 0.06803 - accuracy: 0.98011
Validating epoch 1 | loss: 0.16397 - accuracy: 0.95
Training epoch 2 | loss: 0.02758 - accuracy: 0.99211
Validating epoch 2 | loss: 0.18797 - accuracy: 0.944
Training epoch 3 | loss: 0.01492 - accuracy: 0.99622
Validating epoch 3 | loss: 0.19222 - accuracy: 0.947
Model is Bert, dataset is subj, undersample is None, aug mode is context, geo is 0.5, pct_usage is None, small_label is 0, small_prop is 0.4, balance_seed is 0, lr is 2e-05, max_epochs is 4, split_num is 8
Training epoch 0 | loss: 0.26844 - accuracy: 0.88478
Validating epoch 0 | loss: 0.19355 - accuracy: 0.934
Training epoch 1 | loss: 0.07207 - accuracy: 0.97833
Validating epoch 1 | loss: 0.22829 - accuracy: 0.932
Training epoch 2 | loss: 0.0368 - accuracy: 0.99022
Validating epoch 2 | loss: 0.21833 - accuracy: 0.936
Training epoch 3 | loss: 0.01599 - accuracy: 0.99667
Validating epoch 3 | loss: 0.22388 - accuracy: 0.939
Model is Bert, dataset is subj, undersample is None, aug mode is context, geo is 0.7, pct_usage is None, small_label is 0, small_prop is 0.4, balance_seed is 0, lr is 2e-05, max_epochs is 4, split_num is 8
Training epoch 0 | loss: 0.24925 - accuracy: 0.89489
Validating epoch 0 | loss: 0.1641 - accuracy: 0.941
Training epoch 1 | loss: 0.05424 - accuracy: 0.984
Validating epoch 1 | loss: 0.17831 - accuracy: 0.943
Training epoch 2 | loss: 0.02298 - accuracy: 0.99478
Validating epoch 2 | loss: 0.24889 - accuracy: 0.936
Training epoch 3 | loss: 0.00906 - accuracy: 0.99811
Validating epoch 3 | loss: 0.25194 - accuracy: 0.935
Model is Bert, dataset is subj, undersample is None, aug mode is context, geo is 0.9, pct_usage is None, small_label is 0, small_prop is 0.4, balance_seed is 0, lr is 2e-05, max_epochs is 4, split_num is 8
Training epoch 0 | loss: 0.24637 - accuracy: 0.89444
Validating epoch 0 | loss: 0.25547 - accuracy: 0.914
Training epoch 1 | loss: 0.05706 - accuracy: 0.98256
Validating epoch 1 | loss: 0.23694 - accuracy: 0.928
Training epoch 2 | loss: 0.02133 - accuracy: 0.99489
Validating epoch 2 | loss: 0.2173 - accuracy: 0.942
Training epoch 3 | loss: 0.00979 - accuracy: 0.99767
Validating epoch 3 | loss: 0.24346 - accuracy: 0.937
Model is Bert, dataset is subj, undersample is False, aug mode is None, geo is None, pct_usage is None, small_label is 0, small_prop is 0.4, balance_seed is 0, lr is 2e-05, max_epochs is 4, split_num is 8
Training epoch 0 | loss: 0.24797 - accuracy: 0.89933
Validating epoch 0 | loss: 0.18883 - accuracy: 0.931
Training epoch 1 | loss: 0.05159 - accuracy: 0.98567
Validating epoch 1 | loss: 0.1929 - accuracy: 0.944
Training epoch 2 | loss: 0.02073 - accuracy: 0.99511
Validating epoch 2 | loss: 0.31794 - accuracy: 0.922
Training epoch 3 | loss: 0.01152 - accuracy: 0.99811
Validating epoch 3 | loss: 0.29973 - accuracy: 0.927
Model is Bert, dataset is subj, undersample is True, aug mode is None, geo is None, pct_usage is None, small_label is 0, small_prop is 0.4, balance_seed is 0, lr is 2e-05, max_epochs is 4, split_num is 8
Training epoch 0 | loss: 0.2327 - accuracy: 0.89422
Validating epoch 0 | loss: 0.33769 - accuracy: 0.901
Training epoch 1 | loss: 0.03828 - accuracy: 0.98933
Validating epoch 1 | loss: 0.19886 - accuracy: 0.948
Training epoch 2 | loss: 0.00829 - accuracy: 0.99856
Validating epoch 2 | loss: 0.20089 - accuracy: 0.953
Training epoch 3 | loss: 0.00319 - accuracy: 0.99967
Validating epoch 3 | loss: 0.21353 - accuracy: 0.953
Model is Bert, dataset is subj, undersample is None, aug mode is context, geo is 0.1, pct_usage is None, small_label is 1, small_prop is 0.4, balance_seed is 0, lr is 2e-05, max_epochs is 4, split_num is 8
Training epoch 0 | loss: 0.246 - accuracy: 0.89578
Validating epoch 0 | loss: 0.25547 - accuracy: 0.919
Training epoch 1 | loss: 0.05616 - accuracy: 0.98244
Validating epoch 1 | loss: 0.23739 - accuracy: 0.935
Training epoch 2 | loss: 0.02308 - accuracy: 0.99244
Validating epoch 2 | loss: 0.19138 - accuracy: 0.944
Training epoch 3 | loss: 0.01093 - accuracy: 0.99611
Validating epoch 3 | loss: 0.20044 - accuracy: 0.946
Model is Bert, dataset is subj, undersample is None, aug mode is context, geo is 0.3, pct_usage is None, small_label is 1, small_prop is 0.4, balance_seed is 0, lr is 2e-05, max_epochs is 4, split_num is 8
Training epoch 0 | loss: 0.23689 - accuracy: 0.90944
Validating epoch 0 | loss: 0.15615 - accuracy: 0.944
Training epoch 1 | loss: 0.05771 - accuracy: 0.98089
Validating epoch 1 | loss: 0.17296 - accuracy: 0.944
Training epoch 2 | loss: 0.02054 - accuracy: 0.99422
Validating epoch 2 | loss: 0.2075 - accuracy: 0.946
Training epoch 3 | loss: 0.01205 - accuracy: 0.99689
Validating epoch 3 | loss: 0.2059 - accuracy: 0.948
Model is Bert, dataset is subj, undersample is None, aug mode is context, geo is 0.5, pct_usage is None, small_label is 1, small_prop is 0.4, balance_seed is 0, lr is 2e-05, max_epochs is 4, split_num is 8
Training epoch 0 | loss: 0.23109 - accuracy: 0.911
Validating epoch 0 | loss: 0.1687 - accuracy: 0.941
Training epoch 1 | loss: 0.05634 - accuracy: 0.98444
Validating epoch 1 | loss: 0.17721 - accuracy: 0.943
Training epoch 2 | loss: 0.02143 - accuracy: 0.99533
Validating epoch 2 | loss: 0.1904 - accuracy: 0.948
Training epoch 3 | loss: 0.01209 - accuracy: 0.99733
Validating epoch 3 | loss: 0.2 - accuracy: 0.947
Model is Bert, dataset is subj, undersample is None, aug mode is context, geo is 0.7, pct_usage is None, small_label is 1, small_prop is 0.4, balance_seed is 0, lr is 2e-05, max_epochs is 4, split_num is 8
Training epoch 0 | loss: 0.24444 - accuracy: 0.907
Validating epoch 0 | loss: 0.17494 - accuracy: 0.937
Training epoch 1 | loss: 0.04907 - accuracy: 0.986
Validating epoch 1 | loss: 0.19289 - accuracy: 0.947
Training epoch 2 | loss: 0.02046 - accuracy: 0.99489
Validating epoch 2 | loss: 0.22516 - accuracy: 0.948
Training epoch 3 | loss: 0.01003 - accuracy: 0.99756
Validating epoch 3 | loss: 0.22802 - accuracy: 0.942
Model is Bert, dataset is subj, undersample is None, aug mode is context, geo is 0.9, pct_usage is None, small_label is 1, small_prop is 0.4, balance_seed is 0, lr is 2e-05, max_epochs is 4, split_num is 8
Training epoch 0 | loss: 0.2401 - accuracy: 0.89744
Validating epoch 0 | loss: 0.17273 - accuracy: 0.939
Training epoch 1 | loss: 0.04794 - accuracy: 0.98567
Validating epoch 1 | loss: 0.19567 - accuracy: 0.945
Training epoch 2 | loss: 0.01106 - accuracy: 0.997
Validating epoch 2 | loss: 0.25682 - accuracy: 0.942
Training epoch 3 | loss: 0.0031 - accuracy: 0.99944
Validating epoch 3 | loss: 0.24798 - accuracy: 0.943
Model is Bert, dataset is subj, undersample is False, aug mode is None, geo is None, pct_usage is None, small_label is 1, small_prop is 0.4, balance_seed is 0, lr is 2e-05, max_epochs is 4, split_num is 8
Training epoch 0 | loss: 0.23439 - accuracy: 0.90089
Validating epoch 0 | loss: 0.17105 - accuracy: 0.949
Training epoch 1 | loss: 0.04808 - accuracy: 0.986
Validating epoch 1 | loss: 0.16214 - accuracy: 0.948
Training epoch 2 | loss: 0.00726 - accuracy: 0.99856
Validating epoch 2 | loss: 0.26399 - accuracy: 0.94
Training epoch 3 | loss: 0.00355 - accuracy: 0.99933
Validating epoch 3 | loss: 0.25133 - accuracy: 0.95
Model is Bert, dataset is subj, undersample is True, aug mode is None, geo is None, pct_usage is None, small_label is 1, small_prop is 0.4, balance_seed is 0, lr is 2e-05, max_epochs is 4, split_num is 8
Training epoch 0 | loss: 0.25035 - accuracy: 0.89267
Validating epoch 0 | loss: 0.18144 - accuracy: 0.938
Training epoch 1 | loss: 0.04115 - accuracy: 0.98878
Validating epoch 1 | loss: 0.27871 - accuracy: 0.929
Training epoch 2 | loss: 0.01353 - accuracy: 0.99678
Validating epoch 2 | loss: 0.25236 - accuracy: 0.939
Training epoch 3 | loss: 0.00553 - accuracy: 0.99911
Validating epoch 3 | loss: 0.26217 - accuracy: 0.938
Model is Bert, dataset is subj, undersample is None, aug mode is context, geo is 0.1, pct_usage is None, small_label is 0, small_prop is 0.6, balance_seed is 0, lr is 2e-05, max_epochs is 4, split_num is 8
Training epoch 0 | loss: 0.2391 - accuracy: 0.90611
Validating epoch 0 | loss: 0.15886 - accuracy: 0.938
Training epoch 1 | loss: 0.07203 - accuracy: 0.976
Validating epoch 1 | loss: 0.17301 - accuracy: 0.937
Training epoch 2 | loss: 0.03445 - accuracy: 0.98944
Validating epoch 2 | loss: 0.21318 - accuracy: 0.929
Training epoch 3 | loss: 0.01424 - accuracy: 0.99544
Validating epoch 3 | loss: 0.2628 - accuracy: 0.924
Model is Bert, dataset is subj, undersample is None, aug mode is context, geo is 0.3, pct_usage is None, small_label is 0, small_prop is 0.6, balance_seed is 0, lr is 2e-05, max_epochs is 4, split_num is 8
Training epoch 0 | loss: 0.24811 - accuracy: 0.89967
Validating epoch 0 | loss: 0.15272 - accuracy: 0.938
Training epoch 1 | loss: 0.07822 - accuracy: 0.97544
Validating epoch 1 | loss: 0.25024 - accuracy: 0.912
Training epoch 2 | loss: 0.03822 - accuracy: 0.98911
Validating epoch 2 | loss: 0.17014 - accuracy: 0.948
Training epoch 3 | loss: 0.02383 - accuracy: 0.99311
Validating epoch 3 | loss: 0.17364 - accuracy: 0.947
Model is Bert, dataset is subj, undersample is None, aug mode is context, geo is 0.5, pct_usage is None, small_label is 0, small_prop is 0.6, balance_seed is 0, lr is 2e-05, max_epochs is 4, split_num is 8
Training epoch 0 | loss: 0.25846 - accuracy: 0.89433
Validating epoch 0 | loss: 0.18315 - accuracy: 0.932
Training epoch 1 | loss: 0.07109 - accuracy: 0.97778
Validating epoch 1 | loss: 0.17661 - accuracy: 0.933
Training epoch 2 | loss: 0.02737 - accuracy: 0.99289
Validating epoch 2 | loss: 0.18899 - accuracy: 0.943
Training epoch 3 | loss: 0.01357 - accuracy: 0.99711
Validating epoch 3 | loss: 0.18386 - accuracy: 0.95
Model is Bert, dataset is subj, undersample is None, aug mode is context, geo is 0.7, pct_usage is None, small_label is 0, small_prop is 0.6, balance_seed is 0, lr is 2e-05, max_epochs is 4, split_num is 8
Training epoch 0 | loss: 0.26029 - accuracy: 0.89322
Validating epoch 0 | loss: 0.14836 - accuracy: 0.946
Training epoch 1 | loss: 0.07204 - accuracy: 0.97733
Validating epoch 1 | loss: 0.15571 - accuracy: 0.949
Training epoch 2 | loss: 0.02877 - accuracy: 0.99233
Validating epoch 2 | loss: 0.20555 - accuracy: 0.928
Training epoch 3 | loss: 0.01344 - accuracy: 0.99689
Validating epoch 3 | loss: 0.17626 - accuracy: 0.944
Model is Bert, dataset is subj, undersample is None, aug mode is context, geo is 0.9, pct_usage is None, small_label is 0, small_prop is 0.6, balance_seed is 0, lr is 2e-05, max_epochs is 4, split_num is 8
Training epoch 0 | loss: 0.25494 - accuracy: 0.893
Validating epoch 0 | loss: 0.17531 - accuracy: 0.939
Training epoch 1 | loss: 0.06543 - accuracy: 0.98
Validating epoch 1 | loss: 0.1928 - accuracy: 0.934
Training epoch 2 | loss: 0.02274 - accuracy: 0.99411
Validating epoch 2 | loss: 0.16616 - accuracy: 0.952
Training epoch 3 | loss: 0.01151 - accuracy: 0.99756
Validating epoch 3 | loss: 0.18031 - accuracy: 0.95
Model is Bert, dataset is subj, undersample is False, aug mode is None, geo is None, pct_usage is None, small_label is 0, small_prop is 0.6, balance_seed is 0, lr is 2e-05, max_epochs is 4, split_num is 8
Training epoch 0 | loss: 0.25332 - accuracy: 0.89511
Validating epoch 0 | loss: 0.15426 - accuracy: 0.944
Training epoch 1 | loss: 0.0642 - accuracy: 0.98167
Validating epoch 1 | loss: 0.18566 - accuracy: 0.947
Training epoch 2 | loss: 0.02417 - accuracy: 0.99378
Validating epoch 2 | loss: 0.18471 - accuracy: 0.953
Training epoch 3 | loss: 0.01 - accuracy: 0.99767
Validating epoch 3 | loss: 0.22104 - accuracy: 0.937
Model is Bert, dataset is subj, undersample is True, aug mode is None, geo is None, pct_usage is None, small_label is 0, small_prop is 0.6, balance_seed is 0, lr is 2e-05, max_epochs is 4, split_num is 8
Training epoch 0 | loss: 0.23724 - accuracy: 0.906
Validating epoch 0 | loss: 0.18876 - accuracy: 0.938
Training epoch 1 | loss: 0.05372 - accuracy: 0.98444
Validating epoch 1 | loss: 0.18678 - accuracy: 0.937
Training epoch 2 | loss: 0.01556 - accuracy: 0.99622
Validating epoch 2 | loss: 0.22476 - accuracy: 0.934
Training epoch 3 | loss: 0.00554 - accuracy: 0.99889
Validating epoch 3 | loss: 0.21816 - accuracy: 0.947
Model is Bert, dataset is subj, undersample is None, aug mode is context, geo is 0.1, pct_usage is None, small_label is 1, small_prop is 0.6, balance_seed is 0, lr is 2e-05, max_epochs is 4, split_num is 8
Training epoch 0 | loss: 0.25673 - accuracy: 0.88
Validating epoch 0 | loss: 0.18136 - accuracy: 0.932
Training epoch 1 | loss: 0.0659 - accuracy: 0.97744
Validating epoch 1 | loss: 0.17008 - accuracy: 0.943
Training epoch 2 | loss: 0.02672 - accuracy: 0.99211
Validating epoch 2 | loss: 0.1866 - accuracy: 0.948
Training epoch 3 | loss: 0.01807 - accuracy: 0.99489
Validating epoch 3 | loss: 0.20384 - accuracy: 0.948
Model is Bert, dataset is subj, undersample is None, aug mode is context, geo is 0.3, pct_usage is None, small_label is 1, small_prop is 0.6, balance_seed is 0, lr is 2e-05, max_epochs is 4, split_num is 8
Training epoch 0 | loss: 0.26492 - accuracy: 0.87744
Validating epoch 0 | loss: 0.15378 - accuracy: 0.938
Training epoch 1 | loss: 0.06396 - accuracy: 0.97822
Validating epoch 1 | loss: 0.14876 - accuracy: 0.949
Training epoch 2 | loss: 0.02445 - accuracy: 0.99222
Validating epoch 2 | loss: 0.17476 - accuracy: 0.95
Training epoch 3 | loss: 0.01278 - accuracy: 0.99656
Validating epoch 3 | loss: 0.1839 - accuracy: 0.95
Model is Bert, dataset is subj, undersample is None, aug mode is context, geo is 0.5, pct_usage is None, small_label is 1, small_prop is 0.6, balance_seed is 0, lr is 2e-05, max_epochs is 4, split_num is 8
Training epoch 0 | loss: 0.23632 - accuracy: 0.90633
Validating epoch 0 | loss: 0.16589 - accuracy: 0.948
Training epoch 1 | loss: 0.05599 - accuracy: 0.98178
Validating epoch 1 | loss: 0.17925 - accuracy: 0.949
Training epoch 2 | loss: 0.0193 - accuracy: 0.99478
Validating epoch 2 | loss: 0.19096 - accuracy: 0.953
Training epoch 3 | loss: 0.0082 - accuracy: 0.998
Validating epoch 3 | loss: 0.20529 - accuracy: 0.948
Model is Bert, dataset is subj, undersample is None, aug mode is context, geo is 0.7, pct_usage is None, small_label is 1, small_prop is 0.6, balance_seed is 0, lr is 2e-05, max_epochs is 4, split_num is 8
Training epoch 0 | loss: 0.2579 - accuracy: 0.88756
Validating epoch 0 | loss: 0.16494 - accuracy: 0.944
Training epoch 1 | loss: 0.05712 - accuracy: 0.98344
Validating epoch 1 | loss: 0.14491 - accuracy: 0.947
Training epoch 2 | loss: 0.02167 - accuracy: 0.99411
Validating epoch 2 | loss: 0.20018 - accuracy: 0.946
Training epoch 3 | loss: 0.01165 - accuracy: 0.99744
Validating epoch 3 | loss: 0.18891 - accuracy: 0.951
Model is Bert, dataset is subj, undersample is None, aug mode is context, geo is 0.9, pct_usage is None, small_label is 1, small_prop is 0.6, balance_seed is 0, lr is 2e-05, max_epochs is 4, split_num is 8
Training epoch 0 | loss: 0.23876 - accuracy: 0.89811
Validating epoch 0 | loss: 0.15064 - accuracy: 0.945
Training epoch 1 | loss: 0.05677 - accuracy: 0.98189
Validating epoch 1 | loss: 0.14638 - accuracy: 0.949
Training epoch 2 | loss: 0.01741 - accuracy: 0.99567
Validating epoch 2 | loss: 0.16979 - accuracy: 0.957
Training epoch 3 | loss: 0.00728 - accuracy: 0.99889
Validating epoch 3 | loss: 0.18198 - accuracy: 0.952
Model is Bert, dataset is subj, undersample is False, aug mode is None, geo is None, pct_usage is None, small_label is 1, small_prop is 0.6, balance_seed is 0, lr is 2e-05, max_epochs is 4, split_num is 8
Training epoch 0 | loss: 0.25766 - accuracy: 0.88978
Validating epoch 0 | loss: 0.15728 - accuracy: 0.946
Training epoch 1 | loss: 0.06103 - accuracy: 0.98189
Validating epoch 1 | loss: 0.17851 - accuracy: 0.947
Training epoch 2 | loss: 0.02392 - accuracy: 0.99422
Validating epoch 2 | loss: 0.1757 - accuracy: 0.954
Training epoch 3 | loss: 0.01055 - accuracy: 0.99822
Validating epoch 3 | loss: 0.19238 - accuracy: 0.95
Model is Bert, dataset is subj, undersample is True, aug mode is None, geo is None, pct_usage is None, small_label is 1, small_prop is 0.6, balance_seed is 0, lr is 2e-05, max_epochs is 4, split_num is 8
Training epoch 0 | loss: 0.24538 - accuracy: 0.89967
Validating epoch 0 | loss: 0.15823 - accuracy: 0.95
Training epoch 1 | loss: 0.04657 - accuracy: 0.98644
Validating epoch 1 | loss: 0.16983 - accuracy: 0.945
Training epoch 2 | loss: 0.01237 - accuracy: 0.99744
Validating epoch 2 | loss: 0.1797 - accuracy: 0.957
Training epoch 3 | loss: 0.00542 - accuracy: 0.99933
Validating epoch 3 | loss: 0.18581 - accuracy: 0.958
Model is Bert, dataset is subj, undersample is None, aug mode is context, geo is 0.1, pct_usage is None, small_label is 0, small_prop is 0.8, balance_seed is 0, lr is 2e-05, max_epochs is 4, split_num is 8
Training epoch 0 | loss: 0.23813 - accuracy: 0.91278
Validating epoch 0 | loss: 0.18334 - accuracy: 0.932
Training epoch 1 | loss: 0.07212 - accuracy: 0.97611
Validating epoch 1 | loss: 0.25429 - accuracy: 0.906
Training epoch 2 | loss: 0.0325 - accuracy: 0.98933
Validating epoch 2 | loss: 0.23172 - accuracy: 0.924
Training epoch 3 | loss: 0.01406 - accuracy: 0.99578
Validating epoch 3 | loss: 0.23532 - accuracy: 0.931
Model is Bert, dataset is subj, undersample is None, aug mode is context, geo is 0.3, pct_usage is None, small_label is 0, small_prop is 0.8, balance_seed is 0, lr is 2e-05, max_epochs is 4, split_num is 8
Training epoch 0 | loss: 0.26955 - accuracy: 0.88067
Validating epoch 0 | loss: 0.15497 - accuracy: 0.943
Training epoch 1 | loss: 0.07829 - accuracy: 0.97433
Validating epoch 1 | loss: 0.15201 - accuracy: 0.94
Training epoch 2 | loss: 0.03383 - accuracy: 0.99022
Validating epoch 2 | loss: 0.15974 - accuracy: 0.949
Training epoch 3 | loss: 0.02143 - accuracy: 0.99433
Validating epoch 3 | loss: 0.16745 - accuracy: 0.948
Model is Bert, dataset is subj, undersample is None, aug mode is context, geo is 0.5, pct_usage is None, small_label is 0, small_prop is 0.8, balance_seed is 0, lr is 2e-05, max_epochs is 4, split_num is 8
Training epoch 0 | loss: 0.24908 - accuracy: 0.90044
Validating epoch 0 | loss: 0.15874 - accuracy: 0.944
Training epoch 1 | loss: 0.07415 - accuracy: 0.97678
Validating epoch 1 | loss: 0.13342 - accuracy: 0.949
Training epoch 2 | loss: 0.02775 - accuracy: 0.99211
Validating epoch 2 | loss: 0.17182 - accuracy: 0.951
Training epoch 3 | loss: 0.01532 - accuracy: 0.99578
Validating epoch 3 | loss: 0.16629 - accuracy: 0.954
Model is Bert, dataset is subj, undersample is None, aug mode is context, geo is 0.7, pct_usage is None, small_label is 0, small_prop is 0.8, balance_seed is 0, lr is 2e-05, max_epochs is 4, split_num is 8
Training epoch 0 | loss: 0.25073 - accuracy: 0.89322
Validating epoch 0 | loss: 0.17951 - accuracy: 0.94
Training epoch 1 | loss: 0.0819 - accuracy: 0.97411
Validating epoch 1 | loss: 0.14223 - accuracy: 0.951
Training epoch 2 | loss: 0.03949 - accuracy: 0.98878
Validating epoch 2 | loss: 0.16423 - accuracy: 0.95
Training epoch 3 | loss: 0.02024 - accuracy: 0.99544
Validating epoch 3 | loss: 0.17447 - accuracy: 0.953
Model is Bert, dataset is subj, undersample is None, aug mode is context, geo is 0.9, pct_usage is None, small_label is 0, small_prop is 0.8, balance_seed is 0, lr is 2e-05, max_epochs is 4, split_num is 8
Training epoch 0 | loss: 0.25307 - accuracy: 0.89522
Validating epoch 0 | loss: 0.16391 - accuracy: 0.941
Training epoch 1 | loss: 0.07786 - accuracy: 0.97622
Validating epoch 1 | loss: 0.15036 - accuracy: 0.951
Training epoch 2 | loss: 0.03282 - accuracy: 0.99222
Validating epoch 2 | loss: 0.17328 - accuracy: 0.947
Training epoch 3 | loss: 0.0197 - accuracy: 0.99544
Validating epoch 3 | loss: 0.18383 - accuracy: 0.948
Model is Bert, dataset is subj, undersample is False, aug mode is None, geo is None, pct_usage is None, small_label is 0, small_prop is 0.8, balance_seed is 0, lr is 2e-05, max_epochs is 4, split_num is 8
Training epoch 0 | loss: 0.26149 - accuracy: 0.88933
Validating epoch 0 | loss: 0.16493 - accuracy: 0.946
Training epoch 1 | loss: 0.08055 - accuracy: 0.97578
Validating epoch 1 | loss: 0.14281 - accuracy: 0.945
Training epoch 2 | loss: 0.03692 - accuracy: 0.99
Validating epoch 2 | loss: 0.17121 - accuracy: 0.946
Training epoch 3 | loss: 0.01665 - accuracy: 0.996
Validating epoch 3 | loss: 0.18199 - accuracy: 0.948
Model is Bert, dataset is subj, undersample is True, aug mode is None, geo is None, pct_usage is None, small_label is 0, small_prop is 0.8, balance_seed is 0, lr is 2e-05, max_epochs is 4, split_num is 8
Training epoch 0 | loss: 0.25335 - accuracy: 0.89344
Validating epoch 0 | loss: 0.17633 - accuracy: 0.937
Training epoch 1 | loss: 0.0685 - accuracy: 0.97911
Validating epoch 1 | loss: 0.13774 - accuracy: 0.946
Training epoch 2 | loss: 0.02224 - accuracy: 0.99444
Validating epoch 2 | loss: 0.15394 - accuracy: 0.953
Training epoch 3 | loss: 0.00912 - accuracy: 0.99856
Validating epoch 3 | loss: 0.17059 - accuracy: 0.958
Model is Bert, dataset is subj, undersample is None, aug mode is context, geo is 0.1, pct_usage is None, small_label is 1, small_prop is 0.8, balance_seed is 0, lr is 2e-05, max_epochs is 4, split_num is 8
Training epoch 0 | loss: 0.25721 - accuracy: 0.89044
Validating epoch 0 | loss: 0.17202 - accuracy: 0.936
Training epoch 1 | loss: 0.07838 - accuracy: 0.97333
Validating epoch 1 | loss: 0.14914 - accuracy: 0.946
Training epoch 2 | loss: 0.038 - accuracy: 0.988
Validating epoch 2 | loss: 0.20726 - accuracy: 0.945
Training epoch 3 | loss: 0.02275 - accuracy: 0.99344
Validating epoch 3 | loss: 0.1822 - accuracy: 0.949
Model is Bert, dataset is subj, undersample is None, aug mode is context, geo is 0.3, pct_usage is None, small_label is 1, small_prop is 0.8, balance_seed is 0, lr is 2e-05, max_epochs is 4, split_num is 8
Training epoch 0 | loss: 0.26384 - accuracy: 0.88289
Validating epoch 0 | loss: 0.14994 - accuracy: 0.941
Training epoch 1 | loss: 0.07499 - accuracy: 0.97433
Validating epoch 1 | loss: 0.13833 - accuracy: 0.949
Training epoch 2 | loss: 0.0291 - accuracy: 0.99222
Validating epoch 2 | loss: 0.14815 - accuracy: 0.954
Training epoch 3 | loss: 0.01631 - accuracy: 0.99611
Validating epoch 3 | loss: 0.15805 - accuracy: 0.953
Model is Bert, dataset is subj, undersample is None, aug mode is context, geo is 0.5, pct_usage is None, small_label is 1, small_prop is 0.8, balance_seed is 0, lr is 2e-05, max_epochs is 4, split_num is 8
Training epoch 0 | loss: 0.24891 - accuracy: 0.89422
Validating epoch 0 | loss: 0.14014 - accuracy: 0.943
Training epoch 1 | loss: 0.06921 - accuracy: 0.97744
Validating epoch 1 | loss: 0.12328 - accuracy: 0.956
Training epoch 2 | loss: 0.02267 - accuracy: 0.99411
Validating epoch 2 | loss: 0.15468 - accuracy: 0.947
Training epoch 3 | loss: 0.00918 - accuracy: 0.99789
Validating epoch 3 | loss: 0.16917 - accuracy: 0.951
Model is Bert, dataset is subj, undersample is None, aug mode is context, geo is 0.7, pct_usage is None, small_label is 1, small_prop is 0.8, balance_seed is 0, lr is 2e-05, max_epochs is 4, split_num is 8
Training epoch 0 | loss: 0.25434 - accuracy: 0.89211
Validating epoch 0 | loss: 0.13658 - accuracy: 0.946
Training epoch 1 | loss: 0.0714 - accuracy: 0.978
Validating epoch 1 | loss: 0.16435 - accuracy: 0.943
Training epoch 2 | loss: 0.02564 - accuracy: 0.99322
Validating epoch 2 | loss: 0.15488 - accuracy: 0.956
Training epoch 3 | loss: 0.0131 - accuracy: 0.99722
Validating epoch 3 | loss: 0.1651 - accuracy: 0.95
Model is Bert, dataset is subj, undersample is None, aug mode is context, geo is 0.9, pct_usage is None, small_label is 1, small_prop is 0.8, balance_seed is 0, lr is 2e-05, max_epochs is 4, split_num is 8
Training epoch 0 | loss: 0.26521 - accuracy: 0.88922
Validating epoch 0 | loss: 0.17343 - accuracy: 0.937
Training epoch 1 | loss: 0.07852 - accuracy: 0.97344
Validating epoch 1 | loss: 0.16192 - accuracy: 0.944
Training epoch 2 | loss: 0.02725 - accuracy: 0.99322
Validating epoch 2 | loss: 0.1706 - accuracy: 0.95
Training epoch 3 | loss: 0.01097 - accuracy: 0.99756
Validating epoch 3 | loss: 0.18565 - accuracy: 0.949
Model is Bert, dataset is subj, undersample is False, aug mode is None, geo is None, pct_usage is None, small_label is 1, small_prop is 0.8, balance_seed is 0, lr is 2e-05, max_epochs is 4, split_num is 8
Training epoch 0 | loss: 0.27488 - accuracy: 0.87989
Validating epoch 0 | loss: 0.16502 - accuracy: 0.93
Training epoch 1 | loss: 0.07597 - accuracy: 0.97711
Validating epoch 1 | loss: 0.17007 - accuracy: 0.945
Training epoch 2 | loss: 0.03282 - accuracy: 0.99133
Validating epoch 2 | loss: 0.15221 - accuracy: 0.949
Training epoch 3 | loss: 0.01687 - accuracy: 0.99611
Validating epoch 3 | loss: 0.17226 - accuracy: 0.952
Model is Bert, dataset is subj, undersample is True, aug mode is None, geo is None, pct_usage is None, small_label is 1, small_prop is 0.8, balance_seed is 0, lr is 2e-05, max_epochs is 4, split_num is 8
Training epoch 0 | loss: 0.24949 - accuracy: 0.89678
Validating epoch 0 | loss: 0.15516 - accuracy: 0.947
Training epoch 1 | loss: 0.06433 - accuracy: 0.97967
Validating epoch 1 | loss: 0.14288 - accuracy: 0.95
Training epoch 2 | loss: 0.02384 - accuracy: 0.99389
Validating epoch 2 | loss: 0.17207 - accuracy: 0.947
Training epoch 3 | loss: 0.0096 - accuracy: 0.99811
Validating epoch 3 | loss: 0.17911 - accuracy: 0.948
