Model is Bert, dataset is sst, undersample is None, aug mode is context, geo is 0.1, pct_usage is None, small_label is 0, small_prop is 0.2, balance_seed is 4, lr is 2e-05, max_epochs is 4, split_num is 0
Training epoch 0 | loss: 0.39067 - accuracy: 0.81358
Validating epoch 0 | loss: 0.62763 - accuracy: 0.76376
Training epoch 1 | loss: 0.1374 - accuracy: 0.95072
Validating epoch 1 | loss: 0.79871 - accuracy: 0.74197
Training epoch 2 | loss: 0.05656 - accuracy: 0.98165
Validating epoch 2 | loss: 0.7311 - accuracy: 0.79472
Training epoch 3 | loss: 0.0331 - accuracy: 0.98945
Validating epoch 3 | loss: 0.84378 - accuracy: 0.7844
Model is Bert, dataset is sst, undersample is None, aug mode is context, geo is 0.3, pct_usage is None, small_label is 0, small_prop is 0.2, balance_seed is 4, lr is 2e-05, max_epochs is 4, split_num is 0
Training epoch 0 | loss: 0.40095 - accuracy: 0.80318
Validating epoch 0 | loss: 0.4538 - accuracy: 0.8211
Training epoch 1 | loss: 0.12945 - accuracy: 0.95607
Validating epoch 1 | loss: 0.65076 - accuracy: 0.81537
Training epoch 2 | loss: 0.05661 - accuracy: 0.9828
Validating epoch 2 | loss: 0.57073 - accuracy: 0.83142
Training epoch 3 | loss: 0.03359 - accuracy: 0.99075
Validating epoch 3 | loss: 0.66246 - accuracy: 0.83257
Model is Bert, dataset is sst, undersample is None, aug mode is context, geo is 0.5, pct_usage is None, small_label is 0, small_prop is 0.2, balance_seed is 4, lr is 2e-05, max_epochs is 4, split_num is 0
Training epoch 0 | loss: 0.37887 - accuracy: 0.82153
Validating epoch 0 | loss: 0.40647 - accuracy: 0.8406
Training epoch 1 | loss: 0.10651 - accuracy: 0.96662
Validating epoch 1 | loss: 0.46227 - accuracy: 0.84862
Training epoch 2 | loss: 0.05326 - accuracy: 0.98512
Validating epoch 2 | loss: 0.61083 - accuracy: 0.82913
Training epoch 3 | loss: 0.03636 - accuracy: 0.99046
Validating epoch 3 | loss: 0.6288 - accuracy: 0.83257
Model is Bert, dataset is sst, undersample is None, aug mode is context, geo is 0.7, pct_usage is None, small_label is 0, small_prop is 0.2, balance_seed is 4, lr is 2e-05, max_epochs is 4, split_num is 0
Training epoch 0 | loss: 0.3918 - accuracy: 0.80578
Validating epoch 0 | loss: 0.47058 - accuracy: 0.83372
Training epoch 1 | loss: 0.10016 - accuracy: 0.96922
Validating epoch 1 | loss: 0.69024 - accuracy: 0.81537
Training epoch 2 | loss: 0.0365 - accuracy: 0.99075
Validating epoch 2 | loss: 0.64236 - accuracy: 0.84174
Training epoch 3 | loss: 0.0196 - accuracy: 0.9961
Validating epoch 3 | loss: 0.73398 - accuracy: 0.83486
Model is Bert, dataset is sst, undersample is None, aug mode is context, geo is 0.9, pct_usage is None, small_label is 0, small_prop is 0.2, balance_seed is 4, lr is 2e-05, max_epochs is 4, split_num is 0
Training epoch 0 | loss: 0.38241 - accuracy: 0.80549
Validating epoch 0 | loss: 0.56623 - accuracy: 0.81307
Training epoch 1 | loss: 0.06647 - accuracy: 0.97876
Validating epoch 1 | loss: 0.79913 - accuracy: 0.82225
Training epoch 2 | loss: 0.02387 - accuracy: 0.99422
Validating epoch 2 | loss: 0.81165 - accuracy: 0.83257
Training epoch 3 | loss: 0.01315 - accuracy: 0.99798
Validating epoch 3 | loss: 0.98867 - accuracy: 0.81193
Model is Bert, dataset is sst, undersample is False, aug mode is None, geo is None, pct_usage is None, small_label is 0, small_prop is 0.2, balance_seed is 4, lr is 2e-05, max_epochs is 4, split_num is 0
Training epoch 0 | loss: 0.38837 - accuracy: 0.80405
Validating epoch 0 | loss: 0.48802 - accuracy: 0.82798
Training epoch 1 | loss: 0.07398 - accuracy: 0.97543
Validating epoch 1 | loss: 0.91101 - accuracy: 0.79472
Training epoch 2 | loss: 0.01948 - accuracy: 0.99538
Validating epoch 2 | loss: 1.09754 - accuracy: 0.78784
Training epoch 3 | loss: 0.00899 - accuracy: 0.99827
Validating epoch 3 | loss: 1.02481 - accuracy: 0.80734
Model is Bert, dataset is sst, undersample is True, aug mode is None, geo is None, pct_usage is None, small_label is 0, small_prop is 0.2, balance_seed is 4, lr is 2e-05, max_epochs is 4, split_num is 0
Training epoch 0 | loss: 0.31864 - accuracy: 0.84639
Validating epoch 0 | loss: 0.44228 - accuracy: 0.84518
Training epoch 1 | loss: 0.0189 - accuracy: 0.99624
Validating epoch 1 | loss: 0.67563 - accuracy: 0.85321
Training epoch 2 | loss: 0.00655 - accuracy: 0.99841
Validating epoch 2 | loss: 0.71691 - accuracy: 0.84633
Training epoch 3 | loss: 0.002 - accuracy: 1.0
Validating epoch 3 | loss: 0.73898 - accuracy: 0.85321
Model is Bert, dataset is sst, undersample is None, aug mode is context, geo is 0.1, pct_usage is None, small_label is 1, small_prop is 0.2, balance_seed is 4, lr is 2e-05, max_epochs is 4, split_num is 0
Training epoch 0 | loss: 0.38001 - accuracy: 0.80882
Validating epoch 0 | loss: 0.59656 - accuracy: 0.77752
Training epoch 1 | loss: 0.11905 - accuracy: 0.95751
Validating epoch 1 | loss: 0.5506 - accuracy: 0.82683
Training epoch 2 | loss: 0.05859 - accuracy: 0.98092
Validating epoch 2 | loss: 0.63553 - accuracy: 0.82454
Training epoch 3 | loss: 0.0307 - accuracy: 0.99234
Validating epoch 3 | loss: 0.63222 - accuracy: 0.84404
Model is Bert, dataset is sst, undersample is None, aug mode is context, geo is 0.3, pct_usage is None, small_label is 1, small_prop is 0.2, balance_seed is 4, lr is 2e-05, max_epochs is 4, split_num is 0
Training epoch 0 | loss: 0.43328 - accuracy: 0.78584
Validating epoch 0 | loss: 0.33923 - accuracy: 0.8555
Training epoch 1 | loss: 0.13373 - accuracy: 0.9539
Validating epoch 1 | loss: 0.42674 - accuracy: 0.86124
Training epoch 2 | loss: 0.06415 - accuracy: 0.98064
Validating epoch 2 | loss: 0.58357 - accuracy: 0.83716
Training epoch 3 | loss: 0.03872 - accuracy: 0.98858
Validating epoch 3 | loss: 0.49518 - accuracy: 0.86124
Model is Bert, dataset is sst, undersample is None, aug mode is context, geo is 0.5, pct_usage is None, small_label is 1, small_prop is 0.2, balance_seed is 4, lr is 2e-05, max_epochs is 4, split_num is 0
Training epoch 0 | loss: 0.40953 - accuracy: 0.80607
Validating epoch 0 | loss: 0.36311 - accuracy: 0.84404
Training epoch 1 | loss: 0.10632 - accuracy: 0.96662
Validating epoch 1 | loss: 0.4084 - accuracy: 0.87615
Training epoch 2 | loss: 0.04428 - accuracy: 0.98699
Validating epoch 2 | loss: 0.46327 - accuracy: 0.87271
Training epoch 3 | loss: 0.03148 - accuracy: 0.99263
Validating epoch 3 | loss: 0.51144 - accuracy: 0.86697
Model is Bert, dataset is sst, undersample is None, aug mode is context, geo is 0.7, pct_usage is None, small_label is 1, small_prop is 0.2, balance_seed is 4, lr is 2e-05, max_epochs is 4, split_num is 0
Training epoch 0 | loss: 0.39082 - accuracy: 0.81185
Validating epoch 0 | loss: 0.37923 - accuracy: 0.86583
Training epoch 1 | loss: 0.09506 - accuracy: 0.9698
Validating epoch 1 | loss: 0.43527 - accuracy: 0.875
Training epoch 2 | loss: 0.0356 - accuracy: 0.98931
Validating epoch 2 | loss: 0.54277 - accuracy: 0.86468
Training epoch 3 | loss: 0.01905 - accuracy: 0.99538
Validating epoch 3 | loss: 0.63847 - accuracy: 0.84862
Model is Bert, dataset is sst, undersample is None, aug mode is context, geo is 0.9, pct_usage is None, small_label is 1, small_prop is 0.2, balance_seed is 4, lr is 2e-05, max_epochs is 4, split_num is 0
Training epoch 0 | loss: 0.38629 - accuracy: 0.80419
Validating epoch 0 | loss: 0.40378 - accuracy: 0.85206
Training epoch 1 | loss: 0.05863 - accuracy: 0.98367
Validating epoch 1 | loss: 0.51205 - accuracy: 0.86583
Training epoch 2 | loss: 0.01794 - accuracy: 0.99552
Validating epoch 2 | loss: 0.65521 - accuracy: 0.85665
Training epoch 3 | loss: 0.0107 - accuracy: 0.9974
Validating epoch 3 | loss: 0.71172 - accuracy: 0.85092
Model is Bert, dataset is sst, undersample is False, aug mode is None, geo is None, pct_usage is None, small_label is 1, small_prop is 0.2, balance_seed is 4, lr is 2e-05, max_epochs is 4, split_num is 0
Training epoch 0 | loss: 0.39473 - accuracy: 0.80737
Validating epoch 0 | loss: 0.42581 - accuracy: 0.84633
Training epoch 1 | loss: 0.07905 - accuracy: 0.97616
Validating epoch 1 | loss: 0.47056 - accuracy: 0.86697
Training epoch 2 | loss: 0.0305 - accuracy: 0.99321
Validating epoch 2 | loss: 0.59218 - accuracy: 0.86239
Training epoch 3 | loss: 0.01386 - accuracy: 0.99697
Validating epoch 3 | loss: 0.63649 - accuracy: 0.85436
Model is Bert, dataset is sst, undersample is True, aug mode is None, geo is None, pct_usage is None, small_label is 1, small_prop is 0.2, balance_seed is 4, lr is 2e-05, max_epochs is 4, split_num is 0
Training epoch 0 | loss: 0.32966 - accuracy: 0.8461
Validating epoch 0 | loss: 0.62948 - accuracy: 0.8383
Training epoch 1 | loss: 0.02298 - accuracy: 0.99465
Validating epoch 1 | loss: 0.71063 - accuracy: 0.84862
Training epoch 2 | loss: 0.00276 - accuracy: 0.99971
Validating epoch 2 | loss: 0.72637 - accuracy: 0.8578
Training epoch 3 | loss: 0.00201 - accuracy: 0.99957
Validating epoch 3 | loss: 0.74467 - accuracy: 0.86009
Model is Bert, dataset is sst, undersample is None, aug mode is context, geo is 0.1, pct_usage is None, small_label is 0, small_prop is 0.4, balance_seed is 4, lr is 2e-05, max_epochs is 4, split_num is 0
Training epoch 0 | loss: 0.40156 - accuracy: 0.79884
Validating epoch 0 | loss: 0.509 - accuracy: 0.7867
Training epoch 1 | loss: 0.16797 - accuracy: 0.93829
Validating epoch 1 | loss: 0.50553 - accuracy: 0.81651
Training epoch 2 | loss: 0.08628 - accuracy: 0.97182
Validating epoch 2 | loss: 0.63358 - accuracy: 0.82225
Training epoch 3 | loss: 0.05401 - accuracy: 0.98266
Validating epoch 3 | loss: 0.65295 - accuracy: 0.82683
Model is Bert, dataset is sst, undersample is None, aug mode is context, geo is 0.3, pct_usage is None, small_label is 0, small_prop is 0.4, balance_seed is 4, lr is 2e-05, max_epochs is 4, split_num is 0
Training epoch 0 | loss: 0.47708 - accuracy: 0.74581
Validating epoch 0 | loss: 0.35911 - accuracy: 0.84977
Training epoch 1 | loss: 0.21947 - accuracy: 0.91908
Validating epoch 1 | loss: 0.40431 - accuracy: 0.8383
Training epoch 2 | loss: 0.11868 - accuracy: 0.96228
Validating epoch 2 | loss: 0.4537 - accuracy: 0.85092
Training epoch 3 | loss: 0.07963 - accuracy: 0.97702
Validating epoch 3 | loss: 0.47149 - accuracy: 0.85206
Model is Bert, dataset is sst, undersample is None, aug mode is context, geo is 0.5, pct_usage is None, small_label is 0, small_prop is 0.4, balance_seed is 4, lr is 2e-05, max_epochs is 4, split_num is 0
Training epoch 0 | loss: 0.47031 - accuracy: 0.74754
Validating epoch 0 | loss: 0.30697 - accuracy: 0.87615
Training epoch 1 | loss: 0.18363 - accuracy: 0.93642
Validating epoch 1 | loss: 0.48826 - accuracy: 0.8383
Training epoch 2 | loss: 0.08279 - accuracy: 0.97645
Validating epoch 2 | loss: 0.49122 - accuracy: 0.8555
Training epoch 3 | loss: 0.04898 - accuracy: 0.98801
Validating epoch 3 | loss: 0.48899 - accuracy: 0.86009
Model is Bert, dataset is sst, undersample is None, aug mode is context, geo is 0.7, pct_usage is None, small_label is 0, small_prop is 0.4, balance_seed is 4, lr is 2e-05, max_epochs is 4, split_num is 0
Training epoch 0 | loss: 0.42978 - accuracy: 0.7828
Validating epoch 0 | loss: 0.4172 - accuracy: 0.85092
Training epoch 1 | loss: 0.14678 - accuracy: 0.95
Validating epoch 1 | loss: 0.41458 - accuracy: 0.87729
Training epoch 2 | loss: 0.05237 - accuracy: 0.98425
Validating epoch 2 | loss: 0.50495 - accuracy: 0.86697
Training epoch 3 | loss: 0.02695 - accuracy: 0.99422
Validating epoch 3 | loss: 0.51781 - accuracy: 0.87959
Model is Bert, dataset is sst, undersample is None, aug mode is context, geo is 0.9, pct_usage is None, small_label is 0, small_prop is 0.4, balance_seed is 4, lr is 2e-05, max_epochs is 4, split_num is 0
Training epoch 0 | loss: 0.39716 - accuracy: 0.80332
Validating epoch 0 | loss: 0.31768 - accuracy: 0.86812
Training epoch 1 | loss: 0.12254 - accuracy: 0.95809
Validating epoch 1 | loss: 0.59642 - accuracy: 0.83028
Training epoch 2 | loss: 0.03949 - accuracy: 0.98714
Validating epoch 2 | loss: 0.63901 - accuracy: 0.85206
Training epoch 3 | loss: 0.01869 - accuracy: 0.99509
Validating epoch 3 | loss: 0.67212 - accuracy: 0.86124
Model is Bert, dataset is sst, undersample is False, aug mode is None, geo is None, pct_usage is None, small_label is 0, small_prop is 0.4, balance_seed is 4, lr is 2e-05, max_epochs is 4, split_num is 0
Training epoch 0 | loss: 0.41126 - accuracy: 0.80318
Validating epoch 0 | loss: 0.36927 - accuracy: 0.85206
Training epoch 1 | loss: 0.13085 - accuracy: 0.9552
Validating epoch 1 | loss: 0.67518 - accuracy: 0.83028
Training epoch 2 | loss: 0.05221 - accuracy: 0.98454
Validating epoch 2 | loss: 0.59346 - accuracy: 0.84977
Training epoch 3 | loss: 0.02006 - accuracy: 0.9961
Validating epoch 3 | loss: 0.68584 - accuracy: 0.84862
Model is Bert, dataset is sst, undersample is True, aug mode is None, geo is None, pct_usage is None, small_label is 0, small_prop is 0.4, balance_seed is 4, lr is 2e-05, max_epochs is 4, split_num is 0
Training epoch 0 | loss: 0.38789 - accuracy: 0.8078
Validating epoch 0 | loss: 0.34869 - accuracy: 0.86812
Training epoch 1 | loss: 0.06443 - accuracy: 0.98266
Validating epoch 1 | loss: 0.49799 - accuracy: 0.87615
Training epoch 2 | loss: 0.02218 - accuracy: 0.99436
Validating epoch 2 | loss: 0.64395 - accuracy: 0.85206
Training epoch 3 | loss: 0.00994 - accuracy: 0.99798
Validating epoch 3 | loss: 0.60846 - accuracy: 0.87271
Model is Bert, dataset is sst, undersample is None, aug mode is context, geo is 0.1, pct_usage is None, small_label is 1, small_prop is 0.4, balance_seed is 4, lr is 2e-05, max_epochs is 4, split_num is 0
Training epoch 0 | loss: 0.4311 - accuracy: 0.77962
Validating epoch 0 | loss: 0.36875 - accuracy: 0.8555
Training epoch 1 | loss: 0.16855 - accuracy: 0.93512
Validating epoch 1 | loss: 0.46905 - accuracy: 0.83486
Training epoch 2 | loss: 0.09339 - accuracy: 0.96922
Validating epoch 2 | loss: 0.44847 - accuracy: 0.87385
Training epoch 3 | loss: 0.05871 - accuracy: 0.98367
Validating epoch 3 | loss: 0.49227 - accuracy: 0.86353
Model is Bert, dataset is sst, undersample is None, aug mode is context, geo is 0.3, pct_usage is None, small_label is 1, small_prop is 0.4, balance_seed is 4, lr is 2e-05, max_epochs is 4, split_num is 0
Training epoch 0 | loss: 0.44404 - accuracy: 0.77081
Validating epoch 0 | loss: 0.32602 - accuracy: 0.87385
Training epoch 1 | loss: 0.1869 - accuracy: 0.93512
Validating epoch 1 | loss: 0.34626 - accuracy: 0.87615
Training epoch 2 | loss: 0.09082 - accuracy: 0.97269
Validating epoch 2 | loss: 0.40175 - accuracy: 0.87844
Training epoch 3 | loss: 0.05998 - accuracy: 0.98468
Validating epoch 3 | loss: 0.42588 - accuracy: 0.88188
Model is Bert, dataset is sst, undersample is None, aug mode is context, geo is 0.5, pct_usage is None, small_label is 1, small_prop is 0.4, balance_seed is 4, lr is 2e-05, max_epochs is 4, split_num is 0
Training epoch 0 | loss: 0.46081 - accuracy: 0.77052
Validating epoch 0 | loss: 0.31068 - accuracy: 0.88188
Training epoch 1 | loss: 0.16625 - accuracy: 0.94408
Validating epoch 1 | loss: 0.35086 - accuracy: 0.87385
Training epoch 2 | loss: 0.07446 - accuracy: 0.9776
Validating epoch 2 | loss: 0.39629 - accuracy: 0.88761
Training epoch 3 | loss: 0.05374 - accuracy: 0.98526
Validating epoch 3 | loss: 0.41257 - accuracy: 0.88876
Model is Bert, dataset is sst, undersample is None, aug mode is context, geo is 0.7, pct_usage is None, small_label is 1, small_prop is 0.4, balance_seed is 4, lr is 2e-05, max_epochs is 4, split_num is 0
Training epoch 0 | loss: 0.42603 - accuracy: 0.79451
Validating epoch 0 | loss: 0.31941 - accuracy: 0.875
Training epoch 1 | loss: 0.14639 - accuracy: 0.95188
Validating epoch 1 | loss: 0.3555 - accuracy: 0.88188
Training epoch 2 | loss: 0.06332 - accuracy: 0.98121
Validating epoch 2 | loss: 0.42866 - accuracy: 0.88073
Training epoch 3 | loss: 0.03473 - accuracy: 0.99104
Validating epoch 3 | loss: 0.45188 - accuracy: 0.88188
Model is Bert, dataset is sst, undersample is None, aug mode is context, geo is 0.9, pct_usage is None, small_label is 1, small_prop is 0.4, balance_seed is 4, lr is 2e-05, max_epochs is 4, split_num is 0
Training epoch 0 | loss: 0.41959 - accuracy: 0.78454
Validating epoch 0 | loss: 0.32544 - accuracy: 0.87156
Training epoch 1 | loss: 0.11771 - accuracy: 0.96098
Validating epoch 1 | loss: 0.38278 - accuracy: 0.88188
Training epoch 2 | loss: 0.04191 - accuracy: 0.98988
Validating epoch 2 | loss: 0.46116 - accuracy: 0.88647
Training epoch 3 | loss: 0.02276 - accuracy: 0.99552
Validating epoch 3 | loss: 0.49229 - accuracy: 0.88303
Model is Bert, dataset is sst, undersample is False, aug mode is None, geo is None, pct_usage is None, small_label is 1, small_prop is 0.4, balance_seed is 4, lr is 2e-05, max_epochs is 4, split_num is 0
Training epoch 0 | loss: 0.41943 - accuracy: 0.79827
Validating epoch 0 | loss: 0.32624 - accuracy: 0.86927
Training epoch 1 | loss: 0.1487 - accuracy: 0.94913
Validating epoch 1 | loss: 0.38044 - accuracy: 0.87385
Training epoch 2 | loss: 0.05522 - accuracy: 0.98584
Validating epoch 2 | loss: 0.46064 - accuracy: 0.88188
Training epoch 3 | loss: 0.03106 - accuracy: 0.99335
Validating epoch 3 | loss: 0.4572 - accuracy: 0.88417
Model is Bert, dataset is sst, undersample is True, aug mode is None, geo is None, pct_usage is None, small_label is 1, small_prop is 0.4, balance_seed is 4, lr is 2e-05, max_epochs is 4, split_num is 0
Training epoch 0 | loss: 0.40109 - accuracy: 0.80303
Validating epoch 0 | loss: 0.36439 - accuracy: 0.86927
Training epoch 1 | loss: 0.10647 - accuracy: 0.9685
Validating epoch 1 | loss: 0.39781 - accuracy: 0.88073
Training epoch 2 | loss: 0.0318 - accuracy: 0.9935
Validating epoch 2 | loss: 0.53441 - accuracy: 0.87729
Training epoch 3 | loss: 0.01785 - accuracy: 0.99682
Validating epoch 3 | loss: 0.55711 - accuracy: 0.875
Model is Bert, dataset is sst, undersample is None, aug mode is context, geo is 0.1, pct_usage is None, small_label is 0, small_prop is 0.6, balance_seed is 4, lr is 2e-05, max_epochs is 4, split_num is 0
Training epoch 0 | loss: 0.42118 - accuracy: 0.78208
Validating epoch 0 | loss: 0.61412 - accuracy: 0.72706
Training epoch 1 | loss: 0.18891 - accuracy: 0.92327
Validating epoch 1 | loss: 0.50992 - accuracy: 0.81537
Training epoch 2 | loss: 0.09782 - accuracy: 0.96503
Validating epoch 2 | loss: 0.60101 - accuracy: 0.82913
Training epoch 3 | loss: 0.06703 - accuracy: 0.97702
Validating epoch 3 | loss: 0.55226 - accuracy: 0.84748
Model is Bert, dataset is sst, undersample is None, aug mode is context, geo is 0.3, pct_usage is None, small_label is 0, small_prop is 0.6, balance_seed is 4, lr is 2e-05, max_epochs is 4, split_num is 0
Training epoch 0 | loss: 0.45484 - accuracy: 0.77789
Validating epoch 0 | loss: 0.34739 - accuracy: 0.85206
Training epoch 1 | loss: 0.22835 - accuracy: 0.91431
Validating epoch 1 | loss: 0.3481 - accuracy: 0.87959
Training epoch 2 | loss: 0.13666 - accuracy: 0.95434
Validating epoch 2 | loss: 0.48037 - accuracy: 0.84518
Training epoch 3 | loss: 0.08972 - accuracy: 0.97399
Validating epoch 3 | loss: 0.44268 - accuracy: 0.86124
Model is Bert, dataset is sst, undersample is None, aug mode is context, geo is 0.5, pct_usage is None, small_label is 0, small_prop is 0.6, balance_seed is 4, lr is 2e-05, max_epochs is 4, split_num is 0
Training epoch 0 | loss: 0.45252 - accuracy: 0.76532
Validating epoch 0 | loss: 0.35997 - accuracy: 0.8578
Training epoch 1 | loss: 0.19252 - accuracy: 0.92905
Validating epoch 1 | loss: 0.37037 - accuracy: 0.86468
Training epoch 2 | loss: 0.09161 - accuracy: 0.97139
Validating epoch 2 | loss: 0.45954 - accuracy: 0.86353
Training epoch 3 | loss: 0.05489 - accuracy: 0.98497
Validating epoch 3 | loss: 0.47334 - accuracy: 0.86697
Model is Bert, dataset is sst, undersample is None, aug mode is context, geo is 0.7, pct_usage is None, small_label is 0, small_prop is 0.6, balance_seed is 4, lr is 2e-05, max_epochs is 4, split_num is 0
Training epoch 0 | loss: 0.4495 - accuracy: 0.76127
Validating epoch 0 | loss: 0.28992 - accuracy: 0.88073
Training epoch 1 | loss: 0.17844 - accuracy: 0.9409
Validating epoch 1 | loss: 0.33786 - accuracy: 0.87041
Training epoch 2 | loss: 0.07801 - accuracy: 0.97746
Validating epoch 2 | loss: 0.42583 - accuracy: 0.875
Training epoch 3 | loss: 0.04345 - accuracy: 0.98858
Validating epoch 3 | loss: 0.47897 - accuracy: 0.87959
Model is Bert, dataset is sst, undersample is None, aug mode is context, geo is 0.9, pct_usage is None, small_label is 0, small_prop is 0.6, balance_seed is 4, lr is 2e-05, max_epochs is 4, split_num is 0
Training epoch 0 | loss: 0.41333 - accuracy: 0.79552
Validating epoch 0 | loss: 0.36006 - accuracy: 0.8555
Training epoch 1 | loss: 0.15404 - accuracy: 0.94552
Validating epoch 1 | loss: 0.36895 - accuracy: 0.87271
Training epoch 2 | loss: 0.0612 - accuracy: 0.97991
Validating epoch 2 | loss: 0.463 - accuracy: 0.87041
Training epoch 3 | loss: 0.02659 - accuracy: 0.99277
Validating epoch 3 | loss: 0.53881 - accuracy: 0.87385
Model is Bert, dataset is sst, undersample is False, aug mode is None, geo is None, pct_usage is None, small_label is 0, small_prop is 0.6, balance_seed is 4, lr is 2e-05, max_epochs is 4, split_num is 0
Training epoch 0 | loss: 0.46626 - accuracy: 0.76416
Validating epoch 0 | loss: 0.38843 - accuracy: 0.84633
Training epoch 1 | loss: 0.19509 - accuracy: 0.92818
Validating epoch 1 | loss: 0.394 - accuracy: 0.85894
Training epoch 2 | loss: 0.08823 - accuracy: 0.97254
Validating epoch 2 | loss: 0.40816 - accuracy: 0.87844
Training epoch 3 | loss: 0.04059 - accuracy: 0.99032
Validating epoch 3 | loss: 0.47548 - accuracy: 0.87271
Model is Bert, dataset is sst, undersample is True, aug mode is None, geo is None, pct_usage is None, small_label is 0, small_prop is 0.6, balance_seed is 4, lr is 2e-05, max_epochs is 4, split_num is 0
Training epoch 0 | loss: 0.40392 - accuracy: 0.80145
Validating epoch 0 | loss: 0.34438 - accuracy: 0.86124
Training epoch 1 | loss: 0.10933 - accuracy: 0.96445
Validating epoch 1 | loss: 0.40326 - accuracy: 0.88303
Training epoch 2 | loss: 0.02776 - accuracy: 0.9935
Validating epoch 2 | loss: 0.49916 - accuracy: 0.875
Training epoch 3 | loss: 0.01413 - accuracy: 0.9974
Validating epoch 3 | loss: 0.51904 - accuracy: 0.87385
Model is Bert, dataset is sst, undersample is None, aug mode is context, geo is 0.1, pct_usage is None, small_label is 1, small_prop is 0.6, balance_seed is 4, lr is 2e-05, max_epochs is 4, split_num is 0
Training epoch 0 | loss: 0.4151 - accuracy: 0.7935
Validating epoch 0 | loss: 0.36706 - accuracy: 0.84977
Training epoch 1 | loss: 0.18672 - accuracy: 0.9289
Validating epoch 1 | loss: 0.40183 - accuracy: 0.85894
Training epoch 2 | loss: 0.11282 - accuracy: 0.96199
Validating epoch 2 | loss: 0.47794 - accuracy: 0.85665
Training epoch 3 | loss: 0.05666 - accuracy: 0.98266
Validating epoch 3 | loss: 0.54845 - accuracy: 0.85665
Model is Bert, dataset is sst, undersample is None, aug mode is context, geo is 0.3, pct_usage is None, small_label is 1, small_prop is 0.6, balance_seed is 4, lr is 2e-05, max_epochs is 4, split_num is 0
Training epoch 0 | loss: 0.45825 - accuracy: 0.76879
Validating epoch 0 | loss: 0.31595 - accuracy: 0.87844
Training epoch 1 | loss: 0.21575 - accuracy: 0.9211
Validating epoch 1 | loss: 0.34484 - accuracy: 0.87729
Training epoch 2 | loss: 0.11215 - accuracy: 0.96199
Validating epoch 2 | loss: 0.39403 - accuracy: 0.88532
Training epoch 3 | loss: 0.07066 - accuracy: 0.9789
Validating epoch 3 | loss: 0.4228 - accuracy: 0.88647
Model is Bert, dataset is sst, undersample is None, aug mode is context, geo is 0.5, pct_usage is None, small_label is 1, small_prop is 0.6, balance_seed is 4, lr is 2e-05, max_epochs is 4, split_num is 0
Training epoch 0 | loss: 0.43489 - accuracy: 0.78598
Validating epoch 0 | loss: 0.33427 - accuracy: 0.86583
Training epoch 1 | loss: 0.19162 - accuracy: 0.93194
Validating epoch 1 | loss: 0.30604 - accuracy: 0.875
Training epoch 2 | loss: 0.09171 - accuracy: 0.975
Validating epoch 2 | loss: 0.38417 - accuracy: 0.88876
Training epoch 3 | loss: 0.05252 - accuracy: 0.98627
Validating epoch 3 | loss: 0.39481 - accuracy: 0.88532
Model is Bert, dataset is sst, undersample is None, aug mode is context, geo is 0.7, pct_usage is None, small_label is 1, small_prop is 0.6, balance_seed is 4, lr is 2e-05, max_epochs is 4, split_num is 0
Training epoch 0 | loss: 0.45778 - accuracy: 0.76908
Validating epoch 0 | loss: 0.31461 - accuracy: 0.87844
Training epoch 1 | loss: 0.18084 - accuracy: 0.93483
Validating epoch 1 | loss: 0.37527 - accuracy: 0.88073
Training epoch 2 | loss: 0.07066 - accuracy: 0.97832
Validating epoch 2 | loss: 0.40434 - accuracy: 0.88417
Training epoch 3 | loss: 0.0361 - accuracy: 0.98916
Validating epoch 3 | loss: 0.45839 - accuracy: 0.88303
Model is Bert, dataset is sst, undersample is None, aug mode is context, geo is 0.9, pct_usage is None, small_label is 1, small_prop is 0.6, balance_seed is 4, lr is 2e-05, max_epochs is 4, split_num is 0
Training epoch 0 | loss: 0.42249 - accuracy: 0.78858
Validating epoch 0 | loss: 0.31949 - accuracy: 0.86927
Training epoch 1 | loss: 0.15429 - accuracy: 0.94855
Validating epoch 1 | loss: 0.3488 - accuracy: 0.88876
Training epoch 2 | loss: 0.05655 - accuracy: 0.98309
Validating epoch 2 | loss: 0.44923 - accuracy: 0.87959
Training epoch 3 | loss: 0.03036 - accuracy: 0.99249
Validating epoch 3 | loss: 0.45985 - accuracy: 0.88417
Model is Bert, dataset is sst, undersample is False, aug mode is None, geo is None, pct_usage is None, small_label is 1, small_prop is 0.6, balance_seed is 4, lr is 2e-05, max_epochs is 4, split_num is 0
Training epoch 0 | loss: 0.4484 - accuracy: 0.77139
Validating epoch 0 | loss: 0.31415 - accuracy: 0.88647
Training epoch 1 | loss: 0.1858 - accuracy: 0.93367
Validating epoch 1 | loss: 0.34312 - accuracy: 0.88303
Training epoch 2 | loss: 0.08481 - accuracy: 0.9737
Validating epoch 2 | loss: 0.39743 - accuracy: 0.88188
Training epoch 3 | loss: 0.04429 - accuracy: 0.98743
Validating epoch 3 | loss: 0.44831 - accuracy: 0.88761
Model is Bert, dataset is sst, undersample is True, aug mode is None, geo is None, pct_usage is None, small_label is 1, small_prop is 0.6, balance_seed is 4, lr is 2e-05, max_epochs is 4, split_num is 0
Training epoch 0 | loss: 0.44578 - accuracy: 0.77688
Validating epoch 0 | loss: 0.3547 - accuracy: 0.8555
Training epoch 1 | loss: 0.16305 - accuracy: 0.94436
Validating epoch 1 | loss: 0.45434 - accuracy: 0.86124
Training epoch 2 | loss: 0.06665 - accuracy: 0.98251
Validating epoch 2 | loss: 0.4512 - accuracy: 0.87959
Training epoch 3 | loss: 0.03898 - accuracy: 0.99133
Validating epoch 3 | loss: 0.48514 - accuracy: 0.87729
Model is Bert, dataset is sst, undersample is None, aug mode is context, geo is 0.1, pct_usage is None, small_label is 0, small_prop is 0.8, balance_seed is 4, lr is 2e-05, max_epochs is 4, split_num is 0
Training epoch 0 | loss: 0.43272 - accuracy: 0.77543
Validating epoch 0 | loss: 0.41683 - accuracy: 0.82683
Training epoch 1 | loss: 0.19357 - accuracy: 0.92688
Validating epoch 1 | loss: 0.4345 - accuracy: 0.84748
Training epoch 2 | loss: 0.10944 - accuracy: 0.95939
Validating epoch 2 | loss: 0.50721 - accuracy: 0.83601
Training epoch 3 | loss: 0.07239 - accuracy: 0.97616
Validating epoch 3 | loss: 0.50119 - accuracy: 0.85321
Model is Bert, dataset is sst, undersample is None, aug mode is context, geo is 0.3, pct_usage is None, small_label is 0, small_prop is 0.8, balance_seed is 4, lr is 2e-05, max_epochs is 4, split_num is 0
Training epoch 0 | loss: 0.46534 - accuracy: 0.75838
Validating epoch 0 | loss: 0.31058 - accuracy: 0.87844
Training epoch 1 | loss: 0.22346 - accuracy: 0.91228
Validating epoch 1 | loss: 0.33041 - accuracy: 0.86468
Training epoch 2 | loss: 0.11933 - accuracy: 0.95751
Validating epoch 2 | loss: 0.37067 - accuracy: 0.86353
Training epoch 3 | loss: 0.07752 - accuracy: 0.97384
Validating epoch 3 | loss: 0.40667 - accuracy: 0.87959
Model is Bert, dataset is sst, undersample is None, aug mode is context, geo is 0.5, pct_usage is None, small_label is 0, small_prop is 0.8, balance_seed is 4, lr is 2e-05, max_epochs is 4, split_num is 0
Training epoch 0 | loss: 0.46565 - accuracy: 0.77023
Validating epoch 0 | loss: 0.33694 - accuracy: 0.86239
Training epoch 1 | loss: 0.23736 - accuracy: 0.9104
Validating epoch 1 | loss: 0.3097 - accuracy: 0.88188
Training epoch 2 | loss: 0.12949 - accuracy: 0.95882
Validating epoch 2 | loss: 0.35018 - accuracy: 0.88303
Training epoch 3 | loss: 0.07673 - accuracy: 0.97803
Validating epoch 3 | loss: 0.41172 - accuracy: 0.88303
Model is Bert, dataset is sst, undersample is None, aug mode is context, geo is 0.7, pct_usage is None, small_label is 0, small_prop is 0.8, balance_seed is 4, lr is 2e-05, max_epochs is 4, split_num is 0
Training epoch 0 | loss: 0.46708 - accuracy: 0.76575
Validating epoch 0 | loss: 0.36846 - accuracy: 0.86009
Training epoch 1 | loss: 0.22781 - accuracy: 0.91185
Validating epoch 1 | loss: 0.33022 - accuracy: 0.87729
Training epoch 2 | loss: 0.12552 - accuracy: 0.95795
Validating epoch 2 | loss: 0.37728 - accuracy: 0.86812
Training epoch 3 | loss: 0.06964 - accuracy: 0.97991
Validating epoch 3 | loss: 0.41889 - accuracy: 0.88073
Model is Bert, dataset is sst, undersample is None, aug mode is context, geo is 0.9, pct_usage is None, small_label is 0, small_prop is 0.8, balance_seed is 4, lr is 2e-05, max_epochs is 4, split_num is 0
Training epoch 0 | loss: 0.44914 - accuracy: 0.77442
Validating epoch 0 | loss: 0.30999 - accuracy: 0.87959
Training epoch 1 | loss: 0.19678 - accuracy: 0.92659
Validating epoch 1 | loss: 0.35153 - accuracy: 0.87385
Training epoch 2 | loss: 0.08848 - accuracy: 0.97211
Validating epoch 2 | loss: 0.40762 - accuracy: 0.88876
Training epoch 3 | loss: 0.04836 - accuracy: 0.98671
Validating epoch 3 | loss: 0.44517 - accuracy: 0.88647
Model is Bert, dataset is sst, undersample is False, aug mode is None, geo is None, pct_usage is None, small_label is 0, small_prop is 0.8, balance_seed is 4, lr is 2e-05, max_epochs is 4, split_num is 0
Training epoch 0 | loss: 0.46054 - accuracy: 0.77254
Validating epoch 0 | loss: 0.31945 - accuracy: 0.87385
Training epoch 1 | loss: 0.20973 - accuracy: 0.92413
Validating epoch 1 | loss: 0.31186 - accuracy: 0.87959
Training epoch 2 | loss: 0.08931 - accuracy: 0.97327
Validating epoch 2 | loss: 0.44568 - accuracy: 0.87041
Training epoch 3 | loss: 0.05013 - accuracy: 0.98685
Validating epoch 3 | loss: 0.43549 - accuracy: 0.88417
Model is Bert, dataset is sst, undersample is True, aug mode is None, geo is None, pct_usage is None, small_label is 0, small_prop is 0.8, balance_seed is 4, lr is 2e-05, max_epochs is 4, split_num is 0
Training epoch 0 | loss: 0.42622 - accuracy: 0.79408
Validating epoch 0 | loss: 0.36208 - accuracy: 0.86697
Training epoch 1 | loss: 0.17123 - accuracy: 0.93685
Validating epoch 1 | loss: 0.38655 - accuracy: 0.86468
Training epoch 2 | loss: 0.07017 - accuracy: 0.97832
Validating epoch 2 | loss: 0.42925 - accuracy: 0.87271
Training epoch 3 | loss: 0.03479 - accuracy: 0.99147
Validating epoch 3 | loss: 0.48761 - accuracy: 0.87156
Model is Bert, dataset is sst, undersample is None, aug mode is context, geo is 0.1, pct_usage is None, small_label is 1, small_prop is 0.8, balance_seed is 4, lr is 2e-05, max_epochs is 4, split_num is 0
Training epoch 0 | loss: 0.41846 - accuracy: 0.79653
Validating epoch 0 | loss: 0.35451 - accuracy: 0.85436
Training epoch 1 | loss: 0.18656 - accuracy: 0.92847
Validating epoch 1 | loss: 0.44524 - accuracy: 0.83601
Training epoch 2 | loss: 0.11535 - accuracy: 0.96026
Validating epoch 2 | loss: 0.50396 - accuracy: 0.83142
Training epoch 3 | loss: 0.07695 - accuracy: 0.97486
Validating epoch 3 | loss: 0.53678 - accuracy: 0.85092
Model is Bert, dataset is sst, undersample is None, aug mode is context, geo is 0.3, pct_usage is None, small_label is 1, small_prop is 0.8, balance_seed is 4, lr is 2e-05, max_epochs is 4, split_num is 0
Training epoch 0 | loss: 0.46486 - accuracy: 0.76994
Validating epoch 0 | loss: 0.32691 - accuracy: 0.8555
Training epoch 1 | loss: 0.22829 - accuracy: 0.91445
Validating epoch 1 | loss: 0.3518 - accuracy: 0.86697
Training epoch 2 | loss: 0.13576 - accuracy: 0.95231
Validating epoch 2 | loss: 0.34149 - accuracy: 0.89335
Training epoch 3 | loss: 0.08614 - accuracy: 0.97355
Validating epoch 3 | loss: 0.4117 - accuracy: 0.88417
Model is Bert, dataset is sst, undersample is None, aug mode is context, geo is 0.5, pct_usage is None, small_label is 1, small_prop is 0.8, balance_seed is 4, lr is 2e-05, max_epochs is 4, split_num is 0
Training epoch 0 | loss: 0.4563 - accuracy: 0.77471
Validating epoch 0 | loss: 0.30031 - accuracy: 0.87844
Training epoch 1 | loss: 0.20577 - accuracy: 0.92486
Validating epoch 1 | loss: 0.30661 - accuracy: 0.88532
Training epoch 2 | loss: 0.11052 - accuracy: 0.96445
Validating epoch 2 | loss: 0.3724 - accuracy: 0.88647
Training epoch 3 | loss: 0.06616 - accuracy: 0.98194
Validating epoch 3 | loss: 0.40152 - accuracy: 0.88761
Model is Bert, dataset is sst, undersample is None, aug mode is context, geo is 0.7, pct_usage is None, small_label is 1, small_prop is 0.8, balance_seed is 4, lr is 2e-05, max_epochs is 4, split_num is 0
Training epoch 0 | loss: 0.45418 - accuracy: 0.77601
Validating epoch 0 | loss: 0.3262 - accuracy: 0.88073
Training epoch 1 | loss: 0.21781 - accuracy: 0.92211
Validating epoch 1 | loss: 0.3215 - accuracy: 0.87615
Training epoch 2 | loss: 0.11811 - accuracy: 0.96012
Validating epoch 2 | loss: 0.33565 - accuracy: 0.88647
Training epoch 3 | loss: 0.06656 - accuracy: 0.98165
Validating epoch 3 | loss: 0.39787 - accuracy: 0.88876
Model is Bert, dataset is sst, undersample is None, aug mode is context, geo is 0.9, pct_usage is None, small_label is 1, small_prop is 0.8, balance_seed is 4, lr is 2e-05, max_epochs is 4, split_num is 0
Training epoch 0 | loss: 0.43533 - accuracy: 0.78526
Validating epoch 0 | loss: 0.32025 - accuracy: 0.88417
Training epoch 1 | loss: 0.195 - accuracy: 0.9302
Validating epoch 1 | loss: 0.32224 - accuracy: 0.88417
Training epoch 2 | loss: 0.08487 - accuracy: 0.97327
Validating epoch 2 | loss: 0.41296 - accuracy: 0.88417
Training epoch 3 | loss: 0.04015 - accuracy: 0.98829
Validating epoch 3 | loss: 0.43818 - accuracy: 0.88532
Model is Bert, dataset is sst, undersample is False, aug mode is None, geo is None, pct_usage is None, small_label is 1, small_prop is 0.8, balance_seed is 4, lr is 2e-05, max_epochs is 4, split_num is 0
Training epoch 0 | loss: 0.47084 - accuracy: 0.74899
Validating epoch 0 | loss: 0.3206 - accuracy: 0.86583
Training epoch 1 | loss: 0.21116 - accuracy: 0.92066
Validating epoch 1 | loss: 0.30077 - accuracy: 0.88188
Training epoch 2 | loss: 0.09768 - accuracy: 0.97168
Validating epoch 2 | loss: 0.39304 - accuracy: 0.88417
Training epoch 3 | loss: 0.05553 - accuracy: 0.98555
Validating epoch 3 | loss: 0.40151 - accuracy: 0.89335
Model is Bert, dataset is sst, undersample is True, aug mode is None, geo is None, pct_usage is None, small_label is 1, small_prop is 0.8, balance_seed is 4, lr is 2e-05, max_epochs is 4, split_num is 0
Training epoch 0 | loss: 0.45328 - accuracy: 0.77529
Validating epoch 0 | loss: 0.35055 - accuracy: 0.86697
Training epoch 1 | loss: 0.17553 - accuracy: 0.93468
Validating epoch 1 | loss: 0.32332 - accuracy: 0.88532
Training epoch 2 | loss: 0.07062 - accuracy: 0.97861
Validating epoch 2 | loss: 0.41196 - accuracy: 0.88761
Training epoch 3 | loss: 0.03693 - accuracy: 0.9909
Validating epoch 3 | loss: 0.43474 - accuracy: 0.88991
