Model is Bert, dataset is sst, undersample is None, aug mode is context, geo is 0.1, pct_usage is None, small_label is 0, small_prop is 0.2, balance_seed is 8, lr is 2e-05, max_epochs is 4, split_num is 0
Training epoch 0 | loss: 0.38669 - accuracy: 0.8172
Validating epoch 0 | loss: 0.49557 - accuracy: 0.80734
Training epoch 1 | loss: 0.13142 - accuracy: 0.95477
Validating epoch 1 | loss: 0.58694 - accuracy: 0.81766
Training epoch 2 | loss: 0.05664 - accuracy: 0.98266
Validating epoch 2 | loss: 0.72277 - accuracy: 0.79358
Training epoch 3 | loss: 0.04115 - accuracy: 0.98829
Validating epoch 3 | loss: 0.74455 - accuracy: 0.8039
Model is Bert, dataset is sst, undersample is None, aug mode is context, geo is 0.3, pct_usage is None, small_label is 0, small_prop is 0.2, balance_seed is 8, lr is 2e-05, max_epochs is 4, split_num is 0
Training epoch 0 | loss: 0.41077 - accuracy: 0.78454
Validating epoch 0 | loss: 0.48728 - accuracy: 0.83716
Training epoch 1 | loss: 0.12743 - accuracy: 0.95564
Validating epoch 1 | loss: 0.59389 - accuracy: 0.82569
Training epoch 2 | loss: 0.05401 - accuracy: 0.98295
Validating epoch 2 | loss: 0.64168 - accuracy: 0.83142
Training epoch 3 | loss: 0.04015 - accuracy: 0.98786
Validating epoch 3 | loss: 0.60313 - accuracy: 0.84633
Model is Bert, dataset is sst, undersample is None, aug mode is context, geo is 0.5, pct_usage is None, small_label is 0, small_prop is 0.2, balance_seed is 8, lr is 2e-05, max_epochs is 4, split_num is 0
Training epoch 0 | loss: 0.38605 - accuracy: 0.80434
Validating epoch 0 | loss: 0.46405 - accuracy: 0.84977
Training epoch 1 | loss: 0.10169 - accuracy: 0.96777
Validating epoch 1 | loss: 0.79749 - accuracy: 0.79587
Training epoch 2 | loss: 0.04523 - accuracy: 0.98685
Validating epoch 2 | loss: 0.59656 - accuracy: 0.84518
Training epoch 3 | loss: 0.0343 - accuracy: 0.99032
Validating epoch 3 | loss: 0.59452 - accuracy: 0.84633
Model is Bert, dataset is sst, undersample is None, aug mode is context, geo is 0.7, pct_usage is None, small_label is 0, small_prop is 0.2, balance_seed is 8, lr is 2e-05, max_epochs is 4, split_num is 0
Training epoch 0 | loss: 0.39188 - accuracy: 0.81127
Validating epoch 0 | loss: 0.59834 - accuracy: 0.80046
Training epoch 1 | loss: 0.0983 - accuracy: 0.96936
Validating epoch 1 | loss: 0.67411 - accuracy: 0.80505
Training epoch 2 | loss: 0.0393 - accuracy: 0.99075
Validating epoch 2 | loss: 0.86457 - accuracy: 0.79358
Training epoch 3 | loss: 0.0266 - accuracy: 0.99408
Validating epoch 3 | loss: 0.73653 - accuracy: 0.81422
Model is Bert, dataset is sst, undersample is None, aug mode is context, geo is 0.9, pct_usage is None, small_label is 0, small_prop is 0.2, balance_seed is 8, lr is 2e-05, max_epochs is 4, split_num is 0
Training epoch 0 | loss: 0.37721 - accuracy: 0.82225
Validating epoch 0 | loss: 0.51382 - accuracy: 0.83142
Training epoch 1 | loss: 0.08369 - accuracy: 0.97529
Validating epoch 1 | loss: 0.6035 - accuracy: 0.84289
Training epoch 2 | loss: 0.03541 - accuracy: 0.99075
Validating epoch 2 | loss: 0.74835 - accuracy: 0.82683
Training epoch 3 | loss: 0.01968 - accuracy: 0.99538
Validating epoch 3 | loss: 0.82901 - accuracy: 0.81881
Model is Bert, dataset is sst, undersample is False, aug mode is None, geo is None, pct_usage is None, small_label is 0, small_prop is 0.2, balance_seed is 8, lr is 2e-05, max_epochs is 4, split_num is 0
Training epoch 0 | loss: 0.40467 - accuracy: 0.79465
Validating epoch 0 | loss: 0.48622 - accuracy: 0.82683
Training epoch 1 | loss: 0.0924 - accuracy: 0.97023
Validating epoch 1 | loss: 0.70893 - accuracy: 0.80275
Training epoch 2 | loss: 0.02111 - accuracy: 0.99465
Validating epoch 2 | loss: 0.83858 - accuracy: 0.80505
Training epoch 3 | loss: 0.01197 - accuracy: 0.99754
Validating epoch 3 | loss: 0.92762 - accuracy: 0.79587
Model is Bert, dataset is sst, undersample is True, aug mode is None, geo is None, pct_usage is None, small_label is 0, small_prop is 0.2, balance_seed is 8, lr is 2e-05, max_epochs is 4, split_num is 0
Training epoch 0 | loss: 0.33066 - accuracy: 0.83728
Validating epoch 0 | loss: 0.49076 - accuracy: 0.8406
Training epoch 1 | loss: 0.03016 - accuracy: 0.99379
Validating epoch 1 | loss: 0.56033 - accuracy: 0.87156
Training epoch 2 | loss: 0.00662 - accuracy: 0.9987
Validating epoch 2 | loss: 0.66776 - accuracy: 0.87615
Training epoch 3 | loss: 0.00304 - accuracy: 0.99971
Validating epoch 3 | loss: 0.68797 - accuracy: 0.87385
Model is Bert, dataset is sst, undersample is None, aug mode is context, geo is 0.1, pct_usage is None, small_label is 1, small_prop is 0.2, balance_seed is 8, lr is 2e-05, max_epochs is 4, split_num is 0
Training epoch 0 | loss: 0.39126 - accuracy: 0.80636
Validating epoch 0 | loss: 0.43467 - accuracy: 0.81995
Training epoch 1 | loss: 0.13516 - accuracy: 0.95231
Validating epoch 1 | loss: 0.42497 - accuracy: 0.8406
Training epoch 2 | loss: 0.06346 - accuracy: 0.98049
Validating epoch 2 | loss: 0.61586 - accuracy: 0.81537
Training epoch 3 | loss: 0.03419 - accuracy: 0.98945
Validating epoch 3 | loss: 0.69307 - accuracy: 0.81651
Model is Bert, dataset is sst, undersample is None, aug mode is context, geo is 0.3, pct_usage is None, small_label is 1, small_prop is 0.2, balance_seed is 8, lr is 2e-05, max_epochs is 4, split_num is 0
Training epoch 0 | loss: 0.40633 - accuracy: 0.8065
Validating epoch 0 | loss: 0.48817 - accuracy: 0.81422
Training epoch 1 | loss: 0.1319 - accuracy: 0.95564
Validating epoch 1 | loss: 0.35928 - accuracy: 0.86697
Training epoch 2 | loss: 0.06332 - accuracy: 0.98107
Validating epoch 2 | loss: 0.46802 - accuracy: 0.87385
Training epoch 3 | loss: 0.04479 - accuracy: 0.98613
Validating epoch 3 | loss: 0.49064 - accuracy: 0.86812
Model is Bert, dataset is sst, undersample is None, aug mode is context, geo is 0.5, pct_usage is None, small_label is 1, small_prop is 0.2, balance_seed is 8, lr is 2e-05, max_epochs is 4, split_num is 0
Training epoch 0 | loss: 0.42078 - accuracy: 0.7802
Validating epoch 0 | loss: 0.41522 - accuracy: 0.84977
Training epoch 1 | loss: 0.10795 - accuracy: 0.96633
Validating epoch 1 | loss: 0.40202 - accuracy: 0.86583
Training epoch 2 | loss: 0.04322 - accuracy: 0.98801
Validating epoch 2 | loss: 0.54241 - accuracy: 0.85665
Training epoch 3 | loss: 0.03515 - accuracy: 0.99104
Validating epoch 3 | loss: 0.5015 - accuracy: 0.86697
Model is Bert, dataset is sst, undersample is None, aug mode is context, geo is 0.7, pct_usage is None, small_label is 1, small_prop is 0.2, balance_seed is 8, lr is 2e-05, max_epochs is 4, split_num is 0
Training epoch 0 | loss: 0.40992 - accuracy: 0.7948
Validating epoch 0 | loss: 0.42389 - accuracy: 0.84289
Training epoch 1 | loss: 0.08489 - accuracy: 0.97471
Validating epoch 1 | loss: 0.6013 - accuracy: 0.8578
Training epoch 2 | loss: 0.0251 - accuracy: 0.99321
Validating epoch 2 | loss: 0.52132 - accuracy: 0.87959
Training epoch 3 | loss: 0.01305 - accuracy: 0.99725
Validating epoch 3 | loss: 0.6252 - accuracy: 0.87385
Model is Bert, dataset is sst, undersample is None, aug mode is context, geo is 0.9, pct_usage is None, small_label is 1, small_prop is 0.2, balance_seed is 8, lr is 2e-05, max_epochs is 4, split_num is 0
Training epoch 0 | loss: 0.39575 - accuracy: 0.80087
Validating epoch 0 | loss: 0.43357 - accuracy: 0.85436
Training epoch 1 | loss: 0.06557 - accuracy: 0.98006
Validating epoch 1 | loss: 0.61943 - accuracy: 0.84633
Training epoch 2 | loss: 0.01977 - accuracy: 0.99552
Validating epoch 2 | loss: 0.63369 - accuracy: 0.8555
Training epoch 3 | loss: 0.01001 - accuracy: 0.99754
Validating epoch 3 | loss: 0.63955 - accuracy: 0.86124
Model is Bert, dataset is sst, undersample is False, aug mode is None, geo is None, pct_usage is None, small_label is 1, small_prop is 0.2, balance_seed is 8, lr is 2e-05, max_epochs is 4, split_num is 0
Training epoch 0 | loss: 0.38604 - accuracy: 0.80723
Validating epoch 0 | loss: 0.43182 - accuracy: 0.83945
Training epoch 1 | loss: 0.07021 - accuracy: 0.97803
Validating epoch 1 | loss: 0.50782 - accuracy: 0.86468
Training epoch 2 | loss: 0.02623 - accuracy: 0.99335
Validating epoch 2 | loss: 0.60497 - accuracy: 0.85092
Training epoch 3 | loss: 0.00859 - accuracy: 0.9987
Validating epoch 3 | loss: 0.62238 - accuracy: 0.8555
Model is Bert, dataset is sst, undersample is True, aug mode is None, geo is None, pct_usage is None, small_label is 1, small_prop is 0.2, balance_seed is 8, lr is 2e-05, max_epochs is 4, split_num is 0
Training epoch 0 | loss: 0.34337 - accuracy: 0.83772
Validating epoch 0 | loss: 0.50892 - accuracy: 0.86009
Training epoch 1 | loss: 0.0275 - accuracy: 0.99321
Validating epoch 1 | loss: 0.62598 - accuracy: 0.86009
Training epoch 2 | loss: 0.00549 - accuracy: 0.99913
Validating epoch 2 | loss: 0.72907 - accuracy: 0.85894
Training epoch 3 | loss: 0.00279 - accuracy: 0.99957
Validating epoch 3 | loss: 0.72675 - accuracy: 0.86239
Model is Bert, dataset is sst, undersample is None, aug mode is context, geo is 0.1, pct_usage is None, small_label is 0, small_prop is 0.4, balance_seed is 8, lr is 2e-05, max_epochs is 4, split_num is 0
Training epoch 0 | loss: 0.40348 - accuracy: 0.80058
Validating epoch 0 | loss: 0.41942 - accuracy: 0.84174
Training epoch 1 | loss: 0.17098 - accuracy: 0.9341
Validating epoch 1 | loss: 0.58398 - accuracy: 0.78899
Training epoch 2 | loss: 0.09011 - accuracy: 0.96763
Validating epoch 2 | loss: 0.61624 - accuracy: 0.81422
Training epoch 3 | loss: 0.05343 - accuracy: 0.98324
Validating epoch 3 | loss: 0.57839 - accuracy: 0.8406
Model is Bert, dataset is sst, undersample is None, aug mode is context, geo is 0.3, pct_usage is None, small_label is 0, small_prop is 0.4, balance_seed is 8, lr is 2e-05, max_epochs is 4, split_num is 0
Training epoch 0 | loss: 0.43424 - accuracy: 0.78396
Validating epoch 0 | loss: 0.34809 - accuracy: 0.84633
Training epoch 1 | loss: 0.17348 - accuracy: 0.93801
Validating epoch 1 | loss: 0.54076 - accuracy: 0.83257
Training epoch 2 | loss: 0.08696 - accuracy: 0.97225
Validating epoch 2 | loss: 0.48988 - accuracy: 0.86009
Training epoch 3 | loss: 0.06457 - accuracy: 0.98035
Validating epoch 3 | loss: 0.50084 - accuracy: 0.85665
Model is Bert, dataset is sst, undersample is None, aug mode is context, geo is 0.5, pct_usage is None, small_label is 0, small_prop is 0.4, balance_seed is 8, lr is 2e-05, max_epochs is 4, split_num is 0
Training epoch 0 | loss: 0.44617 - accuracy: 0.77457
Validating epoch 0 | loss: 0.34226 - accuracy: 0.86583
Training epoch 1 | loss: 0.17142 - accuracy: 0.94104
Validating epoch 1 | loss: 0.35036 - accuracy: 0.86583
Training epoch 2 | loss: 0.07941 - accuracy: 0.97514
Validating epoch 2 | loss: 0.47289 - accuracy: 0.85206
Training epoch 3 | loss: 0.04685 - accuracy: 0.98656
Validating epoch 3 | loss: 0.52319 - accuracy: 0.84748
Model is Bert, dataset is sst, undersample is None, aug mode is context, geo is 0.7, pct_usage is None, small_label is 0, small_prop is 0.4, balance_seed is 8, lr is 2e-05, max_epochs is 4, split_num is 0
Training epoch 0 | loss: 0.43903 - accuracy: 0.78569
Validating epoch 0 | loss: 0.34832 - accuracy: 0.85092
Training epoch 1 | loss: 0.15567 - accuracy: 0.94552
Validating epoch 1 | loss: 0.46563 - accuracy: 0.85206
Training epoch 2 | loss: 0.07142 - accuracy: 0.97789
Validating epoch 2 | loss: 0.45629 - accuracy: 0.87615
Training epoch 3 | loss: 0.03855 - accuracy: 0.99061
Validating epoch 3 | loss: 0.51779 - accuracy: 0.86812
Model is Bert, dataset is sst, undersample is None, aug mode is context, geo is 0.9, pct_usage is None, small_label is 0, small_prop is 0.4, balance_seed is 8, lr is 2e-05, max_epochs is 4, split_num is 0
Training epoch 0 | loss: 0.44598 - accuracy: 0.76922
Validating epoch 0 | loss: 0.33199 - accuracy: 0.87156
Training epoch 1 | loss: 0.15284 - accuracy: 0.94827
Validating epoch 1 | loss: 0.51444 - accuracy: 0.83028
Training epoch 2 | loss: 0.05413 - accuracy: 0.98598
Validating epoch 2 | loss: 0.57707 - accuracy: 0.84404
Training epoch 3 | loss: 0.02687 - accuracy: 0.99335
Validating epoch 3 | loss: 0.53826 - accuracy: 0.86124
Model is Bert, dataset is sst, undersample is False, aug mode is None, geo is None, pct_usage is None, small_label is 0, small_prop is 0.4, balance_seed is 8, lr is 2e-05, max_epochs is 4, split_num is 0
Training epoch 0 | loss: 0.41817 - accuracy: 0.79364
Validating epoch 0 | loss: 0.34597 - accuracy: 0.86239
Training epoch 1 | loss: 0.13823 - accuracy: 0.9526
Validating epoch 1 | loss: 0.45147 - accuracy: 0.86353
Training epoch 2 | loss: 0.05225 - accuracy: 0.98382
Validating epoch 2 | loss: 0.60367 - accuracy: 0.84748
Training epoch 3 | loss: 0.02469 - accuracy: 0.99436
Validating epoch 3 | loss: 0.58898 - accuracy: 0.86009
Model is Bert, dataset is sst, undersample is True, aug mode is None, geo is None, pct_usage is None, small_label is 0, small_prop is 0.4, balance_seed is 8, lr is 2e-05, max_epochs is 4, split_num is 0
Training epoch 0 | loss: 0.38742 - accuracy: 0.80246
Validating epoch 0 | loss: 0.35673 - accuracy: 0.86583
Training epoch 1 | loss: 0.05931 - accuracy: 0.98396
Validating epoch 1 | loss: 0.57392 - accuracy: 0.86353
Training epoch 2 | loss: 0.01967 - accuracy: 0.99566
Validating epoch 2 | loss: 0.57059 - accuracy: 0.875
Training epoch 3 | loss: 0.00735 - accuracy: 0.99899
Validating epoch 3 | loss: 0.61366 - accuracy: 0.87156
Model is Bert, dataset is sst, undersample is None, aug mode is context, geo is 0.1, pct_usage is None, small_label is 1, small_prop is 0.4, balance_seed is 8, lr is 2e-05, max_epochs is 4, split_num is 0
Training epoch 0 | loss: 0.4153 - accuracy: 0.79277
Validating epoch 0 | loss: 0.40932 - accuracy: 0.84174
Training epoch 1 | loss: 0.15881 - accuracy: 0.93858
Validating epoch 1 | loss: 0.46903 - accuracy: 0.84977
Training epoch 2 | loss: 0.07968 - accuracy: 0.97428
Validating epoch 2 | loss: 0.52656 - accuracy: 0.85206
Training epoch 3 | loss: 0.05177 - accuracy: 0.98555
Validating epoch 3 | loss: 0.57297 - accuracy: 0.86239
Model is Bert, dataset is sst, undersample is None, aug mode is context, geo is 0.3, pct_usage is None, small_label is 1, small_prop is 0.4, balance_seed is 8, lr is 2e-05, max_epochs is 4, split_num is 0
Training epoch 0 | loss: 0.44981 - accuracy: 0.77211
Validating epoch 0 | loss: 0.31804 - accuracy: 0.86697
Training epoch 1 | loss: 0.18438 - accuracy: 0.93569
Validating epoch 1 | loss: 0.35811 - accuracy: 0.86468
Training epoch 2 | loss: 0.08695 - accuracy: 0.97399
Validating epoch 2 | loss: 0.38628 - accuracy: 0.87959
Training epoch 3 | loss: 0.05214 - accuracy: 0.98483
Validating epoch 3 | loss: 0.41596 - accuracy: 0.88417
Model is Bert, dataset is sst, undersample is None, aug mode is context, geo is 0.5, pct_usage is None, small_label is 1, small_prop is 0.4, balance_seed is 8, lr is 2e-05, max_epochs is 4, split_num is 0
Training epoch 0 | loss: 0.44397 - accuracy: 0.77139
Validating epoch 0 | loss: 0.32216 - accuracy: 0.87041
Training epoch 1 | loss: 0.14258 - accuracy: 0.9526
Validating epoch 1 | loss: 0.3677 - accuracy: 0.88761
Training epoch 2 | loss: 0.06069 - accuracy: 0.98223
Validating epoch 2 | loss: 0.41519 - accuracy: 0.8945
Training epoch 3 | loss: 0.0365 - accuracy: 0.99061
Validating epoch 3 | loss: 0.44839 - accuracy: 0.88532
Model is Bert, dataset is sst, undersample is None, aug mode is context, geo is 0.7, pct_usage is None, small_label is 1, small_prop is 0.4, balance_seed is 8, lr is 2e-05, max_epochs is 4, split_num is 0
Training epoch 0 | loss: 0.45621 - accuracy: 0.76445
Validating epoch 0 | loss: 0.32881 - accuracy: 0.87156
Training epoch 1 | loss: 0.16049 - accuracy: 0.94162
Validating epoch 1 | loss: 0.35165 - accuracy: 0.87959
Training epoch 2 | loss: 0.06858 - accuracy: 0.98006
Validating epoch 2 | loss: 0.41033 - accuracy: 0.8922
Training epoch 3 | loss: 0.04172 - accuracy: 0.99003
Validating epoch 3 | loss: 0.42798 - accuracy: 0.88647
Model is Bert, dataset is sst, undersample is None, aug mode is context, geo is 0.9, pct_usage is None, small_label is 1, small_prop is 0.4, balance_seed is 8, lr is 2e-05, max_epochs is 4, split_num is 0
Training epoch 0 | loss: 0.40323 - accuracy: 0.79451
Validating epoch 0 | loss: 0.33943 - accuracy: 0.87156
Training epoch 1 | loss: 0.12822 - accuracy: 0.95506
Validating epoch 1 | loss: 0.40932 - accuracy: 0.88417
Training epoch 2 | loss: 0.03704 - accuracy: 0.99017
Validating epoch 2 | loss: 0.50149 - accuracy: 0.87959
Training epoch 3 | loss: 0.01741 - accuracy: 0.99639
Validating epoch 3 | loss: 0.52238 - accuracy: 0.88073
Model is Bert, dataset is sst, undersample is False, aug mode is None, geo is None, pct_usage is None, small_label is 1, small_prop is 0.4, balance_seed is 8, lr is 2e-05, max_epochs is 4, split_num is 0
Training epoch 0 | loss: 0.42265 - accuracy: 0.78439
Validating epoch 0 | loss: 0.29219 - accuracy: 0.89106
Training epoch 1 | loss: 0.11956 - accuracy: 0.95867
Validating epoch 1 | loss: 0.38725 - accuracy: 0.88303
Training epoch 2 | loss: 0.02991 - accuracy: 0.9922
Validating epoch 2 | loss: 0.54306 - accuracy: 0.87959
Training epoch 3 | loss: 0.01635 - accuracy: 0.99581
Validating epoch 3 | loss: 0.51792 - accuracy: 0.88761
Model is Bert, dataset is sst, undersample is True, aug mode is None, geo is None, pct_usage is None, small_label is 1, small_prop is 0.4, balance_seed is 8, lr is 2e-05, max_epochs is 4, split_num is 0
Training epoch 0 | loss: 0.41761 - accuracy: 0.78873
Validating epoch 0 | loss: 0.37243 - accuracy: 0.86353
Training epoch 1 | loss: 0.08683 - accuracy: 0.97558
Validating epoch 1 | loss: 0.45473 - accuracy: 0.87271
Training epoch 2 | loss: 0.02509 - accuracy: 0.99422
Validating epoch 2 | loss: 0.55147 - accuracy: 0.86812
Training epoch 3 | loss: 0.0115 - accuracy: 0.99769
Validating epoch 3 | loss: 0.54913 - accuracy: 0.87615
Model is Bert, dataset is sst, undersample is None, aug mode is context, geo is 0.1, pct_usage is None, small_label is 0, small_prop is 0.6, balance_seed is 8, lr is 2e-05, max_epochs is 4, split_num is 0
Training epoch 0 | loss: 0.41321 - accuracy: 0.79292
Validating epoch 0 | loss: 0.41569 - accuracy: 0.84174
Training epoch 1 | loss: 0.18136 - accuracy: 0.93179
Validating epoch 1 | loss: 0.4764 - accuracy: 0.83372
Training epoch 2 | loss: 0.10764 - accuracy: 0.96171
Validating epoch 2 | loss: 0.44708 - accuracy: 0.85665
Training epoch 3 | loss: 0.07319 - accuracy: 0.97645
Validating epoch 3 | loss: 0.53394 - accuracy: 0.84174
Model is Bert, dataset is sst, undersample is None, aug mode is context, geo is 0.3, pct_usage is None, small_label is 0, small_prop is 0.6, balance_seed is 8, lr is 2e-05, max_epochs is 4, split_num is 0
Training epoch 0 | loss: 0.43851 - accuracy: 0.7854
Validating epoch 0 | loss: 0.31035 - accuracy: 0.86812
Training epoch 1 | loss: 0.20799 - accuracy: 0.92023
Validating epoch 1 | loss: 0.37039 - accuracy: 0.84977
Training epoch 2 | loss: 0.11882 - accuracy: 0.96228
Validating epoch 2 | loss: 0.3693 - accuracy: 0.86927
Training epoch 3 | loss: 0.07476 - accuracy: 0.97789
Validating epoch 3 | loss: 0.42276 - accuracy: 0.86583
Model is Bert, dataset is sst, undersample is None, aug mode is context, geo is 0.5, pct_usage is None, small_label is 0, small_prop is 0.6, balance_seed is 8, lr is 2e-05, max_epochs is 4, split_num is 0
Training epoch 0 | loss: 0.46804 - accuracy: 0.75708
Validating epoch 0 | loss: 0.32764 - accuracy: 0.86812
Training epoch 1 | loss: 0.21756 - accuracy: 0.91994
Validating epoch 1 | loss: 0.39905 - accuracy: 0.86353
Training epoch 2 | loss: 0.11772 - accuracy: 0.96199
Validating epoch 2 | loss: 0.39252 - accuracy: 0.86583
Training epoch 3 | loss: 0.07515 - accuracy: 0.97645
Validating epoch 3 | loss: 0.4261 - accuracy: 0.87615
Model is Bert, dataset is sst, undersample is None, aug mode is context, geo is 0.7, pct_usage is None, small_label is 0, small_prop is 0.6, balance_seed is 8, lr is 2e-05, max_epochs is 4, split_num is 0
Training epoch 0 | loss: 0.41513 - accuracy: 0.80289
Validating epoch 0 | loss: 0.32024 - accuracy: 0.87041
Training epoch 1 | loss: 0.18385 - accuracy: 0.93208
Validating epoch 1 | loss: 0.37841 - accuracy: 0.8578
Training epoch 2 | loss: 0.07446 - accuracy: 0.9776
Validating epoch 2 | loss: 0.45768 - accuracy: 0.86812
Training epoch 3 | loss: 0.04215 - accuracy: 0.98902
Validating epoch 3 | loss: 0.48573 - accuracy: 0.87271
Model is Bert, dataset is sst, undersample is None, aug mode is context, geo is 0.9, pct_usage is None, small_label is 0, small_prop is 0.6, balance_seed is 8, lr is 2e-05, max_epochs is 4, split_num is 0
Training epoch 0 | loss: 0.43494 - accuracy: 0.78685
Validating epoch 0 | loss: 0.30454 - accuracy: 0.87385
Training epoch 1 | loss: 0.18744 - accuracy: 0.93382
Validating epoch 1 | loss: 0.38343 - accuracy: 0.86239
Training epoch 2 | loss: 0.08446 - accuracy: 0.97457
Validating epoch 2 | loss: 0.4012 - accuracy: 0.87959
Training epoch 3 | loss: 0.05014 - accuracy: 0.98642
Validating epoch 3 | loss: 0.47037 - accuracy: 0.87041
Model is Bert, dataset is sst, undersample is False, aug mode is None, geo is None, pct_usage is None, small_label is 0, small_prop is 0.6, balance_seed is 8, lr is 2e-05, max_epochs is 4, split_num is 0
Training epoch 0 | loss: 0.43576 - accuracy: 0.78439
Validating epoch 0 | loss: 0.35554 - accuracy: 0.85206
Training epoch 1 | loss: 0.163 - accuracy: 0.94061
Validating epoch 1 | loss: 0.36328 - accuracy: 0.87959
Training epoch 2 | loss: 0.06615 - accuracy: 0.97991
Validating epoch 2 | loss: 0.4581 - accuracy: 0.875
Training epoch 3 | loss: 0.03069 - accuracy: 0.99249
Validating epoch 3 | loss: 0.49734 - accuracy: 0.87271
Model is Bert, dataset is sst, undersample is True, aug mode is None, geo is None, pct_usage is None, small_label is 0, small_prop is 0.6, balance_seed is 8, lr is 2e-05, max_epochs is 4, split_num is 0
Training epoch 0 | loss: 0.42874 - accuracy: 0.78497
Validating epoch 0 | loss: 0.38965 - accuracy: 0.84518
Training epoch 1 | loss: 0.12853 - accuracy: 0.95708
Validating epoch 1 | loss: 0.48966 - accuracy: 0.8578
Training epoch 2 | loss: 0.04363 - accuracy: 0.98786
Validating epoch 2 | loss: 0.49414 - accuracy: 0.87729
Training epoch 3 | loss: 0.01765 - accuracy: 0.99552
Validating epoch 3 | loss: 0.52485 - accuracy: 0.87729
Model is Bert, dataset is sst, undersample is None, aug mode is context, geo is 0.1, pct_usage is None, small_label is 1, small_prop is 0.6, balance_seed is 8, lr is 2e-05, max_epochs is 4, split_num is 0
Training epoch 0 | loss: 0.4379 - accuracy: 0.78786
Validating epoch 0 | loss: 0.36994 - accuracy: 0.84633
Training epoch 1 | loss: 0.20415 - accuracy: 0.92283
Validating epoch 1 | loss: 0.35288 - accuracy: 0.86353
Training epoch 2 | loss: 0.11719 - accuracy: 0.96156
Validating epoch 2 | loss: 0.45365 - accuracy: 0.86009
Training epoch 3 | loss: 0.07804 - accuracy: 0.97543
Validating epoch 3 | loss: 0.47705 - accuracy: 0.86239
Model is Bert, dataset is sst, undersample is None, aug mode is context, geo is 0.3, pct_usage is None, small_label is 1, small_prop is 0.6, balance_seed is 8, lr is 2e-05, max_epochs is 4, split_num is 0
Training epoch 0 | loss: 0.45657 - accuracy: 0.76821
Validating epoch 0 | loss: 0.38465 - accuracy: 0.84977
Training epoch 1 | loss: 0.22339 - accuracy: 0.91879
Validating epoch 1 | loss: 0.34025 - accuracy: 0.88303
Training epoch 2 | loss: 0.12801 - accuracy: 0.95882
Validating epoch 2 | loss: 0.37813 - accuracy: 0.88073
Training epoch 3 | loss: 0.08493 - accuracy: 0.97471
Validating epoch 3 | loss: 0.40748 - accuracy: 0.88532
Model is Bert, dataset is sst, undersample is None, aug mode is context, geo is 0.5, pct_usage is None, small_label is 1, small_prop is 0.6, balance_seed is 8, lr is 2e-05, max_epochs is 4, split_num is 0
Training epoch 0 | loss: 0.45539 - accuracy: 0.77413
Validating epoch 0 | loss: 0.31061 - accuracy: 0.87959
Training epoch 1 | loss: 0.19869 - accuracy: 0.92616
Validating epoch 1 | loss: 0.33662 - accuracy: 0.88647
Training epoch 2 | loss: 0.09149 - accuracy: 0.97095
Validating epoch 2 | loss: 0.37895 - accuracy: 0.89679
Training epoch 3 | loss: 0.05698 - accuracy: 0.9854
Validating epoch 3 | loss: 0.41801 - accuracy: 0.88991
Model is Bert, dataset is sst, undersample is None, aug mode is context, geo is 0.7, pct_usage is None, small_label is 1, small_prop is 0.6, balance_seed is 8, lr is 2e-05, max_epochs is 4, split_num is 0
Training epoch 0 | loss: 0.43799 - accuracy: 0.77457
Validating epoch 0 | loss: 0.34382 - accuracy: 0.86468
Training epoch 1 | loss: 0.17764 - accuracy: 0.93801
Validating epoch 1 | loss: 0.34612 - accuracy: 0.88761
Training epoch 2 | loss: 0.07833 - accuracy: 0.97616
Validating epoch 2 | loss: 0.37762 - accuracy: 0.88991
Training epoch 3 | loss: 0.04616 - accuracy: 0.98786
Validating epoch 3 | loss: 0.396 - accuracy: 0.89564
Model is Bert, dataset is sst, undersample is None, aug mode is context, geo is 0.9, pct_usage is None, small_label is 1, small_prop is 0.6, balance_seed is 8, lr is 2e-05, max_epochs is 4, split_num is 0
Training epoch 0 | loss: 0.44845 - accuracy: 0.76662
Validating epoch 0 | loss: 0.29715 - accuracy: 0.88991
Training epoch 1 | loss: 0.17264 - accuracy: 0.93945
Validating epoch 1 | loss: 0.31321 - accuracy: 0.89564
Training epoch 2 | loss: 0.07648 - accuracy: 0.97601
Validating epoch 2 | loss: 0.36106 - accuracy: 0.89335
Training epoch 3 | loss: 0.04049 - accuracy: 0.98887
Validating epoch 3 | loss: 0.39335 - accuracy: 0.8945
Model is Bert, dataset is sst, undersample is False, aug mode is None, geo is None, pct_usage is None, small_label is 1, small_prop is 0.6, balance_seed is 8, lr is 2e-05, max_epochs is 4, split_num is 0
Training epoch 0 | loss: 0.45154 - accuracy: 0.76806
Validating epoch 0 | loss: 0.29187 - accuracy: 0.88532
Training epoch 1 | loss: 0.17089 - accuracy: 0.94003
Validating epoch 1 | loss: 0.32002 - accuracy: 0.89335
Training epoch 2 | loss: 0.06067 - accuracy: 0.98092
Validating epoch 2 | loss: 0.42733 - accuracy: 0.88647
Training epoch 3 | loss: 0.02858 - accuracy: 0.99335
Validating epoch 3 | loss: 0.43078 - accuracy: 0.8922
Model is Bert, dataset is sst, undersample is True, aug mode is None, geo is None, pct_usage is None, small_label is 1, small_prop is 0.6, balance_seed is 8, lr is 2e-05, max_epochs is 4, split_num is 0
Training epoch 0 | loss: 0.42228 - accuracy: 0.79639
Validating epoch 0 | loss: 0.31476 - accuracy: 0.87959
Training epoch 1 | loss: 0.13764 - accuracy: 0.9526
Validating epoch 1 | loss: 0.35388 - accuracy: 0.8922
Training epoch 2 | loss: 0.04624 - accuracy: 0.98671
Validating epoch 2 | loss: 0.44534 - accuracy: 0.87844
Training epoch 3 | loss: 0.02635 - accuracy: 0.99422
Validating epoch 3 | loss: 0.4645 - accuracy: 0.88417
Model is Bert, dataset is sst, undersample is None, aug mode is context, geo is 0.1, pct_usage is None, small_label is 0, small_prop is 0.8, balance_seed is 8, lr is 2e-05, max_epochs is 4, split_num is 0
Training epoch 0 | loss: 0.45361 - accuracy: 0.77052
Validating epoch 0 | loss: 0.38374 - accuracy: 0.85665
Training epoch 1 | loss: 0.22777 - accuracy: 0.90564
Validating epoch 1 | loss: 0.38185 - accuracy: 0.85665
Training epoch 2 | loss: 0.1485 - accuracy: 0.9435
Validating epoch 2 | loss: 0.48744 - accuracy: 0.8406
Training epoch 3 | loss: 0.09229 - accuracy: 0.96777
Validating epoch 3 | loss: 0.51815 - accuracy: 0.84518
Model is Bert, dataset is sst, undersample is None, aug mode is context, geo is 0.3, pct_usage is None, small_label is 0, small_prop is 0.8, balance_seed is 8, lr is 2e-05, max_epochs is 4, split_num is 0
Training epoch 0 | loss: 0.45274 - accuracy: 0.77355
Validating epoch 0 | loss: 0.31953 - accuracy: 0.86697
Training epoch 1 | loss: 0.23213 - accuracy: 0.91113
Validating epoch 1 | loss: 0.30797 - accuracy: 0.88647
Training epoch 2 | loss: 0.13444 - accuracy: 0.9565
Validating epoch 2 | loss: 0.36221 - accuracy: 0.87385
Training epoch 3 | loss: 0.08778 - accuracy: 0.97327
Validating epoch 3 | loss: 0.38968 - accuracy: 0.88188
Model is Bert, dataset is sst, undersample is None, aug mode is context, geo is 0.5, pct_usage is None, small_label is 0, small_prop is 0.8, balance_seed is 8, lr is 2e-05, max_epochs is 4, split_num is 0
Training epoch 0 | loss: 0.44758 - accuracy: 0.7698
Validating epoch 0 | loss: 0.32504 - accuracy: 0.86583
Training epoch 1 | loss: 0.22441 - accuracy: 0.91749
Validating epoch 1 | loss: 0.31483 - accuracy: 0.88073
Training epoch 2 | loss: 0.1255 - accuracy: 0.95997
Validating epoch 2 | loss: 0.36367 - accuracy: 0.88303
Training epoch 3 | loss: 0.0765 - accuracy: 0.97832
Validating epoch 3 | loss: 0.3966 - accuracy: 0.87959
Model is Bert, dataset is sst, undersample is None, aug mode is context, geo is 0.7, pct_usage is None, small_label is 0, small_prop is 0.8, balance_seed is 8, lr is 2e-05, max_epochs is 4, split_num is 0
Training epoch 0 | loss: 0.44856 - accuracy: 0.78367
Validating epoch 0 | loss: 0.31324 - accuracy: 0.87271
Training epoch 1 | loss: 0.22849 - accuracy: 0.91546
Validating epoch 1 | loss: 0.32388 - accuracy: 0.87156
Training epoch 2 | loss: 0.12125 - accuracy: 0.96199
Validating epoch 2 | loss: 0.38162 - accuracy: 0.87615
Training epoch 3 | loss: 0.07563 - accuracy: 0.97905
Validating epoch 3 | loss: 0.41315 - accuracy: 0.87615
Model is Bert, dataset is sst, undersample is None, aug mode is context, geo is 0.9, pct_usage is None, small_label is 0, small_prop is 0.8, balance_seed is 8, lr is 2e-05, max_epochs is 4, split_num is 0
Training epoch 0 | loss: 0.44334 - accuracy: 0.77934
Validating epoch 0 | loss: 0.31415 - accuracy: 0.87959
Training epoch 1 | loss: 0.18583 - accuracy: 0.93208
Validating epoch 1 | loss: 0.35267 - accuracy: 0.86697
Training epoch 2 | loss: 0.08315 - accuracy: 0.97283
Validating epoch 2 | loss: 0.37162 - accuracy: 0.88647
Training epoch 3 | loss: 0.04255 - accuracy: 0.98728
Validating epoch 3 | loss: 0.43697 - accuracy: 0.88303
Model is Bert, dataset is sst, undersample is False, aug mode is None, geo is None, pct_usage is None, small_label is 0, small_prop is 0.8, balance_seed is 8, lr is 2e-05, max_epochs is 4, split_num is 0
Training epoch 0 | loss: 0.43689 - accuracy: 0.78064
Validating epoch 0 | loss: 0.33684 - accuracy: 0.87729
Training epoch 1 | loss: 0.1923 - accuracy: 0.92948
Validating epoch 1 | loss: 0.30628 - accuracy: 0.88991
Training epoch 2 | loss: 0.08455 - accuracy: 0.97283
Validating epoch 2 | loss: 0.39356 - accuracy: 0.87844
Training epoch 3 | loss: 0.04617 - accuracy: 0.98858
Validating epoch 3 | loss: 0.43712 - accuracy: 0.87959
Model is Bert, dataset is sst, undersample is True, aug mode is None, geo is None, pct_usage is None, small_label is 0, small_prop is 0.8, balance_seed is 8, lr is 2e-05, max_epochs is 4, split_num is 0
Training epoch 0 | loss: 0.43721 - accuracy: 0.78064
Validating epoch 0 | loss: 0.33901 - accuracy: 0.86239
Training epoch 1 | loss: 0.17509 - accuracy: 0.9396
Validating epoch 1 | loss: 0.32764 - accuracy: 0.87844
Training epoch 2 | loss: 0.07863 - accuracy: 0.97486
Validating epoch 2 | loss: 0.40375 - accuracy: 0.88417
Training epoch 3 | loss: 0.04015 - accuracy: 0.98974
Validating epoch 3 | loss: 0.44791 - accuracy: 0.87729
Model is Bert, dataset is sst, undersample is None, aug mode is context, geo is 0.1, pct_usage is None, small_label is 1, small_prop is 0.8, balance_seed is 8, lr is 2e-05, max_epochs is 4, split_num is 0
Training epoch 0 | loss: 0.41572 - accuracy: 0.79552
Validating epoch 0 | loss: 0.3824 - accuracy: 0.83486
Training epoch 1 | loss: 0.21219 - accuracy: 0.91705
Validating epoch 1 | loss: 0.3735 - accuracy: 0.86009
Training epoch 2 | loss: 0.11878 - accuracy: 0.95853
Validating epoch 2 | loss: 0.45867 - accuracy: 0.84862
Training epoch 3 | loss: 0.08929 - accuracy: 0.97095
Validating epoch 3 | loss: 0.50193 - accuracy: 0.84977
Model is Bert, dataset is sst, undersample is None, aug mode is context, geo is 0.3, pct_usage is None, small_label is 1, small_prop is 0.8, balance_seed is 8, lr is 2e-05, max_epochs is 4, split_num is 0
Training epoch 0 | loss: 0.47838 - accuracy: 0.7565
Validating epoch 0 | loss: 0.33057 - accuracy: 0.87156
Training epoch 1 | loss: 0.24044 - accuracy: 0.90592
Validating epoch 1 | loss: 0.33756 - accuracy: 0.87385
Training epoch 2 | loss: 0.14003 - accuracy: 0.95043
Validating epoch 2 | loss: 0.39869 - accuracy: 0.86583
Training epoch 3 | loss: 0.09831 - accuracy: 0.96994
Validating epoch 3 | loss: 0.4203 - accuracy: 0.86583
Model is Bert, dataset is sst, undersample is None, aug mode is context, geo is 0.5, pct_usage is None, small_label is 1, small_prop is 0.8, balance_seed is 8, lr is 2e-05, max_epochs is 4, split_num is 0
Training epoch 0 | loss: 0.44213 - accuracy: 0.78309
Validating epoch 0 | loss: 0.30539 - accuracy: 0.87729
Training epoch 1 | loss: 0.21094 - accuracy: 0.92312
Validating epoch 1 | loss: 0.30556 - accuracy: 0.8922
Training epoch 2 | loss: 0.11038 - accuracy: 0.96416
Validating epoch 2 | loss: 0.36696 - accuracy: 0.88532
Training epoch 3 | loss: 0.06482 - accuracy: 0.98165
Validating epoch 3 | loss: 0.4084 - accuracy: 0.88647
Model is Bert, dataset is sst, undersample is None, aug mode is context, geo is 0.7, pct_usage is None, small_label is 1, small_prop is 0.8, balance_seed is 8, lr is 2e-05, max_epochs is 4, split_num is 0
Training epoch 0 | loss: 0.45094 - accuracy: 0.77052
Validating epoch 0 | loss: 0.30462 - accuracy: 0.87271
Training epoch 1 | loss: 0.19945 - accuracy: 0.92717
Validating epoch 1 | loss: 0.30973 - accuracy: 0.87959
Training epoch 2 | loss: 0.09343 - accuracy: 0.97197
Validating epoch 2 | loss: 0.4068 - accuracy: 0.87959
Training epoch 3 | loss: 0.0561 - accuracy: 0.98338
Validating epoch 3 | loss: 0.41158 - accuracy: 0.88761
Model is Bert, dataset is sst, undersample is None, aug mode is context, geo is 0.9, pct_usage is None, small_label is 1, small_prop is 0.8, balance_seed is 8, lr is 2e-05, max_epochs is 4, split_num is 0
Training epoch 0 | loss: 0.45 - accuracy: 0.77457
Validating epoch 0 | loss: 0.32359 - accuracy: 0.86697
Training epoch 1 | loss: 0.19838 - accuracy: 0.92601
Validating epoch 1 | loss: 0.30495 - accuracy: 0.88761
Training epoch 2 | loss: 0.08795 - accuracy: 0.97269
Validating epoch 2 | loss: 0.39245 - accuracy: 0.88761
Training epoch 3 | loss: 0.04987 - accuracy: 0.98642
Validating epoch 3 | loss: 0.4182 - accuracy: 0.89106
Model is Bert, dataset is sst, undersample is False, aug mode is None, geo is None, pct_usage is None, small_label is 1, small_prop is 0.8, balance_seed is 8, lr is 2e-05, max_epochs is 4, split_num is 0
Training epoch 0 | loss: 0.45193 - accuracy: 0.76936
Validating epoch 0 | loss: 0.3316 - accuracy: 0.86927
Training epoch 1 | loss: 0.20636 - accuracy: 0.92558
Validating epoch 1 | loss: 0.32113 - accuracy: 0.875
Training epoch 2 | loss: 0.09277 - accuracy: 0.96936
Validating epoch 2 | loss: 0.36702 - accuracy: 0.8922
Training epoch 3 | loss: 0.04642 - accuracy: 0.98757
Validating epoch 3 | loss: 0.4315 - accuracy: 0.88417
Model is Bert, dataset is sst, undersample is True, aug mode is None, geo is None, pct_usage is None, small_label is 1, small_prop is 0.8, balance_seed is 8, lr is 2e-05, max_epochs is 4, split_num is 0
Training epoch 0 | loss: 0.46183 - accuracy: 0.7685
Validating epoch 0 | loss: 0.30844 - accuracy: 0.87959
Training epoch 1 | loss: 0.21287 - accuracy: 0.92066
Validating epoch 1 | loss: 0.30922 - accuracy: 0.88876
Training epoch 2 | loss: 0.09942 - accuracy: 0.97081
Validating epoch 2 | loss: 0.37046 - accuracy: 0.88303
Training epoch 3 | loss: 0.05422 - accuracy: 0.98584
Validating epoch 3 | loss: 0.41409 - accuracy: 0.88188
