Model is Bert, dataset is sst, undersample is None, aug mode is context, geo is 0.1, pct_usage is None, small_label is 0, small_prop is 0.2, balance_seed is 9, lr is 2e-05, max_epochs is 4, split_num is 0
Training epoch 0 | loss: 0.3835 - accuracy: 0.82124
Validating epoch 0 | loss: 0.51331 - accuracy: 0.78784
Training epoch 1 | loss: 0.13562 - accuracy: 0.95173
Validating epoch 1 | loss: 0.74191 - accuracy: 0.75803
Training epoch 2 | loss: 0.06454 - accuracy: 0.97977
Validating epoch 2 | loss: 0.78904 - accuracy: 0.77867
Training epoch 3 | loss: 0.03696 - accuracy: 0.99032
Validating epoch 3 | loss: 0.8325 - accuracy: 0.79128
Model is Bert, dataset is sst, undersample is None, aug mode is context, geo is 0.3, pct_usage is None, small_label is 0, small_prop is 0.2, balance_seed is 9, lr is 2e-05, max_epochs is 4, split_num is 0
Training epoch 0 | loss: 0.41559 - accuracy: 0.78396
Validating epoch 0 | loss: 0.43092 - accuracy: 0.8406
Training epoch 1 | loss: 0.12367 - accuracy: 0.95679
Validating epoch 1 | loss: 0.62307 - accuracy: 0.81307
Training epoch 2 | loss: 0.05703 - accuracy: 0.9815
Validating epoch 2 | loss: 0.68206 - accuracy: 0.81307
Training epoch 3 | loss: 0.04024 - accuracy: 0.98786
Validating epoch 3 | loss: 0.68803 - accuracy: 0.82339
Model is Bert, dataset is sst, undersample is None, aug mode is context, geo is 0.5, pct_usage is None, small_label is 0, small_prop is 0.2, balance_seed is 9, lr is 2e-05, max_epochs is 4, split_num is 0
Training epoch 0 | loss: 0.38352 - accuracy: 0.81416
Validating epoch 0 | loss: 0.47825 - accuracy: 0.82913
Training epoch 1 | loss: 0.10852 - accuracy: 0.96821
Validating epoch 1 | loss: 0.57501 - accuracy: 0.82454
Training epoch 2 | loss: 0.05126 - accuracy: 0.98569
Validating epoch 2 | loss: 0.70854 - accuracy: 0.81881
Training epoch 3 | loss: 0.03278 - accuracy: 0.99061
Validating epoch 3 | loss: 0.68683 - accuracy: 0.83028
Model is Bert, dataset is sst, undersample is None, aug mode is context, geo is 0.7, pct_usage is None, small_label is 0, small_prop is 0.2, balance_seed is 9, lr is 2e-05, max_epochs is 4, split_num is 0
Training epoch 0 | loss: 0.39026 - accuracy: 0.81358
Validating epoch 0 | loss: 0.48948 - accuracy: 0.83028
Training epoch 1 | loss: 0.08975 - accuracy: 0.97457
Validating epoch 1 | loss: 0.87752 - accuracy: 0.7867
Training epoch 2 | loss: 0.04162 - accuracy: 0.98931
Validating epoch 2 | loss: 0.79887 - accuracy: 0.79817
Training epoch 3 | loss: 0.03179 - accuracy: 0.99306
Validating epoch 3 | loss: 0.72877 - accuracy: 0.8211
Model is Bert, dataset is sst, undersample is None, aug mode is context, geo is 0.9, pct_usage is None, small_label is 0, small_prop is 0.2, balance_seed is 9, lr is 2e-05, max_epochs is 4, split_num is 0
Training epoch 0 | loss: 0.37217 - accuracy: 0.82673
Validating epoch 0 | loss: 0.41194 - accuracy: 0.84518
Training epoch 1 | loss: 0.08508 - accuracy: 0.97399
Validating epoch 1 | loss: 0.81681 - accuracy: 0.79358
Training epoch 2 | loss: 0.02886 - accuracy: 0.99321
Validating epoch 2 | loss: 0.92127 - accuracy: 0.80046
Training epoch 3 | loss: 0.0165 - accuracy: 0.9961
Validating epoch 3 | loss: 0.94821 - accuracy: 0.79702
Model is Bert, dataset is sst, undersample is False, aug mode is None, geo is None, pct_usage is None, small_label is 0, small_prop is 0.2, balance_seed is 9, lr is 2e-05, max_epochs is 4, split_num is 0
Training epoch 0 | loss: 0.37672 - accuracy: 0.81286
Validating epoch 0 | loss: 0.76896 - accuracy: 0.7695
Training epoch 1 | loss: 0.07769 - accuracy: 0.97673
Validating epoch 1 | loss: 0.70135 - accuracy: 0.81651
Training epoch 2 | loss: 0.02954 - accuracy: 0.9922
Validating epoch 2 | loss: 1.01001 - accuracy: 0.78784
Training epoch 3 | loss: 0.01181 - accuracy: 0.99754
Validating epoch 3 | loss: 1.03508 - accuracy: 0.79358
Model is Bert, dataset is sst, undersample is True, aug mode is None, geo is None, pct_usage is None, small_label is 0, small_prop is 0.2, balance_seed is 9, lr is 2e-05, max_epochs is 4, split_num is 0
Training epoch 0 | loss: 0.33598 - accuracy: 0.83873
Validating epoch 0 | loss: 0.44898 - accuracy: 0.85321
Training epoch 1 | loss: 0.02381 - accuracy: 0.99393
Validating epoch 1 | loss: 0.68142 - accuracy: 0.84289
Training epoch 2 | loss: 0.00427 - accuracy: 0.99957
Validating epoch 2 | loss: 0.7369 - accuracy: 0.8555
Training epoch 3 | loss: 0.00218 - accuracy: 0.99986
Validating epoch 3 | loss: 0.78211 - accuracy: 0.84977
Model is Bert, dataset is sst, undersample is None, aug mode is context, geo is 0.1, pct_usage is None, small_label is 1, small_prop is 0.2, balance_seed is 9, lr is 2e-05, max_epochs is 4, split_num is 0
Training epoch 0 | loss: 0.3927 - accuracy: 0.80621
Validating epoch 0 | loss: 0.52276 - accuracy: 0.7844
Training epoch 1 | loss: 0.11993 - accuracy: 0.95824
Validating epoch 1 | loss: 0.63794 - accuracy: 0.80161
Training epoch 2 | loss: 0.04989 - accuracy: 0.98512
Validating epoch 2 | loss: 0.58379 - accuracy: 0.83601
Training epoch 3 | loss: 0.03063 - accuracy: 0.99176
Validating epoch 3 | loss: 0.63001 - accuracy: 0.83142
Model is Bert, dataset is sst, undersample is None, aug mode is context, geo is 0.3, pct_usage is None, small_label is 1, small_prop is 0.2, balance_seed is 9, lr is 2e-05, max_epochs is 4, split_num is 0
Training epoch 0 | loss: 0.38537 - accuracy: 0.81329
Validating epoch 0 | loss: 0.42659 - accuracy: 0.83601
Training epoch 1 | loss: 0.11989 - accuracy: 0.95954
Validating epoch 1 | loss: 0.46014 - accuracy: 0.85436
Training epoch 2 | loss: 0.06071 - accuracy: 0.98092
Validating epoch 2 | loss: 0.53242 - accuracy: 0.8555
Training epoch 3 | loss: 0.03526 - accuracy: 0.99075
Validating epoch 3 | loss: 0.52961 - accuracy: 0.85894
Model is Bert, dataset is sst, undersample is None, aug mode is context, geo is 0.5, pct_usage is None, small_label is 1, small_prop is 0.2, balance_seed is 9, lr is 2e-05, max_epochs is 4, split_num is 0
Training epoch 0 | loss: 0.4062 - accuracy: 0.78165
Validating epoch 0 | loss: 0.34837 - accuracy: 0.87385
Training epoch 1 | loss: 0.08297 - accuracy: 0.97341
Validating epoch 1 | loss: 0.50336 - accuracy: 0.86124
Training epoch 2 | loss: 0.03873 - accuracy: 0.98931
Validating epoch 2 | loss: 0.49806 - accuracy: 0.85894
Training epoch 3 | loss: 0.02464 - accuracy: 0.9935
Validating epoch 3 | loss: 0.5167 - accuracy: 0.86812
Model is Bert, dataset is sst, undersample is None, aug mode is context, geo is 0.7, pct_usage is None, small_label is 1, small_prop is 0.2, balance_seed is 9, lr is 2e-05, max_epochs is 4, split_num is 0
Training epoch 0 | loss: 0.38519 - accuracy: 0.81445
Validating epoch 0 | loss: 0.37179 - accuracy: 0.85436
Training epoch 1 | loss: 0.07361 - accuracy: 0.97847
Validating epoch 1 | loss: 0.7258 - accuracy: 0.82225
Training epoch 2 | loss: 0.04082 - accuracy: 0.98945
Validating epoch 2 | loss: 0.59048 - accuracy: 0.84862
Training epoch 3 | loss: 0.02351 - accuracy: 0.99422
Validating epoch 3 | loss: 0.5792 - accuracy: 0.85894
Model is Bert, dataset is sst, undersample is None, aug mode is context, geo is 0.9, pct_usage is None, small_label is 1, small_prop is 0.2, balance_seed is 9, lr is 2e-05, max_epochs is 4, split_num is 0
Training epoch 0 | loss: 0.40283 - accuracy: 0.7974
Validating epoch 0 | loss: 0.43573 - accuracy: 0.84977
Training epoch 1 | loss: 0.07358 - accuracy: 0.97601
Validating epoch 1 | loss: 0.63507 - accuracy: 0.84633
Training epoch 2 | loss: 0.02179 - accuracy: 0.99595
Validating epoch 2 | loss: 0.69524 - accuracy: 0.84862
Training epoch 3 | loss: 0.01525 - accuracy: 0.99682
Validating epoch 3 | loss: 0.71682 - accuracy: 0.85092
Model is Bert, dataset is sst, undersample is False, aug mode is None, geo is None, pct_usage is None, small_label is 1, small_prop is 0.2, balance_seed is 9, lr is 2e-05, max_epochs is 4, split_num is 0
Training epoch 0 | loss: 0.3695 - accuracy: 0.81488
Validating epoch 0 | loss: 0.39746 - accuracy: 0.87271
Training epoch 1 | loss: 0.06117 - accuracy: 0.9828
Validating epoch 1 | loss: 0.65356 - accuracy: 0.84862
Training epoch 2 | loss: 0.02373 - accuracy: 0.99379
Validating epoch 2 | loss: 0.69659 - accuracy: 0.84862
Training epoch 3 | loss: 0.01016 - accuracy: 0.99855
Validating epoch 3 | loss: 0.66434 - accuracy: 0.8578
Model is Bert, dataset is sst, undersample is True, aug mode is None, geo is None, pct_usage is None, small_label is 1, small_prop is 0.2, balance_seed is 9, lr is 2e-05, max_epochs is 4, split_num is 0
Training epoch 0 | loss: 0.32248 - accuracy: 0.84769
Validating epoch 0 | loss: 0.49718 - accuracy: 0.84518
Training epoch 1 | loss: 0.0235 - accuracy: 0.99509
Validating epoch 1 | loss: 0.58345 - accuracy: 0.86239
Training epoch 2 | loss: 0.00783 - accuracy: 0.99812
Validating epoch 2 | loss: 0.60211 - accuracy: 0.86124
Training epoch 3 | loss: 0.00342 - accuracy: 0.99942
Validating epoch 3 | loss: 0.61768 - accuracy: 0.87271
Model is Bert, dataset is sst, undersample is None, aug mode is context, geo is 0.1, pct_usage is None, small_label is 0, small_prop is 0.4, balance_seed is 9, lr is 2e-05, max_epochs is 4, split_num is 0
Training epoch 0 | loss: 0.40261 - accuracy: 0.80853
Validating epoch 0 | loss: 0.56383 - accuracy: 0.76835
Training epoch 1 | loss: 0.16035 - accuracy: 0.94379
Validating epoch 1 | loss: 0.64544 - accuracy: 0.7844
Training epoch 2 | loss: 0.09153 - accuracy: 0.96879
Validating epoch 2 | loss: 0.59462 - accuracy: 0.81766
Training epoch 3 | loss: 0.05804 - accuracy: 0.98251
Validating epoch 3 | loss: 0.59408 - accuracy: 0.83028
Model is Bert, dataset is sst, undersample is None, aug mode is context, geo is 0.3, pct_usage is None, small_label is 0, small_prop is 0.4, balance_seed is 9, lr is 2e-05, max_epochs is 4, split_num is 0
Training epoch 0 | loss: 0.43358 - accuracy: 0.78439
Validating epoch 0 | loss: 0.40419 - accuracy: 0.83372
Training epoch 1 | loss: 0.17927 - accuracy: 0.93396
Validating epoch 1 | loss: 0.45539 - accuracy: 0.8406
Training epoch 2 | loss: 0.08672 - accuracy: 0.97413
Validating epoch 2 | loss: 0.45039 - accuracy: 0.86468
Training epoch 3 | loss: 0.05455 - accuracy: 0.9841
Validating epoch 3 | loss: 0.49808 - accuracy: 0.86583
Model is Bert, dataset is sst, undersample is None, aug mode is context, geo is 0.5, pct_usage is None, small_label is 0, small_prop is 0.4, balance_seed is 9, lr is 2e-05, max_epochs is 4, split_num is 0
Training epoch 0 | loss: 0.42874 - accuracy: 0.78237
Validating epoch 0 | loss: 0.39744 - accuracy: 0.83486
Training epoch 1 | loss: 0.1715 - accuracy: 0.93844
Validating epoch 1 | loss: 0.38899 - accuracy: 0.86239
Training epoch 2 | loss: 0.08336 - accuracy: 0.97543
Validating epoch 2 | loss: 0.38688 - accuracy: 0.87385
Training epoch 3 | loss: 0.04712 - accuracy: 0.98801
Validating epoch 3 | loss: 0.45556 - accuracy: 0.86812
Model is Bert, dataset is sst, undersample is None, aug mode is context, geo is 0.7, pct_usage is None, small_label is 0, small_prop is 0.4, balance_seed is 9, lr is 2e-05, max_epochs is 4, split_num is 0
Training epoch 0 | loss: 0.43289 - accuracy: 0.78194
Validating epoch 0 | loss: 0.47763 - accuracy: 0.81307
Training epoch 1 | loss: 0.16298 - accuracy: 0.94335
Validating epoch 1 | loss: 0.45703 - accuracy: 0.86009
Training epoch 2 | loss: 0.06686 - accuracy: 0.9802
Validating epoch 2 | loss: 0.55132 - accuracy: 0.85206
Training epoch 3 | loss: 0.04019 - accuracy: 0.99017
Validating epoch 3 | loss: 0.55064 - accuracy: 0.85894
Model is Bert, dataset is sst, undersample is None, aug mode is context, geo is 0.9, pct_usage is None, small_label is 0, small_prop is 0.4, balance_seed is 9, lr is 2e-05, max_epochs is 4, split_num is 0
Training epoch 0 | loss: 0.45524 - accuracy: 0.75766
Validating epoch 0 | loss: 0.36548 - accuracy: 0.84862
Training epoch 1 | loss: 0.15582 - accuracy: 0.94682
Validating epoch 1 | loss: 0.42932 - accuracy: 0.86239
Training epoch 2 | loss: 0.05551 - accuracy: 0.98338
Validating epoch 2 | loss: 0.55249 - accuracy: 0.8406
Training epoch 3 | loss: 0.02902 - accuracy: 0.99335
Validating epoch 3 | loss: 0.53831 - accuracy: 0.86124
Model is Bert, dataset is sst, undersample is False, aug mode is None, geo is None, pct_usage is None, small_label is 0, small_prop is 0.4, balance_seed is 9, lr is 2e-05, max_epochs is 4, split_num is 0
Training epoch 0 | loss: 0.40632 - accuracy: 0.80665
Validating epoch 0 | loss: 0.35257 - accuracy: 0.85092
Training epoch 1 | loss: 0.13424 - accuracy: 0.95361
Validating epoch 1 | loss: 0.46465 - accuracy: 0.85321
Training epoch 2 | loss: 0.04536 - accuracy: 0.98844
Validating epoch 2 | loss: 0.67522 - accuracy: 0.83486
Training epoch 3 | loss: 0.01972 - accuracy: 0.99509
Validating epoch 3 | loss: 0.65982 - accuracy: 0.84748
Model is Bert, dataset is sst, undersample is True, aug mode is None, geo is None, pct_usage is None, small_label is 0, small_prop is 0.4, balance_seed is 9, lr is 2e-05, max_epochs is 4, split_num is 0
Training epoch 0 | loss: 0.38514 - accuracy: 0.80636
Validating epoch 0 | loss: 0.38934 - accuracy: 0.87385
Training epoch 1 | loss: 0.06003 - accuracy: 0.98136
Validating epoch 1 | loss: 0.60383 - accuracy: 0.86239
Training epoch 2 | loss: 0.01126 - accuracy: 0.99754
Validating epoch 2 | loss: 0.6558 - accuracy: 0.86468
Training epoch 3 | loss: 0.00447 - accuracy: 0.99899
Validating epoch 3 | loss: 0.69151 - accuracy: 0.86583
Model is Bert, dataset is sst, undersample is None, aug mode is context, geo is 0.1, pct_usage is None, small_label is 1, small_prop is 0.4, balance_seed is 9, lr is 2e-05, max_epochs is 4, split_num is 0
Training epoch 0 | loss: 0.41465 - accuracy: 0.78974
Validating epoch 0 | loss: 0.42058 - accuracy: 0.82454
Training epoch 1 | loss: 0.15217 - accuracy: 0.94465
Validating epoch 1 | loss: 0.37389 - accuracy: 0.86583
Training epoch 2 | loss: 0.08157 - accuracy: 0.97211
Validating epoch 2 | loss: 0.44141 - accuracy: 0.86124
Training epoch 3 | loss: 0.04493 - accuracy: 0.98656
Validating epoch 3 | loss: 0.51273 - accuracy: 0.85321
Model is Bert, dataset is sst, undersample is None, aug mode is context, geo is 0.3, pct_usage is None, small_label is 1, small_prop is 0.4, balance_seed is 9, lr is 2e-05, max_epochs is 4, split_num is 0
Training epoch 0 | loss: 0.43081 - accuracy: 0.79032
Validating epoch 0 | loss: 0.34834 - accuracy: 0.85092
Training epoch 1 | loss: 0.17286 - accuracy: 0.93844
Validating epoch 1 | loss: 0.36003 - accuracy: 0.86927
Training epoch 2 | loss: 0.08209 - accuracy: 0.97587
Validating epoch 2 | loss: 0.41506 - accuracy: 0.87729
Training epoch 3 | loss: 0.06265 - accuracy: 0.98237
Validating epoch 3 | loss: 0.43873 - accuracy: 0.87844
Model is Bert, dataset is sst, undersample is None, aug mode is context, geo is 0.5, pct_usage is None, small_label is 1, small_prop is 0.4, balance_seed is 9, lr is 2e-05, max_epochs is 4, split_num is 0
Training epoch 0 | loss: 0.42584 - accuracy: 0.78497
Validating epoch 0 | loss: 0.34039 - accuracy: 0.86697
Training epoch 1 | loss: 0.14829 - accuracy: 0.95043
Validating epoch 1 | loss: 0.36263 - accuracy: 0.87615
Training epoch 2 | loss: 0.06741 - accuracy: 0.97818
Validating epoch 2 | loss: 0.45001 - accuracy: 0.87729
Training epoch 3 | loss: 0.04412 - accuracy: 0.98858
Validating epoch 3 | loss: 0.48971 - accuracy: 0.87271
Model is Bert, dataset is sst, undersample is None, aug mode is context, geo is 0.7, pct_usage is None, small_label is 1, small_prop is 0.4, balance_seed is 9, lr is 2e-05, max_epochs is 4, split_num is 0
Training epoch 0 | loss: 0.43425 - accuracy: 0.77717
Validating epoch 0 | loss: 0.34527 - accuracy: 0.85894
Training epoch 1 | loss: 0.14889 - accuracy: 0.9487
Validating epoch 1 | loss: 0.37695 - accuracy: 0.86812
Training epoch 2 | loss: 0.06126 - accuracy: 0.98338
Validating epoch 2 | loss: 0.48704 - accuracy: 0.86353
Training epoch 3 | loss: 0.03672 - accuracy: 0.99147
Validating epoch 3 | loss: 0.48132 - accuracy: 0.87385
Model is Bert, dataset is sst, undersample is None, aug mode is context, geo is 0.9, pct_usage is None, small_label is 1, small_prop is 0.4, balance_seed is 9, lr is 2e-05, max_epochs is 4, split_num is 0
Training epoch 0 | loss: 0.38965 - accuracy: 0.80535
Validating epoch 0 | loss: 0.34971 - accuracy: 0.87959
Training epoch 1 | loss: 0.11801 - accuracy: 0.96358
Validating epoch 1 | loss: 0.41966 - accuracy: 0.87385
Training epoch 2 | loss: 0.04248 - accuracy: 0.98902
Validating epoch 2 | loss: 0.48315 - accuracy: 0.87271
Training epoch 3 | loss: 0.027 - accuracy: 0.99364
Validating epoch 3 | loss: 0.5077 - accuracy: 0.87271
Model is Bert, dataset is sst, undersample is False, aug mode is None, geo is None, pct_usage is None, small_label is 1, small_prop is 0.4, balance_seed is 9, lr is 2e-05, max_epochs is 4, split_num is 0
Training epoch 0 | loss: 0.41058 - accuracy: 0.7922
Validating epoch 0 | loss: 0.33253 - accuracy: 0.87729
Training epoch 1 | loss: 0.11682 - accuracy: 0.96171
Validating epoch 1 | loss: 0.4424 - accuracy: 0.86812
Training epoch 2 | loss: 0.03192 - accuracy: 0.99162
Validating epoch 2 | loss: 0.5385 - accuracy: 0.87271
Training epoch 3 | loss: 0.01415 - accuracy: 0.99639
Validating epoch 3 | loss: 0.56768 - accuracy: 0.87271
Model is Bert, dataset is sst, undersample is True, aug mode is None, geo is None, pct_usage is None, small_label is 1, small_prop is 0.4, balance_seed is 9, lr is 2e-05, max_epochs is 4, split_num is 0
Training epoch 0 | loss: 0.42068 - accuracy: 0.78353
Validating epoch 0 | loss: 0.43285 - accuracy: 0.85894
Training epoch 1 | loss: 0.10809 - accuracy: 0.96633
Validating epoch 1 | loss: 0.45354 - accuracy: 0.87156
Training epoch 2 | loss: 0.02289 - accuracy: 0.99509
Validating epoch 2 | loss: 0.53888 - accuracy: 0.875
Training epoch 3 | loss: 0.0116 - accuracy: 0.99841
Validating epoch 3 | loss: 0.55715 - accuracy: 0.88073
Model is Bert, dataset is sst, undersample is None, aug mode is context, geo is 0.1, pct_usage is None, small_label is 0, small_prop is 0.6, balance_seed is 9, lr is 2e-05, max_epochs is 4, split_num is 0
Training epoch 0 | loss: 0.41656 - accuracy: 0.7948
Validating epoch 0 | loss: 0.38429 - accuracy: 0.85206
Training epoch 1 | loss: 0.18788 - accuracy: 0.9289
Validating epoch 1 | loss: 0.499 - accuracy: 0.81766
Training epoch 2 | loss: 0.11693 - accuracy: 0.95968
Validating epoch 2 | loss: 0.48086 - accuracy: 0.8406
Training epoch 3 | loss: 0.07419 - accuracy: 0.975
Validating epoch 3 | loss: 0.50979 - accuracy: 0.84862
Model is Bert, dataset is sst, undersample is None, aug mode is context, geo is 0.3, pct_usage is None, small_label is 0, small_prop is 0.6, balance_seed is 9, lr is 2e-05, max_epochs is 4, split_num is 0
Training epoch 0 | loss: 0.44137 - accuracy: 0.78497
Validating epoch 0 | loss: 0.31778 - accuracy: 0.86697
Training epoch 1 | loss: 0.22837 - accuracy: 0.91344
Validating epoch 1 | loss: 0.34728 - accuracy: 0.86009
Training epoch 2 | loss: 0.11885 - accuracy: 0.96098
Validating epoch 2 | loss: 0.39607 - accuracy: 0.87271
Training epoch 3 | loss: 0.08422 - accuracy: 0.97486
Validating epoch 3 | loss: 0.43871 - accuracy: 0.86583
Model is Bert, dataset is sst, undersample is None, aug mode is context, geo is 0.5, pct_usage is None, small_label is 0, small_prop is 0.6, balance_seed is 9, lr is 2e-05, max_epochs is 4, split_num is 0
Training epoch 0 | loss: 0.46434 - accuracy: 0.76546
Validating epoch 0 | loss: 0.35109 - accuracy: 0.85321
Training epoch 1 | loss: 0.2163 - accuracy: 0.91662
Validating epoch 1 | loss: 0.3669 - accuracy: 0.87041
Training epoch 2 | loss: 0.11615 - accuracy: 0.96199
Validating epoch 2 | loss: 0.3756 - accuracy: 0.87959
Training epoch 3 | loss: 0.07459 - accuracy: 0.97587
Validating epoch 3 | loss: 0.39804 - accuracy: 0.88303
Model is Bert, dataset is sst, undersample is None, aug mode is context, geo is 0.7, pct_usage is None, small_label is 0, small_prop is 0.6, balance_seed is 9, lr is 2e-05, max_epochs is 4, split_num is 0
Training epoch 0 | loss: 0.43431 - accuracy: 0.79754
Validating epoch 0 | loss: 0.33645 - accuracy: 0.86239
Training epoch 1 | loss: 0.19233 - accuracy: 0.92919
Validating epoch 1 | loss: 0.34483 - accuracy: 0.86812
Training epoch 2 | loss: 0.09051 - accuracy: 0.97095
Validating epoch 2 | loss: 0.42496 - accuracy: 0.86583
Training epoch 3 | loss: 0.05542 - accuracy: 0.98642
Validating epoch 3 | loss: 0.47641 - accuracy: 0.86124
Model is Bert, dataset is sst, undersample is None, aug mode is context, geo is 0.9, pct_usage is None, small_label is 0, small_prop is 0.6, balance_seed is 9, lr is 2e-05, max_epochs is 4, split_num is 0
Training epoch 0 | loss: 0.44586 - accuracy: 0.78425
Validating epoch 0 | loss: 0.31995 - accuracy: 0.87041
Training epoch 1 | loss: 0.20522 - accuracy: 0.92746
Validating epoch 1 | loss: 0.39102 - accuracy: 0.85894
Training epoch 2 | loss: 0.09082 - accuracy: 0.97529
Validating epoch 2 | loss: 0.47543 - accuracy: 0.86583
Training epoch 3 | loss: 0.05904 - accuracy: 0.98367
Validating epoch 3 | loss: 0.45729 - accuracy: 0.87041
Model is Bert, dataset is sst, undersample is False, aug mode is None, geo is None, pct_usage is None, small_label is 0, small_prop is 0.6, balance_seed is 9, lr is 2e-05, max_epochs is 4, split_num is 0
Training epoch 0 | loss: 0.42973 - accuracy: 0.78569
Validating epoch 0 | loss: 0.33284 - accuracy: 0.875
Training epoch 1 | loss: 0.16648 - accuracy: 0.93887
Validating epoch 1 | loss: 0.332 - accuracy: 0.87729
Training epoch 2 | loss: 0.06451 - accuracy: 0.98092
Validating epoch 2 | loss: 0.43994 - accuracy: 0.87615
Training epoch 3 | loss: 0.02984 - accuracy: 0.99263
Validating epoch 3 | loss: 0.49654 - accuracy: 0.87729
Model is Bert, dataset is sst, undersample is True, aug mode is None, geo is None, pct_usage is None, small_label is 0, small_prop is 0.6, balance_seed is 9, lr is 2e-05, max_epochs is 4, split_num is 0
Training epoch 0 | loss: 0.42571 - accuracy: 0.78194
Validating epoch 0 | loss: 0.4466 - accuracy: 0.83257
Training epoch 1 | loss: 0.14209 - accuracy: 0.95231
Validating epoch 1 | loss: 0.45845 - accuracy: 0.86124
Training epoch 2 | loss: 0.04974 - accuracy: 0.98598
Validating epoch 2 | loss: 0.50034 - accuracy: 0.86353
Training epoch 3 | loss: 0.01967 - accuracy: 0.99566
Validating epoch 3 | loss: 0.51335 - accuracy: 0.875
Model is Bert, dataset is sst, undersample is None, aug mode is context, geo is 0.1, pct_usage is None, small_label is 1, small_prop is 0.6, balance_seed is 9, lr is 2e-05, max_epochs is 4, split_num is 0
Training epoch 0 | loss: 0.42436 - accuracy: 0.7948
Validating epoch 0 | loss: 0.39523 - accuracy: 0.83372
Training epoch 1 | loss: 0.21029 - accuracy: 0.92081
Validating epoch 1 | loss: 0.34746 - accuracy: 0.86927
Training epoch 2 | loss: 0.11591 - accuracy: 0.95968
Validating epoch 2 | loss: 0.46283 - accuracy: 0.85665
Training epoch 3 | loss: 0.08123 - accuracy: 0.97225
Validating epoch 3 | loss: 0.47993 - accuracy: 0.85665
Model is Bert, dataset is sst, undersample is None, aug mode is context, geo is 0.3, pct_usage is None, small_label is 1, small_prop is 0.6, balance_seed is 9, lr is 2e-05, max_epochs is 4, split_num is 0
Training epoch 0 | loss: 0.45239 - accuracy: 0.76662
Validating epoch 0 | loss: 0.31314 - accuracy: 0.86239
Training epoch 1 | loss: 0.21902 - accuracy: 0.92023
Validating epoch 1 | loss: 0.33732 - accuracy: 0.88532
Training epoch 2 | loss: 0.11461 - accuracy: 0.96358
Validating epoch 2 | loss: 0.39192 - accuracy: 0.88073
Training epoch 3 | loss: 0.07999 - accuracy: 0.97746
Validating epoch 3 | loss: 0.41459 - accuracy: 0.87729
Model is Bert, dataset is sst, undersample is None, aug mode is context, geo is 0.5, pct_usage is None, small_label is 1, small_prop is 0.6, balance_seed is 9, lr is 2e-05, max_epochs is 4, split_num is 0
Training epoch 0 | loss: 0.44505 - accuracy: 0.77327
Validating epoch 0 | loss: 0.34313 - accuracy: 0.8578
Training epoch 1 | loss: 0.18134 - accuracy: 0.93555
Validating epoch 1 | loss: 0.33696 - accuracy: 0.88647
Training epoch 2 | loss: 0.09066 - accuracy: 0.97283
Validating epoch 2 | loss: 0.43215 - accuracy: 0.88647
Training epoch 3 | loss: 0.06246 - accuracy: 0.98338
Validating epoch 3 | loss: 0.42264 - accuracy: 0.88761
Model is Bert, dataset is sst, undersample is None, aug mode is context, geo is 0.7, pct_usage is None, small_label is 1, small_prop is 0.6, balance_seed is 9, lr is 2e-05, max_epochs is 4, split_num is 0
Training epoch 0 | loss: 0.44267 - accuracy: 0.77803
Validating epoch 0 | loss: 0.36538 - accuracy: 0.85321
Training epoch 1 | loss: 0.17013 - accuracy: 0.93974
Validating epoch 1 | loss: 0.35578 - accuracy: 0.88532
Training epoch 2 | loss: 0.07609 - accuracy: 0.97746
Validating epoch 2 | loss: 0.40805 - accuracy: 0.88532
Training epoch 3 | loss: 0.0445 - accuracy: 0.98844
Validating epoch 3 | loss: 0.43566 - accuracy: 0.88417
Model is Bert, dataset is sst, undersample is None, aug mode is context, geo is 0.9, pct_usage is None, small_label is 1, small_prop is 0.6, balance_seed is 9, lr is 2e-05, max_epochs is 4, split_num is 0
Training epoch 0 | loss: 0.42877 - accuracy: 0.78237
Validating epoch 0 | loss: 0.37489 - accuracy: 0.8555
Training epoch 1 | loss: 0.15994 - accuracy: 0.9435
Validating epoch 1 | loss: 0.34764 - accuracy: 0.88876
Training epoch 2 | loss: 0.06021 - accuracy: 0.98251
Validating epoch 2 | loss: 0.40906 - accuracy: 0.89106
Training epoch 3 | loss: 0.03267 - accuracy: 0.99234
Validating epoch 3 | loss: 0.4416 - accuracy: 0.88647
Model is Bert, dataset is sst, undersample is False, aug mode is None, geo is None, pct_usage is None, small_label is 1, small_prop is 0.6, balance_seed is 9, lr is 2e-05, max_epochs is 4, split_num is 0
Training epoch 0 | loss: 0.46129 - accuracy: 0.76329
Validating epoch 0 | loss: 0.29092 - accuracy: 0.88303
Training epoch 1 | loss: 0.1536 - accuracy: 0.94855
Validating epoch 1 | loss: 0.35467 - accuracy: 0.88991
Training epoch 2 | loss: 0.05512 - accuracy: 0.9841
Validating epoch 2 | loss: 0.45531 - accuracy: 0.875
Training epoch 3 | loss: 0.0282 - accuracy: 0.99321
Validating epoch 3 | loss: 0.47963 - accuracy: 0.88303
Model is Bert, dataset is sst, undersample is True, aug mode is None, geo is None, pct_usage is None, small_label is 1, small_prop is 0.6, balance_seed is 9, lr is 2e-05, max_epochs is 4, split_num is 0
Training epoch 0 | loss: 0.40559 - accuracy: 0.80694
Validating epoch 0 | loss: 0.37004 - accuracy: 0.8555
Training epoch 1 | loss: 0.13771 - accuracy: 0.95405
Validating epoch 1 | loss: 0.39685 - accuracy: 0.875
Training epoch 2 | loss: 0.05181 - accuracy: 0.9854
Validating epoch 2 | loss: 0.43172 - accuracy: 0.87844
Training epoch 3 | loss: 0.02489 - accuracy: 0.99451
Validating epoch 3 | loss: 0.48717 - accuracy: 0.88532
Model is Bert, dataset is sst, undersample is None, aug mode is context, geo is 0.1, pct_usage is None, small_label is 0, small_prop is 0.8, balance_seed is 9, lr is 2e-05, max_epochs is 4, split_num is 0
Training epoch 0 | loss: 0.45867 - accuracy: 0.76908
Validating epoch 0 | loss: 0.40399 - accuracy: 0.83257
Training epoch 1 | loss: 0.23499 - accuracy: 0.90896
Validating epoch 1 | loss: 0.41661 - accuracy: 0.83372
Training epoch 2 | loss: 0.14819 - accuracy: 0.94509
Validating epoch 2 | loss: 0.51159 - accuracy: 0.82569
Training epoch 3 | loss: 0.10908 - accuracy: 0.96098
Validating epoch 3 | loss: 0.52653 - accuracy: 0.8383
Model is Bert, dataset is sst, undersample is None, aug mode is context, geo is 0.3, pct_usage is None, small_label is 0, small_prop is 0.8, balance_seed is 9, lr is 2e-05, max_epochs is 4, split_num is 0
Training epoch 0 | loss: 0.44774 - accuracy: 0.77428
Validating epoch 0 | loss: 0.2973 - accuracy: 0.87271
Training epoch 1 | loss: 0.22955 - accuracy: 0.91315
Validating epoch 1 | loss: 0.33013 - accuracy: 0.87156
Training epoch 2 | loss: 0.13192 - accuracy: 0.95665
Validating epoch 2 | loss: 0.39484 - accuracy: 0.87041
Training epoch 3 | loss: 0.08808 - accuracy: 0.97066
Validating epoch 3 | loss: 0.40015 - accuracy: 0.87844
Model is Bert, dataset is sst, undersample is None, aug mode is context, geo is 0.5, pct_usage is None, small_label is 0, small_prop is 0.8, balance_seed is 9, lr is 2e-05, max_epochs is 4, split_num is 0
Training epoch 0 | loss: 0.45462 - accuracy: 0.76965
Validating epoch 0 | loss: 0.32828 - accuracy: 0.86583
Training epoch 1 | loss: 0.22288 - accuracy: 0.91734
Validating epoch 1 | loss: 0.29641 - accuracy: 0.88303
Training epoch 2 | loss: 0.11642 - accuracy: 0.96416
Validating epoch 2 | loss: 0.34947 - accuracy: 0.88532
Training epoch 3 | loss: 0.07701 - accuracy: 0.97991
Validating epoch 3 | loss: 0.3939 - accuracy: 0.88303
Model is Bert, dataset is sst, undersample is None, aug mode is context, geo is 0.7, pct_usage is None, small_label is 0, small_prop is 0.8, balance_seed is 9, lr is 2e-05, max_epochs is 4, split_num is 0
Training epoch 0 | loss: 0.46482 - accuracy: 0.77514
Validating epoch 0 | loss: 0.31563 - accuracy: 0.86927
Training epoch 1 | loss: 0.23373 - accuracy: 0.91503
Validating epoch 1 | loss: 0.32613 - accuracy: 0.86353
Training epoch 2 | loss: 0.13803 - accuracy: 0.9552
Validating epoch 2 | loss: 0.35076 - accuracy: 0.87271
Training epoch 3 | loss: 0.07602 - accuracy: 0.97861
Validating epoch 3 | loss: 0.40091 - accuracy: 0.86812
Model is Bert, dataset is sst, undersample is None, aug mode is context, geo is 0.9, pct_usage is None, small_label is 0, small_prop is 0.8, balance_seed is 9, lr is 2e-05, max_epochs is 4, split_num is 0
Training epoch 0 | loss: 0.4462 - accuracy: 0.76806
Validating epoch 0 | loss: 0.34463 - accuracy: 0.86812
Training epoch 1 | loss: 0.19016 - accuracy: 0.93035
Validating epoch 1 | loss: 0.33644 - accuracy: 0.87041
Training epoch 2 | loss: 0.08719 - accuracy: 0.97052
Validating epoch 2 | loss: 0.40742 - accuracy: 0.87615
Training epoch 3 | loss: 0.04603 - accuracy: 0.98743
Validating epoch 3 | loss: 0.46606 - accuracy: 0.87615
Model is Bert, dataset is sst, undersample is False, aug mode is None, geo is None, pct_usage is None, small_label is 0, small_prop is 0.8, balance_seed is 9, lr is 2e-05, max_epochs is 4, split_num is 0
Training epoch 0 | loss: 0.43765 - accuracy: 0.78064
Validating epoch 0 | loss: 0.31659 - accuracy: 0.87615
Training epoch 1 | loss: 0.19911 - accuracy: 0.92601
Validating epoch 1 | loss: 0.33287 - accuracy: 0.875
Training epoch 2 | loss: 0.08642 - accuracy: 0.97211
Validating epoch 2 | loss: 0.39419 - accuracy: 0.88417
Training epoch 3 | loss: 0.04927 - accuracy: 0.98685
Validating epoch 3 | loss: 0.43558 - accuracy: 0.88761
Model is Bert, dataset is sst, undersample is True, aug mode is None, geo is None, pct_usage is None, small_label is 0, small_prop is 0.8, balance_seed is 9, lr is 2e-05, max_epochs is 4, split_num is 0
Training epoch 0 | loss: 0.44212 - accuracy: 0.77905
Validating epoch 0 | loss: 0.3375 - accuracy: 0.86812
Training epoch 1 | loss: 0.18464 - accuracy: 0.9354
Validating epoch 1 | loss: 0.36093 - accuracy: 0.88073
Training epoch 2 | loss: 0.07776 - accuracy: 0.97543
Validating epoch 2 | loss: 0.41438 - accuracy: 0.88303
Training epoch 3 | loss: 0.03667 - accuracy: 0.99191
Validating epoch 3 | loss: 0.46091 - accuracy: 0.88303
Model is Bert, dataset is sst, undersample is None, aug mode is context, geo is 0.1, pct_usage is None, small_label is 1, small_prop is 0.8, balance_seed is 9, lr is 2e-05, max_epochs is 4, split_num is 0
Training epoch 0 | loss: 0.41653 - accuracy: 0.79523
Validating epoch 0 | loss: 0.33961 - accuracy: 0.86353
Training epoch 1 | loss: 0.19631 - accuracy: 0.92413
Validating epoch 1 | loss: 0.37723 - accuracy: 0.86124
Training epoch 2 | loss: 0.12872 - accuracy: 0.95202
Validating epoch 2 | loss: 0.41768 - accuracy: 0.8578
Training epoch 3 | loss: 0.07685 - accuracy: 0.9724
Validating epoch 3 | loss: 0.50634 - accuracy: 0.84977
Model is Bert, dataset is sst, undersample is None, aug mode is context, geo is 0.3, pct_usage is None, small_label is 1, small_prop is 0.8, balance_seed is 9, lr is 2e-05, max_epochs is 4, split_num is 0
Training epoch 0 | loss: 0.46943 - accuracy: 0.7672
Validating epoch 0 | loss: 0.31855 - accuracy: 0.86927
Training epoch 1 | loss: 0.23496 - accuracy: 0.91084
Validating epoch 1 | loss: 0.31513 - accuracy: 0.88532
Training epoch 2 | loss: 0.1476 - accuracy: 0.94783
Validating epoch 2 | loss: 0.38972 - accuracy: 0.88532
Training epoch 3 | loss: 0.09285 - accuracy: 0.97052
Validating epoch 3 | loss: 0.43754 - accuracy: 0.87844
Model is Bert, dataset is sst, undersample is None, aug mode is context, geo is 0.5, pct_usage is None, small_label is 1, small_prop is 0.8, balance_seed is 9, lr is 2e-05, max_epochs is 4, split_num is 0
Training epoch 0 | loss: 0.42812 - accuracy: 0.79682
Validating epoch 0 | loss: 0.31852 - accuracy: 0.87844
Training epoch 1 | loss: 0.20229 - accuracy: 0.92572
Validating epoch 1 | loss: 0.33629 - accuracy: 0.88073
Training epoch 2 | loss: 0.11101 - accuracy: 0.96618
Validating epoch 2 | loss: 0.35642 - accuracy: 0.89908
Training epoch 3 | loss: 0.06868 - accuracy: 0.98194
Validating epoch 3 | loss: 0.3964 - accuracy: 0.89679
Model is Bert, dataset is sst, undersample is None, aug mode is context, geo is 0.7, pct_usage is None, small_label is 1, small_prop is 0.8, balance_seed is 9, lr is 2e-05, max_epochs is 4, split_num is 0
Training epoch 0 | loss: 0.45149 - accuracy: 0.77182
Validating epoch 0 | loss: 0.338 - accuracy: 0.87041
Training epoch 1 | loss: 0.20707 - accuracy: 0.9237
Validating epoch 1 | loss: 0.31122 - accuracy: 0.87729
Training epoch 2 | loss: 0.10115 - accuracy: 0.96749
Validating epoch 2 | loss: 0.3713 - accuracy: 0.88647
Training epoch 3 | loss: 0.05666 - accuracy: 0.98439
Validating epoch 3 | loss: 0.4019 - accuracy: 0.88876
Model is Bert, dataset is sst, undersample is None, aug mode is context, geo is 0.9, pct_usage is None, small_label is 1, small_prop is 0.8, balance_seed is 9, lr is 2e-05, max_epochs is 4, split_num is 0
Training epoch 0 | loss: 0.45223 - accuracy: 0.76908
Validating epoch 0 | loss: 0.31863 - accuracy: 0.86583
Training epoch 1 | loss: 0.19884 - accuracy: 0.92572
Validating epoch 1 | loss: 0.32716 - accuracy: 0.88532
Training epoch 2 | loss: 0.09152 - accuracy: 0.97168
Validating epoch 2 | loss: 0.37643 - accuracy: 0.88991
Training epoch 3 | loss: 0.04479 - accuracy: 0.98916
Validating epoch 3 | loss: 0.40309 - accuracy: 0.89106
Model is Bert, dataset is sst, undersample is False, aug mode is None, geo is None, pct_usage is None, small_label is 1, small_prop is 0.8, balance_seed is 9, lr is 2e-05, max_epochs is 4, split_num is 0
Training epoch 0 | loss: 0.45475 - accuracy: 0.77153
Validating epoch 0 | loss: 0.31745 - accuracy: 0.87385
Training epoch 1 | loss: 0.20501 - accuracy: 0.92298
Validating epoch 1 | loss: 0.30865 - accuracy: 0.875
Training epoch 2 | loss: 0.10129 - accuracy: 0.96806
Validating epoch 2 | loss: 0.38972 - accuracy: 0.88073
Training epoch 3 | loss: 0.05823 - accuracy: 0.98425
Validating epoch 3 | loss: 0.43226 - accuracy: 0.88188
Model is Bert, dataset is sst, undersample is True, aug mode is None, geo is None, pct_usage is None, small_label is 1, small_prop is 0.8, balance_seed is 9, lr is 2e-05, max_epochs is 4, split_num is 0
Training epoch 0 | loss: 0.45545 - accuracy: 0.77312
Validating epoch 0 | loss: 0.32655 - accuracy: 0.87271
Training epoch 1 | loss: 0.1928 - accuracy: 0.93367
Validating epoch 1 | loss: 0.34387 - accuracy: 0.87156
Training epoch 2 | loss: 0.09559 - accuracy: 0.97197
Validating epoch 2 | loss: 0.41343 - accuracy: 0.88188
Training epoch 3 | loss: 0.05569 - accuracy: 0.98584
Validating epoch 3 | loss: 0.46838 - accuracy: 0.875
