Model is Bert, dataset is subj, undersample is False, aug mode is None, geo is 0.5, small_label is 0, small_prop is 0.5, balance_seed is 2
Training epoch 0 | loss: 0.16773 - accuracy: 0.94133
Validating epoch 0 | loss: 0.16981 - accuracy: 0.943
Training epoch 1 | loss: 0.03823 - accuracy: 0.98944
Validating epoch 1 | loss: 0.43395 - accuracy: 0.921
Training epoch 2 | loss: 0.00829 - accuracy: 0.99822
Validating epoch 2 | loss: 0.39466 - accuracy: 0.941
Training epoch 3 | loss: 0.00061 - accuracy: 0.99978
Validating epoch 3 | loss: 0.40999 - accuracy: 0.94
Model is Bert, dataset is subj, undersample is True, aug mode is None, geo is 0.5, small_label is 0, small_prop is 0.5, balance_seed is 2
Training epoch 0 | loss: 0.21825 - accuracy: 0.91356
Validating epoch 0 | loss: 0.24381 - accuracy: 0.927
Training epoch 1 | loss: 0.06531 - accuracy: 0.98222
Validating epoch 1 | loss: 0.25545 - accuracy: 0.94
Training epoch 2 | loss: 0.02017 - accuracy: 0.99489
Validating epoch 2 | loss: 0.27275 - accuracy: 0.949
Training epoch 3 | loss: 0.00507 - accuracy: 0.99889
Validating epoch 3 | loss: 0.29457 - accuracy: 0.948
Model is Bert, dataset is subj, undersample is False, aug mode is trans, geo is 0.3, small_label is 0, small_prop is 0.5, balance_seed is 2
Training epoch 0 | loss: 0.20962 - accuracy: 0.91933
Validating epoch 0 | loss: 0.22805 - accuracy: 0.921
Training epoch 1 | loss: 0.08369 - accuracy: 0.97556
Validating epoch 1 | loss: 0.2326 - accuracy: 0.937
Training epoch 2 | loss: 0.04647 - accuracy: 0.98722
Validating epoch 2 | loss: 0.23296 - accuracy: 0.946
Training epoch 3 | loss: 0.01916 - accuracy: 0.99444
Validating epoch 3 | loss: 0.28436 - accuracy: 0.945
Model is Bert, dataset is subj, undersample is False, aug mode is trans, geo is 0.4, small_label is 0, small_prop is 0.5, balance_seed is 2
Training epoch 0 | loss: 0.20738 - accuracy: 0.92278
Validating epoch 0 | loss: 0.16999 - accuracy: 0.938
Training epoch 1 | loss: 0.08346 - accuracy: 0.97589
Validating epoch 1 | loss: 0.30233 - accuracy: 0.928
Training epoch 2 | loss: 0.03912 - accuracy: 0.98911
Validating epoch 2 | loss: 0.26376 - accuracy: 0.944
Training epoch 3 | loss: 0.02179 - accuracy: 0.99467
Validating epoch 3 | loss: 0.31544 - accuracy: 0.94
Model is Bert, dataset is subj, undersample is False, aug mode is trans, geo is 0.5, small_label is 0, small_prop is 0.5, balance_seed is 2
Training epoch 0 | loss: 0.19633 - accuracy: 0.93056
Validating epoch 0 | loss: 0.16822 - accuracy: 0.936
Training epoch 1 | loss: 0.08577 - accuracy: 0.97489
Validating epoch 1 | loss: 0.19168 - accuracy: 0.945
Training epoch 2 | loss: 0.03873 - accuracy: 0.98967
Validating epoch 2 | loss: 0.2303 - accuracy: 0.951
Training epoch 3 | loss: 0.02008 - accuracy: 0.99478
Validating epoch 3 | loss: 0.27183 - accuracy: 0.947
Model is Bert, dataset is subj, undersample is False, aug mode is trans, geo is 0.6, small_label is 0, small_prop is 0.5, balance_seed is 2
Training epoch 0 | loss: 0.20158 - accuracy: 0.92544
Validating epoch 0 | loss: 0.19354 - accuracy: 0.941
Training epoch 1 | loss: 0.08519 - accuracy: 0.97478
Validating epoch 1 | loss: 0.19446 - accuracy: 0.946
Training epoch 2 | loss: 0.03935 - accuracy: 0.99
Validating epoch 2 | loss: 0.23571 - accuracy: 0.948
Training epoch 3 | loss: 0.01974 - accuracy: 0.99456
Validating epoch 3 | loss: 0.26944 - accuracy: 0.947
Model is Bert, dataset is subj, undersample is False, aug mode is trans, geo is 0.7, small_label is 0, small_prop is 0.5, balance_seed is 2
Training epoch 0 | loss: 0.18395 - accuracy: 0.93533
Validating epoch 0 | loss: 0.17598 - accuracy: 0.94
Training epoch 1 | loss: 0.06607 - accuracy: 0.98189
Validating epoch 1 | loss: 0.20587 - accuracy: 0.952
Training epoch 2 | loss: 0.03153 - accuracy: 0.99067
Validating epoch 2 | loss: 0.2347 - accuracy: 0.949
Training epoch 3 | loss: 0.01453 - accuracy: 0.99611
Validating epoch 3 | loss: 0.31294 - accuracy: 0.939
Model is Bert, dataset is subj, undersample is False, aug mode is trans, geo is 0.8, small_label is 0, small_prop is 0.5, balance_seed is 2
Training epoch 0 | loss: 0.18585 - accuracy: 0.93444
Validating epoch 0 | loss: 0.18299 - accuracy: 0.943
Training epoch 1 | loss: 0.06615 - accuracy: 0.98178
Validating epoch 1 | loss: 0.23583 - accuracy: 0.939
Training epoch 2 | loss: 0.02854 - accuracy: 0.99233
Validating epoch 2 | loss: 0.2433 - accuracy: 0.945
Training epoch 3 | loss: 0.01775 - accuracy: 0.99589
Validating epoch 3 | loss: 0.28575 - accuracy: 0.946
Model is Bert, dataset is subj, undersample is False, aug mode is trans, geo is 0.9, small_label is 0, small_prop is 0.5, balance_seed is 2
Training epoch 0 | loss: 0.18801 - accuracy: 0.92989
Validating epoch 0 | loss: 0.20249 - accuracy: 0.948
Training epoch 1 | loss: 0.05805 - accuracy: 0.98367
Validating epoch 1 | loss: 0.35888 - accuracy: 0.919
Training epoch 2 | loss: 0.02636 - accuracy: 0.99311
Validating epoch 2 | loss: 0.26548 - accuracy: 0.951
Training epoch 3 | loss: 0.01498 - accuracy: 0.99622
Validating epoch 3 | loss: 0.25411 - accuracy: 0.953
Model is Bert, dataset is subj, undersample is False, aug mode is None, geo is 0.5, small_label is 1, small_prop is 0.5, balance_seed is 2
Training epoch 0 | loss: 0.17072 - accuracy: 0.94044
Validating epoch 0 | loss: 0.23609 - accuracy: 0.927
Training epoch 1 | loss: 0.03736 - accuracy: 0.99067
Validating epoch 1 | loss: 0.33176 - accuracy: 0.927
Training epoch 2 | loss: 0.00519 - accuracy: 0.999
Validating epoch 2 | loss: 0.28746 - accuracy: 0.952
Training epoch 3 | loss: 0.00147 - accuracy: 0.99967
Validating epoch 3 | loss: 0.30129 - accuracy: 0.953
Model is Bert, dataset is subj, undersample is True, aug mode is None, geo is 0.5, small_label is 1, small_prop is 0.5, balance_seed is 2
Training epoch 0 | loss: 0.20945 - accuracy: 0.92244
Validating epoch 0 | loss: 0.22676 - accuracy: 0.936
Training epoch 1 | loss: 0.08078 - accuracy: 0.97644
Validating epoch 1 | loss: 0.21354 - accuracy: 0.936
Training epoch 2 | loss: 0.02655 - accuracy: 0.99333
Validating epoch 2 | loss: 0.24856 - accuracy: 0.95
Training epoch 3 | loss: 0.01168 - accuracy: 0.99822
Validating epoch 3 | loss: 0.26714 - accuracy: 0.947
Model is Bert, dataset is subj, undersample is False, aug mode is trans, geo is 0.3, small_label is 1, small_prop is 0.5, balance_seed is 2
Training epoch 0 | loss: 0.18466 - accuracy: 0.93478
Validating epoch 0 | loss: 0.23261 - accuracy: 0.935
Training epoch 1 | loss: 0.06882 - accuracy: 0.97878
Validating epoch 1 | loss: 0.22821 - accuracy: 0.948
Training epoch 2 | loss: 0.03061 - accuracy: 0.99167
Validating epoch 2 | loss: 0.24124 - accuracy: 0.951
Training epoch 3 | loss: 0.01032 - accuracy: 0.99722
Validating epoch 3 | loss: 0.29374 - accuracy: 0.949
Model is Bert, dataset is subj, undersample is False, aug mode is trans, geo is 0.4, small_label is 1, small_prop is 0.5, balance_seed is 2
Training epoch 0 | loss: 0.17197 - accuracy: 0.93633
Validating epoch 0 | loss: 0.14979 - accuracy: 0.947
Training epoch 1 | loss: 0.05611 - accuracy: 0.98267
Validating epoch 1 | loss: 0.20395 - accuracy: 0.947
Training epoch 2 | loss: 0.02793 - accuracy: 0.993
Validating epoch 2 | loss: 0.25953 - accuracy: 0.952
Training epoch 3 | loss: 0.00918 - accuracy: 0.99744
Validating epoch 3 | loss: 0.31104 - accuracy: 0.945
Model is Bert, dataset is subj, undersample is False, aug mode is trans, geo is 0.5, small_label is 1, small_prop is 0.5, balance_seed is 2
Training epoch 0 | loss: 0.16791 - accuracy: 0.94178
Validating epoch 0 | loss: 0.16518 - accuracy: 0.942
Training epoch 1 | loss: 0.0568 - accuracy: 0.98478
Validating epoch 1 | loss: 0.24363 - accuracy: 0.951
Training epoch 2 | loss: 0.02259 - accuracy: 0.99467
Validating epoch 2 | loss: 0.27421 - accuracy: 0.949
Training epoch 3 | loss: 0.01307 - accuracy: 0.99678
Validating epoch 3 | loss: 0.32953 - accuracy: 0.948
Model is Bert, dataset is subj, undersample is False, aug mode is trans, geo is 0.6, small_label is 1, small_prop is 0.5, balance_seed is 2
Training epoch 0 | loss: 0.15927 - accuracy: 0.94489
Validating epoch 0 | loss: 0.21912 - accuracy: 0.939
Training epoch 1 | loss: 0.05882 - accuracy: 0.98367
Validating epoch 1 | loss: 0.24747 - accuracy: 0.943
Training epoch 2 | loss: 0.02465 - accuracy: 0.99289
Validating epoch 2 | loss: 0.33585 - accuracy: 0.943
Training epoch 3 | loss: 0.01054 - accuracy: 0.99711
Validating epoch 3 | loss: 0.30895 - accuracy: 0.95
Model is Bert, dataset is subj, undersample is False, aug mode is trans, geo is 0.7, small_label is 1, small_prop is 0.5, balance_seed is 2
Training epoch 0 | loss: 0.16035 - accuracy: 0.94422
Validating epoch 0 | loss: 0.2158 - accuracy: 0.94
Training epoch 1 | loss: 0.04789 - accuracy: 0.98722
Validating epoch 1 | loss: 0.23896 - accuracy: 0.956
Training epoch 2 | loss: 0.02239 - accuracy: 0.99378
Validating epoch 2 | loss: 0.26251 - accuracy: 0.952
Training epoch 3 | loss: 0.01053 - accuracy: 0.99733
Validating epoch 3 | loss: 0.29055 - accuracy: 0.953
Model is Bert, dataset is subj, undersample is False, aug mode is trans, geo is 0.8, small_label is 1, small_prop is 0.5, balance_seed is 2
Training epoch 0 | loss: 0.15493 - accuracy: 0.94678
Validating epoch 0 | loss: 0.19795 - accuracy: 0.938
Training epoch 1 | loss: 0.04845 - accuracy: 0.98633
Validating epoch 1 | loss: 0.22708 - accuracy: 0.951
Training epoch 2 | loss: 0.02041 - accuracy: 0.99478
Validating epoch 2 | loss: 0.26748 - accuracy: 0.956
Training epoch 3 | loss: 0.01333 - accuracy: 0.99733
Validating epoch 3 | loss: 0.29754 - accuracy: 0.951
Model is Bert, dataset is subj, undersample is False, aug mode is trans, geo is 0.9, small_label is 1, small_prop is 0.5, balance_seed is 2
Training epoch 0 | loss: 0.16951 - accuracy: 0.943
Validating epoch 0 | loss: 0.1715 - accuracy: 0.946
Training epoch 1 | loss: 0.03953 - accuracy: 0.98978
Validating epoch 1 | loss: 0.26775 - accuracy: 0.941
Training epoch 2 | loss: 0.01405 - accuracy: 0.997
Validating epoch 2 | loss: 0.30073 - accuracy: 0.948
Training epoch 3 | loss: 0.01091 - accuracy: 0.99756
Validating epoch 3 | loss: 0.3031 - accuracy: 0.949
