Model is Bert, dataset is sst, undersample is False, aug mode is None, geo is 0.5, pct_usage is None, small_label is 0, small_prop is 0.1, balance_seed is 1, max_epochs is 4, split_num is 0
Training epoch 0 | loss: 0.31052 - accuracy: 0.84783
Validating epoch 0 | loss: 0.86703 - accuracy: 0.77638
Training epoch 1 | loss: 0.0414 - accuracy: 0.98829
Validating epoch 1 | loss: 1.21807 - accuracy: 0.74312
Training epoch 2 | loss: 0.01168 - accuracy: 0.99754
Validating epoch 2 | loss: 1.48853 - accuracy: 0.72018
Training epoch 3 | loss: 0.00383 - accuracy: 0.99928
Validating epoch 3 | loss: 1.38452 - accuracy: 0.75803
Model is Bert, dataset is sst, undersample is True, aug mode is None, geo is 0.5, pct_usage is None, small_label is 0, small_prop is 0.1, balance_seed is 1, max_epochs is 4, split_num is 0
Training epoch 0 | loss: 0.28359 - accuracy: 0.85477
Validating epoch 0 | loss: 0.60443 - accuracy: 0.83716
Training epoch 1 | loss: 0.0093 - accuracy: 0.99841
Validating epoch 1 | loss: 0.74289 - accuracy: 0.84174
Training epoch 2 | loss: 0.00236 - accuracy: 1.0
Validating epoch 2 | loss: 0.7863 - accuracy: 0.84518
Training epoch 3 | loss: 0.00203 - accuracy: 0.99971
Validating epoch 3 | loss: 0.85477 - accuracy: 0.84289
Model is Bert, dataset is sst, undersample is False, aug mode is trans, geo is 0.1, pct_usage is None, small_label is 0, small_prop is 0.1, balance_seed is 1, max_epochs is 4, split_num is 0
Training epoch 0 | loss: 0.4071 - accuracy: 0.79205
Validating epoch 0 | loss: 0.46309 - accuracy: 0.82339
Training epoch 1 | loss: 0.11931 - accuracy: 0.9578
Validating epoch 1 | loss: 0.5628 - accuracy: 0.81651
Training epoch 2 | loss: 0.04673 - accuracy: 0.98584
Validating epoch 2 | loss: 0.72601 - accuracy: 0.81193
Training epoch 3 | loss: 0.02834 - accuracy: 0.99133
Validating epoch 3 | loss: 0.77054 - accuracy: 0.81078
Model is Bert, dataset is sst, undersample is False, aug mode is trans, geo is 0.3, pct_usage is None, small_label is 0, small_prop is 0.1, balance_seed is 1, max_epochs is 4, split_num is 0
Training epoch 0 | loss: 0.40693 - accuracy: 0.79798
Validating epoch 0 | loss: 0.45326 - accuracy: 0.82683
Training epoch 1 | loss: 0.13476 - accuracy: 0.95549
Validating epoch 1 | loss: 0.58033 - accuracy: 0.82225
Training epoch 2 | loss: 0.06655 - accuracy: 0.97919
Validating epoch 2 | loss: 0.59387 - accuracy: 0.83257
Training epoch 3 | loss: 0.04072 - accuracy: 0.98931
Validating epoch 3 | loss: 0.6829 - accuracy: 0.81651
Model is Bert, dataset is sst, undersample is False, aug mode is trans, geo is 0.5, pct_usage is None, small_label is 0, small_prop is 0.1, balance_seed is 1, max_epochs is 4, split_num is 0
Training epoch 0 | loss: 0.39754 - accuracy: 0.80361
Validating epoch 0 | loss: 0.60437 - accuracy: 0.78784
Training epoch 1 | loss: 0.10635 - accuracy: 0.96561
Validating epoch 1 | loss: 0.5745 - accuracy: 0.82913
Training epoch 2 | loss: 0.06018 - accuracy: 0.98309
Validating epoch 2 | loss: 0.78193 - accuracy: 0.78899
Training epoch 3 | loss: 0.0372 - accuracy: 0.99032
Validating epoch 3 | loss: 0.73298 - accuracy: 0.80505
Model is Bert, dataset is sst, undersample is False, aug mode is trans, geo is 0.7, pct_usage is None, small_label is 0, small_prop is 0.1, balance_seed is 1, max_epochs is 4, split_num is 0
Training epoch 0 | loss: 0.35768 - accuracy: 0.82327
Validating epoch 0 | loss: 0.58545 - accuracy: 0.81078
Training epoch 1 | loss: 0.09838 - accuracy: 0.96777
Validating epoch 1 | loss: 0.56946 - accuracy: 0.83716
Training epoch 2 | loss: 0.05582 - accuracy: 0.98309
Validating epoch 2 | loss: 0.70701 - accuracy: 0.79931
Training epoch 3 | loss: 0.03297 - accuracy: 0.99133
Validating epoch 3 | loss: 0.74605 - accuracy: 0.80505
Model is Bert, dataset is sst, undersample is False, aug mode is trans, geo is 0.9, pct_usage is None, small_label is 0, small_prop is 0.1, balance_seed is 1, max_epochs is 4, split_num is 0
Training epoch 0 | loss: 0.35155 - accuracy: 0.81965
Validating epoch 0 | loss: 0.63384 - accuracy: 0.77523
Training epoch 1 | loss: 0.08496 - accuracy: 0.97327
Validating epoch 1 | loss: 0.85617 - accuracy: 0.74083
Training epoch 2 | loss: 0.039 - accuracy: 0.99061
Validating epoch 2 | loss: 0.70757 - accuracy: 0.81307
Training epoch 3 | loss: 0.03046 - accuracy: 0.99147
Validating epoch 3 | loss: 0.77101 - accuracy: 0.79587
Model is Bert, dataset is sst, undersample is False, aug mode is None, geo is 0.5, pct_usage is None, small_label is 1, small_prop is 0.1, balance_seed is 1, max_epochs is 4, split_num is 0
Training epoch 0 | loss: 0.34444 - accuracy: 0.82948
Validating epoch 0 | loss: 0.54768 - accuracy: 0.81193
Training epoch 1 | loss: 0.03879 - accuracy: 0.99003
Validating epoch 1 | loss: 0.73102 - accuracy: 0.81766
Training epoch 2 | loss: 0.01128 - accuracy: 0.99711
Validating epoch 2 | loss: 1.11475 - accuracy: 0.77752
Training epoch 3 | loss: 0.00528 - accuracy: 0.99884
Validating epoch 3 | loss: 1.01995 - accuracy: 0.79702
Model is Bert, dataset is sst, undersample is True, aug mode is None, geo is 0.5, pct_usage is None, small_label is 1, small_prop is 0.1, balance_seed is 1, max_epochs is 4, split_num is 0
Training epoch 0 | loss: 0.27409 - accuracy: 0.86315
Validating epoch 0 | loss: 0.573 - accuracy: 0.85436
Training epoch 1 | loss: 0.01163 - accuracy: 0.9974
Validating epoch 1 | loss: 0.70048 - accuracy: 0.84633
Training epoch 2 | loss: 0.00248 - accuracy: 0.99971
Validating epoch 2 | loss: 0.74412 - accuracy: 0.85321
Training epoch 3 | loss: 0.00105 - accuracy: 1.0
Validating epoch 3 | loss: 0.746 - accuracy: 0.85321
Model is Bert, dataset is sst, undersample is False, aug mode is trans, geo is 0.1, pct_usage is None, small_label is 1, small_prop is 0.1, balance_seed is 1, max_epochs is 4, split_num is 0
Training epoch 0 | loss: 0.4235 - accuracy: 0.7948
Validating epoch 0 | loss: 0.59839 - accuracy: 0.77867
Training epoch 1 | loss: 0.14355 - accuracy: 0.94986
Validating epoch 1 | loss: 0.51432 - accuracy: 0.83372
Training epoch 2 | loss: 0.06241 - accuracy: 0.98179
Validating epoch 2 | loss: 0.56566 - accuracy: 0.84174
Training epoch 3 | loss: 0.03616 - accuracy: 0.98988
Validating epoch 3 | loss: 0.62349 - accuracy: 0.8383
Model is Bert, dataset is sst, undersample is False, aug mode is trans, geo is 0.3, pct_usage is None, small_label is 1, small_prop is 0.1, balance_seed is 1, max_epochs is 4, split_num is 0
Training epoch 0 | loss: 0.42057 - accuracy: 0.77905
Validating epoch 0 | loss: 0.3631 - accuracy: 0.86468
Training epoch 1 | loss: 0.11143 - accuracy: 0.95968
Validating epoch 1 | loss: 0.56353 - accuracy: 0.83142
Training epoch 2 | loss: 0.04245 - accuracy: 0.98699
Validating epoch 2 | loss: 0.62384 - accuracy: 0.84174
Training epoch 3 | loss: 0.02585 - accuracy: 0.99277
Validating epoch 3 | loss: 0.5936 - accuracy: 0.85206
Model is Bert, dataset is sst, undersample is False, aug mode is trans, geo is 0.5, pct_usage is None, small_label is 1, small_prop is 0.1, balance_seed is 1, max_epochs is 4, split_num is 0
Training epoch 0 | loss: 0.41337 - accuracy: 0.79465
Validating epoch 0 | loss: 0.42626 - accuracy: 0.8406
Training epoch 1 | loss: 0.12087 - accuracy: 0.95896
Validating epoch 1 | loss: 0.53226 - accuracy: 0.83142
Training epoch 2 | loss: 0.05143 - accuracy: 0.9828
Validating epoch 2 | loss: 0.59118 - accuracy: 0.8578
Training epoch 3 | loss: 0.03165 - accuracy: 0.99118
Validating epoch 3 | loss: 0.60559 - accuracy: 0.85206
Model is Bert, dataset is sst, undersample is False, aug mode is trans, geo is 0.7, pct_usage is None, small_label is 1, small_prop is 0.1, balance_seed is 1, max_epochs is 4, split_num is 0
Training epoch 0 | loss: 0.39421 - accuracy: 0.81012
Validating epoch 0 | loss: 0.43778 - accuracy: 0.84748
Training epoch 1 | loss: 0.10034 - accuracy: 0.96604
Validating epoch 1 | loss: 0.60034 - accuracy: 0.81537
Training epoch 2 | loss: 0.05096 - accuracy: 0.98569
Validating epoch 2 | loss: 0.60948 - accuracy: 0.83945
Training epoch 3 | loss: 0.03911 - accuracy: 0.98858
Validating epoch 3 | loss: 0.52522 - accuracy: 0.86124
Model is Bert, dataset is sst, undersample is False, aug mode is trans, geo is 0.9, pct_usage is None, small_label is 1, small_prop is 0.1, balance_seed is 1, max_epochs is 4, split_num is 0
Training epoch 0 | loss: 0.40526 - accuracy: 0.7922
Validating epoch 0 | loss: 0.48763 - accuracy: 0.83257
Training epoch 1 | loss: 0.08154 - accuracy: 0.97616
Validating epoch 1 | loss: 0.75766 - accuracy: 0.78784
Training epoch 2 | loss: 0.04477 - accuracy: 0.98873
Validating epoch 2 | loss: 0.59276 - accuracy: 0.83372
Training epoch 3 | loss: 0.03063 - accuracy: 0.99191
Validating epoch 3 | loss: 0.56766 - accuracy: 0.84518
Model is Bert, dataset is sst, undersample is False, aug mode is None, geo is 0.5, pct_usage is None, small_label is 0, small_prop is 0.3, balance_seed is 1, max_epochs is 4, split_num is 0
Training epoch 0 | loss: 0.39294 - accuracy: 0.81127
Validating epoch 0 | loss: 0.50702 - accuracy: 0.82225
Training epoch 1 | loss: 0.09715 - accuracy: 0.96777
Validating epoch 1 | loss: 0.55198 - accuracy: 0.84748
Training epoch 2 | loss: 0.03266 - accuracy: 0.99147
Validating epoch 2 | loss: 0.75894 - accuracy: 0.83142
Training epoch 3 | loss: 0.01467 - accuracy: 0.99697
Validating epoch 3 | loss: 0.77025 - accuracy: 0.8383
Model is Bert, dataset is sst, undersample is True, aug mode is None, geo is 0.5, pct_usage is None, small_label is 0, small_prop is 0.3, balance_seed is 1, max_epochs is 4, split_num is 0
Training epoch 0 | loss: 0.37621 - accuracy: 0.81098
Validating epoch 0 | loss: 0.41998 - accuracy: 0.86697
Training epoch 1 | loss: 0.04341 - accuracy: 0.98931
Validating epoch 1 | loss: 0.53389 - accuracy: 0.86697
Training epoch 2 | loss: 0.0155 - accuracy: 0.99682
Validating epoch 2 | loss: 0.58838 - accuracy: 0.87271
Training epoch 3 | loss: 0.00838 - accuracy: 0.99827
Validating epoch 3 | loss: 0.59854 - accuracy: 0.87271
Model is Bert, dataset is sst, undersample is False, aug mode is trans, geo is 0.1, pct_usage is None, small_label is 0, small_prop is 0.3, balance_seed is 1, max_epochs is 4, split_num is 0
Training epoch 0 | loss: 0.42068 - accuracy: 0.8013
Validating epoch 0 | loss: 0.3986 - accuracy: 0.83028
Training epoch 1 | loss: 0.19024 - accuracy: 0.93309
Validating epoch 1 | loss: 0.34589 - accuracy: 0.86468
Training epoch 2 | loss: 0.09946 - accuracy: 0.9672
Validating epoch 2 | loss: 0.43814 - accuracy: 0.86812
Training epoch 3 | loss: 0.07401 - accuracy: 0.97905
Validating epoch 3 | loss: 0.46719 - accuracy: 0.85665
Model is Bert, dataset is sst, undersample is False, aug mode is trans, geo is 0.3, pct_usage is None, small_label is 0, small_prop is 0.3, balance_seed is 1, max_epochs is 4, split_num is 0
Training epoch 0 | loss: 0.47419 - accuracy: 0.75896
Validating epoch 0 | loss: 0.34084 - accuracy: 0.85436
Training epoch 1 | loss: 0.20633 - accuracy: 0.9237
Validating epoch 1 | loss: 0.38308 - accuracy: 0.86009
Training epoch 2 | loss: 0.11492 - accuracy: 0.96272
Validating epoch 2 | loss: 0.46244 - accuracy: 0.86009
Training epoch 3 | loss: 0.07193 - accuracy: 0.97717
Validating epoch 3 | loss: 0.49317 - accuracy: 0.85436
Model is Bert, dataset is sst, undersample is False, aug mode is trans, geo is 0.5, pct_usage is None, small_label is 0, small_prop is 0.3, balance_seed is 1, max_epochs is 4, split_num is 0
Training epoch 0 | loss: 0.43076 - accuracy: 0.7909
Validating epoch 0 | loss: 0.35017 - accuracy: 0.84518
Training epoch 1 | loss: 0.18366 - accuracy: 0.93309
Validating epoch 1 | loss: 0.45162 - accuracy: 0.85092
Training epoch 2 | loss: 0.09918 - accuracy: 0.96806
Validating epoch 2 | loss: 0.45838 - accuracy: 0.86353
Training epoch 3 | loss: 0.06159 - accuracy: 0.98223
Validating epoch 3 | loss: 0.51372 - accuracy: 0.85894
Model is Bert, dataset is sst, undersample is False, aug mode is trans, geo is 0.7, pct_usage is None, small_label is 0, small_prop is 0.3, balance_seed is 1, max_epochs is 4, split_num is 0
Training epoch 0 | loss: 0.42551 - accuracy: 0.79061
Validating epoch 0 | loss: 0.37979 - accuracy: 0.85206
Training epoch 1 | loss: 0.16944 - accuracy: 0.94046
Validating epoch 1 | loss: 0.43453 - accuracy: 0.85321
Training epoch 2 | loss: 0.09783 - accuracy: 0.97038
Validating epoch 2 | loss: 0.45798 - accuracy: 0.84633
Training epoch 3 | loss: 0.05689 - accuracy: 0.98468
Validating epoch 3 | loss: 0.48393 - accuracy: 0.86697
Model is Bert, dataset is sst, undersample is False, aug mode is trans, geo is 0.9, pct_usage is None, small_label is 0, small_prop is 0.3, balance_seed is 1, max_epochs is 4, split_num is 0
Training epoch 0 | loss: 0.409 - accuracy: 0.79725
Validating epoch 0 | loss: 0.42623 - accuracy: 0.84633
Training epoch 1 | loss: 0.1393 - accuracy: 0.95246
Validating epoch 1 | loss: 0.40366 - accuracy: 0.875
Training epoch 2 | loss: 0.05779 - accuracy: 0.98439
Validating epoch 2 | loss: 0.4705 - accuracy: 0.87844
Training epoch 3 | loss: 0.04405 - accuracy: 0.98887
Validating epoch 3 | loss: 0.52799 - accuracy: 0.8555
Model is Bert, dataset is sst, undersample is False, aug mode is None, geo is 0.5, pct_usage is None, small_label is 1, small_prop is 0.3, balance_seed is 1, max_epochs is 4, split_num is 0
Training epoch 0 | loss: 0.44792 - accuracy: 0.76734
Validating epoch 0 | loss: 0.32944 - accuracy: 0.87729
Training epoch 1 | loss: 0.11918 - accuracy: 0.96286
Validating epoch 1 | loss: 0.45307 - accuracy: 0.87041
Training epoch 2 | loss: 0.03674 - accuracy: 0.99032
Validating epoch 2 | loss: 0.50983 - accuracy: 0.87729
Training epoch 3 | loss: 0.02023 - accuracy: 0.99595
Validating epoch 3 | loss: 0.54073 - accuracy: 0.87156
Model is Bert, dataset is sst, undersample is True, aug mode is None, geo is 0.5, pct_usage is None, small_label is 1, small_prop is 0.3, balance_seed is 1, max_epochs is 4, split_num is 0
Training epoch 0 | loss: 0.36548 - accuracy: 0.82124
Validating epoch 0 | loss: 0.37344 - accuracy: 0.86697
Training epoch 1 | loss: 0.03954 - accuracy: 0.98873
Validating epoch 1 | loss: 0.56087 - accuracy: 0.87041
Training epoch 2 | loss: 0.00784 - accuracy: 0.99798
Validating epoch 2 | loss: 0.72333 - accuracy: 0.8555
Training epoch 3 | loss: 0.00471 - accuracy: 0.9987
Validating epoch 3 | loss: 0.64298 - accuracy: 0.86812
Model is Bert, dataset is sst, undersample is False, aug mode is trans, geo is 0.1, pct_usage is None, small_label is 1, small_prop is 0.3, balance_seed is 1, max_epochs is 4, split_num is 0
Training epoch 0 | loss: 0.43757 - accuracy: 0.7763
Validating epoch 0 | loss: 0.37794 - accuracy: 0.86009
Training epoch 1 | loss: 0.17998 - accuracy: 0.9328
Validating epoch 1 | loss: 0.39591 - accuracy: 0.86812
Training epoch 2 | loss: 0.10142 - accuracy: 0.9659
Validating epoch 2 | loss: 0.46612 - accuracy: 0.86583
Training epoch 3 | loss: 0.06719 - accuracy: 0.97977
Validating epoch 3 | loss: 0.48502 - accuracy: 0.86124
Model is Bert, dataset is sst, undersample is False, aug mode is trans, geo is 0.3, pct_usage is None, small_label is 1, small_prop is 0.3, balance_seed is 1, max_epochs is 4, split_num is 0
Training epoch 0 | loss: 0.44931 - accuracy: 0.78136
Validating epoch 0 | loss: 0.34629 - accuracy: 0.86353
Training epoch 1 | loss: 0.18754 - accuracy: 0.93179
Validating epoch 1 | loss: 0.36853 - accuracy: 0.86697
Training epoch 2 | loss: 0.09687 - accuracy: 0.96705
Validating epoch 2 | loss: 0.42079 - accuracy: 0.87271
Training epoch 3 | loss: 0.0635 - accuracy: 0.98223
Validating epoch 3 | loss: 0.45163 - accuracy: 0.86697
Model is Bert, dataset is sst, undersample is False, aug mode is trans, geo is 0.5, pct_usage is None, small_label is 1, small_prop is 0.3, balance_seed is 1, max_epochs is 4, split_num is 0
Training epoch 0 | loss: 0.43265 - accuracy: 0.77832
Validating epoch 0 | loss: 0.33786 - accuracy: 0.87844
Training epoch 1 | loss: 0.16925 - accuracy: 0.93829
Validating epoch 1 | loss: 0.37317 - accuracy: 0.87729
Training epoch 2 | loss: 0.07756 - accuracy: 0.97746
Validating epoch 2 | loss: 0.44188 - accuracy: 0.86812
Training epoch 3 | loss: 0.05529 - accuracy: 0.9841
Validating epoch 3 | loss: 0.46161 - accuracy: 0.87729
Model is Bert, dataset is sst, undersample is False, aug mode is trans, geo is 0.7, pct_usage is None, small_label is 1, small_prop is 0.3, balance_seed is 1, max_epochs is 4, split_num is 0
Training epoch 0 | loss: 0.45181 - accuracy: 0.76604
Validating epoch 0 | loss: 0.33446 - accuracy: 0.875
Training epoch 1 | loss: 0.18066 - accuracy: 0.93396
Validating epoch 1 | loss: 0.38234 - accuracy: 0.87041
Training epoch 2 | loss: 0.08418 - accuracy: 0.97457
Validating epoch 2 | loss: 0.46072 - accuracy: 0.86124
Training epoch 3 | loss: 0.05934 - accuracy: 0.98251
Validating epoch 3 | loss: 0.49016 - accuracy: 0.87385
Model is Bert, dataset is sst, undersample is False, aug mode is trans, geo is 0.9, pct_usage is None, small_label is 1, small_prop is 0.3, balance_seed is 1, max_epochs is 4, split_num is 0
Training epoch 0 | loss: 0.4464 - accuracy: 0.76734
Validating epoch 0 | loss: 0.32567 - accuracy: 0.875
Training epoch 1 | loss: 0.14597 - accuracy: 0.95
Validating epoch 1 | loss: 0.38403 - accuracy: 0.87385
Training epoch 2 | loss: 0.062 - accuracy: 0.98266
Validating epoch 2 | loss: 0.46955 - accuracy: 0.87271
Training epoch 3 | loss: 0.04289 - accuracy: 0.98931
Validating epoch 3 | loss: 0.46984 - accuracy: 0.86812
Model is Bert, dataset is sst, undersample is False, aug mode is None, geo is 0.5, pct_usage is None, small_label is 0, small_prop is 0.5, balance_seed is 1, max_epochs is 4, split_num is 0
Training epoch 0 | loss: 0.43803 - accuracy: 0.77688
Validating epoch 0 | loss: 0.35252 - accuracy: 0.86468
Training epoch 1 | loss: 0.17026 - accuracy: 0.94104
Validating epoch 1 | loss: 0.4168 - accuracy: 0.85206
Training epoch 2 | loss: 0.06827 - accuracy: 0.97919
Validating epoch 2 | loss: 0.49683 - accuracy: 0.86124
Training epoch 3 | loss: 0.03136 - accuracy: 0.9922
Validating epoch 3 | loss: 0.55221 - accuracy: 0.85436
Model is Bert, dataset is sst, undersample is True, aug mode is None, geo is 0.5, pct_usage is None, small_label is 0, small_prop is 0.5, balance_seed is 1, max_epochs is 4, split_num is 0
Training epoch 0 | loss: 0.39998 - accuracy: 0.80029
Validating epoch 0 | loss: 0.37457 - accuracy: 0.85436
Training epoch 1 | loss: 0.09676 - accuracy: 0.97052
Validating epoch 1 | loss: 0.4611 - accuracy: 0.87385
Training epoch 2 | loss: 0.03463 - accuracy: 0.99176
Validating epoch 2 | loss: 0.5811 - accuracy: 0.86468
Training epoch 3 | loss: 0.0144 - accuracy: 0.9974
Validating epoch 3 | loss: 0.61358 - accuracy: 0.87385
Model is Bert, dataset is sst, undersample is False, aug mode is trans, geo is 0.1, pct_usage is None, small_label is 0, small_prop is 0.5, balance_seed is 1, max_epochs is 4, split_num is 0
Training epoch 0 | loss: 0.42584 - accuracy: 0.79783
Validating epoch 0 | loss: 0.39745 - accuracy: 0.83142
Training epoch 1 | loss: 0.22514 - accuracy: 0.91431
Validating epoch 1 | loss: 0.38075 - accuracy: 0.8406
Training epoch 2 | loss: 0.12687 - accuracy: 0.95361
Validating epoch 2 | loss: 0.4144 - accuracy: 0.84977
Training epoch 3 | loss: 0.09033 - accuracy: 0.97153
Validating epoch 3 | loss: 0.46631 - accuracy: 0.8406
Model is Bert, dataset is sst, undersample is False, aug mode is trans, geo is 0.3, pct_usage is None, small_label is 0, small_prop is 0.5, balance_seed is 1, max_epochs is 4, split_num is 0
Training epoch 0 | loss: 0.45512 - accuracy: 0.76575
Validating epoch 0 | loss: 0.35707 - accuracy: 0.84633
Training epoch 1 | loss: 0.21363 - accuracy: 0.91835
Validating epoch 1 | loss: 0.39222 - accuracy: 0.8383
Training epoch 2 | loss: 0.12987 - accuracy: 0.95694
Validating epoch 2 | loss: 0.42281 - accuracy: 0.86124
Training epoch 3 | loss: 0.08928 - accuracy: 0.97124
Validating epoch 3 | loss: 0.44696 - accuracy: 0.86697
Model is Bert, dataset is sst, undersample is False, aug mode is trans, geo is 0.5, pct_usage is None, small_label is 0, small_prop is 0.5, balance_seed is 1, max_epochs is 4, split_num is 0
Training epoch 0 | loss: 0.45762 - accuracy: 0.76864
Validating epoch 0 | loss: 0.31951 - accuracy: 0.87041
Training epoch 1 | loss: 0.22283 - accuracy: 0.91647
Validating epoch 1 | loss: 0.37149 - accuracy: 0.85665
Training epoch 2 | loss: 0.13717 - accuracy: 0.95116
Validating epoch 2 | loss: 0.38803 - accuracy: 0.86927
Training epoch 3 | loss: 0.08303 - accuracy: 0.97572
Validating epoch 3 | loss: 0.42213 - accuracy: 0.87271
Model is Bert, dataset is sst, undersample is False, aug mode is trans, geo is 0.7, pct_usage is None, small_label is 0, small_prop is 0.5, balance_seed is 1, max_epochs is 4, split_num is 0
Training epoch 0 | loss: 0.48269 - accuracy: 0.75289
Validating epoch 0 | loss: 0.33654 - accuracy: 0.8578
Training epoch 1 | loss: 0.22829 - accuracy: 0.91604
Validating epoch 1 | loss: 0.36392 - accuracy: 0.875
Training epoch 2 | loss: 0.12278 - accuracy: 0.95997
Validating epoch 2 | loss: 0.39161 - accuracy: 0.86697
Training epoch 3 | loss: 0.08018 - accuracy: 0.97558
Validating epoch 3 | loss: 0.43168 - accuracy: 0.87041
Model is Bert, dataset is sst, undersample is False, aug mode is trans, geo is 0.9, pct_usage is None, small_label is 0, small_prop is 0.5, balance_seed is 1, max_epochs is 4, split_num is 0
Training epoch 0 | loss: 0.44453 - accuracy: 0.77182
Validating epoch 0 | loss: 0.32357 - accuracy: 0.8578
Training epoch 1 | loss: 0.18271 - accuracy: 0.9341
Validating epoch 1 | loss: 0.37833 - accuracy: 0.86009
Training epoch 2 | loss: 0.08764 - accuracy: 0.97355
Validating epoch 2 | loss: 0.46947 - accuracy: 0.86239
Training epoch 3 | loss: 0.05064 - accuracy: 0.98685
Validating epoch 3 | loss: 0.46832 - accuracy: 0.87041
Model is Bert, dataset is sst, undersample is False, aug mode is None, geo is 0.5, pct_usage is None, small_label is 1, small_prop is 0.5, balance_seed is 1, max_epochs is 4, split_num is 0
Training epoch 0 | loss: 0.46346 - accuracy: 0.75477
Validating epoch 0 | loss: 0.31028 - accuracy: 0.87844
Training epoch 1 | loss: 0.16695 - accuracy: 0.94147
Validating epoch 1 | loss: 0.35714 - accuracy: 0.875
Training epoch 2 | loss: 0.05086 - accuracy: 0.98613
Validating epoch 2 | loss: 0.44216 - accuracy: 0.88303
Training epoch 3 | loss: 0.02063 - accuracy: 0.99451
Validating epoch 3 | loss: 0.4649 - accuracy: 0.88073
Model is Bert, dataset is sst, undersample is True, aug mode is None, geo is 0.5, pct_usage is None, small_label is 1, small_prop is 0.5, balance_seed is 1, max_epochs is 4, split_num is 0
Training epoch 0 | loss: 0.4436 - accuracy: 0.77543
Validating epoch 0 | loss: 0.38615 - accuracy: 0.83716
Training epoch 1 | loss: 0.1398 - accuracy: 0.95
Validating epoch 1 | loss: 0.43111 - accuracy: 0.87615
Training epoch 2 | loss: 0.03418 - accuracy: 0.99133
Validating epoch 2 | loss: 0.51676 - accuracy: 0.88073
Training epoch 3 | loss: 0.01362 - accuracy: 0.99682
Validating epoch 3 | loss: 0.57923 - accuracy: 0.87041
Model is Bert, dataset is sst, undersample is False, aug mode is trans, geo is 0.1, pct_usage is None, small_label is 1, small_prop is 0.5, balance_seed is 1, max_epochs is 4, split_num is 0
Training epoch 0 | loss: 0.44477 - accuracy: 0.77977
Validating epoch 0 | loss: 0.3938 - accuracy: 0.84633
Training epoch 1 | loss: 0.21041 - accuracy: 0.91864
Validating epoch 1 | loss: 0.35213 - accuracy: 0.87271
Training epoch 2 | loss: 0.11377 - accuracy: 0.96113
Validating epoch 2 | loss: 0.3934 - accuracy: 0.87041
Training epoch 3 | loss: 0.07604 - accuracy: 0.97601
Validating epoch 3 | loss: 0.442 - accuracy: 0.87156
Model is Bert, dataset is sst, undersample is False, aug mode is trans, geo is 0.3, pct_usage is None, small_label is 1, small_prop is 0.5, balance_seed is 1, max_epochs is 4, split_num is 0
Training epoch 0 | loss: 0.45892 - accuracy: 0.75795
Validating epoch 0 | loss: 0.34968 - accuracy: 0.86239
Training epoch 1 | loss: 0.20973 - accuracy: 0.91691
Validating epoch 1 | loss: 0.33214 - accuracy: 0.88073
Training epoch 2 | loss: 0.12144 - accuracy: 0.95751
Validating epoch 2 | loss: 0.40905 - accuracy: 0.86927
Training epoch 3 | loss: 0.08671 - accuracy: 0.97182
Validating epoch 3 | loss: 0.41003 - accuracy: 0.88303
Model is Bert, dataset is sst, undersample is False, aug mode is trans, geo is 0.5, pct_usage is None, small_label is 1, small_prop is 0.5, balance_seed is 1, max_epochs is 4, split_num is 0
Training epoch 0 | loss: 0.46313 - accuracy: 0.76662
Validating epoch 0 | loss: 0.32066 - accuracy: 0.87156
Training epoch 1 | loss: 0.23449 - accuracy: 0.90824
Validating epoch 1 | loss: 0.31446 - accuracy: 0.87959
Training epoch 2 | loss: 0.11975 - accuracy: 0.95983
Validating epoch 2 | loss: 0.40338 - accuracy: 0.87959
Training epoch 3 | loss: 0.08808 - accuracy: 0.97153
Validating epoch 3 | loss: 0.4321 - accuracy: 0.88073
Model is Bert, dataset is sst, undersample is False, aug mode is trans, geo is 0.7, pct_usage is None, small_label is 1, small_prop is 0.5, balance_seed is 1, max_epochs is 4, split_num is 0
Training epoch 0 | loss: 0.44291 - accuracy: 0.78714
Validating epoch 0 | loss: 0.32559 - accuracy: 0.86812
Training epoch 1 | loss: 0.21375 - accuracy: 0.9185
Validating epoch 1 | loss: 0.34479 - accuracy: 0.88303
Training epoch 2 | loss: 0.11333 - accuracy: 0.96199
Validating epoch 2 | loss: 0.39173 - accuracy: 0.87959
Training epoch 3 | loss: 0.07103 - accuracy: 0.98006
Validating epoch 3 | loss: 0.43871 - accuracy: 0.88073
Model is Bert, dataset is sst, undersample is False, aug mode is trans, geo is 0.9, pct_usage is None, small_label is 1, small_prop is 0.5, balance_seed is 1, max_epochs is 4, split_num is 0
Training epoch 0 | loss: 0.47696 - accuracy: 0.7526
Validating epoch 0 | loss: 0.30969 - accuracy: 0.87156
Training epoch 1 | loss: 0.19367 - accuracy: 0.92673
Validating epoch 1 | loss: 0.34942 - accuracy: 0.88188
Training epoch 2 | loss: 0.08451 - accuracy: 0.97543
Validating epoch 2 | loss: 0.41788 - accuracy: 0.87385
Training epoch 3 | loss: 0.04998 - accuracy: 0.98757
Validating epoch 3 | loss: 0.43339 - accuracy: 0.88303
Model is Bert, dataset is sst, undersample is False, aug mode is None, geo is 0.5, pct_usage is None, small_label is 0, small_prop is 0.7, balance_seed is 1, max_epochs is 4, split_num is 0
Training epoch 0 | loss: 0.4461 - accuracy: 0.7646
Validating epoch 0 | loss: 0.32502 - accuracy: 0.87156
Training epoch 1 | loss: 0.18582 - accuracy: 0.93555
Validating epoch 1 | loss: 0.3612 - accuracy: 0.87156
Training epoch 2 | loss: 0.07799 - accuracy: 0.97702
Validating epoch 2 | loss: 0.42262 - accuracy: 0.87729
Training epoch 3 | loss: 0.0371 - accuracy: 0.99046
Validating epoch 3 | loss: 0.48447 - accuracy: 0.87615
Model is Bert, dataset is sst, undersample is True, aug mode is None, geo is 0.5, pct_usage is None, small_label is 0, small_prop is 0.7, balance_seed is 1, max_epochs is 4, split_num is 0
Training epoch 0 | loss: 0.42224 - accuracy: 0.79523
Validating epoch 0 | loss: 0.31062 - accuracy: 0.87959
Training epoch 1 | loss: 0.1507 - accuracy: 0.95087
Validating epoch 1 | loss: 0.34729 - accuracy: 0.88303
Training epoch 2 | loss: 0.05381 - accuracy: 0.98468
Validating epoch 2 | loss: 0.42135 - accuracy: 0.88188
Training epoch 3 | loss: 0.03041 - accuracy: 0.99335
Validating epoch 3 | loss: 0.43008 - accuracy: 0.88303
Model is Bert, dataset is sst, undersample is False, aug mode is trans, geo is 0.1, pct_usage is None, small_label is 0, small_prop is 0.7, balance_seed is 1, max_epochs is 4, split_num is 0
Training epoch 0 | loss: 0.45211 - accuracy: 0.77847
Validating epoch 0 | loss: 0.39883 - accuracy: 0.81995
Training epoch 1 | loss: 0.23849 - accuracy: 0.90592
Validating epoch 1 | loss: 0.40089 - accuracy: 0.84289
Training epoch 2 | loss: 0.15511 - accuracy: 0.94306
Validating epoch 2 | loss: 0.4278 - accuracy: 0.85092
Training epoch 3 | loss: 0.10226 - accuracy: 0.96691
Validating epoch 3 | loss: 0.48901 - accuracy: 0.84748
Model is Bert, dataset is sst, undersample is False, aug mode is trans, geo is 0.3, pct_usage is None, small_label is 0, small_prop is 0.7, balance_seed is 1, max_epochs is 4, split_num is 0
Training epoch 0 | loss: 0.45193 - accuracy: 0.76908
Validating epoch 0 | loss: 0.34124 - accuracy: 0.85436
Training epoch 1 | loss: 0.24527 - accuracy: 0.90491
Validating epoch 1 | loss: 0.33074 - accuracy: 0.86239
Training epoch 2 | loss: 0.15375 - accuracy: 0.94711
Validating epoch 2 | loss: 0.36963 - accuracy: 0.87271
Training epoch 3 | loss: 0.10549 - accuracy: 0.96532
Validating epoch 3 | loss: 0.41058 - accuracy: 0.86927
Model is Bert, dataset is sst, undersample is False, aug mode is trans, geo is 0.5, pct_usage is None, small_label is 0, small_prop is 0.7, balance_seed is 1, max_epochs is 4, split_num is 0
Training epoch 0 | loss: 0.45146 - accuracy: 0.7698
Validating epoch 0 | loss: 0.33381 - accuracy: 0.87156
Training epoch 1 | loss: 0.24338 - accuracy: 0.90766
Validating epoch 1 | loss: 0.36419 - accuracy: 0.86009
Training epoch 2 | loss: 0.15228 - accuracy: 0.94595
Validating epoch 2 | loss: 0.40056 - accuracy: 0.86468
Training epoch 3 | loss: 0.11011 - accuracy: 0.96329
Validating epoch 3 | loss: 0.41538 - accuracy: 0.87385
Model is Bert, dataset is sst, undersample is False, aug mode is trans, geo is 0.7, pct_usage is None, small_label is 0, small_prop is 0.7, balance_seed is 1, max_epochs is 4, split_num is 0
Training epoch 0 | loss: 0.46729 - accuracy: 0.76257
Validating epoch 0 | loss: 0.32813 - accuracy: 0.85894
Training epoch 1 | loss: 0.23684 - accuracy: 0.90939
Validating epoch 1 | loss: 0.35656 - accuracy: 0.86124
Training epoch 2 | loss: 0.14712 - accuracy: 0.95159
Validating epoch 2 | loss: 0.36903 - accuracy: 0.87041
Training epoch 3 | loss: 0.08932 - accuracy: 0.97211
Validating epoch 3 | loss: 0.38753 - accuracy: 0.87271
Model is Bert, dataset is sst, undersample is False, aug mode is trans, geo is 0.9, pct_usage is None, small_label is 0, small_prop is 0.7, balance_seed is 1, max_epochs is 4, split_num is 0
Training epoch 0 | loss: 0.44296 - accuracy: 0.7763
Validating epoch 0 | loss: 0.32734 - accuracy: 0.86927
Training epoch 1 | loss: 0.19057 - accuracy: 0.93121
Validating epoch 1 | loss: 0.37459 - accuracy: 0.85665
Training epoch 2 | loss: 0.09193 - accuracy: 0.96835
Validating epoch 2 | loss: 0.42799 - accuracy: 0.87615
Training epoch 3 | loss: 0.04703 - accuracy: 0.98685
Validating epoch 3 | loss: 0.48682 - accuracy: 0.86927
Model is Bert, dataset is sst, undersample is False, aug mode is None, geo is 0.5, pct_usage is None, small_label is 1, small_prop is 0.7, balance_seed is 1, max_epochs is 4, split_num is 0
Training epoch 0 | loss: 0.44213 - accuracy: 0.77847
Validating epoch 0 | loss: 0.31273 - accuracy: 0.87615
Training epoch 1 | loss: 0.17373 - accuracy: 0.93829
Validating epoch 1 | loss: 0.31351 - accuracy: 0.88188
Training epoch 2 | loss: 0.07238 - accuracy: 0.97616
Validating epoch 2 | loss: 0.42758 - accuracy: 0.88303
Training epoch 3 | loss: 0.03579 - accuracy: 0.99075
Validating epoch 3 | loss: 0.47409 - accuracy: 0.88303
Model is Bert, dataset is sst, undersample is True, aug mode is None, geo is 0.5, pct_usage is None, small_label is 1, small_prop is 0.7, balance_seed is 1, max_epochs is 4, split_num is 0
Training epoch 0 | loss: 0.43777 - accuracy: 0.78512
Validating epoch 0 | loss: 0.33079 - accuracy: 0.87041
Training epoch 1 | loss: 0.14932 - accuracy: 0.94754
Validating epoch 1 | loss: 0.35508 - accuracy: 0.88532
Training epoch 2 | loss: 0.05959 - accuracy: 0.9815
Validating epoch 2 | loss: 0.40982 - accuracy: 0.88761
Training epoch 3 | loss: 0.02772 - accuracy: 0.99379
Validating epoch 3 | loss: 0.48275 - accuracy: 0.88303
Model is Bert, dataset is sst, undersample is False, aug mode is trans, geo is 0.1, pct_usage is None, small_label is 1, small_prop is 0.7, balance_seed is 1, max_epochs is 4, split_num is 0
Training epoch 0 | loss: 0.44931 - accuracy: 0.77572
Validating epoch 0 | loss: 0.40519 - accuracy: 0.83486
Training epoch 1 | loss: 0.22453 - accuracy: 0.91358
Validating epoch 1 | loss: 0.34571 - accuracy: 0.875
Training epoch 2 | loss: 0.13867 - accuracy: 0.9474
Validating epoch 2 | loss: 0.3928 - accuracy: 0.86812
Training epoch 3 | loss: 0.10067 - accuracy: 0.96662
Validating epoch 3 | loss: 0.43542 - accuracy: 0.86583
Model is Bert, dataset is sst, undersample is False, aug mode is trans, geo is 0.3, pct_usage is None, small_label is 1, small_prop is 0.7, balance_seed is 1, max_epochs is 4, split_num is 0
Training epoch 0 | loss: 0.46291 - accuracy: 0.76763
Validating epoch 0 | loss: 0.32857 - accuracy: 0.86239
Training epoch 1 | loss: 0.23527 - accuracy: 0.90867
Validating epoch 1 | loss: 0.332 - accuracy: 0.86583
Training epoch 2 | loss: 0.14383 - accuracy: 0.94957
Validating epoch 2 | loss: 0.44552 - accuracy: 0.84977
Training epoch 3 | loss: 0.0931 - accuracy: 0.96893
Validating epoch 3 | loss: 0.45517 - accuracy: 0.86468
Model is Bert, dataset is sst, undersample is False, aug mode is trans, geo is 0.5, pct_usage is None, small_label is 1, small_prop is 0.7, balance_seed is 1, max_epochs is 4, split_num is 0
Training epoch 0 | loss: 0.49063 - accuracy: 0.7461
Validating epoch 0 | loss: 0.31937 - accuracy: 0.86812
Training epoch 1 | loss: 0.25256 - accuracy: 0.89986
Validating epoch 1 | loss: 0.34434 - accuracy: 0.86697
Training epoch 2 | loss: 0.14509 - accuracy: 0.94783
Validating epoch 2 | loss: 0.38967 - accuracy: 0.87959
Training epoch 3 | loss: 0.10316 - accuracy: 0.96344
Validating epoch 3 | loss: 0.42965 - accuracy: 0.87844
Model is Bert, dataset is sst, undersample is False, aug mode is trans, geo is 0.7, pct_usage is None, small_label is 1, small_prop is 0.7, balance_seed is 1, max_epochs is 4, split_num is 0
Training epoch 0 | loss: 0.46287 - accuracy: 0.76214
Validating epoch 0 | loss: 0.33099 - accuracy: 0.85894
Training epoch 1 | loss: 0.21583 - accuracy: 0.91358
Validating epoch 1 | loss: 0.33666 - accuracy: 0.87615
Training epoch 2 | loss: 0.11814 - accuracy: 0.96098
Validating epoch 2 | loss: 0.41431 - accuracy: 0.875
Training epoch 3 | loss: 0.07644 - accuracy: 0.97558
Validating epoch 3 | loss: 0.46241 - accuracy: 0.875
Model is Bert, dataset is sst, undersample is False, aug mode is trans, geo is 0.9, pct_usage is None, small_label is 1, small_prop is 0.7, balance_seed is 1, max_epochs is 4, split_num is 0
Training epoch 0 | loss: 0.44794 - accuracy: 0.78078
Validating epoch 0 | loss: 0.32801 - accuracy: 0.86697
Training epoch 1 | loss: 0.20926 - accuracy: 0.91994
Validating epoch 1 | loss: 0.34328 - accuracy: 0.87041
Training epoch 2 | loss: 0.10216 - accuracy: 0.96633
Validating epoch 2 | loss: 0.42051 - accuracy: 0.87041
Training epoch 3 | loss: 0.06712 - accuracy: 0.97948
Validating epoch 3 | loss: 0.41911 - accuracy: 0.87615
Model is Bert, dataset is sst, undersample is False, aug mode is None, geo is 0.5, pct_usage is None, small_label is 0, small_prop is 0.9, balance_seed is 1, max_epochs is 4, split_num is 0
Training epoch 0 | loss: 0.45508 - accuracy: 0.77139
Validating epoch 0 | loss: 0.34365 - accuracy: 0.86353
Training epoch 1 | loss: 0.20282 - accuracy: 0.92341
Validating epoch 1 | loss: 0.33626 - accuracy: 0.87385
Training epoch 2 | loss: 0.09169 - accuracy: 0.97197
Validating epoch 2 | loss: 0.39059 - accuracy: 0.88073
Training epoch 3 | loss: 0.0503 - accuracy: 0.98598
Validating epoch 3 | loss: 0.44611 - accuracy: 0.87959
Model is Bert, dataset is sst, undersample is True, aug mode is None, geo is 0.5, pct_usage is None, small_label is 0, small_prop is 0.9, balance_seed is 1, max_epochs is 4, split_num is 0
Training epoch 0 | loss: 0.44303 - accuracy: 0.77038
Validating epoch 0 | loss: 0.3102 - accuracy: 0.87729
Training epoch 1 | loss: 0.18268 - accuracy: 0.93526
Validating epoch 1 | loss: 0.34232 - accuracy: 0.87041
Training epoch 2 | loss: 0.08839 - accuracy: 0.97269
Validating epoch 2 | loss: 0.38824 - accuracy: 0.87615
Training epoch 3 | loss: 0.04063 - accuracy: 0.99032
Validating epoch 3 | loss: 0.4319 - accuracy: 0.88073
Model is Bert, dataset is sst, undersample is False, aug mode is trans, geo is 0.1, pct_usage is None, small_label is 0, small_prop is 0.9, balance_seed is 1, max_epochs is 4, split_num is 0
Training epoch 0 | loss: 0.42936 - accuracy: 0.79393
Validating epoch 0 | loss: 0.36918 - accuracy: 0.84404
Training epoch 1 | loss: 0.22964 - accuracy: 0.91171
Validating epoch 1 | loss: 0.43441 - accuracy: 0.82913
Training epoch 2 | loss: 0.16108 - accuracy: 0.94176
Validating epoch 2 | loss: 0.42362 - accuracy: 0.85092
Training epoch 3 | loss: 0.10204 - accuracy: 0.9659
Validating epoch 3 | loss: 0.44428 - accuracy: 0.85436
Model is Bert, dataset is sst, undersample is False, aug mode is trans, geo is 0.3, pct_usage is None, small_label is 0, small_prop is 0.9, balance_seed is 1, max_epochs is 4, split_num is 0
Training epoch 0 | loss: 0.46316 - accuracy: 0.76199
Validating epoch 0 | loss: 0.35109 - accuracy: 0.86009
Training epoch 1 | loss: 0.25073 - accuracy: 0.89942
Validating epoch 1 | loss: 0.35378 - accuracy: 0.87615
Training epoch 2 | loss: 0.16794 - accuracy: 0.93858
Validating epoch 2 | loss: 0.36894 - accuracy: 0.87041
Training epoch 3 | loss: 0.11435 - accuracy: 0.96257
Validating epoch 3 | loss: 0.39883 - accuracy: 0.87959
Model is Bert, dataset is sst, undersample is False, aug mode is trans, geo is 0.5, pct_usage is None, small_label is 0, small_prop is 0.9, balance_seed is 1, max_epochs is 4, split_num is 0
Training epoch 0 | loss: 0.46851 - accuracy: 0.75968
Validating epoch 0 | loss: 0.34118 - accuracy: 0.86468
Training epoch 1 | loss: 0.25642 - accuracy: 0.90361
Validating epoch 1 | loss: 0.32203 - accuracy: 0.87844
Training epoch 2 | loss: 0.16167 - accuracy: 0.94711
Validating epoch 2 | loss: 0.36837 - accuracy: 0.87844
Training epoch 3 | loss: 0.11762 - accuracy: 0.96199
Validating epoch 3 | loss: 0.38753 - accuracy: 0.87729
Model is Bert, dataset is sst, undersample is False, aug mode is trans, geo is 0.7, pct_usage is None, small_label is 0, small_prop is 0.9, balance_seed is 1, max_epochs is 4, split_num is 0
Training epoch 0 | loss: 0.47434 - accuracy: 0.76301
Validating epoch 0 | loss: 0.32207 - accuracy: 0.86583
Training epoch 1 | loss: 0.25665 - accuracy: 0.90217
Validating epoch 1 | loss: 0.32208 - accuracy: 0.87156
Training epoch 2 | loss: 0.16379 - accuracy: 0.94162
Validating epoch 2 | loss: 0.33899 - accuracy: 0.87615
Training epoch 3 | loss: 0.11228 - accuracy: 0.96171
Validating epoch 3 | loss: 0.36873 - accuracy: 0.88073
Model is Bert, dataset is sst, undersample is False, aug mode is trans, geo is 0.9, pct_usage is None, small_label is 0, small_prop is 0.9, balance_seed is 1, max_epochs is 4, split_num is 0
Training epoch 0 | loss: 0.45661 - accuracy: 0.76604
Validating epoch 0 | loss: 0.34166 - accuracy: 0.86927
Training epoch 1 | loss: 0.21972 - accuracy: 0.91763
Validating epoch 1 | loss: 0.35569 - accuracy: 0.86124
Training epoch 2 | loss: 0.11653 - accuracy: 0.96185
Validating epoch 2 | loss: 0.38896 - accuracy: 0.87156
Training epoch 3 | loss: 0.0736 - accuracy: 0.97775
Validating epoch 3 | loss: 0.41879 - accuracy: 0.87729
Model is Bert, dataset is sst, undersample is False, aug mode is None, geo is 0.5, pct_usage is None, small_label is 1, small_prop is 0.9, balance_seed is 1, max_epochs is 4, split_num is 0
Training epoch 0 | loss: 0.43537 - accuracy: 0.78815
Validating epoch 0 | loss: 0.34943 - accuracy: 0.86009
Training epoch 1 | loss: 0.18868 - accuracy: 0.92905
Validating epoch 1 | loss: 0.30726 - accuracy: 0.88761
Training epoch 2 | loss: 0.08748 - accuracy: 0.97225
Validating epoch 2 | loss: 0.4161 - accuracy: 0.87959
Training epoch 3 | loss: 0.04393 - accuracy: 0.98757
Validating epoch 3 | loss: 0.4478 - accuracy: 0.88073
Model is Bert, dataset is sst, undersample is True, aug mode is None, geo is 0.5, pct_usage is None, small_label is 1, small_prop is 0.9, balance_seed is 1, max_epochs is 4, split_num is 0
Training epoch 0 | loss: 0.43805 - accuracy: 0.79306
Validating epoch 0 | loss: 0.30701 - accuracy: 0.88073
Training epoch 1 | loss: 0.21044 - accuracy: 0.92254
Validating epoch 1 | loss: 0.29524 - accuracy: 0.89106
Training epoch 2 | loss: 0.09729 - accuracy: 0.96908
Validating epoch 2 | loss: 0.39317 - accuracy: 0.88876
Training epoch 3 | loss: 0.05476 - accuracy: 0.98353
Validating epoch 3 | loss: 0.42561 - accuracy: 0.88761
Model is Bert, dataset is sst, undersample is False, aug mode is trans, geo is 0.1, pct_usage is None, small_label is 1, small_prop is 0.9, balance_seed is 1, max_epochs is 4, split_num is 0
Training epoch 0 | loss: 0.44469 - accuracy: 0.77428
Validating epoch 0 | loss: 0.34756 - accuracy: 0.86812
Training epoch 1 | loss: 0.22182 - accuracy: 0.91286
Validating epoch 1 | loss: 0.37957 - accuracy: 0.87271
Training epoch 2 | loss: 0.13551 - accuracy: 0.95145
Validating epoch 2 | loss: 0.39087 - accuracy: 0.86239
Training epoch 3 | loss: 0.08902 - accuracy: 0.97038
Validating epoch 3 | loss: 0.44722 - accuracy: 0.86583
Model is Bert, dataset is sst, undersample is False, aug mode is trans, geo is 0.3, pct_usage is None, small_label is 1, small_prop is 0.9, balance_seed is 1, max_epochs is 4, split_num is 0
Training epoch 0 | loss: 0.44498 - accuracy: 0.7815
Validating epoch 0 | loss: 0.38379 - accuracy: 0.84518
Training epoch 1 | loss: 0.23469 - accuracy: 0.90694
Validating epoch 1 | loss: 0.35598 - accuracy: 0.87041
Training epoch 2 | loss: 0.153 - accuracy: 0.9461
Validating epoch 2 | loss: 0.38999 - accuracy: 0.86583
Training epoch 3 | loss: 0.10855 - accuracy: 0.9646
Validating epoch 3 | loss: 0.4265 - accuracy: 0.86353
Model is Bert, dataset is sst, undersample is False, aug mode is trans, geo is 0.5, pct_usage is None, small_label is 1, small_prop is 0.9, balance_seed is 1, max_epochs is 4, split_num is 0
Training epoch 0 | loss: 0.47947 - accuracy: 0.75694
Validating epoch 0 | loss: 0.33283 - accuracy: 0.86239
Training epoch 1 | loss: 0.25679 - accuracy: 0.89913
Validating epoch 1 | loss: 0.32794 - accuracy: 0.88188
Training epoch 2 | loss: 0.16929 - accuracy: 0.94176
Validating epoch 2 | loss: 0.3626 - accuracy: 0.88073
Training epoch 3 | loss: 0.1138 - accuracy: 0.96084
Validating epoch 3 | loss: 0.41322 - accuracy: 0.87729
Model is Bert, dataset is sst, undersample is False, aug mode is trans, geo is 0.7, pct_usage is None, small_label is 1, small_prop is 0.9, balance_seed is 1, max_epochs is 4, split_num is 0
Training epoch 0 | loss: 0.46026 - accuracy: 0.76951
Validating epoch 0 | loss: 0.31993 - accuracy: 0.88303
Training epoch 1 | loss: 0.24324 - accuracy: 0.90462
Validating epoch 1 | loss: 0.32258 - accuracy: 0.88188
Training epoch 2 | loss: 0.14556 - accuracy: 0.95043
Validating epoch 2 | loss: 0.37585 - accuracy: 0.88073
Training epoch 3 | loss: 0.09432 - accuracy: 0.97023
Validating epoch 3 | loss: 0.43724 - accuracy: 0.87959
Model is Bert, dataset is sst, undersample is False, aug mode is trans, geo is 0.9, pct_usage is None, small_label is 1, small_prop is 0.9, balance_seed is 1, max_epochs is 4, split_num is 0
Training epoch 0 | loss: 0.44102 - accuracy: 0.77572
Validating epoch 0 | loss: 0.31775 - accuracy: 0.87615
Training epoch 1 | loss: 0.21514 - accuracy: 0.91705
Validating epoch 1 | loss: 0.30697 - accuracy: 0.88876
Training epoch 2 | loss: 0.1125 - accuracy: 0.96098
Validating epoch 2 | loss: 0.37781 - accuracy: 0.88876
Training epoch 3 | loss: 0.07086 - accuracy: 0.97832
Validating epoch 3 | loss: 0.40449 - accuracy: 0.88876
