Model is Bert, dataset is sst, undersample is False, aug mode is None, geo is 0.5, pct_usage is None, small_label is 0, small_prop is 0.1, balance_seed is 0, max_epochs is 4, split_num is 0
Training epoch 0 | loss: 0.30459 - accuracy: 0.85289
Validating epoch 0 | loss: 0.98158 - accuracy: 0.74312
Training epoch 1 | loss: 0.03768 - accuracy: 0.99032
Validating epoch 1 | loss: 1.09778 - accuracy: 0.74083
Training epoch 2 | loss: 0.01308 - accuracy: 0.99624
Validating epoch 2 | loss: 1.2487 - accuracy: 0.73739
Training epoch 3 | loss: 0.00658 - accuracy: 0.99783
Validating epoch 3 | loss: 1.43658 - accuracy: 0.72248
Model is Bert, dataset is sst, undersample is True, aug mode is None, geo is 0.5, pct_usage is None, small_label is 0, small_prop is 0.1, balance_seed is 0, max_epochs is 4, split_num is 0
Training epoch 0 | loss: 0.29026 - accuracy: 0.84263
Validating epoch 0 | loss: 0.69189 - accuracy: 0.81193
Training epoch 1 | loss: 0.01647 - accuracy: 0.99668
Validating epoch 1 | loss: 0.7038 - accuracy: 0.84404
Training epoch 2 | loss: 0.00259 - accuracy: 1.0
Validating epoch 2 | loss: 0.81279 - accuracy: 0.83601
Training epoch 3 | loss: 0.00255 - accuracy: 0.99986
Validating epoch 3 | loss: 0.79486 - accuracy: 0.84174
Model is Bert, dataset is sst, undersample is False, aug mode is trans, geo is 0.1, pct_usage is None, small_label is 0, small_prop is 0.1, balance_seed is 0, max_epochs is 4, split_num is 0
Training epoch 0 | loss: 0.41044 - accuracy: 0.79595
Validating epoch 0 | loss: 0.45789 - accuracy: 0.83257
Training epoch 1 | loss: 0.12518 - accuracy: 0.95838
Validating epoch 1 | loss: 0.85332 - accuracy: 0.76032
Training epoch 2 | loss: 0.0521 - accuracy: 0.98367
Validating epoch 2 | loss: 0.7555 - accuracy: 0.80734
Training epoch 3 | loss: 0.03054 - accuracy: 0.99147
Validating epoch 3 | loss: 0.78206 - accuracy: 0.82225
Model is Bert, dataset is sst, undersample is False, aug mode is trans, geo is 0.3, pct_usage is None, small_label is 0, small_prop is 0.1, balance_seed is 0, max_epochs is 4, split_num is 0
Training epoch 0 | loss: 0.41078 - accuracy: 0.79812
Validating epoch 0 | loss: 0.56298 - accuracy: 0.80275
Training epoch 1 | loss: 0.14862 - accuracy: 0.95087
Validating epoch 1 | loss: 0.54048 - accuracy: 0.82913
Training epoch 2 | loss: 0.06886 - accuracy: 0.97803
Validating epoch 2 | loss: 0.62952 - accuracy: 0.81881
Training epoch 3 | loss: 0.04287 - accuracy: 0.98887
Validating epoch 3 | loss: 0.72407 - accuracy: 0.80849
Model is Bert, dataset is sst, undersample is False, aug mode is trans, geo is 0.5, pct_usage is None, small_label is 0, small_prop is 0.1, balance_seed is 0, max_epochs is 4, split_num is 0
Training epoch 0 | loss: 0.40562 - accuracy: 0.79725
Validating epoch 0 | loss: 0.53895 - accuracy: 0.81193
Training epoch 1 | loss: 0.13491 - accuracy: 0.95535
Validating epoch 1 | loss: 0.62527 - accuracy: 0.80275
Training epoch 2 | loss: 0.0659 - accuracy: 0.98092
Validating epoch 2 | loss: 0.71596 - accuracy: 0.80619
Training epoch 3 | loss: 0.04706 - accuracy: 0.98627
Validating epoch 3 | loss: 0.67786 - accuracy: 0.80619
Model is Bert, dataset is sst, undersample is False, aug mode is trans, geo is 0.7, pct_usage is None, small_label is 0, small_prop is 0.1, balance_seed is 0, max_epochs is 4, split_num is 0
Training epoch 0 | loss: 0.36697 - accuracy: 0.82066
Validating epoch 0 | loss: 0.518 - accuracy: 0.82225
Training epoch 1 | loss: 0.09929 - accuracy: 0.96951
Validating epoch 1 | loss: 0.65363 - accuracy: 0.80849
Training epoch 2 | loss: 0.05973 - accuracy: 0.98251
Validating epoch 2 | loss: 0.75584 - accuracy: 0.79358
Training epoch 3 | loss: 0.03515 - accuracy: 0.99061
Validating epoch 3 | loss: 0.72306 - accuracy: 0.8039
Model is Bert, dataset is sst, undersample is False, aug mode is trans, geo is 0.9, pct_usage is None, small_label is 0, small_prop is 0.1, balance_seed is 0, max_epochs is 4, split_num is 0
Training epoch 0 | loss: 0.36739 - accuracy: 0.81127
Validating epoch 0 | loss: 0.50251 - accuracy: 0.82798
Training epoch 1 | loss: 0.06731 - accuracy: 0.98064
Validating epoch 1 | loss: 0.55131 - accuracy: 0.83142
Training epoch 2 | loss: 0.04058 - accuracy: 0.98945
Validating epoch 2 | loss: 0.78737 - accuracy: 0.80046
Training epoch 3 | loss: 0.03325 - accuracy: 0.99191
Validating epoch 3 | loss: 0.79683 - accuracy: 0.79358
Model is Bert, dataset is sst, undersample is False, aug mode is None, geo is 0.5, pct_usage is None, small_label is 1, small_prop is 0.1, balance_seed is 0, max_epochs is 4, split_num is 0
Training epoch 0 | loss: 0.35852 - accuracy: 0.82919
Validating epoch 0 | loss: 0.57192 - accuracy: 0.80619
Training epoch 1 | loss: 0.06236 - accuracy: 0.98468
Validating epoch 1 | loss: 0.84444 - accuracy: 0.77867
Training epoch 2 | loss: 0.02789 - accuracy: 0.9922
Validating epoch 2 | loss: 0.74841 - accuracy: 0.82454
Training epoch 3 | loss: 0.01258 - accuracy: 0.99668
Validating epoch 3 | loss: 0.90408 - accuracy: 0.79817
Model is Bert, dataset is sst, undersample is True, aug mode is None, geo is 0.5, pct_usage is None, small_label is 1, small_prop is 0.1, balance_seed is 0, max_epochs is 4, split_num is 0
Training epoch 0 | loss: 0.28779 - accuracy: 0.85188
Validating epoch 0 | loss: 0.70053 - accuracy: 0.81995
Training epoch 1 | loss: 0.01024 - accuracy: 0.99783
Validating epoch 1 | loss: 0.9127 - accuracy: 0.81766
Training epoch 2 | loss: 0.00161 - accuracy: 0.99971
Validating epoch 2 | loss: 0.82652 - accuracy: 0.84748
Training epoch 3 | loss: 0.00085 - accuracy: 1.0
Validating epoch 3 | loss: 0.85714 - accuracy: 0.84977
Model is Bert, dataset is sst, undersample is False, aug mode is trans, geo is 0.1, pct_usage is None, small_label is 1, small_prop is 0.1, balance_seed is 0, max_epochs is 4, split_num is 0
Training epoch 0 | loss: 0.4103 - accuracy: 0.80462
Validating epoch 0 | loss: 0.4414 - accuracy: 0.81422
Training epoch 1 | loss: 0.13805 - accuracy: 0.95275
Validating epoch 1 | loss: 0.50199 - accuracy: 0.84748
Training epoch 2 | loss: 0.06756 - accuracy: 0.97977
Validating epoch 2 | loss: 0.58146 - accuracy: 0.84289
Training epoch 3 | loss: 0.03748 - accuracy: 0.98988
Validating epoch 3 | loss: 0.58686 - accuracy: 0.84977
Model is Bert, dataset is sst, undersample is False, aug mode is trans, geo is 0.3, pct_usage is None, small_label is 1, small_prop is 0.1, balance_seed is 0, max_epochs is 4, split_num is 0
Training epoch 0 | loss: 0.40913 - accuracy: 0.79249
Validating epoch 0 | loss: 0.3873 - accuracy: 0.85321
Training epoch 1 | loss: 0.10825 - accuracy: 0.96474
Validating epoch 1 | loss: 0.52598 - accuracy: 0.84174
Training epoch 2 | loss: 0.05041 - accuracy: 0.9854
Validating epoch 2 | loss: 0.52328 - accuracy: 0.8555
Training epoch 3 | loss: 0.02947 - accuracy: 0.99176
Validating epoch 3 | loss: 0.55155 - accuracy: 0.85321
Model is Bert, dataset is sst, undersample is False, aug mode is trans, geo is 0.5, pct_usage is None, small_label is 1, small_prop is 0.1, balance_seed is 0, max_epochs is 4, split_num is 0
Training epoch 0 | loss: 0.40451 - accuracy: 0.79306
Validating epoch 0 | loss: 0.3664 - accuracy: 0.8578
Training epoch 1 | loss: 0.11226 - accuracy: 0.96243
Validating epoch 1 | loss: 0.50207 - accuracy: 0.84977
Training epoch 2 | loss: 0.04713 - accuracy: 0.9854
Validating epoch 2 | loss: 0.515 - accuracy: 0.86353
Training epoch 3 | loss: 0.02821 - accuracy: 0.99234
Validating epoch 3 | loss: 0.58178 - accuracy: 0.8555
Model is Bert, dataset is sst, undersample is False, aug mode is trans, geo is 0.7, pct_usage is None, small_label is 1, small_prop is 0.1, balance_seed is 0, max_epochs is 4, split_num is 0
Training epoch 0 | loss: 0.39342 - accuracy: 0.80506
Validating epoch 0 | loss: 0.3911 - accuracy: 0.86124
Training epoch 1 | loss: 0.10148 - accuracy: 0.96994
Validating epoch 1 | loss: 0.56347 - accuracy: 0.83142
Training epoch 2 | loss: 0.04962 - accuracy: 0.98569
Validating epoch 2 | loss: 0.60301 - accuracy: 0.8406
Training epoch 3 | loss: 0.03619 - accuracy: 0.98945
Validating epoch 3 | loss: 0.56076 - accuracy: 0.85206
Model is Bert, dataset is sst, undersample is False, aug mode is trans, geo is 0.9, pct_usage is None, small_label is 1, small_prop is 0.1, balance_seed is 0, max_epochs is 4, split_num is 0
Training epoch 0 | loss: 0.38116 - accuracy: 0.79928
Validating epoch 0 | loss: 0.43172 - accuracy: 0.84518
Training epoch 1 | loss: 0.07143 - accuracy: 0.97977
Validating epoch 1 | loss: 0.53164 - accuracy: 0.83372
Training epoch 2 | loss: 0.03888 - accuracy: 0.98988
Validating epoch 2 | loss: 0.54835 - accuracy: 0.84404
Training epoch 3 | loss: 0.0242 - accuracy: 0.99364
Validating epoch 3 | loss: 0.58127 - accuracy: 0.84977
Model is Bert, dataset is sst, undersample is False, aug mode is None, geo is 0.5, pct_usage is None, small_label is 0, small_prop is 0.3, balance_seed is 0, max_epochs is 4, split_num is 0
Training epoch 0 | loss: 0.39791 - accuracy: 0.81171
Validating epoch 0 | loss: 0.41045 - accuracy: 0.84404
Training epoch 1 | loss: 0.09075 - accuracy: 0.97225
Validating epoch 1 | loss: 0.54498 - accuracy: 0.84862
Training epoch 2 | loss: 0.03156 - accuracy: 0.99263
Validating epoch 2 | loss: 0.81552 - accuracy: 0.81995
Training epoch 3 | loss: 0.02138 - accuracy: 0.99523
Validating epoch 3 | loss: 0.71614 - accuracy: 0.83372
Model is Bert, dataset is sst, undersample is True, aug mode is None, geo is 0.5, pct_usage is None, small_label is 0, small_prop is 0.3, balance_seed is 0, max_epochs is 4, split_num is 0
Training epoch 0 | loss: 0.37534 - accuracy: 0.81069
Validating epoch 0 | loss: 0.45589 - accuracy: 0.84748
Training epoch 1 | loss: 0.0434 - accuracy: 0.98887
Validating epoch 1 | loss: 0.54344 - accuracy: 0.87156
Training epoch 2 | loss: 0.00988 - accuracy: 0.99841
Validating epoch 2 | loss: 0.6017 - accuracy: 0.87385
Training epoch 3 | loss: 0.00361 - accuracy: 0.99942
Validating epoch 3 | loss: 0.61271 - accuracy: 0.87729
Model is Bert, dataset is sst, undersample is False, aug mode is trans, geo is 0.1, pct_usage is None, small_label is 0, small_prop is 0.3, balance_seed is 0, max_epochs is 4, split_num is 0
Training epoch 0 | loss: 0.42158 - accuracy: 0.80376
Validating epoch 0 | loss: 0.44138 - accuracy: 0.83716
Training epoch 1 | loss: 0.1923 - accuracy: 0.93324
Validating epoch 1 | loss: 0.45038 - accuracy: 0.84518
Training epoch 2 | loss: 0.10663 - accuracy: 0.96474
Validating epoch 2 | loss: 0.5264 - accuracy: 0.83945
Training epoch 3 | loss: 0.06425 - accuracy: 0.98092
Validating epoch 3 | loss: 0.48619 - accuracy: 0.86353
Model is Bert, dataset is sst, undersample is False, aug mode is trans, geo is 0.3, pct_usage is None, small_label is 0, small_prop is 0.3, balance_seed is 0, max_epochs is 4, split_num is 0
Training epoch 0 | loss: 0.4983 - accuracy: 0.73757
Validating epoch 0 | loss: 0.3387 - accuracy: 0.85092
Training epoch 1 | loss: 0.22658 - accuracy: 0.91156
Validating epoch 1 | loss: 0.38061 - accuracy: 0.86697
Training epoch 2 | loss: 0.1188 - accuracy: 0.96142
Validating epoch 2 | loss: 0.46417 - accuracy: 0.85206
Training epoch 3 | loss: 0.07676 - accuracy: 0.97486
Validating epoch 3 | loss: 0.46456 - accuracy: 0.86124
Model is Bert, dataset is sst, undersample is False, aug mode is trans, geo is 0.5, pct_usage is None, small_label is 0, small_prop is 0.3, balance_seed is 0, max_epochs is 4, split_num is 0
Training epoch 0 | loss: 0.44622 - accuracy: 0.7789
Validating epoch 0 | loss: 0.32752 - accuracy: 0.87271
Training epoch 1 | loss: 0.19738 - accuracy: 0.92977
Validating epoch 1 | loss: 0.53599 - accuracy: 0.82225
Training epoch 2 | loss: 0.11616 - accuracy: 0.96199
Validating epoch 2 | loss: 0.43565 - accuracy: 0.85665
Training epoch 3 | loss: 0.07063 - accuracy: 0.97803
Validating epoch 3 | loss: 0.49483 - accuracy: 0.84977
Model is Bert, dataset is sst, undersample is False, aug mode is trans, geo is 0.7, pct_usage is None, small_label is 0, small_prop is 0.3, balance_seed is 0, max_epochs is 4, split_num is 0
Training epoch 0 | loss: 0.43896 - accuracy: 0.78757
Validating epoch 0 | loss: 0.41783 - accuracy: 0.84289
Training epoch 1 | loss: 0.1825 - accuracy: 0.93367
Validating epoch 1 | loss: 0.37668 - accuracy: 0.86583
Training epoch 2 | loss: 0.09269 - accuracy: 0.96936
Validating epoch 2 | loss: 0.48377 - accuracy: 0.8578
Training epoch 3 | loss: 0.06662 - accuracy: 0.98136
Validating epoch 3 | loss: 0.4842 - accuracy: 0.86124
Model is Bert, dataset is sst, undersample is False, aug mode is trans, geo is 0.9, pct_usage is None, small_label is 0, small_prop is 0.3, balance_seed is 0, max_epochs is 4, split_num is 0
Training epoch 0 | loss: 0.42005 - accuracy: 0.78728
Validating epoch 0 | loss: 0.37939 - accuracy: 0.85436
Training epoch 1 | loss: 0.15167 - accuracy: 0.94769
Validating epoch 1 | loss: 0.53618 - accuracy: 0.82798
Training epoch 2 | loss: 0.06667 - accuracy: 0.97919
Validating epoch 2 | loss: 0.5457 - accuracy: 0.84977
Training epoch 3 | loss: 0.04357 - accuracy: 0.98801
Validating epoch 3 | loss: 0.53328 - accuracy: 0.85092
Model is Bert, dataset is sst, undersample is False, aug mode is None, geo is 0.5, pct_usage is None, small_label is 1, small_prop is 0.3, balance_seed is 0, max_epochs is 4, split_num is 0
Training epoch 0 | loss: 0.4401 - accuracy: 0.77645
Validating epoch 0 | loss: 0.34836 - accuracy: 0.86124
Training epoch 1 | loss: 0.1194 - accuracy: 0.96228
Validating epoch 1 | loss: 0.45823 - accuracy: 0.86697
Training epoch 2 | loss: 0.03604 - accuracy: 0.99191
Validating epoch 2 | loss: 0.59469 - accuracy: 0.85206
Training epoch 3 | loss: 0.02051 - accuracy: 0.99624
Validating epoch 3 | loss: 0.60538 - accuracy: 0.84748
Model is Bert, dataset is sst, undersample is True, aug mode is None, geo is 0.5, pct_usage is None, small_label is 1, small_prop is 0.3, balance_seed is 0, max_epochs is 4, split_num is 0
Training epoch 0 | loss: 0.36802 - accuracy: 0.8172
Validating epoch 0 | loss: 0.45506 - accuracy: 0.86697
Training epoch 1 | loss: 0.05262 - accuracy: 0.98483
Validating epoch 1 | loss: 0.60384 - accuracy: 0.8578
Training epoch 2 | loss: 0.0106 - accuracy: 0.99769
Validating epoch 2 | loss: 0.69031 - accuracy: 0.85665
Training epoch 3 | loss: 0.00418 - accuracy: 0.99942
Validating epoch 3 | loss: 0.70179 - accuracy: 0.86353
Model is Bert, dataset is sst, undersample is False, aug mode is trans, geo is 0.1, pct_usage is None, small_label is 1, small_prop is 0.3, balance_seed is 0, max_epochs is 4, split_num is 0
Training epoch 0 | loss: 0.44568 - accuracy: 0.77023
Validating epoch 0 | loss: 0.38321 - accuracy: 0.84977
Training epoch 1 | loss: 0.19042 - accuracy: 0.93338
Validating epoch 1 | loss: 0.39252 - accuracy: 0.85321
Training epoch 2 | loss: 0.10486 - accuracy: 0.96416
Validating epoch 2 | loss: 0.42847 - accuracy: 0.86583
Training epoch 3 | loss: 0.06109 - accuracy: 0.98382
Validating epoch 3 | loss: 0.48488 - accuracy: 0.85894
Model is Bert, dataset is sst, undersample is False, aug mode is trans, geo is 0.3, pct_usage is None, small_label is 1, small_prop is 0.3, balance_seed is 0, max_epochs is 4, split_num is 0
Training epoch 0 | loss: 0.44852 - accuracy: 0.77948
Validating epoch 0 | loss: 0.33874 - accuracy: 0.85894
Training epoch 1 | loss: 0.19731 - accuracy: 0.92529
Validating epoch 1 | loss: 0.34462 - accuracy: 0.87844
Training epoch 2 | loss: 0.1075 - accuracy: 0.96344
Validating epoch 2 | loss: 0.40062 - accuracy: 0.87385
Training epoch 3 | loss: 0.05968 - accuracy: 0.9802
Validating epoch 3 | loss: 0.43393 - accuracy: 0.87844
Model is Bert, dataset is sst, undersample is False, aug mode is trans, geo is 0.5, pct_usage is None, small_label is 1, small_prop is 0.3, balance_seed is 0, max_epochs is 4, split_num is 0
Training epoch 0 | loss: 0.43742 - accuracy: 0.7724
Validating epoch 0 | loss: 0.359 - accuracy: 0.8555
Training epoch 1 | loss: 0.17367 - accuracy: 0.93656
Validating epoch 1 | loss: 0.37338 - accuracy: 0.87729
Training epoch 2 | loss: 0.08455 - accuracy: 0.97442
Validating epoch 2 | loss: 0.45588 - accuracy: 0.86468
Training epoch 3 | loss: 0.05674 - accuracy: 0.98237
Validating epoch 3 | loss: 0.4653 - accuracy: 0.87385
Model is Bert, dataset is sst, undersample is False, aug mode is trans, geo is 0.7, pct_usage is None, small_label is 1, small_prop is 0.3, balance_seed is 0, max_epochs is 4, split_num is 0
Training epoch 0 | loss: 0.45373 - accuracy: 0.76777
Validating epoch 0 | loss: 0.33426 - accuracy: 0.86468
Training epoch 1 | loss: 0.18159 - accuracy: 0.93439
Validating epoch 1 | loss: 0.41759 - accuracy: 0.8555
Training epoch 2 | loss: 0.09177 - accuracy: 0.97197
Validating epoch 2 | loss: 0.40257 - accuracy: 0.87041
Training epoch 3 | loss: 0.0607 - accuracy: 0.9828
Validating epoch 3 | loss: 0.44053 - accuracy: 0.86697
Model is Bert, dataset is sst, undersample is False, aug mode is trans, geo is 0.9, pct_usage is None, small_label is 1, small_prop is 0.3, balance_seed is 0, max_epochs is 4, split_num is 0
Training epoch 0 | loss: 0.44297 - accuracy: 0.76532
Validating epoch 0 | loss: 0.34107 - accuracy: 0.85894
Training epoch 1 | loss: 0.13736 - accuracy: 0.95246
Validating epoch 1 | loss: 0.42028 - accuracy: 0.87041
Training epoch 2 | loss: 0.05725 - accuracy: 0.98338
Validating epoch 2 | loss: 0.48174 - accuracy: 0.85894
Training epoch 3 | loss: 0.03598 - accuracy: 0.98988
Validating epoch 3 | loss: 0.46573 - accuracy: 0.87615
Model is Bert, dataset is sst, undersample is False, aug mode is None, geo is 0.5, pct_usage is None, small_label is 0, small_prop is 0.5, balance_seed is 0, max_epochs is 4, split_num is 0
Training epoch 0 | loss: 0.44614 - accuracy: 0.76908
Validating epoch 0 | loss: 0.33318 - accuracy: 0.86468
Training epoch 1 | loss: 0.1695 - accuracy: 0.93844
Validating epoch 1 | loss: 0.44752 - accuracy: 0.84862
Training epoch 2 | loss: 0.05969 - accuracy: 0.98136
Validating epoch 2 | loss: 0.47573 - accuracy: 0.87615
Training epoch 3 | loss: 0.03198 - accuracy: 0.99191
Validating epoch 3 | loss: 0.5417 - accuracy: 0.87271
Model is Bert, dataset is sst, undersample is True, aug mode is None, geo is 0.5, pct_usage is None, small_label is 0, small_prop is 0.5, balance_seed is 0, max_epochs is 4, split_num is 0
Training epoch 0 | loss: 0.40722 - accuracy: 0.7961
Validating epoch 0 | loss: 0.34862 - accuracy: 0.87844
Training epoch 1 | loss: 0.0964 - accuracy: 0.97038
Validating epoch 1 | loss: 0.42579 - accuracy: 0.88073
Training epoch 2 | loss: 0.02387 - accuracy: 0.99465
Validating epoch 2 | loss: 0.52843 - accuracy: 0.88073
Training epoch 3 | loss: 0.01136 - accuracy: 0.99754
Validating epoch 3 | loss: 0.53487 - accuracy: 0.88303
Model is Bert, dataset is sst, undersample is False, aug mode is trans, geo is 0.1, pct_usage is None, small_label is 0, small_prop is 0.5, balance_seed is 0, max_epochs is 4, split_num is 0
Training epoch 0 | loss: 0.44678 - accuracy: 0.78584
Validating epoch 0 | loss: 0.54586 - accuracy: 0.77867
Training epoch 1 | loss: 0.23476 - accuracy: 0.90925
Validating epoch 1 | loss: 0.33999 - accuracy: 0.86009
Training epoch 2 | loss: 0.14779 - accuracy: 0.94957
Validating epoch 2 | loss: 0.45798 - accuracy: 0.84862
Training epoch 3 | loss: 0.09744 - accuracy: 0.96821
Validating epoch 3 | loss: 0.43233 - accuracy: 0.85321
Model is Bert, dataset is sst, undersample is False, aug mode is trans, geo is 0.3, pct_usage is None, small_label is 0, small_prop is 0.5, balance_seed is 0, max_epochs is 4, split_num is 0
Training epoch 0 | loss: 0.45507 - accuracy: 0.76474
Validating epoch 0 | loss: 0.36996 - accuracy: 0.84633
Training epoch 1 | loss: 0.21742 - accuracy: 0.91561
Validating epoch 1 | loss: 0.38471 - accuracy: 0.84748
Training epoch 2 | loss: 0.13061 - accuracy: 0.95694
Validating epoch 2 | loss: 0.4362 - accuracy: 0.86697
Training epoch 3 | loss: 0.08172 - accuracy: 0.97514
Validating epoch 3 | loss: 0.45847 - accuracy: 0.86583
Model is Bert, dataset is sst, undersample is False, aug mode is trans, geo is 0.5, pct_usage is None, small_label is 0, small_prop is 0.5, balance_seed is 0, max_epochs is 4, split_num is 0
Training epoch 0 | loss: 0.44778 - accuracy: 0.78324
Validating epoch 0 | loss: 0.38126 - accuracy: 0.85206
Training epoch 1 | loss: 0.23008 - accuracy: 0.91142
Validating epoch 1 | loss: 0.38189 - accuracy: 0.87041
Training epoch 2 | loss: 0.1405 - accuracy: 0.95029
Validating epoch 2 | loss: 0.42924 - accuracy: 0.86124
Training epoch 3 | loss: 0.09893 - accuracy: 0.96763
Validating epoch 3 | loss: 0.42647 - accuracy: 0.86124
Model is Bert, dataset is sst, undersample is False, aug mode is trans, geo is 0.7, pct_usage is None, small_label is 0, small_prop is 0.5, balance_seed is 0, max_epochs is 4, split_num is 0
Training epoch 0 | loss: 0.48898 - accuracy: 0.75173
Validating epoch 0 | loss: 0.323 - accuracy: 0.87041
Training epoch 1 | loss: 0.22466 - accuracy: 0.91546
Validating epoch 1 | loss: 0.36953 - accuracy: 0.87156
Training epoch 2 | loss: 0.1245 - accuracy: 0.95925
Validating epoch 2 | loss: 0.39672 - accuracy: 0.86468
Training epoch 3 | loss: 0.08034 - accuracy: 0.97673
Validating epoch 3 | loss: 0.42849 - accuracy: 0.87041
Model is Bert, dataset is sst, undersample is False, aug mode is trans, geo is 0.9, pct_usage is None, small_label is 0, small_prop is 0.5, balance_seed is 0, max_epochs is 4, split_num is 0
Training epoch 0 | loss: 0.44767 - accuracy: 0.76734
Validating epoch 0 | loss: 0.35513 - accuracy: 0.86239
Training epoch 1 | loss: 0.18686 - accuracy: 0.93266
Validating epoch 1 | loss: 0.34593 - accuracy: 0.88303
Training epoch 2 | loss: 0.08252 - accuracy: 0.97428
Validating epoch 2 | loss: 0.42117 - accuracy: 0.86812
Training epoch 3 | loss: 0.05328 - accuracy: 0.98468
Validating epoch 3 | loss: 0.4498 - accuracy: 0.875
Model is Bert, dataset is sst, undersample is False, aug mode is None, geo is 0.5, pct_usage is None, small_label is 1, small_prop is 0.5, balance_seed is 0, max_epochs is 4, split_num is 0
Training epoch 0 | loss: 0.45751 - accuracy: 0.75491
Validating epoch 0 | loss: 0.31536 - accuracy: 0.875
Training epoch 1 | loss: 0.15785 - accuracy: 0.94379
Validating epoch 1 | loss: 0.38196 - accuracy: 0.87156
Training epoch 2 | loss: 0.04932 - accuracy: 0.98584
Validating epoch 2 | loss: 0.51756 - accuracy: 0.87156
Training epoch 3 | loss: 0.02811 - accuracy: 0.99335
Validating epoch 3 | loss: 0.49807 - accuracy: 0.875
Model is Bert, dataset is sst, undersample is True, aug mode is None, geo is 0.5, pct_usage is None, small_label is 1, small_prop is 0.5, balance_seed is 0, max_epochs is 4, split_num is 0
Training epoch 0 | loss: 0.43058 - accuracy: 0.77847
Validating epoch 0 | loss: 0.33804 - accuracy: 0.87615
Training epoch 1 | loss: 0.11673 - accuracy: 0.96055
Validating epoch 1 | loss: 0.41057 - accuracy: 0.87844
Training epoch 2 | loss: 0.03477 - accuracy: 0.99032
Validating epoch 2 | loss: 0.48664 - accuracy: 0.88532
Training epoch 3 | loss: 0.01494 - accuracy: 0.99711
Validating epoch 3 | loss: 0.5268 - accuracy: 0.87729
Model is Bert, dataset is sst, undersample is False, aug mode is trans, geo is 0.1, pct_usage is None, small_label is 1, small_prop is 0.5, balance_seed is 0, max_epochs is 4, split_num is 0
Training epoch 0 | loss: 0.44555 - accuracy: 0.77818
Validating epoch 0 | loss: 0.36802 - accuracy: 0.86583
Training epoch 1 | loss: 0.21082 - accuracy: 0.92168
Validating epoch 1 | loss: 0.3653 - accuracy: 0.87959
Training epoch 2 | loss: 0.12807 - accuracy: 0.95405
Validating epoch 2 | loss: 0.39637 - accuracy: 0.87271
Training epoch 3 | loss: 0.08263 - accuracy: 0.97543
Validating epoch 3 | loss: 0.42075 - accuracy: 0.87959
Model is Bert, dataset is sst, undersample is False, aug mode is trans, geo is 0.3, pct_usage is None, small_label is 1, small_prop is 0.5, balance_seed is 0, max_epochs is 4, split_num is 0
Training epoch 0 | loss: 0.46226 - accuracy: 0.76301
Validating epoch 0 | loss: 0.33375 - accuracy: 0.87156
Training epoch 1 | loss: 0.2248 - accuracy: 0.91691
Validating epoch 1 | loss: 0.36096 - accuracy: 0.87041
Training epoch 2 | loss: 0.136 - accuracy: 0.94855
Validating epoch 2 | loss: 0.36504 - accuracy: 0.86812
Training epoch 3 | loss: 0.08913 - accuracy: 0.97009
Validating epoch 3 | loss: 0.4228 - accuracy: 0.86812
Model is Bert, dataset is sst, undersample is False, aug mode is trans, geo is 0.5, pct_usage is None, small_label is 1, small_prop is 0.5, balance_seed is 0, max_epochs is 4, split_num is 0
Training epoch 0 | loss: 0.45972 - accuracy: 0.7672
Validating epoch 0 | loss: 0.35121 - accuracy: 0.86697
Training epoch 1 | loss: 0.21925 - accuracy: 0.91806
Validating epoch 1 | loss: 0.32612 - accuracy: 0.88532
Training epoch 2 | loss: 0.11979 - accuracy: 0.9591
Validating epoch 2 | loss: 0.38789 - accuracy: 0.88417
Training epoch 3 | loss: 0.082 - accuracy: 0.97399
Validating epoch 3 | loss: 0.41948 - accuracy: 0.88647
Model is Bert, dataset is sst, undersample is False, aug mode is trans, geo is 0.7, pct_usage is None, small_label is 1, small_prop is 0.5, balance_seed is 0, max_epochs is 4, split_num is 0
Training epoch 0 | loss: 0.4389 - accuracy: 0.78786
Validating epoch 0 | loss: 0.32812 - accuracy: 0.86812
Training epoch 1 | loss: 0.19829 - accuracy: 0.92558
Validating epoch 1 | loss: 0.325 - accuracy: 0.88303
Training epoch 2 | loss: 0.10053 - accuracy: 0.96763
Validating epoch 2 | loss: 0.41025 - accuracy: 0.87156
Training epoch 3 | loss: 0.06507 - accuracy: 0.98078
Validating epoch 3 | loss: 0.45462 - accuracy: 0.87271
Model is Bert, dataset is sst, undersample is False, aug mode is trans, geo is 0.9, pct_usage is None, small_label is 1, small_prop is 0.5, balance_seed is 0, max_epochs is 4, split_num is 0
Training epoch 0 | loss: 0.46249 - accuracy: 0.75882
Validating epoch 0 | loss: 0.32219 - accuracy: 0.86468
Training epoch 1 | loss: 0.19008 - accuracy: 0.93194
Validating epoch 1 | loss: 0.3657 - accuracy: 0.87729
Training epoch 2 | loss: 0.08646 - accuracy: 0.97211
Validating epoch 2 | loss: 0.39149 - accuracy: 0.88532
Training epoch 3 | loss: 0.04779 - accuracy: 0.98685
Validating epoch 3 | loss: 0.43761 - accuracy: 0.87156
Model is Bert, dataset is sst, undersample is False, aug mode is None, geo is 0.5, pct_usage is None, small_label is 0, small_prop is 0.7, balance_seed is 0, max_epochs is 4, split_num is 0
Training epoch 0 | loss: 0.45546 - accuracy: 0.76084
Validating epoch 0 | loss: 0.31902 - accuracy: 0.87385
Training epoch 1 | loss: 0.19412 - accuracy: 0.93049
Validating epoch 1 | loss: 0.33969 - accuracy: 0.88761
Training epoch 2 | loss: 0.08816 - accuracy: 0.97254
Validating epoch 2 | loss: 0.42529 - accuracy: 0.87615
Training epoch 3 | loss: 0.0418 - accuracy: 0.99017
Validating epoch 3 | loss: 0.46827 - accuracy: 0.88303
Model is Bert, dataset is sst, undersample is True, aug mode is None, geo is 0.5, pct_usage is None, small_label is 0, small_prop is 0.7, balance_seed is 0, max_epochs is 4, split_num is 0
Training epoch 0 | loss: 0.42912 - accuracy: 0.79451
Validating epoch 0 | loss: 0.32879 - accuracy: 0.87271
Training epoch 1 | loss: 0.15726 - accuracy: 0.94552
Validating epoch 1 | loss: 0.33233 - accuracy: 0.88188
Training epoch 2 | loss: 0.06292 - accuracy: 0.98237
Validating epoch 2 | loss: 0.40829 - accuracy: 0.88073
Training epoch 3 | loss: 0.0283 - accuracy: 0.99306
Validating epoch 3 | loss: 0.46452 - accuracy: 0.88417
Model is Bert, dataset is sst, undersample is False, aug mode is trans, geo is 0.1, pct_usage is None, small_label is 0, small_prop is 0.7, balance_seed is 0, max_epochs is 4, split_num is 0
Training epoch 0 | loss: 0.45682 - accuracy: 0.77514
Validating epoch 0 | loss: 0.41616 - accuracy: 0.8211
Training epoch 1 | loss: 0.23259 - accuracy: 0.90867
Validating epoch 1 | loss: 0.43032 - accuracy: 0.84289
Training epoch 2 | loss: 0.14159 - accuracy: 0.95014
Validating epoch 2 | loss: 0.41786 - accuracy: 0.85092
Training epoch 3 | loss: 0.09442 - accuracy: 0.97066
Validating epoch 3 | loss: 0.4757 - accuracy: 0.84977
Model is Bert, dataset is sst, undersample is False, aug mode is trans, geo is 0.3, pct_usage is None, small_label is 0, small_prop is 0.7, balance_seed is 0, max_epochs is 4, split_num is 0
Training epoch 0 | loss: 0.4713 - accuracy: 0.76358
Validating epoch 0 | loss: 0.33562 - accuracy: 0.85436
Training epoch 1 | loss: 0.24271 - accuracy: 0.90506
Validating epoch 1 | loss: 0.37785 - accuracy: 0.84289
Training epoch 2 | loss: 0.16311 - accuracy: 0.94494
Validating epoch 2 | loss: 0.38677 - accuracy: 0.86009
Training epoch 3 | loss: 0.11239 - accuracy: 0.96416
Validating epoch 3 | loss: 0.3934 - accuracy: 0.87041
Model is Bert, dataset is sst, undersample is False, aug mode is trans, geo is 0.5, pct_usage is None, small_label is 0, small_prop is 0.7, balance_seed is 0, max_epochs is 4, split_num is 0
Training epoch 0 | loss: 0.4615 - accuracy: 0.75665
Validating epoch 0 | loss: 0.3471 - accuracy: 0.85321
Training epoch 1 | loss: 0.23928 - accuracy: 0.90665
Validating epoch 1 | loss: 0.34915 - accuracy: 0.86927
Training epoch 2 | loss: 0.14675 - accuracy: 0.94971
Validating epoch 2 | loss: 0.41543 - accuracy: 0.86697
Training epoch 3 | loss: 0.09986 - accuracy: 0.96951
Validating epoch 3 | loss: 0.42943 - accuracy: 0.86583
Model is Bert, dataset is sst, undersample is False, aug mode is trans, geo is 0.7, pct_usage is None, small_label is 0, small_prop is 0.7, balance_seed is 0, max_epochs is 4, split_num is 0
Training epoch 0 | loss: 0.47455 - accuracy: 0.75607
Validating epoch 0 | loss: 0.40661 - accuracy: 0.83945
Training epoch 1 | loss: 0.24102 - accuracy: 0.90621
Validating epoch 1 | loss: 0.35756 - accuracy: 0.86583
Training epoch 2 | loss: 0.15151 - accuracy: 0.9474
Validating epoch 2 | loss: 0.3803 - accuracy: 0.875
Training epoch 3 | loss: 0.09346 - accuracy: 0.97124
Validating epoch 3 | loss: 0.41069 - accuracy: 0.87271
Model is Bert, dataset is sst, undersample is False, aug mode is trans, geo is 0.9, pct_usage is None, small_label is 0, small_prop is 0.7, balance_seed is 0, max_epochs is 4, split_num is 0
Training epoch 0 | loss: 0.44193 - accuracy: 0.77052
Validating epoch 0 | loss: 0.37065 - accuracy: 0.84862
Training epoch 1 | loss: 0.18737 - accuracy: 0.93396
Validating epoch 1 | loss: 0.36165 - accuracy: 0.8555
Training epoch 2 | loss: 0.08841 - accuracy: 0.97269
Validating epoch 2 | loss: 0.45827 - accuracy: 0.86812
Training epoch 3 | loss: 0.05233 - accuracy: 0.98512
Validating epoch 3 | loss: 0.48406 - accuracy: 0.87156
Model is Bert, dataset is sst, undersample is False, aug mode is None, geo is 0.5, pct_usage is None, small_label is 1, small_prop is 0.7, balance_seed is 0, max_epochs is 4, split_num is 0
Training epoch 0 | loss: 0.44097 - accuracy: 0.78396
Validating epoch 0 | loss: 0.30638 - accuracy: 0.86927
Training epoch 1 | loss: 0.17484 - accuracy: 0.93757
Validating epoch 1 | loss: 0.32367 - accuracy: 0.87959
Training epoch 2 | loss: 0.07389 - accuracy: 0.97616
Validating epoch 2 | loss: 0.39357 - accuracy: 0.88188
Training epoch 3 | loss: 0.03513 - accuracy: 0.99075
Validating epoch 3 | loss: 0.43033 - accuracy: 0.88876
Model is Bert, dataset is sst, undersample is True, aug mode is None, geo is 0.5, pct_usage is None, small_label is 1, small_prop is 0.7, balance_seed is 0, max_epochs is 4, split_num is 0
Training epoch 0 | loss: 0.43789 - accuracy: 0.77948
Validating epoch 0 | loss: 0.33801 - accuracy: 0.87385
Training epoch 1 | loss: 0.15616 - accuracy: 0.94509
Validating epoch 1 | loss: 0.36784 - accuracy: 0.88876
Training epoch 2 | loss: 0.0562 - accuracy: 0.98382
Validating epoch 2 | loss: 0.46433 - accuracy: 0.88876
Training epoch 3 | loss: 0.02925 - accuracy: 0.99263
Validating epoch 3 | loss: 0.50098 - accuracy: 0.88532
Model is Bert, dataset is sst, undersample is False, aug mode is trans, geo is 0.1, pct_usage is None, small_label is 1, small_prop is 0.7, balance_seed is 0, max_epochs is 4, split_num is 0
Training epoch 0 | loss: 0.44808 - accuracy: 0.77587
Validating epoch 0 | loss: 0.37778 - accuracy: 0.85894
Training epoch 1 | loss: 0.22611 - accuracy: 0.91098
Validating epoch 1 | loss: 0.36742 - accuracy: 0.85092
Training epoch 2 | loss: 0.14948 - accuracy: 0.94725
Validating epoch 2 | loss: 0.40103 - accuracy: 0.85321
Training epoch 3 | loss: 0.10079 - accuracy: 0.96561
Validating epoch 3 | loss: 0.43334 - accuracy: 0.85894
Model is Bert, dataset is sst, undersample is False, aug mode is trans, geo is 0.3, pct_usage is None, small_label is 1, small_prop is 0.7, balance_seed is 0, max_epochs is 4, split_num is 0
Training epoch 0 | loss: 0.45297 - accuracy: 0.77645
Validating epoch 0 | loss: 0.33301 - accuracy: 0.87271
Training epoch 1 | loss: 0.22827 - accuracy: 0.91185
Validating epoch 1 | loss: 0.31831 - accuracy: 0.88303
Training epoch 2 | loss: 0.12902 - accuracy: 0.95477
Validating epoch 2 | loss: 0.37335 - accuracy: 0.87959
Training epoch 3 | loss: 0.08942 - accuracy: 0.97225
Validating epoch 3 | loss: 0.40712 - accuracy: 0.87729
Model is Bert, dataset is sst, undersample is False, aug mode is trans, geo is 0.5, pct_usage is None, small_label is 1, small_prop is 0.7, balance_seed is 0, max_epochs is 4, split_num is 0
Training epoch 0 | loss: 0.48497 - accuracy: 0.74668
Validating epoch 0 | loss: 0.32541 - accuracy: 0.87156
Training epoch 1 | loss: 0.24868 - accuracy: 0.90159
Validating epoch 1 | loss: 0.34622 - accuracy: 0.87041
Training epoch 2 | loss: 0.15477 - accuracy: 0.94292
Validating epoch 2 | loss: 0.38651 - accuracy: 0.87729
Training epoch 3 | loss: 0.10118 - accuracy: 0.96618
Validating epoch 3 | loss: 0.43001 - accuracy: 0.87729
Model is Bert, dataset is sst, undersample is False, aug mode is trans, geo is 0.7, pct_usage is None, small_label is 1, small_prop is 0.7, balance_seed is 0, max_epochs is 4, split_num is 0
Training epoch 0 | loss: 0.45919 - accuracy: 0.76965
Validating epoch 0 | loss: 0.31 - accuracy: 0.87385
Training epoch 1 | loss: 0.22138 - accuracy: 0.91445
Validating epoch 1 | loss: 0.34044 - accuracy: 0.875
Training epoch 2 | loss: 0.12409 - accuracy: 0.95578
Validating epoch 2 | loss: 0.40008 - accuracy: 0.87385
Training epoch 3 | loss: 0.07348 - accuracy: 0.97587
Validating epoch 3 | loss: 0.42379 - accuracy: 0.87844
Model is Bert, dataset is sst, undersample is False, aug mode is trans, geo is 0.9, pct_usage is None, small_label is 1, small_prop is 0.7, balance_seed is 0, max_epochs is 4, split_num is 0
Training epoch 0 | loss: 0.44883 - accuracy: 0.77876
Validating epoch 0 | loss: 0.33204 - accuracy: 0.86353
Training epoch 1 | loss: 0.20753 - accuracy: 0.92341
Validating epoch 1 | loss: 0.31783 - accuracy: 0.875
Training epoch 2 | loss: 0.10467 - accuracy: 0.9659
Validating epoch 2 | loss: 0.34923 - accuracy: 0.88417
Training epoch 3 | loss: 0.06462 - accuracy: 0.98223
Validating epoch 3 | loss: 0.407 - accuracy: 0.87959
Model is Bert, dataset is sst, undersample is False, aug mode is None, geo is 0.5, pct_usage is None, small_label is 0, small_prop is 0.9, balance_seed is 0, max_epochs is 4, split_num is 0
Training epoch 0 | loss: 0.44592 - accuracy: 0.77471
Validating epoch 0 | loss: 0.32448 - accuracy: 0.86583
Training epoch 1 | loss: 0.2047 - accuracy: 0.92211
Validating epoch 1 | loss: 0.30663 - accuracy: 0.88647
Training epoch 2 | loss: 0.09553 - accuracy: 0.96792
Validating epoch 2 | loss: 0.3793 - accuracy: 0.88532
Training epoch 3 | loss: 0.0496 - accuracy: 0.98396
Validating epoch 3 | loss: 0.43802 - accuracy: 0.88991
Model is Bert, dataset is sst, undersample is True, aug mode is None, geo is 0.5, pct_usage is None, small_label is 0, small_prop is 0.9, balance_seed is 0, max_epochs is 4, split_num is 0
Training epoch 0 | loss: 0.4469 - accuracy: 0.77038
Validating epoch 0 | loss: 0.30695 - accuracy: 0.86353
Training epoch 1 | loss: 0.18824 - accuracy: 0.93208
Validating epoch 1 | loss: 0.30146 - accuracy: 0.88303
Training epoch 2 | loss: 0.08395 - accuracy: 0.97384
Validating epoch 2 | loss: 0.38168 - accuracy: 0.88532
Training epoch 3 | loss: 0.04111 - accuracy: 0.98916
Validating epoch 3 | loss: 0.42167 - accuracy: 0.88303
Model is Bert, dataset is sst, undersample is False, aug mode is trans, geo is 0.1, pct_usage is None, small_label is 0, small_prop is 0.9, balance_seed is 0, max_epochs is 4, split_num is 0
Training epoch 0 | loss: 0.4471 - accuracy: 0.78844
Validating epoch 0 | loss: 0.39783 - accuracy: 0.83028
Training epoch 1 | loss: 0.23931 - accuracy: 0.90665
Validating epoch 1 | loss: 0.42936 - accuracy: 0.83716
Training epoch 2 | loss: 0.14699 - accuracy: 0.94812
Validating epoch 2 | loss: 0.43323 - accuracy: 0.84633
Training epoch 3 | loss: 0.0993 - accuracy: 0.96835
Validating epoch 3 | loss: 0.4489 - accuracy: 0.85321
Model is Bert, dataset is sst, undersample is False, aug mode is trans, geo is 0.3, pct_usage is None, small_label is 0, small_prop is 0.9, balance_seed is 0, max_epochs is 4, split_num is 0
Training epoch 0 | loss: 0.46574 - accuracy: 0.75838
Validating epoch 0 | loss: 0.3323 - accuracy: 0.86009
Training epoch 1 | loss: 0.25631 - accuracy: 0.89769
Validating epoch 1 | loss: 0.35066 - accuracy: 0.86583
Training epoch 2 | loss: 0.16346 - accuracy: 0.93829
Validating epoch 2 | loss: 0.36151 - accuracy: 0.86927
Training epoch 3 | loss: 0.11379 - accuracy: 0.95925
Validating epoch 3 | loss: 0.4043 - accuracy: 0.87385
Model is Bert, dataset is sst, undersample is False, aug mode is trans, geo is 0.5, pct_usage is None, small_label is 0, small_prop is 0.9, balance_seed is 0, max_epochs is 4, split_num is 0
Training epoch 0 | loss: 0.47547 - accuracy: 0.75939
Validating epoch 0 | loss: 0.36015 - accuracy: 0.84977
Training epoch 1 | loss: 0.26441 - accuracy: 0.8948
Validating epoch 1 | loss: 0.32861 - accuracy: 0.87271
Training epoch 2 | loss: 0.16912 - accuracy: 0.94205
Validating epoch 2 | loss: 0.36231 - accuracy: 0.87041
Training epoch 3 | loss: 0.11602 - accuracy: 0.96243
Validating epoch 3 | loss: 0.39057 - accuracy: 0.86927
Model is Bert, dataset is sst, undersample is False, aug mode is trans, geo is 0.7, pct_usage is None, small_label is 0, small_prop is 0.9, balance_seed is 0, max_epochs is 4, split_num is 0
Training epoch 0 | loss: 0.48325 - accuracy: 0.75202
Validating epoch 0 | loss: 0.32767 - accuracy: 0.86353
Training epoch 1 | loss: 0.24278 - accuracy: 0.9078
Validating epoch 1 | loss: 0.33183 - accuracy: 0.87041
Training epoch 2 | loss: 0.1438 - accuracy: 0.95014
Validating epoch 2 | loss: 0.35594 - accuracy: 0.87385
Training epoch 3 | loss: 0.10032 - accuracy: 0.96893
Validating epoch 3 | loss: 0.39676 - accuracy: 0.87729
Model is Bert, dataset is sst, undersample is False, aug mode is trans, geo is 0.9, pct_usage is None, small_label is 0, small_prop is 0.9, balance_seed is 0, max_epochs is 4, split_num is 0
Training epoch 0 | loss: 0.46327 - accuracy: 0.76272
Validating epoch 0 | loss: 0.31627 - accuracy: 0.86927
Training epoch 1 | loss: 0.2229 - accuracy: 0.91257
Validating epoch 1 | loss: 0.32811 - accuracy: 0.87156
Training epoch 2 | loss: 0.12621 - accuracy: 0.95795
Validating epoch 2 | loss: 0.37372 - accuracy: 0.88073
Training epoch 3 | loss: 0.07467 - accuracy: 0.97789
Validating epoch 3 | loss: 0.41077 - accuracy: 0.87615
Model is Bert, dataset is sst, undersample is False, aug mode is None, geo is 0.5, pct_usage is None, small_label is 1, small_prop is 0.9, balance_seed is 0, max_epochs is 4, split_num is 0
Training epoch 0 | loss: 0.43744 - accuracy: 0.79711
Validating epoch 0 | loss: 0.33993 - accuracy: 0.86583
Training epoch 1 | loss: 0.19614 - accuracy: 0.92616
Validating epoch 1 | loss: 0.29639 - accuracy: 0.88073
Training epoch 2 | loss: 0.09232 - accuracy: 0.96951
Validating epoch 2 | loss: 0.36955 - accuracy: 0.88876
Training epoch 3 | loss: 0.04856 - accuracy: 0.98613
Validating epoch 3 | loss: 0.43147 - accuracy: 0.88532
Model is Bert, dataset is sst, undersample is True, aug mode is None, geo is 0.5, pct_usage is None, small_label is 1, small_prop is 0.9, balance_seed is 0, max_epochs is 4, split_num is 0
Training epoch 0 | loss: 0.45143 - accuracy: 0.7789
Validating epoch 0 | loss: 0.31726 - accuracy: 0.87385
Training epoch 1 | loss: 0.21117 - accuracy: 0.92428
Validating epoch 1 | loss: 0.34074 - accuracy: 0.86927
Training epoch 2 | loss: 0.10509 - accuracy: 0.96734
Validating epoch 2 | loss: 0.39216 - accuracy: 0.88417
Training epoch 3 | loss: 0.05618 - accuracy: 0.98584
Validating epoch 3 | loss: 0.43199 - accuracy: 0.88532
Model is Bert, dataset is sst, undersample is False, aug mode is trans, geo is 0.1, pct_usage is None, small_label is 1, small_prop is 0.9, balance_seed is 0, max_epochs is 4, split_num is 0
Training epoch 0 | loss: 0.44212 - accuracy: 0.77934
Validating epoch 0 | loss: 0.34153 - accuracy: 0.86239
Training epoch 1 | loss: 0.21413 - accuracy: 0.91618
Validating epoch 1 | loss: 0.34131 - accuracy: 0.86812
Training epoch 2 | loss: 0.13947 - accuracy: 0.95058
Validating epoch 2 | loss: 0.36449 - accuracy: 0.86927
Training epoch 3 | loss: 0.09078 - accuracy: 0.97066
Validating epoch 3 | loss: 0.42305 - accuracy: 0.87156
Model is Bert, dataset is sst, undersample is False, aug mode is trans, geo is 0.3, pct_usage is None, small_label is 1, small_prop is 0.9, balance_seed is 0, max_epochs is 4, split_num is 0
Training epoch 0 | loss: 0.44308 - accuracy: 0.78309
Validating epoch 0 | loss: 0.3224 - accuracy: 0.86009
Training epoch 1 | loss: 0.23501 - accuracy: 0.90809
Validating epoch 1 | loss: 0.34036 - accuracy: 0.87615
Training epoch 2 | loss: 0.14634 - accuracy: 0.95
Validating epoch 2 | loss: 0.36218 - accuracy: 0.87156
Training epoch 3 | loss: 0.10391 - accuracy: 0.96749
Validating epoch 3 | loss: 0.41853 - accuracy: 0.87729
Model is Bert, dataset is sst, undersample is False, aug mode is trans, geo is 0.5, pct_usage is None, small_label is 1, small_prop is 0.9, balance_seed is 0, max_epochs is 4, split_num is 0
Training epoch 0 | loss: 0.47423 - accuracy: 0.75896
Validating epoch 0 | loss: 0.32914 - accuracy: 0.86812
Training epoch 1 | loss: 0.24578 - accuracy: 0.90217
Validating epoch 1 | loss: 0.31785 - accuracy: 0.87615
Training epoch 2 | loss: 0.14605 - accuracy: 0.94812
Validating epoch 2 | loss: 0.41814 - accuracy: 0.86583
Training epoch 3 | loss: 0.10023 - accuracy: 0.96618
Validating epoch 3 | loss: 0.43807 - accuracy: 0.87729
Model is Bert, dataset is sst, undersample is False, aug mode is trans, geo is 0.7, pct_usage is None, small_label is 1, small_prop is 0.9, balance_seed is 0, max_epochs is 4, split_num is 0
Training epoch 0 | loss: 0.4693 - accuracy: 0.76142
Validating epoch 0 | loss: 0.31826 - accuracy: 0.86812
Training epoch 1 | loss: 0.24102 - accuracy: 0.90954
Validating epoch 1 | loss: 0.3349 - accuracy: 0.87271
Training epoch 2 | loss: 0.14598 - accuracy: 0.94942
Validating epoch 2 | loss: 0.37556 - accuracy: 0.87615
Training epoch 3 | loss: 0.09005 - accuracy: 0.97283
Validating epoch 3 | loss: 0.41228 - accuracy: 0.87385
Model is Bert, dataset is sst, undersample is False, aug mode is trans, geo is 0.9, pct_usage is None, small_label is 1, small_prop is 0.9, balance_seed is 0, max_epochs is 4, split_num is 0
Training epoch 0 | loss: 0.44759 - accuracy: 0.77327
Validating epoch 0 | loss: 0.33369 - accuracy: 0.86927
Training epoch 1 | loss: 0.21402 - accuracy: 0.92139
Validating epoch 1 | loss: 0.30751 - accuracy: 0.88761
Training epoch 2 | loss: 0.12156 - accuracy: 0.95824
Validating epoch 2 | loss: 0.35783 - accuracy: 0.88532
Training epoch 3 | loss: 0.07261 - accuracy: 0.9776
Validating epoch 3 | loss: 0.39657 - accuracy: 0.88303
